#
# A fatal error has been detected by the Java Runtime Environment:
#
#  EXCEPTION_ACCESS_VIOLATION (0xc0000005) at pc=0x000000006be42be0, pid=5816, tid=0x0000000000001624
#
# JRE version: Java(TM) SE Runtime Environment (8.0_111-b14) (build 1.8.0_111-b14)
# Java VM: Java HotSpot(TM) 64-Bit Server VM (25.111-b14 mixed mode windows-amd64 compressed oops)
# Problematic frame:
# C  0x000000006be42be0
#
# Failed to write core dump. Minidumps are not enabled by default on client versions of Windows
#
# If you would like to submit a bug report, please visit:
#   http://bugreport.java.com/bugreport/crash.jsp
# The crash happened outside the Java Virtual Machine in native code.
# See problematic frame for where to report the bug.
#

---------------  T H R E A D  ---------------

Current thread (0x0000000018c10000):  JavaThread "Secondary finalizer" [_thread_in_native, id=5668, stack(0x000000001c570000,0x000000001c670000)]

siginfo: ExceptionCode=0xc0000005, ExceptionInformation=0x0000000000000008 0x000000006be42be0

Registers:
RAX=0x000000006be42be0, RBX=0x0000000018a5be20, RCX=0x0000000018c101f8, RDX=0x000000001c66f0e8
RSP=0x000000001c66f048, RBP=0x000000001c66f0c8, RSI=0x0000000000000108, RDI=0x000000000000070f
R8 =0x0000000000000005, R9 =0x00000000f71a85c8, R10=0x000000000446848b, R11=0x0000000052d7b580
R12=0x0000000000000000, R13=0x0000000018a5be20, R14=0x000000001c66f0e8, R15=0x0000000018c10000
RIP=0x000000006be42be0, EFLAGS=0x0000000000010206

Top of Stack: (sp=0x000000001c66f048)
0x000000001c66f048:   00000000044684b7 000000001c66f0e9
0x000000001c66f058:   0000000052c0a598 000000001792fbe0
0x000000001c66f068:   0000000018c10000 000000001c66f150
0x000000001c66f078:   0000000000000000 00000000f71a85c8
0x000000001c66f088:   000000001c66f078 0000000000000000
0x000000001c66f098:   000000001c66f0e8 0000000018a88930
0x000000001c66f0a8:   0000000000000000 0000000018a5be20
0x000000001c66f0b8:   0000000000000000 000000001c66f0e8
0x000000001c66f0c8:   000000001c66f150 000000000445835d
0x000000001c66f0d8:   0000000000000000 00000000044619d8
0x000000001c66f0e8:   00000000f71a85c8 00000000f71a8600
0x000000001c66f0f8:   0000000000000000 0000000000000019
0x000000001c66f108:   00000000f71a85c8 000000001c66f0f0
0x000000001c66f118:   0000000018a56bfe 000000001c66f188
0x000000001c66f128:   0000000018a88140 0000000000000000
0x000000001c66f138:   0000000018a56c98 000000001c66f0e8 

Instructions: (pc=0x000000006be42be0)
0x000000006be42bc0:   
[error occurred during error reporting (printing registers, top of stack, instructions near pc), id 0xc0000005]

Register to memory mapping:

RAX=0x000000006be42be0 is an unknown value
RBX={method} {0x0000000018a5be28} 'free_functions' '()V' in 'org/sqlite/core/NativeDB'
RCX=0x0000000018c101f8 is an unknown value
RDX=0x000000001c66f0e8 is pointing into the stack for thread: 0x0000000018c10000
RSP=0x000000001c66f048 is pointing into the stack for thread: 0x0000000018c10000
RBP=0x000000001c66f0c8 is pointing into the stack for thread: 0x0000000018c10000
RSI=0x0000000000000108 is an unknown value
RDI=0x000000000000070f is an unknown value
R8 =0x0000000000000005 is an unknown value
R9 =0x00000000f71a85c8 is an oop
org.sqlite.core.NativeDB 
 - klass: 'org/sqlite/core/NativeDB'
R10=0x000000000446848b is at code_begin+1227 in an Interpreter codelet
method entry point (kind = native_synchronized)  [0x0000000004467fc0, 0x0000000004468aa0]  2784 bytes
R11=0x0000000052d7b580 is an unknown value
R12=0x0000000000000000 is an unknown value
R13={method} {0x0000000018a5be28} 'free_functions' '()V' in 'org/sqlite/core/NativeDB'
R14=0x000000001c66f0e8 is pointing into the stack for thread: 0x0000000018c10000
R15=0x0000000018c10000 is a thread


Stack: [0x000000001c570000,0x000000001c670000],  sp=0x000000001c66f048,  free space=1020k
Native frames: (J=compiled Java code, j=interpreted, Vv=VM code, C=native code)
C  0x000000006be42be0

Java frames: (J=compiled Java code, j=interpreted, Vv=VM code)
j  org.sqlite.core.NativeDB.free_functions()V+0
j  org.sqlite.core.DB.close()V+102
j  org.sqlite.core.CoreConnection.close()V+26
j  org.sqlite.core.CoreConnection.finalize()V+1
J 1287 C1 java.lang.ref.Finalizer.runFinalizer(Lsun/misc/JavaLangAccess;)V (62 bytes) @ 0x00000000048e074c [0x00000000048e01c0+0x58c]
J 1286 C1 java.lang.ref.Finalizer.access$100(Ljava/lang/ref/Finalizer;Lsun/misc/JavaLangAccess;)V (6 bytes) @ 0x00000000046bb39c [0x00000000046bb340+0x5c]
j  java.lang.ref.Finalizer$3.run()V+58
j  java.lang.Thread.run()V+11
v  ~StubRoutines::call_stub

---------------  P R O C E S S  ---------------

Java Threads: ( => current thread )
=>0x0000000018c10000 JavaThread "Secondary finalizer" [_thread_in_native, id=5668, stack(0x000000001c570000,0x000000001c670000)]
  0x00000000178f1000 JavaThread "TC Event Thread" daemon [_thread_blocked, id=6872, stack(0x0000000019fa0000,0x000000001a0a0000)]
  0x0000000004352800 JavaThread "DestroyJavaVM" [_thread_blocked, id=2964, stack(0x00000000041b0000,0x00000000042b0000)]
  0x0000000017528800 JavaThread "AWT-EventQueue-0" [_thread_blocked, id=6664, stack(0x0000000017c80000,0x0000000017d80000)]
  0x000000001750a800 JavaThread "AWT-Shutdown" [_thread_blocked, id=2240, stack(0x0000000017a80000,0x0000000017b80000)]
  0x0000000017509800 JavaThread "Java2D Disposer" daemon [_thread_blocked, id=6844, stack(0x0000000017970000,0x0000000017a70000)]
  0x00000000154a2800 JavaThread "Service Thread" daemon [_thread_blocked, id=4380, stack(0x0000000016770000,0x0000000016870000)]
  0x000000001543e000 JavaThread "C1 CompilerThread1" daemon [_thread_blocked, id=3748, stack(0x0000000016670000,0x0000000016770000)]
  0x0000000015430000 JavaThread "C2 CompilerThread0" daemon [_thread_blocked, id=1004, stack(0x0000000016570000,0x0000000016670000)]
  0x000000001542e800 JavaThread "Attach Listener" daemon [_thread_blocked, id=4832, stack(0x0000000016470000,0x0000000016570000)]
  0x0000000015429800 JavaThread "Signal Dispatcher" daemon [_thread_blocked, id=5056, stack(0x0000000016370000,0x0000000016470000)]
  0x0000000015418800 JavaThread "Finalizer" daemon [_thread_blocked, id=4772, stack(0x0000000016070000,0x0000000016170000)]
  0x0000000004440800 JavaThread "Reference Handler" daemon [_thread_blocked, id=5200, stack(0x0000000015f70000,0x0000000016070000)]

Other Threads:
  0x00000000153f5800 VMThread [stack: 0x0000000015e70000,0x0000000015f70000] [id=6912]
  0x00000000154c7800 WatcherThread [stack: 0x0000000016c70000,0x0000000016d70000] [id=640]

VM state:not at safepoint (normal execution)

VM Mutex/Monitor currently owned by a thread: None

Heap:
 PSYoungGen      total 13312K, used 5559K [0x00000000f6180000, 0x00000000f7680000, 0x0000000100000000)
  eden space 6656K, 15% used [0x00000000f6180000,0x00000000f6281ce8,0x00000000f6800000)
  from space 6656K, 68% used [0x00000000f6f00000,0x00000000f736c2c0,0x00000000f7580000)
  to   space 7168K, 0% used [0x00000000f6800000,0x00000000f6800000,0x00000000f6f00000)
 ParOldGen       total 20480K, used 10608K [0x00000000e2400000, 0x00000000e3800000, 0x00000000f6180000)
  object space 20480K, 51% used [0x00000000e2400000,0x00000000e2e5c318,0x00000000e3800000)
 Metaspace       used 13161K, capacity 13418K, committed 13696K, reserved 1060864K
  class space    used 1509K, capacity 1606K, committed 1664K, reserved 1048576K

Card table byte_map: [0x0000000013810000,0x0000000013900000] byte_map_base: 0x00000000130fe000

Marking Bits: (ParMarkBitMap*) 0x000000005336a6c0
 Begin Bits: [0x0000000013b00000, 0x0000000014270000)
 End Bits:   [0x0000000014270000, 0x00000000149e0000)

Polling page: 0x0000000002450000

CodeCache: size=245760Kb used=5068Kb max_used=5108Kb free=240691Kb
 bounds [0x0000000004450000, 0x0000000004960000, 0x0000000013450000]
 total_blobs=1767 nmethods=1269 adapters=411
 compilation: enabled

Compilation events (10 events):
Event: 317.326 Thread 0x0000000015430000 1448   !   4       totalcross.ui.Control::callEventListeners (1140 bytes)
Event: 317.378 Thread 0x0000000015430000 nmethod 1448 0x000000000479e110 code [0x000000000479e4e0, 0x000000000479fa50]
Event: 325.552 Thread 0x0000000015430000 1449       4       java.io.File::isFile (43 bytes)
Event: 325.559 Thread 0x0000000015430000 nmethod 1449 0x000000000475be50 code [0x000000000475bfa0, 0x000000000475c1a8]
Event: 325.680 Thread 0x0000000015430000 1450       4       java.io.FileInputStream::read (8 bytes)
Event: 325.681 Thread 0x0000000015430000 nmethod 1450 0x00000000047df110 code [0x00000000047df260, 0x00000000047df2e8]
Event: 326.075 Thread 0x000000001543e000 1451       3       java.util.ArrayDeque::poll (5 bytes)
Event: 326.076 Thread 0x000000001543e000 nmethod 1451 0x000000000484bf50 code [0x000000000484c0c0, 0x000000000484c268]
Event: 326.076 Thread 0x000000001543e000 1452       3       java.util.ArrayDeque::pollFirst (42 bytes)
Event: 326.076 Thread 0x000000001543e000 nmethod 1452 0x000000000484b950 code [0x000000000484bac0, 0x000000000484bdf0]

GC Heap History (10 events):
Event: 16.385 GC heap before
{Heap before GC invocations=4 (full 0):
 PSYoungGen      total 9216K, used 9213K [0x00000000f6180000, 0x00000000f6b80000, 0x0000000100000000)
  eden space 8192K, 100% used [0x00000000f6180000,0x00000000f6980000,0x00000000f6980000)
  from space 1024K, 99% used [0x00000000f6980000,0x00000000f6a7f7e8,0x00000000f6a80000)
  to   space 1024K, 0% used [0x00000000f6a80000,0x00000000f6a80000,0x00000000f6b80000)
 ParOldGen       total 20480K, used 8285K [0x00000000e2400000, 0x00000000e3800000, 0x00000000f6180000)
  object space 20480K, 40% used [0x00000000e2400000,0x00000000e2c17468,0x00000000e3800000)
 Metaspace       used 9959K, capacity 10178K, committed 10496K, reserved 1058816K
  class space    used 1145K, capacity 1216K, committed 1280K, reserved 1048576K
Event: 16.401 GC heap after
Heap after GC invocations=4 (full 0):
 PSYoungGen      total 9216K, used 1005K [0x00000000f6180000, 0x00000000f6b80000, 0x0000000100000000)
  eden space 8192K, 0% used [0x00000000f6180000,0x00000000f6180000,0x00000000f6980000)
  from space 1024K, 98% used [0x00000000f6a80000,0x00000000f6b7b7f8,0x00000000f6b80000)
  to   space 1024K, 0% used [0x00000000f6980000,0x00000000f6980000,0x00000000f6a80000)
 ParOldGen       total 20480K, used 8480K [0x00000000e2400000, 0x00000000e3800000, 0x00000000f6180000)
  object space 20480K, 41% used [0x00000000e2400000,0x00000000e2c48358,0x00000000e3800000)
 Metaspace       used 9959K, capacity 10178K, committed 10496K, reserved 1058816K
  class space    used 1145K, capacity 1216K, committed 1280K, reserved 1048576K
}
Event: 19.098 GC heap before
{Heap before GC invocations=5 (full 0):
 PSYoungGen      total 9216K, used 9197K [0x00000000f6180000, 0x00000000f6b80000, 0x0000000100000000)
  eden space 8192K, 100% used [0x00000000f6180000,0x00000000f6980000,0x00000000f6980000)
  from space 1024K, 98% used [0x00000000f6a80000,0x00000000f6b7b7f8,0x00000000f6b80000)
  to   space 1024K, 0% used [0x00000000f6980000,0x00000000f6980000,0x00000000f6a80000)
 ParOldGen       total 20480K, used 8480K [0x00000000e2400000, 0x00000000e3800000, 0x00000000f6180000)
  object space 20480K, 41% used [0x00000000e2400000,0x00000000e2c48358,0x00000000e3800000)
 Metaspace       used 11398K, capacity 11626K, committed 11904K, reserved 1060864K
  class space    used 1308K, capacity 1378K, committed 1408K, reserved 1048576K
Event: 19.108 GC heap after
Heap after GC invocations=5 (full 0):
 PSYoungGen      total 9216K, used 1021K [0x00000000f6180000, 0x00000000f7580000, 0x0000000100000000)
  eden space 8192K, 0% used [0x00000000f6180000,0x00000000f6180000,0x00000000f6980000)
  from space 1024K, 99% used [0x00000000f6980000,0x00000000f6a7f7e8,0x00000000f6a80000)
  to   space 6144K, 0% used [0x00000000f6f80000,0x00000000f6f80000,0x00000000f7580000)
 ParOldGen       total 20480K, used 9613K [0x00000000e2400000, 0x00000000e3800000, 0x00000000f6180000)
  object space 20480K, 46% used [0x00000000e2400000,0x00000000e2d63570,0x00000000e3800000)
 Metaspace       used 11398K, capacity 11626K, committed 11904K, reserved 1060864K
  class space    used 1308K, capacity 1378K, committed 1408K, reserved 1048576K
}
Event: 25.906 GC heap before
{Heap before GC invocations=6 (full 0):
 PSYoungGen      total 9216K, used 8452K [0x00000000f6180000, 0x00000000f7580000, 0x0000000100000000)
  eden space 8192K, 90% used [0x00000000f6180000,0x00000000f68c1b58,0x00000000f6980000)
  from space 1024K, 99% used [0x00000000f6980000,0x00000000f6a7f7e8,0x00000000f6a80000)
  to   space 6144K, 0% used [0x00000000f6f80000,0x00000000f6f80000,0x00000000f7580000)
 ParOldGen       total 20480K, used 9613K [0x00000000e2400000, 0x00000000e3800000, 0x00000000f6180000)
  object space 20480K, 46% used [0x00000000e2400000,0x00000000e2d63570,0x00000000e3800000)
 Metaspace       used 11699K, capacity 11914K, committed 12288K, reserved 1060864K
  class space    used 1338K, capacity 1410K, committed 1536K, reserved 1048576K
Event: 25.939 GC heap after
Heap after GC invocations=6 (full 0):
 PSYoungGen      total 13312K, used 5445K [0x00000000f6180000, 0x00000000f7780000, 0x0000000100000000)
  eden space 7168K, 0% used [0x00000000f6180000,0x00000000f6180000,0x00000000f6880000)
  from space 6144K, 88% used [0x00000000f6f80000,0x00000000f74d1400,0x00000000f7580000)
  to   space 7168K, 0% used [0x00000000f6880000,0x00000000f6880000,0x00000000f6f80000)
 ParOldGen       total 20480K, used 9613K [0x00000000e2400000, 0x00000000e3800000, 0x00000000f6180000)
  object space 20480K, 46% used [0x00000000e2400000,0x00000000e2d63570,0x00000000e3800000)
 Metaspace       used 11699K, capacity 11914K, committed 12288K, reserved 1060864K
  class space    used 1338K, capacity 1410K, committed 1536K, reserved 1048576K
}
Event: 91.985 GC heap before
{Heap before GC invocations=7 (full 0):
 PSYoungGen      total 13312K, used 12609K [0x00000000f6180000, 0x00000000f7780000, 0x0000000100000000)
  eden space 7168K, 99% used [0x00000000f6180000,0x00000000f687f3c8,0x00000000f6880000)
  from space 6144K, 88% used [0x00000000f6f80000,0x00000000f74d1400,0x00000000f7580000)
  to   space 7168K, 0% used [0x00000000f6880000,0x00000000f6880000,0x00000000f6f80000)
 ParOldGen       total 20480K, used 9613K [0x00000000e2400000, 0x00000000e3800000, 0x00000000f6180000)
  object space 20480K, 46% used [0x00000000e2400000,0x00000000e2d63570,0x00000000e3800000)
 Metaspace       used 12478K, capacity 12746K, committed 13056K, reserved 1060864K
  class space    used 1410K, capacity 1510K, committed 1536K, reserved 1048576K
Event: 91.993 GC heap after
Heap after GC invocations=7 (full 0):
 PSYoungGen      total 10752K, used 3486K [0x00000000f6180000, 0x00000000f7580000, 0x0000000100000000)
  eden space 7168K, 0% used [0x00000000f6180000,0x00000000f6180000,0x00000000f6880000)
  from space 3584K, 97% used [0x00000000f6880000,0x00000000f6be78f0,0x00000000f6c00000)
  to   space 6656K, 0% used [0x00000000f6f00000,0x00000000f6f00000,0x00000000f7580000)
 ParOldGen       total 20480K, used 9933K [0x00000000e2400000, 0x00000000e3800000, 0x00000000f6180000)
  object space 20480K, 48% used [0x00000000e2400000,0x00000000e2db3580,0x00000000e3800000)
 Metaspace       used 12478K, capacity 12746K, committed 13056K, reserved 1060864K
  class space    used 1410K, capacity 1510K, committed 1536K, reserved 1048576K
}
Event: 220.668 GC heap before
{Heap before GC invocations=8 (full 0):
 PSYoungGen      total 10752K, used 10591K [0x00000000f6180000, 0x00000000f7580000, 0x0000000100000000)
  eden space 7168K, 99% used [0x00000000f6180000,0x00000000f68705e8,0x00000000f6880000)
  from space 3584K, 97% used [0x00000000f6880000,0x00000000f6be78f0,0x00000000f6c00000)
  to   space 6656K, 0% used [0x00000000f6f00000,0x00000000f6f00000,0x00000000f7580000)
 ParOldGen       total 20480K, used 9933K [0x00000000e2400000, 0x00000000e3800000, 0x00000000f6180000)
  object space 20480K, 48% used [0x00000000e2400000,0x00000000e2db3580,0x00000000e3800000)
 Metaspace       used 13118K, capacity 13386K, committed 13696K, reserved 1060864K
  class space    used 1503K, capacity 1574K, committed 1664K, reserved 1048576K
Event: 220.677 GC heap after
Heap after GC invocations=8 (full 0):
 PSYoungGen      total 13312K, used 4528K [0x00000000f6180000, 0x00000000f7680000, 0x0000000100000000)
  eden space 6656K, 0% used [0x00000000f6180000,0x00000000f6180000,0x00000000f6800000)
  from space 6656K, 68% used [0x00000000f6f00000,0x00000000f736c2c0,0x00000000f7580000)
  to   space 7168K, 0% used [0x00000000f6800000,0x00000000f6800000,0x00000000f6f00000)
 ParOldGen       total 20480K, used 10608K [0x00000000e2400000, 0x00000000e3800000, 0x00000000f6180000)
  object space 20480K, 51% used [0x00000000e2400000,0x00000000e2e5c318,0x00000000e3800000)
 Metaspace       used 13118K, capacity 13386K, committed 13696K, reserved 1060864K
  class space    used 1503K, capacity 1574K, committed 1664K, reserved 1048576K
}

Deoptimization events (10 events):
Event: 93.120 Thread 0x0000000018c10000 Uncommon trap: reason=unstable_if action=reinterpret pc=0x0000000004775b48 method=totalcross.ui.image.Image$ImageLoader.setPixels(IIIILjava/awt/image/ColorModel;[III)V @ 34
Event: 93.120 Thread 0x0000000018c10000 Uncommon trap: reason=unstable_if action=reinterpret pc=0x00000000047314a8 method=java.awt.image.DirectColorModel.getAlpha(I)I @ 4
Event: 93.120 Thread 0x0000000018c10000 Uncommon trap: reason=unstable_if action=reinterpret pc=0x0000000004736368 method=java.awt.image.DirectColorModel.getAlpha(I)I @ 4
Event: 93.474 Thread 0x00000000178f1000 Uncommon trap: reason=unstable_if action=reinterpret pc=0x00000000048b11e8 method=totalcross.ui.gfx.Graphics.fillRect(IIII)V @ 9
Event: 93.496 Thread 0x00000000178f1000 Uncommon trap: reason=unstable_if action=reinterpret pc=0x00000000048c4bc0 method=totalcross.ui.gfx.Graphics.drawText(Ljava/lang/String;III)V @ 254
Event: 96.288 Thread 0x00000000178f1000 Uncommon trap: reason=unstable_if action=reinterpret pc=0x00000000048d960c method=totalcross.ui.gfx.Graphics.translateAndClip(IIII)Z @ 29
Event: 96.565 Thread 0x00000000178f1000 Uncommon trap: reason=unstable_if action=reinterpret pc=0x000000000481bad4 method=totalcross.ui.gfx.Graphics.drawText(Ljava/lang/String;III)V @ 1109
Event: 96.641 Thread 0x00000000178f1000 Uncommon trap: reason=unstable_if action=reinterpret pc=0x0000000004807fc4 method=totalcross.ui.gfx.Graphics.drawText(Ljava/lang/String;III)V @ 540
Event: 323.385 Thread 0x00000000178f1000 Uncommon trap: reason=class_check action=maybe_recompile pc=0x000000000494a91c method=totalcross.TCEventThread.privatePumpEvents()V @ 52
Event: 325.535 Thread 0x00000000178f1000 Uncommon trap: reason=class_check action=maybe_recompile pc=0x000000000494a91c method=totalcross.TCEventThread.privatePumpEvents()V @ 52

Internal exceptions (10 events):
Event: 322.984 Thread 0x0000000016eec800 Exception <a 'java/lang/InterruptedException': sleep interrupted> (0x00000000f61eb488) thrown at [C:\re\workspace\8-2-build-windows-amd64-cygwin\jdk8u111\7883\hotspot\src\share\vm\prims\jvm.cpp, line 3176]
Event: 323.484 Thread 0x0000000016eec800 Exception <a 'java/lang/InterruptedException': sleep interrupted> (0x00000000f61eb738) thrown at [C:\re\workspace\8-2-build-windows-amd64-cygwin\jdk8u111\7883\hotspot\src\share\vm\prims\jvm.cpp, line 3176]
Event: 323.984 Thread 0x0000000016eec800 Exception <a 'java/lang/InterruptedException': sleep interrupted> (0x00000000f61eb9e8) thrown at [C:\re\workspace\8-2-build-windows-amd64-cygwin\jdk8u111\7883\hotspot\src\share\vm\prims\jvm.cpp, line 3176]
Event: 324.484 Thread 0x0000000016eec800 Exception <a 'java/lang/InterruptedException': sleep interrupted> (0x00000000f61ebc98) thrown at [C:\re\workspace\8-2-build-windows-amd64-cygwin\jdk8u111\7883\hotspot\src\share\vm\prims\jvm.cpp, line 3224]
Event: 324.984 Thread 0x0000000016eec800 Exception <a 'java/lang/InterruptedException': sleep interrupted> (0x00000000f61ebf48) thrown at [C:\re\workspace\8-2-build-windows-amd64-cygwin\jdk8u111\7883\hotspot\src\share\vm\prims\jvm.cpp, line 3224]
Event: 325.484 Thread 0x0000000016eec800 Exception <a 'java/lang/InterruptedException': sleep interrupted> (0x00000000f61ec1f8) thrown at [C:\re\workspace\8-2-build-windows-amd64-cygwin\jdk8u111\7883\hotspot\src\share\vm\prims\jvm.cpp, line 3176]
Event: 325.538 Thread 0x00000000178f1000 Exception <a 'java/io/FileNotFoundException'> (0x00000000f61bf0b0) thrown at [C:\re\workspace\8-2-build-windows-amd64-cygwin\jdk8u111\7883\hotspot\src\share\vm\prims\jni.cpp, line 709]
Event: 325.538 Thread 0x00000000178f1000 Exception <a 'java/io/FileNotFoundException'> (0x00000000f61bfb58) thrown at [C:\re\workspace\8-2-build-windows-amd64-cygwin\jdk8u111\7883\hotspot\src\share\vm\prims\jni.cpp, line 709]
Event: 325.538 Thread 0x00000000178f1000 Exception <a 'java/io/FileNotFoundException'> (0x00000000f61c0948) thrown at [C:\re\workspace\8-2-build-windows-amd64-cygwin\jdk8u111\7883\hotspot\src\share\vm\prims\jni.cpp, line 709]
Event: 325.720 Thread 0x0000000016eec800 Exception <a 'java/lang/InterruptedException': sleep interrupted> (0x00000000f61ec450) thrown at [C:\re\workspace\8-2-build-windows-amd64-cygwin\jdk8u111\7883\hotspot\src\share\vm\prims\jvm.cpp, line 3224]

Events (10 events):
Event: 326.074 Executing VM operation: RevokeBias
Event: 326.074 Executing VM operation: RevokeBias done
Event: 326.074 Executing VM operation: RevokeBias
Event: 326.074 Executing VM operation: RevokeBias done
Event: 326.074 Executing VM operation: RevokeBias
Event: 326.074 Executing VM operation: RevokeBias done
Event: 326.074 Executing VM operation: RevokeBias
Event: 326.074 Executing VM operation: RevokeBias done
Event: 326.075 Executing VM operation: RevokeBias
Event: 326.075 Executing VM operation: RevokeBias done


Dynamic libraries:
0x00007ff6cc360000 - 0x00007ff6cc397000 	C:\Program Files\Java\jre1.8.0_111\bin\javaw.exe
0x00007ffdb3860000 - 0x00007ffdb3a40000 	C:\WINDOWS\SYSTEM32\ntdll.dll
0x00007ffdb30f0000 - 0x00007ffdb319e000 	C:\WINDOWS\System32\KERNEL32.DLL
0x00007ffdb0ac0000 - 0x00007ffdb0d26000 	C:\WINDOWS\System32\KERNELBASE.dll
0x00007ffdb1000000 - 0x00007ffdb10a1000 	C:\WINDOWS\System32\ADVAPI32.dll
0x00007ffdb3560000 - 0x00007ffdb35fd000 	C:\WINDOWS\System32\msvcrt.dll
0x00007ffdb31a0000 - 0x00007ffdb31fb000 	C:\WINDOWS\System32\sechost.dll
0x00007ffdb1240000 - 0x00007ffdb135f000 	C:\WINDOWS\System32\RPCRT4.dll
0x00007ffdb0d90000 - 0x00007ffdb0f1f000 	C:\WINDOWS\System32\USER32.dll
0x00007ffdb0110000 - 0x00007ffdb0130000 	C:\WINDOWS\System32\win32u.dll
0x00007ffdb3730000 - 0x00007ffdb3758000 	C:\WINDOWS\System32\GDI32.dll
0x00007ffdb0920000 - 0x00007ffdb0ab3000 	C:\WINDOWS\System32\gdi32full.dll
0x00007ffdb0130000 - 0x00007ffdb01cb000 	C:\WINDOWS\System32\msvcp_win.dll
0x00007ffdafc60000 - 0x00007ffdafd56000 	C:\WINDOWS\System32\ucrtbase.dll
0x00007ffd9f5d0000 - 0x00007ffd9f839000 	C:\WINDOWS\WinSxS\amd64_microsoft.windows.common-controls_6595b64144ccf1df_6.0.16299.431_none_15c7d3ee93659e73\COMCTL32.dll
0x00007ffdb1920000 - 0x00007ffdb1c28000 	C:\WINDOWS\System32\combase.dll
0x00007ffdaff80000 - 0x00007ffdafff2000 	C:\WINDOWS\System32\bcryptPrimitives.dll
0x00007ffdb1160000 - 0x00007ffdb118d000 	C:\WINDOWS\System32\IMM32.DLL
0x00000000528b0000 - 0x0000000052982000 	C:\Program Files\Java\jre1.8.0_111\bin\msvcr100.dll
0x0000000052b50000 - 0x00000000533ea000 	C:\Program Files\Java\jre1.8.0_111\bin\server\jvm.dll
0x00007ffdb30e0000 - 0x00007ffdb30e8000 	C:\WINDOWS\System32\PSAPI.DLL
0x00007ffdab9f0000 - 0x00007ffdab9f9000 	C:\WINDOWS\SYSTEM32\WSOCK32.dll
0x00007ffdadf40000 - 0x00007ffdadf63000 	C:\WINDOWS\SYSTEM32\WINMM.dll
0x00007ffda15e0000 - 0x00007ffda15ea000 	C:\WINDOWS\SYSTEM32\VERSION.dll
0x00007ffdb3070000 - 0x00007ffdb30dc000 	C:\WINDOWS\System32\WS2_32.dll
0x00007ffdadee0000 - 0x00007ffdadf0a000 	C:\WINDOWS\SYSTEM32\WINMMBASE.dll
0x00007ffdafd60000 - 0x00007ffdafdaa000 	C:\WINDOWS\System32\cfgmgr32.dll
0x0000000052a60000 - 0x0000000052a6f000 	C:\Program Files\Java\jre1.8.0_111\bin\verify.dll
0x0000000052a30000 - 0x0000000052a59000 	C:\Program Files\Java\jre1.8.0_111\bin\java.dll
0x0000000052a10000 - 0x0000000052a26000 	C:\Program Files\Java\jre1.8.0_111\bin\zip.dll
0x00007ffdb1c30000 - 0x00007ffdb3068000 	C:\WINDOWS\System32\SHELL32.dll
0x00007ffdb1190000 - 0x00007ffdb1236000 	C:\WINDOWS\System32\shcore.dll
0x00007ffdb01d0000 - 0x00007ffdb0917000 	C:\WINDOWS\System32\windows.storage.dll
0x00007ffdb0fa0000 - 0x00007ffdb0ff1000 	C:\WINDOWS\System32\shlwapi.dll
0x00007ffdafc20000 - 0x00007ffdafc31000 	C:\WINDOWS\System32\kernel.appcore.dll
0x00007ffdafbb0000 - 0x00007ffdafbfc000 	C:\WINDOWS\System32\powrprof.dll
0x00007ffdafc40000 - 0x00007ffdafc5b000 	C:\WINDOWS\System32\profapi.dll
0x0000000052710000 - 0x00000000528a8000 	C:\Program Files\Java\jre1.8.0_111\bin\awt.dll
0x00007ffdb3760000 - 0x00007ffdb3825000 	C:\WINDOWS\System32\OLEAUT32.dll
0x00007ffdae060000 - 0x00007ffdae0e8000 	C:\WINDOWS\SYSTEM32\apphelp.dll
0x00007ffdae450000 - 0x00007ffdae47a000 	C:\WINDOWS\system32\DWMAPI.DLL
0x00007ffdae1e0000 - 0x00007ffdae275000 	C:\WINDOWS\system32\uxtheme.dll
0x00007ffdb17b0000 - 0x00007ffdb1917000 	C:\WINDOWS\System32\MSCTF.dll
0x00007ffdb3200000 - 0x00007ffdb3349000 	C:\WINDOWS\System32\ole32.dll
0x00000000526c0000 - 0x0000000052707000 	C:\Program Files\Java\jre1.8.0_111\bin\fontmanager.dll
0x00007ffd9af50000 - 0x00007ffd9afe5000 	C:\WINDOWS\system32\RICHED20.DLL
0x00007ffd87ea0000 - 0x00007ffd87eb9000 	C:\WINDOWS\SYSTEM32\USP10.dll
0x00007ffdab910000 - 0x00007ffdab948000 	C:\WINDOWS\SYSTEM32\msls31.dll
0x00007ffdb10b0000 - 0x00007ffdb114e000 	C:\WINDOWS\System32\clbcatq.dll
0x00007ffdaf6b0000 - 0x00007ffdaf6d5000 	C:\WINDOWS\system32\bcrypt.dll
0x00000000529f0000 - 0x0000000052a0a000 	C:\Program Files\Java\jre1.8.0_111\bin\net.dll
0x00007ffdaf3e0000 - 0x00007ffdaf446000 	C:\WINDOWS\system32\mswsock.dll
0x00007ffdaf1b0000 - 0x00007ffdaf266000 	C:\WINDOWS\SYSTEM32\DNSAPI.dll
0x00007ffdb3350000 - 0x00007ffdb3358000 	C:\WINDOWS\System32\NSI.dll
0x00007ffdaf170000 - 0x00007ffdaf1a9000 	C:\WINDOWS\SYSTEM32\IPHLPAPI.DLL
0x00007ffda4840000 - 0x00007ffda484a000 	C:\Windows\System32\rasadhlp.dll
0x00007ffda7050000 - 0x00007ffda70c0000 	C:\WINDOWS\System32\fwpuclnt.dll
0x00007ffdaf5a0000 - 0x00007ffdaf5b7000 	C:\WINDOWS\SYSTEM32\CRYPTSP.dll
0x00007ffdaefe0000 - 0x00007ffdaf013000 	C:\WINDOWS\system32\rsaenh.dll
0x00007ffdafab0000 - 0x00007ffdafad9000 	C:\WINDOWS\SYSTEM32\USERENV.dll
0x00007ffdaf5c0000 - 0x00007ffdaf5cb000 	C:\WINDOWS\SYSTEM32\CRYPTBASE.dll
0x00007ffdaa480000 - 0x00007ffdaa496000 	C:\WINDOWS\SYSTEM32\dhcpcsvc6.DLL
0x00007ffdaa4e0000 - 0x00007ffdaa4fa000 	C:\WINDOWS\SYSTEM32\dhcpcsvc.DLL
0x00000000529d0000 - 0x00000000529e1000 	C:\Program Files\Java\jre1.8.0_111\bin\nio.dll
0x00007ffda4f20000 - 0x00007ffda4fb8000 	C:\WINDOWS\System32\TextInputFramework.dll
0x00007ffdaa720000 - 0x00007ffdaaa0e000 	C:\WINDOWS\System32\CoreUIComponents.dll
0x00007ffdad0d0000 - 0x00007ffdad1ac000 	C:\WINDOWS\System32\CoreMessaging.dll
0x00007ffdaece0000 - 0x00007ffdaed11000 	C:\WINDOWS\SYSTEM32\ntmarta.dll
0x00007ffdac050000 - 0x00007ffdac186000 	C:\WINDOWS\SYSTEM32\wintypes.dll
0x0000000052680000 - 0x00000000526b1000 	C:\Program Files\Java\jre1.8.0_111\bin\jpeg.dll
0x00007ffda09b0000 - 0x00007ffda0b78000 	C:\WINDOWS\SYSTEM32\dbghelp.dll

VM Arguments:
jvm_args: -Dfile.encoding=Cp1252 
java_command: totalcross.Launcher /r 544353541A8E8B2A28D5B8E0 com.app.app
java_class_path (initial): C:\Program Files\Java\jre1.8.0_111\lib\resources.jar;C:\Program Files\Java\jre1.8.0_111\lib\rt.jar;C:\Program Files\Java\jre1.8.0_111\lib\jsse.jar;C:\Program Files\Java\jre1.8.0_111\lib\jce.jar;C:\Program Files\Java\jre1.8.0_111\lib\charsets.jar;C:\Program Files\Java\jre1.8.0_111\lib\jfr.jar;C:\Program Files\Java\jre1.8.0_111\lib\ext\access-bridge-64.jar;C:\Program Files\Java\jre1.8.0_111\lib\ext\cldrdata.jar;C:\Program Files\Java\jre1.8.0_111\lib\ext\dnsns.jar;C:\Program Files\Java\jre1.8.0_111\lib\ext\jaccess.jar;C:\Program Files\Java\jre1.8.0_111\lib\ext\jfxrt.jar;C:\Program Files\Java\jre1.8.0_111\lib\ext\localedata.jar;C:\Program Files\Java\jre1.8.0_111\lib\ext\nashorn.jar;C:\Program Files\Java\jre1.8.0_111\lib\ext\sunec.jar;C:\Program Files\Java\jre1.8.0_111\lib\ext\sunjce_provider.jar;C:\Program Files\Java\jre1.8.0_111\lib\ext\sunmscapi.jar;C:\Program Files\Java\jre1.8.0_111\lib\ext\sunpkcs11.jar;C:\Program Files\Java\jre1.8.0_111\lib\ext\zipfs.jar;C:\Users\marci\eclipse-workspace\app\target\classes;C:\Users\marci\.m2\repository\com\totalcross\utils\tc-utilities\0.0.1-SNAPSHOT\tc-utilities-0.0.1-SNAPSHOT.jar;C:\Users\marci\.m2\repository\com\totalcross\utils\magical-utils\0.0.1-SNAPSHOT\magical-utils-0.0.1-SNAPSHOT.jar;C:\Users\marci\.m2\repository\com\totalcross\totalcross-sdk\4.1.0\totalcross-sdk-4.1.0.jar;C:\Users\marci\.m2\repository\org\vafer\jdeb\0.7\jdeb-0.7.jar;C:\Users\marci\.m2\repository\org\apache\maven\maven-plugin-api\2.0.5\maven-plugin-api-2.0.5.jar;C:\Users\marci\.m2\repository\org\apache\maven\maven-project\2.0.5\maven-project-2.0.5.jar;C:\Users\marci\.m2\repository\org\apache\maven\maven-settings\2.0.5\maven-settings-2.0.5.jar;C:\Users\marci\.m2\repository\org\apache\maven\maven-profile\2.0.5\maven-profile-2.0.5.jar;C:\Users\marci\.m2\repository\org\apache\maven\maven-model\2.0.5\maven-model-2.0.5.jar;C:\Users\marci\.m2\repository\org\apache\maven\maven-artifact-manager\2.0.5\maven-artifact-manager-2.0.5.jar;C:\U
Launcher Type: SUN_STANDARD

Environment Variables:
JAVA_HOME=C:\Program Files\Java\jdk1.8.0_111
PATH=C:/Program Files/Java/jre1.8.0_111/bin/server;C:/Program Files/Java/jre1.8.0_111/bin;C:/Program Files/Java/jre1.8.0_111/lib/amd64;C:\ProgramData\Oracle\Java\javapath;C:\Program Files (x86)\Intel\TXE Components\TCS\;C:\Program Files\Intel\TXE Components\TCS\;C:\WINDOWS\system32;C:\WINDOWS;C:\WINDOWS\System32\Wbem;C:\WINDOWS\System32\WindowsPowerShell\v1.0\;C:\Program Files\Intel\TXE Components\DAL\;C:\Program Files (x86)\Intel\TXE Components\DAL\;C:\Program Files\Intel\TXE Components\IPT\;C:\Program Files (x86)\Intel\TXE Components\IPT\;C:\Program Files\Java\jdk1.8.0_111\bin;C:\TotalCross3\dist\vm\win32;C:\Users\marci\AppData\Local\Microsoft\WindowsApps;c:\TotalCross3\dist\vm\win32;C:\Program Files\Java\jdk1.8.0_111\bin;;C:\Users\marci\Desktop;
USERNAME=marci
OS=Windows_NT
PROCESSOR_IDENTIFIER=Intel64 Family 6 Model 76 Stepping 4, GenuineIntel



---------------  S Y S T E M  ---------------

OS: Windows 10.0 , 64 bit Build 16299 (10.0.16299.431)

CPU:total 2 (2 cores per cpu, 1 threads per core) family 6 model 76 stepping 4, cmov, cx8, fxsr, mmx, sse, sse2, sse3, ssse3, sse4.1, sse4.2, popcnt, aes, clmul, erms, 3dnowpref, tsc, tscinvbit

Memory: 4k page, physical 1946148k(329824k free), swap 4547588k(686316k free)

vm_info: Java HotSpot(TM) 64-Bit Server VM (25.111-b14) for windows-amd64 JRE (1.8.0_111-b14), built on Sep 22 2016 19:24:05 by "java_re" with MS VC++ 10.0 (VS2010)

time: Fri Jun 01 19:53:48 2018
elapsed time: 326 seconds (0d 0h 5m 26s)

