#
# A fatal error has been detected by the Java Runtime Environment:
#
#  EXCEPTION_ACCESS_VIOLATION (0xc0000005) at pc=0x000000006be42be0, pid=316, tid=0x000000000000055c
#
# JRE version: Java(TM) SE Runtime Environment (8.0_111-b14) (build 1.8.0_111-b14)
# Java VM: Java HotSpot(TM) 64-Bit Server VM (25.111-b14 mixed mode windows-amd64 compressed oops)
# Problematic frame:
# C  0x000000006be42be0
#
# Failed to write core dump. Minidumps are not enabled by default on client versions of Windows
#
# If you would like to submit a bug report, please visit:
#   http://bugreport.java.com/bugreport/crash.jsp
# The crash happened outside the Java Virtual Machine in native code.
# See problematic frame for where to report the bug.
#

---------------  T H R E A D  ---------------

Current thread (0x0000000017af3800):  JavaThread "Secondary finalizer" [_thread_in_native, id=1372, stack(0x000000001b360000,0x000000001b460000)]

siginfo: ExceptionCode=0xc0000005, ExceptionInformation=0x0000000000000008 0x000000006be42be0

Registers:
RAX=0x000000006be42be0, RBX=0x0000000018bdc750, RCX=0x0000000017af39f8, RDX=0x000000001b45f0e8
RSP=0x000000001b45f048, RBP=0x000000001b45f0c8, RSI=0x0000000000000108, RDI=0x000000000000002c
R8 =0x0000000000000005, R9 =0x00000000e2d07f08, R10=0x000000000495848b, R11=0x0000000052d7b580
R12=0x0000000000000000, R13=0x0000000018bdc750, R14=0x000000001b45f0e8, R15=0x0000000017af3800
RIP=0x000000006be42be0, EFLAGS=0x0000000000010206

Top of Stack: (sp=0x000000001b45f048)
0x000000001b45f048:   00000000049584b7 000000001b45f188
0x000000001b45f058:   00000000049576e2 000000001b45f060
0x000000001b45f068:   00000000151be3f0 000000001b45f150
0x000000001b45f078:   0000000000000000 00000000e2d07f08
0x000000001b45f088:   000000001b45f078 0000000000000000
0x000000001b45f098:   000000001b45f0e8 0000000018c48930
0x000000001b45f0a8:   0000000000000000 0000000018bdc750
0x000000001b45f0b8:   0000000000000000 000000001b45f0e8
0x000000001b45f0c8:   000000001b45f150 000000000494835d
0x000000001b45f0d8:   0000000000000000 00000000049519d8
0x000000001b45f0e8:   00000000e2d07f08 00000000e2d07f40
0x000000001b45f0f8:   0000000000000000 0000000000000001
0x000000001b45f108:   00000000e2d07f08 000000001b45f0f0
0x000000001b45f118:   0000000018bd752e 000000001b45f188
0x000000001b45f128:   0000000018c48140 0000000000000000
0x000000001b45f138:   0000000018bd75c8 000000001b45f0e8 

Instructions: (pc=0x000000006be42be0)
0x000000006be42bc0:   
[error occurred during error reporting (printing registers, top of stack, instructions near pc), id 0xc0000005]

Register to memory mapping:

RAX=0x000000006be42be0 is an unknown value
RBX={method} {0x0000000018bdc758} 'free_functions' '()V' in 'org/sqlite/core/NativeDB'
RCX=0x0000000017af39f8 is an unknown value
RDX=0x000000001b45f0e8 is pointing into the stack for thread: 0x0000000017af3800
RSP=0x000000001b45f048 is pointing into the stack for thread: 0x0000000017af3800
RBP=0x000000001b45f0c8 is pointing into the stack for thread: 0x0000000017af3800
RSI=0x0000000000000108 is an unknown value
RDI=0x000000000000002c is an unknown value
R8 =0x0000000000000005 is an unknown value
R9 =0x00000000e2d07f08 is an oop
org.sqlite.core.NativeDB 
 - klass: 'org/sqlite/core/NativeDB'
R10=0x000000000495848b is at code_begin+1227 in an Interpreter codelet
method entry point (kind = native_synchronized)  [0x0000000004957fc0, 0x0000000004958aa0]  2784 bytes
R11=0x0000000052d7b580 is an unknown value
R12=0x0000000000000000 is an unknown value
R13={method} {0x0000000018bdc758} 'free_functions' '()V' in 'org/sqlite/core/NativeDB'
R14=0x000000001b45f0e8 is pointing into the stack for thread: 0x0000000017af3800
R15=0x0000000017af3800 is a thread


Stack: [0x000000001b360000,0x000000001b460000],  sp=0x000000001b45f048,  free space=1020k
Native frames: (J=compiled Java code, j=interpreted, Vv=VM code, C=native code)
C  0x000000006be42be0

Java frames: (J=compiled Java code, j=interpreted, Vv=VM code)
j  org.sqlite.core.NativeDB.free_functions()V+0
j  org.sqlite.core.DB.close()V+102
j  org.sqlite.core.CoreConnection.close()V+26
j  org.sqlite.core.CoreConnection.finalize()V+1
J 1125 C1 java.lang.System$2.invokeFinalize(Ljava/lang/Object;)V (5 bytes) @ 0x0000000004a5b804 [0x0000000004a5b700+0x104]
j  java.lang.ref.Finalizer.runFinalizer(Lsun/misc/JavaLangAccess;)V+46
J 1122 C1 java.lang.ref.Finalizer.access$100(Ljava/lang/ref/Finalizer;Lsun/misc/JavaLangAccess;)V (6 bytes) @ 0x0000000004d7129c [0x0000000004d71240+0x5c]
j  java.lang.ref.Finalizer$3.run()V+58
j  java.lang.Thread.run()V+11
v  ~StubRoutines::call_stub

---------------  P R O C E S S  ---------------

Java Threads: ( => current thread )
=>0x0000000017af3800 JavaThread "Secondary finalizer" [_thread_in_native, id=1372, stack(0x000000001b360000,0x000000001b460000)]
  0x0000000018ce0800 JavaThread "TC Event Thread" daemon [_thread_blocked, id=2968, stack(0x000000001a860000,0x000000001a960000)]
  0x0000000004842800 JavaThread "DestroyJavaVM" [_thread_blocked, id=64, stack(0x0000000004740000,0x0000000004840000)]
  0x0000000017b70800 JavaThread "AWT-EventQueue-0" [_thread_blocked, id=3380, stack(0x0000000018250000,0x0000000018350000)]
  0x0000000017a1b800 JavaThread "AWT-Shutdown" [_thread_blocked, id=6440, stack(0x0000000017f90000,0x0000000018090000)]
  0x0000000017a18800 JavaThread "Java2D Disposer" daemon [_thread_blocked, id=1132, stack(0x0000000017e60000,0x0000000017f60000)]
  0x000000001597d000 JavaThread "Service Thread" daemon [_thread_blocked, id=3652, stack(0x0000000016c60000,0x0000000016d60000)]
  0x0000000015976000 JavaThread "C1 CompilerThread1" daemon [_thread_blocked, id=3080, stack(0x0000000016b60000,0x0000000016c60000)]
  0x000000001591c000 JavaThread "C2 CompilerThread0" daemon [_thread_blocked, id=636, stack(0x0000000016a60000,0x0000000016b60000)]
  0x000000001591b000 JavaThread "Attach Listener" daemon [_thread_blocked, id=5988, stack(0x0000000016960000,0x0000000016a60000)]
  0x000000000493e800 JavaThread "Signal Dispatcher" daemon [_thread_blocked, id=3852, stack(0x0000000016860000,0x0000000016960000)]
  0x0000000015908800 JavaThread "Finalizer" daemon [_thread_blocked, id=4036, stack(0x0000000016560000,0x0000000016660000)]
  0x000000000492f800 JavaThread "Reference Handler" daemon [_thread_blocked, id=6196, stack(0x0000000016460000,0x0000000016560000)]

Other Threads:
  0x00000000158e6800 VMThread [stack: 0x0000000016360000,0x0000000016460000] [id=3064]
  0x00000000159ad000 WatcherThread [stack: 0x0000000017160000,0x0000000017260000] [id=2888]

VM state:not at safepoint (normal execution)

VM Mutex/Monitor currently owned by a thread: None

Heap:
 PSYoungGen      total 16896K, used 7798K [0x00000000f6180000, 0x00000000f8100000, 0x0000000100000000)
  eden space 15872K, 42% used [0x00000000f6180000,0x00000000f681e320,0x00000000f7100000)
  from space 1024K, 99% used [0x00000000f7180000,0x00000000f727f7d8,0x00000000f7280000)
  to   space 8192K, 0% used [0x00000000f7900000,0x00000000f7900000,0x00000000f8100000)
 ParOldGen       total 20480K, used 13455K [0x00000000e2400000, 0x00000000e3800000, 0x00000000f6180000)
  object space 20480K, 65% used [0x00000000e2400000,0x00000000e3123fd0,0x00000000e3800000)
 Metaspace       used 12292K, capacity 12518K, committed 12800K, reserved 1060864K
  class space    used 1393K, capacity 1480K, committed 1536K, reserved 1048576K

Card table byte_map: [0x0000000013d00000,0x0000000013df0000] byte_map_base: 0x00000000135ee000

Marking Bits: (ParMarkBitMap*) 0x000000005336a6c0
 Begin Bits: [0x0000000013ff0000, 0x0000000014760000)
 End Bits:   [0x0000000014760000, 0x0000000014ed0000)

Polling page: 0x0000000002a10000

CodeCache: size=245760Kb used=4199Kb max_used=4279Kb free=241560Kb
 bounds [0x0000000004940000, 0x0000000004d80000, 0x0000000013940000]
 total_blobs=1512 nmethods=1024 adapters=402
 compilation: enabled

Compilation events (10 events):
Event: 35.226 Thread 0x0000000015976000 1123       3       java.lang.ref.Finalizer::hasBeenFinalized (14 bytes)
Event: 35.226 Thread 0x0000000015976000 nmethod 1123 0x0000000004d70d50 code [0x0000000004d70ea0, 0x0000000004d71050]
Event: 35.226 Thread 0x0000000015976000 1124   !   3       java.lang.ref.Finalizer::remove (94 bytes)
Event: 35.227 Thread 0x0000000015976000 nmethod 1124 0x0000000004bc2310 code [0x0000000004bc2480, 0x0000000004bc2950]
Event: 35.228 Thread 0x0000000015976000 1125       3       java.lang.System$2::invokeFinalize (5 bytes)
Event: 35.228 Thread 0x0000000015976000 nmethod 1125 0x0000000004a5b590 code [0x0000000004a5b700, 0x0000000004a5b928]
Event: 35.232 Thread 0x0000000015976000 1126       3       java.lang.ref.Reference::clear (6 bytes)
Event: 35.233 Thread 0x0000000015976000 nmethod 1126 0x0000000004ab5dd0 code [0x0000000004ab5f20, 0x0000000004ab6090]
Event: 35.234 Thread 0x0000000015976000 1127       1       java.lang.ref.Finalizer::access$400 (5 bytes)
Event: 35.235 Thread 0x0000000015976000 nmethod 1127 0x0000000004ab5b10 code [0x0000000004ab5c60, 0x0000000004ab5d50]

GC Heap History (10 events):
Event: 1.752 GC heap before
{Heap before GC invocations=1 (full 0):
 PSYoungGen      total 9216K, used 8192K [0x00000000f6180000, 0x00000000f6b80000, 0x0000000100000000)
  eden space 8192K, 100% used [0x00000000f6180000,0x00000000f6980000,0x00000000f6980000)
  from space 1024K, 0% used [0x00000000f6a80000,0x00000000f6a80000,0x00000000f6b80000)
  to   space 1024K, 0% used [0x00000000f6980000,0x00000000f6980000,0x00000000f6a80000)
 ParOldGen       total 20480K, used 0K [0x00000000e2400000, 0x00000000e3800000, 0x00000000f6180000)
  object space 20480K, 0% used [0x00000000e2400000,0x00000000e2400000,0x00000000e3800000)
 Metaspace       used 5505K, capacity 5578K, committed 5760K, reserved 1056768K
  class space    used 585K, capacity 622K, committed 640K, reserved 1048576K
Event: 1.763 GC heap after
Heap after GC invocations=1 (full 0):
 PSYoungGen      total 9216K, used 1008K [0x00000000f6180000, 0x00000000f6b80000, 0x0000000100000000)
  eden space 8192K, 0% used [0x00000000f6180000,0x00000000f6180000,0x00000000f6980000)
  from space 1024K, 98% used [0x00000000f6980000,0x00000000f6a7c010,0x00000000f6a80000)
  to   space 1024K, 0% used [0x00000000f6a80000,0x00000000f6a80000,0x00000000f6b80000)
 ParOldGen       total 20480K, used 982K [0x00000000e2400000, 0x00000000e3800000, 0x00000000f6180000)
  object space 20480K, 4% used [0x00000000e2400000,0x00000000e24f5ad0,0x00000000e3800000)
 Metaspace       used 5505K, capacity 5578K, committed 5760K, reserved 1056768K
  class space    used 585K, capacity 622K, committed 640K, reserved 1048576K
}
Event: 3.279 GC heap before
{Heap before GC invocations=2 (full 0):
 PSYoungGen      total 9216K, used 9200K [0x00000000f6180000, 0x00000000f6b80000, 0x0000000100000000)
  eden space 8192K, 100% used [0x00000000f6180000,0x00000000f6980000,0x00000000f6980000)
  from space 1024K, 98% used [0x00000000f6980000,0x00000000f6a7c010,0x00000000f6a80000)
  to   space 1024K, 0% used [0x00000000f6a80000,0x00000000f6a80000,0x00000000f6b80000)
 ParOldGen       total 20480K, used 982K [0x00000000e2400000, 0x00000000e3800000, 0x00000000f6180000)
  object space 20480K, 4% used [0x00000000e2400000,0x00000000e24f5ad0,0x00000000e3800000)
 Metaspace       used 9425K, capacity 9666K, committed 9856K, reserved 1058816K
  class space    used 1089K, capacity 1152K, committed 1152K, reserved 1048576K
Event: 3.297 GC heap after
Heap after GC invocations=2 (full 0):
 PSYoungGen      total 9216K, used 1024K [0x00000000f6180000, 0x00000000f6b80000, 0x0000000100000000)
  eden space 8192K, 0% used [0x00000000f6180000,0x00000000f6180000,0x00000000f6980000)
  from space 1024K, 100% used [0x00000000f6a80000,0x00000000f6b80000,0x00000000f6b80000)
  to   space 1024K, 0% used [0x00000000f6980000,0x00000000f6980000,0x00000000f6a80000)
 ParOldGen       total 20480K, used 3907K [0x00000000e2400000, 0x00000000e3800000, 0x00000000f6180000)
  object space 20480K, 19% used [0x00000000e2400000,0x00000000e27d0e68,0x00000000e3800000)
 Metaspace       used 9425K, capacity 9666K, committed 9856K, reserved 1058816K
  class space    used 1089K, capacity 1152K, committed 1152K, reserved 1048576K
}
Event: 4.313 GC heap before
{Heap before GC invocations=3 (full 0):
 PSYoungGen      total 9216K, used 9216K [0x00000000f6180000, 0x00000000f6b80000, 0x0000000100000000)
  eden space 8192K, 100% used [0x00000000f6180000,0x00000000f6980000,0x00000000f6980000)
  from space 1024K, 100% used [0x00000000f6a80000,0x00000000f6b80000,0x00000000f6b80000)
  to   space 1024K, 0% used [0x00000000f6980000,0x00000000f6980000,0x00000000f6a80000)
 ParOldGen       total 20480K, used 3907K [0x00000000e2400000, 0x00000000e3800000, 0x00000000f6180000)
  object space 20480K, 19% used [0x00000000e2400000,0x00000000e27d0e68,0x00000000e3800000)
 Metaspace       used 9698K, capacity 9890K, committed 10240K, reserved 1058816K
  class space    used 1114K, capacity 1184K, committed 1280K, reserved 1048576K
Event: 4.333 GC heap after
Heap after GC invocations=3 (full 0):
 PSYoungGen      total 9216K, used 1021K [0x00000000f6180000, 0x00000000f7380000, 0x0000000100000000)
  eden space 8192K, 0% used [0x00000000f6180000,0x00000000f6180000,0x00000000f6980000)
  from space 1024K, 99% used [0x00000000f6980000,0x00000000f6a7f7d8,0x00000000f6a80000)
  to   space 1024K, 0% used [0x00000000f7280000,0x00000000f7280000,0x00000000f7380000)
 ParOldGen       total 20480K, used 8260K [0x00000000e2400000, 0x00000000e3800000, 0x00000000f6180000)
  object space 20480K, 40% used [0x00000000e2400000,0x00000000e2c11098,0x00000000e3800000)
 Metaspace       used 9698K, capacity 9890K, committed 10240K, reserved 1058816K
  class space    used 1114K, capacity 1184K, committed 1280K, reserved 1048576K
}
Event: 6.701 GC heap before
{Heap before GC invocations=4 (full 0):
 PSYoungGen      total 9216K, used 9174K [0x00000000f6180000, 0x00000000f7380000, 0x0000000100000000)
  eden space 8192K, 99% used [0x00000000f6180000,0x00000000f6976418,0x00000000f6980000)
  from space 1024K, 99% used [0x00000000f6980000,0x00000000f6a7f7d8,0x00000000f6a80000)
  to   space 1024K, 0% used [0x00000000f7280000,0x00000000f7280000,0x00000000f7380000)
 ParOldGen       total 20480K, used 8260K [0x00000000e2400000, 0x00000000e3800000, 0x00000000f6180000)
  object space 20480K, 40% used [0x00000000e2400000,0x00000000e2c11098,0x00000000e3800000)
 Metaspace       used 9957K, capacity 10178K, committed 10496K, reserved 1058816K
  class space    used 1142K, capacity 1216K, committed 1280K, reserved 1048576K
Event: 6.710 GC heap after
Heap after GC invocations=4 (full 0):
 PSYoungGen      total 17408K, used 1021K [0x00000000f6180000, 0x00000000f7380000, 0x0000000100000000)
  eden space 16384K, 0% used [0x00000000f6180000,0x00000000f6180000,0x00000000f7180000)
  from space 1024K, 99% used [0x00000000f7280000,0x00000000f737f7d8,0x00000000f7380000)
  to   space 1024K, 0% used [0x00000000f7180000,0x00000000f7180000,0x00000000f7280000)
 ParOldGen       total 20480K, used 8374K [0x00000000e2400000, 0x00000000e3800000, 0x00000000f6180000)
  object space 20480K, 40% used [0x00000000e2400000,0x00000000e2c2d958,0x00000000e3800000)
 Metaspace       used 9957K, capacity 10178K, committed 10496K, reserved 1058816K
  class space    used 1142K, capacity 1216K, committed 1280K, reserved 1048576K
}
Event: 10.905 GC heap before
{Heap before GC invocations=5 (full 0):
 PSYoungGen      total 17408K, used 17289K [0x00000000f6180000, 0x00000000f7380000, 0x0000000100000000)
  eden space 16384K, 99% used [0x00000000f6180000,0x00000000f7162f98,0x00000000f7180000)
  from space 1024K, 99% used [0x00000000f7280000,0x00000000f737f7d8,0x00000000f7380000)
  to   space 1024K, 0% used [0x00000000f7180000,0x00000000f7180000,0x00000000f7280000)
 ParOldGen       total 20480K, used 8374K [0x00000000e2400000, 0x00000000e3800000, 0x00000000f6180000)
  object space 20480K, 40% used [0x00000000e2400000,0x00000000e2c2d958,0x00000000e3800000)
 Metaspace       used 11699K, capacity 11914K, committed 12288K, reserved 1060864K
  class space    used 1334K, capacity 1410K, committed 1536K, reserved 1048576K
Event: 10.918 GC heap after
Heap after GC invocations=5 (full 0):
 PSYoungGen      total 16896K, used 1021K [0x00000000f6180000, 0x00000000f8100000, 0x0000000100000000)
  eden space 15872K, 0% used [0x00000000f6180000,0x00000000f6180000,0x00000000f7100000)
  from space 1024K, 99% used [0x00000000f7180000,0x00000000f727f7d8,0x00000000f7280000)
  to   space 8192K, 0% used [0x00000000f7900000,0x00000000f7900000,0x00000000f8100000)
 ParOldGen       total 20480K, used 13455K [0x00000000e2400000, 0x00000000e3800000, 0x00000000f6180000)
  object space 20480K, 65% used [0x00000000e2400000,0x00000000e3123fd0,0x00000000e3800000)
 Metaspace       used 11699K, capacity 11914K, committed 12288K, reserved 1060864K
  class space    used 1334K, capacity 1410K, committed 1536K, reserved 1048576K
}

Deoptimization events (10 events):
Event: 8.623 Thread 0x0000000018ce0800 Uncommon trap: reason=unstable_if action=reinterpret pc=0x0000000004be11a4 method=java.io.WinNTFileSystem.normalize(Ljava/lang/String;)Ljava/lang/String; @ 128
Event: 10.846 Thread 0x0000000018d05800 Uncommon trap: reason=unstable_if action=reinterpret pc=0x0000000004cbff58 method=java.io.BufferedInputStream.fill()V @ 26
Event: 13.336 Thread 0x0000000018d05800 Uncommon trap: reason=unstable_if action=reinterpret pc=0x0000000004ce21cc method=sun.awt.image.ImageRepresentation.getOpaqueRGBImage()Ljava/awt/image/BufferedImage; @ 57
Event: 13.714 Thread 0x0000000017ca7800 Uncommon trap: reason=unstable_if action=reinterpret pc=0x0000000004a72a08 method=sun.awt.image.ImageRepresentation.getOpaqueRGBImage()Ljava/awt/image/BufferedImage; @ 71
Event: 13.768 Thread 0x0000000018ce0800 Uncommon trap: reason=unstable_if action=reinterpret pc=0x0000000004a5bd3c method=totalcross.ui.gfx.Graphics.addError([IIIIIIIIII)V @ 9
Event: 13.779 Thread 0x0000000018ce0800 Uncommon trap: reason=unstable_if action=reinterpret pc=0x0000000004a54290 method=totalcross.ui.gfx.Graphics.drawSurface([ILjava/lang/Object;IIIIIIZIIII)V @ 558
Event: 19.600 Thread 0x0000000018ce0800 Uncommon trap: reason=unstable_if action=reinterpret pc=0x0000000004d6ca88 method=totalcross.ui.gfx.Graphics.translateAndClip(IIII)Z @ 29
Event: 19.690 Thread 0x0000000018ce0800 Uncommon trap: reason=unstable_if action=reinterpret pc=0x0000000004d12ca4 method=totalcross.ui.image.Image.getSmoothScaledInstance(II)Ltotalcross/ui/image/Image; @ 715
Event: 19.691 Thread 0x0000000018ce0800 Uncommon trap: reason=unstable_if action=reinterpret pc=0x0000000004a7ec78 method=totalcross.ui.image.Image.getSmoothScaledInstance(II)Ltotalcross/ui/image/Image; @ 715
Event: 19.752 Thread 0x0000000018ce0800 Uncommon trap: reason=unstable_if action=reinterpret pc=0x0000000004d626bc method=totalcross.ui.gfx.Graphics.drawText(Ljava/lang/String;III)V @ 17

Internal exceptions (10 events):
Event: 32.623 Thread 0x0000000017cb3000 Exception <a 'java/lang/InterruptedException': sleep interrupted> (0x00000000f6738dc0) thrown at [C:\re\workspace\8-2-build-windows-amd64-cygwin\jdk8u111\7883\hotspot\src\share\vm\prims\jvm.cpp, line 3224]
Event: 32.973 Thread 0x0000000017cb3000 Exception <a 'java/lang/InterruptedException': sleep interrupted> (0x00000000f6739070) thrown at [C:\re\workspace\8-2-build-windows-amd64-cygwin\jdk8u111\7883\hotspot\src\share\vm\prims\jvm.cpp, line 3224]
Event: 33.323 Thread 0x0000000017cb3000 Exception <a 'java/lang/InterruptedException': sleep interrupted> (0x00000000f6739320) thrown at [C:\re\workspace\8-2-build-windows-amd64-cygwin\jdk8u111\7883\hotspot\src\share\vm\prims\jvm.cpp, line 3224]
Event: 33.673 Thread 0x0000000017cb3000 Exception <a 'java/lang/InterruptedException': sleep interrupted> (0x00000000f67395d0) thrown at [C:\re\workspace\8-2-build-windows-amd64-cygwin\jdk8u111\7883\hotspot\src\share\vm\prims\jvm.cpp, line 3224]
Event: 34.024 Thread 0x0000000017cb3000 Exception <a 'java/lang/InterruptedException': sleep interrupted> (0x00000000f6739880) thrown at [C:\re\workspace\8-2-build-windows-amd64-cygwin\jdk8u111\7883\hotspot\src\share\vm\prims\jvm.cpp, line 3224]
Event: 34.374 Thread 0x0000000017cb3000 Exception <a 'java/lang/InterruptedException': sleep interrupted> (0x00000000f6739b30) thrown at [C:\re\workspace\8-2-build-windows-amd64-cygwin\jdk8u111\7883\hotspot\src\share\vm\prims\jvm.cpp, line 3224]
Event: 34.692 Thread 0x0000000018ce0800 Exception <a 'java/io/FileNotFoundException'> (0x00000000f676af78) thrown at [C:\re\workspace\8-2-build-windows-amd64-cygwin\jdk8u111\7883\hotspot\src\share\vm\prims\jni.cpp, line 709]
Event: 34.692 Thread 0x0000000018ce0800 Exception <a 'java/io/FileNotFoundException'> (0x00000000f676ba20) thrown at [C:\re\workspace\8-2-build-windows-amd64-cygwin\jdk8u111\7883\hotspot\src\share\vm\prims\jni.cpp, line 709]
Event: 34.693 Thread 0x0000000018ce0800 Exception <a 'java/io/FileNotFoundException'> (0x00000000f676c810) thrown at [C:\re\workspace\8-2-build-windows-amd64-cygwin\jdk8u111\7883\hotspot\src\share\vm\prims\jni.cpp, line 709]
Event: 34.886 Thread 0x0000000017cb3000 Exception <a 'java/lang/InterruptedException': sleep interrupted> (0x00000000f6739de0) thrown at [C:\re\workspace\8-2-build-windows-amd64-cygwin\jdk8u111\7883\hotspot\src\share\vm\prims\jvm.cpp, line 3224]

Events (10 events):
Event: 35.229 Executing VM operation: RevokeBias
Event: 35.229 Executing VM operation: RevokeBias done
Event: 35.229 Executing VM operation: BulkRevokeBias
Event: 35.230 Executing VM operation: BulkRevokeBias done
Event: 35.234 Executing VM operation: RevokeBias
Event: 35.234 Executing VM operation: RevokeBias done
Event: 35.235 Executing VM operation: RevokeBias
Event: 35.235 Executing VM operation: RevokeBias done
Event: 35.235 Executing VM operation: RevokeBias
Event: 35.235 Executing VM operation: RevokeBias done


Dynamic libraries:
0x00007ff73e840000 - 0x00007ff73e877000 	C:\Program Files\Java\jre1.8.0_111\bin\javaw.exe
0x00007ffdb3860000 - 0x00007ffdb3a40000 	C:\WINDOWS\SYSTEM32\ntdll.dll
0x00007ffdb30f0000 - 0x00007ffdb319e000 	C:\WINDOWS\System32\KERNEL32.DLL
0x00007ffdb0ac0000 - 0x00007ffdb0d26000 	C:\WINDOWS\System32\KERNELBASE.dll
0x00007ffdb1000000 - 0x00007ffdb10a1000 	C:\WINDOWS\System32\ADVAPI32.dll
0x00007ffdb3560000 - 0x00007ffdb35fd000 	C:\WINDOWS\System32\msvcrt.dll
0x00007ffdb31a0000 - 0x00007ffdb31fb000 	C:\WINDOWS\System32\sechost.dll
0x00007ffdb1240000 - 0x00007ffdb135f000 	C:\WINDOWS\System32\RPCRT4.dll
0x00007ffdb0d90000 - 0x00007ffdb0f1f000 	C:\WINDOWS\System32\USER32.dll
0x00007ffdb0110000 - 0x00007ffdb0130000 	C:\WINDOWS\System32\win32u.dll
0x00007ffdb3730000 - 0x00007ffdb3758000 	C:\WINDOWS\System32\GDI32.dll
0x00007ffdb0920000 - 0x00007ffdb0ab3000 	C:\WINDOWS\System32\gdi32full.dll
0x00007ffdb0130000 - 0x00007ffdb01cb000 	C:\WINDOWS\System32\msvcp_win.dll
0x00007ffdafc60000 - 0x00007ffdafd56000 	C:\WINDOWS\System32\ucrtbase.dll
0x00007ffd9f5d0000 - 0x00007ffd9f839000 	C:\WINDOWS\WinSxS\amd64_microsoft.windows.common-controls_6595b64144ccf1df_6.0.16299.431_none_15c7d3ee93659e73\COMCTL32.dll
0x00007ffdb1920000 - 0x00007ffdb1c28000 	C:\WINDOWS\System32\combase.dll
0x00007ffdaff80000 - 0x00007ffdafff2000 	C:\WINDOWS\System32\bcryptPrimitives.dll
0x00007ffdb1160000 - 0x00007ffdb118d000 	C:\WINDOWS\System32\IMM32.DLL
0x00000000528b0000 - 0x0000000052982000 	C:\Program Files\Java\jre1.8.0_111\bin\msvcr100.dll
0x0000000052b50000 - 0x00000000533ea000 	C:\Program Files\Java\jre1.8.0_111\bin\server\jvm.dll
0x00007ffdb30e0000 - 0x00007ffdb30e8000 	C:\WINDOWS\System32\PSAPI.DLL
0x00007ffdab9f0000 - 0x00007ffdab9f9000 	C:\WINDOWS\SYSTEM32\WSOCK32.dll
0x00007ffdb3070000 - 0x00007ffdb30dc000 	C:\WINDOWS\System32\WS2_32.dll
0x00007ffdadf40000 - 0x00007ffdadf63000 	C:\WINDOWS\SYSTEM32\WINMM.dll
0x00007ffda15e0000 - 0x00007ffda15ea000 	C:\WINDOWS\SYSTEM32\VERSION.dll
0x00007ffdadee0000 - 0x00007ffdadf0a000 	C:\WINDOWS\SYSTEM32\WINMMBASE.dll
0x00007ffdafd60000 - 0x00007ffdafdaa000 	C:\WINDOWS\System32\cfgmgr32.dll
0x0000000052a60000 - 0x0000000052a6f000 	C:\Program Files\Java\jre1.8.0_111\bin\verify.dll
0x0000000052a30000 - 0x0000000052a59000 	C:\Program Files\Java\jre1.8.0_111\bin\java.dll
0x0000000052a10000 - 0x0000000052a26000 	C:\Program Files\Java\jre1.8.0_111\bin\zip.dll
0x00007ffdb1c30000 - 0x00007ffdb3068000 	C:\WINDOWS\System32\SHELL32.dll
0x00007ffdb1190000 - 0x00007ffdb1236000 	C:\WINDOWS\System32\shcore.dll
0x00007ffdb01d0000 - 0x00007ffdb0917000 	C:\WINDOWS\System32\windows.storage.dll
0x00007ffdb0fa0000 - 0x00007ffdb0ff1000 	C:\WINDOWS\System32\shlwapi.dll
0x00007ffdafc20000 - 0x00007ffdafc31000 	C:\WINDOWS\System32\kernel.appcore.dll
0x00007ffdafbb0000 - 0x00007ffdafbfc000 	C:\WINDOWS\System32\powrprof.dll
0x00007ffdafc40000 - 0x00007ffdafc5b000 	C:\WINDOWS\System32\profapi.dll
0x0000000052710000 - 0x00000000528a8000 	C:\Program Files\Java\jre1.8.0_111\bin\awt.dll
0x00007ffdb3760000 - 0x00007ffdb3825000 	C:\WINDOWS\System32\OLEAUT32.dll
0x00007ffdae060000 - 0x00007ffdae0e8000 	C:\WINDOWS\SYSTEM32\apphelp.dll
0x00007ffdae450000 - 0x00007ffdae47a000 	C:\WINDOWS\system32\DWMAPI.DLL
0x00007ffdae1e0000 - 0x00007ffdae275000 	C:\WINDOWS\system32\uxtheme.dll
0x00007ffdb17b0000 - 0x00007ffdb1917000 	C:\WINDOWS\System32\MSCTF.dll
0x00007ffd99800000 - 0x00007ffd9987f000 	C:\Program Files (x86)\TeamViewer\tv_x64.dll
0x00007ffdb3200000 - 0x00007ffdb3349000 	C:\WINDOWS\System32\ole32.dll
0x00000000526c0000 - 0x0000000052707000 	C:\Program Files\Java\jre1.8.0_111\bin\fontmanager.dll
0x00007ffd9afc0000 - 0x00007ffd9b055000 	C:\WINDOWS\system32\RICHED20.DLL
0x00007ffd87ea0000 - 0x00007ffd87eb9000 	C:\WINDOWS\SYSTEM32\USP10.dll
0x00007ffd9af80000 - 0x00007ffd9afb8000 	C:\WINDOWS\SYSTEM32\msls31.dll
0x00007ffdb10b0000 - 0x00007ffdb114e000 	C:\WINDOWS\System32\clbcatq.dll
0x00007ffdaf6b0000 - 0x00007ffdaf6d5000 	C:\WINDOWS\system32\bcrypt.dll
0x00007ffda4f20000 - 0x00007ffda4fb8000 	C:\WINDOWS\System32\TextInputFramework.dll
0x00007ffdaa720000 - 0x00007ffdaaa0e000 	C:\WINDOWS\System32\CoreUIComponents.dll
0x00007ffdad0d0000 - 0x00007ffdad1ac000 	C:\WINDOWS\System32\CoreMessaging.dll
0x00007ffdaece0000 - 0x00007ffdaed11000 	C:\WINDOWS\SYSTEM32\ntmarta.dll
0x00007ffdac050000 - 0x00007ffdac186000 	C:\WINDOWS\SYSTEM32\wintypes.dll
0x00000000529f0000 - 0x0000000052a0a000 	C:\Program Files\Java\jre1.8.0_111\bin\net.dll
0x00007ffdaf3e0000 - 0x00007ffdaf446000 	C:\WINDOWS\system32\mswsock.dll
0x00007ffdaf1b0000 - 0x00007ffdaf266000 	C:\WINDOWS\SYSTEM32\DNSAPI.dll
0x00007ffdb3350000 - 0x00007ffdb3358000 	C:\WINDOWS\System32\NSI.dll
0x00007ffdaf170000 - 0x00007ffdaf1a9000 	C:\WINDOWS\SYSTEM32\IPHLPAPI.DLL
0x00007ffda4840000 - 0x00007ffda484a000 	C:\Windows\System32\rasadhlp.dll
0x00007ffda7050000 - 0x00007ffda70c0000 	C:\WINDOWS\System32\fwpuclnt.dll
0x00007ffdaf5a0000 - 0x00007ffdaf5b7000 	C:\WINDOWS\SYSTEM32\CRYPTSP.dll
0x00007ffdaefe0000 - 0x00007ffdaf013000 	C:\WINDOWS\system32\rsaenh.dll
0x00007ffdafab0000 - 0x00007ffdafad9000 	C:\WINDOWS\SYSTEM32\USERENV.dll
0x00007ffdaf5c0000 - 0x00007ffdaf5cb000 	C:\WINDOWS\SYSTEM32\CRYPTBASE.dll
0x00007ffdaa480000 - 0x00007ffdaa496000 	C:\WINDOWS\SYSTEM32\dhcpcsvc6.DLL
0x00007ffdaa4e0000 - 0x00007ffdaa4fa000 	C:\WINDOWS\SYSTEM32\dhcpcsvc.DLL
0x00000000529d0000 - 0x00000000529e1000 	C:\Program Files\Java\jre1.8.0_111\bin\nio.dll
0x00007ffda09b0000 - 0x00007ffda0b78000 	C:\WINDOWS\SYSTEM32\dbghelp.dll

VM Arguments:
jvm_args: -Dfile.encoding=Cp1252 
java_command: totalcross.Launcher /r 544353541A8E8B2A28D5B8E0 com.app.app
java_class_path (initial): C:\Program Files\Java\jre1.8.0_111\lib\resources.jar;C:\Program Files\Java\jre1.8.0_111\lib\rt.jar;C:\Program Files\Java\jre1.8.0_111\lib\jsse.jar;C:\Program Files\Java\jre1.8.0_111\lib\jce.jar;C:\Program Files\Java\jre1.8.0_111\lib\charsets.jar;C:\Program Files\Java\jre1.8.0_111\lib\jfr.jar;C:\Program Files\Java\jre1.8.0_111\lib\ext\access-bridge-64.jar;C:\Program Files\Java\jre1.8.0_111\lib\ext\cldrdata.jar;C:\Program Files\Java\jre1.8.0_111\lib\ext\dnsns.jar;C:\Program Files\Java\jre1.8.0_111\lib\ext\jaccess.jar;C:\Program Files\Java\jre1.8.0_111\lib\ext\jfxrt.jar;C:\Program Files\Java\jre1.8.0_111\lib\ext\localedata.jar;C:\Program Files\Java\jre1.8.0_111\lib\ext\nashorn.jar;C:\Program Files\Java\jre1.8.0_111\lib\ext\sunec.jar;C:\Program Files\Java\jre1.8.0_111\lib\ext\sunjce_provider.jar;C:\Program Files\Java\jre1.8.0_111\lib\ext\sunmscapi.jar;C:\Program Files\Java\jre1.8.0_111\lib\ext\sunpkcs11.jar;C:\Program Files\Java\jre1.8.0_111\lib\ext\zipfs.jar;C:\Users\marci\eclipse-workspace\app\target\classes;C:\Users\marci\.m2\repository\com\totalcross\utils\tc-utilities\0.0.1-SNAPSHOT\tc-utilities-0.0.1-SNAPSHOT.jar;C:\Users\marci\.m2\repository\com\totalcross\utils\magical-utils\0.0.1-SNAPSHOT\magical-utils-0.0.1-SNAPSHOT.jar;C:\Users\marci\.m2\repository\com\totalcross\totalcross-sdk\4.1.0\totalcross-sdk-4.1.0.jar;C:\Users\marci\.m2\repository\org\vafer\jdeb\0.7\jdeb-0.7.jar;C:\Users\marci\.m2\repository\org\apache\maven\maven-plugin-api\2.0.5\maven-plugin-api-2.0.5.jar;C:\Users\marci\.m2\repository\org\apache\maven\maven-project\2.0.5\maven-project-2.0.5.jar;C:\Users\marci\.m2\repository\org\apache\maven\maven-settings\2.0.5\maven-settings-2.0.5.jar;C:\Users\marci\.m2\repository\org\apache\maven\maven-profile\2.0.5\maven-profile-2.0.5.jar;C:\Users\marci\.m2\repository\org\apache\maven\maven-model\2.0.5\maven-model-2.0.5.jar;C:\Users\marci\.m2\repository\org\apache\maven\maven-artifact-manager\2.0.5\maven-artifact-manager-2.0.5.jar;C:\U
Launcher Type: SUN_STANDARD

Environment Variables:
JAVA_HOME=C:\Program Files\Java\jdk1.8.0_111
PATH=C:/Program Files/Java/jre1.8.0_111/bin/server;C:/Program Files/Java/jre1.8.0_111/bin;C:/Program Files/Java/jre1.8.0_111/lib/amd64;C:\ProgramData\Oracle\Java\javapath;C:\Program Files (x86)\Intel\TXE Components\TCS\;C:\Program Files\Intel\TXE Components\TCS\;C:\WINDOWS\system32;C:\WINDOWS;C:\WINDOWS\System32\Wbem;C:\WINDOWS\System32\WindowsPowerShell\v1.0\;C:\Program Files\Intel\TXE Components\DAL\;C:\Program Files (x86)\Intel\TXE Components\DAL\;C:\Program Files\Intel\TXE Components\IPT\;C:\Program Files (x86)\Intel\TXE Components\IPT\;C:\Program Files\Java\jdk1.8.0_111\bin;C:\TotalCross3\dist\vm\win32;C:\Users\marci\AppData\Local\Microsoft\WindowsApps;c:\TotalCross3\dist\vm\win32;C:\Program Files\Java\jdk1.8.0_111\bin;;C:\Users\marci\Desktop;
USERNAME=marci
OS=Windows_NT
PROCESSOR_IDENTIFIER=Intel64 Family 6 Model 76 Stepping 4, GenuineIntel



---------------  S Y S T E M  ---------------

OS: Windows 10.0 , 64 bit Build 16299 (10.0.16299.431)

CPU:total 2 (2 cores per cpu, 1 threads per core) family 6 model 76 stepping 4, cmov, cx8, fxsr, mmx, sse, sse2, sse3, ssse3, sse4.1, sse4.2, popcnt, aes, clmul, erms, 3dnowpref, tsc, tscinvbit

Memory: 4k page, physical 1946148k(222572k free), swap 5015584k(991160k free)

vm_info: Java HotSpot(TM) 64-Bit Server VM (25.111-b14) for windows-amd64 JRE (1.8.0_111-b14), built on Sep 22 2016 19:24:05 by "java_re" with MS VC++ 10.0 (VS2010)

time: Fri Jun 01 21:36:05 2018
elapsed time: 35 seconds (0d 0h 0m 35s)

