#
# A fatal error has been detected by the Java Runtime Environment:
#
#  EXCEPTION_ACCESS_VIOLATION (0xc0000005) at pc=0x000000006be42be0, pid=6544, tid=0x0000000000001bc0
#
# JRE version: Java(TM) SE Runtime Environment (8.0_111-b14) (build 1.8.0_111-b14)
# Java VM: Java HotSpot(TM) 64-Bit Server VM (25.111-b14 mixed mode windows-amd64 compressed oops)
# Problematic frame:
# C  0x000000006be42be0
#
# Failed to write core dump. Minidumps are not enabled by default on client versions of Windows
#
# If you would like to submit a bug report, please visit:
#   http://bugreport.java.com/bugreport/crash.jsp
# The crash happened outside the Java Virtual Machine in native code.
# See problematic frame for where to report the bug.
#

---------------  T H R E A D  ---------------

Current thread (0x0000000017e9c000):  JavaThread "Secondary finalizer" [_thread_in_native, id=7104, stack(0x000000001be70000,0x000000001bf70000)]

siginfo: ExceptionCode=0xc0000005, ExceptionInformation=0x0000000000000008 0x000000006be42be0

Registers:
RAX=0x000000006be42be0, RBX=0x00000000192ea8e8, RCX=0x0000000017e9c1f8, RDX=0x000000001bf6f278
RSP=0x000000001bf6f1d8, RBP=0x000000001bf6f258, RSI=0x0000000000000108, RDI=0x0000000000000036
R8 =0x0000000000000005, R9 =0x00000000e2d40248, R10=0x0000000004c7848b, R11=0x0000000052d7b580
R12=0x0000000000000000, R13=0x00000000192ea8e8, R14=0x000000001bf6f278, R15=0x0000000017e9c000
RIP=0x000000006be42be0, EFLAGS=0x0000000000010206

Top of Stack: (sp=0x000000001bf6f1d8)
0x000000001bf6f1d8:   0000000004c784b7 0000000004c656d0
0x000000001bf6f1e8:   0000000000000000 000000001bf6f3b8
0x000000001bf6f1f8:   000000001bf6f370 000000001bf6f2e0
0x000000001bf6f208:   0000000000000000 00000000e2d40248
0x000000001bf6f218:   000000001bf6f208 0000000000000000
0x000000001bf6f228:   000000001bf6f278 0000000019316500
0x000000001bf6f238:   0000000000000000 00000000192ea8e8
0x000000001bf6f248:   0000000000000000 000000001bf6f278
0x000000001bf6f258:   000000001bf6f2e0 0000000004c6835d
0x000000001bf6f268:   0000000000000000 0000000004c719d8
0x000000001bf6f278:   00000000e2d40248 00000000e2d40280
0x000000001bf6f288:   0000000000000000 0000000000000001
0x000000001bf6f298:   00000000e2d40248 000000001bf6f280
0x000000001bf6f2a8:   00000000192e56c6 000000001bf6f318
0x000000001bf6f2b8:   0000000019315d10 0000000000000000
0x000000001bf6f2c8:   00000000192e5760 000000001bf6f278 

Instructions: (pc=0x000000006be42be0)
0x000000006be42bc0:   
[error occurred during error reporting (printing registers, top of stack, instructions near pc), id 0xc0000005]

Register to memory mapping:

RAX=0x000000006be42be0 is an unknown value
RBX={method} {0x00000000192ea8f0} 'free_functions' '()V' in 'org/sqlite/core/NativeDB'
RCX=0x0000000017e9c1f8 is an unknown value
RDX=0x000000001bf6f278 is pointing into the stack for thread: 0x0000000017e9c000
RSP=0x000000001bf6f1d8 is pointing into the stack for thread: 0x0000000017e9c000
RBP=0x000000001bf6f258 is pointing into the stack for thread: 0x0000000017e9c000
RSI=0x0000000000000108 is an unknown value
RDI=0x0000000000000036 is an unknown value
R8 =0x0000000000000005 is an unknown value
R9 =0x00000000e2d40248 is an oop
org.sqlite.core.NativeDB 
 - klass: 'org/sqlite/core/NativeDB'
R10=0x0000000004c7848b is at code_begin+1227 in an Interpreter codelet
method entry point (kind = native_synchronized)  [0x0000000004c77fc0, 0x0000000004c78aa0]  2784 bytes
R11=0x0000000052d7b580 is an unknown value
R12=0x0000000000000000 is an unknown value
R13={method} {0x00000000192ea8f0} 'free_functions' '()V' in 'org/sqlite/core/NativeDB'
R14=0x000000001bf6f278 is pointing into the stack for thread: 0x0000000017e9c000
R15=0x0000000017e9c000 is a thread


Stack: [0x000000001be70000,0x000000001bf70000],  sp=0x000000001bf6f1d8,  free space=1020k
Native frames: (J=compiled Java code, j=interpreted, Vv=VM code, C=native code)
C  0x000000006be42be0

Java frames: (J=compiled Java code, j=interpreted, Vv=VM code)
j  org.sqlite.core.NativeDB.free_functions()V+0
j  org.sqlite.core.DB.close()V+102
j  org.sqlite.core.CoreConnection.close()V+26
j  org.sqlite.core.CoreConnection.finalize()V+1
J 1351 C1 java.lang.ref.Finalizer.runFinalizer(Lsun/misc/JavaLangAccess;)V (62 bytes) @ 0x000000000511e04c [0x000000000511dac0+0x58c]
J 1350 C1 java.lang.ref.Finalizer.access$100(Ljava/lang/ref/Finalizer;Lsun/misc/JavaLangAccess;)V (6 bytes) @ 0x0000000005012d1c [0x0000000005012cc0+0x5c]
j  java.lang.ref.Finalizer$3.run()V+58
j  java.lang.Thread.run()V+11
v  ~StubRoutines::call_stub

---------------  P R O C E S S  ---------------

Java Threads: ( => current thread )
=>0x0000000017e9c000 JavaThread "Secondary finalizer" [_thread_in_native, id=7104, stack(0x000000001be70000,0x000000001bf70000)]
  0x0000000017e9b800 JavaThread "Image Fetcher 2" daemon [_thread_blocked, id=4360, stack(0x000000001ba70000,0x000000001bb70000)]
  0x0000000017e99800 JavaThread "Image Fetcher 1" daemon [_thread_blocked, id=6608, stack(0x000000001b970000,0x000000001ba70000)]
  0x0000000017e9a800 JavaThread "Image Fetcher 0" daemon [_thread_blocked, id=4724, stack(0x000000001b870000,0x000000001b970000)]
  0x00000000193d7000 JavaThread "TC Event Thread" daemon [_thread_blocked, id=6096, stack(0x000000001af70000,0x000000001b070000)]
  0x0000000004b62800 JavaThread "DestroyJavaVM" [_thread_blocked, id=4520, stack(0x0000000004a60000,0x0000000004b60000)]
  0x0000000017c94800 JavaThread "AWT-EventQueue-0" [_thread_blocked, id=5324, stack(0x0000000018550000,0x0000000018650000)]
  0x0000000017c75800 JavaThread "AWT-Shutdown" [_thread_blocked, id=5144, stack(0x0000000018290000,0x0000000018390000)]
  0x0000000017c74800 JavaThread "Java2D Disposer" daemon [_thread_blocked, id=6764, stack(0x0000000018180000,0x0000000018280000)]
  0x0000000015cb7000 JavaThread "Service Thread" daemon [_thread_blocked, id=1400, stack(0x0000000016f80000,0x0000000017080000)]
  0x0000000015c42000 JavaThread "C1 CompilerThread1" daemon [_thread_blocked, id=4204, stack(0x0000000016e80000,0x0000000016f80000)]
  0x0000000015c3c000 JavaThread "C2 CompilerThread0" daemon [_thread_blocked, id=800, stack(0x0000000016d80000,0x0000000016e80000)]
  0x0000000015c3a800 JavaThread "Attach Listener" daemon [_thread_blocked, id=5960, stack(0x0000000016c80000,0x0000000016d80000)]
  0x0000000015c37000 JavaThread "Signal Dispatcher" daemon [_thread_blocked, id=5352, stack(0x0000000016b80000,0x0000000016c80000)]
  0x0000000015c28800 JavaThread "Finalizer" daemon [_thread_blocked, id=6336, stack(0x0000000016880000,0x0000000016980000)]
  0x0000000004c4f800 JavaThread "Reference Handler" daemon [_thread_blocked, id=2476, stack(0x0000000016780000,0x0000000016880000)]

Other Threads:
  0x0000000015c06000 VMThread [stack: 0x0000000016680000,0x0000000016780000] [id=4748]
  0x0000000015cce000 WatcherThread [stack: 0x0000000017480000,0x0000000017580000] [id=3092]

VM state:not at safepoint (normal execution)

VM Mutex/Monitor currently owned by a thread: None

Heap:
 PSYoungGen      total 17408K, used 13328K [0x00000000f6180000, 0x00000000f8e80000, 0x0000000100000000)
  eden space 16384K, 75% used [0x00000000f6180000,0x00000000f6d84900,0x00000000f7180000)
  from space 1024K, 99% used [0x00000000f7180000,0x00000000f727f7e8,0x00000000f7280000)
  to   space 6656K, 0% used [0x00000000f8800000,0x00000000f8800000,0x00000000f8e80000)
 ParOldGen       total 20480K, used 11417K [0x00000000e2400000, 0x00000000e3800000, 0x00000000f6180000)
  object space 20480K, 55% used [0x00000000e2400000,0x00000000e2f26530,0x00000000e3800000)
 Metaspace       used 12775K, capacity 13066K, committed 13440K, reserved 1060864K
  class space    used 1475K, capacity 1574K, committed 1664K, reserved 1048576K

Card table byte_map: [0x0000000014020000,0x0000000014110000] byte_map_base: 0x000000001390e000

Marking Bits: (ParMarkBitMap*) 0x000000005336a6c0
 Begin Bits: [0x0000000014310000, 0x0000000014a80000)
 End Bits:   [0x0000000014a80000, 0x00000000151f0000)

Polling page: 0x0000000002e00000

CodeCache: size=245760Kb used=4774Kb max_used=4834Kb free=240985Kb
 bounds [0x0000000004c60000, 0x0000000005120000, 0x0000000013c60000]
 total_blobs=1693 nmethods=1204 adapters=402
 compilation: enabled

Compilation events (10 events):
Event: 50.659 Thread 0x0000000015c42000 1350       3       java.lang.ref.Finalizer::access$100 (6 bytes)
Event: 50.660 Thread 0x0000000015c42000 nmethod 1350 0x0000000005012b50 code [0x0000000005012cc0, 0x0000000005012e28]
Event: 50.661 Thread 0x0000000015c42000 1351   !   3       java.lang.ref.Finalizer::runFinalizer (62 bytes)
Event: 50.662 Thread 0x0000000015c42000 nmethod 1351 0x000000000511d910 code [0x000000000511dac0, 0x000000000511e338]
Event: 50.662 Thread 0x0000000015c42000 1352       3       java.lang.System$2::invokeFinalize (5 bytes)
Event: 50.665 Thread 0x0000000015c42000 nmethod 1352 0x0000000004d9d390 code [0x0000000004d9d500, 0x0000000004d9d728]
Event: 50.670 Thread 0x0000000015c42000 1353       1       java.lang.ref.Finalizer::access$400 (5 bytes)
Event: 50.670 Thread 0x0000000015c42000 nmethod 1353 0x0000000004f576d0 code [0x0000000004f57820, 0x0000000004f57910]
Event: 50.671 Thread 0x0000000015c42000 1354   !   3       java.lang.ref.Finalizer::remove (94 bytes)
Event: 50.672 Thread 0x0000000015c42000 nmethod 1354 0x0000000004dd7cd0 code [0x0000000004dd7e40, 0x0000000004dd8310]

GC Heap History (10 events):
Event: 1.161 GC heap before
{Heap before GC invocations=1 (full 0):
 PSYoungGen      total 9216K, used 8192K [0x00000000f6180000, 0x00000000f6b80000, 0x0000000100000000)
  eden space 8192K, 100% used [0x00000000f6180000,0x00000000f6980000,0x00000000f6980000)
  from space 1024K, 0% used [0x00000000f6a80000,0x00000000f6a80000,0x00000000f6b80000)
  to   space 1024K, 0% used [0x00000000f6980000,0x00000000f6980000,0x00000000f6a80000)
 ParOldGen       total 20480K, used 0K [0x00000000e2400000, 0x00000000e3800000, 0x00000000f6180000)
  object space 20480K, 0% used [0x00000000e2400000,0x00000000e2400000,0x00000000e3800000)
 Metaspace       used 5493K, capacity 5578K, committed 5760K, reserved 1056768K
  class space    used 585K, capacity 622K, committed 640K, reserved 1048576K
Event: 1.170 GC heap after
Heap after GC invocations=1 (full 0):
 PSYoungGen      total 9216K, used 1008K [0x00000000f6180000, 0x00000000f6b80000, 0x0000000100000000)
  eden space 8192K, 0% used [0x00000000f6180000,0x00000000f6180000,0x00000000f6980000)
  from space 1024K, 98% used [0x00000000f6980000,0x00000000f6a7c010,0x00000000f6a80000)
  to   space 1024K, 0% used [0x00000000f6a80000,0x00000000f6a80000,0x00000000f6b80000)
 ParOldGen       total 20480K, used 988K [0x00000000e2400000, 0x00000000e3800000, 0x00000000f6180000)
  object space 20480K, 4% used [0x00000000e2400000,0x00000000e24f7238,0x00000000e3800000)
 Metaspace       used 5493K, capacity 5578K, committed 5760K, reserved 1056768K
  class space    used 585K, capacity 622K, committed 640K, reserved 1048576K
}
Event: 2.382 GC heap before
{Heap before GC invocations=2 (full 0):
 PSYoungGen      total 9216K, used 9200K [0x00000000f6180000, 0x00000000f6b80000, 0x0000000100000000)
  eden space 8192K, 100% used [0x00000000f6180000,0x00000000f6980000,0x00000000f6980000)
  from space 1024K, 98% used [0x00000000f6980000,0x00000000f6a7c010,0x00000000f6a80000)
  to   space 1024K, 0% used [0x00000000f6a80000,0x00000000f6a80000,0x00000000f6b80000)
 ParOldGen       total 20480K, used 988K [0x00000000e2400000, 0x00000000e3800000, 0x00000000f6180000)
  object space 20480K, 4% used [0x00000000e2400000,0x00000000e24f7238,0x00000000e3800000)
 Metaspace       used 9415K, capacity 9666K, committed 9856K, reserved 1058816K
  class space    used 1089K, capacity 1152K, committed 1152K, reserved 1048576K
Event: 2.415 GC heap after
Heap after GC invocations=2 (full 0):
 PSYoungGen      total 9216K, used 1008K [0x00000000f6180000, 0x00000000f7380000, 0x0000000100000000)
  eden space 8192K, 0% used [0x00000000f6180000,0x00000000f6180000,0x00000000f6980000)
  from space 1024K, 98% used [0x00000000f6a80000,0x00000000f6b7c030,0x00000000f6b80000)
  to   space 1024K, 0% used [0x00000000f6980000,0x00000000f6980000,0x00000000f6a80000)
 ParOldGen       total 20480K, used 3942K [0x00000000e2400000, 0x00000000e3800000, 0x00000000f6180000)
  object space 20480K, 19% used [0x00000000e2400000,0x00000000e27d9930,0x00000000e3800000)
 Metaspace       used 9415K, capacity 9666K, committed 9856K, reserved 1058816K
  class space    used 1089K, capacity 1152K, committed 1152K, reserved 1048576K
}
Event: 3.107 GC heap before
{Heap before GC invocations=3 (full 0):
 PSYoungGen      total 9216K, used 9200K [0x00000000f6180000, 0x00000000f7380000, 0x0000000100000000)
  eden space 8192K, 100% used [0x00000000f6180000,0x00000000f6980000,0x00000000f6980000)
  from space 1024K, 98% used [0x00000000f6a80000,0x00000000f6b7c030,0x00000000f6b80000)
  to   space 1024K, 0% used [0x00000000f6980000,0x00000000f6980000,0x00000000f6a80000)
 ParOldGen       total 20480K, used 3942K [0x00000000e2400000, 0x00000000e3800000, 0x00000000f6180000)
  object space 20480K, 19% used [0x00000000e2400000,0x00000000e27d9930,0x00000000e3800000)
 Metaspace       used 9685K, capacity 9890K, committed 10240K, reserved 1058816K
  class space    used 1114K, capacity 1184K, committed 1280K, reserved 1048576K
Event: 3.119 GC heap after
Heap after GC invocations=3 (full 0):
 PSYoungGen      total 9216K, used 1021K [0x00000000f6180000, 0x00000000f7380000, 0x0000000100000000)
  eden space 8192K, 0% used [0x00000000f6180000,0x00000000f6180000,0x00000000f6980000)
  from space 1024K, 99% used [0x00000000f6980000,0x00000000f6a7f7e8,0x00000000f6a80000)
  to   space 1024K, 0% used [0x00000000f7280000,0x00000000f7280000,0x00000000f7380000)
 ParOldGen       total 20480K, used 8284K [0x00000000e2400000, 0x00000000e3800000, 0x00000000f6180000)
  object space 20480K, 40% used [0x00000000e2400000,0x00000000e2c17360,0x00000000e3800000)
 Metaspace       used 9685K, capacity 9890K, committed 10240K, reserved 1058816K
  class space    used 1114K, capacity 1184K, committed 1280K, reserved 1048576K
}
Event: 4.990 GC heap before
{Heap before GC invocations=4 (full 0):
 PSYoungGen      total 9216K, used 9213K [0x00000000f6180000, 0x00000000f7380000, 0x0000000100000000)
  eden space 8192K, 100% used [0x00000000f6180000,0x00000000f6980000,0x00000000f6980000)
  from space 1024K, 99% used [0x00000000f6980000,0x00000000f6a7f7e8,0x00000000f6a80000)
  to   space 1024K, 0% used [0x00000000f7280000,0x00000000f7280000,0x00000000f7380000)
 ParOldGen       total 20480K, used 8284K [0x00000000e2400000, 0x00000000e3800000, 0x00000000f6180000)
  object space 20480K, 40% used [0x00000000e2400000,0x00000000e2c17360,0x00000000e3800000)
 Metaspace       used 9947K, capacity 10178K, committed 10496K, reserved 1058816K
  class space    used 1142K, capacity 1216K, committed 1280K, reserved 1048576K
Event: 5.002 GC heap after
Heap after GC invocations=4 (full 0):
 PSYoungGen      total 17408K, used 1005K [0x00000000f6180000, 0x00000000f7380000, 0x0000000100000000)
  eden space 16384K, 0% used [0x00000000f6180000,0x00000000f6180000,0x00000000f7180000)
  from space 1024K, 98% used [0x00000000f7280000,0x00000000f737b7f8,0x00000000f7380000)
  to   space 1024K, 0% used [0x00000000f7180000,0x00000000f7180000,0x00000000f7280000)
 ParOldGen       total 20480K, used 8475K [0x00000000e2400000, 0x00000000e3800000, 0x00000000f6180000)
  object space 20480K, 41% used [0x00000000e2400000,0x00000000e2c46c70,0x00000000e3800000)
 Metaspace       used 9947K, capacity 10178K, committed 10496K, reserved 1058816K
  class space    used 1142K, capacity 1216K, committed 1280K, reserved 1048576K
}
Event: 16.493 GC heap before
{Heap before GC invocations=5 (full 0):
 PSYoungGen      total 17408K, used 16851K [0x00000000f6180000, 0x00000000f7380000, 0x0000000100000000)
  eden space 16384K, 96% used [0x00000000f6180000,0x00000000f70f9520,0x00000000f7180000)
  from space 1024K, 98% used [0x00000000f7280000,0x00000000f737b7f8,0x00000000f7380000)
  to   space 1024K, 0% used [0x00000000f7180000,0x00000000f7180000,0x00000000f7280000)
 ParOldGen       total 20480K, used 8475K [0x00000000e2400000, 0x00000000e3800000, 0x00000000f6180000)
  object space 20480K, 41% used [0x00000000e2400000,0x00000000e2c46c70,0x00000000e3800000)
 Metaspace       used 11724K, capacity 11978K, committed 12288K, reserved 1060864K
  class space    used 1337K, capacity 1410K, committed 1536K, reserved 1048576K
Event: 16.504 GC heap after
Heap after GC invocations=5 (full 0):
 PSYoungGen      total 17408K, used 1021K [0x00000000f6180000, 0x00000000f8e80000, 0x0000000100000000)
  eden space 16384K, 0% used [0x00000000f6180000,0x00000000f6180000,0x00000000f7180000)
  from space 1024K, 99% used [0x00000000f7180000,0x00000000f727f7e8,0x00000000f7280000)
  to   space 6656K, 0% used [0x00000000f8800000,0x00000000f8800000,0x00000000f8e80000)
 ParOldGen       total 20480K, used 11417K [0x00000000e2400000, 0x00000000e3800000, 0x00000000f6180000)
  object space 20480K, 55% used [0x00000000e2400000,0x00000000e2f26530,0x00000000e3800000)
 Metaspace       used 11724K, capacity 11978K, committed 12288K, reserved 1060864K
  class space    used 1337K, capacity 1410K, committed 1536K, reserved 1048576K
}

Deoptimization events (10 events):
Event: 28.588 Thread 0x00000000193d7000 Uncommon trap: reason=unstable_if action=reinterpret pc=0x0000000005072208 method=totalcross.ui.gfx.Graphics.translateAndClip(IIII)Z @ 29
Event: 28.736 Thread 0x00000000193d7000 Uncommon trap: reason=unstable_if action=reinterpret pc=0x0000000004f28280 method=totalcross.ui.gfx.Graphics.drawText(Ljava/lang/String;III)V @ 17
Event: 47.084 Thread 0x00000000193d7000 Uncommon trap: reason=unstable_if action=reinterpret pc=0x000000000509a1a0 method=totalcross.ui.image.Image.getSmoothScaledInstance(II)Ltotalcross/ui/image/Image; @ 715
Event: 47.084 Thread 0x00000000193d7000 Uncommon trap: reason=unstable_if action=reinterpret pc=0x0000000005033c64 method=totalcross.ui.image.Image.getSmoothScaledInstance(II)Ltotalcross/ui/image/Image; @ 715
Event: 47.086 Thread 0x00000000193d7000 Uncommon trap: reason=unstable_if action=reinterpret pc=0x0000000004dc254c method=totalcross.ui.image.Image.getSmoothScaledInstance(II)Ltotalcross/ui/image/Image; @ 715
Event: 47.948 Thread 0x0000000017e9a800 Uncommon trap: reason=unstable_if action=reinterpret pc=0x0000000004f8ab88 method=totalcross.ui.image.Image$ImageLoader.setPixels(IIIILjava/awt/image/ColorModel;[III)V @ 34
Event: 47.948 Thread 0x0000000017e9a800 Uncommon trap: reason=unstable_if action=reinterpret pc=0x0000000004f55ee8 method=java.awt.image.DirectColorModel.getAlpha(I)I @ 4
Event: 47.948 Thread 0x0000000017e9a800 Uncommon trap: reason=unstable_if action=reinterpret pc=0x0000000004f56c28 method=java.awt.image.DirectColorModel.getAlpha(I)I @ 4
Event: 48.280 Thread 0x00000000193d7000 Uncommon trap: reason=unstable_if action=reinterpret pc=0x00000000050728b0 method=totalcross.ui.gfx.Graphics.fillRect(IIII)V @ 9
Event: 48.286 Thread 0x00000000193d7000 Uncommon trap: reason=unstable_if action=reinterpret pc=0x00000000050d9de0 method=totalcross.ui.gfx.Graphics.drawText(Ljava/lang/String;III)V @ 254

Internal exceptions (10 events):
Event: 48.236 Thread 0x00000000193d7000 Exception <a 'java/io/FileNotFoundException'> (0x00000000f6c5f460) thrown at [C:\re\workspace\8-2-build-windows-amd64-cygwin\jdk8u111\7883\hotspot\src\share\vm\prims\jni.cpp, line 709]
Event: 48.236 Thread 0x00000000193d7000 Exception <a 'java/io/FileNotFoundException'> (0x00000000f6c60308) thrown at [C:\re\workspace\8-2-build-windows-amd64-cygwin\jdk8u111\7883\hotspot\src\share\vm\prims\jni.cpp, line 709]
Event: 48.303 Thread 0x00000000180e7000 Exception <a 'java/lang/InterruptedException': sleep interrupted> (0x00000000f680f3c8) thrown at [C:\re\workspace\8-2-build-windows-amd64-cygwin\jdk8u111\7883\hotspot\src\share\vm\prims\jvm.cpp, line 3176]
Event: 48.801 Thread 0x00000000180e7000 Exception <a 'java/lang/InterruptedException': sleep interrupted> (0x00000000f680f678) thrown at [C:\re\workspace\8-2-build-windows-amd64-cygwin\jdk8u111\7883\hotspot\src\share\vm\prims\jvm.cpp, line 3224]
Event: 49.302 Thread 0x00000000180e7000 Exception <a 'java/lang/InterruptedException': sleep interrupted> (0x00000000f680f928) thrown at [C:\re\workspace\8-2-build-windows-amd64-cygwin\jdk8u111\7883\hotspot\src\share\vm\prims\jvm.cpp, line 3224]
Event: 49.802 Thread 0x00000000180e7000 Exception <a 'java/lang/InterruptedException': sleep interrupted> (0x00000000f680fbd8) thrown at [C:\re\workspace\8-2-build-windows-amd64-cygwin\jdk8u111\7883\hotspot\src\share\vm\prims\jvm.cpp, line 3224]
Event: 50.280 Thread 0x00000000193d7000 Exception <a 'java/io/FileNotFoundException'> (0x00000000f6cc64f0) thrown at [C:\re\workspace\8-2-build-windows-amd64-cygwin\jdk8u111\7883\hotspot\src\share\vm\prims\jni.cpp, line 709]
Event: 50.280 Thread 0x00000000193d7000 Exception <a 'java/io/FileNotFoundException'> (0x00000000f6cc6f98) thrown at [C:\re\workspace\8-2-build-windows-amd64-cygwin\jdk8u111\7883\hotspot\src\share\vm\prims\jni.cpp, line 709]
Event: 50.280 Thread 0x00000000193d7000 Exception <a 'java/io/FileNotFoundException'> (0x00000000f6cc7d88) thrown at [C:\re\workspace\8-2-build-windows-amd64-cygwin\jdk8u111\7883\hotspot\src\share\vm\prims\jni.cpp, line 709]
Event: 50.425 Thread 0x00000000180e7000 Exception <a 'java/lang/InterruptedException': sleep interrupted> (0x00000000f680fe88) thrown at [C:\re\workspace\8-2-build-windows-amd64-cygwin\jdk8u111\7883\hotspot\src\share\vm\prims\jvm.cpp, line 3224]

Events (10 events):
Event: 50.670 Thread 0x0000000015c42000 flushing nmethod 0x0000000004dd7b90
Event: 50.670 Thread 0x0000000015c42000 flushing nmethod 0x0000000004de5e10
Event: 50.672 Executing VM operation: RevokeBias
Event: 50.672 Executing VM operation: RevokeBias done
Event: 50.673 Executing VM operation: RevokeBias
Event: 50.673 Executing VM operation: RevokeBias done
Event: 50.673 Executing VM operation: RevokeBias
Event: 50.675 Executing VM operation: RevokeBias done
Event: 50.675 Executing VM operation: RevokeBias
Event: 50.675 Executing VM operation: RevokeBias done


Dynamic libraries:
0x00007ff6603b0000 - 0x00007ff6603e7000 	C:\Program Files\Java\jre1.8.0_111\bin\javaw.exe
0x00007ffdb3860000 - 0x00007ffdb3a40000 	C:\WINDOWS\SYSTEM32\ntdll.dll
0x00007ffdb30f0000 - 0x00007ffdb319e000 	C:\WINDOWS\System32\KERNEL32.DLL
0x00007ffdb0ac0000 - 0x00007ffdb0d26000 	C:\WINDOWS\System32\KERNELBASE.dll
0x00007ffdb1000000 - 0x00007ffdb10a1000 	C:\WINDOWS\System32\ADVAPI32.dll
0x00007ffdb3560000 - 0x00007ffdb35fd000 	C:\WINDOWS\System32\msvcrt.dll
0x00007ffdb31a0000 - 0x00007ffdb31fb000 	C:\WINDOWS\System32\sechost.dll
0x00007ffdb1240000 - 0x00007ffdb135f000 	C:\WINDOWS\System32\RPCRT4.dll
0x00007ffdb0d90000 - 0x00007ffdb0f1f000 	C:\WINDOWS\System32\USER32.dll
0x00007ffdb0110000 - 0x00007ffdb0130000 	C:\WINDOWS\System32\win32u.dll
0x00007ffdb3730000 - 0x00007ffdb3758000 	C:\WINDOWS\System32\GDI32.dll
0x00007ffdb0920000 - 0x00007ffdb0ab3000 	C:\WINDOWS\System32\gdi32full.dll
0x00007ffdb0130000 - 0x00007ffdb01cb000 	C:\WINDOWS\System32\msvcp_win.dll
0x00007ffdafc60000 - 0x00007ffdafd56000 	C:\WINDOWS\System32\ucrtbase.dll
0x00007ffd9f5d0000 - 0x00007ffd9f839000 	C:\WINDOWS\WinSxS\amd64_microsoft.windows.common-controls_6595b64144ccf1df_6.0.16299.431_none_15c7d3ee93659e73\COMCTL32.dll
0x00007ffdb1920000 - 0x00007ffdb1c28000 	C:\WINDOWS\System32\combase.dll
0x00007ffdaff80000 - 0x00007ffdafff2000 	C:\WINDOWS\System32\bcryptPrimitives.dll
0x00007ffdb1160000 - 0x00007ffdb118d000 	C:\WINDOWS\System32\IMM32.DLL
0x00000000539d0000 - 0x0000000053aa2000 	C:\Program Files\Java\jre1.8.0_111\bin\msvcr100.dll
0x0000000052b50000 - 0x00000000533ea000 	C:\Program Files\Java\jre1.8.0_111\bin\server\jvm.dll
0x00007ffdb30e0000 - 0x00007ffdb30e8000 	C:\WINDOWS\System32\PSAPI.DLL
0x00007ffdab9f0000 - 0x00007ffdab9f9000 	C:\WINDOWS\SYSTEM32\WSOCK32.dll
0x00007ffdb3070000 - 0x00007ffdb30dc000 	C:\WINDOWS\System32\WS2_32.dll
0x00007ffdadf40000 - 0x00007ffdadf63000 	C:\WINDOWS\SYSTEM32\WINMM.dll
0x00007ffda15e0000 - 0x00007ffda15ea000 	C:\WINDOWS\SYSTEM32\VERSION.dll
0x00007ffdadee0000 - 0x00007ffdadf0a000 	C:\WINDOWS\SYSTEM32\winmmbase.dll
0x00007ffdafd60000 - 0x00007ffdafdaa000 	C:\WINDOWS\System32\cfgmgr32.dll
0x0000000052a60000 - 0x0000000052a6f000 	C:\Program Files\Java\jre1.8.0_111\bin\verify.dll
0x0000000052a30000 - 0x0000000052a59000 	C:\Program Files\Java\jre1.8.0_111\bin\java.dll
0x0000000052a10000 - 0x0000000052a26000 	C:\Program Files\Java\jre1.8.0_111\bin\zip.dll
0x00007ffdb1c30000 - 0x00007ffdb3068000 	C:\WINDOWS\System32\SHELL32.dll
0x00007ffdb1190000 - 0x00007ffdb1236000 	C:\WINDOWS\System32\shcore.dll
0x00007ffdb01d0000 - 0x00007ffdb0917000 	C:\WINDOWS\System32\windows.storage.dll
0x00007ffdb0fa0000 - 0x00007ffdb0ff1000 	C:\WINDOWS\System32\shlwapi.dll
0x00007ffdafc20000 - 0x00007ffdafc31000 	C:\WINDOWS\System32\kernel.appcore.dll
0x00007ffdafbb0000 - 0x00007ffdafbfc000 	C:\WINDOWS\System32\powrprof.dll
0x00007ffdafc40000 - 0x00007ffdafc5b000 	C:\WINDOWS\System32\profapi.dll
0x0000000053830000 - 0x00000000539c8000 	C:\Program Files\Java\jre1.8.0_111\bin\awt.dll
0x00007ffdb3760000 - 0x00007ffdb3825000 	C:\WINDOWS\System32\OLEAUT32.dll
0x00007ffdae060000 - 0x00007ffdae0e8000 	C:\WINDOWS\SYSTEM32\apphelp.dll
0x00007ffdae450000 - 0x00007ffdae47a000 	C:\WINDOWS\system32\DWMAPI.DLL
0x00007ffdae1e0000 - 0x00007ffdae275000 	C:\WINDOWS\system32\uxtheme.dll
0x00007ffdb17b0000 - 0x00007ffdb1917000 	C:\WINDOWS\System32\MSCTF.dll
0x00007ffdb3200000 - 0x00007ffdb3349000 	C:\WINDOWS\System32\ole32.dll
0x00000000537e0000 - 0x0000000053827000 	C:\Program Files\Java\jre1.8.0_111\bin\fontmanager.dll
0x00007ffd9afc0000 - 0x00007ffd9b055000 	C:\WINDOWS\system32\RICHED20.DLL
0x00007ffd87ea0000 - 0x00007ffd87eb9000 	C:\WINDOWS\SYSTEM32\USP10.dll
0x00007ffd9e240000 - 0x00007ffd9e278000 	C:\WINDOWS\SYSTEM32\msls31.dll
0x00007ffdb10b0000 - 0x00007ffdb114e000 	C:\WINDOWS\System32\clbcatq.dll
0x00007ffdaf6b0000 - 0x00007ffdaf6d5000 	C:\WINDOWS\system32\bcrypt.dll
0x00007ffda4f20000 - 0x00007ffda4fb8000 	C:\WINDOWS\System32\TextInputFramework.dll
0x00007ffdad0d0000 - 0x00007ffdad1ac000 	C:\WINDOWS\System32\CoreMessaging.dll
0x00007ffdaa720000 - 0x00007ffdaaa0e000 	C:\WINDOWS\System32\CoreUIComponents.dll
0x00007ffdaece0000 - 0x00007ffdaed11000 	C:\WINDOWS\SYSTEM32\ntmarta.dll
0x00007ffdac050000 - 0x00007ffdac186000 	C:\WINDOWS\SYSTEM32\wintypes.dll
0x00000000529f0000 - 0x0000000052a0a000 	C:\Program Files\Java\jre1.8.0_111\bin\net.dll
0x00007ffdaf3e0000 - 0x00007ffdaf446000 	C:\WINDOWS\system32\mswsock.dll
0x00007ffdaf1b0000 - 0x00007ffdaf266000 	C:\WINDOWS\SYSTEM32\DNSAPI.dll
0x00007ffdb3350000 - 0x00007ffdb3358000 	C:\WINDOWS\System32\NSI.dll
0x00007ffdaf170000 - 0x00007ffdaf1a9000 	C:\WINDOWS\SYSTEM32\IPHLPAPI.DLL
0x00007ffda4840000 - 0x00007ffda484a000 	C:\Windows\System32\rasadhlp.dll
0x00007ffdaf5a0000 - 0x00007ffdaf5b7000 	C:\WINDOWS\SYSTEM32\CRYPTSP.dll
0x00007ffdaefe0000 - 0x00007ffdaf013000 	C:\WINDOWS\system32\rsaenh.dll
0x00007ffdafab0000 - 0x00007ffdafad9000 	C:\WINDOWS\SYSTEM32\USERENV.dll
0x00007ffdaf5c0000 - 0x00007ffdaf5cb000 	C:\WINDOWS\SYSTEM32\CRYPTBASE.dll
0x00007ffdaa480000 - 0x00007ffdaa496000 	C:\WINDOWS\SYSTEM32\dhcpcsvc6.DLL
0x00007ffdaa4e0000 - 0x00007ffdaa4fa000 	C:\WINDOWS\SYSTEM32\dhcpcsvc.DLL
0x00007ffda7050000 - 0x00007ffda70c0000 	C:\WINDOWS\System32\fwpuclnt.dll
0x00000000529d0000 - 0x00000000529e1000 	C:\Program Files\Java\jre1.8.0_111\bin\nio.dll
0x00000000537a0000 - 0x00000000537d1000 	C:\Program Files\Java\jre1.8.0_111\bin\jpeg.dll
0x00007ffda09b0000 - 0x00007ffda0b78000 	C:\WINDOWS\SYSTEM32\dbghelp.dll

VM Arguments:
jvm_args: -Dfile.encoding=Cp1252 
java_command: totalcross.Launcher /r 544353541A8E8B2A28D5B8E0 com.app.app
java_class_path (initial): C:\Program Files\Java\jre1.8.0_111\lib\resources.jar;C:\Program Files\Java\jre1.8.0_111\lib\rt.jar;C:\Program Files\Java\jre1.8.0_111\lib\jsse.jar;C:\Program Files\Java\jre1.8.0_111\lib\jce.jar;C:\Program Files\Java\jre1.8.0_111\lib\charsets.jar;C:\Program Files\Java\jre1.8.0_111\lib\jfr.jar;C:\Program Files\Java\jre1.8.0_111\lib\ext\access-bridge-64.jar;C:\Program Files\Java\jre1.8.0_111\lib\ext\cldrdata.jar;C:\Program Files\Java\jre1.8.0_111\lib\ext\dnsns.jar;C:\Program Files\Java\jre1.8.0_111\lib\ext\jaccess.jar;C:\Program Files\Java\jre1.8.0_111\lib\ext\jfxrt.jar;C:\Program Files\Java\jre1.8.0_111\lib\ext\localedata.jar;C:\Program Files\Java\jre1.8.0_111\lib\ext\nashorn.jar;C:\Program Files\Java\jre1.8.0_111\lib\ext\sunec.jar;C:\Program Files\Java\jre1.8.0_111\lib\ext\sunjce_provider.jar;C:\Program Files\Java\jre1.8.0_111\lib\ext\sunmscapi.jar;C:\Program Files\Java\jre1.8.0_111\lib\ext\sunpkcs11.jar;C:\Program Files\Java\jre1.8.0_111\lib\ext\zipfs.jar;C:\Users\marci\eclipse-workspace\app\target\classes;C:\Users\marci\.m2\repository\com\totalcross\utils\tc-utilities\0.0.1-SNAPSHOT\tc-utilities-0.0.1-SNAPSHOT.jar;C:\Users\marci\.m2\repository\com\totalcross\utils\magical-utils\0.0.1-SNAPSHOT\magical-utils-0.0.1-SNAPSHOT.jar;C:\Users\marci\.m2\repository\com\totalcross\totalcross-sdk\4.1.0\totalcross-sdk-4.1.0.jar;C:\Users\marci\.m2\repository\org\vafer\jdeb\0.7\jdeb-0.7.jar;C:\Users\marci\.m2\repository\org\apache\maven\maven-plugin-api\2.0.5\maven-plugin-api-2.0.5.jar;C:\Users\marci\.m2\repository\org\apache\maven\maven-project\2.0.5\maven-project-2.0.5.jar;C:\Users\marci\.m2\repository\org\apache\maven\maven-settings\2.0.5\maven-settings-2.0.5.jar;C:\Users\marci\.m2\repository\org\apache\maven\maven-profile\2.0.5\maven-profile-2.0.5.jar;C:\Users\marci\.m2\repository\org\apache\maven\maven-model\2.0.5\maven-model-2.0.5.jar;C:\Users\marci\.m2\repository\org\apache\maven\maven-artifact-manager\2.0.5\maven-artifact-manager-2.0.5.jar;C:\U
Launcher Type: SUN_STANDARD

Environment Variables:
JAVA_HOME=C:\Program Files\Java\jdk1.8.0_111
PATH=C:/Program Files/Java/jre1.8.0_111/bin/server;C:/Program Files/Java/jre1.8.0_111/bin;C:/Program Files/Java/jre1.8.0_111/lib/amd64;C:\ProgramData\Oracle\Java\javapath;C:\Program Files (x86)\Intel\TXE Components\TCS\;C:\Program Files\Intel\TXE Components\TCS\;C:\WINDOWS\system32;C:\WINDOWS;C:\WINDOWS\System32\Wbem;C:\WINDOWS\System32\WindowsPowerShell\v1.0\;C:\Program Files\Intel\TXE Components\DAL\;C:\Program Files (x86)\Intel\TXE Components\DAL\;C:\Program Files\Intel\TXE Components\IPT\;C:\Program Files (x86)\Intel\TXE Components\IPT\;C:\Program Files\Java\jdk1.8.0_111\bin;C:\TotalCross3\dist\vm\win32;C:\Users\marci\AppData\Local\Microsoft\WindowsApps;c:\TotalCross3\dist\vm\win32;C:\Program Files\Java\jdk1.8.0_111\bin;;C:\Users\marci\Desktop;
USERNAME=marci
OS=Windows_NT
PROCESSOR_IDENTIFIER=Intel64 Family 6 Model 76 Stepping 4, GenuineIntel



---------------  S Y S T E M  ---------------

OS: Windows 10.0 , 64 bit Build 16299 (10.0.16299.431)

CPU:total 2 (2 cores per cpu, 1 threads per core) family 6 model 76 stepping 4, cmov, cx8, fxsr, mmx, sse, sse2, sse3, ssse3, sse4.1, sse4.2, popcnt, aes, clmul, erms, 3dnowpref, tsc, tscinvbit

Memory: 4k page, physical 1946148k(271500k free), swap 4118320k(651880k free)

vm_info: Java HotSpot(TM) 64-Bit Server VM (25.111-b14) for windows-amd64 JRE (1.8.0_111-b14), built on Sep 22 2016 19:24:05 by "java_re" with MS VC++ 10.0 (VS2010)

time: Fri Jun 01 19:35:51 2018
elapsed time: 50 seconds (0d 0h 0m 50s)

