#
# A fatal error has been detected by the Java Runtime Environment:
#
#  EXCEPTION_ACCESS_VIOLATION (0xc0000005) at pc=0x000000006be42be0, pid=5256, tid=0x0000000000001b70
#
# JRE version: Java(TM) SE Runtime Environment (8.0_111-b14) (build 1.8.0_111-b14)
# Java VM: Java HotSpot(TM) 64-Bit Server VM (25.111-b14 mixed mode windows-amd64 compressed oops)
# Problematic frame:
# C  0x000000006be42be0
#
# Failed to write core dump. Minidumps are not enabled by default on client versions of Windows
#
# If you would like to submit a bug report, please visit:
#   http://bugreport.java.com/bugreport/crash.jsp
# The crash happened outside the Java Virtual Machine in native code.
# See problematic frame for where to report the bug.
#

---------------  T H R E A D  ---------------

Current thread (0x0000000017dc8800):  JavaThread "Secondary finalizer" [_thread_in_native, id=7024, stack(0x000000001ba20000,0x000000001bb20000)]

siginfo: ExceptionCode=0xc0000005, ExceptionInformation=0x0000000000000008 0x000000006be42be0

Registers:
RAX=0x000000006be42be0, RBX=0x00000000195ca890, RCX=0x0000000017dc89f8, RDX=0x000000001bb1f3d0
RSP=0x000000001bb1f328, RBP=0x000000001bb1f3b0, RSI=0x0000000000000108, RDI=0x0000000000000702
R8 =0x0000000000000005, R9 =0x00000000f6b7f170, R10=0x00000000051d848b, R11=0x0000000052d7b580
R12=0x0000000000000000, R13=0x00000000195ca890, R14=0x000000001bb1f3d0, R15=0x0000000017dc8800
RIP=0x000000006be42be0, EFLAGS=0x0000000000010206

Top of Stack: (sp=0x000000001bb1f328)
0x000000001bb1f328:   00000000051d84b7 000000001ad37cc8
0x000000001bb1f338:   0000000017dc8800 00000000051d76e2
0x000000001bb1f348:   000000001bb1f348 000000001bb1f438
0x000000001bb1f358:   000000000545b7b4 0000000000000000
0x000000001bb1f368:   00000000f6b7f170 000000001bb1f360
0x000000001bb1f378:   0000000000000000 000000001bb1f3d0
0x000000001bb1f388:   0000000019605e70 0000000000000000
0x000000001bb1f398:   00000000195ca890 0000000000000000
0x000000001bb1f3a8:   000000001bb1f3d0 000000001bb1f438
0x000000001bb1f3b8:   00000000051c835d 0000000000000000
0x000000001bb1f3c8:   00000000051d19d8 00000000f6b7f170
0x000000001bb1f3d8:   00000000f6b7f1a8 0000000000000000
0x000000001bb1f3e8:   0000000000000011 00000000f6b7f170
0x000000001bb1f3f8:   000000001bb1f3d8 00000000195c566e
0x000000001bb1f408:   000000001bb1f470 0000000019605680
0x000000001bb1f418:   0000000000000000 00000000195c5708 

Instructions: (pc=0x000000006be42be0)
0x000000006be42bc0:   
[error occurred during error reporting (printing registers, top of stack, instructions near pc), id 0xc0000005]

Register to memory mapping:

RAX=0x000000006be42be0 is an unknown value
RBX={method} {0x00000000195ca898} 'free_functions' '()V' in 'org/sqlite/core/NativeDB'
RCX=0x0000000017dc89f8 is an unknown value
RDX=0x000000001bb1f3d0 is pointing into the stack for thread: 0x0000000017dc8800
RSP=0x000000001bb1f328 is pointing into the stack for thread: 0x0000000017dc8800
RBP=0x000000001bb1f3b0 is pointing into the stack for thread: 0x0000000017dc8800
RSI=0x0000000000000108 is an unknown value
RDI=0x0000000000000702 is an unknown value
R8 =0x0000000000000005 is an unknown value
R9 =0x00000000f6b7f170 is an oop
org.sqlite.core.NativeDB 
 - klass: 'org/sqlite/core/NativeDB'
R10=0x00000000051d848b is at code_begin+1227 in an Interpreter codelet
method entry point (kind = native_synchronized)  [0x00000000051d7fc0, 0x00000000051d8aa0]  2784 bytes
R11=0x0000000052d7b580 is an unknown value
R12=0x0000000000000000 is an unknown value
R13={method} {0x00000000195ca898} 'free_functions' '()V' in 'org/sqlite/core/NativeDB'
R14=0x000000001bb1f3d0 is pointing into the stack for thread: 0x0000000017dc8800
R15=0x0000000017dc8800 is a thread


Stack: [0x000000001ba20000,0x000000001bb20000],  sp=0x000000001bb1f328,  free space=1020k
Native frames: (J=compiled Java code, j=interpreted, Vv=VM code, C=native code)
C  0x000000006be42be0

Java frames: (J=compiled Java code, j=interpreted, Vv=VM code)
j  org.sqlite.core.NativeDB.free_functions()V+0
j  org.sqlite.core.DB.close()V+102
j  org.sqlite.core.CoreConnection.close()V+26
j  org.sqlite.core.CoreConnection.finalize()V+1
j  java.lang.System$2.invokeFinalize(Ljava/lang/Object;)V+1
j  java.lang.ref.Finalizer.runFinalizer(Lsun/misc/JavaLangAccess;)V+46
j  java.lang.ref.Finalizer.access$100(Ljava/lang/ref/Finalizer;Lsun/misc/JavaLangAccess;)V+2
j  java.lang.ref.Finalizer$3.run()V+58
j  java.lang.Thread.run()V+11
v  ~StubRoutines::call_stub

---------------  P R O C E S S  ---------------

Java Threads: ( => current thread )
=>0x0000000017dc8800 JavaThread "Secondary finalizer" [_thread_in_native, id=7024, stack(0x000000001ba20000,0x000000001bb20000)]
  0x00000000197ea800 JavaThread "TC Event Thread" daemon [_thread_blocked, id=3848, stack(0x000000001aa20000,0x000000001ab20000)]
  0x00000000050c2800 JavaThread "DestroyJavaVM" [_thread_blocked, id=3428, stack(0x0000000004f40000,0x0000000005040000)]
  0x0000000018234800 JavaThread "AWT-EventQueue-0" [_thread_blocked, id=2660, stack(0x0000000018b30000,0x0000000018c30000)]
  0x0000000018218000 JavaThread "AWT-Shutdown" [_thread_blocked, id=4836, stack(0x0000000018870000,0x0000000018970000)]
  0x0000000018215000 JavaThread "Java2D Disposer" daemon [_thread_blocked, id=5768, stack(0x0000000018770000,0x0000000018870000)]
  0x000000001629d000 JavaThread "Service Thread" daemon [_thread_blocked, id=3808, stack(0x0000000017570000,0x0000000017670000)]
  0x0000000016296000 JavaThread "C1 CompilerThread1" daemon [_thread_blocked, id=3440, stack(0x0000000017470000,0x0000000017570000)]
  0x000000001623c000 JavaThread "C2 CompilerThread0" daemon [_thread_blocked, id=4976, stack(0x0000000017370000,0x0000000017470000)]
  0x000000001623b000 JavaThread "Attach Listener" daemon [_thread_blocked, id=3420, stack(0x0000000017270000,0x0000000017370000)]
  0x0000000016238000 JavaThread "Signal Dispatcher" daemon [_thread_blocked, id=4380, stack(0x0000000017170000,0x0000000017270000)]
  0x0000000016228800 JavaThread "Finalizer" daemon [_thread_blocked, id=3948, stack(0x0000000016e70000,0x0000000016f70000)]
  0x00000000051af800 JavaThread "Reference Handler" daemon [_thread_blocked, id=1892, stack(0x0000000016d70000,0x0000000016e70000)]

Other Threads:
  0x0000000016206000 VMThread [stack: 0x0000000016c70000,0x0000000016d70000] [id=6228]
  0x00000000162c5800 WatcherThread [stack: 0x0000000017a70000,0x0000000017b70000] [id=6716]

VM state:not at safepoint (normal execution)

VM Mutex/Monitor currently owned by a thread: None

Heap:
 PSYoungGen      total 14336K, used 7519K [0x00000000f6180000, 0x00000000f7c80000, 0x0000000100000000)
  eden space 7168K, 49% used [0x00000000f6180000,0x00000000f64fbff8,0x00000000f6880000)
  from space 7168K, 55% used [0x00000000f6880000,0x00000000f6c5bc78,0x00000000f6f80000)
  to   space 6656K, 0% used [0x00000000f7600000,0x00000000f7600000,0x00000000f7c80000)
 ParOldGen       total 20480K, used 9991K [0x00000000e2400000, 0x00000000e3800000, 0x00000000f6180000)
  object space 20480K, 48% used [0x00000000e2400000,0x00000000e2dc1ce8,0x00000000e3800000)
 Metaspace       used 12720K, capacity 13038K, committed 13312K, reserved 1060864K
  class space    used 1399K, capacity 1480K, committed 1536K, reserved 1048576K

Card table byte_map: [0x0000000014580000,0x0000000014670000] byte_map_base: 0x0000000013e6e000

Marking Bits: (ParMarkBitMap*) 0x000000005336a6c0
 Begin Bits: [0x0000000014910000, 0x0000000015080000)
 End Bits:   [0x0000000015080000, 0x00000000157f0000)

Polling page: 0x0000000003370000

CodeCache: size=245760Kb used=5229Kb max_used=5287Kb free=240530Kb
 bounds [0x00000000051c0000, 0x0000000005700000, 0x00000000141c0000]
 total_blobs=1818 nmethods=1329 adapters=402
 compilation: enabled

Compilation events (10 events):
Event: 183.080 Thread 0x000000001623c000 1483       4       java.lang.Object::equals (11 bytes)
Event: 183.081 Thread 0x000000001623c000 nmethod 1483 0x00000000052d4710 code [0x00000000052d4840, 0x00000000052d48b8]
Event: 183.782 Thread 0x0000000016296000 1484       1       sun.awt.image.PixelConverter$Xrgb::rgbToPixel (2 bytes)
Event: 183.782 Thread 0x0000000016296000 nmethod 1484 0x000000000557c750 code [0x000000000557c8a0, 0x000000000557c9b0]
Event: 234.478 Thread 0x0000000016296000 1485       3       sun.util.locale.LocaleUtils::toLower (17 bytes)
Event: 234.479 Thread 0x0000000016296000 nmethod 1485 0x000000000557c2d0 code [0x000000000557c440, 0x000000000557c6b0]
Event: 238.145 Thread 0x0000000016296000 1486       3       java.io.FileInputStream::read (8 bytes)
Event: 238.145 Thread 0x0000000016296000 nmethod 1486 0x000000000557bf50 code [0x000000000557c0c0, 0x000000000557c248]
Event: 238.243 Thread 0x000000001623c000 1487       4       java.io.FileInputStream::read (8 bytes)
Event: 238.244 Thread 0x000000001623c000 nmethod 1487 0x0000000005464250 code [0x00000000054643a0, 0x0000000005464428]

GC Heap History (10 events):
Event: 4.747 GC heap before
{Heap before GC invocations=3 (full 0):
 PSYoungGen      total 9216K, used 9200K [0x00000000f6180000, 0x00000000f6b80000, 0x0000000100000000)
  eden space 8192K, 100% used [0x00000000f6180000,0x00000000f6980000,0x00000000f6980000)
  from space 1024K, 98% used [0x00000000f6a80000,0x00000000f6b7c010,0x00000000f6b80000)
  to   space 1024K, 0% used [0x00000000f6980000,0x00000000f6980000,0x00000000f6a80000)
 ParOldGen       total 20480K, used 3916K [0x00000000e2400000, 0x00000000e3800000, 0x00000000f6180000)
  object space 20480K, 19% used [0x00000000e2400000,0x00000000e27d32c0,0x00000000e3800000)
 Metaspace       used 9686K, capacity 9890K, committed 10240K, reserved 1058816K
  class space    used 1114K, capacity 1184K, committed 1280K, reserved 1048576K
Event: 4.759 GC heap after
Heap after GC invocations=3 (full 0):
 PSYoungGen      total 9216K, used 1000K [0x00000000f6180000, 0x00000000f6b80000, 0x0000000100000000)
  eden space 8192K, 0% used [0x00000000f6180000,0x00000000f6180000,0x00000000f6980000)
  from space 1024K, 97% used [0x00000000f6980000,0x00000000f6a7a020,0x00000000f6a80000)
  to   space 1024K, 0% used [0x00000000f6a80000,0x00000000f6a80000,0x00000000f6b80000)
 ParOldGen       total 20480K, used 8319K [0x00000000e2400000, 0x00000000e3800000, 0x00000000f6180000)
  object space 20480K, 40% used [0x00000000e2400000,0x00000000e2c1fdd8,0x00000000e3800000)
 Metaspace       used 9686K, capacity 9890K, committed 10240K, reserved 1058816K
  class space    used 1114K, capacity 1184K, committed 1280K, reserved 1048576K
}
Event: 7.077 GC heap before
{Heap before GC invocations=4 (full 0):
 PSYoungGen      total 9216K, used 9192K [0x00000000f6180000, 0x00000000f6b80000, 0x0000000100000000)
  eden space 8192K, 100% used [0x00000000f6180000,0x00000000f6980000,0x00000000f6980000)
  from space 1024K, 97% used [0x00000000f6980000,0x00000000f6a7a020,0x00000000f6a80000)
  to   space 1024K, 0% used [0x00000000f6a80000,0x00000000f6a80000,0x00000000f6b80000)
 ParOldGen       total 20480K, used 8319K [0x00000000e2400000, 0x00000000e3800000, 0x00000000f6180000)
  object space 20480K, 40% used [0x00000000e2400000,0x00000000e2c1fdd8,0x00000000e3800000)
 Metaspace       used 9947K, capacity 10178K, committed 10496K, reserved 1058816K
  class space    used 1142K, capacity 1216K, committed 1280K, reserved 1048576K
Event: 7.090 GC heap after
Heap after GC invocations=4 (full 0):
 PSYoungGen      total 9216K, used 1004K [0x00000000f6180000, 0x00000000f6b80000, 0x0000000100000000)
  eden space 8192K, 0% used [0x00000000f6180000,0x00000000f6180000,0x00000000f6980000)
  from space 1024K, 98% used [0x00000000f6a80000,0x00000000f6b7b070,0x00000000f6b80000)
  to   space 1024K, 0% used [0x00000000f6980000,0x00000000f6980000,0x00000000f6a80000)
 ParOldGen       total 20480K, used 8522K [0x00000000e2400000, 0x00000000e3800000, 0x00000000f6180000)
  object space 20480K, 41% used [0x00000000e2400000,0x00000000e2c52970,0x00000000e3800000)
 Metaspace       used 9947K, capacity 10178K, committed 10496K, reserved 1058816K
  class space    used 1142K, capacity 1216K, committed 1280K, reserved 1048576K
}
Event: 8.974 GC heap before
{Heap before GC invocations=5 (full 0):
 PSYoungGen      total 9216K, used 9196K [0x00000000f6180000, 0x00000000f6b80000, 0x0000000100000000)
  eden space 8192K, 100% used [0x00000000f6180000,0x00000000f6980000,0x00000000f6980000)
  from space 1024K, 98% used [0x00000000f6a80000,0x00000000f6b7b070,0x00000000f6b80000)
  to   space 1024K, 0% used [0x00000000f6980000,0x00000000f6980000,0x00000000f6a80000)
 ParOldGen       total 20480K, used 8522K [0x00000000e2400000, 0x00000000e3800000, 0x00000000f6180000)
  object space 20480K, 41% used [0x00000000e2400000,0x00000000e2c52970,0x00000000e3800000)
 Metaspace       used 11368K, capacity 11626K, committed 11904K, reserved 1060864K
  class space    used 1305K, capacity 1378K, committed 1408K, reserved 1048576K
Event: 8.987 GC heap after
Heap after GC invocations=5 (full 0):
 PSYoungGen      total 9216K, used 997K [0x00000000f6180000, 0x00000000f7580000, 0x0000000100000000)
  eden space 8192K, 0% used [0x00000000f6180000,0x00000000f6180000,0x00000000f6980000)
  from space 1024K, 97% used [0x00000000f6980000,0x00000000f6a795c0,0x00000000f6a80000)
  to   space 6144K, 0% used [0x00000000f6f80000,0x00000000f6f80000,0x00000000f7580000)
 ParOldGen       total 20480K, used 9687K [0x00000000e2400000, 0x00000000e3800000, 0x00000000f6180000)
  object space 20480K, 47% used [0x00000000e2400000,0x00000000e2d75cd8,0x00000000e3800000)
 Metaspace       used 11368K, capacity 11626K, committed 11904K, reserved 1060864K
  class space    used 1305K, capacity 1378K, committed 1408K, reserved 1048576K
}
Event: 9.882 GC heap before
{Heap before GC invocations=6 (full 0):
 PSYoungGen      total 9216K, used 8366K [0x00000000f6180000, 0x00000000f7580000, 0x0000000100000000)
  eden space 8192K, 89% used [0x00000000f6180000,0x00000000f68b2380,0x00000000f6980000)
  from space 1024K, 97% used [0x00000000f6980000,0x00000000f6a795c0,0x00000000f6a80000)
  to   space 6144K, 0% used [0x00000000f6f80000,0x00000000f6f80000,0x00000000f7580000)
 ParOldGen       total 20480K, used 9687K [0x00000000e2400000, 0x00000000e3800000, 0x00000000f6180000)
  object space 20480K, 47% used [0x00000000e2400000,0x00000000e2d75cd8,0x00000000e3800000)
 Metaspace       used 11667K, capacity 11914K, committed 12288K, reserved 1060864K
  class space    used 1332K, capacity 1410K, committed 1536K, reserved 1048576K
Event: 9.924 GC heap after
Heap after GC invocations=6 (full 0):
 PSYoungGen      total 13312K, used 5010K [0x00000000f6180000, 0x00000000f7f80000, 0x0000000100000000)
  eden space 7168K, 0% used [0x00000000f6180000,0x00000000f6180000,0x00000000f6880000)
  from space 6144K, 81% used [0x00000000f6f80000,0x00000000f7464ba0,0x00000000f7580000)
  to   space 7168K, 0% used [0x00000000f6880000,0x00000000f6880000,0x00000000f6f80000)
 ParOldGen       total 20480K, used 9687K [0x00000000e2400000, 0x00000000e3800000, 0x00000000f6180000)
  object space 20480K, 47% used [0x00000000e2400000,0x00000000e2d75cd8,0x00000000e3800000)
 Metaspace       used 11667K, capacity 11914K, committed 12288K, reserved 1060864K
  class space    used 1332K, capacity 1410K, committed 1536K, reserved 1048576K
}
Event: 52.037 GC heap before
{Heap before GC invocations=7 (full 0):
 PSYoungGen      total 13312K, used 12178K [0x00000000f6180000, 0x00000000f7f80000, 0x0000000100000000)
  eden space 7168K, 100% used [0x00000000f6180000,0x00000000f6880000,0x00000000f6880000)
  from space 6144K, 81% used [0x00000000f6f80000,0x00000000f7464ba0,0x00000000f7580000)
  to   space 7168K, 0% used [0x00000000f6880000,0x00000000f6880000,0x00000000f6f80000)
 ParOldGen       total 20480K, used 9687K [0x00000000e2400000, 0x00000000e3800000, 0x00000000f6180000)
  object space 20480K, 47% used [0x00000000e2400000,0x00000000e2d75cd8,0x00000000e3800000)
 Metaspace       used 12418K, capacity 12654K, committed 12800K, reserved 1060864K
  class space    used 1395K, capacity 1480K, committed 1536K, reserved 1048576K
Event: 52.045 GC heap after
Heap after GC invocations=7 (full 0):
 PSYoungGen      total 14336K, used 3951K [0x00000000f6180000, 0x00000000f7c80000, 0x0000000100000000)
  eden space 7168K, 0% used [0x00000000f6180000,0x00000000f6180000,0x00000000f6880000)
  from space 7168K, 55% used [0x00000000f6880000,0x00000000f6c5bc78,0x00000000f6f80000)
  to   space 6656K, 0% used [0x00000000f7600000,0x00000000f7600000,0x00000000f7c80000)
 ParOldGen       total 20480K, used 9991K [0x00000000e2400000, 0x00000000e3800000, 0x00000000f6180000)
  object space 20480K, 48% used [0x00000000e2400000,0x00000000e2dc1ce8,0x00000000e3800000)
 Metaspace       used 12418K, capacity 12654K, committed 12800K, reserved 1060864K
  class space    used 1395K, capacity 1480K, committed 1536K, reserved 1048576K
}

Deoptimization events (10 events):
Event: 9.631 Thread 0x00000000197ea800 Uncommon trap: reason=unstable_if action=reinterpret pc=0x0000000005549904 method=org.sqlite.SQLiteJDBCLoader.contentsEquals(Ljava/io/InputStream;Ljava/io/InputStream;)Z @ 39
Event: 9.814 Thread 0x000000001874f000 Uncommon trap: reason=unstable_if action=reinterpret pc=0x0000000005561f4c method=sun.awt.image.ImageRepresentation.getOpaqueRGBImage()Ljava/awt/image/BufferedImage; @ 57
Event: 12.250 Thread 0x00000000197ea800 Uncommon trap: reason=unstable_if action=reinterpret pc=0x000000000558aefc method=totalcross.ui.image.Image.getSmoothScaledInstance(II)Ltotalcross/ui/image/Image; @ 746
Event: 12.436 Thread 0x00000000197ea800 Uncommon trap: reason=unstable_if action=reinterpret pc=0x0000000005324c3c method=totalcross.ui.gfx.Graphics.addError([IIIIIIIIII)V @ 9
Event: 12.447 Thread 0x00000000197ea800 Uncommon trap: reason=unstable_if action=reinterpret pc=0x00000000052d55d0 method=totalcross.ui.gfx.Graphics.drawSurface([ILjava/lang/Object;IIIIIIZIIII)V @ 558
Event: 16.357 Thread 0x00000000197ea800 Uncommon trap: reason=unstable_if action=reinterpret pc=0x0000000005426188 method=totalcross.ui.gfx.Graphics.translateAndClip(IIII)Z @ 19
Event: 16.447 Thread 0x00000000197ea800 Uncommon trap: reason=unstable_if action=reinterpret pc=0x000000000558ec4c method=totalcross.ui.image.Image.getSmoothScaledInstance(II)Ltotalcross/ui/image/Image; @ 715
Event: 16.564 Thread 0x00000000197ea800 Uncommon trap: reason=unstable_if action=reinterpret pc=0x00000000055b6a98 method=totalcross.ui.gfx.Graphics.drawText(Ljava/lang/String;III)V @ 17
Event: 89.294 Thread 0x00000000197ea800 Uncommon trap: reason=unstable_if action=reinterpret pc=0x00000000054c7004 method=totalcross.ui.gfx.Graphics.drawText(Ljava/lang/String;III)V @ 540
Event: 89.294 Thread 0x00000000197ea800 Uncommon trap: reason=unstable_if action=reinterpret pc=0x000000000541cd98 method=totalcross.ui.gfx.Graphics.drawText(Ljava/lang/String;III)V @ 1260

Internal exceptions (10 events):
Event: 235.972 Thread 0x000000001979e800 Exception <a 'java/lang/InterruptedException': sleep interrupted> (0x00000000f643e5d8) thrown at [C:\re\workspace\8-2-build-windows-amd64-cygwin\jdk8u111\7883\hotspot\src\share\vm\prims\jvm.cpp, line 3176]
Event: 236.322 Thread 0x000000001979e800 Exception <a 'java/lang/InterruptedException': sleep interrupted> (0x00000000f6457090) thrown at [C:\re\workspace\8-2-build-windows-amd64-cygwin\jdk8u111\7883\hotspot\src\share\vm\prims\jvm.cpp, line 3224]
Event: 236.672 Thread 0x000000001979e800 Exception <a 'java/lang/InterruptedException': sleep interrupted> (0x00000000f6457340) thrown at [C:\re\workspace\8-2-build-windows-amd64-cygwin\jdk8u111\7883\hotspot\src\share\vm\prims\jvm.cpp, line 3224]
Event: 237.022 Thread 0x000000001979e800 Exception <a 'java/lang/InterruptedException': sleep interrupted> (0x00000000f64575f0) thrown at [C:\re\workspace\8-2-build-windows-amd64-cygwin\jdk8u111\7883\hotspot\src\share\vm\prims\jvm.cpp, line 3224]
Event: 237.372 Thread 0x000000001979e800 Exception <a 'java/lang/InterruptedException': sleep interrupted> (0x00000000f64578a0) thrown at [C:\re\workspace\8-2-build-windows-amd64-cygwin\jdk8u111\7883\hotspot\src\share\vm\prims\jvm.cpp, line 3224]
Event: 237.722 Thread 0x000000001979e800 Exception <a 'java/lang/InterruptedException': sleep interrupted> (0x00000000f6457b50) thrown at [C:\re\workspace\8-2-build-windows-amd64-cygwin\jdk8u111\7883\hotspot\src\share\vm\prims\jvm.cpp, line 3224]
Event: 238.062 Thread 0x00000000197ea800 Exception <a 'java/io/FileNotFoundException'> (0x00000000f644bee0) thrown at [C:\re\workspace\8-2-build-windows-amd64-cygwin\jdk8u111\7883\hotspot\src\share\vm\prims\jni.cpp, line 709]
Event: 238.062 Thread 0x00000000197ea800 Exception <a 'java/io/FileNotFoundException'> (0x00000000f644c988) thrown at [C:\re\workspace\8-2-build-windows-amd64-cygwin\jdk8u111\7883\hotspot\src\share\vm\prims\jni.cpp, line 709]
Event: 238.062 Thread 0x00000000197ea800 Exception <a 'java/io/FileNotFoundException'> (0x00000000f644d778) thrown at [C:\re\workspace\8-2-build-windows-amd64-cygwin\jdk8u111\7883\hotspot\src\share\vm\prims\jni.cpp, line 709]
Event: 238.271 Thread 0x000000001979e800 Exception <a 'java/lang/InterruptedException': sleep interrupted> (0x00000000f6457e00) thrown at [C:\re\workspace\8-2-build-windows-amd64-cygwin\jdk8u111\7883\hotspot\src\share\vm\prims\jvm.cpp, line 3224]

Events (10 events):
Event: 238.937 Executing VM operation: RevokeBias
Event: 238.937 Executing VM operation: RevokeBias done
Event: 238.937 Executing VM operation: RevokeBias
Event: 238.937 Executing VM operation: RevokeBias done
Event: 238.957 Executing VM operation: RevokeBias
Event: 238.957 Executing VM operation: RevokeBias done
Event: 239.088 Executing VM operation: RevokeBias
Event: 239.088 Executing VM operation: RevokeBias done
Event: 239.105 Executing VM operation: RevokeBias
Event: 239.105 Executing VM operation: RevokeBias done


Dynamic libraries:
0x00007ff6bf740000 - 0x00007ff6bf777000 	C:\Program Files\Java\jre1.8.0_111\bin\javaw.exe
0x00007ffdb3860000 - 0x00007ffdb3a40000 	C:\WINDOWS\SYSTEM32\ntdll.dll
0x00007ffdb30f0000 - 0x00007ffdb319e000 	C:\WINDOWS\System32\KERNEL32.DLL
0x00007ffdb0ac0000 - 0x00007ffdb0d26000 	C:\WINDOWS\System32\KERNELBASE.dll
0x00007ffdb1000000 - 0x00007ffdb10a1000 	C:\WINDOWS\System32\ADVAPI32.dll
0x00007ffdb3560000 - 0x00007ffdb35fd000 	C:\WINDOWS\System32\msvcrt.dll
0x00007ffdb31a0000 - 0x00007ffdb31fb000 	C:\WINDOWS\System32\sechost.dll
0x00007ffdb1240000 - 0x00007ffdb135f000 	C:\WINDOWS\System32\RPCRT4.dll
0x00007ffdb0d90000 - 0x00007ffdb0f1f000 	C:\WINDOWS\System32\USER32.dll
0x00007ffdb0110000 - 0x00007ffdb0130000 	C:\WINDOWS\System32\win32u.dll
0x00007ffdb3730000 - 0x00007ffdb3758000 	C:\WINDOWS\System32\GDI32.dll
0x00007ffdb0920000 - 0x00007ffdb0ab3000 	C:\WINDOWS\System32\gdi32full.dll
0x00007ffdb0130000 - 0x00007ffdb01cb000 	C:\WINDOWS\System32\msvcp_win.dll
0x00007ffdafc60000 - 0x00007ffdafd56000 	C:\WINDOWS\System32\ucrtbase.dll
0x00007ffd9f5d0000 - 0x00007ffd9f839000 	C:\WINDOWS\WinSxS\amd64_microsoft.windows.common-controls_6595b64144ccf1df_6.0.16299.431_none_15c7d3ee93659e73\COMCTL32.dll
0x00007ffdb1920000 - 0x00007ffdb1c28000 	C:\WINDOWS\System32\combase.dll
0x00007ffdaff80000 - 0x00007ffdafff2000 	C:\WINDOWS\System32\bcryptPrimitives.dll
0x00007ffdb1160000 - 0x00007ffdb118d000 	C:\WINDOWS\System32\IMM32.DLL
0x00000000528b0000 - 0x0000000052982000 	C:\Program Files\Java\jre1.8.0_111\bin\msvcr100.dll
0x0000000052b50000 - 0x00000000533ea000 	C:\Program Files\Java\jre1.8.0_111\bin\server\jvm.dll
0x00007ffdb30e0000 - 0x00007ffdb30e8000 	C:\WINDOWS\System32\PSAPI.DLL
0x00007ffdab9f0000 - 0x00007ffdab9f9000 	C:\WINDOWS\SYSTEM32\WSOCK32.dll
0x00007ffdb3070000 - 0x00007ffdb30dc000 	C:\WINDOWS\System32\WS2_32.dll
0x00007ffdadf40000 - 0x00007ffdadf63000 	C:\WINDOWS\SYSTEM32\WINMM.dll
0x00007ffda15e0000 - 0x00007ffda15ea000 	C:\WINDOWS\SYSTEM32\VERSION.dll
0x00007ffdadee0000 - 0x00007ffdadf0a000 	C:\WINDOWS\SYSTEM32\WINMMBASE.dll
0x00007ffdafd60000 - 0x00007ffdafdaa000 	C:\WINDOWS\System32\cfgmgr32.dll
0x0000000052a60000 - 0x0000000052a6f000 	C:\Program Files\Java\jre1.8.0_111\bin\verify.dll
0x0000000052a30000 - 0x0000000052a59000 	C:\Program Files\Java\jre1.8.0_111\bin\java.dll
0x0000000052a10000 - 0x0000000052a26000 	C:\Program Files\Java\jre1.8.0_111\bin\zip.dll
0x00007ffdb1c30000 - 0x00007ffdb3068000 	C:\WINDOWS\System32\SHELL32.dll
0x00007ffdb1190000 - 0x00007ffdb1236000 	C:\WINDOWS\System32\shcore.dll
0x00007ffdb01d0000 - 0x00007ffdb0917000 	C:\WINDOWS\System32\windows.storage.dll
0x00007ffdb0fa0000 - 0x00007ffdb0ff1000 	C:\WINDOWS\System32\shlwapi.dll
0x00007ffdafc20000 - 0x00007ffdafc31000 	C:\WINDOWS\System32\kernel.appcore.dll
0x00007ffdafbb0000 - 0x00007ffdafbfc000 	C:\WINDOWS\System32\powrprof.dll
0x00007ffdafc40000 - 0x00007ffdafc5b000 	C:\WINDOWS\System32\profapi.dll
0x0000000052710000 - 0x00000000528a8000 	C:\Program Files\Java\jre1.8.0_111\bin\awt.dll
0x00007ffdb3760000 - 0x00007ffdb3825000 	C:\WINDOWS\System32\OLEAUT32.dll
0x00007ffdae060000 - 0x00007ffdae0e8000 	C:\WINDOWS\SYSTEM32\apphelp.dll
0x00007ffdae450000 - 0x00007ffdae47a000 	C:\WINDOWS\system32\DWMAPI.DLL
0x00007ffdae1e0000 - 0x00007ffdae275000 	C:\WINDOWS\system32\uxtheme.dll
0x00007ffdb17b0000 - 0x00007ffdb1917000 	C:\WINDOWS\System32\MSCTF.dll
0x00007ffd99800000 - 0x00007ffd9987f000 	C:\Program Files (x86)\TeamViewer\tv_x64.dll
0x00007ffdb3200000 - 0x00007ffdb3349000 	C:\WINDOWS\System32\ole32.dll
0x00000000526c0000 - 0x0000000052707000 	C:\Program Files\Java\jre1.8.0_111\bin\fontmanager.dll
0x00007ffd9afc0000 - 0x00007ffd9b055000 	C:\WINDOWS\system32\RICHED20.DLL
0x00007ffd87ea0000 - 0x00007ffd87eb9000 	C:\WINDOWS\SYSTEM32\USP10.dll
0x00007ffd9e240000 - 0x00007ffd9e278000 	C:\WINDOWS\SYSTEM32\msls31.dll
0x00007ffdb10b0000 - 0x00007ffdb114e000 	C:\WINDOWS\System32\clbcatq.dll
0x00007ffdaf6b0000 - 0x00007ffdaf6d5000 	C:\WINDOWS\system32\bcrypt.dll
0x00000000529f0000 - 0x0000000052a0a000 	C:\Program Files\Java\jre1.8.0_111\bin\net.dll
0x00007ffdaf3e0000 - 0x00007ffdaf446000 	C:\WINDOWS\system32\mswsock.dll
0x00007ffdaf1b0000 - 0x00007ffdaf266000 	C:\WINDOWS\SYSTEM32\DNSAPI.dll
0x00007ffdb3350000 - 0x00007ffdb3358000 	C:\WINDOWS\System32\NSI.dll
0x00007ffdaf170000 - 0x00007ffdaf1a9000 	C:\WINDOWS\SYSTEM32\IPHLPAPI.DLL
0x00007ffda4840000 - 0x00007ffda484a000 	C:\Windows\System32\rasadhlp.dll
0x00007ffdaf5a0000 - 0x00007ffdaf5b7000 	C:\WINDOWS\SYSTEM32\CRYPTSP.dll
0x00007ffdaefe0000 - 0x00007ffdaf013000 	C:\WINDOWS\system32\rsaenh.dll
0x00007ffdafab0000 - 0x00007ffdafad9000 	C:\WINDOWS\SYSTEM32\USERENV.dll
0x00007ffdaf5c0000 - 0x00007ffdaf5cb000 	C:\WINDOWS\SYSTEM32\CRYPTBASE.dll
0x00007ffdaa480000 - 0x00007ffdaa496000 	C:\WINDOWS\SYSTEM32\dhcpcsvc6.DLL
0x00007ffdaa4e0000 - 0x00007ffdaa4fa000 	C:\WINDOWS\SYSTEM32\dhcpcsvc.DLL
0x00007ffda7050000 - 0x00007ffda70c0000 	C:\WINDOWS\System32\fwpuclnt.dll
0x00000000529d0000 - 0x00000000529e1000 	C:\Program Files\Java\jre1.8.0_111\bin\nio.dll
0x00007ffda4f20000 - 0x00007ffda4fb8000 	C:\WINDOWS\System32\TextInputFramework.dll
0x00007ffdaa720000 - 0x00007ffdaaa0e000 	C:\WINDOWS\System32\CoreUIComponents.dll
0x00007ffdad0d0000 - 0x00007ffdad1ac000 	C:\WINDOWS\System32\CoreMessaging.dll
0x00007ffdaece0000 - 0x00007ffdaed11000 	C:\WINDOWS\SYSTEM32\ntmarta.dll
0x00007ffdac050000 - 0x00007ffdac186000 	C:\WINDOWS\SYSTEM32\wintypes.dll
0x00007ffda09b0000 - 0x00007ffda0b78000 	C:\WINDOWS\SYSTEM32\dbghelp.dll

VM Arguments:
jvm_args: -Dfile.encoding=Cp1252 
java_command: totalcross.Launcher /r 544353541A8E8B2A28D5B8E0 com.app.app
java_class_path (initial): C:\Program Files\Java\jre1.8.0_111\lib\resources.jar;C:\Program Files\Java\jre1.8.0_111\lib\rt.jar;C:\Program Files\Java\jre1.8.0_111\lib\jsse.jar;C:\Program Files\Java\jre1.8.0_111\lib\jce.jar;C:\Program Files\Java\jre1.8.0_111\lib\charsets.jar;C:\Program Files\Java\jre1.8.0_111\lib\jfr.jar;C:\Program Files\Java\jre1.8.0_111\lib\ext\access-bridge-64.jar;C:\Program Files\Java\jre1.8.0_111\lib\ext\cldrdata.jar;C:\Program Files\Java\jre1.8.0_111\lib\ext\dnsns.jar;C:\Program Files\Java\jre1.8.0_111\lib\ext\jaccess.jar;C:\Program Files\Java\jre1.8.0_111\lib\ext\jfxrt.jar;C:\Program Files\Java\jre1.8.0_111\lib\ext\localedata.jar;C:\Program Files\Java\jre1.8.0_111\lib\ext\nashorn.jar;C:\Program Files\Java\jre1.8.0_111\lib\ext\sunec.jar;C:\Program Files\Java\jre1.8.0_111\lib\ext\sunjce_provider.jar;C:\Program Files\Java\jre1.8.0_111\lib\ext\sunmscapi.jar;C:\Program Files\Java\jre1.8.0_111\lib\ext\sunpkcs11.jar;C:\Program Files\Java\jre1.8.0_111\lib\ext\zipfs.jar;C:\Users\marci\eclipse-workspace\app\target\classes;C:\Users\marci\.m2\repository\com\totalcross\utils\tc-utilities\0.0.1-SNAPSHOT\tc-utilities-0.0.1-SNAPSHOT.jar;C:\Users\marci\.m2\repository\com\totalcross\utils\magical-utils\0.0.1-SNAPSHOT\magical-utils-0.0.1-SNAPSHOT.jar;C:\Users\marci\.m2\repository\com\totalcross\totalcross-sdk\4.1.0\totalcross-sdk-4.1.0.jar;C:\Users\marci\.m2\repository\org\vafer\jdeb\0.7\jdeb-0.7.jar;C:\Users\marci\.m2\repository\org\apache\maven\maven-plugin-api\2.0.5\maven-plugin-api-2.0.5.jar;C:\Users\marci\.m2\repository\org\apache\maven\maven-project\2.0.5\maven-project-2.0.5.jar;C:\Users\marci\.m2\repository\org\apache\maven\maven-settings\2.0.5\maven-settings-2.0.5.jar;C:\Users\marci\.m2\repository\org\apache\maven\maven-profile\2.0.5\maven-profile-2.0.5.jar;C:\Users\marci\.m2\repository\org\apache\maven\maven-model\2.0.5\maven-model-2.0.5.jar;C:\Users\marci\.m2\repository\org\apache\maven\maven-artifact-manager\2.0.5\maven-artifact-manager-2.0.5.jar;C:\U
Launcher Type: SUN_STANDARD

Environment Variables:
JAVA_HOME=C:\Program Files\Java\jdk1.8.0_111
PATH=C:/Program Files/Java/jre1.8.0_111/bin/server;C:/Program Files/Java/jre1.8.0_111/bin;C:/Program Files/Java/jre1.8.0_111/lib/amd64;C:\ProgramData\Oracle\Java\javapath;C:\Program Files (x86)\Intel\TXE Components\TCS\;C:\Program Files\Intel\TXE Components\TCS\;C:\WINDOWS\system32;C:\WINDOWS;C:\WINDOWS\System32\Wbem;C:\WINDOWS\System32\WindowsPowerShell\v1.0\;C:\Program Files\Intel\TXE Components\DAL\;C:\Program Files (x86)\Intel\TXE Components\DAL\;C:\Program Files\Intel\TXE Components\IPT\;C:\Program Files (x86)\Intel\TXE Components\IPT\;C:\Program Files\Java\jdk1.8.0_111\bin;C:\TotalCross3\dist\vm\win32;C:\Users\marci\AppData\Local\Microsoft\WindowsApps;c:\TotalCross3\dist\vm\win32;C:\Program Files\Java\jdk1.8.0_111\bin;;C:\Users\marci\Desktop;
USERNAME=marci
OS=Windows_NT
PROCESSOR_IDENTIFIER=Intel64 Family 6 Model 76 Stepping 4, GenuineIntel



---------------  S Y S T E M  ---------------

OS: Windows 10.0 , 64 bit Build 16299 (10.0.16299.431)

CPU:total 2 (2 cores per cpu, 1 threads per core) family 6 model 76 stepping 4, cmov, cx8, fxsr, mmx, sse, sse2, sse3, ssse3, sse4.1, sse4.2, popcnt, aes, clmul, erms, 3dnowpref, tsc, tscinvbit

Memory: 4k page, physical 1946148k(209936k free), swap 5015584k(912836k free)

vm_info: Java HotSpot(TM) 64-Bit Server VM (25.111-b14) for windows-amd64 JRE (1.8.0_111-b14), built on Sep 22 2016 19:24:05 by "java_re" with MS VC++ 10.0 (VS2010)

time: Fri Jun 01 22:01:33 2018
elapsed time: 239 seconds (0d 0h 3m 59s)

