#
# A fatal error has been detected by the Java Runtime Environment:
#
#  EXCEPTION_ACCESS_VIOLATION (0xc0000005) at pc=0x000000006be42be0, pid=6532, tid=0x00000000000004c4
#
# JRE version: Java(TM) SE Runtime Environment (8.0_111-b14) (build 1.8.0_111-b14)
# Java VM: Java HotSpot(TM) 64-Bit Server VM (25.111-b14 mixed mode windows-amd64 compressed oops)
# Problematic frame:
# C  0x000000006be42be0
#
# Failed to write core dump. Minidumps are not enabled by default on client versions of Windows
#
# If you would like to submit a bug report, please visit:
#   http://bugreport.java.com/bugreport/crash.jsp
# The crash happened outside the Java Virtual Machine in native code.
# See problematic frame for where to report the bug.
#

---------------  T H R E A D  ---------------

Current thread (0x00000000170c3000):  JavaThread "Secondary finalizer" [_thread_in_native, id=1220, stack(0x000000001c4f0000,0x000000001c5f0000)]

siginfo: ExceptionCode=0xc0000005, ExceptionInformation=0x0000000000000008 0x000000006be42be0

Registers:
RAX=0x000000006be42be0, RBX=0x0000000018c8ca70, RCX=0x00000000170c31f8, RDX=0x000000001c5ef3b8
RSP=0x000000001c5ef318, RBP=0x000000001c5ef398, RSI=0x0000000000000108, RDI=0x0000000000000712
R8 =0x0000000000000005, R9 =0x00000000e2e63388, R10=0x000000000456848b, R11=0x0000000052d7b580
R12=0x0000000000000000, R13=0x0000000018c8ca70, R14=0x000000001c5ef3b8, R15=0x00000000170c3000
RIP=0x000000006be42be0, EFLAGS=0x0000000000010206

Top of Stack: (sp=0x000000001c5ef318)
0x000000001c5ef318:   00000000045684b7 000000001c5ef3b9
0x000000001c5ef328:   0000000052c0a598 000000001785ff60
0x000000001c5ef338:   00000000170c3000 000000001c5ef420
0x000000001c5ef348:   0000000000000000 00000000e2e63388
0x000000001c5ef358:   000000001c5ef348 0000000000000000
0x000000001c5ef368:   000000001c5ef3b8 0000000018cc8930
0x000000001c5ef378:   0000000000000000 0000000018c8ca70
0x000000001c5ef388:   0000000000000000 000000001c5ef3b8
0x000000001c5ef398:   000000001c5ef420 000000000455835d
0x000000001c5ef3a8:   0000000000000000 00000000045619d8
0x000000001c5ef3b8:   00000000e2e63388 00000000e2e633c0
0x000000001c5ef3c8:   0000000000000000 0000000000000001
0x000000001c5ef3d8:   00000000e2e63388 000000001c5ef3c0
0x000000001c5ef3e8:   0000000018c8784e 000000001c5ef458
0x000000001c5ef3f8:   0000000018cc8140 0000000000000000
0x000000001c5ef408:   0000000018c878e8 000000001c5ef3b8 

Instructions: (pc=0x000000006be42be0)
0x000000006be42bc0:   
[error occurred during error reporting (printing registers, top of stack, instructions near pc), id 0xc0000005]

Register to memory mapping:

RAX=0x000000006be42be0 is an unknown value
RBX={method} {0x0000000018c8ca78} 'free_functions' '()V' in 'org/sqlite/core/NativeDB'
RCX=0x00000000170c31f8 is an unknown value
RDX=0x000000001c5ef3b8 is pointing into the stack for thread: 0x00000000170c3000
RSP=0x000000001c5ef318 is pointing into the stack for thread: 0x00000000170c3000
RBP=0x000000001c5ef398 is pointing into the stack for thread: 0x00000000170c3000
RSI=0x0000000000000108 is an unknown value
RDI=0x0000000000000712 is an unknown value
R8 =0x0000000000000005 is an unknown value
R9 =0x00000000e2e63388 is an oop
org.sqlite.core.NativeDB 
 - klass: 'org/sqlite/core/NativeDB'
R10=0x000000000456848b is at code_begin+1227 in an Interpreter codelet
method entry point (kind = native_synchronized)  [0x0000000004567fc0, 0x0000000004568aa0]  2784 bytes
R11=0x0000000052d7b580 is an unknown value
R12=0x0000000000000000 is an unknown value
R13={method} {0x0000000018c8ca78} 'free_functions' '()V' in 'org/sqlite/core/NativeDB'
R14=0x000000001c5ef3b8 is pointing into the stack for thread: 0x00000000170c3000
R15=0x00000000170c3000 is a thread


Stack: [0x000000001c4f0000,0x000000001c5f0000],  sp=0x000000001c5ef318,  free space=1020k
Native frames: (J=compiled Java code, j=interpreted, Vv=VM code, C=native code)
C  0x000000006be42be0

Java frames: (J=compiled Java code, j=interpreted, Vv=VM code)
j  org.sqlite.core.NativeDB.free_functions()V+0
j  org.sqlite.core.DB.close()V+102
j  org.sqlite.core.CoreConnection.close()V+26
j  org.sqlite.core.CoreConnection.finalize()V+1
J 1257 C1 java.lang.System$2.invokeFinalize(Ljava/lang/Object;)V (5 bytes) @ 0x00000000046bbb44 [0x00000000046bba40+0x104]
j  java.lang.ref.Finalizer.runFinalizer(Lsun/misc/JavaLangAccess;)V+46
J 1251 C1 java.lang.ref.Finalizer.access$100(Ljava/lang/ref/Finalizer;Lsun/misc/JavaLangAccess;)V (6 bytes) @ 0x00000000049f021c [0x00000000049f01c0+0x5c]
j  java.lang.ref.Finalizer$3.run()V+58
j  java.lang.Thread.run()V+11
v  ~StubRoutines::call_stub

---------------  P R O C E S S  ---------------

Java Threads: ( => current thread )
=>0x00000000170c3000 JavaThread "Secondary finalizer" [_thread_in_native, id=1220, stack(0x000000001c4f0000,0x000000001c5f0000)]
  0x00000000170c6000 JavaThread "Image Fetcher 3" daemon [_thread_blocked, id=2548, stack(0x000000001b120000,0x000000001b220000)]
  0x00000000170c8000 JavaThread "Image Fetcher 2" daemon [_thread_blocked, id=916, stack(0x000000001b020000,0x000000001b120000)]
  0x00000000170c5000 JavaThread "Image Fetcher 1" daemon [_thread_blocked, id=4708, stack(0x000000001af20000,0x000000001b020000)]
  0x00000000170c4800 JavaThread "Image Fetcher 0" daemon [_thread_blocked, id=6564, stack(0x000000001ae20000,0x000000001af20000)]
  0x00000000170c3800 JavaThread "TC Event Thread" daemon [_thread_blocked, id=4504, stack(0x000000001a920000,0x000000001aa20000)]
  0x00000000155be800 JavaThread "DestroyJavaVM" [_thread_blocked, id=2532, stack(0x0000000004350000,0x0000000004450000)]
  0x00000000155bf800 JavaThread "AWT-EventQueue-0" [_thread_blocked, id=6872, stack(0x0000000017f00000,0x0000000018000000)]
  0x00000000155c1000 JavaThread "AWT-Shutdown" [_thread_blocked, id=2716, stack(0x0000000017c40000,0x0000000017d40000)]
  0x00000000155c2800 JavaThread "Java2D Disposer" daemon [_thread_blocked, id=4808, stack(0x0000000017b40000,0x0000000017c40000)]
  0x000000001559a000 JavaThread "Service Thread" daemon [_thread_blocked, id=6548, stack(0x0000000016860000,0x0000000016960000)]
  0x0000000015536000 JavaThread "C1 CompilerThread1" daemon [_thread_blocked, id=6292, stack(0x0000000016760000,0x0000000016860000)]
  0x0000000015530000 JavaThread "C2 CompilerThread0" daemon [_thread_blocked, id=2760, stack(0x0000000016660000,0x0000000016760000)]
  0x000000001552e800 JavaThread "Attach Listener" daemon [_thread_blocked, id=5980, stack(0x0000000016560000,0x0000000016660000)]
  0x0000000015529800 JavaThread "Signal Dispatcher" daemon [_thread_blocked, id=3256, stack(0x0000000016460000,0x0000000016560000)]
  0x0000000015518800 JavaThread "Finalizer" daemon [_thread_blocked, id=3976, stack(0x0000000016160000,0x0000000016260000)]
  0x0000000004540800 JavaThread "Reference Handler" daemon [_thread_blocked, id=3120, stack(0x0000000016060000,0x0000000016160000)]

Other Threads:
  0x00000000154f5800 VMThread [stack: 0x0000000015f60000,0x0000000016060000] [id=4896]
  0x00000000155b0000 WatcherThread [stack: 0x0000000016d60000,0x0000000016e60000] [id=2492]

VM state:not at safepoint (normal execution)

VM Mutex/Monitor currently owned by a thread: None

Heap:
 PSYoungGen      total 17408K, used 8491K [0x00000000f6180000, 0x00000000f8f80000, 0x0000000100000000)
  eden space 16384K, 45% used [0x00000000f6180000,0x00000000f68cc400,0x00000000f7180000)
  from space 1024K, 99% used [0x00000000f7180000,0x00000000f727e8d0,0x00000000f7280000)
  to   space 7168K, 0% used [0x00000000f8880000,0x00000000f8880000,0x00000000f8f80000)
 ParOldGen       total 20480K, used 12225K [0x00000000e2400000, 0x00000000e3800000, 0x00000000f6180000)
  object space 20480K, 59% used [0x00000000e2400000,0x00000000e2ff0560,0x00000000e3800000)
 Metaspace       used 12737K, capacity 13020K, committed 13440K, reserved 1060864K
  class space    used 1471K, capacity 1539K, committed 1664K, reserved 1048576K

Card table byte_map: [0x0000000013910000,0x0000000013a00000] byte_map_base: 0x00000000131fe000

Marking Bits: (ParMarkBitMap*) 0x000000005336a6c0
 Begin Bits: [0x0000000013c00000, 0x0000000014370000)
 End Bits:   [0x0000000014370000, 0x0000000014ae0000)

Polling page: 0x0000000002780000

CodeCache: size=245760Kb used=4684Kb max_used=4710Kb free=241075Kb
 bounds [0x0000000004550000, 0x0000000004a00000, 0x0000000013550000]
 total_blobs=1614 nmethods=1126 adapters=402
 compilation: enabled

Compilation events (10 events):
Event: 25.501 Thread 0x0000000015536000 1250       1       java.lang.ref.Finalizer::access$400 (5 bytes)
Event: 25.502 Thread 0x0000000015536000 nmethod 1250 0x000000000469dd10 code [0x000000000469de60, 0x000000000469df50]
Event: 25.502 Thread 0x0000000015536000 1252   !   3       java.io.FileInputStream::close (62 bytes)
Event: 25.503 Thread 0x0000000015536000 nmethod 1252 0x00000000046c4510 code [0x00000000046c46a0, 0x00000000046c4d18]
Event: 25.503 Thread 0x0000000015536000 1255       3       java.lang.ref.Finalizer::hasBeenFinalized (14 bytes)
Event: 25.504 Thread 0x0000000015536000 nmethod 1255 0x00000000046c4190 code [0x00000000046c42e0, 0x00000000046c4490]
Event: 25.504 Thread 0x0000000015536000 1256   !   3       java.lang.ref.Finalizer::remove (94 bytes)
Event: 25.505 Thread 0x0000000015536000 nmethod 1256 0x00000000046a9510 code [0x00000000046a9680, 0x00000000046a9b50]
Event: 25.505 Thread 0x0000000015536000 1257       3       java.lang.System$2::invokeFinalize (5 bytes)
Event: 25.506 Thread 0x0000000015536000 nmethod 1257 0x00000000046bb8d0 code [0x00000000046bba40, 0x00000000046bbc68]

GC Heap History (10 events):
Event: 1.514 GC heap before
{Heap before GC invocations=1 (full 0):
 PSYoungGen      total 9216K, used 8192K [0x00000000f6180000, 0x00000000f6b80000, 0x0000000100000000)
  eden space 8192K, 100% used [0x00000000f6180000,0x00000000f6980000,0x00000000f6980000)
  from space 1024K, 0% used [0x00000000f6a80000,0x00000000f6a80000,0x00000000f6b80000)
  to   space 1024K, 0% used [0x00000000f6980000,0x00000000f6980000,0x00000000f6a80000)
 ParOldGen       total 20480K, used 0K [0x00000000e2400000, 0x00000000e3800000, 0x00000000f6180000)
  object space 20480K, 0% used [0x00000000e2400000,0x00000000e2400000,0x00000000e3800000)
 Metaspace       used 5505K, capacity 5578K, committed 5760K, reserved 1056768K
  class space    used 585K, capacity 622K, committed 640K, reserved 1048576K
Event: 1.521 GC heap after
Heap after GC invocations=1 (full 0):
 PSYoungGen      total 9216K, used 1008K [0x00000000f6180000, 0x00000000f6b80000, 0x0000000100000000)
  eden space 8192K, 0% used [0x00000000f6180000,0x00000000f6180000,0x00000000f6980000)
  from space 1024K, 98% used [0x00000000f6980000,0x00000000f6a7c030,0x00000000f6a80000)
  to   space 1024K, 0% used [0x00000000f6a80000,0x00000000f6a80000,0x00000000f6b80000)
 ParOldGen       total 20480K, used 966K [0x00000000e2400000, 0x00000000e3800000, 0x00000000f6180000)
  object space 20480K, 4% used [0x00000000e2400000,0x00000000e24f1ad0,0x00000000e3800000)
 Metaspace       used 5505K, capacity 5578K, committed 5760K, reserved 1056768K
  class space    used 585K, capacity 622K, committed 640K, reserved 1048576K
}
Event: 2.490 GC heap before
{Heap before GC invocations=2 (full 0):
 PSYoungGen      total 9216K, used 9200K [0x00000000f6180000, 0x00000000f6b80000, 0x0000000100000000)
  eden space 8192K, 100% used [0x00000000f6180000,0x00000000f6980000,0x00000000f6980000)
  from space 1024K, 98% used [0x00000000f6980000,0x00000000f6a7c030,0x00000000f6a80000)
  to   space 1024K, 0% used [0x00000000f6a80000,0x00000000f6a80000,0x00000000f6b80000)
 ParOldGen       total 20480K, used 966K [0x00000000e2400000, 0x00000000e3800000, 0x00000000f6180000)
  object space 20480K, 4% used [0x00000000e2400000,0x00000000e24f1ad0,0x00000000e3800000)
 Metaspace       used 9419K, capacity 9666K, committed 9856K, reserved 1058816K
  class space    used 1089K, capacity 1152K, committed 1152K, reserved 1048576K
Event: 2.508 GC heap after
Heap after GC invocations=2 (full 0):
 PSYoungGen      total 9216K, used 1008K [0x00000000f6180000, 0x00000000f7380000, 0x0000000100000000)
  eden space 8192K, 0% used [0x00000000f6180000,0x00000000f6180000,0x00000000f6980000)
  from space 1024K, 98% used [0x00000000f6a80000,0x00000000f6b7c010,0x00000000f6b80000)
  to   space 1024K, 0% used [0x00000000f6980000,0x00000000f6980000,0x00000000f6a80000)
 ParOldGen       total 20480K, used 3930K [0x00000000e2400000, 0x00000000e3800000, 0x00000000f6180000)
  object space 20480K, 19% used [0x00000000e2400000,0x00000000e27d6bf8,0x00000000e3800000)
 Metaspace       used 9419K, capacity 9666K, committed 9856K, reserved 1058816K
  class space    used 1089K, capacity 1152K, committed 1152K, reserved 1048576K
}
Event: 3.253 GC heap before
{Heap before GC invocations=3 (full 0):
 PSYoungGen      total 9216K, used 9200K [0x00000000f6180000, 0x00000000f7380000, 0x0000000100000000)
  eden space 8192K, 100% used [0x00000000f6180000,0x00000000f6980000,0x00000000f6980000)
  from space 1024K, 98% used [0x00000000f6a80000,0x00000000f6b7c010,0x00000000f6b80000)
  to   space 1024K, 0% used [0x00000000f6980000,0x00000000f6980000,0x00000000f6a80000)
 ParOldGen       total 20480K, used 3930K [0x00000000e2400000, 0x00000000e3800000, 0x00000000f6180000)
  object space 20480K, 19% used [0x00000000e2400000,0x00000000e27d6bf8,0x00000000e3800000)
 Metaspace       used 9687K, capacity 9890K, committed 10240K, reserved 1058816K
  class space    used 1114K, capacity 1184K, committed 1280K, reserved 1048576K
Event: 3.269 GC heap after
Heap after GC invocations=3 (full 0):
 PSYoungGen      total 9216K, used 1018K [0x00000000f6180000, 0x00000000f7380000, 0x0000000100000000)
  eden space 8192K, 0% used [0x00000000f6180000,0x00000000f6180000,0x00000000f6980000)
  from space 1024K, 99% used [0x00000000f6980000,0x00000000f6a7eb00,0x00000000f6a80000)
  to   space 1024K, 0% used [0x00000000f7280000,0x00000000f7280000,0x00000000f7380000)
 ParOldGen       total 20480K, used 8266K [0x00000000e2400000, 0x00000000e3800000, 0x00000000f6180000)
  object space 20480K, 40% used [0x00000000e2400000,0x00000000e2c12918,0x00000000e3800000)
 Metaspace       used 9687K, capacity 9890K, committed 10240K, reserved 1058816K
  class space    used 1114K, capacity 1184K, committed 1280K, reserved 1048576K
}
Event: 5.054 GC heap before
{Heap before GC invocations=4 (full 0):
 PSYoungGen      total 9216K, used 9210K [0x00000000f6180000, 0x00000000f7380000, 0x0000000100000000)
  eden space 8192K, 100% used [0x00000000f6180000,0x00000000f6980000,0x00000000f6980000)
  from space 1024K, 99% used [0x00000000f6980000,0x00000000f6a7eb00,0x00000000f6a80000)
  to   space 1024K, 0% used [0x00000000f7280000,0x00000000f7280000,0x00000000f7380000)
 ParOldGen       total 20480K, used 8266K [0x00000000e2400000, 0x00000000e3800000, 0x00000000f6180000)
  object space 20480K, 40% used [0x00000000e2400000,0x00000000e2c12918,0x00000000e3800000)
 Metaspace       used 9948K, capacity 10178K, committed 10496K, reserved 1058816K
  class space    used 1142K, capacity 1216K, committed 1280K, reserved 1048576K
Event: 5.066 GC heap after
Heap after GC invocations=4 (full 0):
 PSYoungGen      total 17408K, used 1018K [0x00000000f6180000, 0x00000000f7380000, 0x0000000100000000)
  eden space 16384K, 0% used [0x00000000f6180000,0x00000000f6180000,0x00000000f7180000)
  from space 1024K, 99% used [0x00000000f7280000,0x00000000f737eb00,0x00000000f7380000)
  to   space 1024K, 0% used [0x00000000f7180000,0x00000000f7180000,0x00000000f7280000)
 ParOldGen       total 20480K, used 8438K [0x00000000e2400000, 0x00000000e3800000, 0x00000000f6180000)
  object space 20480K, 41% used [0x00000000e2400000,0x00000000e2c3d930,0x00000000e3800000)
 Metaspace       used 9948K, capacity 10178K, committed 10496K, reserved 1058816K
  class space    used 1142K, capacity 1216K, committed 1280K, reserved 1048576K
}
Event: 14.533 GC heap before
{Heap before GC invocations=5 (full 0):
 PSYoungGen      total 17408K, used 17332K [0x00000000f6180000, 0x00000000f7380000, 0x0000000100000000)
  eden space 16384K, 99% used [0x00000000f6180000,0x00000000f716e718,0x00000000f7180000)
  from space 1024K, 99% used [0x00000000f7280000,0x00000000f737eb00,0x00000000f7380000)
  to   space 1024K, 0% used [0x00000000f7180000,0x00000000f7180000,0x00000000f7280000)
 ParOldGen       total 20480K, used 8438K [0x00000000e2400000, 0x00000000e3800000, 0x00000000f6180000)
  object space 20480K, 41% used [0x00000000e2400000,0x00000000e2c3d930,0x00000000e3800000)
 Metaspace       used 12453K, capacity 12688K, committed 12928K, reserved 1060864K
  class space    used 1459K, capacity 1539K, committed 1664K, reserved 1048576K
Event: 14.554 GC heap after
Heap after GC invocations=5 (full 0):
 PSYoungGen      total 17408K, used 1018K [0x00000000f6180000, 0x00000000f8f80000, 0x0000000100000000)
  eden space 16384K, 0% used [0x00000000f6180000,0x00000000f6180000,0x00000000f7180000)
  from space 1024K, 99% used [0x00000000f7180000,0x00000000f727e8d0,0x00000000f7280000)
  to   space 7168K, 0% used [0x00000000f8880000,0x00000000f8880000,0x00000000f8f80000)
 ParOldGen       total 20480K, used 12225K [0x00000000e2400000, 0x00000000e3800000, 0x00000000f6180000)
  object space 20480K, 59% used [0x00000000e2400000,0x00000000e2ff0560,0x00000000e3800000)
 Metaspace       used 12453K, capacity 12688K, committed 12928K, reserved 1060864K
  class space    used 1459K, capacity 1539K, committed 1664K, reserved 1048576K
}

Deoptimization events (10 events):
Event: 14.489 Thread 0x00000000170c4800 Uncommon trap: reason=unstable_if action=reinterpret pc=0x000000000483dc28 method=java.awt.image.DirectColorModel.getAlpha(I)I @ 4
Event: 14.489 Thread 0x00000000170c4800 Uncommon trap: reason=unstable_if action=reinterpret pc=0x000000000483f0e8 method=java.awt.image.DirectColorModel.getAlpha(I)I @ 4
Event: 14.647 Thread 0x00000000170c3800 Uncommon trap: reason=unstable_if action=reinterpret pc=0x00000000049501f4 method=totalcross.ui.gfx.Graphics.fillRect(IIII)V @ 9
Event: 14.655 Thread 0x00000000170c3800 Uncommon trap: reason=unstable_if action=reinterpret pc=0x0000000004939bf0 method=totalcross.ui.gfx.Graphics.drawText(Ljava/lang/String;III)V @ 254
Event: 18.516 Thread 0x00000000170c3800 Uncommon trap: reason=unstable_if action=reinterpret pc=0x00000000047bed28 method=totalcross.ui.gfx.Graphics.drawText(Ljava/lang/String;III)V @ 211
Event: 18.521 Thread 0x00000000170c3800 Uncommon trap: reason=unstable_if action=reinterpret pc=0x000000000492807c method=totalcross.ui.gfx.Graphics.drawText(Ljava/lang/String;III)V @ 1109
Event: 18.544 Thread 0x00000000170c3800 Uncommon trap: reason=unstable_if action=reinterpret pc=0x000000000494cf9c method=totalcross.ui.gfx.Graphics.translateAndClip(IIII)Z @ 164
Event: 20.831 Thread 0x00000000170c3800 Uncommon trap: reason=unstable_if action=reinterpret pc=0x000000000480f7f8 method=totalcross.ui.gfx.Graphics.drawText(Ljava/lang/String;III)V @ 540
Event: 20.887 Thread 0x00000000170c3800 Uncommon trap: reason=unstable_if action=reinterpret pc=0x0000000004854064 method=totalcross.ui.gfx.Graphics.drawText(Ljava/lang/String;III)V @ 540
Event: 20.990 Thread 0x00000000170c3800 Uncommon trap: reason=unstable_if action=reinterpret pc=0x00000000046b0684 method=totalcross.ui.image.Image.applyColor2(I)V @ 278

Internal exceptions (10 events):
Event: 22.932 Thread 0x00000000155c1800 Exception <a 'java/lang/InterruptedException': sleep interrupted> (0x00000000f64df160) thrown at [C:\re\workspace\8-2-build-windows-amd64-cygwin\jdk8u111\7883\hotspot\src\share\vm\prims\jvm.cpp, line 3224]
Event: 23.000 Thread 0x00000000155c1800 Exception <a 'java/lang/InterruptedException': sleep interrupted> (0x00000000f64df410) thrown at [C:\re\workspace\8-2-build-windows-amd64-cygwin\jdk8u111\7883\hotspot\src\share\vm\prims\jvm.cpp, line 3224]
Event: 23.500 Thread 0x00000000155c1800 Exception <a 'java/lang/InterruptedException': sleep interrupted> (0x00000000f64df6c0) thrown at [C:\re\workspace\8-2-build-windows-amd64-cygwin\jdk8u111\7883\hotspot\src\share\vm\prims\jvm.cpp, line 3224]
Event: 24.002 Thread 0x00000000155c1800 Exception <a 'java/lang/InterruptedException': sleep interrupted> (0x00000000f64df970) thrown at [C:\re\workspace\8-2-build-windows-amd64-cygwin\jdk8u111\7883\hotspot\src\share\vm\prims\jvm.cpp, line 3224]
Event: 24.502 Thread 0x00000000155c1800 Exception <a 'java/lang/InterruptedException': sleep interrupted> (0x00000000f64dfc20) thrown at [C:\re\workspace\8-2-build-windows-amd64-cygwin\jdk8u111\7883\hotspot\src\share\vm\prims\jvm.cpp, line 3224]
Event: 25.002 Thread 0x00000000155c1800 Exception <a 'java/lang/InterruptedException': sleep interrupted> (0x00000000f64dfed0) thrown at [C:\re\workspace\8-2-build-windows-amd64-cygwin\jdk8u111\7883\hotspot\src\share\vm\prims\jvm.cpp, line 3224]
Event: 25.134 Thread 0x00000000170c3800 Exception <a 'java/io/FileNotFoundException'> (0x00000000f68194f8) thrown at [C:\re\workspace\8-2-build-windows-amd64-cygwin\jdk8u111\7883\hotspot\src\share\vm\prims\jni.cpp, line 709]
Event: 25.135 Thread 0x00000000170c3800 Exception <a 'java/io/FileNotFoundException'> (0x00000000f6819fa0) thrown at [C:\re\workspace\8-2-build-windows-amd64-cygwin\jdk8u111\7883\hotspot\src\share\vm\prims\jni.cpp, line 709]
Event: 25.136 Thread 0x00000000170c3800 Exception <a 'java/io/FileNotFoundException'> (0x00000000f681ad90) thrown at [C:\re\workspace\8-2-build-windows-amd64-cygwin\jdk8u111\7883\hotspot\src\share\vm\prims\jni.cpp, line 709]
Event: 25.281 Thread 0x00000000155c1800 Exception <a 'java/lang/InterruptedException': sleep interrupted> (0x00000000f64e0128) thrown at [C:\re\workspace\8-2-build-windows-amd64-cygwin\jdk8u111\7883\hotspot\src\share\vm\prims\jvm.cpp, line 3224]

Events (10 events):
Event: 25.502 Thread 0x0000000015536000 flushing nmethod 0x00000000046c3ed0
Event: 25.502 Thread 0x0000000015536000 flushing nmethod 0x00000000046c8050
Event: 25.502 Executing VM operation: RevokeBias
Event: 25.503 Executing VM operation: RevokeBias done
Event: 25.504 Executing VM operation: RevokeBias
Event: 25.504 Executing VM operation: RevokeBias done
Event: 25.505 Executing VM operation: RevokeBias
Event: 25.505 Executing VM operation: RevokeBias done
Event: 25.505 Executing VM operation: RevokeBias
Event: 25.505 Executing VM operation: RevokeBias done


Dynamic libraries:
0x00007ff73d0c0000 - 0x00007ff73d0f7000 	C:\Program Files\Java\jre1.8.0_111\bin\javaw.exe
0x00007ffdb3860000 - 0x00007ffdb3a40000 	C:\WINDOWS\SYSTEM32\ntdll.dll
0x00007ffdb30f0000 - 0x00007ffdb319e000 	C:\WINDOWS\System32\KERNEL32.DLL
0x00007ffdb0ac0000 - 0x00007ffdb0d26000 	C:\WINDOWS\System32\KERNELBASE.dll
0x00007ffdb1000000 - 0x00007ffdb10a1000 	C:\WINDOWS\System32\ADVAPI32.dll
0x00007ffdb3560000 - 0x00007ffdb35fd000 	C:\WINDOWS\System32\msvcrt.dll
0x00007ffdb31a0000 - 0x00007ffdb31fb000 	C:\WINDOWS\System32\sechost.dll
0x00007ffdb1240000 - 0x00007ffdb135f000 	C:\WINDOWS\System32\RPCRT4.dll
0x00007ffdb0d90000 - 0x00007ffdb0f1f000 	C:\WINDOWS\System32\USER32.dll
0x00007ffdb0110000 - 0x00007ffdb0130000 	C:\WINDOWS\System32\win32u.dll
0x00007ffdb3730000 - 0x00007ffdb3758000 	C:\WINDOWS\System32\GDI32.dll
0x00007ffdb0920000 - 0x00007ffdb0ab3000 	C:\WINDOWS\System32\gdi32full.dll
0x00007ffdb0130000 - 0x00007ffdb01cb000 	C:\WINDOWS\System32\msvcp_win.dll
0x00007ffdafc60000 - 0x00007ffdafd56000 	C:\WINDOWS\System32\ucrtbase.dll
0x00007ffd9f5d0000 - 0x00007ffd9f839000 	C:\WINDOWS\WinSxS\amd64_microsoft.windows.common-controls_6595b64144ccf1df_6.0.16299.431_none_15c7d3ee93659e73\COMCTL32.dll
0x00007ffdb1920000 - 0x00007ffdb1c28000 	C:\WINDOWS\System32\combase.dll
0x00007ffdaff80000 - 0x00007ffdafff2000 	C:\WINDOWS\System32\bcryptPrimitives.dll
0x00007ffdb1160000 - 0x00007ffdb118d000 	C:\WINDOWS\System32\IMM32.DLL
0x00000000528b0000 - 0x0000000052982000 	C:\Program Files\Java\jre1.8.0_111\bin\msvcr100.dll
0x0000000052b50000 - 0x00000000533ea000 	C:\Program Files\Java\jre1.8.0_111\bin\server\jvm.dll
0x00007ffdb30e0000 - 0x00007ffdb30e8000 	C:\WINDOWS\System32\PSAPI.DLL
0x00007ffdab9f0000 - 0x00007ffdab9f9000 	C:\WINDOWS\SYSTEM32\WSOCK32.dll
0x00007ffdadf40000 - 0x00007ffdadf63000 	C:\WINDOWS\SYSTEM32\WINMM.dll
0x00007ffdb3070000 - 0x00007ffdb30dc000 	C:\WINDOWS\System32\WS2_32.dll
0x00007ffda15e0000 - 0x00007ffda15ea000 	C:\WINDOWS\SYSTEM32\VERSION.dll
0x00007ffdadee0000 - 0x00007ffdadf0a000 	C:\WINDOWS\SYSTEM32\WINMMBASE.dll
0x00007ffdafd60000 - 0x00007ffdafdaa000 	C:\WINDOWS\System32\cfgmgr32.dll
0x0000000052a60000 - 0x0000000052a6f000 	C:\Program Files\Java\jre1.8.0_111\bin\verify.dll
0x0000000052a30000 - 0x0000000052a59000 	C:\Program Files\Java\jre1.8.0_111\bin\java.dll
0x0000000052a10000 - 0x0000000052a26000 	C:\Program Files\Java\jre1.8.0_111\bin\zip.dll
0x00007ffdb1c30000 - 0x00007ffdb3068000 	C:\WINDOWS\System32\SHELL32.dll
0x00007ffdb1190000 - 0x00007ffdb1236000 	C:\WINDOWS\System32\shcore.dll
0x00007ffdb01d0000 - 0x00007ffdb0917000 	C:\WINDOWS\System32\windows.storage.dll
0x00007ffdb0fa0000 - 0x00007ffdb0ff1000 	C:\WINDOWS\System32\shlwapi.dll
0x00007ffdafc20000 - 0x00007ffdafc31000 	C:\WINDOWS\System32\kernel.appcore.dll
0x00007ffdafbb0000 - 0x00007ffdafbfc000 	C:\WINDOWS\System32\powrprof.dll
0x00007ffdafc40000 - 0x00007ffdafc5b000 	C:\WINDOWS\System32\profapi.dll
0x0000000052710000 - 0x00000000528a8000 	C:\Program Files\Java\jre1.8.0_111\bin\awt.dll
0x00007ffdb3760000 - 0x00007ffdb3825000 	C:\WINDOWS\System32\OLEAUT32.dll
0x00007ffdae060000 - 0x00007ffdae0e8000 	C:\WINDOWS\SYSTEM32\apphelp.dll
0x00007ffdae450000 - 0x00007ffdae47a000 	C:\WINDOWS\system32\DWMAPI.DLL
0x00007ffdae1e0000 - 0x00007ffdae275000 	C:\WINDOWS\system32\uxtheme.dll
0x00007ffdb17b0000 - 0x00007ffdb1917000 	C:\WINDOWS\System32\MSCTF.dll
0x00007ffd99800000 - 0x00007ffd9987f000 	C:\Program Files (x86)\TeamViewer\tv_x64.dll
0x00007ffdb3200000 - 0x00007ffdb3349000 	C:\WINDOWS\System32\ole32.dll
0x00000000526c0000 - 0x0000000052707000 	C:\Program Files\Java\jre1.8.0_111\bin\fontmanager.dll
0x00007ffd99d20000 - 0x00007ffd99db5000 	C:\WINDOWS\system32\RICHED20.DLL
0x00007ffd87ea0000 - 0x00007ffd87eb9000 	C:\WINDOWS\SYSTEM32\USP10.dll
0x00007ffdab910000 - 0x00007ffdab948000 	C:\WINDOWS\SYSTEM32\msls31.dll
0x00007ffdb10b0000 - 0x00007ffdb114e000 	C:\WINDOWS\System32\clbcatq.dll
0x00007ffdaf6b0000 - 0x00007ffdaf6d5000 	C:\WINDOWS\system32\bcrypt.dll
0x00007ffda4f20000 - 0x00007ffda4fb8000 	C:\WINDOWS\System32\TextInputFramework.dll
0x00007ffdaa720000 - 0x00007ffdaaa0e000 	C:\WINDOWS\System32\CoreUIComponents.dll
0x00007ffdad0d0000 - 0x00007ffdad1ac000 	C:\WINDOWS\System32\CoreMessaging.dll
0x00007ffdaece0000 - 0x00007ffdaed11000 	C:\WINDOWS\SYSTEM32\ntmarta.dll
0x00007ffdac050000 - 0x00007ffdac186000 	C:\WINDOWS\SYSTEM32\wintypes.dll
0x00007ffdaf5a0000 - 0x00007ffdaf5b7000 	C:\WINDOWS\SYSTEM32\CRYPTSP.dll
0x00007ffdaefe0000 - 0x00007ffdaf013000 	C:\WINDOWS\system32\rsaenh.dll
0x00007ffdafab0000 - 0x00007ffdafad9000 	C:\WINDOWS\SYSTEM32\USERENV.dll
0x00007ffdaf5c0000 - 0x00007ffdaf5cb000 	C:\WINDOWS\SYSTEM32\CRYPTBASE.dll
0x00000000529f0000 - 0x0000000052a0a000 	C:\Program Files\Java\jre1.8.0_111\bin\net.dll
0x00007ffdaf3e0000 - 0x00007ffdaf446000 	C:\WINDOWS\system32\mswsock.dll
0x00007ffdaf1b0000 - 0x00007ffdaf266000 	C:\WINDOWS\SYSTEM32\DNSAPI.dll
0x00007ffdb3350000 - 0x00007ffdb3358000 	C:\WINDOWS\System32\NSI.dll
0x00007ffdaf170000 - 0x00007ffdaf1a9000 	C:\WINDOWS\SYSTEM32\IPHLPAPI.DLL
0x00007ffda4840000 - 0x00007ffda484a000 	C:\Windows\System32\rasadhlp.dll
0x00007ffdaa480000 - 0x00007ffdaa496000 	C:\WINDOWS\SYSTEM32\dhcpcsvc6.DLL
0x00007ffdaa4e0000 - 0x00007ffdaa4fa000 	C:\WINDOWS\SYSTEM32\dhcpcsvc.DLL
0x00007ffda7050000 - 0x00007ffda70c0000 	C:\WINDOWS\System32\fwpuclnt.dll
0x00000000529d0000 - 0x00000000529e1000 	C:\Program Files\Java\jre1.8.0_111\bin\nio.dll
0x0000000052680000 - 0x00000000526b1000 	C:\Program Files\Java\jre1.8.0_111\bin\jpeg.dll
0x00007ffda09b0000 - 0x00007ffda0b78000 	C:\WINDOWS\SYSTEM32\dbghelp.dll

VM Arguments:
jvm_args: -Dfile.encoding=Cp1252 
java_command: totalcross.Launcher /r 544353541A8E8B2A28D5B8E0 com.app.app
java_class_path (initial): C:\Program Files\Java\jre1.8.0_111\lib\resources.jar;C:\Program Files\Java\jre1.8.0_111\lib\rt.jar;C:\Program Files\Java\jre1.8.0_111\lib\jsse.jar;C:\Program Files\Java\jre1.8.0_111\lib\jce.jar;C:\Program Files\Java\jre1.8.0_111\lib\charsets.jar;C:\Program Files\Java\jre1.8.0_111\lib\jfr.jar;C:\Program Files\Java\jre1.8.0_111\lib\ext\access-bridge-64.jar;C:\Program Files\Java\jre1.8.0_111\lib\ext\cldrdata.jar;C:\Program Files\Java\jre1.8.0_111\lib\ext\dnsns.jar;C:\Program Files\Java\jre1.8.0_111\lib\ext\jaccess.jar;C:\Program Files\Java\jre1.8.0_111\lib\ext\jfxrt.jar;C:\Program Files\Java\jre1.8.0_111\lib\ext\localedata.jar;C:\Program Files\Java\jre1.8.0_111\lib\ext\nashorn.jar;C:\Program Files\Java\jre1.8.0_111\lib\ext\sunec.jar;C:\Program Files\Java\jre1.8.0_111\lib\ext\sunjce_provider.jar;C:\Program Files\Java\jre1.8.0_111\lib\ext\sunmscapi.jar;C:\Program Files\Java\jre1.8.0_111\lib\ext\sunpkcs11.jar;C:\Program Files\Java\jre1.8.0_111\lib\ext\zipfs.jar;C:\Users\marci\eclipse-workspace\app\target\classes;C:\Users\marci\.m2\repository\com\totalcross\utils\tc-utilities\0.0.1-SNAPSHOT\tc-utilities-0.0.1-SNAPSHOT.jar;C:\Users\marci\.m2\repository\com\totalcross\utils\magical-utils\0.0.1-SNAPSHOT\magical-utils-0.0.1-SNAPSHOT.jar;C:\Users\marci\.m2\repository\com\totalcross\totalcross-sdk\4.1.0\totalcross-sdk-4.1.0.jar;C:\Users\marci\.m2\repository\org\vafer\jdeb\0.7\jdeb-0.7.jar;C:\Users\marci\.m2\repository\org\apache\maven\maven-plugin-api\2.0.5\maven-plugin-api-2.0.5.jar;C:\Users\marci\.m2\repository\org\apache\maven\maven-project\2.0.5\maven-project-2.0.5.jar;C:\Users\marci\.m2\repository\org\apache\maven\maven-settings\2.0.5\maven-settings-2.0.5.jar;C:\Users\marci\.m2\repository\org\apache\maven\maven-profile\2.0.5\maven-profile-2.0.5.jar;C:\Users\marci\.m2\repository\org\apache\maven\maven-model\2.0.5\maven-model-2.0.5.jar;C:\Users\marci\.m2\repository\org\apache\maven\maven-artifact-manager\2.0.5\maven-artifact-manager-2.0.5.jar;C:\U
Launcher Type: SUN_STANDARD

Environment Variables:
JAVA_HOME=C:\Program Files\Java\jdk1.8.0_111
PATH=C:/Program Files/Java/jre1.8.0_111/bin/server;C:/Program Files/Java/jre1.8.0_111/bin;C:/Program Files/Java/jre1.8.0_111/lib/amd64;C:\ProgramData\Oracle\Java\javapath;C:\Program Files (x86)\Intel\TXE Components\TCS\;C:\Program Files\Intel\TXE Components\TCS\;C:\WINDOWS\system32;C:\WINDOWS;C:\WINDOWS\System32\Wbem;C:\WINDOWS\System32\WindowsPowerShell\v1.0\;C:\Program Files\Intel\TXE Components\DAL\;C:\Program Files (x86)\Intel\TXE Components\DAL\;C:\Program Files\Intel\TXE Components\IPT\;C:\Program Files (x86)\Intel\TXE Components\IPT\;C:\Program Files\Java\jdk1.8.0_111\bin;C:\TotalCross3\dist\vm\win32;C:\Users\marci\AppData\Local\Microsoft\WindowsApps;c:\TotalCross3\dist\vm\win32;C:\Program Files\Java\jdk1.8.0_111\bin;;C:\Users\marci\Desktop;
USERNAME=marci
OS=Windows_NT
PROCESSOR_IDENTIFIER=Intel64 Family 6 Model 76 Stepping 4, GenuineIntel



---------------  S Y S T E M  ---------------

OS: Windows 10.0 , 64 bit Build 16299 (10.0.16299.431)

CPU:total 2 (2 cores per cpu, 1 threads per core) family 6 model 76 stepping 4, cmov, cx8, fxsr, mmx, sse, sse2, sse3, ssse3, sse4.1, sse4.2, popcnt, aes, clmul, erms, 3dnowpref, tsc, tscinvbit

Memory: 4k page, physical 1946148k(418696k free), swap 3387940k(663976k free)

vm_info: Java HotSpot(TM) 64-Bit Server VM (25.111-b14) for windows-amd64 JRE (1.8.0_111-b14), built on Sep 22 2016 19:24:05 by "java_re" with MS VC++ 10.0 (VS2010)

time: Fri Jun 01 10:06:29 2018
elapsed time: 25 seconds (0d 0h 0m 25s)

