#
# A fatal error has been detected by the Java Runtime Environment:
#
#  EXCEPTION_ACCESS_VIOLATION (0xc0000005) at pc=0x000000006be42be0, pid=6020, tid=0x0000000000000cd8
#
# JRE version: Java(TM) SE Runtime Environment (8.0_111-b14) (build 1.8.0_111-b14)
# Java VM: Java HotSpot(TM) 64-Bit Server VM (25.111-b14 mixed mode windows-amd64 compressed oops)
# Problematic frame:
# C  0x000000006be42be0
#
# Failed to write core dump. Minidumps are not enabled by default on client versions of Windows
#
# If you would like to submit a bug report, please visit:
#   http://bugreport.java.com/bugreport/crash.jsp
# The crash happened outside the Java Virtual Machine in native code.
# See problematic frame for where to report the bug.
#

---------------  T H R E A D  ---------------

Current thread (0x0000000019426800):  JavaThread "Secondary finalizer" [_thread_in_native, id=3288, stack(0x000000001b910000,0x000000001ba10000)]

siginfo: ExceptionCode=0xc0000005, ExceptionInformation=0x0000000000000008 0x000000006be42be0

Registers:
RAX=0x000000006be42be0, RBX=0x00000000189ddf08, RCX=0x00000000194269f8, RDX=0x000000001ba0f218
RSP=0x000000001ba0f178, RBP=0x000000001ba0f1f8, RSI=0x0000000000000108, RDI=0x0000000000000701
R8 =0x0000000000000005, R9 =0x00000000f7103ee0, R10=0x0000000004e8848b, R11=0x0000000052d7b580
R12=0x0000000000000000, R13=0x00000000189ddf08, R14=0x000000001ba0f218, R15=0x0000000019426800
RIP=0x000000006be42be0, EFLAGS=0x0000000000010206

Top of Stack: (sp=0x000000001ba0f178)
0x000000001ba0f178:   0000000004e884b7 0000000019426800
0x000000001ba0f188:   0000000000000000 0000000015428c18
0x000000001ba0f198:   0000000019426800 000000001ba0f280
0x000000001ba0f1a8:   0000000000000000 00000000f7103ee0
0x000000001ba0f1b8:   000000001ba0f1a8 0000000000000000
0x000000001ba0f1c8:   000000001ba0f218 0000000018a194f0
0x000000001ba0f1d8:   0000000000000000 00000000189ddf08
0x000000001ba0f1e8:   0000000000000000 000000001ba0f218
0x000000001ba0f1f8:   000000001ba0f280 0000000004e7835d
0x000000001ba0f208:   0000000000000000 0000000004e819d8
0x000000001ba0f218:   00000000f7103ee0 00000000f7103f18
0x000000001ba0f228:   0000000000000000 0000000000000009
0x000000001ba0f238:   00000000f7103ee0 000000001ba0f220
0x000000001ba0f248:   00000000189d8ce6 000000001ba0f2b8
0x000000001ba0f258:   0000000018a18d00 0000000000000000
0x000000001ba0f268:   00000000189d8d80 000000001ba0f218 

Instructions: (pc=0x000000006be42be0)
0x000000006be42bc0:   
[error occurred during error reporting (printing registers, top of stack, instructions near pc), id 0xc0000005]

Register to memory mapping:

RAX=0x000000006be42be0 is an unknown value
RBX={method} {0x00000000189ddf10} 'free_functions' '()V' in 'org/sqlite/core/NativeDB'
RCX=0x00000000194269f8 is an unknown value
RDX=0x000000001ba0f218 is pointing into the stack for thread: 0x0000000019426800
RSP=0x000000001ba0f178 is pointing into the stack for thread: 0x0000000019426800
RBP=0x000000001ba0f1f8 is pointing into the stack for thread: 0x0000000019426800
RSI=0x0000000000000108 is an unknown value
RDI=0x0000000000000701 is an unknown value
R8 =0x0000000000000005 is an unknown value
R9 =0x00000000f7103ee0 is an oop
org.sqlite.core.NativeDB 
 - klass: 'org/sqlite/core/NativeDB'
R10=0x0000000004e8848b is at code_begin+1227 in an Interpreter codelet
method entry point (kind = native_synchronized)  [0x0000000004e87fc0, 0x0000000004e88aa0]  2784 bytes
R11=0x0000000052d7b580 is an unknown value
R12=0x0000000000000000 is an unknown value
R13={method} {0x00000000189ddf10} 'free_functions' '()V' in 'org/sqlite/core/NativeDB'
R14=0x000000001ba0f218 is pointing into the stack for thread: 0x0000000019426800
R15=0x0000000019426800 is a thread


Stack: [0x000000001b910000,0x000000001ba10000],  sp=0x000000001ba0f178,  free space=1020k
Native frames: (J=compiled Java code, j=interpreted, Vv=VM code, C=native code)
C  0x000000006be42be0

Java frames: (J=compiled Java code, j=interpreted, Vv=VM code)
j  org.sqlite.core.NativeDB.free_functions()V+0
j  org.sqlite.core.DB.close()V+102
j  org.sqlite.core.CoreConnection.close()V+26
j  org.sqlite.core.CoreConnection.finalize()V+1
J 1095 C1 java.lang.ref.Finalizer.runFinalizer(Lsun/misc/JavaLangAccess;)V (62 bytes) @ 0x000000000528141c [0x0000000005280e80+0x59c]
J 1094 C1 java.lang.ref.Finalizer.access$100(Ljava/lang/ref/Finalizer;Lsun/misc/JavaLangAccess;)V (6 bytes) @ 0x0000000005281b5c [0x0000000005281b00+0x5c]
j  java.lang.ref.Finalizer$3.run()V+58
j  java.lang.Thread.run()V+11
v  ~StubRoutines::call_stub

---------------  P R O C E S S  ---------------

Java Threads: ( => current thread )
=>0x0000000019426800 JavaThread "Secondary finalizer" [_thread_in_native, id=3288, stack(0x000000001b910000,0x000000001ba10000)]
  0x0000000017ffc000 JavaThread "TC Event Thread" daemon [_thread_blocked, id=3872, stack(0x000000001af10000,0x000000001b010000)]
  0x0000000004d72800 JavaThread "DestroyJavaVM" [_thread_blocked, id=4044, stack(0x0000000004c70000,0x0000000004d70000)]
  0x0000000017dbf000 JavaThread "AWT-EventQueue-0" [_thread_blocked, id=6972, stack(0x00000000186a0000,0x00000000187a0000)]
  0x0000000017da4000 JavaThread "AWT-Shutdown" [_thread_blocked, id=5556, stack(0x00000000183b0000,0x00000000184b0000)]
  0x0000000017da1000 JavaThread "Java2D Disposer" daemon [_thread_blocked, id=7036, stack(0x0000000018290000,0x0000000018390000)]
  0x0000000015dca800 JavaThread "Service Thread" daemon [_thread_blocked, id=3064, stack(0x0000000017090000,0x0000000017190000)]
  0x0000000015d6e000 JavaThread "C1 CompilerThread1" daemon [_thread_blocked, id=176, stack(0x0000000016f90000,0x0000000017090000)]
  0x0000000015d60000 JavaThread "C2 CompilerThread0" daemon [_thread_blocked, id=7120, stack(0x0000000016e90000,0x0000000016f90000)]
  0x0000000015d5e800 JavaThread "Attach Listener" daemon [_thread_blocked, id=5940, stack(0x0000000016d90000,0x0000000016e90000)]
  0x0000000015d59800 JavaThread "Signal Dispatcher" daemon [_thread_blocked, id=6836, stack(0x0000000016c90000,0x0000000016d90000)]
  0x0000000015d48800 JavaThread "Finalizer" daemon [_thread_blocked, id=6964, stack(0x0000000016990000,0x0000000016a90000)]
  0x0000000004e60800 JavaThread "Reference Handler" daemon [_thread_blocked, id=136, stack(0x0000000016890000,0x0000000016990000)]

Other Threads:
  0x0000000015d25800 VMThread [stack: 0x0000000016790000,0x0000000016890000] [id=5196]
  0x0000000015de8800 WatcherThread [stack: 0x0000000017590000,0x0000000017690000] [id=3776]

VM state:not at safepoint (normal execution)

VM Mutex/Monitor currently owned by a thread: None

Heap:
 PSYoungGen      total 13824K, used 12666K [0x00000000f6180000, 0x00000000f8080000, 0x0000000100000000)
  eden space 7168K, 92% used [0x00000000f6180000,0x00000000f67ff760,0x00000000f6880000)
  from space 6656K, 90% used [0x00000000f7000000,0x00000000f75df410,0x00000000f7680000)
  to   space 7680K, 0% used [0x00000000f6880000,0x00000000f6880000,0x00000000f7000000)
 ParOldGen       total 20480K, used 9837K [0x00000000e2400000, 0x00000000e3800000, 0x00000000f6180000)
  object space 20480K, 48% used [0x00000000e2400000,0x00000000e2d9b460,0x00000000e3800000)
 Metaspace       used 12223K, capacity 12448K, committed 12800K, reserved 1060864K
  class space    used 1392K, capacity 1479K, committed 1536K, reserved 1048576K

Card table byte_map: [0x00000000032d0000,0x00000000033c0000] byte_map_base: 0x0000000002bbe000

Marking Bits: (ParMarkBitMap*) 0x000000005336a6c0
 Begin Bits: [0x0000000014430000, 0x0000000014ba0000)
 End Bits:   [0x0000000014ba0000, 0x0000000015310000)

Polling page: 0x0000000000bc0000

CodeCache: size=245760Kb used=4139Kb max_used=4146Kb free=241620Kb
 bounds [0x0000000004e70000, 0x0000000005290000, 0x0000000013e70000]
 total_blobs=1471 nmethods=983 adapters=402
 compilation: enabled

Compilation events (10 events):
Event: 30.882 Thread 0x0000000015d6e000 1092       3       java.io.FileInputStream::read (8 bytes)
Event: 30.883 Thread 0x0000000015d6e000 nmethod 1092 0x000000000527ed10 code [0x000000000527ee80, 0x000000000527f008]
Event: 30.976 Thread 0x0000000015d60000 1093       4       java.io.FileInputStream::read (8 bytes)
Event: 30.977 Thread 0x0000000015d60000 nmethod 1093 0x0000000005281d10 code [0x0000000005281e60, 0x0000000005281ee8]
Event: 31.441 Thread 0x0000000015d6e000 1094       3       java.lang.ref.Finalizer::access$100 (6 bytes)
Event: 31.442 Thread 0x0000000015d6e000 nmethod 1094 0x0000000005281990 code [0x0000000005281b00, 0x0000000005281c68]
Event: 31.442 Thread 0x0000000015d6e000 1095   !   3       java.lang.ref.Finalizer::runFinalizer (62 bytes)
Event: 31.443 Thread 0x0000000015d6e000 nmethod 1095 0x0000000005280cd0 code [0x0000000005280e80, 0x00000000052816f8]
Event: 31.470 Thread 0x0000000015d6e000 1096       1       java.lang.ref.Finalizer::access$400 (5 bytes)
Event: 31.470 Thread 0x0000000015d6e000 nmethod 1096 0x0000000004f7c590 code [0x0000000004f7c6e0, 0x0000000004f7c7d0]

GC Heap History (10 events):
Event: 3.637 GC heap before
{Heap before GC invocations=2 (full 0):
 PSYoungGen      total 9216K, used 9216K [0x00000000f6180000, 0x00000000f6b80000, 0x0000000100000000)
  eden space 8192K, 100% used [0x00000000f6180000,0x00000000f6980000,0x00000000f6980000)
  from space 1024K, 100% used [0x00000000f6980000,0x00000000f6a80000,0x00000000f6a80000)
  to   space 1024K, 0% used [0x00000000f6a80000,0x00000000f6a80000,0x00000000f6b80000)
 ParOldGen       total 20480K, used 976K [0x00000000e2400000, 0x00000000e3800000, 0x00000000f6180000)
  object space 20480K, 4% used [0x00000000e2400000,0x00000000e24f4248,0x00000000e3800000)
 Metaspace       used 9419K, capacity 9666K, committed 9856K, reserved 1058816K
  class space    used 1089K, capacity 1152K, committed 1152K, reserved 1048576K
Event: 3.658 GC heap after
Heap after GC invocations=2 (full 0):
 PSYoungGen      total 9216K, used 1008K [0x00000000f6180000, 0x00000000f6b80000, 0x0000000100000000)
  eden space 8192K, 0% used [0x00000000f6180000,0x00000000f6180000,0x00000000f6980000)
  from space 1024K, 98% used [0x00000000f6a80000,0x00000000f6b7c010,0x00000000f6b80000)
  to   space 1024K, 0% used [0x00000000f6980000,0x00000000f6980000,0x00000000f6a80000)
 ParOldGen       total 20480K, used 4087K [0x00000000e2400000, 0x00000000e3800000, 0x00000000f6180000)
  object space 20480K, 19% used [0x00000000e2400000,0x00000000e27fdca8,0x00000000e3800000)
 Metaspace       used 9419K, capacity 9666K, committed 9856K, reserved 1058816K
  class space    used 1089K, capacity 1152K, committed 1152K, reserved 1048576K
}
Event: 4.741 GC heap before
{Heap before GC invocations=3 (full 0):
 PSYoungGen      total 9216K, used 9200K [0x00000000f6180000, 0x00000000f6b80000, 0x0000000100000000)
  eden space 8192K, 100% used [0x00000000f6180000,0x00000000f6980000,0x00000000f6980000)
  from space 1024K, 98% used [0x00000000f6a80000,0x00000000f6b7c010,0x00000000f6b80000)
  to   space 1024K, 0% used [0x00000000f6980000,0x00000000f6980000,0x00000000f6a80000)
 ParOldGen       total 20480K, used 4087K [0x00000000e2400000, 0x00000000e3800000, 0x00000000f6180000)
  object space 20480K, 19% used [0x00000000e2400000,0x00000000e27fdca8,0x00000000e3800000)
 Metaspace       used 9690K, capacity 9890K, committed 10240K, reserved 1058816K
  class space    used 1114K, capacity 1184K, committed 1280K, reserved 1048576K
Event: 4.754 GC heap after
Heap after GC invocations=3 (full 0):
 PSYoungGen      total 9216K, used 1021K [0x00000000f6180000, 0x00000000f6b80000, 0x0000000100000000)
  eden space 8192K, 0% used [0x00000000f6180000,0x00000000f6180000,0x00000000f6980000)
  from space 1024K, 99% used [0x00000000f6980000,0x00000000f6a7f7e8,0x00000000f6a80000)
  to   space 1024K, 0% used [0x00000000f6a80000,0x00000000f6a80000,0x00000000f6b80000)
 ParOldGen       total 20480K, used 8476K [0x00000000e2400000, 0x00000000e3800000, 0x00000000f6180000)
  object space 20480K, 41% used [0x00000000e2400000,0x00000000e2c47258,0x00000000e3800000)
 Metaspace       used 9690K, capacity 9890K, committed 10240K, reserved 1058816K
  class space    used 1114K, capacity 1184K, committed 1280K, reserved 1048576K
}
Event: 7.003 GC heap before
{Heap before GC invocations=4 (full 0):
 PSYoungGen      total 9216K, used 9213K [0x00000000f6180000, 0x00000000f6b80000, 0x0000000100000000)
  eden space 8192K, 100% used [0x00000000f6180000,0x00000000f6980000,0x00000000f6980000)
  from space 1024K, 99% used [0x00000000f6980000,0x00000000f6a7f7e8,0x00000000f6a80000)
  to   space 1024K, 0% used [0x00000000f6a80000,0x00000000f6a80000,0x00000000f6b80000)
 ParOldGen       total 20480K, used 8476K [0x00000000e2400000, 0x00000000e3800000, 0x00000000f6180000)
  object space 20480K, 41% used [0x00000000e2400000,0x00000000e2c47258,0x00000000e3800000)
 Metaspace       used 9951K, capacity 10178K, committed 10496K, reserved 1058816K
  class space    used 1142K, capacity 1216K, committed 1280K, reserved 1048576K
Event: 7.008 GC heap after
Heap after GC invocations=4 (full 0):
 PSYoungGen      total 9216K, used 1021K [0x00000000f6180000, 0x00000000f6b80000, 0x0000000100000000)
  eden space 8192K, 0% used [0x00000000f6180000,0x00000000f6180000,0x00000000f6980000)
  from space 1024K, 99% used [0x00000000f6a80000,0x00000000f6b7f7e8,0x00000000f6b80000)
  to   space 1024K, 0% used [0x00000000f6980000,0x00000000f6980000,0x00000000f6a80000)
 ParOldGen       total 20480K, used 8657K [0x00000000e2400000, 0x00000000e3800000, 0x00000000f6180000)
  object space 20480K, 42% used [0x00000000e2400000,0x00000000e2c746b0,0x00000000e3800000)
 Metaspace       used 9951K, capacity 10178K, committed 10496K, reserved 1058816K
  class space    used 1142K, capacity 1216K, committed 1280K, reserved 1048576K
}
Event: 8.793 GC heap before
{Heap before GC invocations=5 (full 0):
 PSYoungGen      total 9216K, used 9213K [0x00000000f6180000, 0x00000000f6b80000, 0x0000000100000000)
  eden space 8192K, 100% used [0x00000000f6180000,0x00000000f6980000,0x00000000f6980000)
  from space 1024K, 99% used [0x00000000f6a80000,0x00000000f6b7f7e8,0x00000000f6b80000)
  to   space 1024K, 0% used [0x00000000f6980000,0x00000000f6980000,0x00000000f6a80000)
 ParOldGen       total 20480K, used 8657K [0x00000000e2400000, 0x00000000e3800000, 0x00000000f6180000)
  object space 20480K, 42% used [0x00000000e2400000,0x00000000e2c746b0,0x00000000e3800000)
 Metaspace       used 11390K, capacity 11626K, committed 11904K, reserved 1060864K
  class space    used 1307K, capacity 1378K, committed 1408K, reserved 1048576K
Event: 8.802 GC heap after
Heap after GC invocations=5 (full 0):
 PSYoungGen      total 9216K, used 1005K [0x00000000f6180000, 0x00000000f7680000, 0x0000000100000000)
  eden space 8192K, 0% used [0x00000000f6180000,0x00000000f6180000,0x00000000f6980000)
  from space 1024K, 98% used [0x00000000f6980000,0x00000000f6a7b7f8,0x00000000f6a80000)
  to   space 6656K, 0% used [0x00000000f7000000,0x00000000f7000000,0x00000000f7680000)
 ParOldGen       total 20480K, used 9837K [0x00000000e2400000, 0x00000000e3800000, 0x00000000f6180000)
  object space 20480K, 48% used [0x00000000e2400000,0x00000000e2d9b460,0x00000000e3800000)
 Metaspace       used 11390K, capacity 11626K, committed 11904K, reserved 1060864K
  class space    used 1307K, capacity 1378K, committed 1408K, reserved 1048576K
}
Event: 9.461 GC heap before
{Heap before GC invocations=6 (full 0):
 PSYoungGen      total 9216K, used 8546K [0x00000000f6180000, 0x00000000f7680000, 0x0000000100000000)
  eden space 8192K, 92% used [0x00000000f6180000,0x00000000f68dd318,0x00000000f6980000)
  from space 1024K, 98% used [0x00000000f6980000,0x00000000f6a7b7f8,0x00000000f6a80000)
  to   space 6656K, 0% used [0x00000000f7000000,0x00000000f7000000,0x00000000f7680000)
 ParOldGen       total 20480K, used 9837K [0x00000000e2400000, 0x00000000e3800000, 0x00000000f6180000)
  object space 20480K, 48% used [0x00000000e2400000,0x00000000e2d9b460,0x00000000e3800000)
 Metaspace       used 11690K, capacity 11914K, committed 12288K, reserved 1060864K
  class space    used 1335K, capacity 1410K, committed 1536K, reserved 1048576K
Event: 9.476 GC heap after
Heap after GC invocations=6 (full 0):
 PSYoungGen      total 13824K, used 6013K [0x00000000f6180000, 0x00000000f8080000, 0x0000000100000000)
  eden space 7168K, 0% used [0x00000000f6180000,0x00000000f6180000,0x00000000f6880000)
  from space 6656K, 90% used [0x00000000f7000000,0x00000000f75df410,0x00000000f7680000)
  to   space 7680K, 0% used [0x00000000f6880000,0x00000000f6880000,0x00000000f7000000)
 ParOldGen       total 20480K, used 9837K [0x00000000e2400000, 0x00000000e3800000, 0x00000000f6180000)
  object space 20480K, 48% used [0x00000000e2400000,0x00000000e2d9b460,0x00000000e3800000)
 Metaspace       used 11690K, capacity 11914K, committed 12288K, reserved 1060864K
  class space    used 1335K, capacity 1410K, committed 1536K, reserved 1048576K
}

Deoptimization events (10 events):
Event: 8.128 Thread 0x0000000017ffc000 Uncommon trap: reason=class_check action=maybe_recompile pc=0x000000000513d4cc method=java.util.HashMap.putVal(ILjava/lang/Object;Ljava/lang/Object;ZZ)Ljava/lang/Object; @ 253
Event: 9.331 Thread 0x0000000017ffc000 Uncommon trap: reason=unstable_if action=reinterpret pc=0x00000000051dfa44 method=org.sqlite.SQLiteJDBCLoader.contentsEquals(Ljava/io/InputStream;Ljava/io/InputStream;)Z @ 39
Event: 12.013 Thread 0x000000001803e800 Uncommon trap: reason=unstable_if action=reinterpret pc=0x00000000051f6f8c method=sun.awt.image.ImageRepresentation.getOpaqueRGBImage()Ljava/awt/image/BufferedImage; @ 57
Event: 12.848 Thread 0x0000000017a0c800 Uncommon trap: reason=unstable_if action=reinterpret pc=0x00000000050d2864 method=sun.awt.image.ImageRepresentation.getOpaqueRGBImage()Ljava/awt/image/BufferedImage; @ 71
Event: 13.150 Thread 0x0000000017ffc000 Uncommon trap: reason=unstable_if action=reinterpret pc=0x00000000050d51fc method=totalcross.ui.gfx.Graphics.addError([IIIIIIIIII)V @ 9
Event: 13.161 Thread 0x0000000017ffc000 Uncommon trap: reason=unstable_if action=reinterpret pc=0x00000000050db010 method=totalcross.ui.gfx.Graphics.drawSurface([ILjava/lang/Object;IIIIIIZIIII)V @ 558
Event: 25.322 Thread 0x0000000017ffc000 Uncommon trap: reason=unstable_if action=reinterpret pc=0x00000000052445c8 method=totalcross.ui.gfx.Graphics.translateAndClip(IIII)Z @ 29
Event: 25.485 Thread 0x0000000017ffc000 Uncommon trap: reason=unstable_if action=reinterpret pc=0x00000000050fafc4 method=totalcross.ui.image.Image.getSmoothScaledInstance(II)Ltotalcross/ui/image/Image; @ 715
Event: 25.486 Thread 0x0000000017ffc000 Uncommon trap: reason=unstable_if action=reinterpret pc=0x0000000005014be8 method=totalcross.ui.image.Image.getSmoothScaledInstance(II)Ltotalcross/ui/image/Image; @ 715
Event: 25.547 Thread 0x0000000017ffc000 Uncommon trap: reason=unstable_if action=reinterpret pc=0x000000000523b0d0 method=totalcross.ui.gfx.Graphics.drawText(Ljava/lang/String;III)V @ 17

Internal exceptions (10 events):
Event: 25.450 Thread 0x0000000017ffc000 Exception <a 'java/io/FileNotFoundException'> (0x00000000f665f018) thrown at [C:\re\workspace\8-2-build-windows-amd64-cygwin\jdk8u111\7883\hotspot\src\share\vm\prims\jni.cpp, line 709]
Event: 25.450 Thread 0x0000000017ffc000 Exception <a 'java/io/FileNotFoundException'> (0x00000000f665ff08) thrown at [C:\re\workspace\8-2-build-windows-amd64-cygwin\jdk8u111\7883\hotspot\src\share\vm\prims\jni.cpp, line 709]
Event: 25.497 Thread 0x0000000017ffc000 Exception <a 'java/io/FileNotFoundException'> (0x00000000f6697e88) thrown at [C:\re\workspace\8-2-build-windows-amd64-cygwin\jdk8u111\7883\hotspot\src\share\vm\prims\jni.cpp, line 709]
Event: 25.497 Thread 0x0000000017ffc000 Exception <a 'java/io/FileNotFoundException'> (0x00000000f6698b10) thrown at [C:\re\workspace\8-2-build-windows-amd64-cygwin\jdk8u111\7883\hotspot\src\share\vm\prims\jni.cpp, line 709]
Event: 25.497 Thread 0x0000000017ffc000 Exception <a 'java/io/FileNotFoundException'> (0x00000000f66999d0) thrown at [C:\re\workspace\8-2-build-windows-amd64-cygwin\jdk8u111\7883\hotspot\src\share\vm\prims\jni.cpp, line 709]
Event: 25.572 Thread 0x000000001811e000 Exception <a 'java/lang/InterruptedException': sleep interrupted> (0x00000000f664f028) thrown at [C:\re\workspace\8-2-build-windows-amd64-cygwin\jdk8u111\7883\hotspot\src\share\vm\prims\jvm.cpp, line 3224]
Event: 30.847 Thread 0x0000000017ffc000 Exception <a 'java/io/FileNotFoundException'> (0x00000000f6752918) thrown at [C:\re\workspace\8-2-build-windows-amd64-cygwin\jdk8u111\7883\hotspot\src\share\vm\prims\jni.cpp, line 709]
Event: 30.847 Thread 0x0000000017ffc000 Exception <a 'java/io/FileNotFoundException'> (0x00000000f6765190) thrown at [C:\re\workspace\8-2-build-windows-amd64-cygwin\jdk8u111\7883\hotspot\src\share\vm\prims\jni.cpp, line 709]
Event: 30.847 Thread 0x0000000017ffc000 Exception <a 'java/io/FileNotFoundException'> (0x00000000f6765f80) thrown at [C:\re\workspace\8-2-build-windows-amd64-cygwin\jdk8u111\7883\hotspot\src\share\vm\prims\jni.cpp, line 709]
Event: 30.988 Thread 0x000000001811e000 Exception <a 'java/lang/InterruptedException': sleep interrupted> (0x00000000f6760710) thrown at [C:\re\workspace\8-2-build-windows-amd64-cygwin\jdk8u111\7883\hotspot\src\share\vm\prims\jvm.cpp, line 3224]

Events (10 events):
Event: 31.469 Executing VM operation: RevokeBias
Event: 31.469 Executing VM operation: RevokeBias done
Event: 31.469 Executing VM operation: RevokeBias
Event: 31.469 Executing VM operation: RevokeBias done
Event: 31.469 Executing VM operation: RevokeBias
Event: 31.469 Executing VM operation: RevokeBias done
Event: 31.470 Executing VM operation: RevokeBias
Event: 31.470 Executing VM operation: RevokeBias done
Event: 31.470 Executing VM operation: RevokeBias
Event: 31.470 Executing VM operation: RevokeBias done


Dynamic libraries:
0x00007ff73e840000 - 0x00007ff73e877000 	C:\Program Files\Java\jre1.8.0_111\bin\javaw.exe
0x00007ffdb3860000 - 0x00007ffdb3a40000 	C:\WINDOWS\SYSTEM32\ntdll.dll
0x00007ffdb30f0000 - 0x00007ffdb319e000 	C:\WINDOWS\System32\KERNEL32.DLL
0x00007ffdb0ac0000 - 0x00007ffdb0d26000 	C:\WINDOWS\System32\KERNELBASE.dll
0x00007ffdb1000000 - 0x00007ffdb10a1000 	C:\WINDOWS\System32\ADVAPI32.dll
0x00007ffdb3560000 - 0x00007ffdb35fd000 	C:\WINDOWS\System32\msvcrt.dll
0x00007ffdb31a0000 - 0x00007ffdb31fb000 	C:\WINDOWS\System32\sechost.dll
0x00007ffdb1240000 - 0x00007ffdb135f000 	C:\WINDOWS\System32\RPCRT4.dll
0x00007ffdb0d90000 - 0x00007ffdb0f1f000 	C:\WINDOWS\System32\USER32.dll
0x00007ffdb0110000 - 0x00007ffdb0130000 	C:\WINDOWS\System32\win32u.dll
0x00007ffdb3730000 - 0x00007ffdb3758000 	C:\WINDOWS\System32\GDI32.dll
0x00007ffdb0920000 - 0x00007ffdb0ab3000 	C:\WINDOWS\System32\gdi32full.dll
0x00007ffdb0130000 - 0x00007ffdb01cb000 	C:\WINDOWS\System32\msvcp_win.dll
0x00007ffdafc60000 - 0x00007ffdafd56000 	C:\WINDOWS\System32\ucrtbase.dll
0x00007ffd9f5d0000 - 0x00007ffd9f839000 	C:\WINDOWS\WinSxS\amd64_microsoft.windows.common-controls_6595b64144ccf1df_6.0.16299.431_none_15c7d3ee93659e73\COMCTL32.dll
0x00007ffdb1920000 - 0x00007ffdb1c28000 	C:\WINDOWS\System32\combase.dll
0x00007ffdaff80000 - 0x00007ffdafff2000 	C:\WINDOWS\System32\bcryptPrimitives.dll
0x00007ffdb1160000 - 0x00007ffdb118d000 	C:\WINDOWS\System32\IMM32.DLL
0x00000000528b0000 - 0x0000000052982000 	C:\Program Files\Java\jre1.8.0_111\bin\msvcr100.dll
0x0000000052b50000 - 0x00000000533ea000 	C:\Program Files\Java\jre1.8.0_111\bin\server\jvm.dll
0x00007ffdb30e0000 - 0x00007ffdb30e8000 	C:\WINDOWS\System32\PSAPI.DLL
0x00007ffdab9f0000 - 0x00007ffdab9f9000 	C:\WINDOWS\SYSTEM32\WSOCK32.dll
0x00007ffdb3070000 - 0x00007ffdb30dc000 	C:\WINDOWS\System32\WS2_32.dll
0x00007ffdadf40000 - 0x00007ffdadf63000 	C:\WINDOWS\SYSTEM32\WINMM.dll
0x00007ffda15e0000 - 0x00007ffda15ea000 	C:\WINDOWS\SYSTEM32\VERSION.dll
0x00007ffdadee0000 - 0x00007ffdadf0a000 	C:\WINDOWS\SYSTEM32\WINMMBASE.dll
0x00007ffdafd60000 - 0x00007ffdafdaa000 	C:\WINDOWS\System32\cfgmgr32.dll
0x0000000052a60000 - 0x0000000052a6f000 	C:\Program Files\Java\jre1.8.0_111\bin\verify.dll
0x0000000052a30000 - 0x0000000052a59000 	C:\Program Files\Java\jre1.8.0_111\bin\java.dll
0x0000000052a10000 - 0x0000000052a26000 	C:\Program Files\Java\jre1.8.0_111\bin\zip.dll
0x00007ffdb1c30000 - 0x00007ffdb3068000 	C:\WINDOWS\System32\SHELL32.dll
0x00007ffdb1190000 - 0x00007ffdb1236000 	C:\WINDOWS\System32\shcore.dll
0x00007ffdb01d0000 - 0x00007ffdb0917000 	C:\WINDOWS\System32\windows.storage.dll
0x00007ffdb0fa0000 - 0x00007ffdb0ff1000 	C:\WINDOWS\System32\shlwapi.dll
0x00007ffdafc20000 - 0x00007ffdafc31000 	C:\WINDOWS\System32\kernel.appcore.dll
0x00007ffdafbb0000 - 0x00007ffdafbfc000 	C:\WINDOWS\System32\powrprof.dll
0x00007ffdafc40000 - 0x00007ffdafc5b000 	C:\WINDOWS\System32\profapi.dll
0x0000000052710000 - 0x00000000528a8000 	C:\Program Files\Java\jre1.8.0_111\bin\awt.dll
0x00007ffdb3760000 - 0x00007ffdb3825000 	C:\WINDOWS\System32\OLEAUT32.dll
0x00007ffdae060000 - 0x00007ffdae0e8000 	C:\WINDOWS\SYSTEM32\apphelp.dll
0x00007ffdae450000 - 0x00007ffdae47a000 	C:\WINDOWS\system32\DWMAPI.DLL
0x00007ffdae1e0000 - 0x00007ffdae275000 	C:\WINDOWS\system32\uxtheme.dll
0x00007ffdb17b0000 - 0x00007ffdb1917000 	C:\WINDOWS\System32\MSCTF.dll
0x00007ffd99800000 - 0x00007ffd9987f000 	C:\Program Files (x86)\TeamViewer\tv_x64.dll
0x00007ffdb3200000 - 0x00007ffdb3349000 	C:\WINDOWS\System32\ole32.dll
0x00000000526c0000 - 0x0000000052707000 	C:\Program Files\Java\jre1.8.0_111\bin\fontmanager.dll
0x00007ffd9afc0000 - 0x00007ffd9b055000 	C:\WINDOWS\system32\RICHED20.DLL
0x00007ffd87ea0000 - 0x00007ffd87eb9000 	C:\WINDOWS\SYSTEM32\USP10.dll
0x00007ffd9e240000 - 0x00007ffd9e278000 	C:\WINDOWS\SYSTEM32\msls31.dll
0x00007ffdb10b0000 - 0x00007ffdb114e000 	C:\WINDOWS\System32\clbcatq.dll
0x00007ffdaf6b0000 - 0x00007ffdaf6d5000 	C:\WINDOWS\system32\bcrypt.dll
0x00007ffda4f20000 - 0x00007ffda4fb8000 	C:\WINDOWS\System32\TextInputFramework.dll
0x00007ffdaa720000 - 0x00007ffdaaa0e000 	C:\WINDOWS\System32\CoreUIComponents.dll
0x00007ffdad0d0000 - 0x00007ffdad1ac000 	C:\WINDOWS\System32\CoreMessaging.dll
0x00007ffdaece0000 - 0x00007ffdaed11000 	C:\WINDOWS\SYSTEM32\ntmarta.dll
0x00007ffdac050000 - 0x00007ffdac186000 	C:\WINDOWS\SYSTEM32\wintypes.dll
0x00007ffdaf5a0000 - 0x00007ffdaf5b7000 	C:\WINDOWS\SYSTEM32\CRYPTSP.dll
0x00000000529f0000 - 0x0000000052a0a000 	C:\Program Files\Java\jre1.8.0_111\bin\net.dll
0x00007ffdaf3e0000 - 0x00007ffdaf446000 	C:\WINDOWS\system32\mswsock.dll
0x00007ffdaefe0000 - 0x00007ffdaf013000 	C:\WINDOWS\system32\rsaenh.dll
0x00007ffdafab0000 - 0x00007ffdafad9000 	C:\WINDOWS\SYSTEM32\USERENV.dll
0x00007ffdaf5c0000 - 0x00007ffdaf5cb000 	C:\WINDOWS\SYSTEM32\CRYPTBASE.dll
0x00007ffdaf1b0000 - 0x00007ffdaf266000 	C:\WINDOWS\SYSTEM32\DNSAPI.dll
0x00007ffdb3350000 - 0x00007ffdb3358000 	C:\WINDOWS\System32\NSI.dll
0x00007ffdaf170000 - 0x00007ffdaf1a9000 	C:\WINDOWS\SYSTEM32\IPHLPAPI.DLL
0x00007ffda4840000 - 0x00007ffda484a000 	C:\Windows\System32\rasadhlp.dll
0x00007ffdaa480000 - 0x00007ffdaa496000 	C:\WINDOWS\SYSTEM32\dhcpcsvc6.DLL
0x00007ffdaa4e0000 - 0x00007ffdaa4fa000 	C:\WINDOWS\SYSTEM32\dhcpcsvc.DLL
0x00007ffda7050000 - 0x00007ffda70c0000 	C:\WINDOWS\System32\fwpuclnt.dll
0x00000000529d0000 - 0x00000000529e1000 	C:\Program Files\Java\jre1.8.0_111\bin\nio.dll
0x00007ffda09b0000 - 0x00007ffda0b78000 	C:\WINDOWS\SYSTEM32\dbghelp.dll

VM Arguments:
jvm_args: -Dfile.encoding=Cp1252 
java_command: totalcross.Launcher /r 544353541A8E8B2A28D5B8E0 com.app.app
java_class_path (initial): C:\Program Files\Java\jre1.8.0_111\lib\resources.jar;C:\Program Files\Java\jre1.8.0_111\lib\rt.jar;C:\Program Files\Java\jre1.8.0_111\lib\jsse.jar;C:\Program Files\Java\jre1.8.0_111\lib\jce.jar;C:\Program Files\Java\jre1.8.0_111\lib\charsets.jar;C:\Program Files\Java\jre1.8.0_111\lib\jfr.jar;C:\Program Files\Java\jre1.8.0_111\lib\ext\access-bridge-64.jar;C:\Program Files\Java\jre1.8.0_111\lib\ext\cldrdata.jar;C:\Program Files\Java\jre1.8.0_111\lib\ext\dnsns.jar;C:\Program Files\Java\jre1.8.0_111\lib\ext\jaccess.jar;C:\Program Files\Java\jre1.8.0_111\lib\ext\jfxrt.jar;C:\Program Files\Java\jre1.8.0_111\lib\ext\localedata.jar;C:\Program Files\Java\jre1.8.0_111\lib\ext\nashorn.jar;C:\Program Files\Java\jre1.8.0_111\lib\ext\sunec.jar;C:\Program Files\Java\jre1.8.0_111\lib\ext\sunjce_provider.jar;C:\Program Files\Java\jre1.8.0_111\lib\ext\sunmscapi.jar;C:\Program Files\Java\jre1.8.0_111\lib\ext\sunpkcs11.jar;C:\Program Files\Java\jre1.8.0_111\lib\ext\zipfs.jar;C:\Users\marci\eclipse-workspace\app\target\classes;C:\Users\marci\.m2\repository\com\totalcross\utils\tc-utilities\0.0.1-SNAPSHOT\tc-utilities-0.0.1-SNAPSHOT.jar;C:\Users\marci\.m2\repository\com\totalcross\utils\magical-utils\0.0.1-SNAPSHOT\magical-utils-0.0.1-SNAPSHOT.jar;C:\Users\marci\.m2\repository\com\totalcross\totalcross-sdk\4.1.0\totalcross-sdk-4.1.0.jar;C:\Users\marci\.m2\repository\org\vafer\jdeb\0.7\jdeb-0.7.jar;C:\Users\marci\.m2\repository\org\apache\maven\maven-plugin-api\2.0.5\maven-plugin-api-2.0.5.jar;C:\Users\marci\.m2\repository\org\apache\maven\maven-project\2.0.5\maven-project-2.0.5.jar;C:\Users\marci\.m2\repository\org\apache\maven\maven-settings\2.0.5\maven-settings-2.0.5.jar;C:\Users\marci\.m2\repository\org\apache\maven\maven-profile\2.0.5\maven-profile-2.0.5.jar;C:\Users\marci\.m2\repository\org\apache\maven\maven-model\2.0.5\maven-model-2.0.5.jar;C:\Users\marci\.m2\repository\org\apache\maven\maven-artifact-manager\2.0.5\maven-artifact-manager-2.0.5.jar;C:\U
Launcher Type: SUN_STANDARD

Environment Variables:
JAVA_HOME=C:\Program Files\Java\jdk1.8.0_111
PATH=C:/Program Files/Java/jre1.8.0_111/bin/server;C:/Program Files/Java/jre1.8.0_111/bin;C:/Program Files/Java/jre1.8.0_111/lib/amd64;C:\ProgramData\Oracle\Java\javapath;C:\Program Files (x86)\Intel\TXE Components\TCS\;C:\Program Files\Intel\TXE Components\TCS\;C:\WINDOWS\system32;C:\WINDOWS;C:\WINDOWS\System32\Wbem;C:\WINDOWS\System32\WindowsPowerShell\v1.0\;C:\Program Files\Intel\TXE Components\DAL\;C:\Program Files (x86)\Intel\TXE Components\DAL\;C:\Program Files\Intel\TXE Components\IPT\;C:\Program Files (x86)\Intel\TXE Components\IPT\;C:\Program Files\Java\jdk1.8.0_111\bin;C:\TotalCross3\dist\vm\win32;C:\Users\marci\AppData\Local\Microsoft\WindowsApps;c:\TotalCross3\dist\vm\win32;C:\Program Files\Java\jdk1.8.0_111\bin;;C:\Users\marci\Desktop;
USERNAME=marci
OS=Windows_NT
PROCESSOR_IDENTIFIER=Intel64 Family 6 Model 76 Stepping 4, GenuineIntel



---------------  S Y S T E M  ---------------

OS: Windows 10.0 , 64 bit Build 16299 (10.0.16299.431)

CPU:total 2 (2 cores per cpu, 1 threads per core) family 6 model 76 stepping 4, cmov, cx8, fxsr, mmx, sse, sse2, sse3, ssse3, sse4.1, sse4.2, popcnt, aes, clmul, erms, 3dnowpref, tsc, tscinvbit

Memory: 4k page, physical 1946148k(233268k free), swap 5015584k(943868k free)

vm_info: Java HotSpot(TM) 64-Bit Server VM (25.111-b14) for windows-amd64 JRE (1.8.0_111-b14), built on Sep 22 2016 19:24:05 by "java_re" with MS VC++ 10.0 (VS2010)

time: Fri Jun 01 21:45:37 2018
elapsed time: 31 seconds (0d 0h 0m 31s)

