#
# A fatal error has been detected by the Java Runtime Environment:
#
#  EXCEPTION_ACCESS_VIOLATION (0xc0000005) at pc=0x000000006be42be0, pid=4532, tid=0x00000000000011c0
#
# JRE version: Java(TM) SE Runtime Environment (8.0_111-b14) (build 1.8.0_111-b14)
# Java VM: Java HotSpot(TM) 64-Bit Server VM (25.111-b14 mixed mode windows-amd64 compressed oops)
# Problematic frame:
# C  0x000000006be42be0
#
# Failed to write core dump. Minidumps are not enabled by default on client versions of Windows
#
# If you would like to submit a bug report, please visit:
#   http://bugreport.java.com/bugreport/crash.jsp
# The crash happened outside the Java Virtual Machine in native code.
# See problematic frame for where to report the bug.
#

---------------  T H R E A D  ---------------

Current thread (0x0000000018a59800):  JavaThread "Secondary finalizer" [_thread_in_native, id=4544, stack(0x000000001b480000,0x000000001b580000)]

siginfo: ExceptionCode=0xc0000005, ExceptionInformation=0x0000000000000008 0x000000006be42be0

Registers:
RAX=0x000000006be42be0, RBX=0x000000001883a890, RCX=0x0000000018a599f8, RDX=0x000000001b57ec08
RSP=0x000000001b57eb68, RBP=0x000000001b57ebe8, RSI=0x0000000000000108, RDI=0x0000000000000710
R8 =0x0000000000000005, R9 =0x00000000e2dc6918, R10=0x000000000449848b, R11=0x0000000052d7b580
R12=0x0000000000000000, R13=0x000000001883a890, R14=0x000000001b57ec08, R15=0x0000000018a59800
RIP=0x000000006be42be0, EFLAGS=0x0000000000010206

Top of Stack: (sp=0x000000001b57eb68)
0x000000001b57eb68:   00000000044984b7 000000001b57eca8
0x000000001b57eb78:   00000000044976e2 000000001b57eb80
0x000000001b57eb88:   0000000014d9e618 000000001b57ec70
0x000000001b57eb98:   0000000000000000 00000000e2dc6918
0x000000001b57eba8:   000000001b57eb98 0000000000000000
0x000000001b57ebb8:   000000001b57ec08 0000000018865e70
0x000000001b57ebc8:   0000000000000000 000000001883a890
0x000000001b57ebd8:   0000000000000000 000000001b57ec08
0x000000001b57ebe8:   000000001b57ec70 000000000448835d
0x000000001b57ebf8:   0000000000000000 00000000044919d8
0x000000001b57ec08:   00000000e2dc6918 00000000e2dc6950
0x000000001b57ec18:   0000000000000000 0000000000000019
0x000000001b57ec28:   00000000e2dc6918 000000001b57ec10
0x000000001b57ec38:   000000001883566e 000000001b57eca8
0x000000001b57ec48:   0000000018865680 0000000000000000
0x000000001b57ec58:   0000000018835708 000000001b57ec08 

Instructions: (pc=0x000000006be42be0)
0x000000006be42bc0:   
[error occurred during error reporting (printing registers, top of stack, instructions near pc), id 0xc0000005]

Register to memory mapping:

RAX=0x000000006be42be0 is an unknown value
RBX={method} {0x000000001883a898} 'free_functions' '()V' in 'org/sqlite/core/NativeDB'
RCX=0x0000000018a599f8 is an unknown value
RDX=0x000000001b57ec08 is pointing into the stack for thread: 0x0000000018a59800
RSP=0x000000001b57eb68 is pointing into the stack for thread: 0x0000000018a59800
RBP=0x000000001b57ebe8 is pointing into the stack for thread: 0x0000000018a59800
RSI=0x0000000000000108 is an unknown value
RDI=0x0000000000000710 is an unknown value
R8 =0x0000000000000005 is an unknown value
R9 =0x00000000e2dc6918 is an oop
org.sqlite.core.NativeDB 
 - klass: 'org/sqlite/core/NativeDB'
R10=0x000000000449848b is at code_begin+1227 in an Interpreter codelet
method entry point (kind = native_synchronized)  [0x0000000004497fc0, 0x0000000004498aa0]  2784 bytes
R11=0x0000000052d7b580 is an unknown value
R12=0x0000000000000000 is an unknown value
R13={method} {0x000000001883a898} 'free_functions' '()V' in 'org/sqlite/core/NativeDB'
R14=0x000000001b57ec08 is pointing into the stack for thread: 0x0000000018a59800
R15=0x0000000018a59800 is a thread


Stack: [0x000000001b480000,0x000000001b580000],  sp=0x000000001b57eb68,  free space=1018k
Native frames: (J=compiled Java code, j=interpreted, Vv=VM code, C=native code)
C  0x000000006be42be0

Java frames: (J=compiled Java code, j=interpreted, Vv=VM code)
j  org.sqlite.core.NativeDB.free_functions()V+0
j  org.sqlite.core.DB.close()V+102
j  org.sqlite.core.CoreConnection.close()V+26
j  org.sqlite.core.CoreConnection.finalize()V+1
J 1389 C1 java.lang.ref.Finalizer.runFinalizer(Lsun/misc/JavaLangAccess;)V (62 bytes) @ 0x00000000048306cc [0x0000000004830140+0x58c]
J 1107 C1 java.lang.ref.Finalizer.access$100(Ljava/lang/ref/Finalizer;Lsun/misc/JavaLangAccess;)V (6 bytes) @ 0x000000000486641c [0x00000000048663c0+0x5c]
j  java.lang.ref.Finalizer$3.run()V+58
j  java.lang.Thread.run()V+11
v  ~StubRoutines::call_stub

---------------  P R O C E S S  ---------------

Java Threads: ( => current thread )
=>0x0000000018a59800 JavaThread "Secondary finalizer" [_thread_in_native, id=4544, stack(0x000000001b480000,0x000000001b580000)]
  0x0000000018a5d000 JavaThread "Image Fetcher 2" daemon [_thread_blocked, id=4844, stack(0x000000001b080000,0x000000001b180000)]
  0x0000000018a5c800 JavaThread "Image Fetcher 1" daemon [_thread_blocked, id=5460, stack(0x000000001af80000,0x000000001b080000)]
  0x0000000018a5b800 JavaThread "Image Fetcher 0" daemon [_thread_blocked, id=4660, stack(0x000000001ae80000,0x000000001af80000)]
  0x0000000017416000 JavaThread "TC Event Thread" daemon [_thread_blocked, id=4304, stack(0x000000001a480000,0x000000001a580000)]
  0x0000000004382800 JavaThread "DestroyJavaVM" [_thread_blocked, id=6864, stack(0x0000000004280000,0x0000000004380000)]
  0x000000001771e800 JavaThread "AWT-EventQueue-0" [_thread_blocked, id=6676, stack(0x0000000017e70000,0x0000000017f70000)]
  0x0000000017700800 JavaThread "AWT-Shutdown" [_thread_blocked, id=5900, stack(0x0000000017bb0000,0x0000000017cb0000)]
  0x00000000176fc000 JavaThread "Java2D Disposer" daemon [_thread_blocked, id=6764, stack(0x0000000017a30000,0x0000000017b30000)]
  0x0000000015561800 JavaThread "Service Thread" daemon [_thread_blocked, id=184, stack(0x0000000016830000,0x0000000016930000)]
  0x000000001555a000 JavaThread "C1 CompilerThread1" daemon [_thread_blocked, id=5536, stack(0x0000000016730000,0x0000000016830000)]
  0x00000000154fe000 JavaThread "C2 CompilerThread0" daemon [_thread_blocked, id=4596, stack(0x0000000016630000,0x0000000016730000)]
  0x00000000154fd000 JavaThread "Attach Listener" daemon [_thread_blocked, id=136, stack(0x0000000016530000,0x0000000016630000)]
  0x00000000154f8000 JavaThread "Signal Dispatcher" daemon [_thread_blocked, id=4044, stack(0x0000000016430000,0x0000000016530000)]
  0x00000000154e8800 JavaThread "Finalizer" daemon [_thread_blocked, id=3632, stack(0x0000000016130000,0x0000000016230000)]
  0x000000000446f800 JavaThread "Reference Handler" daemon [_thread_blocked, id=1052, stack(0x0000000016030000,0x0000000016130000)]

Other Threads:
  0x00000000154c5000 VMThread [stack: 0x0000000015f30000,0x0000000016030000] [id=6320]
  0x0000000015588800 WatcherThread [stack: 0x0000000016d30000,0x0000000016e30000] [id=800]

VM state:not at safepoint (normal execution)

VM Mutex/Monitor currently owned by a thread: None

Heap:
 PSYoungGen      total 12288K, used 1266K [0x00000000f6180000, 0x00000000f7500000, 0x0000000100000000)
  eden space 6656K, 11% used [0x00000000f6180000,0x00000000f623b1f0,0x00000000f6800000)
  from space 5632K, 9% used [0x00000000f6f80000,0x00000000f7001710,0x00000000f7500000)
  to   space 6656K, 0% used [0x00000000f6800000,0x00000000f6800000,0x00000000f6e80000)
 ParOldGen       total 20480K, used 14594K [0x00000000e2400000, 0x00000000e3800000, 0x00000000f6180000)
  object space 20480K, 71% used [0x00000000e2400000,0x00000000e32409c0,0x00000000e3800000)
 Metaspace       used 13169K, capacity 13450K, committed 13696K, reserved 1060864K
  class space    used 1491K, capacity 1574K, committed 1664K, reserved 1048576K

Card table byte_map: [0x0000000013840000,0x0000000013930000] byte_map_base: 0x000000001312e000

Marking Bits: (ParMarkBitMap*) 0x000000005336a6c0
 Begin Bits: [0x0000000013bd0000, 0x0000000014340000)
 End Bits:   [0x0000000014340000, 0x0000000014ab0000)

Polling page: 0x0000000002660000

CodeCache: size=245760Kb used=6035Kb max_used=6035Kb free=239724Kb
 bounds [0x0000000004480000, 0x0000000004a80000, 0x0000000013480000]
 total_blobs=1914 nmethods=1425 adapters=402
 compilation: enabled

Compilation events (10 events):
Event: 69.994 Thread 0x000000001555a000 1593   !   3       java.util.zip.ZipFile::getInflater (56 bytes)
Event: 69.995 Thread 0x000000001555a000 nmethod 1593 0x0000000004a39e50 code [0x0000000004a3a040, 0x0000000004a3ac38]
Event: 69.996 Thread 0x000000001555a000 1594       3       java.util.ArrayDeque::poll (5 bytes)
Event: 69.996 Thread 0x000000001555a000 nmethod 1594 0x0000000004a350d0 code [0x0000000004a35240, 0x0000000004a353e8]
Event: 69.997 Thread 0x000000001555a000 1595       3       java.util.zip.ZipFile$ZipFileInflaterInputStream::<init> (29 bytes)
Event: 69.997 Thread 0x000000001555a000 nmethod 1595 0x0000000004a38fd0 code [0x0000000004a39140, 0x0000000004a39328]
Event: 70.044 Thread 0x000000001555a000 1596   !   3       totalcross.Launcher::openInputStream (1569 bytes)
Event: 70.089 Thread 0x00000000154fe000 1597       4       java.io.FileInputStream::read (8 bytes)
Event: 70.090 Thread 0x00000000154fe000 nmethod 1597 0x00000000045cb610 code [0x00000000045cb760, 0x00000000045cb7e8]
Event: 70.098 Thread 0x000000001555a000 nmethod 1596 0x0000000004a45e10 code [0x0000000004a47900, 0x0000000004a5f4e8]

GC Heap History (10 events):
Event: 10.332 GC heap before
{Heap before GC invocations=6 (full 0):
 PSYoungGen      total 9216K, used 8394K [0x00000000f6180000, 0x00000000f7580000, 0x0000000100000000)
  eden space 8192K, 90% used [0x00000000f6180000,0x00000000f68b5260,0x00000000f6980000)
  from space 1024K, 98% used [0x00000000f6980000,0x00000000f6a7d5b0,0x00000000f6a80000)
  to   space 6144K, 0% used [0x00000000f6f80000,0x00000000f6f80000,0x00000000f7580000)
 ParOldGen       total 20480K, used 9600K [0x00000000e2400000, 0x00000000e3800000, 0x00000000f6180000)
  object space 20480K, 46% used [0x00000000e2400000,0x00000000e2d60158,0x00000000e3800000)
 Metaspace       used 11664K, capacity 11914K, committed 12288K, reserved 1060864K
  class space    used 1332K, capacity 1410K, committed 1536K, reserved 1048576K
Event: 10.352 GC heap after
Heap after GC invocations=6 (full 0):
 PSYoungGen      total 12800K, used 5988K [0x00000000f6180000, 0x00000000f8080000, 0x0000000100000000)
  eden space 6656K, 0% used [0x00000000f6180000,0x00000000f6180000,0x00000000f6800000)
  from space 6144K, 97% used [0x00000000f6f80000,0x00000000f75591c8,0x00000000f7580000)
  to   space 7680K, 0% used [0x00000000f6800000,0x00000000f6800000,0x00000000f6f80000)
 ParOldGen       total 20480K, used 9600K [0x00000000e2400000, 0x00000000e3800000, 0x00000000f6180000)
  object space 20480K, 46% used [0x00000000e2400000,0x00000000e2d60158,0x00000000e3800000)
 Metaspace       used 11664K, capacity 11914K, committed 12288K, reserved 1060864K
  class space    used 1332K, capacity 1410K, committed 1536K, reserved 1048576K
}
Event: 15.926 GC heap before
{Heap before GC invocations=7 (full 0):
 PSYoungGen      total 12800K, used 12121K [0x00000000f6180000, 0x00000000f8080000, 0x0000000100000000)
  eden space 6656K, 92% used [0x00000000f6180000,0x00000000f677d2b8,0x00000000f6800000)
  from space 6144K, 97% used [0x00000000f6f80000,0x00000000f75591c8,0x00000000f7580000)
  to   space 7680K, 0% used [0x00000000f6800000,0x00000000f6800000,0x00000000f6f80000)
 ParOldGen       total 20480K, used 9600K [0x00000000e2400000, 0x00000000e3800000, 0x00000000f6180000)
  object space 20480K, 46% used [0x00000000e2400000,0x00000000e2d60158,0x00000000e3800000)
 Metaspace       used 12169K, capacity 12406K, committed 12800K, reserved 1060864K
  class space    used 1372K, capacity 1444K, committed 1536K, reserved 1048576K
Event: 15.939 GC heap after
Heap after GC invocations=7 (full 0):
 PSYoungGen      total 14336K, used 3270K [0x00000000f6180000, 0x00000000f7c80000, 0x0000000100000000)
  eden space 6656K, 0% used [0x00000000f6180000,0x00000000f6180000,0x00000000f6800000)
  from space 7680K, 42% used [0x00000000f6800000,0x00000000f6b319b8,0x00000000f6f80000)
  to   space 7168K, 0% used [0x00000000f7580000,0x00000000f7580000,0x00000000f7c80000)
 ParOldGen       total 20480K, used 9880K [0x00000000e2400000, 0x00000000e3800000, 0x00000000f6180000)
  object space 20480K, 48% used [0x00000000e2400000,0x00000000e2da6168,0x00000000e3800000)
 Metaspace       used 12169K, capacity 12406K, committed 12800K, reserved 1060864K
  class space    used 1372K, capacity 1444K, committed 1536K, reserved 1048576K
}
Event: 32.511 GC heap before
{Heap before GC invocations=8 (full 0):
 PSYoungGen      total 14336K, used 9922K [0x00000000f6180000, 0x00000000f7c80000, 0x0000000100000000)
  eden space 6656K, 99% used [0x00000000f6180000,0x00000000f67ff0e0,0x00000000f6800000)
  from space 7680K, 42% used [0x00000000f6800000,0x00000000f6b319b8,0x00000000f6f80000)
  to   space 7168K, 0% used [0x00000000f7580000,0x00000000f7580000,0x00000000f7c80000)
 ParOldGen       total 20480K, used 9880K [0x00000000e2400000, 0x00000000e3800000, 0x00000000f6180000)
  object space 20480K, 48% used [0x00000000e2400000,0x00000000e2da6168,0x00000000e3800000)
 Metaspace       used 12838K, capacity 13098K, committed 13440K, reserved 1060864K
  class space    used 1469K, capacity 1542K, committed 1664K, reserved 1048576K
Event: 32.518 GC heap after
Heap after GC invocations=8 (full 0):
 PSYoungGen      total 10752K, used 3724K [0x00000000f6180000, 0x00000000f7980000, 0x0000000100000000)
  eden space 6656K, 0% used [0x00000000f6180000,0x00000000f6180000,0x00000000f6800000)
  from space 4096K, 90% used [0x00000000f7580000,0x00000000f7923068,0x00000000f7980000)
  to   space 6656K, 0% used [0x00000000f6c80000,0x00000000f6c80000,0x00000000f7300000)
 ParOldGen       total 20480K, used 9988K [0x00000000e2400000, 0x00000000e3800000, 0x00000000f6180000)
  object space 20480K, 48% used [0x00000000e2400000,0x00000000e2dc11b8,0x00000000e3800000)
 Metaspace       used 12838K, capacity 13098K, committed 13440K, reserved 1060864K
  class space    used 1469K, capacity 1542K, committed 1664K, reserved 1048576K
}
Event: 43.127 GC heap before
{Heap before GC invocations=9 (full 0):
 PSYoungGen      total 10752K, used 10375K [0x00000000f6180000, 0x00000000f7980000, 0x0000000100000000)
  eden space 6656K, 99% used [0x00000000f6180000,0x00000000f67fef70,0x00000000f6800000)
  from space 4096K, 90% used [0x00000000f7580000,0x00000000f7923068,0x00000000f7980000)
  to   space 6656K, 0% used [0x00000000f6c80000,0x00000000f6c80000,0x00000000f7300000)
 ParOldGen       total 20480K, used 9988K [0x00000000e2400000, 0x00000000e3800000, 0x00000000f6180000)
  object space 20480K, 48% used [0x00000000e2400000,0x00000000e2dc11b8,0x00000000e3800000)
 Metaspace       used 13078K, capacity 13386K, committed 13696K, reserved 1060864K
  class space    used 1486K, capacity 1574K, committed 1664K, reserved 1048576K
Event: 43.136 GC heap after
Heap after GC invocations=9 (full 0):
 PSYoungGen      total 9728K, used 2665K [0x00000000f6180000, 0x00000000f7600000, 0x0000000100000000)
  eden space 6656K, 0% used [0x00000000f6180000,0x00000000f6180000,0x00000000f6800000)
  from space 3072K, 86% used [0x00000000f6c80000,0x00000000f6f1a5e0,0x00000000f6f80000)
  to   space 6656K, 0% used [0x00000000f6f80000,0x00000000f6f80000,0x00000000f7600000)
 ParOldGen       total 20480K, used 11240K [0x00000000e2400000, 0x00000000e3800000, 0x00000000f6180000)
  object space 20480K, 54% used [0x00000000e2400000,0x00000000e2efa368,0x00000000e3800000)
 Metaspace       used 13078K, capacity 13386K, committed 13696K, reserved 1060864K
  class space    used 1486K, capacity 1574K, committed 1664K, reserved 1048576K
}
Event: 68.804 GC heap before
{Heap before GC invocations=10 (full 0):
 PSYoungGen      total 9728K, used 9321K [0x00000000f6180000, 0x00000000f7600000, 0x0000000100000000)
  eden space 6656K, 100% used [0x00000000f6180000,0x00000000f6800000,0x00000000f6800000)
  from space 3072K, 86% used [0x00000000f6c80000,0x00000000f6f1a5e0,0x00000000f6f80000)
  to   space 6656K, 0% used [0x00000000f6f80000,0x00000000f6f80000,0x00000000f7600000)
 ParOldGen       total 20480K, used 11240K [0x00000000e2400000, 0x00000000e3800000, 0x00000000f6180000)
  object space 20480K, 54% used [0x00000000e2400000,0x00000000e2efa368,0x00000000e3800000)
 Metaspace       used 13123K, capacity 13386K, committed 13696K, reserved 1060864K
  class space    used 1486K, capacity 1574K, committed 1664K, reserved 1048576K
Event: 68.811 GC heap after
Heap after GC invocations=10 (full 0):
 PSYoungGen      total 12288K, used 517K [0x00000000f6180000, 0x00000000f7500000, 0x0000000100000000)
  eden space 6656K, 0% used [0x00000000f6180000,0x00000000f6180000,0x00000000f6800000)
  from space 5632K, 9% used [0x00000000f6f80000,0x00000000f7001710,0x00000000f7500000)
  to   space 6656K, 0% used [0x00000000f6800000,0x00000000f6800000,0x00000000f6e80000)
 ParOldGen       total 20480K, used 14594K [0x00000000e2400000, 0x00000000e3800000, 0x00000000f6180000)
  object space 20480K, 71% used [0x00000000e2400000,0x00000000e32409c0,0x00000000e3800000)
 Metaspace       used 13123K, capacity 13386K, committed 13696K, reserved 1060864K
  class space    used 1486K, capacity 1574K, committed 1664K, reserved 1048576K
}

Deoptimization events (10 events):
Event: 32.955 Thread 0x0000000017416000 Uncommon trap: reason=unstable_if action=reinterpret pc=0x000000000473ba68 method=totalcross.ui.gfx.Graphics.translateAndClip(IIII)Z @ 69
Event: 32.955 Thread 0x0000000017416000 Uncommon trap: reason=unstable_if action=reinterpret pc=0x0000000004868d7c method=totalcross.ui.gfx.Graphics.translateAndClip(IIII)Z @ 69
Event: 32.955 Thread 0x0000000017416000 Uncommon trap: reason=unstable_if action=reinterpret pc=0x000000000477821c method=totalcross.ui.gfx.Graphics.translateAndClip(IIII)Z @ 69
Event: 34.609 Thread 0x0000000017416000 Uncommon trap: reason=unstable_if action=reinterpret pc=0x0000000004957ea8 method=totalcross.ui.gfx.Graphics.drawText(Ljava/lang/String;III)V @ 269
Event: 34.609 Thread 0x0000000017416000 Uncommon trap: reason=unstable_if action=reinterpret pc=0x000000000483b2c4 method=totalcross.ui.gfx.Graphics.drawText(Ljava/lang/String;III)V @ 567
Event: 37.591 Thread 0x0000000017416000 Uncommon trap: reason=unstable_if action=reinterpret pc=0x0000000004979900 method=totalcross.ui.Control.refreshGraphics(Ltotalcross/ui/gfx/Graphics;ILtotalcross/ui/Control;II)Ltotalcross/ui/gfx/Graphics; @ 171
Event: 37.591 Thread 0x0000000017416000 Uncommon trap: reason=unstable_if action=reinterpret pc=0x00000000049951c4 method=totalcross.ui.gfx.Graphics.drawText(Ljava/lang/String;III)V @ 211
Event: 37.591 Thread 0x0000000017416000 Uncommon trap: reason=unstable_if action=reinterpret pc=0x0000000004985190 method=totalcross.ui.gfx.Graphics.drawText(Ljava/lang/String;III)V @ 1109
Event: 37.592 Thread 0x0000000017416000 Uncommon trap: reason=unstable_if action=reinterpret pc=0x00000000049712b4 method=totalcross.ui.gfx.Graphics.translateAndClip(IIII)Z @ 164
Event: 37.613 Thread 0x0000000017416000 Uncommon trap: reason=unstable_if action=reinterpret pc=0x0000000004842608 method=totalcross.ui.gfx.Graphics.translateAndClip(IIII)Z @ 164

Internal exceptions (10 events):
Event: 69.935 Thread 0x0000000017a06000 Exception <a 'java/lang/InterruptedException': sleep interrupted> (0x00000000f61b1f20) thrown at [C:\re\workspace\8-2-build-windows-amd64-cygwin\jdk8u111\7883\hotspot\src\share\vm\prims\jvm.cpp, line 3224]
Event: 69.945 Thread 0x0000000017a06000 Exception <a 'java/lang/InterruptedException': sleep interrupted> (0x00000000f61b21d0) thrown at [C:\re\workspace\8-2-build-windows-amd64-cygwin\jdk8u111\7883\hotspot\src\share\vm\prims\jvm.cpp, line 3224]
Event: 69.955 Thread 0x0000000017a06000 Exception <a 'java/lang/InterruptedException': sleep interrupted> (0x00000000f61b2480) thrown at [C:\re\workspace\8-2-build-windows-amd64-cygwin\jdk8u111\7883\hotspot\src\share\vm\prims\jvm.cpp, line 3224]
Event: 69.965 Thread 0x0000000017a06000 Exception <a 'java/lang/InterruptedException': sleep interrupted> (0x00000000f61b2730) thrown at [C:\re\workspace\8-2-build-windows-amd64-cygwin\jdk8u111\7883\hotspot\src\share\vm\prims\jvm.cpp, line 3224]
Event: 69.975 Thread 0x0000000017a06000 Exception <a 'java/lang/InterruptedException': sleep interrupted> (0x00000000f61b29e0) thrown at [C:\re\workspace\8-2-build-windows-amd64-cygwin\jdk8u111\7883\hotspot\src\share\vm\prims\jvm.cpp, line 3224]
Event: 69.985 Thread 0x0000000017a06000 Exception <a 'java/lang/InterruptedException': sleep interrupted> (0x00000000f61b2c90) thrown at [C:\re\workspace\8-2-build-windows-amd64-cygwin\jdk8u111\7883\hotspot\src\share\vm\prims\jvm.cpp, line 3224]
Event: 69.997 Thread 0x0000000017416000 Exception <a 'java/io/FileNotFoundException'> (0x00000000f6195f10) thrown at [C:\re\workspace\8-2-build-windows-amd64-cygwin\jdk8u111\7883\hotspot\src\share\vm\prims\jni.cpp, line 709]
Event: 69.997 Thread 0x0000000017416000 Exception <a 'java/io/FileNotFoundException'> (0x00000000f61969b8) thrown at [C:\re\workspace\8-2-build-windows-amd64-cygwin\jdk8u111\7883\hotspot\src\share\vm\prims\jni.cpp, line 709]
Event: 69.997 Thread 0x0000000017416000 Exception <a 'java/io/FileNotFoundException'> (0x00000000f61977a8) thrown at [C:\re\workspace\8-2-build-windows-amd64-cygwin\jdk8u111\7883\hotspot\src\share\vm\prims\jni.cpp, line 709]
Event: 70.130 Thread 0x0000000017a06000 Exception <a 'java/lang/InterruptedException': sleep interrupted> (0x00000000f61d9ca0) thrown at [C:\re\workspace\8-2-build-windows-amd64-cygwin\jdk8u111\7883\hotspot\src\share\vm\prims\jvm.cpp, line 3224]

Events (10 events):
Event: 70.267 Thread 0x0000000018a59800 Thread exited: 0x0000000018a59800
Event: 70.269 Executing VM operation: RevokeBias
Event: 70.269 Executing VM operation: RevokeBias done
Event: 70.270 loading class java/lang/ref/Finalizer$3
Event: 70.271 loading class java/lang/ref/Finalizer$3 done
Event: 70.271 Thread 0x0000000018a59800 Thread added: 0x0000000018a59800
Event: 70.280 Executing VM operation: RevokeBias
Event: 70.281 Executing VM operation: RevokeBias done
Event: 70.281 Executing VM operation: RevokeBias
Event: 70.281 Executing VM operation: RevokeBias done


Dynamic libraries:
0x00007ff6bf740000 - 0x00007ff6bf777000 	C:\Program Files\Java\jre1.8.0_111\bin\javaw.exe
0x00007ffdb3860000 - 0x00007ffdb3a40000 	C:\WINDOWS\SYSTEM32\ntdll.dll
0x00007ffdb30f0000 - 0x00007ffdb319e000 	C:\WINDOWS\System32\KERNEL32.DLL
0x00007ffdb0ac0000 - 0x00007ffdb0d26000 	C:\WINDOWS\System32\KERNELBASE.dll
0x00007ffdb1000000 - 0x00007ffdb10a1000 	C:\WINDOWS\System32\ADVAPI32.dll
0x00007ffdb3560000 - 0x00007ffdb35fd000 	C:\WINDOWS\System32\msvcrt.dll
0x00007ffdb31a0000 - 0x00007ffdb31fb000 	C:\WINDOWS\System32\sechost.dll
0x00007ffdb1240000 - 0x00007ffdb135f000 	C:\WINDOWS\System32\RPCRT4.dll
0x00007ffdb0d90000 - 0x00007ffdb0f1f000 	C:\WINDOWS\System32\USER32.dll
0x00007ffdb0110000 - 0x00007ffdb0130000 	C:\WINDOWS\System32\win32u.dll
0x00007ffdb3730000 - 0x00007ffdb3758000 	C:\WINDOWS\System32\GDI32.dll
0x00007ffdb0920000 - 0x00007ffdb0ab3000 	C:\WINDOWS\System32\gdi32full.dll
0x00007ffdb0130000 - 0x00007ffdb01cb000 	C:\WINDOWS\System32\msvcp_win.dll
0x00007ffdafc60000 - 0x00007ffdafd56000 	C:\WINDOWS\System32\ucrtbase.dll
0x00007ffd9f5d0000 - 0x00007ffd9f839000 	C:\WINDOWS\WinSxS\amd64_microsoft.windows.common-controls_6595b64144ccf1df_6.0.16299.431_none_15c7d3ee93659e73\COMCTL32.dll
0x00007ffdb1920000 - 0x00007ffdb1c28000 	C:\WINDOWS\System32\combase.dll
0x00007ffdaff80000 - 0x00007ffdafff2000 	C:\WINDOWS\System32\bcryptPrimitives.dll
0x00007ffdb1160000 - 0x00007ffdb118d000 	C:\WINDOWS\System32\IMM32.DLL
0x00000000528b0000 - 0x0000000052982000 	C:\Program Files\Java\jre1.8.0_111\bin\msvcr100.dll
0x0000000052b50000 - 0x00000000533ea000 	C:\Program Files\Java\jre1.8.0_111\bin\server\jvm.dll
0x00007ffdb30e0000 - 0x00007ffdb30e8000 	C:\WINDOWS\System32\PSAPI.DLL
0x00007ffdab9f0000 - 0x00007ffdab9f9000 	C:\WINDOWS\SYSTEM32\WSOCK32.dll
0x00007ffdb3070000 - 0x00007ffdb30dc000 	C:\WINDOWS\System32\WS2_32.dll
0x00007ffdadf40000 - 0x00007ffdadf63000 	C:\WINDOWS\SYSTEM32\WINMM.dll
0x00007ffda15e0000 - 0x00007ffda15ea000 	C:\WINDOWS\SYSTEM32\VERSION.dll
0x00007ffdadee0000 - 0x00007ffdadf0a000 	C:\WINDOWS\SYSTEM32\WINMMBASE.dll
0x00007ffdafd60000 - 0x00007ffdafdaa000 	C:\WINDOWS\System32\cfgmgr32.dll
0x0000000052a60000 - 0x0000000052a6f000 	C:\Program Files\Java\jre1.8.0_111\bin\verify.dll
0x0000000052a30000 - 0x0000000052a59000 	C:\Program Files\Java\jre1.8.0_111\bin\java.dll
0x0000000052a10000 - 0x0000000052a26000 	C:\Program Files\Java\jre1.8.0_111\bin\zip.dll
0x00007ffdb1c30000 - 0x00007ffdb3068000 	C:\WINDOWS\System32\SHELL32.dll
0x00007ffdb1190000 - 0x00007ffdb1236000 	C:\WINDOWS\System32\shcore.dll
0x00007ffdb01d0000 - 0x00007ffdb0917000 	C:\WINDOWS\System32\windows.storage.dll
0x00007ffdb0fa0000 - 0x00007ffdb0ff1000 	C:\WINDOWS\System32\shlwapi.dll
0x00007ffdafc20000 - 0x00007ffdafc31000 	C:\WINDOWS\System32\kernel.appcore.dll
0x00007ffdafbb0000 - 0x00007ffdafbfc000 	C:\WINDOWS\System32\powrprof.dll
0x00007ffdafc40000 - 0x00007ffdafc5b000 	C:\WINDOWS\System32\profapi.dll
0x0000000052710000 - 0x00000000528a8000 	C:\Program Files\Java\jre1.8.0_111\bin\awt.dll
0x00007ffdb3760000 - 0x00007ffdb3825000 	C:\WINDOWS\System32\OLEAUT32.dll
0x00007ffdae060000 - 0x00007ffdae0e8000 	C:\WINDOWS\SYSTEM32\apphelp.dll
0x00007ffdae450000 - 0x00007ffdae47a000 	C:\WINDOWS\system32\DWMAPI.DLL
0x00007ffdae1e0000 - 0x00007ffdae275000 	C:\WINDOWS\system32\uxtheme.dll
0x00007ffdb17b0000 - 0x00007ffdb1917000 	C:\WINDOWS\System32\MSCTF.dll
0x00007ffd99800000 - 0x00007ffd9987f000 	C:\Program Files (x86)\TeamViewer\tv_x64.dll
0x00007ffdb3200000 - 0x00007ffdb3349000 	C:\WINDOWS\System32\ole32.dll
0x00000000526c0000 - 0x0000000052707000 	C:\Program Files\Java\jre1.8.0_111\bin\fontmanager.dll
0x00007ffd9afc0000 - 0x00007ffd9b055000 	C:\WINDOWS\system32\RICHED20.DLL
0x00007ffd87ea0000 - 0x00007ffd87eb9000 	C:\WINDOWS\SYSTEM32\USP10.dll
0x00007ffd9e240000 - 0x00007ffd9e278000 	C:\WINDOWS\SYSTEM32\msls31.dll
0x00007ffdb10b0000 - 0x00007ffdb114e000 	C:\WINDOWS\System32\clbcatq.dll
0x00007ffdaf6b0000 - 0x00007ffdaf6d5000 	C:\WINDOWS\system32\bcrypt.dll
0x00007ffda4f20000 - 0x00007ffda4fb8000 	C:\WINDOWS\System32\TextInputFramework.dll
0x00007ffdaa720000 - 0x00007ffdaaa0e000 	C:\WINDOWS\System32\CoreUIComponents.dll
0x00007ffdad0d0000 - 0x00007ffdad1ac000 	C:\WINDOWS\System32\CoreMessaging.dll
0x00007ffdaece0000 - 0x00007ffdaed11000 	C:\WINDOWS\SYSTEM32\ntmarta.dll
0x00007ffdac050000 - 0x00007ffdac186000 	C:\WINDOWS\SYSTEM32\wintypes.dll
0x00000000529f0000 - 0x0000000052a0a000 	C:\Program Files\Java\jre1.8.0_111\bin\net.dll
0x00007ffdaf3e0000 - 0x00007ffdaf446000 	C:\WINDOWS\system32\mswsock.dll
0x00007ffdaf1b0000 - 0x00007ffdaf266000 	C:\WINDOWS\SYSTEM32\DNSAPI.dll
0x00007ffdb3350000 - 0x00007ffdb3358000 	C:\WINDOWS\System32\NSI.dll
0x00007ffdaf170000 - 0x00007ffdaf1a9000 	C:\WINDOWS\SYSTEM32\IPHLPAPI.DLL
0x00007ffda4840000 - 0x00007ffda484a000 	C:\Windows\System32\rasadhlp.dll
0x00007ffdaf5a0000 - 0x00007ffdaf5b7000 	C:\WINDOWS\SYSTEM32\CRYPTSP.dll
0x00007ffdaefe0000 - 0x00007ffdaf013000 	C:\WINDOWS\system32\rsaenh.dll
0x00007ffdafab0000 - 0x00007ffdafad9000 	C:\WINDOWS\SYSTEM32\USERENV.dll
0x00007ffdaf5c0000 - 0x00007ffdaf5cb000 	C:\WINDOWS\SYSTEM32\CRYPTBASE.dll
0x00007ffdaa480000 - 0x00007ffdaa496000 	C:\WINDOWS\SYSTEM32\dhcpcsvc6.DLL
0x00007ffdaa4e0000 - 0x00007ffdaa4fa000 	C:\WINDOWS\SYSTEM32\dhcpcsvc.DLL
0x00007ffda7050000 - 0x00007ffda70c0000 	C:\WINDOWS\System32\fwpuclnt.dll
0x00000000529d0000 - 0x00000000529e1000 	C:\Program Files\Java\jre1.8.0_111\bin\nio.dll
0x0000000052680000 - 0x00000000526b1000 	C:\Program Files\Java\jre1.8.0_111\bin\jpeg.dll
0x00007ffda09b0000 - 0x00007ffda0b78000 	C:\WINDOWS\SYSTEM32\dbghelp.dll

VM Arguments:
jvm_args: -Dfile.encoding=Cp1252 
java_command: totalcross.Launcher /r 544353541A8E8B2A28D5B8E0 com.app.app
java_class_path (initial): C:\Program Files\Java\jre1.8.0_111\lib\resources.jar;C:\Program Files\Java\jre1.8.0_111\lib\rt.jar;C:\Program Files\Java\jre1.8.0_111\lib\jsse.jar;C:\Program Files\Java\jre1.8.0_111\lib\jce.jar;C:\Program Files\Java\jre1.8.0_111\lib\charsets.jar;C:\Program Files\Java\jre1.8.0_111\lib\jfr.jar;C:\Program Files\Java\jre1.8.0_111\lib\ext\access-bridge-64.jar;C:\Program Files\Java\jre1.8.0_111\lib\ext\cldrdata.jar;C:\Program Files\Java\jre1.8.0_111\lib\ext\dnsns.jar;C:\Program Files\Java\jre1.8.0_111\lib\ext\jaccess.jar;C:\Program Files\Java\jre1.8.0_111\lib\ext\jfxrt.jar;C:\Program Files\Java\jre1.8.0_111\lib\ext\localedata.jar;C:\Program Files\Java\jre1.8.0_111\lib\ext\nashorn.jar;C:\Program Files\Java\jre1.8.0_111\lib\ext\sunec.jar;C:\Program Files\Java\jre1.8.0_111\lib\ext\sunjce_provider.jar;C:\Program Files\Java\jre1.8.0_111\lib\ext\sunmscapi.jar;C:\Program Files\Java\jre1.8.0_111\lib\ext\sunpkcs11.jar;C:\Program Files\Java\jre1.8.0_111\lib\ext\zipfs.jar;C:\Users\marci\eclipse-workspace\app\target\classes;C:\Users\marci\.m2\repository\com\totalcross\utils\tc-utilities\0.0.1-SNAPSHOT\tc-utilities-0.0.1-SNAPSHOT.jar;C:\Users\marci\.m2\repository\com\totalcross\utils\magical-utils\0.0.1-SNAPSHOT\magical-utils-0.0.1-SNAPSHOT.jar;C:\Users\marci\.m2\repository\com\totalcross\totalcross-sdk\4.1.0\totalcross-sdk-4.1.0.jar;C:\Users\marci\.m2\repository\org\vafer\jdeb\0.7\jdeb-0.7.jar;C:\Users\marci\.m2\repository\org\apache\maven\maven-plugin-api\2.0.5\maven-plugin-api-2.0.5.jar;C:\Users\marci\.m2\repository\org\apache\maven\maven-project\2.0.5\maven-project-2.0.5.jar;C:\Users\marci\.m2\repository\org\apache\maven\maven-settings\2.0.5\maven-settings-2.0.5.jar;C:\Users\marci\.m2\repository\org\apache\maven\maven-profile\2.0.5\maven-profile-2.0.5.jar;C:\Users\marci\.m2\repository\org\apache\maven\maven-model\2.0.5\maven-model-2.0.5.jar;C:\Users\marci\.m2\repository\org\apache\maven\maven-artifact-manager\2.0.5\maven-artifact-manager-2.0.5.jar;C:\U
Launcher Type: SUN_STANDARD

Environment Variables:
JAVA_HOME=C:\Program Files\Java\jdk1.8.0_111
PATH=C:/Program Files/Java/jre1.8.0_111/bin/server;C:/Program Files/Java/jre1.8.0_111/bin;C:/Program Files/Java/jre1.8.0_111/lib/amd64;C:\ProgramData\Oracle\Java\javapath;C:\Program Files (x86)\Intel\TXE Components\TCS\;C:\Program Files\Intel\TXE Components\TCS\;C:\WINDOWS\system32;C:\WINDOWS;C:\WINDOWS\System32\Wbem;C:\WINDOWS\System32\WindowsPowerShell\v1.0\;C:\Program Files\Intel\TXE Components\DAL\;C:\Program Files (x86)\Intel\TXE Components\DAL\;C:\Program Files\Intel\TXE Components\IPT\;C:\Program Files (x86)\Intel\TXE Components\IPT\;C:\Program Files\Java\jdk1.8.0_111\bin;C:\TotalCross3\dist\vm\win32;C:\Users\marci\AppData\Local\Microsoft\WindowsApps;c:\TotalCross3\dist\vm\win32;C:\Program Files\Java\jdk1.8.0_111\bin;;C:\Users\marci\Desktop;
USERNAME=marci
OS=Windows_NT
PROCESSOR_IDENTIFIER=Intel64 Family 6 Model 76 Stepping 4, GenuineIntel



---------------  S Y S T E M  ---------------

OS: Windows 10.0 , 64 bit Build 16299 (10.0.16299.431)

CPU:total 2 (2 cores per cpu, 1 threads per core) family 6 model 76 stepping 4, cmov, cx8, fxsr, mmx, sse, sse2, sse3, ssse3, sse4.1, sse4.2, popcnt, aes, clmul, erms, 3dnowpref, tsc, tscinvbit

Memory: 4k page, physical 1946148k(232932k free), swap 5015584k(1030348k free)

vm_info: Java HotSpot(TM) 64-Bit Server VM (25.111-b14) for windows-amd64 JRE (1.8.0_111-b14), built on Sep 22 2016 19:24:05 by "java_re" with MS VC++ 10.0 (VS2010)

time: Fri Jun 01 22:05:44 2018
elapsed time: 70 seconds (0d 0h 1m 10s)

