#
# A fatal error has been detected by the Java Runtime Environment:
#
#  EXCEPTION_ACCESS_VIOLATION (0xc0000005) at pc=0x000000006be42be0, pid=6128, tid=0x00000000000007d0
#
# JRE version: Java(TM) SE Runtime Environment (8.0_111-b14) (build 1.8.0_111-b14)
# Java VM: Java HotSpot(TM) 64-Bit Server VM (25.111-b14 mixed mode windows-amd64 compressed oops)
# Problematic frame:
# C  0x000000006be42be0
#
# Failed to write core dump. Minidumps are not enabled by default on client versions of Windows
#
# If you would like to submit a bug report, please visit:
#   http://bugreport.java.com/bugreport/crash.jsp
# The crash happened outside the Java Virtual Machine in native code.
# See problematic frame for where to report the bug.
#

---------------  T H R E A D  ---------------

Current thread (0x000000001970e800):  JavaThread "Secondary finalizer" [_thread_in_native, id=2000, stack(0x000000001cec0000,0x000000001cfc0000)]

siginfo: ExceptionCode=0xc0000005, ExceptionInformation=0x0000000000000008 0x000000006be42be0

Registers:
RAX=0x000000006be42be0, RBX=0x00000000193690e0, RCX=0x000000001970e9f8, RDX=0x000000001cfbf448
RSP=0x000000001cfbf3a8, RBP=0x000000001cfbf428, RSI=0x00000000f6d5ccb0, RDI=0x0000000000000000
R8 =0x0000000000000005, R9 =0x00000000f6d5cc48, R10=0x0000000004c1848b, R11=0x0000000052d7b580
R12=0x0000000000000000, R13=0x00000000193690e0, R14=0x000000001cfbf448, R15=0x000000001970e800
RIP=0x000000006be42be0, EFLAGS=0x0000000000010206

Top of Stack: (sp=0x000000001cfbf3a8)
0x000000001cfbf3a8:   0000000004c184b7 0000000004c056d0
0x000000001cfbf3b8:   0000000000000000 000000001cfbf588
0x000000001cfbf3c8:   000000001cfbf540 000000001cfbf4b0
0x000000001cfbf3d8:   0000000000000000 00000000f6d5cc48
0x000000001cfbf3e8:   000000001cfbf3d8 0000000000000000
0x000000001cfbf3f8:   000000001cfbf448 00000000193a4710
0x000000001cfbf408:   0000000000000000 00000000193690e0
0x000000001cfbf418:   0000000000000000 000000001cfbf448
0x000000001cfbf428:   000000001cfbf4b0 0000000004c0835d
0x000000001cfbf438:   0000000000000000 0000000004c119d8
0x000000001cfbf448:   00000000f6d5cc48 00000000f6d5cc80
0x000000001cfbf458:   0000000000000000 0000000000000011
0x000000001cfbf468:   00000000f6d5cc48 000000001cfbf450
0x000000001cfbf478:   0000000019363ebe 000000001cfbf4e8
0x000000001cfbf488:   00000000193a3f20 0000000000000000
0x000000001cfbf498:   0000000019363f58 000000001cfbf448 

Instructions: (pc=0x000000006be42be0)
0x000000006be42bc0:   
[error occurred during error reporting (printing registers, top of stack, instructions near pc), id 0xc0000005]

Register to memory mapping:

RAX=0x000000006be42be0 is an unknown value
RBX={method} {0x00000000193690e8} 'free_functions' '()V' in 'org/sqlite/core/NativeDB'
RCX=0x000000001970e9f8 is an unknown value
RDX=0x000000001cfbf448 is pointing into the stack for thread: 0x000000001970e800
RSP=0x000000001cfbf3a8 is pointing into the stack for thread: 0x000000001970e800
RBP=0x000000001cfbf428 is pointing into the stack for thread: 0x000000001970e800
RSI=0x00000000f6d5ccb0 is an oop
[Ljava.util.HashMap$Node; 
 - klass: 'java/util/HashMap$Node'[]
 - length: 16
RDI=0x0000000000000000 is an unknown value
R8 =0x0000000000000005 is an unknown value
R9 =0x00000000f6d5cc48 is an oop
org.sqlite.core.NativeDB 
 - klass: 'org/sqlite/core/NativeDB'
R10=0x0000000004c1848b is at code_begin+1227 in an Interpreter codelet
method entry point (kind = native_synchronized)  [0x0000000004c17fc0, 0x0000000004c18aa0]  2784 bytes
R11=0x0000000052d7b580 is an unknown value
R12=0x0000000000000000 is an unknown value
R13={method} {0x00000000193690e8} 'free_functions' '()V' in 'org/sqlite/core/NativeDB'
R14=0x000000001cfbf448 is pointing into the stack for thread: 0x000000001970e800
R15=0x000000001970e800 is a thread


Stack: [0x000000001cec0000,0x000000001cfc0000],  sp=0x000000001cfbf3a8,  free space=1020k
Native frames: (J=compiled Java code, j=interpreted, Vv=VM code, C=native code)
C  0x000000006be42be0

Java frames: (J=compiled Java code, j=interpreted, Vv=VM code)
j  org.sqlite.core.NativeDB.free_functions()V+0
j  org.sqlite.core.DB.close()V+102
j  org.sqlite.core.CoreConnection.close()V+26
j  org.sqlite.core.CoreConnection.finalize()V+1
J 1140 C1 java.lang.ref.Finalizer.runFinalizer(Lsun/misc/JavaLangAccess;)V (62 bytes) @ 0x0000000004d7104c [0x0000000004d70ac0+0x58c]
J 1134 C1 java.lang.ref.Finalizer.access$100(Ljava/lang/ref/Finalizer;Lsun/misc/JavaLangAccess;)V (6 bytes) @ 0x0000000004ed721c [0x0000000004ed71c0+0x5c]
j  java.lang.ref.Finalizer$3.run()V+58
j  java.lang.Thread.run()V+11
v  ~StubRoutines::call_stub

---------------  P R O C E S S  ---------------

Java Threads: ( => current thread )
=>0x000000001970e800 JavaThread "Secondary finalizer" [_thread_in_native, id=2000, stack(0x000000001cec0000,0x000000001cfc0000)]
  0x000000001970c800 JavaThread "Image Fetcher 3" daemon [_thread_blocked, id=4792, stack(0x000000001baf0000,0x000000001bbf0000)]
  0x000000001970e000 JavaThread "Image Fetcher 2" daemon [_thread_blocked, id=2412, stack(0x000000001b9f0000,0x000000001baf0000)]
  0x0000000019710000 JavaThread "Image Fetcher 1" daemon [_thread_blocked, id=6176, stack(0x000000001b8f0000,0x000000001b9f0000)]
  0x000000001970f800 JavaThread "Image Fetcher 0" daemon [_thread_blocked, id=6528, stack(0x000000001b7f0000,0x000000001b8f0000)]
  0x000000001770e000 JavaThread "TC Event Thread" daemon [_thread_blocked, id=4948, stack(0x000000001aff0000,0x000000001b0f0000)]
  0x0000000004b02800 JavaThread "DestroyJavaVM" [_thread_blocked, id=1096, stack(0x0000000004970000,0x0000000004a70000)]
  0x0000000017d24800 JavaThread "AWT-EventQueue-0" [_thread_blocked, id=4736, stack(0x00000000185d0000,0x00000000186d0000)]
  0x0000000017cfd800 JavaThread "AWT-Shutdown" [_thread_blocked, id=2884, stack(0x0000000018310000,0x0000000018410000)]
  0x0000000017cfa800 JavaThread "Java2D Disposer" daemon [_thread_blocked, id=3916, stack(0x00000000181c0000,0x00000000182c0000)]
  0x0000000015cdf000 JavaThread "Service Thread" daemon [_thread_blocked, id=2688, stack(0x0000000016fc0000,0x00000000170c0000)]
  0x0000000015cd5800 JavaThread "C1 CompilerThread1" daemon [_thread_blocked, id=6880, stack(0x0000000016ec0000,0x0000000016fc0000)]
  0x0000000015c7f000 JavaThread "C2 CompilerThread0" daemon [_thread_blocked, id=4880, stack(0x0000000016dc0000,0x0000000016ec0000)]
  0x0000000015c7e000 JavaThread "Attach Listener" daemon [_thread_blocked, id=5760, stack(0x0000000016cc0000,0x0000000016dc0000)]
  0x0000000015c7a800 JavaThread "Signal Dispatcher" daemon [_thread_blocked, id=1028, stack(0x0000000016bc0000,0x0000000016cc0000)]
  0x0000000015c68800 JavaThread "Finalizer" daemon [_thread_blocked, id=5688, stack(0x00000000168c0000,0x00000000169c0000)]
  0x0000000004bf0800 JavaThread "Reference Handler" daemon [_thread_blocked, id=3212, stack(0x00000000167c0000,0x00000000168c0000)]

Other Threads:
  0x0000000015c45800 VMThread [stack: 0x00000000166c0000,0x00000000167c0000] [id=5800]
  0x0000000015d07000 WatcherThread [stack: 0x00000000174c0000,0x00000000175c0000] [id=5032]

VM state:not at safepoint (normal execution)

VM Mutex/Monitor currently owned by a thread: None

Heap:
 PSYoungGen      total 14336K, used 7547K [0x00000000f6180000, 0x00000000f7680000, 0x0000000100000000)
  eden space 8192K, 41% used [0x00000000f6180000,0x00000000f64d2fe0,0x00000000f6980000)
  from space 6144K, 67% used [0x00000000f6980000,0x00000000f6d8bd60,0x00000000f6f80000)
  to   space 6656K, 0% used [0x00000000f7000000,0x00000000f7000000,0x00000000f7680000)
 ParOldGen       total 20480K, used 9753K [0x00000000e2400000, 0x00000000e3800000, 0x00000000f6180000)
  object space 20480K, 47% used [0x00000000e2400000,0x00000000e2d866c8,0x00000000e3800000)
 Metaspace       used 12890K, capacity 13148K, committed 13440K, reserved 1060864K
  class space    used 1471K, capacity 1539K, committed 1664K, reserved 1048576K

Card table byte_map: [0x0000000013fc0000,0x00000000140b0000] byte_map_base: 0x00000000138ae000

Marking Bits: (ParMarkBitMap*) 0x000000005336a6c0
 Begin Bits: [0x0000000014350000, 0x0000000014ac0000)
 End Bits:   [0x0000000014ac0000, 0x0000000015230000)

Polling page: 0x0000000003170000

CodeCache: size=245760Kb used=4709Kb max_used=4709Kb free=241050Kb
 bounds [0x0000000004c00000, 0x00000000050b0000, 0x0000000013c00000]
 total_blobs=1708 nmethods=1219 adapters=402
 compilation: enabled

Compilation events (10 events):
Event: 41.199 Thread 0x0000000015cd5800 nmethod 1401 0x0000000005071290 code [0x00000000050713e0, 0x0000000005071550]
Event: 41.201 Thread 0x0000000015cd5800 1402       3       totalcross.Launcher::getClassPathDirectories (184 bytes)
Event: 41.203 Thread 0x0000000015cd5800 nmethod 1402 0x0000000005071650 code [0x00000000050718c0, 0x0000000005072838]
Event: 41.449 Thread 0x0000000015c7f000 1403       4       sun.awt.AppContext::getAppContext (51 bytes)
Event: 41.450 Thread 0x0000000015c7f000 nmethod 1403 0x0000000004e94f10 code [0x0000000004e95040, 0x0000000004e950d8]
Event: 43.699 Thread 0x0000000015cd5800 1404   !   3       totalcross.Launcher::openInputStream (1569 bytes)
Event: 43.734 Thread 0x0000000015c7f000 1405       4       java.io.FileInputStream::read (8 bytes)
Event: 43.735 Thread 0x0000000015c7f000 nmethod 1405 0x0000000004fb7f10 code [0x0000000004fb8060, 0x0000000004fb80e8]
Event: 43.759 Thread 0x0000000015cd5800 nmethod 1404 0x0000000005077390 code [0x0000000005078e80, 0x0000000005090a68]
Event: 43.980 Thread 0x0000000015cd5800 1406       3       java.util.ArrayDeque::poll (5 bytes)

GC Heap History (10 events):
Event: 3.933 GC heap before
{Heap before GC invocations=3 (full 0):
 PSYoungGen      total 9216K, used 9200K [0x00000000f6180000, 0x00000000f6b80000, 0x0000000100000000)
  eden space 8192K, 100% used [0x00000000f6180000,0x00000000f6980000,0x00000000f6980000)
  from space 1024K, 98% used [0x00000000f6a80000,0x00000000f6b7c010,0x00000000f6b80000)
  to   space 1024K, 0% used [0x00000000f6980000,0x00000000f6980000,0x00000000f6a80000)
 ParOldGen       total 20480K, used 3949K [0x00000000e2400000, 0x00000000e3800000, 0x00000000f6180000)
  object space 20480K, 19% used [0x00000000e2400000,0x00000000e27db720,0x00000000e3800000)
 Metaspace       used 9677K, capacity 9890K, committed 10240K, reserved 1058816K
  class space    used 1114K, capacity 1184K, committed 1280K, reserved 1048576K
Event: 3.944 GC heap after
Heap after GC invocations=3 (full 0):
 PSYoungGen      total 9216K, used 1021K [0x00000000f6180000, 0x00000000f6b80000, 0x0000000100000000)
  eden space 8192K, 0% used [0x00000000f6180000,0x00000000f6180000,0x00000000f6980000)
  from space 1024K, 99% used [0x00000000f6980000,0x00000000f6a7f4d0,0x00000000f6a80000)
  to   space 1024K, 0% used [0x00000000f6a80000,0x00000000f6a80000,0x00000000f6b80000)
 ParOldGen       total 20480K, used 8285K [0x00000000e2400000, 0x00000000e3800000, 0x00000000f6180000)
  object space 20480K, 40% used [0x00000000e2400000,0x00000000e2c17458,0x00000000e3800000)
 Metaspace       used 9677K, capacity 9890K, committed 10240K, reserved 1058816K
  class space    used 1114K, capacity 1184K, committed 1280K, reserved 1048576K
}
Event: 5.741 GC heap before
{Heap before GC invocations=4 (full 0):
 PSYoungGen      total 9216K, used 9213K [0x00000000f6180000, 0x00000000f6b80000, 0x0000000100000000)
  eden space 8192K, 100% used [0x00000000f6180000,0x00000000f6980000,0x00000000f6980000)
  from space 1024K, 99% used [0x00000000f6980000,0x00000000f6a7f4d0,0x00000000f6a80000)
  to   space 1024K, 0% used [0x00000000f6a80000,0x00000000f6a80000,0x00000000f6b80000)
 ParOldGen       total 20480K, used 8285K [0x00000000e2400000, 0x00000000e3800000, 0x00000000f6180000)
  object space 20480K, 40% used [0x00000000e2400000,0x00000000e2c17458,0x00000000e3800000)
 Metaspace       used 9939K, capacity 10178K, committed 10496K, reserved 1058816K
  class space    used 1142K, capacity 1216K, committed 1280K, reserved 1048576K
Event: 5.745 GC heap after
Heap after GC invocations=4 (full 0):
 PSYoungGen      total 9216K, used 1021K [0x00000000f6180000, 0x00000000f6b80000, 0x0000000100000000)
  eden space 8192K, 0% used [0x00000000f6180000,0x00000000f6180000,0x00000000f6980000)
  from space 1024K, 99% used [0x00000000f6a80000,0x00000000f6b7f4d0,0x00000000f6b80000)
  to   space 1024K, 0% used [0x00000000f6980000,0x00000000f6980000,0x00000000f6a80000)
 ParOldGen       total 20480K, used 8458K [0x00000000e2400000, 0x00000000e3800000, 0x00000000f6180000)
  object space 20480K, 41% used [0x00000000e2400000,0x00000000e2c42890,0x00000000e3800000)
 Metaspace       used 9939K, capacity 10178K, committed 10496K, reserved 1058816K
  class space    used 1142K, capacity 1216K, committed 1280K, reserved 1048576K
}
Event: 7.338 GC heap before
{Heap before GC invocations=5 (full 0):
 PSYoungGen      total 9216K, used 9213K [0x00000000f6180000, 0x00000000f6b80000, 0x0000000100000000)
  eden space 8192K, 100% used [0x00000000f6180000,0x00000000f6980000,0x00000000f6980000)
  from space 1024K, 99% used [0x00000000f6a80000,0x00000000f6b7f4d0,0x00000000f6b80000)
  to   space 1024K, 0% used [0x00000000f6980000,0x00000000f6980000,0x00000000f6a80000)
 ParOldGen       total 20480K, used 8458K [0x00000000e2400000, 0x00000000e3800000, 0x00000000f6180000)
  object space 20480K, 41% used [0x00000000e2400000,0x00000000e2c42890,0x00000000e3800000)
 Metaspace       used 11414K, capacity 11626K, committed 11904K, reserved 1060864K
  class space    used 1310K, capacity 1378K, committed 1408K, reserved 1048576K
Event: 7.346 GC heap after
Heap after GC invocations=5 (full 0):
 PSYoungGen      total 9216K, used 1021K [0x00000000f6180000, 0x00000000f7580000, 0x0000000100000000)
  eden space 8192K, 0% used [0x00000000f6180000,0x00000000f6180000,0x00000000f6980000)
  from space 1024K, 99% used [0x00000000f6980000,0x00000000f6a7f4d0,0x00000000f6a80000)
  to   space 6144K, 0% used [0x00000000f6f80000,0x00000000f6f80000,0x00000000f7580000)
 ParOldGen       total 20480K, used 9569K [0x00000000e2400000, 0x00000000e3800000, 0x00000000f6180000)
  object space 20480K, 46% used [0x00000000e2400000,0x00000000e2d586b8,0x00000000e3800000)
 Metaspace       used 11414K, capacity 11626K, committed 11904K, reserved 1060864K
  class space    used 1310K, capacity 1378K, committed 1408K, reserved 1048576K
}
Event: 26.269 GC heap before
{Heap before GC invocations=6 (full 0):
 PSYoungGen      total 9216K, used 9202K [0x00000000f6180000, 0x00000000f7580000, 0x0000000100000000)
  eden space 8192K, 99% used [0x00000000f6180000,0x00000000f697d688,0x00000000f6980000)
  from space 1024K, 99% used [0x00000000f6980000,0x00000000f6a7f4d0,0x00000000f6a80000)
  to   space 6144K, 0% used [0x00000000f6f80000,0x00000000f6f80000,0x00000000f7580000)
 ParOldGen       total 20480K, used 9569K [0x00000000e2400000, 0x00000000e3800000, 0x00000000f6180000)
  object space 20480K, 46% used [0x00000000e2400000,0x00000000e2d586b8,0x00000000e3800000)
 Metaspace       used 12483K, capacity 12692K, committed 12928K, reserved 1060864K
  class space    used 1458K, capacity 1539K, committed 1664K, reserved 1048576K
Event: 26.337 GC heap after
Heap after GC invocations=6 (full 0):
 PSYoungGen      total 14336K, used 3669K [0x00000000f6180000, 0x00000000f7580000, 0x0000000100000000)
  eden space 8192K, 0% used [0x00000000f6180000,0x00000000f6180000,0x00000000f6980000)
  from space 6144K, 59% used [0x00000000f6f80000,0x00000000f7315630,0x00000000f7580000)
  to   space 6144K, 0% used [0x00000000f6980000,0x00000000f6980000,0x00000000f6f80000)
 ParOldGen       total 20480K, used 9577K [0x00000000e2400000, 0x00000000e3800000, 0x00000000f6180000)
  object space 20480K, 46% used [0x00000000e2400000,0x00000000e2d5a6b8,0x00000000e3800000)
 Metaspace       used 12483K, capacity 12692K, committed 12928K, reserved 1060864K
  class space    used 1458K, capacity 1539K, committed 1664K, reserved 1048576K
}
Event: 38.573 GC heap before
{Heap before GC invocations=7 (full 0):
 PSYoungGen      total 14336K, used 11861K [0x00000000f6180000, 0x00000000f7580000, 0x0000000100000000)
  eden space 8192K, 100% used [0x00000000f6180000,0x00000000f6980000,0x00000000f6980000)
  from space 6144K, 59% used [0x00000000f6f80000,0x00000000f7315630,0x00000000f7580000)
  to   space 6144K, 0% used [0x00000000f6980000,0x00000000f6980000,0x00000000f6f80000)
 ParOldGen       total 20480K, used 9577K [0x00000000e2400000, 0x00000000e3800000, 0x00000000f6180000)
  object space 20480K, 46% used [0x00000000e2400000,0x00000000e2d5a6b8,0x00000000e3800000)
 Metaspace       used 12764K, capacity 13020K, committed 13440K, reserved 1060864K
  class space    used 1466K, capacity 1539K, committed 1664K, reserved 1048576K
Event: 38.580 GC heap after
Heap after GC invocations=7 (full 0):
 PSYoungGen      total 14336K, used 4143K [0x00000000f6180000, 0x00000000f7680000, 0x0000000100000000)
  eden space 8192K, 0% used [0x00000000f6180000,0x00000000f6180000,0x00000000f6980000)
  from space 6144K, 67% used [0x00000000f6980000,0x00000000f6d8bd60,0x00000000f6f80000)
  to   space 6656K, 0% used [0x00000000f7000000,0x00000000f7000000,0x00000000f7680000)
 ParOldGen       total 20480K, used 9753K [0x00000000e2400000, 0x00000000e3800000, 0x00000000f6180000)
  object space 20480K, 47% used [0x00000000e2400000,0x00000000e2d866c8,0x00000000e3800000)
 Metaspace       used 12764K, capacity 13020K, committed 13440K, reserved 1060864K
  class space    used 1466K, capacity 1539K, committed 1664K, reserved 1048576K
}

Deoptimization events (10 events):
Event: 7.841 Thread 0x000000001770e000 Uncommon trap: reason=unstable_if action=reinterpret pc=0x0000000004d3dfd4 method=totalcross.Launcher.updateScreen()V @ 216
Event: 25.603 Thread 0x000000001770e000 Uncommon trap: reason=unstable_if action=reinterpret pc=0x0000000004d65aa4 method=totalcross.ui.gfx.Graphics.translateAndClip(IIII)Z @ 29
Event: 26.107 Thread 0x000000001970f800 Uncommon trap: reason=unstable_if action=reinterpret pc=0x0000000004f271c8 method=totalcross.ui.image.Image$ImageLoader.setPixels(IIIILjava/awt/image/ColorModel;[III)V @ 34
Event: 26.107 Thread 0x000000001970f800 Uncommon trap: reason=unstable_if action=reinterpret pc=0x0000000004ee8e68 method=java.awt.image.DirectColorModel.getAlpha(I)I @ 4
Event: 26.107 Thread 0x000000001970f800 Uncommon trap: reason=unstable_if action=reinterpret pc=0x0000000004ee95a8 method=java.awt.image.DirectColorModel.getAlpha(I)I @ 4
Event: 26.453 Thread 0x000000001770e000 Uncommon trap: reason=unstable_if action=reinterpret pc=0x0000000004e643f4 method=totalcross.ui.gfx.Graphics.fillRect(IIII)V @ 9
Event: 26.461 Thread 0x000000001770e000 Uncommon trap: reason=unstable_if action=reinterpret pc=0x0000000004fe82b0 method=totalcross.ui.gfx.Graphics.drawText(Ljava/lang/String;III)V @ 254
Event: 33.344 Thread 0x000000001770e000 Uncommon trap: reason=unstable_if action=reinterpret pc=0x00000000050220bc method=totalcross.ui.gfx.Graphics.drawText(Ljava/lang/String;III)V @ 211
Event: 33.345 Thread 0x000000001770e000 Uncommon trap: reason=unstable_if action=reinterpret pc=0x0000000004fd497c method=totalcross.ui.gfx.Graphics.drawText(Ljava/lang/String;III)V @ 1109
Event: 35.039 Thread 0x000000001770e000 Uncommon trap: reason=unstable_if action=reinterpret pc=0x0000000005038e5c method=totalcross.ui.gfx.Graphics.drawText(Ljava/lang/String;III)V @ 540

Internal exceptions (10 events):
Event: 41.232 Thread 0x00000000180d1800 Exception <a 'java/lang/InterruptedException': sleep interrupted> (0x00000000f63bbe00) thrown at [C:\re\workspace\8-2-build-windows-amd64-cygwin\jdk8u111\7883\hotspot\src\share\vm\prims\jvm.cpp, line 3176]
Event: 41.622 Thread 0x00000000180d1800 Exception <a 'java/lang/InterruptedException': sleep interrupted> (0x00000000f63bc0b0) thrown at [C:\re\workspace\8-2-build-windows-amd64-cygwin\jdk8u111\7883\hotspot\src\share\vm\prims\jvm.cpp, line 3224]
Event: 42.122 Thread 0x00000000180d1800 Exception <a 'java/lang/InterruptedException': sleep interrupted> (0x00000000f63bc360) thrown at [C:\re\workspace\8-2-build-windows-amd64-cygwin\jdk8u111\7883\hotspot\src\share\vm\prims\jvm.cpp, line 3224]
Event: 42.622 Thread 0x00000000180d1800 Exception <a 'java/lang/InterruptedException': sleep interrupted> (0x00000000f63bc610) thrown at [C:\re\workspace\8-2-build-windows-amd64-cygwin\jdk8u111\7883\hotspot\src\share\vm\prims\jvm.cpp, line 3224]
Event: 43.123 Thread 0x00000000180d1800 Exception <a 'java/lang/InterruptedException': sleep interrupted> (0x00000000f63bc8c0) thrown at [C:\re\workspace\8-2-build-windows-amd64-cygwin\jdk8u111\7883\hotspot\src\share\vm\prims\jvm.cpp, line 3224]
Event: 43.623 Thread 0x00000000180d1800 Exception <a 'java/lang/InterruptedException': sleep interrupted> (0x00000000f63bcb70) thrown at [C:\re\workspace\8-2-build-windows-amd64-cygwin\jdk8u111\7883\hotspot\src\share\vm\prims\jvm.cpp, line 3224]
Event: 43.639 Thread 0x000000001770e000 Exception <a 'java/io/FileNotFoundException'> (0x00000000f642cc58) thrown at [C:\re\workspace\8-2-build-windows-amd64-cygwin\jdk8u111\7883\hotspot\src\share\vm\prims\jni.cpp, line 709]
Event: 43.640 Thread 0x000000001770e000 Exception <a 'java/io/FileNotFoundException'> (0x00000000f642d700) thrown at [C:\re\workspace\8-2-build-windows-amd64-cygwin\jdk8u111\7883\hotspot\src\share\vm\prims\jni.cpp, line 709]
Event: 43.640 Thread 0x000000001770e000 Exception <a 'java/io/FileNotFoundException'> (0x00000000f642e4f0) thrown at [C:\re\workspace\8-2-build-windows-amd64-cygwin\jdk8u111\7883\hotspot\src\share\vm\prims\jni.cpp, line 709]
Event: 43.770 Thread 0x00000000180d1800 Exception <a 'java/lang/InterruptedException': sleep interrupted> (0x00000000f63bcdc8) thrown at [C:\re\workspace\8-2-build-windows-amd64-cygwin\jdk8u111\7883\hotspot\src\share\vm\prims\jvm.cpp, line 3224]

Events (10 events):
Event: 43.975 Executing VM operation: RevokeBias done
Event: 43.976 loading class java/lang/ref/Finalizer$3
Event: 43.977 loading class java/lang/ref/Finalizer$3 done
Event: 43.977 Thread 0x000000001970e800 Thread added: 0x000000001970e800
Event: 43.978 Executing VM operation: RevokeBias
Event: 43.979 Executing VM operation: RevokeBias done
Event: 43.979 Executing VM operation: RevokeBias
Event: 43.979 Executing VM operation: RevokeBias done
Event: 43.980 Executing VM operation: RevokeBias
Event: 43.980 Executing VM operation: RevokeBias done


Dynamic libraries:
0x00007ff73d0c0000 - 0x00007ff73d0f7000 	C:\Program Files\Java\jre1.8.0_111\bin\javaw.exe
0x00007ffdb3860000 - 0x00007ffdb3a40000 	C:\WINDOWS\SYSTEM32\ntdll.dll
0x00007ffdb30f0000 - 0x00007ffdb319e000 	C:\WINDOWS\System32\KERNEL32.DLL
0x00007ffdb0ac0000 - 0x00007ffdb0d26000 	C:\WINDOWS\System32\KERNELBASE.dll
0x00007ffdb1000000 - 0x00007ffdb10a1000 	C:\WINDOWS\System32\ADVAPI32.dll
0x00007ffdb3560000 - 0x00007ffdb35fd000 	C:\WINDOWS\System32\msvcrt.dll
0x00007ffdb31a0000 - 0x00007ffdb31fb000 	C:\WINDOWS\System32\sechost.dll
0x00007ffdb1240000 - 0x00007ffdb135f000 	C:\WINDOWS\System32\RPCRT4.dll
0x00007ffdb0d90000 - 0x00007ffdb0f1f000 	C:\WINDOWS\System32\USER32.dll
0x00007ffdb0110000 - 0x00007ffdb0130000 	C:\WINDOWS\System32\win32u.dll
0x00007ffdb3730000 - 0x00007ffdb3758000 	C:\WINDOWS\System32\GDI32.dll
0x00007ffdb0920000 - 0x00007ffdb0ab3000 	C:\WINDOWS\System32\gdi32full.dll
0x00007ffdb0130000 - 0x00007ffdb01cb000 	C:\WINDOWS\System32\msvcp_win.dll
0x00007ffdafc60000 - 0x00007ffdafd56000 	C:\WINDOWS\System32\ucrtbase.dll
0x00007ffd9f5d0000 - 0x00007ffd9f839000 	C:\WINDOWS\WinSxS\amd64_microsoft.windows.common-controls_6595b64144ccf1df_6.0.16299.431_none_15c7d3ee93659e73\COMCTL32.dll
0x00007ffdb1920000 - 0x00007ffdb1c28000 	C:\WINDOWS\System32\combase.dll
0x00007ffdaff80000 - 0x00007ffdafff2000 	C:\WINDOWS\System32\bcryptPrimitives.dll
0x00007ffdb1160000 - 0x00007ffdb118d000 	C:\WINDOWS\System32\IMM32.DLL
0x00000000528b0000 - 0x0000000052982000 	C:\Program Files\Java\jre1.8.0_111\bin\msvcr100.dll
0x0000000052b50000 - 0x00000000533ea000 	C:\Program Files\Java\jre1.8.0_111\bin\server\jvm.dll
0x00007ffdb30e0000 - 0x00007ffdb30e8000 	C:\WINDOWS\System32\PSAPI.DLL
0x00007ffdab9f0000 - 0x00007ffdab9f9000 	C:\WINDOWS\SYSTEM32\WSOCK32.dll
0x00007ffdb3070000 - 0x00007ffdb30dc000 	C:\WINDOWS\System32\WS2_32.dll
0x00007ffdadf40000 - 0x00007ffdadf63000 	C:\WINDOWS\SYSTEM32\WINMM.dll
0x00007ffda15e0000 - 0x00007ffda15ea000 	C:\WINDOWS\SYSTEM32\VERSION.dll
0x00007ffdadee0000 - 0x00007ffdadf0a000 	C:\WINDOWS\SYSTEM32\WINMMBASE.dll
0x00007ffdafd60000 - 0x00007ffdafdaa000 	C:\WINDOWS\System32\cfgmgr32.dll
0x0000000052a60000 - 0x0000000052a6f000 	C:\Program Files\Java\jre1.8.0_111\bin\verify.dll
0x0000000052a30000 - 0x0000000052a59000 	C:\Program Files\Java\jre1.8.0_111\bin\java.dll
0x0000000052a10000 - 0x0000000052a26000 	C:\Program Files\Java\jre1.8.0_111\bin\zip.dll
0x00007ffdb1c30000 - 0x00007ffdb3068000 	C:\WINDOWS\System32\SHELL32.dll
0x00007ffdb1190000 - 0x00007ffdb1236000 	C:\WINDOWS\System32\shcore.dll
0x00007ffdb01d0000 - 0x00007ffdb0917000 	C:\WINDOWS\System32\windows.storage.dll
0x00007ffdb0fa0000 - 0x00007ffdb0ff1000 	C:\WINDOWS\System32\shlwapi.dll
0x00007ffdafc20000 - 0x00007ffdafc31000 	C:\WINDOWS\System32\kernel.appcore.dll
0x00007ffdafbb0000 - 0x00007ffdafbfc000 	C:\WINDOWS\System32\powrprof.dll
0x00007ffdafc40000 - 0x00007ffdafc5b000 	C:\WINDOWS\System32\profapi.dll
0x0000000052710000 - 0x00000000528a8000 	C:\Program Files\Java\jre1.8.0_111\bin\awt.dll
0x00007ffdb3760000 - 0x00007ffdb3825000 	C:\WINDOWS\System32\OLEAUT32.dll
0x00007ffdae060000 - 0x00007ffdae0e8000 	C:\WINDOWS\SYSTEM32\apphelp.dll
0x00007ffdae450000 - 0x00007ffdae47a000 	C:\WINDOWS\system32\DWMAPI.DLL
0x00007ffdae1e0000 - 0x00007ffdae275000 	C:\WINDOWS\system32\uxtheme.dll
0x00007ffdb17b0000 - 0x00007ffdb1917000 	C:\WINDOWS\System32\MSCTF.dll
0x00007ffd99800000 - 0x00007ffd9987f000 	C:\Program Files (x86)\TeamViewer\tv_x64.dll
0x00007ffdb3200000 - 0x00007ffdb3349000 	C:\WINDOWS\System32\ole32.dll
0x00000000526c0000 - 0x0000000052707000 	C:\Program Files\Java\jre1.8.0_111\bin\fontmanager.dll
0x00007ffd99d20000 - 0x00007ffd99db5000 	C:\WINDOWS\system32\RICHED20.DLL
0x00007ffd87ea0000 - 0x00007ffd87eb9000 	C:\WINDOWS\SYSTEM32\USP10.dll
0x00007ffdab910000 - 0x00007ffdab948000 	C:\WINDOWS\SYSTEM32\msls31.dll
0x00007ffdb10b0000 - 0x00007ffdb114e000 	C:\WINDOWS\System32\clbcatq.dll
0x00007ffdaf6b0000 - 0x00007ffdaf6d5000 	C:\WINDOWS\system32\bcrypt.dll
0x00007ffda4f20000 - 0x00007ffda4fb8000 	C:\WINDOWS\System32\TextInputFramework.dll
0x00007ffdaa720000 - 0x00007ffdaaa0e000 	C:\WINDOWS\System32\CoreUIComponents.dll
0x00007ffdad0d0000 - 0x00007ffdad1ac000 	C:\WINDOWS\System32\CoreMessaging.dll
0x00007ffdaece0000 - 0x00007ffdaed11000 	C:\WINDOWS\SYSTEM32\ntmarta.dll
0x00007ffdac050000 - 0x00007ffdac186000 	C:\WINDOWS\SYSTEM32\wintypes.dll
0x00000000529f0000 - 0x0000000052a0a000 	C:\Program Files\Java\jre1.8.0_111\bin\net.dll
0x00007ffdaf3e0000 - 0x00007ffdaf446000 	C:\WINDOWS\system32\mswsock.dll
0x00007ffdaf5a0000 - 0x00007ffdaf5b7000 	C:\WINDOWS\SYSTEM32\CRYPTSP.dll
0x00007ffdaefe0000 - 0x00007ffdaf013000 	C:\WINDOWS\system32\rsaenh.dll
0x00007ffdafab0000 - 0x00007ffdafad9000 	C:\WINDOWS\SYSTEM32\USERENV.dll
0x00007ffdaf1b0000 - 0x00007ffdaf266000 	C:\WINDOWS\SYSTEM32\DNSAPI.dll
0x00007ffdb3350000 - 0x00007ffdb3358000 	C:\WINDOWS\System32\NSI.dll
0x00007ffdaf170000 - 0x00007ffdaf1a9000 	C:\WINDOWS\SYSTEM32\IPHLPAPI.DLL
0x00007ffdaf5c0000 - 0x00007ffdaf5cb000 	C:\WINDOWS\SYSTEM32\CRYPTBASE.dll
0x00007ffda4840000 - 0x00007ffda484a000 	C:\Windows\System32\rasadhlp.dll
0x00007ffdaa480000 - 0x00007ffdaa496000 	C:\WINDOWS\SYSTEM32\dhcpcsvc6.DLL
0x00007ffdaa4e0000 - 0x00007ffdaa4fa000 	C:\WINDOWS\SYSTEM32\dhcpcsvc.DLL
0x00007ffda7050000 - 0x00007ffda70c0000 	C:\WINDOWS\System32\fwpuclnt.dll
0x00000000529d0000 - 0x00000000529e1000 	C:\Program Files\Java\jre1.8.0_111\bin\nio.dll
0x0000000052680000 - 0x00000000526b1000 	C:\Program Files\Java\jre1.8.0_111\bin\jpeg.dll
0x00007ffda09b0000 - 0x00007ffda0b78000 	C:\WINDOWS\SYSTEM32\dbghelp.dll

VM Arguments:
jvm_args: -Dfile.encoding=Cp1252 
java_command: totalcross.Launcher /r 544353541A8E8B2A28D5B8E0 com.app.app
java_class_path (initial): C:\Program Files\Java\jre1.8.0_111\lib\resources.jar;C:\Program Files\Java\jre1.8.0_111\lib\rt.jar;C:\Program Files\Java\jre1.8.0_111\lib\jsse.jar;C:\Program Files\Java\jre1.8.0_111\lib\jce.jar;C:\Program Files\Java\jre1.8.0_111\lib\charsets.jar;C:\Program Files\Java\jre1.8.0_111\lib\jfr.jar;C:\Program Files\Java\jre1.8.0_111\lib\ext\access-bridge-64.jar;C:\Program Files\Java\jre1.8.0_111\lib\ext\cldrdata.jar;C:\Program Files\Java\jre1.8.0_111\lib\ext\dnsns.jar;C:\Program Files\Java\jre1.8.0_111\lib\ext\jaccess.jar;C:\Program Files\Java\jre1.8.0_111\lib\ext\jfxrt.jar;C:\Program Files\Java\jre1.8.0_111\lib\ext\localedata.jar;C:\Program Files\Java\jre1.8.0_111\lib\ext\nashorn.jar;C:\Program Files\Java\jre1.8.0_111\lib\ext\sunec.jar;C:\Program Files\Java\jre1.8.0_111\lib\ext\sunjce_provider.jar;C:\Program Files\Java\jre1.8.0_111\lib\ext\sunmscapi.jar;C:\Program Files\Java\jre1.8.0_111\lib\ext\sunpkcs11.jar;C:\Program Files\Java\jre1.8.0_111\lib\ext\zipfs.jar;C:\Users\marci\eclipse-workspace\app\target\classes;C:\Users\marci\.m2\repository\com\totalcross\utils\tc-utilities\0.0.1-SNAPSHOT\tc-utilities-0.0.1-SNAPSHOT.jar;C:\Users\marci\.m2\repository\com\totalcross\utils\magical-utils\0.0.1-SNAPSHOT\magical-utils-0.0.1-SNAPSHOT.jar;C:\Users\marci\.m2\repository\com\totalcross\totalcross-sdk\4.1.0\totalcross-sdk-4.1.0.jar;C:\Users\marci\.m2\repository\org\vafer\jdeb\0.7\jdeb-0.7.jar;C:\Users\marci\.m2\repository\org\apache\maven\maven-plugin-api\2.0.5\maven-plugin-api-2.0.5.jar;C:\Users\marci\.m2\repository\org\apache\maven\maven-project\2.0.5\maven-project-2.0.5.jar;C:\Users\marci\.m2\repository\org\apache\maven\maven-settings\2.0.5\maven-settings-2.0.5.jar;C:\Users\marci\.m2\repository\org\apache\maven\maven-profile\2.0.5\maven-profile-2.0.5.jar;C:\Users\marci\.m2\repository\org\apache\maven\maven-model\2.0.5\maven-model-2.0.5.jar;C:\Users\marci\.m2\repository\org\apache\maven\maven-artifact-manager\2.0.5\maven-artifact-manager-2.0.5.jar;C:\U
Launcher Type: SUN_STANDARD

Environment Variables:
JAVA_HOME=C:\Program Files\Java\jdk1.8.0_111
PATH=C:/Program Files/Java/jre1.8.0_111/bin/server;C:/Program Files/Java/jre1.8.0_111/bin;C:/Program Files/Java/jre1.8.0_111/lib/amd64;C:\ProgramData\Oracle\Java\javapath;C:\Program Files (x86)\Intel\TXE Components\TCS\;C:\Program Files\Intel\TXE Components\TCS\;C:\WINDOWS\system32;C:\WINDOWS;C:\WINDOWS\System32\Wbem;C:\WINDOWS\System32\WindowsPowerShell\v1.0\;C:\Program Files\Intel\TXE Components\DAL\;C:\Program Files (x86)\Intel\TXE Components\DAL\;C:\Program Files\Intel\TXE Components\IPT\;C:\Program Files (x86)\Intel\TXE Components\IPT\;C:\Program Files\Java\jdk1.8.0_111\bin;C:\TotalCross3\dist\vm\win32;C:\Users\marci\AppData\Local\Microsoft\WindowsApps;c:\TotalCross3\dist\vm\win32;C:\Program Files\Java\jdk1.8.0_111\bin;;C:\Users\marci\Desktop;
USERNAME=marci
OS=Windows_NT
PROCESSOR_IDENTIFIER=Intel64 Family 6 Model 76 Stepping 4, GenuineIntel



---------------  S Y S T E M  ---------------

OS: Windows 10.0 , 64 bit Build 16299 (10.0.16299.431)

CPU:total 2 (2 cores per cpu, 1 threads per core) family 6 model 76 stepping 4, cmov, cx8, fxsr, mmx, sse, sse2, sse3, ssse3, sse4.1, sse4.2, popcnt, aes, clmul, erms, 3dnowpref, tsc, tscinvbit

Memory: 4k page, physical 1946148k(269080k free), swap 3742340k(547192k free)

vm_info: Java HotSpot(TM) 64-Bit Server VM (25.111-b14) for windows-amd64 JRE (1.8.0_111-b14), built on Sep 22 2016 19:24:05 by "java_re" with MS VC++ 10.0 (VS2010)

time: Fri Jun 01 10:59:36 2018
elapsed time: 44 seconds (0d 0h 0m 44s)

