#
# A fatal error has been detected by the Java Runtime Environment:
#
#  EXCEPTION_ACCESS_VIOLATION (0xc0000005) at pc=0x000000006be42be0, pid=5812, tid=0x0000000000000408
#
# JRE version: Java(TM) SE Runtime Environment (8.0_111-b14) (build 1.8.0_111-b14)
# Java VM: Java HotSpot(TM) 64-Bit Server VM (25.111-b14 mixed mode windows-amd64 compressed oops)
# Problematic frame:
# C  0x000000006be42be0
#
# Failed to write core dump. Minidumps are not enabled by default on client versions of Windows
#
# If you would like to submit a bug report, please visit:
#   http://bugreport.java.com/bugreport/crash.jsp
# The crash happened outside the Java Virtual Machine in native code.
# See problematic frame for where to report the bug.
#

---------------  T H R E A D  ---------------

Current thread (0x0000000019ccb000):  JavaThread "Secondary finalizer" [_thread_in_native, id=1032, stack(0x000000001bbf0000,0x000000001bcf0000)]

siginfo: ExceptionCode=0xc0000005, ExceptionInformation=0x0000000000000008 0x000000006be42be0

Registers:
RAX=0x000000006be42be0, RBX=0x000000001915a8e8, RCX=0x0000000019ccb1f8, RDX=0x000000001bcef098
RSP=0x000000001bceeff8, RBP=0x000000001bcef078, RSI=0x0000000000000108, RDI=0x0000000000000702
R8 =0x0000000000000005, R9 =0x00000000e2c928f0, R10=0x0000000004f1848b, R11=0x0000000052d7b580
R12=0x0000000000000000, R13=0x000000001915a8e8, R14=0x000000001bcef098, R15=0x0000000019ccb000
RIP=0x000000006be42be0, EFLAGS=0x0000000000010206

Top of Stack: (sp=0x000000001bceeff8)
0x000000001bceeff8:   0000000004f184b7 0000000004f056d0
0x000000001bcef008:   0000000000000000 000000001bcef1d8
0x000000001bcef018:   000000001bcef190 000000001bcef100
0x000000001bcef028:   0000000000000000 00000000e2c928f0
0x000000001bcef038:   000000001bcef028 0000000000000000
0x000000001bcef048:   000000001bcef098 0000000019186500
0x000000001bcef058:   0000000000000000 000000001915a8e8
0x000000001bcef068:   0000000000000000 000000001bcef098
0x000000001bcef078:   000000001bcef100 0000000004f0835d
0x000000001bcef088:   0000000000000000 0000000004f119d8
0x000000001bcef098:   00000000e2c928f0 00000000e2c92928
0x000000001bcef0a8:   0000000000000000 0000000000000001
0x000000001bcef0b8:   00000000e2c928f0 000000001bcef0a0
0x000000001bcef0c8:   00000000191556c6 000000001bcef138
0x000000001bcef0d8:   0000000019185d10 0000000000000000
0x000000001bcef0e8:   0000000019155760 000000001bcef098 

Instructions: (pc=0x000000006be42be0)
0x000000006be42bc0:   
[error occurred during error reporting (printing registers, top of stack, instructions near pc), id 0xc0000005]

Register to memory mapping:

RAX=0x000000006be42be0 is an unknown value
RBX={method} {0x000000001915a8f0} 'free_functions' '()V' in 'org/sqlite/core/NativeDB'
RCX=0x0000000019ccb1f8 is an unknown value
RDX=0x000000001bcef098 is pointing into the stack for thread: 0x0000000019ccb000
RSP=0x000000001bceeff8 is pointing into the stack for thread: 0x0000000019ccb000
RBP=0x000000001bcef078 is pointing into the stack for thread: 0x0000000019ccb000
RSI=0x0000000000000108 is an unknown value
RDI=0x0000000000000702 is an unknown value
R8 =0x0000000000000005 is an unknown value
R9 =0x00000000e2c928f0 is an oop
org.sqlite.core.NativeDB 
 - klass: 'org/sqlite/core/NativeDB'
R10=0x0000000004f1848b is at code_begin+1227 in an Interpreter codelet
method entry point (kind = native_synchronized)  [0x0000000004f17fc0, 0x0000000004f18aa0]  2784 bytes
R11=0x0000000052d7b580 is an unknown value
R12=0x0000000000000000 is an unknown value
R13={method} {0x000000001915a8f0} 'free_functions' '()V' in 'org/sqlite/core/NativeDB'
R14=0x000000001bcef098 is pointing into the stack for thread: 0x0000000019ccb000
R15=0x0000000019ccb000 is a thread


Stack: [0x000000001bbf0000,0x000000001bcf0000],  sp=0x000000001bceeff8,  free space=1019k
Native frames: (J=compiled Java code, j=interpreted, Vv=VM code, C=native code)
C  0x000000006be42be0

Java frames: (J=compiled Java code, j=interpreted, Vv=VM code)
j  org.sqlite.core.NativeDB.free_functions()V+0
j  org.sqlite.core.DB.close()V+102
j  org.sqlite.core.CoreConnection.close()V+26
j  org.sqlite.core.CoreConnection.finalize()V+1
J 1148 C1 java.lang.System$2.invokeFinalize(Ljava/lang/Object;)V (5 bytes) @ 0x00000000051876c4 [0x00000000051875c0+0x104]
j  java.lang.ref.Finalizer.runFinalizer(Lsun/misc/JavaLangAccess;)V+46
J 1145 C1 java.lang.ref.Finalizer.access$100(Ljava/lang/ref/Finalizer;Lsun/misc/JavaLangAccess;)V (6 bytes) @ 0x00000000051d59dc [0x00000000051d5980+0x5c]
j  java.lang.ref.Finalizer$3.run()V+58
j  java.lang.Thread.run()V+11
v  ~StubRoutines::call_stub

---------------  P R O C E S S  ---------------

Java Threads: ( => current thread )
=>0x0000000019ccb000 JavaThread "Secondary finalizer" [_thread_in_native, id=1032, stack(0x000000001bbf0000,0x000000001bcf0000)]
  0x0000000019ccc000 JavaThread "Image Fetcher 1" daemon [_thread_blocked, id=4940, stack(0x000000001b7f0000,0x000000001b8f0000)]
  0x0000000019cc9800 JavaThread "Image Fetcher 0" daemon [_thread_blocked, id=5428, stack(0x000000001b6f0000,0x000000001b7f0000)]
  0x00000000196a9000 JavaThread "TC Event Thread" daemon [_thread_blocked, id=188, stack(0x000000001aef0000,0x000000001aff0000)]
  0x0000000004d02800 JavaThread "DestroyJavaVM" [_thread_blocked, id=6992, stack(0x0000000004b50000,0x0000000004c50000)]
  0x0000000017f0a800 JavaThread "AWT-EventQueue-0" [_thread_blocked, id=5688, stack(0x0000000018790000,0x0000000018890000)]
  0x0000000017eee000 JavaThread "AWT-Shutdown" [_thread_blocked, id=4108, stack(0x00000000184c0000,0x00000000185c0000)]
  0x0000000017ee9000 JavaThread "Java2D Disposer" daemon [_thread_blocked, id=1892, stack(0x00000000183c0000,0x00000000184c0000)]
  0x0000000015ef0800 JavaThread "Service Thread" daemon [_thread_blocked, id=4636, stack(0x00000000171c0000,0x00000000172c0000)]
  0x0000000015ee8800 JavaThread "C1 CompilerThread1" daemon [_thread_blocked, id=1952, stack(0x00000000170c0000,0x00000000171c0000)]
  0x0000000015e8f800 JavaThread "C2 CompilerThread0" daemon [_thread_blocked, id=5184, stack(0x0000000016fc0000,0x00000000170c0000)]
  0x0000000015e8e000 JavaThread "Attach Listener" daemon [_thread_blocked, id=2668, stack(0x0000000016ec0000,0x0000000016fc0000)]
  0x0000000015e89000 JavaThread "Signal Dispatcher" daemon [_thread_blocked, id=896, stack(0x0000000016dc0000,0x0000000016ec0000)]
  0x0000000015e78800 JavaThread "Finalizer" daemon [_thread_blocked, id=4680, stack(0x0000000016ac0000,0x0000000016bc0000)]
  0x0000000004def800 JavaThread "Reference Handler" daemon [_thread_blocked, id=7128, stack(0x00000000169c0000,0x0000000016ac0000)]

Other Threads:
  0x0000000015e56000 VMThread [stack: 0x00000000168c0000,0x00000000169c0000] [id=3664]
  0x0000000015f0f800 WatcherThread [stack: 0x00000000176c0000,0x00000000177c0000] [id=3848]

VM state:not at safepoint (normal execution)

VM Mutex/Monitor currently owned by a thread: None

Heap:
 PSYoungGen      total 17408K, used 8673K [0x00000000f6180000, 0x00000000f9180000, 0x0000000100000000)
  eden space 16384K, 46% used [0x00000000f6180000,0x00000000f68f8da8,0x00000000f7180000)
  from space 1024K, 99% used [0x00000000f7180000,0x00000000f727f7e8,0x00000000f7280000)
  to   space 8192K, 0% used [0x00000000f8980000,0x00000000f8980000,0x00000000f9180000)
 ParOldGen       total 20480K, used 13536K [0x00000000e2400000, 0x00000000e3800000, 0x00000000f6180000)
  object space 20480K, 66% used [0x00000000e2400000,0x00000000e3138368,0x00000000e3800000)
 Metaspace       used 12293K, capacity 12516K, committed 12800K, reserved 1060864K
  class space    used 1393K, capacity 1479K, committed 1536K, reserved 1048576K

Card table byte_map: [0x0000000004e00000,0x0000000004ef0000] byte_map_base: 0x00000000046ee000

Marking Bits: (ParMarkBitMap*) 0x000000005336a6c0
 Begin Bits: [0x0000000014560000, 0x0000000014cd0000)
 End Bits:   [0x0000000014cd0000, 0x0000000015440000)

Polling page: 0x0000000003090000

CodeCache: size=245760Kb used=4256Kb max_used=4268Kb free=241503Kb
 bounds [0x0000000004f00000, 0x0000000005340000, 0x0000000013f00000]
 total_blobs=1522 nmethods=1034 adapters=402
 compilation: enabled

Compilation events (10 events):
Event: 26.464 Thread 0x0000000015ee8800 1144       1       java.lang.ref.Finalizer::access$400 (5 bytes)
Event: 26.464 Thread 0x0000000015ee8800 nmethod 1144 0x00000000051d5b90 code [0x00000000051d5ce0, 0x00000000051d5dd0]
Event: 26.464 Thread 0x0000000015ee8800 1145       3       java.lang.ref.Finalizer::access$100 (6 bytes)
Event: 26.464 Thread 0x0000000015ee8800 nmethod 1145 0x00000000051d5810 code [0x00000000051d5980, 0x00000000051d5ae8]
Event: 26.465 Thread 0x0000000015ee8800 1146       3       java.lang.ref.Finalizer::hasBeenFinalized (14 bytes)
Event: 26.465 Thread 0x0000000015ee8800 nmethod 1146 0x00000000051d5490 code [0x00000000051d55e0, 0x00000000051d5790]
Event: 26.466 Thread 0x0000000015ee8800 1147   !   3       java.lang.ref.Finalizer::remove (94 bytes)
Event: 26.467 Thread 0x0000000015ee8800 nmethod 1147 0x0000000005187890 code [0x0000000005187a00, 0x0000000005187ed0]
Event: 26.467 Thread 0x0000000015ee8800 1148       3       java.lang.System$2::invokeFinalize (5 bytes)
Event: 26.467 Thread 0x0000000015ee8800 nmethod 1148 0x0000000005187450 code [0x00000000051875c0, 0x00000000051877e8]

GC Heap History (10 events):
Event: 1.488 GC heap before
{Heap before GC invocations=1 (full 0):
 PSYoungGen      total 9216K, used 8192K [0x00000000f6180000, 0x00000000f6b80000, 0x0000000100000000)
  eden space 8192K, 100% used [0x00000000f6180000,0x00000000f6980000,0x00000000f6980000)
  from space 1024K, 0% used [0x00000000f6a80000,0x00000000f6a80000,0x00000000f6b80000)
  to   space 1024K, 0% used [0x00000000f6980000,0x00000000f6980000,0x00000000f6a80000)
 ParOldGen       total 20480K, used 0K [0x00000000e2400000, 0x00000000e3800000, 0x00000000f6180000)
  object space 20480K, 0% used [0x00000000e2400000,0x00000000e2400000,0x00000000e3800000)
 Metaspace       used 5492K, capacity 5578K, committed 5760K, reserved 1056768K
  class space    used 585K, capacity 622K, committed 640K, reserved 1048576K
Event: 1.499 GC heap after
Heap after GC invocations=1 (full 0):
 PSYoungGen      total 9216K, used 1024K [0x00000000f6180000, 0x00000000f6b80000, 0x0000000100000000)
  eden space 8192K, 0% used [0x00000000f6180000,0x00000000f6180000,0x00000000f6980000)
  from space 1024K, 100% used [0x00000000f6980000,0x00000000f6a80000,0x00000000f6a80000)
  to   space 1024K, 0% used [0x00000000f6a80000,0x00000000f6a80000,0x00000000f6b80000)
 ParOldGen       total 20480K, used 972K [0x00000000e2400000, 0x00000000e3800000, 0x00000000f6180000)
  object space 20480K, 4% used [0x00000000e2400000,0x00000000e24f3238,0x00000000e3800000)
 Metaspace       used 5492K, capacity 5578K, committed 5760K, reserved 1056768K
  class space    used 585K, capacity 622K, committed 640K, reserved 1048576K
}
Event: 2.742 GC heap before
{Heap before GC invocations=2 (full 0):
 PSYoungGen      total 9216K, used 9216K [0x00000000f6180000, 0x00000000f6b80000, 0x0000000100000000)
  eden space 8192K, 100% used [0x00000000f6180000,0x00000000f6980000,0x00000000f6980000)
  from space 1024K, 100% used [0x00000000f6980000,0x00000000f6a80000,0x00000000f6a80000)
  to   space 1024K, 0% used [0x00000000f6a80000,0x00000000f6a80000,0x00000000f6b80000)
 ParOldGen       total 20480K, used 972K [0x00000000e2400000, 0x00000000e3800000, 0x00000000f6180000)
  object space 20480K, 4% used [0x00000000e2400000,0x00000000e24f3238,0x00000000e3800000)
 Metaspace       used 9416K, capacity 9666K, committed 9856K, reserved 1058816K
  class space    used 1089K, capacity 1152K, committed 1152K, reserved 1048576K
Event: 2.765 GC heap after
Heap after GC invocations=2 (full 0):
 PSYoungGen      total 9216K, used 1008K [0x00000000f6180000, 0x00000000f7380000, 0x0000000100000000)
  eden space 8192K, 0% used [0x00000000f6180000,0x00000000f6180000,0x00000000f6980000)
  from space 1024K, 98% used [0x00000000f6a80000,0x00000000f6b7c010,0x00000000f6b80000)
  to   space 1024K, 0% used [0x00000000f6980000,0x00000000f6980000,0x00000000f6a80000)
 ParOldGen       total 20480K, used 3938K [0x00000000e2400000, 0x00000000e3800000, 0x00000000f6180000)
  object space 20480K, 19% used [0x00000000e2400000,0x00000000e27d8ba0,0x00000000e3800000)
 Metaspace       used 9416K, capacity 9666K, committed 9856K, reserved 1058816K
  class space    used 1089K, capacity 1152K, committed 1152K, reserved 1048576K
}
Event: 3.635 GC heap before
{Heap before GC invocations=3 (full 0):
 PSYoungGen      total 9216K, used 9200K [0x00000000f6180000, 0x00000000f7380000, 0x0000000100000000)
  eden space 8192K, 100% used [0x00000000f6180000,0x00000000f6980000,0x00000000f6980000)
  from space 1024K, 98% used [0x00000000f6a80000,0x00000000f6b7c010,0x00000000f6b80000)
  to   space 1024K, 0% used [0x00000000f6980000,0x00000000f6980000,0x00000000f6a80000)
 ParOldGen       total 20480K, used 3938K [0x00000000e2400000, 0x00000000e3800000, 0x00000000f6180000)
  object space 20480K, 19% used [0x00000000e2400000,0x00000000e27d8ba0,0x00000000e3800000)
 Metaspace       used 9689K, capacity 9890K, committed 10240K, reserved 1058816K
  class space    used 1114K, capacity 1184K, committed 1280K, reserved 1048576K
Event: 3.649 GC heap after
Heap after GC invocations=3 (full 0):
 PSYoungGen      total 9216K, used 1022K [0x00000000f6180000, 0x00000000f7380000, 0x0000000100000000)
  eden space 8192K, 0% used [0x00000000f6180000,0x00000000f6180000,0x00000000f6980000)
  from space 1024K, 99% used [0x00000000f6980000,0x00000000f6a7fae0,0x00000000f6a80000)
  to   space 1024K, 0% used [0x00000000f7280000,0x00000000f7280000,0x00000000f7380000)
 ParOldGen       total 20480K, used 8323K [0x00000000e2400000, 0x00000000e3800000, 0x00000000f6180000)
  object space 20480K, 40% used [0x00000000e2400000,0x00000000e2c20e78,0x00000000e3800000)
 Metaspace       used 9689K, capacity 9890K, committed 10240K, reserved 1058816K
  class space    used 1114K, capacity 1184K, committed 1280K, reserved 1048576K
}
Event: 5.901 GC heap before
{Heap before GC invocations=4 (full 0):
 PSYoungGen      total 9216K, used 9214K [0x00000000f6180000, 0x00000000f7380000, 0x0000000100000000)
  eden space 8192K, 100% used [0x00000000f6180000,0x00000000f6980000,0x00000000f6980000)
  from space 1024K, 99% used [0x00000000f6980000,0x00000000f6a7fae0,0x00000000f6a80000)
  to   space 1024K, 0% used [0x00000000f7280000,0x00000000f7280000,0x00000000f7380000)
 ParOldGen       total 20480K, used 8323K [0x00000000e2400000, 0x00000000e3800000, 0x00000000f6180000)
  object space 20480K, 40% used [0x00000000e2400000,0x00000000e2c20e78,0x00000000e3800000)
 Metaspace       used 9952K, capacity 10178K, committed 10496K, reserved 1058816K
  class space    used 1142K, capacity 1216K, committed 1280K, reserved 1048576K
Event: 5.920 GC heap after
Heap after GC invocations=4 (full 0):
 PSYoungGen      total 17408K, used 1022K [0x00000000f6180000, 0x00000000f7380000, 0x0000000100000000)
  eden space 16384K, 0% used [0x00000000f6180000,0x00000000f6180000,0x00000000f7180000)
  from space 1024K, 99% used [0x00000000f7280000,0x00000000f737fae0,0x00000000f7380000)
  to   space 1024K, 0% used [0x00000000f7180000,0x00000000f7180000,0x00000000f7280000)
 ParOldGen       total 20480K, used 8520K [0x00000000e2400000, 0x00000000e3800000, 0x00000000f6180000)
  object space 20480K, 41% used [0x00000000e2400000,0x00000000e2c522d0,0x00000000e3800000)
 Metaspace       used 9952K, capacity 10178K, committed 10496K, reserved 1058816K
  class space    used 1142K, capacity 1216K, committed 1280K, reserved 1048576K
}
Event: 8.208 GC heap before
{Heap before GC invocations=5 (full 0):
 PSYoungGen      total 17408K, used 16840K [0x00000000f6180000, 0x00000000f7380000, 0x0000000100000000)
  eden space 16384K, 96% used [0x00000000f6180000,0x00000000f70f2658,0x00000000f7180000)
  from space 1024K, 99% used [0x00000000f7280000,0x00000000f737fae0,0x00000000f7380000)
  to   space 1024K, 0% used [0x00000000f7180000,0x00000000f7180000,0x00000000f7280000)
 ParOldGen       total 20480K, used 8520K [0x00000000e2400000, 0x00000000e3800000, 0x00000000f6180000)
  object space 20480K, 41% used [0x00000000e2400000,0x00000000e2c522d0,0x00000000e3800000)
 Metaspace       used 11684K, capacity 11914K, committed 12288K, reserved 1060864K
  class space    used 1335K, capacity 1410K, committed 1536K, reserved 1048576K
Event: 8.228 GC heap after
Heap after GC invocations=5 (full 0):
 PSYoungGen      total 17408K, used 1021K [0x00000000f6180000, 0x00000000f9180000, 0x0000000100000000)
  eden space 16384K, 0% used [0x00000000f6180000,0x00000000f6180000,0x00000000f7180000)
  from space 1024K, 99% used [0x00000000f7180000,0x00000000f727f7e8,0x00000000f7280000)
  to   space 8192K, 0% used [0x00000000f8980000,0x00000000f8980000,0x00000000f9180000)
 ParOldGen       total 20480K, used 13536K [0x00000000e2400000, 0x00000000e3800000, 0x00000000f6180000)
  object space 20480K, 66% used [0x00000000e2400000,0x00000000e3138368,0x00000000e3800000)
 Metaspace       used 11684K, capacity 11914K, committed 12288K, reserved 1060864K
  class space    used 1335K, capacity 1410K, committed 1536K, reserved 1048576K
}

Deoptimization events (10 events):
Event: 2.545 Thread 0x0000000004d02800 Uncommon trap: reason=class_check action=maybe_recompile pc=0x0000000005185360 method=java.util.zip.InflaterInputStream.read([BII)I @ 100
Event: 7.032 Thread 0x00000000196a9000 Uncommon trap: reason=unstable_if action=reinterpret pc=0x00000000051ab534 method=java.io.WinNTFileSystem.normalize(Ljava/lang/String;)Ljava/lang/String; @ 128
Event: 7.073 Thread 0x0000000019ccd800 Uncommon trap: reason=unstable_if action=reinterpret pc=0x00000000051e26fc method=java.io.BufferedInputStream.read1([BII)I @ 22
Event: 10.558 Thread 0x0000000018117000 Uncommon trap: reason=unstable_if action=reinterpret pc=0x000000000527e88c method=sun.awt.image.ImageRepresentation.getOpaqueRGBImage()Ljava/awt/image/BufferedImage; @ 57
Event: 10.693 Thread 0x00000000196a9000 Uncommon trap: reason=unstable_if action=reinterpret pc=0x00000000052b2690 method=totalcross.ui.gfx.Graphics.drawSurface([ILjava/lang/Object;IIIIIIZIIII)V @ 558
Event: 16.498 Thread 0x00000000196a9000 Uncommon trap: reason=unstable_if action=reinterpret pc=0x0000000005325874 method=totalcross.ui.gfx.Graphics.translateAndClip(IIII)Z @ 19
Event: 18.118 Thread 0x0000000019ccb000 Uncommon trap: reason=unstable_if action=reinterpret pc=0x000000000503b564 method=sun.awt.image.ImageRepresentation.getOpaqueRGBImage()Ljava/awt/image/BufferedImage; @ 71
Event: 18.122 Thread 0x00000000196a9000 Uncommon trap: reason=unstable_if action=reinterpret pc=0x00000000052eb808 method=totalcross.ui.image.Image.getSmoothScaledInstance(II)Ltotalcross/ui/image/Image; @ 715
Event: 18.123 Thread 0x00000000196a9000 Uncommon trap: reason=unstable_if action=reinterpret pc=0x00000000052b485c method=totalcross.ui.image.Image.getSmoothScaledInstance(II)Ltotalcross/ui/image/Image; @ 702
Event: 18.216 Thread 0x00000000196a9000 Uncommon trap: reason=unstable_if action=reinterpret pc=0x000000000531acc0 method=totalcross.ui.gfx.Graphics.drawText(Ljava/lang/String;III)V @ 17

Internal exceptions (10 events):
Event: 24.543 Thread 0x00000000196a9000 Exception <a 'java/io/FileNotFoundException'> (0x00000000f67a5eb8) thrown at [C:\re\workspace\8-2-build-windows-amd64-cygwin\jdk8u111\7883\hotspot\src\share\vm\prims\jni.cpp, line 709]
Event: 24.562 Thread 0x00000000196a9000 Exception <a 'java/io/FileNotFoundException'> (0x00000000f68108e8) thrown at [C:\re\workspace\8-2-build-windows-amd64-cygwin\jdk8u111\7883\hotspot\src\share\vm\prims\jni.cpp, line 709]
Event: 24.562 Thread 0x00000000196a9000 Exception <a 'java/io/FileNotFoundException'> (0x00000000f68113d8) thrown at [C:\re\workspace\8-2-build-windows-amd64-cygwin\jdk8u111\7883\hotspot\src\share\vm\prims\jni.cpp, line 709]
Event: 24.562 Thread 0x00000000196a9000 Exception <a 'java/io/FileNotFoundException'> (0x00000000f6812128) thrown at [C:\re\workspace\8-2-build-windows-amd64-cygwin\jdk8u111\7883\hotspot\src\share\vm\prims\jni.cpp, line 709]
Event: 24.590 Thread 0x0000000017faa800 Exception <a 'java/lang/InterruptedException': sleep interrupted> (0x00000000f6758160) thrown at [C:\re\workspace\8-2-build-windows-amd64-cygwin\jdk8u111\7883\hotspot\src\share\vm\prims\jvm.cpp, line 3224]
Event: 24.593 Thread 0x0000000017faa800 Exception <a 'java/lang/InterruptedException': sleep interrupted> (0x00000000f683e278) thrown at [C:\re\workspace\8-2-build-windows-amd64-cygwin\jdk8u111\7883\hotspot\src\share\vm\prims\jvm.cpp, line 3224]
Event: 26.143 Thread 0x00000000196a9000 Exception <a 'java/io/FileNotFoundException'> (0x00000000f6835358) thrown at [C:\re\workspace\8-2-build-windows-amd64-cygwin\jdk8u111\7883\hotspot\src\share\vm\prims\jni.cpp, line 709]
Event: 26.143 Thread 0x00000000196a9000 Exception <a 'java/io/FileNotFoundException'> (0x00000000f6835e00) thrown at [C:\re\workspace\8-2-build-windows-amd64-cygwin\jdk8u111\7883\hotspot\src\share\vm\prims\jni.cpp, line 709]
Event: 26.143 Thread 0x00000000196a9000 Exception <a 'java/io/FileNotFoundException'> (0x00000000f6836bf0) thrown at [C:\re\workspace\8-2-build-windows-amd64-cygwin\jdk8u111\7883\hotspot\src\share\vm\prims\jni.cpp, line 709]
Event: 26.273 Thread 0x0000000017faa800 Exception <a 'java/lang/InterruptedException': sleep interrupted> (0x00000000f6841c80) thrown at [C:\re\workspace\8-2-build-windows-amd64-cygwin\jdk8u111\7883\hotspot\src\share\vm\prims\jvm.cpp, line 3224]

Events (10 events):
Event: 26.463 Executing VM operation: RevokeBias
Event: 26.463 Executing VM operation: RevokeBias done
Event: 26.468 Executing VM operation: RevokeBias
Event: 26.468 Executing VM operation: RevokeBias done
Event: 26.468 Executing VM operation: RevokeBias
Event: 26.468 Executing VM operation: RevokeBias done
Event: 26.469 Executing VM operation: RevokeBias
Event: 26.469 Executing VM operation: RevokeBias done
Event: 26.469 Executing VM operation: RevokeBias
Event: 26.469 Executing VM operation: RevokeBias done


Dynamic libraries:
0x00007ff73e840000 - 0x00007ff73e877000 	C:\Program Files\Java\jre1.8.0_111\bin\javaw.exe
0x00007ffdb3860000 - 0x00007ffdb3a40000 	C:\WINDOWS\SYSTEM32\ntdll.dll
0x00007ffdb30f0000 - 0x00007ffdb319e000 	C:\WINDOWS\System32\KERNEL32.DLL
0x00007ffdb0ac0000 - 0x00007ffdb0d26000 	C:\WINDOWS\System32\KERNELBASE.dll
0x00007ffdb1000000 - 0x00007ffdb10a1000 	C:\WINDOWS\System32\ADVAPI32.dll
0x00007ffdb3560000 - 0x00007ffdb35fd000 	C:\WINDOWS\System32\msvcrt.dll
0x00007ffdb31a0000 - 0x00007ffdb31fb000 	C:\WINDOWS\System32\sechost.dll
0x00007ffdb1240000 - 0x00007ffdb135f000 	C:\WINDOWS\System32\RPCRT4.dll
0x00007ffdb0d90000 - 0x00007ffdb0f1f000 	C:\WINDOWS\System32\USER32.dll
0x00007ffdb0110000 - 0x00007ffdb0130000 	C:\WINDOWS\System32\win32u.dll
0x00007ffdb3730000 - 0x00007ffdb3758000 	C:\WINDOWS\System32\GDI32.dll
0x00007ffdb0920000 - 0x00007ffdb0ab3000 	C:\WINDOWS\System32\gdi32full.dll
0x00007ffdb0130000 - 0x00007ffdb01cb000 	C:\WINDOWS\System32\msvcp_win.dll
0x00007ffdafc60000 - 0x00007ffdafd56000 	C:\WINDOWS\System32\ucrtbase.dll
0x00007ffd9f5d0000 - 0x00007ffd9f839000 	C:\WINDOWS\WinSxS\amd64_microsoft.windows.common-controls_6595b64144ccf1df_6.0.16299.431_none_15c7d3ee93659e73\COMCTL32.dll
0x00007ffdb1920000 - 0x00007ffdb1c28000 	C:\WINDOWS\System32\combase.dll
0x00007ffdaff80000 - 0x00007ffdafff2000 	C:\WINDOWS\System32\bcryptPrimitives.dll
0x00007ffdb1160000 - 0x00007ffdb118d000 	C:\WINDOWS\System32\IMM32.DLL
0x00000000528b0000 - 0x0000000052982000 	C:\Program Files\Java\jre1.8.0_111\bin\msvcr100.dll
0x0000000052b50000 - 0x00000000533ea000 	C:\Program Files\Java\jre1.8.0_111\bin\server\jvm.dll
0x00007ffdb30e0000 - 0x00007ffdb30e8000 	C:\WINDOWS\System32\PSAPI.DLL
0x00007ffdab9f0000 - 0x00007ffdab9f9000 	C:\WINDOWS\SYSTEM32\WSOCK32.dll
0x00007ffdb3070000 - 0x00007ffdb30dc000 	C:\WINDOWS\System32\WS2_32.dll
0x00007ffdadf40000 - 0x00007ffdadf63000 	C:\WINDOWS\SYSTEM32\WINMM.dll
0x00007ffda15e0000 - 0x00007ffda15ea000 	C:\WINDOWS\SYSTEM32\VERSION.dll
0x00007ffdadee0000 - 0x00007ffdadf0a000 	C:\WINDOWS\SYSTEM32\WINMMBASE.dll
0x00007ffdafd60000 - 0x00007ffdafdaa000 	C:\WINDOWS\System32\cfgmgr32.dll
0x0000000052a60000 - 0x0000000052a6f000 	C:\Program Files\Java\jre1.8.0_111\bin\verify.dll
0x0000000052a30000 - 0x0000000052a59000 	C:\Program Files\Java\jre1.8.0_111\bin\java.dll
0x0000000052a10000 - 0x0000000052a26000 	C:\Program Files\Java\jre1.8.0_111\bin\zip.dll
0x00007ffdb1c30000 - 0x00007ffdb3068000 	C:\WINDOWS\System32\SHELL32.dll
0x00007ffdb1190000 - 0x00007ffdb1236000 	C:\WINDOWS\System32\shcore.dll
0x00007ffdb01d0000 - 0x00007ffdb0917000 	C:\WINDOWS\System32\windows.storage.dll
0x00007ffdb0fa0000 - 0x00007ffdb0ff1000 	C:\WINDOWS\System32\shlwapi.dll
0x00007ffdafc20000 - 0x00007ffdafc31000 	C:\WINDOWS\System32\kernel.appcore.dll
0x00007ffdafbb0000 - 0x00007ffdafbfc000 	C:\WINDOWS\System32\powrprof.dll
0x00007ffdafc40000 - 0x00007ffdafc5b000 	C:\WINDOWS\System32\profapi.dll
0x0000000052710000 - 0x00000000528a8000 	C:\Program Files\Java\jre1.8.0_111\bin\awt.dll
0x00007ffdb3760000 - 0x00007ffdb3825000 	C:\WINDOWS\System32\OLEAUT32.dll
0x00007ffdae060000 - 0x00007ffdae0e8000 	C:\WINDOWS\SYSTEM32\apphelp.dll
0x00007ffdae450000 - 0x00007ffdae47a000 	C:\WINDOWS\system32\DWMAPI.DLL
0x00007ffdae1e0000 - 0x00007ffdae275000 	C:\WINDOWS\system32\uxtheme.dll
0x00007ffdb17b0000 - 0x00007ffdb1917000 	C:\WINDOWS\System32\MSCTF.dll
0x00007ffd99800000 - 0x00007ffd9987f000 	C:\Program Files (x86)\TeamViewer\tv_x64.dll
0x00007ffdb3200000 - 0x00007ffdb3349000 	C:\WINDOWS\System32\ole32.dll
0x00000000526c0000 - 0x0000000052707000 	C:\Program Files\Java\jre1.8.0_111\bin\fontmanager.dll
0x00007ffd9afc0000 - 0x00007ffd9b055000 	C:\WINDOWS\system32\RICHED20.DLL
0x00007ffd87ea0000 - 0x00007ffd87eb9000 	C:\WINDOWS\SYSTEM32\USP10.dll
0x00007ffd9af80000 - 0x00007ffd9afb8000 	C:\WINDOWS\SYSTEM32\msls31.dll
0x00007ffdb10b0000 - 0x00007ffdb114e000 	C:\WINDOWS\System32\clbcatq.dll
0x00007ffdaf6b0000 - 0x00007ffdaf6d5000 	C:\WINDOWS\system32\bcrypt.dll
0x00007ffda4f20000 - 0x00007ffda4fb8000 	C:\WINDOWS\System32\TextInputFramework.dll
0x00007ffdaa720000 - 0x00007ffdaaa0e000 	C:\WINDOWS\System32\CoreUIComponents.dll
0x00007ffdad0d0000 - 0x00007ffdad1ac000 	C:\WINDOWS\System32\CoreMessaging.dll
0x00007ffdaece0000 - 0x00007ffdaed11000 	C:\WINDOWS\SYSTEM32\ntmarta.dll
0x00007ffdac050000 - 0x00007ffdac186000 	C:\WINDOWS\SYSTEM32\wintypes.dll
0x00007ffdaf5a0000 - 0x00007ffdaf5b7000 	C:\WINDOWS\SYSTEM32\CRYPTSP.dll
0x00007ffdaefe0000 - 0x00007ffdaf013000 	C:\WINDOWS\system32\rsaenh.dll
0x00007ffdafab0000 - 0x00007ffdafad9000 	C:\WINDOWS\SYSTEM32\USERENV.dll
0x00007ffdaf5c0000 - 0x00007ffdaf5cb000 	C:\WINDOWS\SYSTEM32\CRYPTBASE.dll
0x00000000529f0000 - 0x0000000052a0a000 	C:\Program Files\Java\jre1.8.0_111\bin\net.dll
0x00007ffdaf3e0000 - 0x00007ffdaf446000 	C:\WINDOWS\system32\mswsock.dll
0x00007ffdaf170000 - 0x00007ffdaf1a9000 	C:\WINDOWS\SYSTEM32\IPHLPAPI.DLL
0x00007ffdb3350000 - 0x00007ffdb3358000 	C:\WINDOWS\System32\NSI.dll
0x00007ffdaa480000 - 0x00007ffdaa496000 	C:\WINDOWS\SYSTEM32\dhcpcsvc6.DLL
0x00007ffdaf1b0000 - 0x00007ffdaf266000 	C:\WINDOWS\SYSTEM32\DNSAPI.dll
0x00007ffda4840000 - 0x00007ffda484a000 	C:\Windows\System32\rasadhlp.dll
0x00007ffdaa4e0000 - 0x00007ffdaa4fa000 	C:\WINDOWS\SYSTEM32\dhcpcsvc.DLL
0x00007ffda7050000 - 0x00007ffda70c0000 	C:\WINDOWS\System32\fwpuclnt.dll
0x00000000529d0000 - 0x00000000529e1000 	C:\Program Files\Java\jre1.8.0_111\bin\nio.dll
0x00007ffda09b0000 - 0x00007ffda0b78000 	C:\WINDOWS\SYSTEM32\dbghelp.dll

VM Arguments:
jvm_args: -Dfile.encoding=Cp1252 
java_command: totalcross.Launcher /r 544353541A8E8B2A28D5B8E0 com.app.app
java_class_path (initial): C:\Program Files\Java\jre1.8.0_111\lib\resources.jar;C:\Program Files\Java\jre1.8.0_111\lib\rt.jar;C:\Program Files\Java\jre1.8.0_111\lib\jsse.jar;C:\Program Files\Java\jre1.8.0_111\lib\jce.jar;C:\Program Files\Java\jre1.8.0_111\lib\charsets.jar;C:\Program Files\Java\jre1.8.0_111\lib\jfr.jar;C:\Program Files\Java\jre1.8.0_111\lib\ext\access-bridge-64.jar;C:\Program Files\Java\jre1.8.0_111\lib\ext\cldrdata.jar;C:\Program Files\Java\jre1.8.0_111\lib\ext\dnsns.jar;C:\Program Files\Java\jre1.8.0_111\lib\ext\jaccess.jar;C:\Program Files\Java\jre1.8.0_111\lib\ext\jfxrt.jar;C:\Program Files\Java\jre1.8.0_111\lib\ext\localedata.jar;C:\Program Files\Java\jre1.8.0_111\lib\ext\nashorn.jar;C:\Program Files\Java\jre1.8.0_111\lib\ext\sunec.jar;C:\Program Files\Java\jre1.8.0_111\lib\ext\sunjce_provider.jar;C:\Program Files\Java\jre1.8.0_111\lib\ext\sunmscapi.jar;C:\Program Files\Java\jre1.8.0_111\lib\ext\sunpkcs11.jar;C:\Program Files\Java\jre1.8.0_111\lib\ext\zipfs.jar;C:\Users\marci\eclipse-workspace\app\target\classes;C:\Users\marci\.m2\repository\com\totalcross\utils\tc-utilities\0.0.1-SNAPSHOT\tc-utilities-0.0.1-SNAPSHOT.jar;C:\Users\marci\.m2\repository\com\totalcross\utils\magical-utils\0.0.1-SNAPSHOT\magical-utils-0.0.1-SNAPSHOT.jar;C:\Users\marci\.m2\repository\com\totalcross\totalcross-sdk\4.1.0\totalcross-sdk-4.1.0.jar;C:\Users\marci\.m2\repository\org\vafer\jdeb\0.7\jdeb-0.7.jar;C:\Users\marci\.m2\repository\org\apache\maven\maven-plugin-api\2.0.5\maven-plugin-api-2.0.5.jar;C:\Users\marci\.m2\repository\org\apache\maven\maven-project\2.0.5\maven-project-2.0.5.jar;C:\Users\marci\.m2\repository\org\apache\maven\maven-settings\2.0.5\maven-settings-2.0.5.jar;C:\Users\marci\.m2\repository\org\apache\maven\maven-profile\2.0.5\maven-profile-2.0.5.jar;C:\Users\marci\.m2\repository\org\apache\maven\maven-model\2.0.5\maven-model-2.0.5.jar;C:\Users\marci\.m2\repository\org\apache\maven\maven-artifact-manager\2.0.5\maven-artifact-manager-2.0.5.jar;C:\U
Launcher Type: SUN_STANDARD

Environment Variables:
JAVA_HOME=C:\Program Files\Java\jdk1.8.0_111
PATH=C:/Program Files/Java/jre1.8.0_111/bin/server;C:/Program Files/Java/jre1.8.0_111/bin;C:/Program Files/Java/jre1.8.0_111/lib/amd64;C:\ProgramData\Oracle\Java\javapath;C:\Program Files (x86)\Intel\TXE Components\TCS\;C:\Program Files\Intel\TXE Components\TCS\;C:\WINDOWS\system32;C:\WINDOWS;C:\WINDOWS\System32\Wbem;C:\WINDOWS\System32\WindowsPowerShell\v1.0\;C:\Program Files\Intel\TXE Components\DAL\;C:\Program Files (x86)\Intel\TXE Components\DAL\;C:\Program Files\Intel\TXE Components\IPT\;C:\Program Files (x86)\Intel\TXE Components\IPT\;C:\Program Files\Java\jdk1.8.0_111\bin;C:\TotalCross3\dist\vm\win32;C:\Users\marci\AppData\Local\Microsoft\WindowsApps;c:\TotalCross3\dist\vm\win32;C:\Program Files\Java\jdk1.8.0_111\bin;;C:\Users\marci\Desktop;
USERNAME=marci
OS=Windows_NT
PROCESSOR_IDENTIFIER=Intel64 Family 6 Model 76 Stepping 4, GenuineIntel



---------------  S Y S T E M  ---------------

OS: Windows 10.0 , 64 bit Build 16299 (10.0.16299.431)

CPU:total 2 (2 cores per cpu, 1 threads per core) family 6 model 76 stepping 4, cmov, cx8, fxsr, mmx, sse, sse2, sse3, ssse3, sse4.1, sse4.2, popcnt, aes, clmul, erms, 3dnowpref, tsc, tscinvbit

Memory: 4k page, physical 1946148k(388156k free), swap 5015584k(967476k free)

vm_info: Java HotSpot(TM) 64-Bit Server VM (25.111-b14) for windows-amd64 JRE (1.8.0_111-b14), built on Sep 22 2016 19:24:05 by "java_re" with MS VC++ 10.0 (VS2010)

time: Fri Jun 01 21:41:50 2018
elapsed time: 26 seconds (0d 0h 0m 26s)

