#
# A fatal error has been detected by the Java Runtime Environment:
#
#  EXCEPTION_ACCESS_VIOLATION (0xc0000005) at pc=0x000000006be42be0, pid=3256, tid=0x0000000000000c64
#
# JRE version: Java(TM) SE Runtime Environment (8.0_111-b14) (build 1.8.0_111-b14)
# Java VM: Java HotSpot(TM) 64-Bit Server VM (25.111-b14 mixed mode windows-amd64 compressed oops)
# Problematic frame:
# C  0x000000006be42be0
#
# Failed to write core dump. Minidumps are not enabled by default on client versions of Windows
#
# If you would like to submit a bug report, please visit:
#   http://bugreport.java.com/bugreport/crash.jsp
# The crash happened outside the Java Virtual Machine in native code.
# See problematic frame for where to report the bug.
#

---------------  T H R E A D  ---------------

Current thread (0x00000000190e8000):  JavaThread "Secondary finalizer" [_thread_in_native, id=3172, stack(0x000000001b4d0000,0x000000001b5d0000)]

siginfo: ExceptionCode=0xc0000005, ExceptionInformation=0x0000000000000008 0x000000006be42be0

Registers:
RAX=0x000000006be42be0, RBX=0x0000000018d1a890, RCX=0x00000000190e81f8, RDX=0x000000001b5cf568
RSP=0x000000001b5cf4c8, RBP=0x000000001b5cf548, RSI=0x0000000000000108, RDI=0x0000000000000701
R8 =0x0000000000000005, R9 =0x00000000f6c58188, R10=0x00000000049d848b, R11=0x0000000052d7b580
R12=0x0000000000000000, R13=0x0000000018d1a890, R14=0x000000001b5cf568, R15=0x00000000190e8000
RIP=0x000000006be42be0, EFLAGS=0x0000000000010206

Top of Stack: (sp=0x000000001b5cf4c8)
0x000000001b5cf4c8:   00000000049d84b7 00000000049c56d0
0x000000001b5cf4d8:   0000000000000000 000000001b5cf6a8
0x000000001b5cf4e8:   000000001b5cf660 000000001b5cf5d0
0x000000001b5cf4f8:   0000000000000000 00000000f6c58188
0x000000001b5cf508:   000000001b5cf4f8 0000000000000000
0x000000001b5cf518:   000000001b5cf568 0000000018d45e70
0x000000001b5cf528:   0000000000000000 0000000018d1a890
0x000000001b5cf538:   0000000000000000 000000001b5cf568
0x000000001b5cf548:   000000001b5cf5d0 00000000049c835d
0x000000001b5cf558:   0000000000000000 00000000049d19d8
0x000000001b5cf568:   00000000f6c58188 00000000f6c581c0
0x000000001b5cf578:   0000000000000000 0000000000000011
0x000000001b5cf588:   00000000f6c58188 000000001b5cf570
0x000000001b5cf598:   0000000018d1566e 000000001b5cf608
0x000000001b5cf5a8:   0000000018d45680 0000000000000000
0x000000001b5cf5b8:   0000000018d15708 000000001b5cf568 

Instructions: (pc=0x000000006be42be0)
0x000000006be42bc0:   
[error occurred during error reporting (printing registers, top of stack, instructions near pc), id 0xc0000005]

Register to memory mapping:

RAX=0x000000006be42be0 is an unknown value
RBX={method} {0x0000000018d1a898} 'free_functions' '()V' in 'org/sqlite/core/NativeDB'
RCX=0x00000000190e81f8 is an unknown value
RDX=0x000000001b5cf568 is pointing into the stack for thread: 0x00000000190e8000
RSP=0x000000001b5cf4c8 is pointing into the stack for thread: 0x00000000190e8000
RBP=0x000000001b5cf548 is pointing into the stack for thread: 0x00000000190e8000
RSI=0x0000000000000108 is an unknown value
RDI=0x0000000000000701 is an unknown value
R8 =0x0000000000000005 is an unknown value
R9 =0x00000000f6c58188 is an oop
org.sqlite.core.NativeDB 
 - klass: 'org/sqlite/core/NativeDB'
R10=0x00000000049d848b is at code_begin+1227 in an Interpreter codelet
method entry point (kind = native_synchronized)  [0x00000000049d7fc0, 0x00000000049d8aa0]  2784 bytes
R11=0x0000000052d7b580 is an unknown value
R12=0x0000000000000000 is an unknown value
R13={method} {0x0000000018d1a898} 'free_functions' '()V' in 'org/sqlite/core/NativeDB'
R14=0x000000001b5cf568 is pointing into the stack for thread: 0x00000000190e8000
R15=0x00000000190e8000 is a thread


Stack: [0x000000001b4d0000,0x000000001b5d0000],  sp=0x000000001b5cf4c8,  free space=1021k
Native frames: (J=compiled Java code, j=interpreted, Vv=VM code, C=native code)
C  0x000000006be42be0

Java frames: (J=compiled Java code, j=interpreted, Vv=VM code)
j  org.sqlite.core.NativeDB.free_functions()V+0
j  org.sqlite.core.DB.close()V+102
j  org.sqlite.core.CoreConnection.close()V+26
j  org.sqlite.core.CoreConnection.finalize()V+1
J 862 C1 java.lang.ref.Finalizer.runFinalizer(Lsun/misc/JavaLangAccess;)V (62 bytes) @ 0x0000000004ad528c [0x0000000004ad4d00+0x58c]
J 857 C1 java.lang.ref.Finalizer.access$100(Ljava/lang/ref/Finalizer;Lsun/misc/JavaLangAccess;)V (6 bytes) @ 0x0000000004ae3c5c [0x0000000004ae3c00+0x5c]
j  java.lang.ref.Finalizer$3.run()V+58
j  java.lang.Thread.run()V+11
v  ~StubRoutines::call_stub

---------------  P R O C E S S  ---------------

Java Threads: ( => current thread )
=>0x00000000190e8000 JavaThread "Secondary finalizer" [_thread_in_native, id=3172, stack(0x000000001b4d0000,0x000000001b5d0000)]
  0x0000000019294000 JavaThread "TC Event Thread" daemon [_thread_blocked, id=5104, stack(0x000000001aad0000,0x000000001abd0000)]
  0x00000000048c2800 JavaThread "DestroyJavaVM" [_thread_blocked, id=6744, stack(0x0000000004740000,0x0000000004840000)]
  0x0000000017b4a000 JavaThread "AWT-EventQueue-0" [_thread_blocked, id=816, stack(0x0000000018380000,0x0000000018480000)]
  0x0000000017b2f800 JavaThread "AWT-Shutdown" [_thread_blocked, id=4288, stack(0x0000000018180000,0x0000000018280000)]
  0x0000000017b2d000 JavaThread "Java2D Disposer" daemon [_thread_blocked, id=3380, stack(0x0000000018080000,0x0000000018180000)]
  0x0000000015aa6800 JavaThread "Service Thread" daemon [_thread_blocked, id=3548, stack(0x0000000016d90000,0x0000000016e90000)]
  0x0000000015a9f000 JavaThread "C1 CompilerThread1" daemon [_thread_blocked, id=7024, stack(0x0000000016c90000,0x0000000016d90000)]
  0x0000000015a45000 JavaThread "C2 CompilerThread0" daemon [_thread_blocked, id=592, stack(0x0000000016b90000,0x0000000016c90000)]
  0x0000000015a44000 JavaThread "Attach Listener" daemon [_thread_blocked, id=3064, stack(0x0000000016a90000,0x0000000016b90000)]
  0x0000000015a41800 JavaThread "Signal Dispatcher" daemon [_thread_blocked, id=5200, stack(0x0000000016990000,0x0000000016a90000)]
  0x0000000015a28800 JavaThread "Finalizer" daemon [_thread_blocked, id=7064, stack(0x0000000016690000,0x0000000016790000)]
  0x00000000049af800 JavaThread "Reference Handler" daemon [_thread_blocked, id=3260, stack(0x0000000016590000,0x0000000016690000)]

Other Threads:
  0x0000000015a05800 VMThread [stack: 0x0000000016490000,0x0000000016590000] [id=316]
  0x0000000015ad5800 WatcherThread [stack: 0x0000000017290000,0x0000000017390000] [id=3180]

VM state:not at safepoint (normal execution)

VM Mutex/Monitor currently owned by a thread: None

Heap:
 PSYoungGen      total 14848K, used 4288K [0x00000000f6180000, 0x00000000f7d80000, 0x0000000100000000)
  eden space 8192K, 14% used [0x00000000f6180000,0x00000000f62a10a8,0x00000000f6980000)
  from space 6656K, 47% used [0x00000000f6980000,0x00000000f6c8f098,0x00000000f7000000)
  to   space 6144K, 0% used [0x00000000f7780000,0x00000000f7780000,0x00000000f7d80000)
 ParOldGen       total 20480K, used 10064K [0x00000000e2400000, 0x00000000e3800000, 0x00000000f6180000)
  object space 20480K, 49% used [0x00000000e2400000,0x00000000e2dd4368,0x00000000e3800000)
 Metaspace       used 12277K, capacity 12502K, committed 12800K, reserved 1060864K
  class space    used 1385K, capacity 1476K, committed 1536K, reserved 1048576K

Card table byte_map: [0x0000000013d80000,0x0000000013e70000] byte_map_base: 0x000000001366e000

Marking Bits: (ParMarkBitMap*) 0x000000005336a6c0
 Begin Bits: [0x0000000014110000, 0x0000000014880000)
 End Bits:   [0x0000000014880000, 0x0000000014ff0000)

Polling page: 0x0000000002b60000

CodeCache: size=245760Kb used=3977Kb max_used=4116Kb free=241782Kb
 bounds [0x00000000049c0000, 0x0000000004dd0000, 0x00000000139c0000]
 total_blobs=1494 nmethods=1006 adapters=402
 compilation: enabled

Compilation events (10 events):
Event: 466.856 Thread 0x0000000015a9f000 1128       3       java.awt.EventQueue$4::run (5 bytes)
Event: 466.858 Thread 0x0000000015a9f000 nmethod 1128 0x0000000004cb6ad0 code [0x0000000004cb6cc0, 0x0000000004cb7378]
Event: 467.554 Thread 0x0000000015a45000 1130       4       java.io.WinNTFileSystem::normalize (143 bytes)
Event: 467.569 Thread 0x0000000015a45000 nmethod 1130 0x0000000004bfe850 code [0x0000000004bfe9c0, 0x0000000004bfed88]
Event: 467.569 Thread 0x0000000015a45000 1131       4       java.io.File::<init> (47 bytes)
Event: 467.590 Thread 0x0000000015a45000 nmethod 1131 0x0000000004b4b810 code [0x0000000004b4b9a0, 0x0000000004b4c0c8]
Event: 467.591 Thread 0x0000000015a9f000 1132       3       java.io.FileInputStream::read (8 bytes)
Event: 467.591 Thread 0x0000000015a9f000 nmethod 1132 0x0000000004c28190 code [0x0000000004c28300, 0x0000000004c28488]
Event: 467.681 Thread 0x0000000015a45000 1133       4       java.io.FileInputStream::read (8 bytes)
Event: 467.682 Thread 0x0000000015a45000 nmethod 1133 0x0000000004b69d90 code [0x0000000004b69ee0, 0x0000000004b69f68]

GC Heap History (10 events):
Event: 4.259 GC heap before
{Heap before GC invocations=3 (full 0):
 PSYoungGen      total 9216K, used 9216K [0x00000000f6180000, 0x00000000f7380000, 0x0000000100000000)
  eden space 8192K, 100% used [0x00000000f6180000,0x00000000f6980000,0x00000000f6980000)
  from space 1024K, 100% used [0x00000000f6a80000,0x00000000f6b80000,0x00000000f6b80000)
  to   space 1024K, 0% used [0x00000000f6980000,0x00000000f6980000,0x00000000f6a80000)
 ParOldGen       total 20480K, used 3938K [0x00000000e2400000, 0x00000000e3800000, 0x00000000f6180000)
  object space 20480K, 19% used [0x00000000e2400000,0x00000000e27d8920,0x00000000e3800000)
 Metaspace       used 9680K, capacity 9890K, committed 10240K, reserved 1058816K
  class space    used 1114K, capacity 1184K, committed 1280K, reserved 1048576K
Event: 4.272 GC heap after
Heap after GC invocations=3 (full 0):
 PSYoungGen      total 9216K, used 1020K [0x00000000f6180000, 0x00000000f7380000, 0x0000000100000000)
  eden space 8192K, 0% used [0x00000000f6180000,0x00000000f6180000,0x00000000f6980000)
  from space 1024K, 99% used [0x00000000f6980000,0x00000000f6a7f318,0x00000000f6a80000)
  to   space 1024K, 0% used [0x00000000f7280000,0x00000000f7280000,0x00000000f7380000)
 ParOldGen       total 20480K, used 8284K [0x00000000e2400000, 0x00000000e3800000, 0x00000000f6180000)
  object space 20480K, 40% used [0x00000000e2400000,0x00000000e2c17038,0x00000000e3800000)
 Metaspace       used 9680K, capacity 9890K, committed 10240K, reserved 1058816K
  class space    used 1114K, capacity 1184K, committed 1280K, reserved 1048576K
}
Event: 6.716 GC heap before
{Heap before GC invocations=4 (full 0):
 PSYoungGen      total 9216K, used 9211K [0x00000000f6180000, 0x00000000f7380000, 0x0000000100000000)
  eden space 8192K, 99% used [0x00000000f6180000,0x00000000f697fad8,0x00000000f6980000)
  from space 1024K, 99% used [0x00000000f6980000,0x00000000f6a7f318,0x00000000f6a80000)
  to   space 1024K, 0% used [0x00000000f7280000,0x00000000f7280000,0x00000000f7380000)
 ParOldGen       total 20480K, used 8284K [0x00000000e2400000, 0x00000000e3800000, 0x00000000f6180000)
  object space 20480K, 40% used [0x00000000e2400000,0x00000000e2c17038,0x00000000e3800000)
 Metaspace       used 9945K, capacity 10178K, committed 10496K, reserved 1058816K
  class space    used 1142K, capacity 1216K, committed 1280K, reserved 1048576K
Event: 6.725 GC heap after
Heap after GC invocations=4 (full 0):
 PSYoungGen      total 9216K, used 992K [0x00000000f6180000, 0x00000000f7380000, 0x0000000100000000)
  eden space 8192K, 0% used [0x00000000f6180000,0x00000000f6180000,0x00000000f6980000)
  from space 1024K, 96% used [0x00000000f7280000,0x00000000f73781f0,0x00000000f7380000)
  to   space 1024K, 0% used [0x00000000f6980000,0x00000000f6980000,0x00000000f6a80000)
 ParOldGen       total 20480K, used 8489K [0x00000000e2400000, 0x00000000e3800000, 0x00000000f6180000)
  object space 20480K, 41% used [0x00000000e2400000,0x00000000e2c4a470,0x00000000e3800000)
 Metaspace       used 9945K, capacity 10178K, committed 10496K, reserved 1058816K
  class space    used 1142K, capacity 1216K, committed 1280K, reserved 1048576K
}
Event: 8.559 GC heap before
{Heap before GC invocations=5 (full 0):
 PSYoungGen      total 9216K, used 9184K [0x00000000f6180000, 0x00000000f7380000, 0x0000000100000000)
  eden space 8192K, 100% used [0x00000000f6180000,0x00000000f6980000,0x00000000f6980000)
  from space 1024K, 96% used [0x00000000f7280000,0x00000000f73781f0,0x00000000f7380000)
  to   space 1024K, 0% used [0x00000000f6980000,0x00000000f6980000,0x00000000f6a80000)
 ParOldGen       total 20480K, used 8489K [0x00000000e2400000, 0x00000000e3800000, 0x00000000f6180000)
  object space 20480K, 41% used [0x00000000e2400000,0x00000000e2c4a470,0x00000000e3800000)
 Metaspace       used 11298K, capacity 11562K, committed 11648K, reserved 1058816K
  class space    used 1296K, capacity 1378K, committed 1408K, reserved 1048576K
Event: 8.568 GC heap after
Heap after GC invocations=5 (full 0):
 PSYoungGen      total 9216K, used 1008K [0x00000000f6180000, 0x00000000f7680000, 0x0000000100000000)
  eden space 8192K, 0% used [0x00000000f6180000,0x00000000f6180000,0x00000000f6980000)
  from space 1024K, 98% used [0x00000000f6980000,0x00000000f6a7c1e0,0x00000000f6a80000)
  to   space 6656K, 0% used [0x00000000f7000000,0x00000000f7000000,0x00000000f7680000)
 ParOldGen       total 20480K, used 9488K [0x00000000e2400000, 0x00000000e3800000, 0x00000000f6180000)
  object space 20480K, 46% used [0x00000000e2400000,0x00000000e2d44358,0x00000000e3800000)
 Metaspace       used 11298K, capacity 11562K, committed 11648K, reserved 1058816K
  class space    used 1296K, capacity 1378K, committed 1408K, reserved 1048576K
}
Event: 9.345 GC heap before
{Heap before GC invocations=6 (full 0):
 PSYoungGen      total 9216K, used 8312K [0x00000000f6180000, 0x00000000f7680000, 0x0000000100000000)
  eden space 8192K, 89% used [0x00000000f6180000,0x00000000f68a21a8,0x00000000f6980000)
  from space 1024K, 98% used [0x00000000f6980000,0x00000000f6a7c1e0,0x00000000f6a80000)
  to   space 6656K, 0% used [0x00000000f7000000,0x00000000f7000000,0x00000000f7680000)
 ParOldGen       total 20480K, used 9488K [0x00000000e2400000, 0x00000000e3800000, 0x00000000f6180000)
  object space 20480K, 46% used [0x00000000e2400000,0x00000000e2d44358,0x00000000e3800000)
 Metaspace       used 11653K, capacity 11914K, committed 12288K, reserved 1060864K
  class space    used 1332K, capacity 1410K, committed 1536K, reserved 1048576K
Event: 9.369 GC heap after
Heap after GC invocations=6 (full 0):
 PSYoungGen      total 14848K, used 3846K [0x00000000f6180000, 0x00000000f7e80000, 0x0000000100000000)
  eden space 8192K, 0% used [0x00000000f6180000,0x00000000f6180000,0x00000000f6980000)
  from space 6656K, 57% used [0x00000000f7000000,0x00000000f73c18f8,0x00000000f7680000)
  to   space 6656K, 0% used [0x00000000f6980000,0x00000000f6980000,0x00000000f7000000)
 ParOldGen       total 20480K, used 9496K [0x00000000e2400000, 0x00000000e3800000, 0x00000000f6180000)
  object space 20480K, 46% used [0x00000000e2400000,0x00000000e2d46358,0x00000000e3800000)
 Metaspace       used 11653K, capacity 11914K, committed 12288K, reserved 1060864K
  class space    used 1332K, capacity 1410K, committed 1536K, reserved 1048576K
}
Event: 399.109 GC heap before
{Heap before GC invocations=7 (full 0):
 PSYoungGen      total 14848K, used 12038K [0x00000000f6180000, 0x00000000f7e80000, 0x0000000100000000)
  eden space 8192K, 100% used [0x00000000f6180000,0x00000000f6980000,0x00000000f6980000)
  from space 6656K, 57% used [0x00000000f7000000,0x00000000f73c18f8,0x00000000f7680000)
  to   space 6656K, 0% used [0x00000000f6980000,0x00000000f6980000,0x00000000f7000000)
 ParOldGen       total 20480K, used 9496K [0x00000000e2400000, 0x00000000e3800000, 0x00000000f6180000)
  object space 20480K, 46% used [0x00000000e2400000,0x00000000e2d46358,0x00000000e3800000)
 Metaspace       used 12228K, capacity 12438K, committed 12800K, reserved 1060864K
  class space    used 1382K, capacity 1476K, committed 1536K, reserved 1048576K
Event: 399.203 GC heap after
Heap after GC invocations=7 (full 0):
 PSYoungGen      total 14848K, used 3132K [0x00000000f6180000, 0x00000000f7d80000, 0x0000000100000000)
  eden space 8192K, 0% used [0x00000000f6180000,0x00000000f6180000,0x00000000f6980000)
  from space 6656K, 47% used [0x00000000f6980000,0x00000000f6c8f098,0x00000000f7000000)
  to   space 6144K, 0% used [0x00000000f7780000,0x00000000f7780000,0x00000000f7d80000)
 ParOldGen       total 20480K, used 10064K [0x00000000e2400000, 0x00000000e3800000, 0x00000000f6180000)
  object space 20480K, 49% used [0x00000000e2400000,0x00000000e2dd4368,0x00000000e3800000)
 Metaspace       used 12228K, capacity 12438K, committed 12800K, reserved 1060864K
  class space    used 1382K, capacity 1476K, committed 1536K, reserved 1048576K
}

Deoptimization events (10 events):
Event: 8.028 Thread 0x0000000019294000 Uncommon trap: reason=class_check action=maybe_recompile pc=0x0000000004c68720 method=java.util.HashMap.putVal(ILjava/lang/Object;Ljava/lang/Object;ZZ)Ljava/lang/Object; @ 253
Event: 8.058 Thread 0x0000000018f0d000 Uncommon trap: reason=unstable_if action=reinterpret pc=0x0000000004cffa94 method=java.io.BufferedInputStream.read1([BII)I @ 22
Event: 8.060 Thread 0x0000000018f0d000 Uncommon trap: reason=unstable_if action=reinterpret pc=0x0000000004c9f1fc method=java.io.BufferedInputStream.read1([BII)I @ 22
Event: 9.161 Thread 0x0000000019294000 Uncommon trap: reason=unstable_if action=reinterpret pc=0x0000000004af5b84 method=org.sqlite.SQLiteJDBCLoader.contentsEquals(Ljava/io/InputStream;Ljava/io/InputStream;)Z @ 39
Event: 11.599 Thread 0x0000000017f86800 Uncommon trap: reason=range_check action=make_not_entrant pc=0x0000000004af0e1c method=java.awt.image.DirectColorModel.setFields()V @ 65
Event: 11.698 Thread 0x0000000018fbe000 Uncommon trap: reason=unstable_if action=reinterpret pc=0x0000000004d68194 method=sun.awt.image.ImageRepresentation.getOpaqueRGBImage()Ljava/awt/image/BufferedImage; @ 71
Event: 11.846 Thread 0x0000000019294000 Uncommon trap: reason=unstable_if action=reinterpret pc=0x0000000004b37c50 method=totalcross.ui.gfx.Graphics.drawSurface([ILjava/lang/Object;IIIIIIZIIII)V @ 558
Event: 16.249 Thread 0x0000000019294000 Uncommon trap: reason=unstable_if action=reinterpret pc=0x0000000004d83c34 method=totalcross.ui.gfx.Graphics.translateAndClip(IIII)Z @ 19
Event: 467.507 Thread 0x0000000017b4a000 Uncommon trap: reason=unstable_if action=reinterpret pc=0x0000000004dc82c4 method=totalcross.TCEventThread.invokeInEventThread(ZLjava/lang/Runnable;)V @ 1
Event: 467.508 Thread 0x0000000019294000 Uncommon trap: reason=class_check action=maybe_recompile pc=0x0000000004cc42b4 method=totalcross.TCEventThread.privatePumpEvents()V @ 52

Internal exceptions (10 events):
Event: 21.733 Thread 0x0000000017c93800 Exception <a 'java/lang/InterruptedException': sleep interrupted> (0x00000000f6682c10) thrown at [C:\re\workspace\8-2-build-windows-amd64-cygwin\jdk8u111\7883\hotspot\src\share\vm\prims\jvm.cpp, line 3224]
Event: 21.743 Thread 0x0000000017c93800 Exception <a 'java/lang/InterruptedException': sleep interrupted> (0x00000000f6682ec0) thrown at [C:\re\workspace\8-2-build-windows-amd64-cygwin\jdk8u111\7883\hotspot\src\share\vm\prims\jvm.cpp, line 3224]
Event: 21.759 Thread 0x0000000017c93800 Exception <a 'java/lang/InterruptedException': sleep interrupted> (0x00000000f6683170) thrown at [C:\re\workspace\8-2-build-windows-amd64-cygwin\jdk8u111\7883\hotspot\src\share\vm\prims\jvm.cpp, line 3176]
Event: 21.769 Thread 0x0000000017c93800 Exception <a 'java/lang/InterruptedException': sleep interrupted> (0x00000000f6683420) thrown at [C:\re\workspace\8-2-build-windows-amd64-cygwin\jdk8u111\7883\hotspot\src\share\vm\prims\jvm.cpp, line 3224]
Event: 21.779 Thread 0x0000000017c93800 Exception <a 'java/lang/InterruptedException': sleep interrupted> (0x00000000f66836d0) thrown at [C:\re\workspace\8-2-build-windows-amd64-cygwin\jdk8u111\7883\hotspot\src\share\vm\prims\jvm.cpp, line 3224]
Event: 21.789 Thread 0x0000000017c93800 Exception <a 'java/lang/InterruptedException': sleep interrupted> (0x00000000f6683980) thrown at [C:\re\workspace\8-2-build-windows-amd64-cygwin\jdk8u111\7883\hotspot\src\share\vm\prims\jvm.cpp, line 3176]
Event: 467.551 Thread 0x0000000019294000 Exception <a 'java/io/FileNotFoundException'> (0x00000000f6205120) thrown at [C:\re\workspace\8-2-build-windows-amd64-cygwin\jdk8u111\7883\hotspot\src\share\vm\prims\jni.cpp, line 709]
Event: 467.552 Thread 0x0000000019294000 Exception <a 'java/io/FileNotFoundException'> (0x00000000f6205bc8) thrown at [C:\re\workspace\8-2-build-windows-amd64-cygwin\jdk8u111\7883\hotspot\src\share\vm\prims\jni.cpp, line 709]
Event: 467.552 Thread 0x0000000019294000 Exception <a 'java/io/FileNotFoundException'> (0x00000000f62069b8) thrown at [C:\re\workspace\8-2-build-windows-amd64-cygwin\jdk8u111\7883\hotspot\src\share\vm\prims\jni.cpp, line 709]
Event: 467.690 Thread 0x0000000017c93800 Exception <a 'java/lang/InterruptedException': sleep interrupted> (0x00000000f61ee7c0) thrown at [C:\re\workspace\8-2-build-windows-amd64-cygwin\jdk8u111\7883\hotspot\src\share\vm\prims\jvm.cpp, line 3224]

Events (10 events):
Event: 468.364 Executing VM operation: RevokeBias
Event: 468.364 Executing VM operation: RevokeBias done
Event: 468.365 Executing VM operation: RevokeBias
Event: 468.365 Executing VM operation: RevokeBias done
Event: 468.386 Executing VM operation: RevokeBias
Event: 468.387 Executing VM operation: RevokeBias done
Event: 468.388 Executing VM operation: RevokeBias
Event: 468.388 Executing VM operation: RevokeBias done
Event: 468.389 Executing VM operation: RevokeBias
Event: 468.389 Executing VM operation: RevokeBias done


Dynamic libraries:
0x00007ff74e200000 - 0x00007ff74e237000 	C:\Program Files\Java\jre1.8.0_111\bin\javaw.exe
0x00007ffdb3860000 - 0x00007ffdb3a40000 	C:\WINDOWS\SYSTEM32\ntdll.dll
0x00007ffdb30f0000 - 0x00007ffdb319e000 	C:\WINDOWS\System32\KERNEL32.DLL
0x00007ffdb0ac0000 - 0x00007ffdb0d26000 	C:\WINDOWS\System32\KERNELBASE.dll
0x00007ffdb1000000 - 0x00007ffdb10a1000 	C:\WINDOWS\System32\ADVAPI32.dll
0x00007ffdb3560000 - 0x00007ffdb35fd000 	C:\WINDOWS\System32\msvcrt.dll
0x00007ffdb31a0000 - 0x00007ffdb31fb000 	C:\WINDOWS\System32\sechost.dll
0x00007ffdb1240000 - 0x00007ffdb135f000 	C:\WINDOWS\System32\RPCRT4.dll
0x00007ffdb0d90000 - 0x00007ffdb0f1f000 	C:\WINDOWS\System32\USER32.dll
0x00007ffdb0110000 - 0x00007ffdb0130000 	C:\WINDOWS\System32\win32u.dll
0x00007ffdb3730000 - 0x00007ffdb3758000 	C:\WINDOWS\System32\GDI32.dll
0x00007ffdb0920000 - 0x00007ffdb0ab3000 	C:\WINDOWS\System32\gdi32full.dll
0x00007ffdb0130000 - 0x00007ffdb01cb000 	C:\WINDOWS\System32\msvcp_win.dll
0x00007ffdafc60000 - 0x00007ffdafd56000 	C:\WINDOWS\System32\ucrtbase.dll
0x00007ffd9f5d0000 - 0x00007ffd9f839000 	C:\WINDOWS\WinSxS\amd64_microsoft.windows.common-controls_6595b64144ccf1df_6.0.16299.431_none_15c7d3ee93659e73\COMCTL32.dll
0x00007ffdb1920000 - 0x00007ffdb1c28000 	C:\WINDOWS\System32\combase.dll
0x00007ffdaff80000 - 0x00007ffdafff2000 	C:\WINDOWS\System32\bcryptPrimitives.dll
0x00007ffdb1160000 - 0x00007ffdb118d000 	C:\WINDOWS\System32\IMM32.DLL
0x00000000528b0000 - 0x0000000052982000 	C:\Program Files\Java\jre1.8.0_111\bin\msvcr100.dll
0x0000000052b50000 - 0x00000000533ea000 	C:\Program Files\Java\jre1.8.0_111\bin\server\jvm.dll
0x00007ffdb30e0000 - 0x00007ffdb30e8000 	C:\WINDOWS\System32\PSAPI.DLL
0x00007ffdab9f0000 - 0x00007ffdab9f9000 	C:\WINDOWS\SYSTEM32\WSOCK32.dll
0x00007ffdb3070000 - 0x00007ffdb30dc000 	C:\WINDOWS\System32\WS2_32.dll
0x00007ffdadf40000 - 0x00007ffdadf63000 	C:\WINDOWS\SYSTEM32\WINMM.dll
0x00007ffda15e0000 - 0x00007ffda15ea000 	C:\WINDOWS\SYSTEM32\VERSION.dll
0x00007ffdadee0000 - 0x00007ffdadf0a000 	C:\WINDOWS\SYSTEM32\WINMMBASE.dll
0x00007ffdafd60000 - 0x00007ffdafdaa000 	C:\WINDOWS\System32\cfgmgr32.dll
0x0000000052a60000 - 0x0000000052a6f000 	C:\Program Files\Java\jre1.8.0_111\bin\verify.dll
0x0000000052a30000 - 0x0000000052a59000 	C:\Program Files\Java\jre1.8.0_111\bin\java.dll
0x0000000052a10000 - 0x0000000052a26000 	C:\Program Files\Java\jre1.8.0_111\bin\zip.dll
0x00007ffdb1c30000 - 0x00007ffdb3068000 	C:\WINDOWS\System32\SHELL32.dll
0x00007ffdb1190000 - 0x00007ffdb1236000 	C:\WINDOWS\System32\shcore.dll
0x00007ffdb01d0000 - 0x00007ffdb0917000 	C:\WINDOWS\System32\windows.storage.dll
0x00007ffdb0fa0000 - 0x00007ffdb0ff1000 	C:\WINDOWS\System32\shlwapi.dll
0x00007ffdafc20000 - 0x00007ffdafc31000 	C:\WINDOWS\System32\kernel.appcore.dll
0x00007ffdafbb0000 - 0x00007ffdafbfc000 	C:\WINDOWS\System32\powrprof.dll
0x00007ffdafc40000 - 0x00007ffdafc5b000 	C:\WINDOWS\System32\profapi.dll
0x0000000052710000 - 0x00000000528a8000 	C:\Program Files\Java\jre1.8.0_111\bin\awt.dll
0x00007ffdb3760000 - 0x00007ffdb3825000 	C:\WINDOWS\System32\OLEAUT32.dll
0x00007ffdae060000 - 0x00007ffdae0e8000 	C:\WINDOWS\SYSTEM32\apphelp.dll
0x00007ffdae450000 - 0x00007ffdae47a000 	C:\WINDOWS\system32\DWMAPI.DLL
0x00007ffdae1e0000 - 0x00007ffdae275000 	C:\WINDOWS\system32\uxtheme.dll
0x00007ffdb17b0000 - 0x00007ffdb1917000 	C:\WINDOWS\System32\MSCTF.dll
0x00007ffd99800000 - 0x00007ffd9987f000 	C:\Program Files (x86)\TeamViewer\tv_x64.dll
0x00007ffdb3200000 - 0x00007ffdb3349000 	C:\WINDOWS\System32\ole32.dll
0x00000000526c0000 - 0x0000000052707000 	C:\Program Files\Java\jre1.8.0_111\bin\fontmanager.dll
0x00007ffd9afc0000 - 0x00007ffd9b055000 	C:\WINDOWS\system32\RICHED20.DLL
0x00007ffd87ea0000 - 0x00007ffd87eb9000 	C:\WINDOWS\SYSTEM32\USP10.dll
0x00007ffd9af80000 - 0x00007ffd9afb8000 	C:\WINDOWS\SYSTEM32\msls31.dll
0x00007ffdb10b0000 - 0x00007ffdb114e000 	C:\WINDOWS\System32\clbcatq.dll
0x00007ffdaf6b0000 - 0x00007ffdaf6d5000 	C:\WINDOWS\system32\bcrypt.dll
0x00007ffda4f20000 - 0x00007ffda4fb8000 	C:\WINDOWS\System32\TextInputFramework.dll
0x00007ffdaa720000 - 0x00007ffdaaa0e000 	C:\WINDOWS\System32\CoreUIComponents.dll
0x00007ffdad0d0000 - 0x00007ffdad1ac000 	C:\WINDOWS\System32\CoreMessaging.dll
0x00007ffdaece0000 - 0x00007ffdaed11000 	C:\WINDOWS\SYSTEM32\ntmarta.dll
0x00007ffdac050000 - 0x00007ffdac186000 	C:\WINDOWS\SYSTEM32\wintypes.dll
0x00007ffdaf5a0000 - 0x00007ffdaf5b7000 	C:\WINDOWS\SYSTEM32\CRYPTSP.dll
0x00007ffdaefe0000 - 0x00007ffdaf013000 	C:\WINDOWS\system32\rsaenh.dll
0x00007ffdafab0000 - 0x00007ffdafad9000 	C:\WINDOWS\SYSTEM32\USERENV.dll
0x00007ffdaf5c0000 - 0x00007ffdaf5cb000 	C:\WINDOWS\SYSTEM32\CRYPTBASE.dll
0x00000000529f0000 - 0x0000000052a0a000 	C:\Program Files\Java\jre1.8.0_111\bin\net.dll
0x00007ffdaf3e0000 - 0x00007ffdaf446000 	C:\WINDOWS\system32\mswsock.dll
0x00007ffdaf170000 - 0x00007ffdaf1a9000 	C:\WINDOWS\SYSTEM32\IPHLPAPI.DLL
0x00007ffdb3350000 - 0x00007ffdb3358000 	C:\WINDOWS\System32\NSI.dll
0x00007ffdaa480000 - 0x00007ffdaa496000 	C:\WINDOWS\SYSTEM32\dhcpcsvc6.DLL
0x00007ffdaf1b0000 - 0x00007ffdaf266000 	C:\WINDOWS\SYSTEM32\DNSAPI.dll
0x00007ffda4840000 - 0x00007ffda484a000 	C:\Windows\System32\rasadhlp.dll
0x00007ffdaa4e0000 - 0x00007ffdaa4fa000 	C:\WINDOWS\SYSTEM32\dhcpcsvc.DLL
0x00007ffda7050000 - 0x00007ffda70c0000 	C:\WINDOWS\System32\fwpuclnt.dll
0x00000000529d0000 - 0x00000000529e1000 	C:\Program Files\Java\jre1.8.0_111\bin\nio.dll
0x00007ffda09b0000 - 0x00007ffda0b78000 	C:\WINDOWS\SYSTEM32\dbghelp.dll

VM Arguments:
jvm_args: -Dfile.encoding=Cp1252 
java_command: totalcross.Launcher /r 544353541A8E8B2A28D5B8E0 com.app.app
java_class_path (initial): C:\Program Files\Java\jre1.8.0_111\lib\resources.jar;C:\Program Files\Java\jre1.8.0_111\lib\rt.jar;C:\Program Files\Java\jre1.8.0_111\lib\jsse.jar;C:\Program Files\Java\jre1.8.0_111\lib\jce.jar;C:\Program Files\Java\jre1.8.0_111\lib\charsets.jar;C:\Program Files\Java\jre1.8.0_111\lib\jfr.jar;C:\Program Files\Java\jre1.8.0_111\lib\ext\access-bridge-64.jar;C:\Program Files\Java\jre1.8.0_111\lib\ext\cldrdata.jar;C:\Program Files\Java\jre1.8.0_111\lib\ext\dnsns.jar;C:\Program Files\Java\jre1.8.0_111\lib\ext\jaccess.jar;C:\Program Files\Java\jre1.8.0_111\lib\ext\jfxrt.jar;C:\Program Files\Java\jre1.8.0_111\lib\ext\localedata.jar;C:\Program Files\Java\jre1.8.0_111\lib\ext\nashorn.jar;C:\Program Files\Java\jre1.8.0_111\lib\ext\sunec.jar;C:\Program Files\Java\jre1.8.0_111\lib\ext\sunjce_provider.jar;C:\Program Files\Java\jre1.8.0_111\lib\ext\sunmscapi.jar;C:\Program Files\Java\jre1.8.0_111\lib\ext\sunpkcs11.jar;C:\Program Files\Java\jre1.8.0_111\lib\ext\zipfs.jar;C:\Users\marci\eclipse-workspace\app\target\classes;C:\Users\marci\.m2\repository\com\totalcross\utils\tc-utilities\0.0.1-SNAPSHOT\tc-utilities-0.0.1-SNAPSHOT.jar;C:\Users\marci\.m2\repository\com\totalcross\utils\magical-utils\0.0.1-SNAPSHOT\magical-utils-0.0.1-SNAPSHOT.jar;C:\Users\marci\.m2\repository\com\totalcross\totalcross-sdk\4.1.0\totalcross-sdk-4.1.0.jar;C:\Users\marci\.m2\repository\org\vafer\jdeb\0.7\jdeb-0.7.jar;C:\Users\marci\.m2\repository\org\apache\maven\maven-plugin-api\2.0.5\maven-plugin-api-2.0.5.jar;C:\Users\marci\.m2\repository\org\apache\maven\maven-project\2.0.5\maven-project-2.0.5.jar;C:\Users\marci\.m2\repository\org\apache\maven\maven-settings\2.0.5\maven-settings-2.0.5.jar;C:\Users\marci\.m2\repository\org\apache\maven\maven-profile\2.0.5\maven-profile-2.0.5.jar;C:\Users\marci\.m2\repository\org\apache\maven\maven-model\2.0.5\maven-model-2.0.5.jar;C:\Users\marci\.m2\repository\org\apache\maven\maven-artifact-manager\2.0.5\maven-artifact-manager-2.0.5.jar;C:\U
Launcher Type: SUN_STANDARD

Environment Variables:
JAVA_HOME=C:\Program Files\Java\jdk1.8.0_111
PATH=C:/Program Files/Java/jre1.8.0_111/bin/server;C:/Program Files/Java/jre1.8.0_111/bin;C:/Program Files/Java/jre1.8.0_111/lib/amd64;C:\ProgramData\Oracle\Java\javapath;C:\Program Files (x86)\Intel\TXE Components\TCS\;C:\Program Files\Intel\TXE Components\TCS\;C:\WINDOWS\system32;C:\WINDOWS;C:\WINDOWS\System32\Wbem;C:\WINDOWS\System32\WindowsPowerShell\v1.0\;C:\Program Files\Intel\TXE Components\DAL\;C:\Program Files (x86)\Intel\TXE Components\DAL\;C:\Program Files\Intel\TXE Components\IPT\;C:\Program Files (x86)\Intel\TXE Components\IPT\;C:\Program Files\Java\jdk1.8.0_111\bin;C:\TotalCross3\dist\vm\win32;C:\Users\marci\AppData\Local\Microsoft\WindowsApps;c:\TotalCross3\dist\vm\win32;C:\Program Files\Java\jdk1.8.0_111\bin;;C:\Users\marci\Desktop;
USERNAME=marci
OS=Windows_NT
PROCESSOR_IDENTIFIER=Intel64 Family 6 Model 76 Stepping 4, GenuineIntel



---------------  S Y S T E M  ---------------

OS: Windows 10.0 , 64 bit Build 16299 (10.0.16299.431)

CPU:total 2 (2 cores per cpu, 1 threads per core) family 6 model 76 stepping 4, cmov, cx8, fxsr, mmx, sse, sse2, sse3, ssse3, sse4.1, sse4.2, popcnt, aes, clmul, erms, 3dnowpref, tsc, tscinvbit

Memory: 4k page, physical 1946148k(206144k free), swap 4547588k(534452k free)

vm_info: Java HotSpot(TM) 64-Bit Server VM (25.111-b14) for windows-amd64 JRE (1.8.0_111-b14), built on Sep 22 2016 19:24:05 by "java_re" with MS VC++ 10.0 (VS2010)

time: Fri Jun 01 21:12:47 2018
elapsed time: 468 seconds (0d 0h 7m 48s)

