#
# A fatal error has been detected by the Java Runtime Environment:
#
#  EXCEPTION_ACCESS_VIOLATION (0xc0000005) at pc=0x000000006be42be0, pid=1028, tid=0x00000000000007a0
#
# JRE version: Java(TM) SE Runtime Environment (8.0_111-b14) (build 1.8.0_111-b14)
# Java VM: Java HotSpot(TM) 64-Bit Server VM (25.111-b14 mixed mode windows-amd64 compressed oops)
# Problematic frame:
# C  0x000000006be42be0
#
# Failed to write core dump. Minidumps are not enabled by default on client versions of Windows
#
# If you would like to submit a bug report, please visit:
#   http://bugreport.java.com/bugreport/crash.jsp
# The crash happened outside the Java Virtual Machine in native code.
# See problematic frame for where to report the bug.
#

---------------  T H R E A D  ---------------

Current thread (0x0000000018f6f000):  JavaThread "Secondary finalizer" [_thread_in_native, id=1952, stack(0x000000001b620000,0x000000001b720000)]

siginfo: ExceptionCode=0xc0000005, ExceptionInformation=0x0000000000000008 0x000000006be42be0

Registers:
RAX=0x000000006be42be0, RBX=0x0000000018e9be78, RCX=0x0000000018f6f1f8, RDX=0x000000001b71f5a8
RSP=0x000000001b71f508, RBP=0x000000001b71f588, RSI=0x0000000000000108, RDI=0x0000000000000702
R8 =0x0000000000000005, R9 =0x00000000f728b930, R10=0x0000000004b7848b, R11=0x0000000052d7b580
R12=0x0000000000000000, R13=0x0000000018e9be78, R14=0x000000001b71f5a8, R15=0x0000000018f6f000
RIP=0x000000006be42be0, EFLAGS=0x0000000000010206

Top of Stack: (sp=0x000000001b71f508)
0x000000001b71f508:   0000000004b784b7 0000000018f6f000
0x000000001b71f518:   0000000004b776e2 00000000152a8c18
0x000000001b71f528:   0000000018f6f000 000000001b71f610
0x000000001b71f538:   0000000000000000 00000000f728b930
0x000000001b71f548:   000000001b71f538 0000000000000000
0x000000001b71f558:   000000001b71f5a8 0000000018f08930
0x000000001b71f568:   0000000000000000 0000000018e9be78
0x000000001b71f578:   0000000000000000 000000001b71f5a8
0x000000001b71f588:   000000001b71f610 0000000004b6835d
0x000000001b71f598:   0000000000000000 0000000004b719d8
0x000000001b71f5a8:   00000000f728b930 00000000f728b968
0x000000001b71f5b8:   0000000000000000 0000000000000009
0x000000001b71f5c8:   00000000f728b930 000000001b71f5b0
0x000000001b71f5d8:   0000000018e96c56 000000001b71f648
0x000000001b71f5e8:   0000000018f08140 0000000000000000
0x000000001b71f5f8:   0000000018e96cf0 000000001b71f5a8 

Instructions: (pc=0x000000006be42be0)
0x000000006be42bc0:   
[error occurred during error reporting (printing registers, top of stack, instructions near pc), id 0xc0000005]

Register to memory mapping:

RAX=0x000000006be42be0 is an unknown value
RBX={method} {0x0000000018e9be80} 'free_functions' '()V' in 'org/sqlite/core/NativeDB'
RCX=0x0000000018f6f1f8 is an unknown value
RDX=0x000000001b71f5a8 is pointing into the stack for thread: 0x0000000018f6f000
RSP=0x000000001b71f508 is pointing into the stack for thread: 0x0000000018f6f000
RBP=0x000000001b71f588 is pointing into the stack for thread: 0x0000000018f6f000
RSI=0x0000000000000108 is an unknown value
RDI=0x0000000000000702 is an unknown value
R8 =0x0000000000000005 is an unknown value
R9 =0x00000000f728b930 is an oop
org.sqlite.core.NativeDB 
 - klass: 'org/sqlite/core/NativeDB'
R10=0x0000000004b7848b is at code_begin+1227 in an Interpreter codelet
method entry point (kind = native_synchronized)  [0x0000000004b77fc0, 0x0000000004b78aa0]  2784 bytes
R11=0x0000000052d7b580 is an unknown value
R12=0x0000000000000000 is an unknown value
R13={method} {0x0000000018e9be80} 'free_functions' '()V' in 'org/sqlite/core/NativeDB'
R14=0x000000001b71f5a8 is pointing into the stack for thread: 0x0000000018f6f000
R15=0x0000000018f6f000 is a thread


Stack: [0x000000001b620000,0x000000001b720000],  sp=0x000000001b71f508,  free space=1021k
Native frames: (J=compiled Java code, j=interpreted, Vv=VM code, C=native code)
C  0x000000006be42be0

Java frames: (J=compiled Java code, j=interpreted, Vv=VM code)
j  org.sqlite.core.NativeDB.free_functions()V+0
j  org.sqlite.core.DB.close()V+102
j  org.sqlite.core.CoreConnection.close()V+26
j  org.sqlite.core.CoreConnection.finalize()V+1
J 1217 C1 java.lang.ref.Finalizer.runFinalizer(Lsun/misc/JavaLangAccess;)V (62 bytes) @ 0x0000000004fb7fcc [0x0000000004fb7a40+0x58c]
J 1216 C1 java.lang.ref.Finalizer.access$100(Ljava/lang/ref/Finalizer;Lsun/misc/JavaLangAccess;)V (6 bytes) @ 0x0000000004fb8b5c [0x0000000004fb8b00+0x5c]
j  java.lang.ref.Finalizer$3.run()V+58
j  java.lang.Thread.run()V+11
v  ~StubRoutines::call_stub

---------------  P R O C E S S  ---------------

Java Threads: ( => current thread )
=>0x0000000018f6f000 JavaThread "Secondary finalizer" [_thread_in_native, id=1952, stack(0x000000001b620000,0x000000001b720000)]
  0x00000000180bf000 JavaThread "TC Event Thread" daemon [_thread_blocked, id=4636, stack(0x000000001ab20000,0x000000001ac20000)]
  0x0000000004a12800 JavaThread "DestroyJavaVM" [_thread_blocked, id=3808, stack(0x0000000003160000,0x0000000003260000)]
  0x0000000017ca4800 JavaThread "AWT-EventQueue-0" [_thread_blocked, id=3852, stack(0x0000000018510000,0x0000000018610000)]
  0x0000000017c88800 JavaThread "AWT-Shutdown" [_thread_blocked, id=2540, stack(0x0000000018250000,0x0000000018350000)]
  0x0000000017c88000 JavaThread "Java2D Disposer" daemon [_thread_blocked, id=1112, stack(0x0000000018110000,0x0000000018210000)]
  0x0000000015c4c000 JavaThread "Service Thread" daemon [_thread_blocked, id=4640, stack(0x0000000016f10000,0x0000000017010000)]
  0x0000000015c02800 JavaThread "C1 CompilerThread1" daemon [_thread_blocked, id=1216, stack(0x0000000016e10000,0x0000000016f10000)]
  0x0000000015bdc800 JavaThread "C2 CompilerThread0" daemon [_thread_blocked, id=6964, stack(0x0000000016d10000,0x0000000016e10000)]
  0x0000000015bdb000 JavaThread "Attach Listener" daemon [_thread_blocked, id=1052, stack(0x0000000016c10000,0x0000000016d10000)]
  0x0000000004b0e800 JavaThread "Signal Dispatcher" daemon [_thread_blocked, id=4032, stack(0x0000000016b10000,0x0000000016c10000)]
  0x0000000015bc8800 JavaThread "Finalizer" daemon [_thread_blocked, id=4108, stack(0x0000000016810000,0x0000000016910000)]
  0x0000000004aff800 JavaThread "Reference Handler" daemon [_thread_blocked, id=5884, stack(0x0000000016710000,0x0000000016810000)]

Other Threads:
  0x0000000015ba5000 VMThread [stack: 0x0000000016610000,0x0000000016710000] [id=3320]
  0x0000000015c6b000 WatcherThread [stack: 0x0000000017410000,0x0000000017510000] [id=2620]

VM state:not at safepoint (normal execution)

VM Mutex/Monitor currently owned by a thread: None

Heap:
 PSYoungGen      total 12800K, used 12552K [0x00000000f6180000, 0x00000000f7880000, 0x0000000100000000)
  eden space 6656K, 97% used [0x00000000f6180000,0x00000000f67d69c0,0x00000000f6800000)
  from space 6144K, 98% used [0x00000000f6f80000,0x00000000f756b6f8,0x00000000f7580000)
  to   space 7680K, 0% used [0x00000000f6800000,0x00000000f6800000,0x00000000f6f80000)
 ParOldGen       total 20480K, used 9532K [0x00000000e2400000, 0x00000000e3800000, 0x00000000f6180000)
  object space 20480K, 46% used [0x00000000e2400000,0x00000000e2d4f330,0x00000000e3800000)
 Metaspace       used 12351K, capacity 12576K, committed 12800K, reserved 1060864K
  class space    used 1394K, capacity 1479K, committed 1536K, reserved 1048576K

Card table byte_map: [0x0000000013f20000,0x0000000014010000] byte_map_base: 0x000000001380e000

Marking Bits: (ParMarkBitMap*) 0x000000005336a6c0
 Begin Bits: [0x00000000142b0000, 0x0000000014a20000)
 End Bits:   [0x0000000014a20000, 0x0000000015190000)

Polling page: 0x00000000009b0000

CodeCache: size=245760Kb used=4423Kb max_used=4433Kb free=241336Kb
 bounds [0x0000000004b60000, 0x0000000004fc0000, 0x0000000013b60000]
 total_blobs=1590 nmethods=1102 adapters=402
 compilation: enabled

Compilation events (10 events):
Event: 43.651 Thread 0x0000000015bdc800 1215       4       java.io.FileInputStream::read (8 bytes)
Event: 43.652 Thread 0x0000000015bdc800 nmethod 1215 0x0000000004d998d0 code [0x0000000004d99a20, 0x0000000004d99aa8]
Event: 44.121 Thread 0x0000000015c02800 1216       3       java.lang.ref.Finalizer::access$100 (6 bytes)
Event: 44.122 Thread 0x0000000015c02800 nmethod 1216 0x0000000004fb8990 code [0x0000000004fb8b00, 0x0000000004fb8c68]
Event: 44.122 Thread 0x0000000015c02800 1218       3       java.lang.System$2::invokeFinalize (5 bytes)
Event: 44.123 Thread 0x0000000015c02800 nmethod 1218 0x0000000004fb8550 code [0x0000000004fb86c0, 0x0000000004fb88e8]
Event: 44.123 Thread 0x0000000015c02800 1217   !   3       java.lang.ref.Finalizer::runFinalizer (62 bytes)
Event: 44.125 Thread 0x0000000015c02800 nmethod 1217 0x0000000004fb7890 code [0x0000000004fb7a40, 0x0000000004fb82b8]
Event: 44.132 Thread 0x0000000015c02800 1219       1       java.lang.ref.Finalizer::access$400 (5 bytes)
Event: 44.132 Thread 0x0000000015c02800 nmethod 1219 0x0000000004c61c50 code [0x0000000004c61da0, 0x0000000004c61e90]

GC Heap History (10 events):
Event: 5.171 GC heap before
{Heap before GC invocations=2 (full 0):
 PSYoungGen      total 9216K, used 9216K [0x00000000f6180000, 0x00000000f6b80000, 0x0000000100000000)
  eden space 8192K, 100% used [0x00000000f6180000,0x00000000f6980000,0x00000000f6980000)
  from space 1024K, 100% used [0x00000000f6980000,0x00000000f6a80000,0x00000000f6a80000)
  to   space 1024K, 0% used [0x00000000f6a80000,0x00000000f6a80000,0x00000000f6b80000)
 ParOldGen       total 20480K, used 958K [0x00000000e2400000, 0x00000000e3800000, 0x00000000f6180000)
  object space 20480K, 4% used [0x00000000e2400000,0x00000000e24efad0,0x00000000e3800000)
 Metaspace       used 9419K, capacity 9666K, committed 9856K, reserved 1058816K
  class space    used 1089K, capacity 1152K, committed 1152K, reserved 1048576K
Event: 5.197 GC heap after
Heap after GC invocations=2 (full 0):
 PSYoungGen      total 9216K, used 1008K [0x00000000f6180000, 0x00000000f6b80000, 0x0000000100000000)
  eden space 8192K, 0% used [0x00000000f6180000,0x00000000f6180000,0x00000000f6980000)
  from space 1024K, 98% used [0x00000000f6a80000,0x00000000f6b7c030,0x00000000f6b80000)
  to   space 1024K, 0% used [0x00000000f6980000,0x00000000f6980000,0x00000000f6a80000)
 ParOldGen       total 20480K, used 3934K [0x00000000e2400000, 0x00000000e3800000, 0x00000000f6180000)
  object space 20480K, 19% used [0x00000000e2400000,0x00000000e27d78d8,0x00000000e3800000)
 Metaspace       used 9419K, capacity 9666K, committed 9856K, reserved 1058816K
  class space    used 1089K, capacity 1152K, committed 1152K, reserved 1048576K
}
Event: 6.055 GC heap before
{Heap before GC invocations=3 (full 0):
 PSYoungGen      total 9216K, used 9200K [0x00000000f6180000, 0x00000000f6b80000, 0x0000000100000000)
  eden space 8192K, 100% used [0x00000000f6180000,0x00000000f6980000,0x00000000f6980000)
  from space 1024K, 98% used [0x00000000f6a80000,0x00000000f6b7c030,0x00000000f6b80000)
  to   space 1024K, 0% used [0x00000000f6980000,0x00000000f6980000,0x00000000f6a80000)
 ParOldGen       total 20480K, used 3934K [0x00000000e2400000, 0x00000000e3800000, 0x00000000f6180000)
  object space 20480K, 19% used [0x00000000e2400000,0x00000000e27d78d8,0x00000000e3800000)
 Metaspace       used 9687K, capacity 9890K, committed 10240K, reserved 1058816K
  class space    used 1114K, capacity 1184K, committed 1280K, reserved 1048576K
Event: 6.067 GC heap after
Heap after GC invocations=3 (full 0):
 PSYoungGen      total 9216K, used 1022K [0x00000000f6180000, 0x00000000f6b80000, 0x0000000100000000)
  eden space 8192K, 0% used [0x00000000f6180000,0x00000000f6180000,0x00000000f6980000)
  from space 1024K, 99% used [0x00000000f6980000,0x00000000f6a7fae0,0x00000000f6a80000)
  to   space 1024K, 0% used [0x00000000f6a80000,0x00000000f6a80000,0x00000000f6b80000)
 ParOldGen       total 20480K, used 8260K [0x00000000e2400000, 0x00000000e3800000, 0x00000000f6180000)
  object space 20480K, 40% used [0x00000000e2400000,0x00000000e2c11020,0x00000000e3800000)
 Metaspace       used 9687K, capacity 9890K, committed 10240K, reserved 1058816K
  class space    used 1114K, capacity 1184K, committed 1280K, reserved 1048576K
}
Event: 8.471 GC heap before
{Heap before GC invocations=4 (full 0):
 PSYoungGen      total 9216K, used 9214K [0x00000000f6180000, 0x00000000f6b80000, 0x0000000100000000)
  eden space 8192K, 100% used [0x00000000f6180000,0x00000000f6980000,0x00000000f6980000)
  from space 1024K, 99% used [0x00000000f6980000,0x00000000f6a7fae0,0x00000000f6a80000)
  to   space 1024K, 0% used [0x00000000f6a80000,0x00000000f6a80000,0x00000000f6b80000)
 ParOldGen       total 20480K, used 8260K [0x00000000e2400000, 0x00000000e3800000, 0x00000000f6180000)
  object space 20480K, 40% used [0x00000000e2400000,0x00000000e2c11020,0x00000000e3800000)
 Metaspace       used 9948K, capacity 10178K, committed 10496K, reserved 1058816K
  class space    used 1142K, capacity 1216K, committed 1280K, reserved 1048576K
Event: 8.481 GC heap after
Heap after GC invocations=4 (full 0):
 PSYoungGen      total 9216K, used 1022K [0x00000000f6180000, 0x00000000f6b80000, 0x0000000100000000)
  eden space 8192K, 0% used [0x00000000f6180000,0x00000000f6180000,0x00000000f6980000)
  from space 1024K, 99% used [0x00000000f6a80000,0x00000000f6b7fae0,0x00000000f6b80000)
  to   space 1024K, 0% used [0x00000000f6980000,0x00000000f6980000,0x00000000f6a80000)
 ParOldGen       total 20480K, used 8456K [0x00000000e2400000, 0x00000000e3800000, 0x00000000f6180000)
  object space 20480K, 41% used [0x00000000e2400000,0x00000000e2c42038,0x00000000e3800000)
 Metaspace       used 9948K, capacity 10178K, committed 10496K, reserved 1058816K
  class space    used 1142K, capacity 1216K, committed 1280K, reserved 1048576K
}
Event: 10.650 GC heap before
{Heap before GC invocations=5 (full 0):
 PSYoungGen      total 9216K, used 9214K [0x00000000f6180000, 0x00000000f6b80000, 0x0000000100000000)
  eden space 8192K, 100% used [0x00000000f6180000,0x00000000f6980000,0x00000000f6980000)
  from space 1024K, 99% used [0x00000000f6a80000,0x00000000f6b7fae0,0x00000000f6b80000)
  to   space 1024K, 0% used [0x00000000f6980000,0x00000000f6980000,0x00000000f6a80000)
 ParOldGen       total 20480K, used 8456K [0x00000000e2400000, 0x00000000e3800000, 0x00000000f6180000)
  object space 20480K, 41% used [0x00000000e2400000,0x00000000e2c42038,0x00000000e3800000)
 Metaspace       used 11388K, capacity 11626K, committed 11904K, reserved 1060864K
  class space    used 1307K, capacity 1378K, committed 1408K, reserved 1048576K
Event: 10.656 GC heap after
Heap after GC invocations=5 (full 0):
 PSYoungGen      total 9216K, used 1022K [0x00000000f6180000, 0x00000000f7580000, 0x0000000100000000)
  eden space 8192K, 0% used [0x00000000f6180000,0x00000000f6180000,0x00000000f6980000)
  from space 1024K, 99% used [0x00000000f6980000,0x00000000f6a7fae0,0x00000000f6a80000)
  to   space 6144K, 0% used [0x00000000f6f80000,0x00000000f6f80000,0x00000000f7580000)
 ParOldGen       total 20480K, used 9532K [0x00000000e2400000, 0x00000000e3800000, 0x00000000f6180000)
  object space 20480K, 46% used [0x00000000e2400000,0x00000000e2d4f330,0x00000000e3800000)
 Metaspace       used 11388K, capacity 11626K, committed 11904K, reserved 1060864K
  class space    used 1307K, capacity 1378K, committed 1408K, reserved 1048576K
}
Event: 16.098 GC heap before
{Heap before GC invocations=6 (full 0):
 PSYoungGen      total 9216K, used 8540K [0x00000000f6180000, 0x00000000f7580000, 0x0000000100000000)
  eden space 8192K, 91% used [0x00000000f6180000,0x00000000f68d7858,0x00000000f6980000)
  from space 1024K, 99% used [0x00000000f6980000,0x00000000f6a7fae0,0x00000000f6a80000)
  to   space 6144K, 0% used [0x00000000f6f80000,0x00000000f6f80000,0x00000000f7580000)
 ParOldGen       total 20480K, used 9532K [0x00000000e2400000, 0x00000000e3800000, 0x00000000f6180000)
  object space 20480K, 46% used [0x00000000e2400000,0x00000000e2d4f330,0x00000000e3800000)
 Metaspace       used 11701K, capacity 11914K, committed 12288K, reserved 1060864K
  class space    used 1337K, capacity 1410K, committed 1536K, reserved 1048576K
Event: 16.109 GC heap after
Heap after GC invocations=6 (full 0):
 PSYoungGen      total 12800K, used 6061K [0x00000000f6180000, 0x00000000f7880000, 0x0000000100000000)
  eden space 6656K, 0% used [0x00000000f6180000,0x00000000f6180000,0x00000000f6800000)
  from space 6144K, 98% used [0x00000000f6f80000,0x00000000f756b6f8,0x00000000f7580000)
  to   space 7680K, 0% used [0x00000000f6800000,0x00000000f6800000,0x00000000f6f80000)
 ParOldGen       total 20480K, used 9532K [0x00000000e2400000, 0x00000000e3800000, 0x00000000f6180000)
  object space 20480K, 46% used [0x00000000e2400000,0x00000000e2d4f330,0x00000000e3800000)
 Metaspace       used 11701K, capacity 11914K, committed 12288K, reserved 1060864K
  class space    used 1337K, capacity 1410K, committed 1536K, reserved 1048576K
}

Deoptimization events (10 events):
Event: 9.745 Thread 0x00000000192b3800 Uncommon trap: reason=unstable_if action=reinterpret pc=0x0000000004e5233c method=java.io.BufferedInputStream.read1([BII)I @ 22
Event: 9.747 Thread 0x00000000192b3800 Uncommon trap: reason=unstable_if action=reinterpret pc=0x0000000004e383fc method=java.io.BufferedInputStream.read1([BII)I @ 22
Event: 9.756 Thread 0x00000000180bf000 Uncommon trap: reason=null_check action=make_not_entrant pc=0x0000000004e209a4 method=java.lang.StringCoding.decode(Ljava/lang/String;[BII)[C @ 6
Event: 9.820 Thread 0x00000000180bf000 Uncommon trap: reason=unstable_if action=reinterpret pc=0x0000000004e051a4 method=java.io.WinNTFileSystem.normalize(Ljava/lang/String;)Ljava/lang/String; @ 128
Event: 18.442 Thread 0x0000000018f6c000 Uncommon trap: reason=unstable_if action=reinterpret pc=0x0000000004e3074c method=sun.awt.image.ImageRepresentation.getOpaqueRGBImage()Ljava/awt/image/BufferedImage; @ 57
Event: 18.551 Thread 0x0000000018f6d800 Uncommon trap: reason=unstable_if action=reinterpret pc=0x0000000004e26940 method=sun.awt.image.ImageRepresentation.getOpaqueRGBImage()Ljava/awt/image/BufferedImage; @ 71
Event: 22.710 Thread 0x00000000180bf000 Uncommon trap: reason=unstable_if action=reinterpret pc=0x0000000004f3e908 method=totalcross.ui.gfx.Graphics.translateAndClip(IIII)Z @ 29
Event: 22.841 Thread 0x00000000180bf000 Uncommon trap: reason=unstable_if action=reinterpret pc=0x0000000004d034f4 method=totalcross.ui.image.Image.getSmoothScaledInstance(II)Ltotalcross/ui/image/Image; @ 715
Event: 22.842 Thread 0x00000000180bf000 Uncommon trap: reason=unstable_if action=reinterpret pc=0x0000000004df7334 method=totalcross.ui.image.Image.getSmoothScaledInstance(II)Ltotalcross/ui/image/Image; @ 715
Event: 22.890 Thread 0x00000000180bf000 Uncommon trap: reason=unstable_if action=reinterpret pc=0x0000000004f38080 method=totalcross.ui.gfx.Graphics.drawText(Ljava/lang/String;III)V @ 17

Internal exceptions (10 events):
Event: 41.667 Thread 0x0000000017e4f000 Exception <a 'java/lang/InterruptedException': sleep interrupted> (0x00000000f672c578) thrown at [C:\re\workspace\8-2-build-windows-amd64-cygwin\jdk8u111\7883\hotspot\src\share\vm\prims\jvm.cpp, line 3224]
Event: 42.017 Thread 0x0000000017e4f000 Exception <a 'java/lang/InterruptedException': sleep interrupted> (0x00000000f672c828) thrown at [C:\re\workspace\8-2-build-windows-amd64-cygwin\jdk8u111\7883\hotspot\src\share\vm\prims\jvm.cpp, line 3176]
Event: 42.367 Thread 0x0000000017e4f000 Exception <a 'java/lang/InterruptedException': sleep interrupted> (0x00000000f672cad8) thrown at [C:\re\workspace\8-2-build-windows-amd64-cygwin\jdk8u111\7883\hotspot\src\share\vm\prims\jvm.cpp, line 3224]
Event: 42.717 Thread 0x0000000017e4f000 Exception <a 'java/lang/InterruptedException': sleep interrupted> (0x00000000f672cd88) thrown at [C:\re\workspace\8-2-build-windows-amd64-cygwin\jdk8u111\7883\hotspot\src\share\vm\prims\jvm.cpp, line 3224]
Event: 43.067 Thread 0x0000000017e4f000 Exception <a 'java/lang/InterruptedException': sleep interrupted> (0x00000000f672d038) thrown at [C:\re\workspace\8-2-build-windows-amd64-cygwin\jdk8u111\7883\hotspot\src\share\vm\prims\jvm.cpp, line 3224]
Event: 43.418 Thread 0x0000000017e4f000 Exception <a 'java/lang/InterruptedException': sleep interrupted> (0x00000000f672d2e8) thrown at [C:\re\workspace\8-2-build-windows-amd64-cygwin\jdk8u111\7883\hotspot\src\share\vm\prims\jvm.cpp, line 3224]
Event: 43.527 Thread 0x00000000180bf000 Exception <a 'java/io/FileNotFoundException'> (0x00000000f67348b8) thrown at [C:\re\workspace\8-2-build-windows-amd64-cygwin\jdk8u111\7883\hotspot\src\share\vm\prims\jni.cpp, line 709]
Event: 43.527 Thread 0x00000000180bf000 Exception <a 'java/io/FileNotFoundException'> (0x00000000f6735360) thrown at [C:\re\workspace\8-2-build-windows-amd64-cygwin\jdk8u111\7883\hotspot\src\share\vm\prims\jni.cpp, line 709]
Event: 43.527 Thread 0x00000000180bf000 Exception <a 'java/io/FileNotFoundException'> (0x00000000f6736150) thrown at [C:\re\workspace\8-2-build-windows-amd64-cygwin\jdk8u111\7883\hotspot\src\share\vm\prims\jni.cpp, line 709]
Event: 43.665 Thread 0x0000000017e4f000 Exception <a 'java/lang/InterruptedException': sleep interrupted> (0x00000000f672d540) thrown at [C:\re\workspace\8-2-build-windows-amd64-cygwin\jdk8u111\7883\hotspot\src\share\vm\prims\jvm.cpp, line 3224]

Events (10 events):
Event: 44.131 Executing VM operation: RevokeBias done
Event: 44.131 Executing VM operation: RevokeBias
Event: 44.131 Executing VM operation: RevokeBias done
Event: 44.131 Executing VM operation: RevokeBias
Event: 44.131 Executing VM operation: RevokeBias done
Event: 44.131 Executing VM operation: RevokeBias
Event: 44.131 Executing VM operation: RevokeBias done
Event: 44.132 Executing VM operation: RevokeBias
Event: 44.132 Executing VM operation: RevokeBias done
Event: 44.132 Thread 0x0000000015c02800 flushing nmethod 0x0000000004cbb110


Dynamic libraries:
0x00007ff74d240000 - 0x00007ff74d277000 	C:\Program Files\Java\jre1.8.0_111\bin\javaw.exe
0x00007ffdb3860000 - 0x00007ffdb3a40000 	C:\WINDOWS\SYSTEM32\ntdll.dll
0x00007ffdb30f0000 - 0x00007ffdb319e000 	C:\WINDOWS\System32\KERNEL32.DLL
0x00007ffdb0ac0000 - 0x00007ffdb0d26000 	C:\WINDOWS\System32\KERNELBASE.dll
0x00007ffdb1000000 - 0x00007ffdb10a1000 	C:\WINDOWS\System32\ADVAPI32.dll
0x00007ffdb3560000 - 0x00007ffdb35fd000 	C:\WINDOWS\System32\msvcrt.dll
0x00007ffdb31a0000 - 0x00007ffdb31fb000 	C:\WINDOWS\System32\sechost.dll
0x00007ffdb1240000 - 0x00007ffdb135f000 	C:\WINDOWS\System32\RPCRT4.dll
0x00007ffdb0d90000 - 0x00007ffdb0f1f000 	C:\WINDOWS\System32\USER32.dll
0x00007ffdb0110000 - 0x00007ffdb0130000 	C:\WINDOWS\System32\win32u.dll
0x00007ffdb3730000 - 0x00007ffdb3758000 	C:\WINDOWS\System32\GDI32.dll
0x00007ffdb0920000 - 0x00007ffdb0ab3000 	C:\WINDOWS\System32\gdi32full.dll
0x00007ffdb0130000 - 0x00007ffdb01cb000 	C:\WINDOWS\System32\msvcp_win.dll
0x00007ffdafc60000 - 0x00007ffdafd56000 	C:\WINDOWS\System32\ucrtbase.dll
0x00007ffd9f5d0000 - 0x00007ffd9f839000 	C:\WINDOWS\WinSxS\amd64_microsoft.windows.common-controls_6595b64144ccf1df_6.0.16299.431_none_15c7d3ee93659e73\COMCTL32.dll
0x00007ffdb1920000 - 0x00007ffdb1c28000 	C:\WINDOWS\System32\combase.dll
0x00007ffdaff80000 - 0x00007ffdafff2000 	C:\WINDOWS\System32\bcryptPrimitives.dll
0x00007ffdb1160000 - 0x00007ffdb118d000 	C:\WINDOWS\System32\IMM32.DLL
0x00000000528b0000 - 0x0000000052982000 	C:\Program Files\Java\jre1.8.0_111\bin\msvcr100.dll
0x0000000052b50000 - 0x00000000533ea000 	C:\Program Files\Java\jre1.8.0_111\bin\server\jvm.dll
0x00007ffdb30e0000 - 0x00007ffdb30e8000 	C:\WINDOWS\System32\PSAPI.DLL
0x00007ffdadf40000 - 0x00007ffdadf63000 	C:\WINDOWS\SYSTEM32\WINMM.dll
0x00007ffdab9f0000 - 0x00007ffdab9f9000 	C:\WINDOWS\SYSTEM32\WSOCK32.dll
0x00007ffdb3070000 - 0x00007ffdb30dc000 	C:\WINDOWS\System32\WS2_32.dll
0x00007ffdadee0000 - 0x00007ffdadf0a000 	C:\WINDOWS\SYSTEM32\WINMMBASE.dll
0x00007ffdafd60000 - 0x00007ffdafdaa000 	C:\WINDOWS\System32\cfgmgr32.dll
0x00007ffda15e0000 - 0x00007ffda15ea000 	C:\WINDOWS\SYSTEM32\VERSION.dll
0x0000000052a60000 - 0x0000000052a6f000 	C:\Program Files\Java\jre1.8.0_111\bin\verify.dll
0x0000000052a30000 - 0x0000000052a59000 	C:\Program Files\Java\jre1.8.0_111\bin\java.dll
0x0000000052a10000 - 0x0000000052a26000 	C:\Program Files\Java\jre1.8.0_111\bin\zip.dll
0x00007ffdb1c30000 - 0x00007ffdb3068000 	C:\WINDOWS\System32\SHELL32.dll
0x00007ffdb1190000 - 0x00007ffdb1236000 	C:\WINDOWS\System32\shcore.dll
0x00007ffdb01d0000 - 0x00007ffdb0917000 	C:\WINDOWS\System32\windows.storage.dll
0x00007ffdb0fa0000 - 0x00007ffdb0ff1000 	C:\WINDOWS\System32\shlwapi.dll
0x00007ffdafc20000 - 0x00007ffdafc31000 	C:\WINDOWS\System32\kernel.appcore.dll
0x00007ffdafbb0000 - 0x00007ffdafbfc000 	C:\WINDOWS\System32\powrprof.dll
0x00007ffdafc40000 - 0x00007ffdafc5b000 	C:\WINDOWS\System32\profapi.dll
0x0000000052710000 - 0x00000000528a8000 	C:\Program Files\Java\jre1.8.0_111\bin\awt.dll
0x00007ffdb3760000 - 0x00007ffdb3825000 	C:\WINDOWS\System32\OLEAUT32.dll
0x00007ffdae060000 - 0x00007ffdae0e8000 	C:\WINDOWS\SYSTEM32\apphelp.dll
0x00007ffdae450000 - 0x00007ffdae47a000 	C:\WINDOWS\system32\DWMAPI.DLL
0x00007ffdae1e0000 - 0x00007ffdae275000 	C:\WINDOWS\system32\uxtheme.dll
0x00007ffdb17b0000 - 0x00007ffdb1917000 	C:\WINDOWS\System32\MSCTF.dll
0x00007ffd99800000 - 0x00007ffd9987f000 	C:\Program Files (x86)\TeamViewer\tv_x64.dll
0x00007ffdb3200000 - 0x00007ffdb3349000 	C:\WINDOWS\System32\ole32.dll
0x00000000526c0000 - 0x0000000052707000 	C:\Program Files\Java\jre1.8.0_111\bin\fontmanager.dll
0x00007ffd9afc0000 - 0x00007ffd9b055000 	C:\WINDOWS\system32\RICHED20.DLL
0x00007ffd87ea0000 - 0x00007ffd87eb9000 	C:\WINDOWS\SYSTEM32\USP10.dll
0x00007ffd9af80000 - 0x00007ffd9afb8000 	C:\WINDOWS\SYSTEM32\msls31.dll
0x00007ffdb10b0000 - 0x00007ffdb114e000 	C:\WINDOWS\System32\clbcatq.dll
0x00007ffdaf6b0000 - 0x00007ffdaf6d5000 	C:\WINDOWS\system32\bcrypt.dll
0x00007ffda4f20000 - 0x00007ffda4fb8000 	C:\WINDOWS\System32\TextInputFramework.dll
0x00007ffdaa720000 - 0x00007ffdaaa0e000 	C:\WINDOWS\System32\CoreUIComponents.dll
0x00007ffdad0d0000 - 0x00007ffdad1ac000 	C:\WINDOWS\System32\CoreMessaging.dll
0x00007ffdaece0000 - 0x00007ffdaed11000 	C:\WINDOWS\SYSTEM32\ntmarta.dll
0x00007ffdac050000 - 0x00007ffdac186000 	C:\WINDOWS\SYSTEM32\wintypes.dll
0x00000000529f0000 - 0x0000000052a0a000 	C:\Program Files\Java\jre1.8.0_111\bin\net.dll
0x00007ffdaf3e0000 - 0x00007ffdaf446000 	C:\WINDOWS\system32\mswsock.dll
0x00007ffdaf1b0000 - 0x00007ffdaf266000 	C:\WINDOWS\SYSTEM32\DNSAPI.dll
0x00007ffdb3350000 - 0x00007ffdb3358000 	C:\WINDOWS\System32\NSI.dll
0x00007ffdaf170000 - 0x00007ffdaf1a9000 	C:\WINDOWS\SYSTEM32\IPHLPAPI.DLL
0x00007ffda4840000 - 0x00007ffda484a000 	C:\Windows\System32\rasadhlp.dll
0x00007ffdaf5a0000 - 0x00007ffdaf5b7000 	C:\WINDOWS\SYSTEM32\CRYPTSP.dll
0x00007ffdaefe0000 - 0x00007ffdaf013000 	C:\WINDOWS\system32\rsaenh.dll
0x00007ffdafab0000 - 0x00007ffdafad9000 	C:\WINDOWS\SYSTEM32\USERENV.dll
0x00007ffdaf5c0000 - 0x00007ffdaf5cb000 	C:\WINDOWS\SYSTEM32\CRYPTBASE.dll
0x00007ffdaa480000 - 0x00007ffdaa496000 	C:\WINDOWS\SYSTEM32\dhcpcsvc6.DLL
0x00007ffdaa4e0000 - 0x00007ffdaa4fa000 	C:\WINDOWS\SYSTEM32\dhcpcsvc.DLL
0x00007ffda7050000 - 0x00007ffda70c0000 	C:\WINDOWS\System32\fwpuclnt.dll
0x00000000529d0000 - 0x00000000529e1000 	C:\Program Files\Java\jre1.8.0_111\bin\nio.dll
0x00007ffda09b0000 - 0x00007ffda0b78000 	C:\WINDOWS\SYSTEM32\dbghelp.dll

VM Arguments:
jvm_args: -Dfile.encoding=Cp1252 
java_command: totalcross.Launcher /r 544353541A8E8B2A28D5B8E0 com.app.app
java_class_path (initial): C:\Program Files\Java\jre1.8.0_111\lib\resources.jar;C:\Program Files\Java\jre1.8.0_111\lib\rt.jar;C:\Program Files\Java\jre1.8.0_111\lib\jsse.jar;C:\Program Files\Java\jre1.8.0_111\lib\jce.jar;C:\Program Files\Java\jre1.8.0_111\lib\charsets.jar;C:\Program Files\Java\jre1.8.0_111\lib\jfr.jar;C:\Program Files\Java\jre1.8.0_111\lib\ext\access-bridge-64.jar;C:\Program Files\Java\jre1.8.0_111\lib\ext\cldrdata.jar;C:\Program Files\Java\jre1.8.0_111\lib\ext\dnsns.jar;C:\Program Files\Java\jre1.8.0_111\lib\ext\jaccess.jar;C:\Program Files\Java\jre1.8.0_111\lib\ext\jfxrt.jar;C:\Program Files\Java\jre1.8.0_111\lib\ext\localedata.jar;C:\Program Files\Java\jre1.8.0_111\lib\ext\nashorn.jar;C:\Program Files\Java\jre1.8.0_111\lib\ext\sunec.jar;C:\Program Files\Java\jre1.8.0_111\lib\ext\sunjce_provider.jar;C:\Program Files\Java\jre1.8.0_111\lib\ext\sunmscapi.jar;C:\Program Files\Java\jre1.8.0_111\lib\ext\sunpkcs11.jar;C:\Program Files\Java\jre1.8.0_111\lib\ext\zipfs.jar;C:\Users\marci\eclipse-workspace\app\target\classes;C:\Users\marci\.m2\repository\com\totalcross\utils\tc-utilities\0.0.1-SNAPSHOT\tc-utilities-0.0.1-SNAPSHOT.jar;C:\Users\marci\.m2\repository\com\totalcross\utils\magical-utils\0.0.1-SNAPSHOT\magical-utils-0.0.1-SNAPSHOT.jar;C:\Users\marci\.m2\repository\com\totalcross\totalcross-sdk\4.1.0\totalcross-sdk-4.1.0.jar;C:\Users\marci\.m2\repository\org\vafer\jdeb\0.7\jdeb-0.7.jar;C:\Users\marci\.m2\repository\org\apache\maven\maven-plugin-api\2.0.5\maven-plugin-api-2.0.5.jar;C:\Users\marci\.m2\repository\org\apache\maven\maven-project\2.0.5\maven-project-2.0.5.jar;C:\Users\marci\.m2\repository\org\apache\maven\maven-settings\2.0.5\maven-settings-2.0.5.jar;C:\Users\marci\.m2\repository\org\apache\maven\maven-profile\2.0.5\maven-profile-2.0.5.jar;C:\Users\marci\.m2\repository\org\apache\maven\maven-model\2.0.5\maven-model-2.0.5.jar;C:\Users\marci\.m2\repository\org\apache\maven\maven-artifact-manager\2.0.5\maven-artifact-manager-2.0.5.jar;C:\U
Launcher Type: SUN_STANDARD

Environment Variables:
JAVA_HOME=C:\Program Files\Java\jdk1.8.0_111
PATH=C:/Program Files/Java/jre1.8.0_111/bin/server;C:/Program Files/Java/jre1.8.0_111/bin;C:/Program Files/Java/jre1.8.0_111/lib/amd64;C:\ProgramData\Oracle\Java\javapath;C:\Program Files (x86)\Intel\TXE Components\TCS\;C:\Program Files\Intel\TXE Components\TCS\;C:\WINDOWS\system32;C:\WINDOWS;C:\WINDOWS\System32\Wbem;C:\WINDOWS\System32\WindowsPowerShell\v1.0\;C:\Program Files\Intel\TXE Components\DAL\;C:\Program Files (x86)\Intel\TXE Components\DAL\;C:\Program Files\Intel\TXE Components\IPT\;C:\Program Files (x86)\Intel\TXE Components\IPT\;C:\Program Files\Java\jdk1.8.0_111\bin;C:\TotalCross3\dist\vm\win32;C:\Users\marci\AppData\Local\Microsoft\WindowsApps;c:\TotalCross3\dist\vm\win32;C:\Program Files\Java\jdk1.8.0_111\bin;;C:\Users\marci\Desktop;
USERNAME=marci
OS=Windows_NT
PROCESSOR_IDENTIFIER=Intel64 Family 6 Model 76 Stepping 4, GenuineIntel



---------------  S Y S T E M  ---------------

OS: Windows 10.0 , 64 bit Build 16299 (10.0.16299.431)

CPU:total 2 (2 cores per cpu, 1 threads per core) family 6 model 76 stepping 4, cmov, cx8, fxsr, mmx, sse, sse2, sse3, ssse3, sse4.1, sse4.2, popcnt, aes, clmul, erms, 3dnowpref, tsc, tscinvbit

Memory: 4k page, physical 1946148k(345344k free), swap 4547588k(656168k free)

vm_info: Java HotSpot(TM) 64-Bit Server VM (25.111-b14) for windows-amd64 JRE (1.8.0_111-b14), built on Sep 22 2016 19:24:05 by "java_re" with MS VC++ 10.0 (VS2010)

time: Fri Jun 01 21:17:17 2018
elapsed time: 44 seconds (0d 0h 0m 44s)

