#
# A fatal error has been detected by the Java Runtime Environment:
#
#  EXCEPTION_ACCESS_VIOLATION (0xc0000005) at pc=0x000000006be42be0, pid=856, tid=0x0000000000000cac
#
# JRE version: Java(TM) SE Runtime Environment (8.0_111-b14) (build 1.8.0_111-b14)
# Java VM: Java HotSpot(TM) 64-Bit Server VM (25.111-b14 mixed mode windows-amd64 compressed oops)
# Problematic frame:
# C  0x000000006be42be0
#
# Failed to write core dump. Minidumps are not enabled by default on client versions of Windows
#
# If you would like to submit a bug report, please visit:
#   http://bugreport.java.com/bugreport/crash.jsp
# The crash happened outside the Java Virtual Machine in native code.
# See problematic frame for where to report the bug.
#

---------------  T H R E A D  ---------------

Current thread (0x0000000019a38800):  JavaThread "Secondary finalizer" [_thread_in_native, id=3244, stack(0x000000001bea0000,0x000000001bfa0000)]

siginfo: ExceptionCode=0xc0000005, ExceptionInformation=0x0000000000000008 0x000000006be42be0

Registers:
RAX=0x000000006be42be0, RBX=0x00000000193ebe20, RCX=0x0000000019a389f8, RDX=0x000000001bf9f188
RSP=0x000000001bf9f0e8, RBP=0x000000001bf9f168, RSI=0x0000000000000108, RDI=0x000000000000063f
R8 =0x0000000000000005, R9 =0x00000000f6a7bec8, R10=0x0000000004fd848b, R11=0x0000000052d7b580
R12=0x0000000000000000, R13=0x00000000193ebe20, R14=0x000000001bf9f188, R15=0x0000000019a38800
RIP=0x000000006be42be0, EFLAGS=0x0000000000010206

Top of Stack: (sp=0x000000001bf9f0e8)
0x000000001bf9f0e8:   0000000004fd84b7 000000001bf9f228
0x000000001bf9f0f8:   0000000004fd76e2 000000001bf9f100
0x000000001bf9f108:   00000000158ee3f0 000000001bf9f1f0
0x000000001bf9f118:   0000000000000000 00000000f6a7bec8
0x000000001bf9f128:   000000001bf9f118 0000000000000000
0x000000001bf9f138:   000000001bf9f188 0000000019458930
0x000000001bf9f148:   0000000000000000 00000000193ebe20
0x000000001bf9f158:   0000000000000000 000000001bf9f188
0x000000001bf9f168:   000000001bf9f1f0 0000000004fc835d
0x000000001bf9f178:   0000000000000000 0000000004fd19d8
0x000000001bf9f188:   00000000f6a7bec8 00000000f6a7bf00
0x000000001bf9f198:   0000000000000000 0000000000000011
0x000000001bf9f1a8:   00000000f6a7bec8 000000001bf9f190
0x000000001bf9f1b8:   00000000193e6bfe 000000001bf9f228
0x000000001bf9f1c8:   0000000019458140 0000000000000000
0x000000001bf9f1d8:   00000000193e6c98 000000001bf9f188 

Instructions: (pc=0x000000006be42be0)
0x000000006be42bc0:   
[error occurred during error reporting (printing registers, top of stack, instructions near pc), id 0xc0000005]

Register to memory mapping:

RAX=0x000000006be42be0 is an unknown value
RBX={method} {0x00000000193ebe28} 'free_functions' '()V' in 'org/sqlite/core/NativeDB'
RCX=0x0000000019a389f8 is an unknown value
RDX=0x000000001bf9f188 is pointing into the stack for thread: 0x0000000019a38800
RSP=0x000000001bf9f0e8 is pointing into the stack for thread: 0x0000000019a38800
RBP=0x000000001bf9f168 is pointing into the stack for thread: 0x0000000019a38800
RSI=0x0000000000000108 is an unknown value
RDI=0x000000000000063f is an unknown value
R8 =0x0000000000000005 is an unknown value
R9 =0x00000000f6a7bec8 is an oop
org.sqlite.core.NativeDB 
 - klass: 'org/sqlite/core/NativeDB'
R10=0x0000000004fd848b is at code_begin+1227 in an Interpreter codelet
method entry point (kind = native_synchronized)  [0x0000000004fd7fc0, 0x0000000004fd8aa0]  2784 bytes
R11=0x0000000052d7b580 is an unknown value
R12=0x0000000000000000 is an unknown value
R13={method} {0x00000000193ebe28} 'free_functions' '()V' in 'org/sqlite/core/NativeDB'
R14=0x000000001bf9f188 is pointing into the stack for thread: 0x0000000019a38800
R15=0x0000000019a38800 is a thread


Stack: [0x000000001bea0000,0x000000001bfa0000],  sp=0x000000001bf9f0e8,  free space=1020k
Native frames: (J=compiled Java code, j=interpreted, Vv=VM code, C=native code)
C  0x000000006be42be0

Java frames: (J=compiled Java code, j=interpreted, Vv=VM code)
j  org.sqlite.core.NativeDB.free_functions()V+0
j  org.sqlite.core.DB.close()V+102
j  org.sqlite.core.CoreConnection.close()V+26
j  org.sqlite.core.CoreConnection.finalize()V+1
J 1223 C1 java.lang.ref.Finalizer.runFinalizer(Lsun/misc/JavaLangAccess;)V (62 bytes) @ 0x000000000529bf8c [0x000000000529ba00+0x58c]
J 889 C1 java.lang.ref.Finalizer.access$100(Ljava/lang/ref/Finalizer;Lsun/misc/JavaLangAccess;)V (6 bytes) @ 0x00000000050d289c [0x00000000050d2840+0x5c]
j  java.lang.ref.Finalizer$3.run()V+58
j  java.lang.Thread.run()V+11
v  ~StubRoutines::call_stub

---------------  P R O C E S S  ---------------

Java Threads: ( => current thread )
=>0x0000000019a38800 JavaThread "Secondary finalizer" [_thread_in_native, id=3244, stack(0x000000001bea0000,0x000000001bfa0000)]
  0x0000000019876800 JavaThread "TC Event Thread" daemon [_thread_blocked, id=7036, stack(0x000000001b170000,0x000000001b270000)]
  0x0000000004eb2800 JavaThread "DestroyJavaVM" [_thread_blocked, id=4044, stack(0x0000000004d80000,0x0000000004e80000)]
  0x000000001812e000 JavaThread "AWT-EventQueue-0" [_thread_blocked, id=3064, stack(0x0000000018a50000,0x0000000018b50000)]
  0x0000000018112000 JavaThread "AWT-Shutdown" [_thread_blocked, id=176, stack(0x0000000018790000,0x0000000018890000)]
  0x0000000018102800 JavaThread "Java2D Disposer" daemon [_thread_blocked, id=7120, stack(0x0000000018690000,0x0000000018790000)]
  0x00000000160bf000 JavaThread "Service Thread" daemon [_thread_blocked, id=6836, stack(0x0000000017390000,0x0000000017490000)]
  0x000000001609e000 JavaThread "C1 CompilerThread1" daemon [_thread_blocked, id=6412, stack(0x0000000017290000,0x0000000017390000)]
  0x000000001604c000 JavaThread "C2 CompilerThread0" daemon [_thread_blocked, id=7016, stack(0x0000000017190000,0x0000000017290000)]
  0x000000001604a800 JavaThread "Attach Listener" daemon [_thread_blocked, id=6964, stack(0x0000000017090000,0x0000000017190000)]
  0x0000000016047800 JavaThread "Signal Dispatcher" daemon [_thread_blocked, id=136, stack(0x0000000016f90000,0x0000000017090000)]
  0x0000000016038800 JavaThread "Finalizer" daemon [_thread_blocked, id=5196, stack(0x0000000016c80000,0x0000000016d80000)]
  0x0000000004f9f800 JavaThread "Reference Handler" daemon [_thread_blocked, id=3548, stack(0x0000000016b80000,0x0000000016c80000)]

Other Threads:
  0x0000000016016800 VMThread [stack: 0x0000000016a80000,0x0000000016b80000] [id=5088]
  0x00000000160d5000 WatcherThread [stack: 0x0000000017890000,0x0000000017990000] [id=5940]

VM state:not at safepoint (normal execution)

VM Mutex/Monitor currently owned by a thread: None

Heap:
 PSYoungGen      total 14336K, used 3396K [0x00000000f6180000, 0x00000000f7d80000, 0x0000000100000000)
  eden space 8192K, 2% used [0x00000000f6180000,0x00000000f61ab6b8,0x00000000f6980000)
  from space 6144K, 52% used [0x00000000f6980000,0x00000000f6ca5b58,0x00000000f6f80000)
  to   space 6144K, 0% used [0x00000000f7780000,0x00000000f7780000,0x00000000f7d80000)
 ParOldGen       total 20480K, used 10248K [0x00000000e2400000, 0x00000000e3800000, 0x00000000f6180000)
  object space 20480K, 50% used [0x00000000e2400000,0x00000000e2e02278,0x00000000e3800000)
 Metaspace       used 12438K, capacity 12704K, committed 13056K, reserved 1060864K
  class space    used 1393K, capacity 1479K, committed 1536K, reserved 1048576K

Card table byte_map: [0x0000000014380000,0x0000000014470000] byte_map_base: 0x0000000013c6e000

Marking Bits: (ParMarkBitMap*) 0x000000005336a6c0
 Begin Bits: [0x0000000014710000, 0x0000000014e80000)
 End Bits:   [0x0000000014e80000, 0x00000000155f0000)

Polling page: 0x0000000004e80000

CodeCache: size=245760Kb used=4708Kb max_used=4809Kb free=241051Kb
 bounds [0x0000000004fc0000, 0x0000000005480000, 0x0000000013fc0000]
 total_blobs=1598 nmethods=1109 adapters=402
 compilation: enabled

Compilation events (10 events):
Event: 48.127 Thread 0x000000001609e000 1219       3       java.io.FileInputStream::read (8 bytes)
Event: 48.130 Thread 0x000000001609e000 nmethod 1219 0x0000000005476a90 code [0x0000000005476c00, 0x0000000005476d88]
Event: 48.229 Thread 0x000000001604c000 1220       4       java.io.FileInputStream::read (8 bytes)
Event: 48.230 Thread 0x000000001604c000 nmethod 1220 0x00000000050e1fd0 code [0x00000000050e2120, 0x00000000050e21a8]
Event: 48.291 Thread 0x000000001609e000 1221       3       java.lang.ref.Reference::clear (6 bytes)
Event: 48.291 Thread 0x000000001609e000 nmethod 1221 0x000000000526c150 code [0x000000000526c2a0, 0x000000000526c410]
Event: 48.292 Thread 0x000000001609e000 1222   !   3       java.lang.ref.ReferenceQueue::remove (125 bytes)
Event: 48.293 Thread 0x000000001609e000 nmethod 1222 0x000000000529c510 code [0x000000000529c6e0, 0x000000000529cf98]
Event: 48.294 Thread 0x000000001609e000 1223   !   3       java.lang.ref.Finalizer::runFinalizer (62 bytes)
Event: 48.295 Thread 0x000000001609e000 nmethod 1223 0x000000000529b850 code [0x000000000529ba00, 0x000000000529c278]

GC Heap History (10 events):
Event: 5.113 GC heap before
{Heap before GC invocations=3 (full 0):
 PSYoungGen      total 9216K, used 9216K [0x00000000f6180000, 0x00000000f6b80000, 0x0000000100000000)
  eden space 8192K, 100% used [0x00000000f6180000,0x00000000f6980000,0x00000000f6980000)
  from space 1024K, 100% used [0x00000000f6a80000,0x00000000f6b80000,0x00000000f6b80000)
  to   space 1024K, 0% used [0x00000000f6980000,0x00000000f6980000,0x00000000f6a80000)
 ParOldGen       total 20480K, used 3936K [0x00000000e2400000, 0x00000000e3800000, 0x00000000f6180000)
  object space 20480K, 19% used [0x00000000e2400000,0x00000000e27d8030,0x00000000e3800000)
 Metaspace       used 9693K, capacity 9890K, committed 10240K, reserved 1058816K
  class space    used 1114K, capacity 1184K, committed 1280K, reserved 1048576K
Event: 5.127 GC heap after
Heap after GC invocations=3 (full 0):
 PSYoungGen      total 9216K, used 1022K [0x00000000f6180000, 0x00000000f7380000, 0x0000000100000000)
  eden space 8192K, 0% used [0x00000000f6180000,0x00000000f6180000,0x00000000f6980000)
  from space 1024K, 99% used [0x00000000f6980000,0x00000000f6a7fa98,0x00000000f6a80000)
  to   space 1024K, 0% used [0x00000000f7280000,0x00000000f7280000,0x00000000f7380000)
 ParOldGen       total 20480K, used 8263K [0x00000000e2400000, 0x00000000e3800000, 0x00000000f6180000)
  object space 20480K, 40% used [0x00000000e2400000,0x00000000e2c11e80,0x00000000e3800000)
 Metaspace       used 9693K, capacity 9890K, committed 10240K, reserved 1058816K
  class space    used 1114K, capacity 1184K, committed 1280K, reserved 1048576K
}
Event: 7.529 GC heap before
{Heap before GC invocations=4 (full 0):
 PSYoungGen      total 9216K, used 9214K [0x00000000f6180000, 0x00000000f7380000, 0x0000000100000000)
  eden space 8192K, 100% used [0x00000000f6180000,0x00000000f6980000,0x00000000f6980000)
  from space 1024K, 99% used [0x00000000f6980000,0x00000000f6a7fa98,0x00000000f6a80000)
  to   space 1024K, 0% used [0x00000000f7280000,0x00000000f7280000,0x00000000f7380000)
 ParOldGen       total 20480K, used 8263K [0x00000000e2400000, 0x00000000e3800000, 0x00000000f6180000)
  object space 20480K, 40% used [0x00000000e2400000,0x00000000e2c11e80,0x00000000e3800000)
 Metaspace       used 9955K, capacity 10178K, committed 10496K, reserved 1058816K
  class space    used 1142K, capacity 1216K, committed 1280K, reserved 1048576K
Event: 7.536 GC heap after
Heap after GC invocations=4 (full 0):
 PSYoungGen      total 9216K, used 1010K [0x00000000f6180000, 0x00000000f7380000, 0x0000000100000000)
  eden space 8192K, 0% used [0x00000000f6180000,0x00000000f6180000,0x00000000f6980000)
  from space 1024K, 98% used [0x00000000f7280000,0x00000000f737c800,0x00000000f7380000)
  to   space 1024K, 0% used [0x00000000f6980000,0x00000000f6980000,0x00000000f6a80000)
 ParOldGen       total 20480K, used 8454K [0x00000000e2400000, 0x00000000e3800000, 0x00000000f6180000)
  object space 20480K, 41% used [0x00000000e2400000,0x00000000e2c41a08,0x00000000e3800000)
 Metaspace       used 9955K, capacity 10178K, committed 10496K, reserved 1058816K
  class space    used 1142K, capacity 1216K, committed 1280K, reserved 1048576K
}
Event: 9.715 GC heap before
{Heap before GC invocations=5 (full 0):
 PSYoungGen      total 9216K, used 9202K [0x00000000f6180000, 0x00000000f7380000, 0x0000000100000000)
  eden space 8192K, 100% used [0x00000000f6180000,0x00000000f6980000,0x00000000f6980000)
  from space 1024K, 98% used [0x00000000f7280000,0x00000000f737c800,0x00000000f7380000)
  to   space 1024K, 0% used [0x00000000f6980000,0x00000000f6980000,0x00000000f6a80000)
 ParOldGen       total 20480K, used 8454K [0x00000000e2400000, 0x00000000e3800000, 0x00000000f6180000)
  object space 20480K, 41% used [0x00000000e2400000,0x00000000e2c41a08,0x00000000e3800000)
 Metaspace       used 11381K, capacity 11626K, committed 11904K, reserved 1060864K
  class space    used 1305K, capacity 1378K, committed 1408K, reserved 1048576K
Event: 9.722 GC heap after
Heap after GC invocations=5 (full 0):
 PSYoungGen      total 9216K, used 1012K [0x00000000f6180000, 0x00000000f7580000, 0x0000000100000000)
  eden space 8192K, 0% used [0x00000000f6180000,0x00000000f6180000,0x00000000f6980000)
  from space 1024K, 98% used [0x00000000f6980000,0x00000000f6a7d060,0x00000000f6a80000)
  to   space 6144K, 0% used [0x00000000f6f80000,0x00000000f6f80000,0x00000000f7580000)
 ParOldGen       total 20480K, used 9604K [0x00000000e2400000, 0x00000000e3800000, 0x00000000f6180000)
  object space 20480K, 46% used [0x00000000e2400000,0x00000000e2d61248,0x00000000e3800000)
 Metaspace       used 11381K, capacity 11626K, committed 11904K, reserved 1060864K
  class space    used 1305K, capacity 1378K, committed 1408K, reserved 1048576K
}
Event: 10.197 GC heap before
{Heap before GC invocations=6 (full 0):
 PSYoungGen      total 9216K, used 8398K [0x00000000f6180000, 0x00000000f7580000, 0x0000000100000000)
  eden space 8192K, 90% used [0x00000000f6180000,0x00000000f68b6870,0x00000000f6980000)
  from space 1024K, 98% used [0x00000000f6980000,0x00000000f6a7d060,0x00000000f6a80000)
  to   space 6144K, 0% used [0x00000000f6f80000,0x00000000f6f80000,0x00000000f7580000)
 ParOldGen       total 20480K, used 9604K [0x00000000e2400000, 0x00000000e3800000, 0x00000000f6180000)
  object space 20480K, 46% used [0x00000000e2400000,0x00000000e2d61248,0x00000000e3800000)
 Metaspace       used 11678K, capacity 11914K, committed 12288K, reserved 1060864K
  class space    used 1332K, capacity 1410K, committed 1536K, reserved 1048576K
Event: 10.216 GC heap after
Heap after GC invocations=6 (full 0):
 PSYoungGen      total 14336K, used 3785K [0x00000000f6180000, 0x00000000f7d80000, 0x0000000100000000)
  eden space 8192K, 0% used [0x00000000f6180000,0x00000000f6180000,0x00000000f6980000)
  from space 6144K, 61% used [0x00000000f6f80000,0x00000000f7332758,0x00000000f7580000)
  to   space 6144K, 0% used [0x00000000f6980000,0x00000000f6980000,0x00000000f6f80000)
 ParOldGen       total 20480K, used 9604K [0x00000000e2400000, 0x00000000e3800000, 0x00000000f6180000)
  object space 20480K, 46% used [0x00000000e2400000,0x00000000e2d61248,0x00000000e3800000)
 Metaspace       used 11678K, capacity 11914K, committed 12288K, reserved 1060864K
  class space    used 1332K, capacity 1410K, committed 1536K, reserved 1048576K
}
Event: 48.275 GC heap before
{Heap before GC invocations=7 (full 0):
 PSYoungGen      total 14336K, used 11977K [0x00000000f6180000, 0x00000000f7d80000, 0x0000000100000000)
  eden space 8192K, 100% used [0x00000000f6180000,0x00000000f6980000,0x00000000f6980000)
  from space 6144K, 61% used [0x00000000f6f80000,0x00000000f7332758,0x00000000f7580000)
  to   space 6144K, 0% used [0x00000000f6980000,0x00000000f6980000,0x00000000f6f80000)
 ParOldGen       total 20480K, used 9604K [0x00000000e2400000, 0x00000000e3800000, 0x00000000f6180000)
  object space 20480K, 46% used [0x00000000e2400000,0x00000000e2d61248,0x00000000e3800000)
 Metaspace       used 12435K, capacity 12704K, committed 13056K, reserved 1060864K
  class space    used 1393K, capacity 1479K, committed 1536K, reserved 1048576K
Event: 48.283 GC heap after
Heap after GC invocations=7 (full 0):
 PSYoungGen      total 14336K, used 3222K [0x00000000f6180000, 0x00000000f7d80000, 0x0000000100000000)
  eden space 8192K, 0% used [0x00000000f6180000,0x00000000f6180000,0x00000000f6980000)
  from space 6144K, 52% used [0x00000000f6980000,0x00000000f6ca5b58,0x00000000f6f80000)
  to   space 6144K, 0% used [0x00000000f7780000,0x00000000f7780000,0x00000000f7d80000)
 ParOldGen       total 20480K, used 10248K [0x00000000e2400000, 0x00000000e3800000, 0x00000000f6180000)
  object space 20480K, 50% used [0x00000000e2400000,0x00000000e2e02278,0x00000000e3800000)
 Metaspace       used 12435K, capacity 12704K, committed 13056K, reserved 1060864K
  class space    used 1393K, capacity 1479K, committed 1536K, reserved 1048576K
}

Deoptimization events (10 events):
Event: 8.799 Thread 0x0000000019a33000 Uncommon trap: reason=unstable_if action=reinterpret pc=0x00000000052b02d4 method=java.io.BufferedInputStream.read1([BII)I @ 22
Event: 8.868 Thread 0x0000000019876800 Uncommon trap: reason=unstable_if action=reinterpret pc=0x0000000005258578 method=java.io.WinNTFileSystem.normalize(Ljava/lang/String;)Ljava/lang/String; @ 128
Event: 12.460 Thread 0x0000000018190000 Uncommon trap: reason=range_check action=make_not_entrant pc=0x0000000005356fdc method=java.awt.image.DirectColorModel.setFields()V @ 65
Event: 24.096 Thread 0x0000000019876800 Uncommon trap: reason=unstable_if action=reinterpret pc=0x000000000524e0c8 method=totalcross.ui.gfx.Graphics.translateAndClip(IIII)Z @ 29
Event: 24.181 Thread 0x0000000019a35800 Uncommon trap: reason=unstable_if action=reinterpret pc=0x00000000053820d4 method=sun.awt.image.ImageRepresentation.getOpaqueRGBImage()Ljava/awt/image/BufferedImage; @ 71
Event: 24.182 Thread 0x0000000019876800 Uncommon trap: reason=unstable_if action=reinterpret pc=0x000000000539318c method=totalcross.ui.image.Image.getSmoothScaledInstance(II)Ltotalcross/ui/image/Image; @ 715
Event: 24.183 Thread 0x0000000019876800 Uncommon trap: reason=unstable_if action=reinterpret pc=0x000000000537e164 method=totalcross.ui.image.Image.getSmoothScaledInstance(II)Ltotalcross/ui/image/Image; @ 715
Event: 24.223 Thread 0x0000000019876800 Uncommon trap: reason=unstable_if action=reinterpret pc=0x0000000005229680 method=totalcross.ui.gfx.Graphics.drawText(Ljava/lang/String;III)V @ 17
Event: 24.240 Thread 0x0000000019876800 Uncommon trap: reason=unstable_if action=reinterpret pc=0x000000000538eebc method=totalcross.ui.gfx.Graphics.addError([IIIIIIIIII)V @ 9
Event: 26.634 Thread 0x0000000019876800 Uncommon trap: reason=unstable_if action=reinterpret pc=0x000000000524c0b0 method=totalcross.ui.gfx.Graphics.translateAndClip(IIII)Z @ 69

Internal exceptions (10 events):
Event: 33.004 Thread 0x0000000019876800 Exception <a 'java/io/FileNotFoundException'> (0x00000000f6857040) thrown at [C:\re\workspace\8-2-build-windows-amd64-cygwin\jdk8u111\7883\hotspot\src\share\vm\prims\jni.cpp, line 709]
Event: 33.006 Thread 0x000000001858e800 Exception <a 'java/lang/InterruptedException': sleep interrupted> (0x00000000f6826020) thrown at [C:\re\workspace\8-2-build-windows-amd64-cygwin\jdk8u111\7883\hotspot\src\share\vm\prims\jvm.cpp, line 3176]
Event: 33.027 Thread 0x0000000019876800 Exception <a 'java/io/FileNotFoundException'> (0x00000000f68728e8) thrown at [C:\re\workspace\8-2-build-windows-amd64-cygwin\jdk8u111\7883\hotspot\src\share\vm\prims\jni.cpp, line 709]
Event: 33.027 Thread 0x0000000019876800 Exception <a 'java/io/FileNotFoundException'> (0x00000000f6873570) thrown at [C:\re\workspace\8-2-build-windows-amd64-cygwin\jdk8u111\7883\hotspot\src\share\vm\prims\jni.cpp, line 709]
Event: 33.027 Thread 0x0000000019876800 Exception <a 'java/io/FileNotFoundException'> (0x00000000f6874430) thrown at [C:\re\workspace\8-2-build-windows-amd64-cygwin\jdk8u111\7883\hotspot\src\share\vm\prims\jni.cpp, line 709]
Event: 33.053 Thread 0x000000001858e800 Exception <a 'java/lang/InterruptedException': sleep interrupted> (0x00000000f6859bf0) thrown at [C:\re\workspace\8-2-build-windows-amd64-cygwin\jdk8u111\7883\hotspot\src\share\vm\prims\jvm.cpp, line 3224]
Event: 48.103 Thread 0x0000000019876800 Exception <a 'java/io/FileNotFoundException'> (0x00000000f68eeca0) thrown at [C:\re\workspace\8-2-build-windows-amd64-cygwin\jdk8u111\7883\hotspot\src\share\vm\prims\jni.cpp, line 709]
Event: 48.103 Thread 0x0000000019876800 Exception <a 'java/io/FileNotFoundException'> (0x00000000f68ef748) thrown at [C:\re\workspace\8-2-build-windows-amd64-cygwin\jdk8u111\7883\hotspot\src\share\vm\prims\jni.cpp, line 709]
Event: 48.103 Thread 0x0000000019876800 Exception <a 'java/io/FileNotFoundException'> (0x00000000f68f0538) thrown at [C:\re\workspace\8-2-build-windows-amd64-cygwin\jdk8u111\7883\hotspot\src\share\vm\prims\jni.cpp, line 709]
Event: 48.241 Thread 0x000000001858e800 Exception <a 'java/lang/InterruptedException': sleep interrupted> (0x00000000f68e9998) thrown at [C:\re\workspace\8-2-build-windows-amd64-cygwin\jdk8u111\7883\hotspot\src\share\vm\prims\jvm.cpp, line 3224]

Events (10 events):
Event: 48.613 Thread 0x0000000019a38800 Thread exited: 0x0000000019a38800
Event: 48.614 loading class java/lang/ref/Finalizer$3
Event: 48.614 loading class java/lang/ref/Finalizer$3 done
Event: 48.614 Thread 0x0000000019a38800 Thread added: 0x0000000019a38800
Event: 48.619 Executing VM operation: RevokeBias
Event: 48.620 Executing VM operation: RevokeBias done
Event: 48.621 Executing VM operation: RevokeBias
Event: 48.621 Executing VM operation: RevokeBias done
Event: 48.622 Executing VM operation: RevokeBias
Event: 48.622 Executing VM operation: RevokeBias done


Dynamic libraries:
0x00007ff73e840000 - 0x00007ff73e877000 	C:\Program Files\Java\jre1.8.0_111\bin\javaw.exe
0x00007ffdb3860000 - 0x00007ffdb3a40000 	C:\WINDOWS\SYSTEM32\ntdll.dll
0x00007ffdb30f0000 - 0x00007ffdb319e000 	C:\WINDOWS\System32\KERNEL32.DLL
0x00007ffdb0ac0000 - 0x00007ffdb0d26000 	C:\WINDOWS\System32\KERNELBASE.dll
0x00007ffdb1000000 - 0x00007ffdb10a1000 	C:\WINDOWS\System32\ADVAPI32.dll
0x00007ffdb3560000 - 0x00007ffdb35fd000 	C:\WINDOWS\System32\msvcrt.dll
0x00007ffdb31a0000 - 0x00007ffdb31fb000 	C:\WINDOWS\System32\sechost.dll
0x00007ffdb1240000 - 0x00007ffdb135f000 	C:\WINDOWS\System32\RPCRT4.dll
0x00007ffdb0d90000 - 0x00007ffdb0f1f000 	C:\WINDOWS\System32\USER32.dll
0x00007ffdb0110000 - 0x00007ffdb0130000 	C:\WINDOWS\System32\win32u.dll
0x00007ffdb3730000 - 0x00007ffdb3758000 	C:\WINDOWS\System32\GDI32.dll
0x00007ffdb0920000 - 0x00007ffdb0ab3000 	C:\WINDOWS\System32\gdi32full.dll
0x00007ffdb0130000 - 0x00007ffdb01cb000 	C:\WINDOWS\System32\msvcp_win.dll
0x00007ffdafc60000 - 0x00007ffdafd56000 	C:\WINDOWS\System32\ucrtbase.dll
0x00007ffd9f5d0000 - 0x00007ffd9f839000 	C:\WINDOWS\WinSxS\amd64_microsoft.windows.common-controls_6595b64144ccf1df_6.0.16299.431_none_15c7d3ee93659e73\COMCTL32.dll
0x00007ffdb1920000 - 0x00007ffdb1c28000 	C:\WINDOWS\System32\combase.dll
0x00007ffdaff80000 - 0x00007ffdafff2000 	C:\WINDOWS\System32\bcryptPrimitives.dll
0x00007ffdb1160000 - 0x00007ffdb118d000 	C:\WINDOWS\System32\IMM32.DLL
0x00000000528b0000 - 0x0000000052982000 	C:\Program Files\Java\jre1.8.0_111\bin\msvcr100.dll
0x0000000052b50000 - 0x00000000533ea000 	C:\Program Files\Java\jre1.8.0_111\bin\server\jvm.dll
0x00007ffdb30e0000 - 0x00007ffdb30e8000 	C:\WINDOWS\System32\PSAPI.DLL
0x00007ffdab9f0000 - 0x00007ffdab9f9000 	C:\WINDOWS\SYSTEM32\WSOCK32.dll
0x00007ffdb3070000 - 0x00007ffdb30dc000 	C:\WINDOWS\System32\WS2_32.dll
0x00007ffda15e0000 - 0x00007ffda15ea000 	C:\WINDOWS\SYSTEM32\VERSION.dll
0x00007ffdadf40000 - 0x00007ffdadf63000 	C:\WINDOWS\SYSTEM32\WINMM.dll
0x00007ffdadee0000 - 0x00007ffdadf0a000 	C:\WINDOWS\SYSTEM32\WINMMBASE.dll
0x00007ffdafd60000 - 0x00007ffdafdaa000 	C:\WINDOWS\System32\cfgmgr32.dll
0x0000000052a60000 - 0x0000000052a6f000 	C:\Program Files\Java\jre1.8.0_111\bin\verify.dll
0x0000000052a30000 - 0x0000000052a59000 	C:\Program Files\Java\jre1.8.0_111\bin\java.dll
0x0000000052a10000 - 0x0000000052a26000 	C:\Program Files\Java\jre1.8.0_111\bin\zip.dll
0x00007ffdb1c30000 - 0x00007ffdb3068000 	C:\WINDOWS\System32\SHELL32.dll
0x00007ffdb1190000 - 0x00007ffdb1236000 	C:\WINDOWS\System32\shcore.dll
0x00007ffdb01d0000 - 0x00007ffdb0917000 	C:\WINDOWS\System32\windows.storage.dll
0x00007ffdb0fa0000 - 0x00007ffdb0ff1000 	C:\WINDOWS\System32\shlwapi.dll
0x00007ffdafc20000 - 0x00007ffdafc31000 	C:\WINDOWS\System32\kernel.appcore.dll
0x00007ffdafbb0000 - 0x00007ffdafbfc000 	C:\WINDOWS\System32\powrprof.dll
0x00007ffdafc40000 - 0x00007ffdafc5b000 	C:\WINDOWS\System32\profapi.dll
0x0000000052710000 - 0x00000000528a8000 	C:\Program Files\Java\jre1.8.0_111\bin\awt.dll
0x00007ffdb3760000 - 0x00007ffdb3825000 	C:\WINDOWS\System32\OLEAUT32.dll
0x00007ffdae060000 - 0x00007ffdae0e8000 	C:\WINDOWS\SYSTEM32\apphelp.dll
0x00007ffdae450000 - 0x00007ffdae47a000 	C:\WINDOWS\system32\DWMAPI.DLL
0x00007ffdae1e0000 - 0x00007ffdae275000 	C:\WINDOWS\system32\uxtheme.dll
0x00007ffdb17b0000 - 0x00007ffdb1917000 	C:\WINDOWS\System32\MSCTF.dll
0x00007ffd99800000 - 0x00007ffd9987f000 	C:\Program Files (x86)\TeamViewer\tv_x64.dll
0x00007ffdb3200000 - 0x00007ffdb3349000 	C:\WINDOWS\System32\ole32.dll
0x00000000526c0000 - 0x0000000052707000 	C:\Program Files\Java\jre1.8.0_111\bin\fontmanager.dll
0x00007ffd9afc0000 - 0x00007ffd9b055000 	C:\WINDOWS\system32\RICHED20.DLL
0x00007ffd87ea0000 - 0x00007ffd87eb9000 	C:\WINDOWS\SYSTEM32\USP10.dll
0x00007ffd9af80000 - 0x00007ffd9afb8000 	C:\WINDOWS\SYSTEM32\msls31.dll
0x00007ffdb10b0000 - 0x00007ffdb114e000 	C:\WINDOWS\System32\clbcatq.dll
0x00007ffdaf6b0000 - 0x00007ffdaf6d5000 	C:\WINDOWS\system32\bcrypt.dll
0x00007ffda4f20000 - 0x00007ffda4fb8000 	C:\WINDOWS\System32\TextInputFramework.dll
0x00007ffdaa720000 - 0x00007ffdaaa0e000 	C:\WINDOWS\System32\CoreUIComponents.dll
0x00007ffdad0d0000 - 0x00007ffdad1ac000 	C:\WINDOWS\System32\CoreMessaging.dll
0x00007ffdaece0000 - 0x00007ffdaed11000 	C:\WINDOWS\SYSTEM32\ntmarta.dll
0x00007ffdac050000 - 0x00007ffdac186000 	C:\WINDOWS\SYSTEM32\wintypes.dll
0x00000000529f0000 - 0x0000000052a0a000 	C:\Program Files\Java\jre1.8.0_111\bin\net.dll
0x00007ffdaf3e0000 - 0x00007ffdaf446000 	C:\WINDOWS\system32\mswsock.dll
0x00007ffdaf1b0000 - 0x00007ffdaf266000 	C:\WINDOWS\SYSTEM32\DNSAPI.dll
0x00007ffdb3350000 - 0x00007ffdb3358000 	C:\WINDOWS\System32\NSI.dll
0x00007ffdaf170000 - 0x00007ffdaf1a9000 	C:\WINDOWS\SYSTEM32\IPHLPAPI.DLL
0x00007ffda4840000 - 0x00007ffda484a000 	C:\Windows\System32\rasadhlp.dll
0x00007ffda7050000 - 0x00007ffda70c0000 	C:\WINDOWS\System32\fwpuclnt.dll
0x00007ffdaf5a0000 - 0x00007ffdaf5b7000 	C:\WINDOWS\SYSTEM32\CRYPTSP.dll
0x00007ffdaefe0000 - 0x00007ffdaf013000 	C:\WINDOWS\system32\rsaenh.dll
0x00007ffdafab0000 - 0x00007ffdafad9000 	C:\WINDOWS\SYSTEM32\USERENV.dll
0x00007ffdaf5c0000 - 0x00007ffdaf5cb000 	C:\WINDOWS\SYSTEM32\CRYPTBASE.dll
0x00007ffdaa480000 - 0x00007ffdaa496000 	C:\WINDOWS\SYSTEM32\dhcpcsvc6.DLL
0x00007ffdaa4e0000 - 0x00007ffdaa4fa000 	C:\WINDOWS\SYSTEM32\dhcpcsvc.DLL
0x00000000529d0000 - 0x00000000529e1000 	C:\Program Files\Java\jre1.8.0_111\bin\nio.dll
0x00007ffda09b0000 - 0x00007ffda0b78000 	C:\WINDOWS\SYSTEM32\dbghelp.dll

VM Arguments:
jvm_args: -Dfile.encoding=Cp1252 
java_command: totalcross.Launcher /r 544353541A8E8B2A28D5B8E0 com.app.app
java_class_path (initial): C:\Program Files\Java\jre1.8.0_111\lib\resources.jar;C:\Program Files\Java\jre1.8.0_111\lib\rt.jar;C:\Program Files\Java\jre1.8.0_111\lib\jsse.jar;C:\Program Files\Java\jre1.8.0_111\lib\jce.jar;C:\Program Files\Java\jre1.8.0_111\lib\charsets.jar;C:\Program Files\Java\jre1.8.0_111\lib\jfr.jar;C:\Program Files\Java\jre1.8.0_111\lib\ext\access-bridge-64.jar;C:\Program Files\Java\jre1.8.0_111\lib\ext\cldrdata.jar;C:\Program Files\Java\jre1.8.0_111\lib\ext\dnsns.jar;C:\Program Files\Java\jre1.8.0_111\lib\ext\jaccess.jar;C:\Program Files\Java\jre1.8.0_111\lib\ext\jfxrt.jar;C:\Program Files\Java\jre1.8.0_111\lib\ext\localedata.jar;C:\Program Files\Java\jre1.8.0_111\lib\ext\nashorn.jar;C:\Program Files\Java\jre1.8.0_111\lib\ext\sunec.jar;C:\Program Files\Java\jre1.8.0_111\lib\ext\sunjce_provider.jar;C:\Program Files\Java\jre1.8.0_111\lib\ext\sunmscapi.jar;C:\Program Files\Java\jre1.8.0_111\lib\ext\sunpkcs11.jar;C:\Program Files\Java\jre1.8.0_111\lib\ext\zipfs.jar;C:\Users\marci\eclipse-workspace\app\target\classes;C:\Users\marci\.m2\repository\com\totalcross\utils\tc-utilities\0.0.1-SNAPSHOT\tc-utilities-0.0.1-SNAPSHOT.jar;C:\Users\marci\.m2\repository\com\totalcross\utils\magical-utils\0.0.1-SNAPSHOT\magical-utils-0.0.1-SNAPSHOT.jar;C:\Users\marci\.m2\repository\com\totalcross\totalcross-sdk\4.1.0\totalcross-sdk-4.1.0.jar;C:\Users\marci\.m2\repository\org\vafer\jdeb\0.7\jdeb-0.7.jar;C:\Users\marci\.m2\repository\org\apache\maven\maven-plugin-api\2.0.5\maven-plugin-api-2.0.5.jar;C:\Users\marci\.m2\repository\org\apache\maven\maven-project\2.0.5\maven-project-2.0.5.jar;C:\Users\marci\.m2\repository\org\apache\maven\maven-settings\2.0.5\maven-settings-2.0.5.jar;C:\Users\marci\.m2\repository\org\apache\maven\maven-profile\2.0.5\maven-profile-2.0.5.jar;C:\Users\marci\.m2\repository\org\apache\maven\maven-model\2.0.5\maven-model-2.0.5.jar;C:\Users\marci\.m2\repository\org\apache\maven\maven-artifact-manager\2.0.5\maven-artifact-manager-2.0.5.jar;C:\U
Launcher Type: SUN_STANDARD

Environment Variables:
JAVA_HOME=C:\Program Files\Java\jdk1.8.0_111
PATH=C:/Program Files/Java/jre1.8.0_111/bin/server;C:/Program Files/Java/jre1.8.0_111/bin;C:/Program Files/Java/jre1.8.0_111/lib/amd64;C:\ProgramData\Oracle\Java\javapath;C:\Program Files (x86)\Intel\TXE Components\TCS\;C:\Program Files\Intel\TXE Components\TCS\;C:\WINDOWS\system32;C:\WINDOWS;C:\WINDOWS\System32\Wbem;C:\WINDOWS\System32\WindowsPowerShell\v1.0\;C:\Program Files\Intel\TXE Components\DAL\;C:\Program Files (x86)\Intel\TXE Components\DAL\;C:\Program Files\Intel\TXE Components\IPT\;C:\Program Files (x86)\Intel\TXE Components\IPT\;C:\Program Files\Java\jdk1.8.0_111\bin;C:\TotalCross3\dist\vm\win32;C:\Users\marci\AppData\Local\Microsoft\WindowsApps;c:\TotalCross3\dist\vm\win32;C:\Program Files\Java\jdk1.8.0_111\bin;;C:\Users\marci\Desktop;
USERNAME=marci
OS=Windows_NT
PROCESSOR_IDENTIFIER=Intel64 Family 6 Model 76 Stepping 4, GenuineIntel



---------------  S Y S T E M  ---------------

OS: Windows 10.0 , 64 bit Build 16299 (10.0.16299.431)

CPU:total 2 (2 cores per cpu, 1 threads per core) family 6 model 76 stepping 4, cmov, cx8, fxsr, mmx, sse, sse2, sse3, ssse3, sse4.1, sse4.2, popcnt, aes, clmul, erms, 3dnowpref, tsc, tscinvbit

Memory: 4k page, physical 1946148k(239588k free), swap 5015584k(973236k free)

vm_info: Java HotSpot(TM) 64-Bit Server VM (25.111-b14) for windows-amd64 JRE (1.8.0_111-b14), built on Sep 22 2016 19:24:05 by "java_re" with MS VC++ 10.0 (VS2010)

time: Fri Jun 01 21:42:48 2018
elapsed time: 48 seconds (0d 0h 0m 48s)

