#
# A fatal error has been detected by the Java Runtime Environment:
#
#  EXCEPTION_ACCESS_VIOLATION (0xc0000005) at pc=0x000000006be42be0, pid=6320, tid=0x0000000000000e40
#
# JRE version: Java(TM) SE Runtime Environment (8.0_111-b14) (build 1.8.0_111-b14)
# Java VM: Java HotSpot(TM) 64-Bit Server VM (25.111-b14 mixed mode windows-amd64 compressed oops)
# Problematic frame:
# C  0x000000006be42be0
#
# Failed to write core dump. Minidumps are not enabled by default on client versions of Windows
#
# If you would like to submit a bug report, please visit:
#   http://bugreport.java.com/bugreport/crash.jsp
# The crash happened outside the Java Virtual Machine in native code.
# See problematic frame for where to report the bug.
#

---------------  T H R E A D  ---------------

Current thread (0x0000000017791000):  JavaThread "Secondary finalizer" [_thread_in_native, id=3648, stack(0x000000001b6f0000,0x000000001b7f0000)]

siginfo: ExceptionCode=0xc0000005, ExceptionInformation=0x0000000000000008 0x000000006be42be0

Registers:
RAX=0x000000006be42be0, RBX=0x0000000018e590e0, RCX=0x00000000177911f8, RDX=0x000000001b7eef98
RSP=0x000000001b7eeef8, RBP=0x000000001b7eef78, RSI=0x00000000000003b8, RDI=0x0000000018d71d60
R8 =0x0000000000000005, R9 =0x00000000f6d461e0, R10=0x000000000473848b, R11=0x0000000052d7b580
R12=0x0000000000000000, R13=0x0000000018e590e0, R14=0x000000001b7eef98, R15=0x0000000017791000
RIP=0x000000006be42be0, EFLAGS=0x0000000000010206

Top of Stack: (sp=0x000000001b7eeef8)
0x000000001b7eeef8:   00000000047384b7 000000001b7eef99
0x000000001b7eef08:   0000000052c0a598 0000000017a82b70
0x000000001b7eef18:   0000000017791000 000000001b7ef000
0x000000001b7eef28:   0000000000000000 00000000f6d461e0
0x000000001b7eef38:   000000001b7eef28 0000000000000000
0x000000001b7eef48:   000000001b7eef98 0000000018e84710
0x000000001b7eef58:   0000000000000000 0000000018e590e0
0x000000001b7eef68:   0000000000000000 000000001b7eef98
0x000000001b7eef78:   000000001b7ef000 000000000472835d
0x000000001b7eef88:   0000000000000000 00000000047319d8
0x000000001b7eef98:   00000000f6d461e0 00000000f6d46218
0x000000001b7eefa8:   0000000000000000 0000000000000011
0x000000001b7eefb8:   00000000f6d461e0 000000001b7eefa0
0x000000001b7eefc8:   0000000018e53ebe 000000001b7ef038
0x000000001b7eefd8:   0000000018e83f20 0000000000000000
0x000000001b7eefe8:   0000000018e53f58 000000001b7eef98 

Instructions: (pc=0x000000006be42be0)
0x000000006be42bc0:   
[error occurred during error reporting (printing registers, top of stack, instructions near pc), id 0xc0000005]

Register to memory mapping:

RAX=0x000000006be42be0 is an unknown value
RBX={method} {0x0000000018e590e8} 'free_functions' '()V' in 'org/sqlite/core/NativeDB'
RCX=0x00000000177911f8 is an unknown value
RDX=0x000000001b7eef98 is pointing into the stack for thread: 0x0000000017791000
RSP=0x000000001b7eeef8 is pointing into the stack for thread: 0x0000000017791000
RBP=0x000000001b7eef78 is pointing into the stack for thread: 0x0000000017791000
RSI=0x00000000000003b8 is an unknown value
RDI=0x0000000018d71d60 is pointing into metadata
R8 =0x0000000000000005 is an unknown value
R9 =0x00000000f6d461e0 is an oop
org.sqlite.core.NativeDB 
 - klass: 'org/sqlite/core/NativeDB'
R10=0x000000000473848b is at code_begin+1227 in an Interpreter codelet
method entry point (kind = native_synchronized)  [0x0000000004737fc0, 0x0000000004738aa0]  2784 bytes
R11=0x0000000052d7b580 is an unknown value
R12=0x0000000000000000 is an unknown value
R13={method} {0x0000000018e590e8} 'free_functions' '()V' in 'org/sqlite/core/NativeDB'
R14=0x000000001b7eef98 is pointing into the stack for thread: 0x0000000017791000
R15=0x0000000017791000 is a thread


Stack: [0x000000001b6f0000,0x000000001b7f0000],  sp=0x000000001b7eeef8,  free space=1019k
Native frames: (J=compiled Java code, j=interpreted, Vv=VM code, C=native code)
C  0x000000006be42be0

Java frames: (J=compiled Java code, j=interpreted, Vv=VM code)
j  org.sqlite.core.NativeDB.free_functions()V+0
j  org.sqlite.core.DB.close()V+102
j  org.sqlite.core.CoreConnection.close()V+26
j  org.sqlite.core.CoreConnection.finalize()V+1
J 1404 C1 java.lang.ref.Finalizer.runFinalizer(Lsun/misc/JavaLangAccess;)V (62 bytes) @ 0x0000000004be258c [0x0000000004be2000+0x58c]
J 1403 C1 java.lang.ref.Finalizer.access$100(Ljava/lang/ref/Finalizer;Lsun/misc/JavaLangAccess;)V (6 bytes) @ 0x0000000004bc019c [0x0000000004bc0140+0x5c]
j  java.lang.ref.Finalizer$3.run()V+58
j  java.lang.Thread.run()V+11
v  ~StubRoutines::call_stub

---------------  P R O C E S S  ---------------

Java Threads: ( => current thread )
=>0x0000000017791000 JavaThread "Secondary finalizer" [_thread_in_native, id=3648, stack(0x000000001b6f0000,0x000000001b7f0000)]
  0x0000000017790800 JavaThread "Image Fetcher 2" daemon [_thread_blocked, id=2684, stack(0x000000001b2f0000,0x000000001b3f0000)]
  0x0000000017793800 JavaThread "Image Fetcher 1" daemon [_thread_blocked, id=6532, stack(0x000000001b1f0000,0x000000001b2f0000)]
  0x0000000017794000 JavaThread "Image Fetcher 0" daemon [_thread_blocked, id=4384, stack(0x000000001b0f0000,0x000000001b1f0000)]
  0x00000000191c6000 JavaThread "TC Event Thread" daemon [_thread_blocked, id=6936, stack(0x000000001abf0000,0x000000001acf0000)]
  0x0000000004622800 JavaThread "DestroyJavaVM" [_thread_blocked, id=6564, stack(0x00000000044e0000,0x00000000045e0000)]
  0x000000001794c000 JavaThread "AWT-EventQueue-0" [_thread_blocked, id=5348, stack(0x00000000180b0000,0x00000000181b0000)]
  0x000000001792e800 JavaThread "AWT-Shutdown" [_thread_blocked, id=4760, stack(0x0000000017eb0000,0x0000000017fb0000)]
  0x00000000178df000 JavaThread "Java2D Disposer" daemon [_thread_blocked, id=5272, stack(0x0000000017db0000,0x0000000017eb0000)]
  0x0000000015807000 JavaThread "Service Thread" daemon [_thread_blocked, id=196, stack(0x0000000016ad0000,0x0000000016bd0000)]
  0x00000000157db800 JavaThread "C1 CompilerThread1" daemon [_thread_blocked, id=1200, stack(0x00000000169d0000,0x0000000016ad0000)]
  0x000000001579c800 JavaThread "C2 CompilerThread0" daemon [_thread_blocked, id=6336, stack(0x00000000168d0000,0x00000000169d0000)]
  0x000000001579b000 JavaThread "Attach Listener" daemon [_thread_blocked, id=5156, stack(0x00000000167d0000,0x00000000168d0000)]
  0x0000000015798000 JavaThread "Signal Dispatcher" daemon [_thread_blocked, id=6096, stack(0x00000000166d0000,0x00000000167d0000)]
  0x0000000015788800 JavaThread "Finalizer" daemon [_thread_blocked, id=3712, stack(0x00000000163d0000,0x00000000164d0000)]
  0x000000000470f800 JavaThread "Reference Handler" daemon [_thread_blocked, id=5116, stack(0x00000000162d0000,0x00000000163d0000)]

Other Threads:
  0x0000000015765800 VMThread [stack: 0x00000000161d0000,0x00000000162d0000] [id=6560]
  0x0000000015825800 WatcherThread [stack: 0x0000000016fd0000,0x00000000170d0000] [id=7080]

VM state:not at safepoint (normal execution)

VM Mutex/Monitor currently owned by a thread: None

Heap:
 PSYoungGen      total 14336K, used 7160K [0x00000000f6180000, 0x00000000f7580000, 0x0000000100000000)
  eden space 8192K, 38% used [0x00000000f6180000,0x00000000f649b0a8,0x00000000f6980000)
  from space 6144K, 64% used [0x00000000f6980000,0x00000000f6d63188,0x00000000f6f80000)
  to   space 6144K, 0% used [0x00000000f6f80000,0x00000000f6f80000,0x00000000f7580000)
 ParOldGen       total 20480K, used 9965K [0x00000000e2400000, 0x00000000e3800000, 0x00000000f6180000)
  object space 20480K, 48% used [0x00000000e2400000,0x00000000e2dbb510,0x00000000e3800000)
 Metaspace       used 12947K, capacity 13212K, committed 13440K, reserved 1060864K
  class space    used 1471K, capacity 1539K, committed 1664K, reserved 1048576K

Card table byte_map: [0x0000000013ae0000,0x0000000013bd0000] byte_map_base: 0x00000000133ce000

Marking Bits: (ParMarkBitMap*) 0x000000005336a6c0
 Begin Bits: [0x0000000013e70000, 0x00000000145e0000)
 End Bits:   [0x00000000145e0000, 0x0000000014d50000)

Polling page: 0x0000000002c80000

CodeCache: size=245760Kb used=5252Kb max_used=5252Kb free=240507Kb
 bounds [0x0000000004720000, 0x0000000004c50000, 0x0000000013720000]
 total_blobs=1775 nmethods=1286 adapters=402
 compilation: enabled

Compilation events (10 events):
Event: 41.954 Thread 0x000000001579c800 nmethod 1458 0x000000000485fa50 code [0x000000000485fba0, 0x000000000485fc28]
Event: 41.977 Thread 0x00000000157db800 nmethod 1457 0x0000000004c1e510 code [0x0000000004c20000, 0x0000000004c37be8]
Event: 42.200 Thread 0x00000000157db800 1459   !   3       java.io.FileInputStream::close (62 bytes)
Event: 42.201 Thread 0x00000000157db800 nmethod 1459 0x0000000004c1db10 code [0x0000000004c1dca0, 0x0000000004c1e318]
Event: 42.202 Thread 0x00000000157db800 1460       3       java.io.FileInputStream::finalize (22 bytes)
Event: 42.202 Thread 0x00000000157db800 nmethod 1460 0x0000000004c1d690 code [0x0000000004c1d800, 0x0000000004c1da88]
Event: 42.204 Thread 0x00000000157db800 1461       3       java.util.ArrayDeque::poll (5 bytes)
Event: 42.205 Thread 0x00000000157db800 nmethod 1461 0x0000000004c1d2d0 code [0x0000000004c1d440, 0x0000000004c1d5e8]
Event: 42.205 Thread 0x00000000157db800 1462       1       java.lang.ref.Finalizer::access$400 (5 bytes)
Event: 42.205 Thread 0x00000000157db800 nmethod 1462 0x0000000004c1d010 code [0x0000000004c1d160, 0x0000000004c1d250]

GC Heap History (10 events):
Event: 3.262 GC heap before
{Heap before GC invocations=3 (full 0):
 PSYoungGen      total 9216K, used 9216K [0x00000000f6180000, 0x00000000f6b80000, 0x0000000100000000)
  eden space 8192K, 100% used [0x00000000f6180000,0x00000000f6980000,0x00000000f6980000)
  from space 1024K, 100% used [0x00000000f6a80000,0x00000000f6b80000,0x00000000f6b80000)
  to   space 1024K, 0% used [0x00000000f6980000,0x00000000f6980000,0x00000000f6a80000)
 ParOldGen       total 20480K, used 3940K [0x00000000e2400000, 0x00000000e3800000, 0x00000000f6180000)
  object space 20480K, 19% used [0x00000000e2400000,0x00000000e27d9050,0x00000000e3800000)
 Metaspace       used 9675K, capacity 9890K, committed 10240K, reserved 1058816K
  class space    used 1114K, capacity 1184K, committed 1280K, reserved 1048576K
Event: 3.272 GC heap after
Heap after GC invocations=3 (full 0):
 PSYoungGen      total 9216K, used 1021K [0x00000000f6180000, 0x00000000f7380000, 0x0000000100000000)
  eden space 8192K, 0% used [0x00000000f6180000,0x00000000f6180000,0x00000000f6980000)
  from space 1024K, 99% used [0x00000000f6980000,0x00000000f6a7f7e8,0x00000000f6a80000)
  to   space 1024K, 0% used [0x00000000f7280000,0x00000000f7280000,0x00000000f7380000)
 ParOldGen       total 20480K, used 8282K [0x00000000e2400000, 0x00000000e3800000, 0x00000000f6180000)
  object space 20480K, 40% used [0x00000000e2400000,0x00000000e2c16a70,0x00000000e3800000)
 Metaspace       used 9675K, capacity 9890K, committed 10240K, reserved 1058816K
  class space    used 1114K, capacity 1184K, committed 1280K, reserved 1048576K
}
Event: 5.034 GC heap before
{Heap before GC invocations=4 (full 0):
 PSYoungGen      total 9216K, used 9213K [0x00000000f6180000, 0x00000000f7380000, 0x0000000100000000)
  eden space 8192K, 100% used [0x00000000f6180000,0x00000000f6980000,0x00000000f6980000)
  from space 1024K, 99% used [0x00000000f6980000,0x00000000f6a7f7e8,0x00000000f6a80000)
  to   space 1024K, 0% used [0x00000000f7280000,0x00000000f7280000,0x00000000f7380000)
 ParOldGen       total 20480K, used 8282K [0x00000000e2400000, 0x00000000e3800000, 0x00000000f6180000)
  object space 20480K, 40% used [0x00000000e2400000,0x00000000e2c16a70,0x00000000e3800000)
 Metaspace       used 9937K, capacity 10178K, committed 10496K, reserved 1058816K
  class space    used 1142K, capacity 1216K, committed 1280K, reserved 1048576K
Event: 5.039 GC heap after
Heap after GC invocations=4 (full 0):
 PSYoungGen      total 9216K, used 1021K [0x00000000f6180000, 0x00000000f7380000, 0x0000000100000000)
  eden space 8192K, 0% used [0x00000000f6180000,0x00000000f6180000,0x00000000f6980000)
  from space 1024K, 99% used [0x00000000f7280000,0x00000000f737f7e8,0x00000000f7380000)
  to   space 1024K, 0% used [0x00000000f6980000,0x00000000f6980000,0x00000000f6a80000)
 ParOldGen       total 20480K, used 8448K [0x00000000e2400000, 0x00000000e3800000, 0x00000000f6180000)
  object space 20480K, 41% used [0x00000000e2400000,0x00000000e2c40380,0x00000000e3800000)
 Metaspace       used 9937K, capacity 10178K, committed 10496K, reserved 1058816K
  class space    used 1142K, capacity 1216K, committed 1280K, reserved 1048576K
}
Event: 6.420 GC heap before
{Heap before GC invocations=5 (full 0):
 PSYoungGen      total 9216K, used 9213K [0x00000000f6180000, 0x00000000f7380000, 0x0000000100000000)
  eden space 8192K, 100% used [0x00000000f6180000,0x00000000f6980000,0x00000000f6980000)
  from space 1024K, 99% used [0x00000000f7280000,0x00000000f737f7e8,0x00000000f7380000)
  to   space 1024K, 0% used [0x00000000f6980000,0x00000000f6980000,0x00000000f6a80000)
 ParOldGen       total 20480K, used 8448K [0x00000000e2400000, 0x00000000e3800000, 0x00000000f6180000)
  object space 20480K, 41% used [0x00000000e2400000,0x00000000e2c40380,0x00000000e3800000)
 Metaspace       used 11418K, capacity 11626K, committed 11904K, reserved 1060864K
  class space    used 1311K, capacity 1378K, committed 1408K, reserved 1048576K
Event: 6.427 GC heap after
Heap after GC invocations=5 (full 0):
 PSYoungGen      total 9216K, used 1021K [0x00000000f6180000, 0x00000000f7580000, 0x0000000100000000)
  eden space 8192K, 0% used [0x00000000f6180000,0x00000000f6180000,0x00000000f6980000)
  from space 1024K, 99% used [0x00000000f6980000,0x00000000f6a7f7e8,0x00000000f6a80000)
  to   space 6144K, 0% used [0x00000000f6f80000,0x00000000f6f80000,0x00000000f7580000)
 ParOldGen       total 20480K, used 9653K [0x00000000e2400000, 0x00000000e3800000, 0x00000000f6180000)
  object space 20480K, 47% used [0x00000000e2400000,0x00000000e2d6d500,0x00000000e3800000)
 Metaspace       used 11418K, capacity 11626K, committed 11904K, reserved 1060864K
  class space    used 1311K, capacity 1378K, committed 1408K, reserved 1048576K
}
Event: 24.504 GC heap before
{Heap before GC invocations=6 (full 0):
 PSYoungGen      total 9216K, used 9154K [0x00000000f6180000, 0x00000000f7580000, 0x0000000100000000)
  eden space 8192K, 99% used [0x00000000f6180000,0x00000000f6971360,0x00000000f6980000)
  from space 1024K, 99% used [0x00000000f6980000,0x00000000f6a7f7e8,0x00000000f6a80000)
  to   space 6144K, 0% used [0x00000000f6f80000,0x00000000f6f80000,0x00000000f7580000)
 ParOldGen       total 20480K, used 9653K [0x00000000e2400000, 0x00000000e3800000, 0x00000000f6180000)
  object space 20480K, 47% used [0x00000000e2400000,0x00000000e2d6d500,0x00000000e3800000)
 Metaspace       used 12577K, capacity 12820K, committed 13184K, reserved 1060864K
  class space    used 1459K, capacity 1539K, committed 1664K, reserved 1048576K
Event: 24.521 GC heap after
Heap after GC invocations=6 (full 0):
 PSYoungGen      total 14336K, used 3686K [0x00000000f6180000, 0x00000000f7580000, 0x0000000100000000)
  eden space 8192K, 0% used [0x00000000f6180000,0x00000000f6180000,0x00000000f6980000)
  from space 6144K, 59% used [0x00000000f6f80000,0x00000000f73198f8,0x00000000f7580000)
  to   space 6144K, 0% used [0x00000000f6980000,0x00000000f6980000,0x00000000f6f80000)
 ParOldGen       total 20480K, used 9653K [0x00000000e2400000, 0x00000000e3800000, 0x00000000f6180000)
  object space 20480K, 47% used [0x00000000e2400000,0x00000000e2d6d500,0x00000000e3800000)
 Metaspace       used 12577K, capacity 12820K, committed 13184K, reserved 1060864K
  class space    used 1459K, capacity 1539K, committed 1664K, reserved 1048576K
}
Event: 35.786 GC heap before
{Heap before GC invocations=7 (full 0):
 PSYoungGen      total 14336K, used 11878K [0x00000000f6180000, 0x00000000f7580000, 0x0000000100000000)
  eden space 8192K, 100% used [0x00000000f6180000,0x00000000f6980000,0x00000000f6980000)
  from space 6144K, 59% used [0x00000000f6f80000,0x00000000f73198f8,0x00000000f7580000)
  to   space 6144K, 0% used [0x00000000f6980000,0x00000000f6980000,0x00000000f6f80000)
 ParOldGen       total 20480K, used 9653K [0x00000000e2400000, 0x00000000e3800000, 0x00000000f6180000)
  object space 20480K, 47% used [0x00000000e2400000,0x00000000e2d6d500,0x00000000e3800000)
 Metaspace       used 12825K, capacity 13084K, committed 13440K, reserved 1060864K
  class space    used 1467K, capacity 1539K, committed 1664K, reserved 1048576K
Event: 35.796 GC heap after
Heap after GC invocations=7 (full 0):
 PSYoungGen      total 14336K, used 3980K [0x00000000f6180000, 0x00000000f7580000, 0x0000000100000000)
  eden space 8192K, 0% used [0x00000000f6180000,0x00000000f6180000,0x00000000f6980000)
  from space 6144K, 64% used [0x00000000f6980000,0x00000000f6d63188,0x00000000f6f80000)
  to   space 6144K, 0% used [0x00000000f6f80000,0x00000000f6f80000,0x00000000f7580000)
 ParOldGen       total 20480K, used 9965K [0x00000000e2400000, 0x00000000e3800000, 0x00000000f6180000)
  object space 20480K, 48% used [0x00000000e2400000,0x00000000e2dbb510,0x00000000e3800000)
 Metaspace       used 12825K, capacity 13084K, committed 13440K, reserved 1060864K
  class space    used 1467K, capacity 1539K, committed 1664K, reserved 1048576K
}

Deoptimization events (10 events):
Event: 24.435 Thread 0x0000000017793800 Uncommon trap: reason=unstable_if action=reinterpret pc=0x0000000004a10228 method=java.awt.image.DirectColorModel.getAlpha(I)I @ 4
Event: 24.476 Thread 0x0000000017794000 Uncommon trap: reason=class_check action=maybe_recompile pc=0x000000000484ccf0 method=java.io.BufferedInputStream.read1([BII)I @ 39
Event: 24.489 Thread 0x0000000017790800 Uncommon trap: reason=class_check action=maybe_recompile pc=0x000000000484ccf0 method=java.io.BufferedInputStream.read1([BII)I @ 39
Event: 24.614 Thread 0x00000000191c6000 Uncommon trap: reason=unstable_if action=reinterpret pc=0x0000000004b89f68 method=totalcross.ui.gfx.Graphics.fillRect(IIII)V @ 9
Event: 24.631 Thread 0x00000000191c6000 Uncommon trap: reason=unstable_if action=reinterpret pc=0x0000000004b381ac method=totalcross.ui.gfx.Graphics.drawText(Ljava/lang/String;III)V @ 254
Event: 28.475 Thread 0x00000000191c6000 Uncommon trap: reason=unstable_if action=reinterpret pc=0x000000000499f3c4 method=totalcross.ui.gfx.Graphics.drawText(Ljava/lang/String;III)V @ 211
Event: 28.475 Thread 0x00000000191c6000 Uncommon trap: reason=unstable_if action=reinterpret pc=0x0000000004b1727c method=totalcross.ui.gfx.Graphics.drawText(Ljava/lang/String;III)V @ 1109
Event: 28.495 Thread 0x00000000191c6000 Uncommon trap: reason=unstable_if action=reinterpret pc=0x0000000004b8fd5c method=totalcross.ui.gfx.Graphics.translateAndClip(IIII)Z @ 164
Event: 34.138 Thread 0x00000000191c6000 Uncommon trap: reason=unstable_if action=reinterpret pc=0x0000000004af3274 method=totalcross.ui.gfx.Graphics.drawText(Ljava/lang/String;III)V @ 540
Event: 34.270 Thread 0x00000000191c6000 Uncommon trap: reason=unstable_if action=reinterpret pc=0x0000000004a334b0 method=totalcross.ui.gfx.Graphics.drawText(Ljava/lang/String;III)V @ 540

Internal exceptions (10 events):
Event: 38.917 Thread 0x0000000017aeb800 Exception <a 'java/lang/InterruptedException': sleep interrupted> (0x00000000f6368b70) thrown at [C:\re\workspace\8-2-build-windows-amd64-cygwin\jdk8u111\7883\hotspot\src\share\vm\prims\jvm.cpp, line 3224]
Event: 39.417 Thread 0x0000000017aeb800 Exception <a 'java/lang/InterruptedException': sleep interrupted> (0x00000000f6368e20) thrown at [C:\re\workspace\8-2-build-windows-amd64-cygwin\jdk8u111\7883\hotspot\src\share\vm\prims\jvm.cpp, line 3224]
Event: 39.917 Thread 0x0000000017aeb800 Exception <a 'java/lang/InterruptedException': sleep interrupted> (0x00000000f63690d0) thrown at [C:\re\workspace\8-2-build-windows-amd64-cygwin\jdk8u111\7883\hotspot\src\share\vm\prims\jvm.cpp, line 3224]
Event: 40.417 Thread 0x0000000017aeb800 Exception <a 'java/lang/InterruptedException': sleep interrupted> (0x00000000f6369380) thrown at [C:\re\workspace\8-2-build-windows-amd64-cygwin\jdk8u111\7883\hotspot\src\share\vm\prims\jvm.cpp, line 3224]
Event: 40.917 Thread 0x0000000017aeb800 Exception <a 'java/lang/InterruptedException': sleep interrupted> (0x00000000f6369630) thrown at [C:\re\workspace\8-2-build-windows-amd64-cygwin\jdk8u111\7883\hotspot\src\share\vm\prims\jvm.cpp, line 3176]
Event: 41.417 Thread 0x0000000017aeb800 Exception <a 'java/lang/InterruptedException': sleep interrupted> (0x00000000f63698e0) thrown at [C:\re\workspace\8-2-build-windows-amd64-cygwin\jdk8u111\7883\hotspot\src\share\vm\prims\jvm.cpp, line 3224]
Event: 41.859 Thread 0x00000000191c6000 Exception <a 'java/io/FileNotFoundException'> (0x00000000f63ed048) thrown at [C:\re\workspace\8-2-build-windows-amd64-cygwin\jdk8u111\7883\hotspot\src\share\vm\prims\jni.cpp, line 709]
Event: 41.859 Thread 0x00000000191c6000 Exception <a 'java/io/FileNotFoundException'> (0x00000000f64014e8) thrown at [C:\re\workspace\8-2-build-windows-amd64-cygwin\jdk8u111\7883\hotspot\src\share\vm\prims\jni.cpp, line 709]
Event: 41.859 Thread 0x00000000191c6000 Exception <a 'java/io/FileNotFoundException'> (0x00000000f64022d8) thrown at [C:\re\workspace\8-2-build-windows-amd64-cygwin\jdk8u111\7883\hotspot\src\share\vm\prims\jni.cpp, line 709]
Event: 41.990 Thread 0x0000000017aeb800 Exception <a 'java/lang/InterruptedException': sleep interrupted> (0x00000000f6369b90) thrown at [C:\re\workspace\8-2-build-windows-amd64-cygwin\jdk8u111\7883\hotspot\src\share\vm\prims\jvm.cpp, line 3224]

Events (10 events):
Event: 42.195 Executing VM operation: RevokeBias done
Event: 42.196 loading class java/lang/ref/Finalizer$3
Event: 42.198 loading class java/lang/ref/Finalizer$3 done
Event: 42.198 Thread 0x0000000017791000 Thread added: 0x0000000017791000
Event: 42.202 Executing VM operation: RevokeBias
Event: 42.202 Executing VM operation: RevokeBias done
Event: 42.203 Executing VM operation: RevokeBias
Event: 42.203 Executing VM operation: RevokeBias done
Event: 42.204 Executing VM operation: RevokeBias
Event: 42.204 Executing VM operation: RevokeBias done


Dynamic libraries:
0x00007ff73d0c0000 - 0x00007ff73d0f7000 	C:\Program Files\Java\jre1.8.0_111\bin\javaw.exe
0x00007ffdb3860000 - 0x00007ffdb3a40000 	C:\WINDOWS\SYSTEM32\ntdll.dll
0x00007ffdb30f0000 - 0x00007ffdb319e000 	C:\WINDOWS\System32\KERNEL32.DLL
0x00007ffdb0ac0000 - 0x00007ffdb0d26000 	C:\WINDOWS\System32\KERNELBASE.dll
0x00007ffdb1000000 - 0x00007ffdb10a1000 	C:\WINDOWS\System32\ADVAPI32.dll
0x00007ffdb3560000 - 0x00007ffdb35fd000 	C:\WINDOWS\System32\msvcrt.dll
0x00007ffdb31a0000 - 0x00007ffdb31fb000 	C:\WINDOWS\System32\sechost.dll
0x00007ffdb1240000 - 0x00007ffdb135f000 	C:\WINDOWS\System32\RPCRT4.dll
0x00007ffdb0d90000 - 0x00007ffdb0f1f000 	C:\WINDOWS\System32\USER32.dll
0x00007ffdb0110000 - 0x00007ffdb0130000 	C:\WINDOWS\System32\win32u.dll
0x00007ffdb3730000 - 0x00007ffdb3758000 	C:\WINDOWS\System32\GDI32.dll
0x00007ffdb0920000 - 0x00007ffdb0ab3000 	C:\WINDOWS\System32\gdi32full.dll
0x00007ffdb0130000 - 0x00007ffdb01cb000 	C:\WINDOWS\System32\msvcp_win.dll
0x00007ffdafc60000 - 0x00007ffdafd56000 	C:\WINDOWS\System32\ucrtbase.dll
0x00007ffd9f5d0000 - 0x00007ffd9f839000 	C:\WINDOWS\WinSxS\amd64_microsoft.windows.common-controls_6595b64144ccf1df_6.0.16299.431_none_15c7d3ee93659e73\COMCTL32.dll
0x00007ffdb1920000 - 0x00007ffdb1c28000 	C:\WINDOWS\System32\combase.dll
0x00007ffdaff80000 - 0x00007ffdafff2000 	C:\WINDOWS\System32\bcryptPrimitives.dll
0x00007ffdb1160000 - 0x00007ffdb118d000 	C:\WINDOWS\System32\IMM32.DLL
0x00000000528b0000 - 0x0000000052982000 	C:\Program Files\Java\jre1.8.0_111\bin\msvcr100.dll
0x0000000052b50000 - 0x00000000533ea000 	C:\Program Files\Java\jre1.8.0_111\bin\server\jvm.dll
0x00007ffdb30e0000 - 0x00007ffdb30e8000 	C:\WINDOWS\System32\PSAPI.DLL
0x00007ffdab9f0000 - 0x00007ffdab9f9000 	C:\WINDOWS\SYSTEM32\WSOCK32.dll
0x00007ffdb3070000 - 0x00007ffdb30dc000 	C:\WINDOWS\System32\WS2_32.dll
0x00007ffdadf40000 - 0x00007ffdadf63000 	C:\WINDOWS\SYSTEM32\WINMM.dll
0x00007ffda15e0000 - 0x00007ffda15ea000 	C:\WINDOWS\SYSTEM32\VERSION.dll
0x00007ffdadee0000 - 0x00007ffdadf0a000 	C:\WINDOWS\SYSTEM32\WINMMBASE.dll
0x00007ffdafd60000 - 0x00007ffdafdaa000 	C:\WINDOWS\System32\cfgmgr32.dll
0x0000000052a60000 - 0x0000000052a6f000 	C:\Program Files\Java\jre1.8.0_111\bin\verify.dll
0x0000000052a30000 - 0x0000000052a59000 	C:\Program Files\Java\jre1.8.0_111\bin\java.dll
0x0000000052a10000 - 0x0000000052a26000 	C:\Program Files\Java\jre1.8.0_111\bin\zip.dll
0x00007ffdb1c30000 - 0x00007ffdb3068000 	C:\WINDOWS\System32\SHELL32.dll
0x00007ffdb1190000 - 0x00007ffdb1236000 	C:\WINDOWS\System32\shcore.dll
0x00007ffdb01d0000 - 0x00007ffdb0917000 	C:\WINDOWS\System32\windows.storage.dll
0x00007ffdb0fa0000 - 0x00007ffdb0ff1000 	C:\WINDOWS\System32\shlwapi.dll
0x00007ffdafc20000 - 0x00007ffdafc31000 	C:\WINDOWS\System32\kernel.appcore.dll
0x00007ffdafbb0000 - 0x00007ffdafbfc000 	C:\WINDOWS\System32\powrprof.dll
0x00007ffdafc40000 - 0x00007ffdafc5b000 	C:\WINDOWS\System32\profapi.dll
0x0000000052710000 - 0x00000000528a8000 	C:\Program Files\Java\jre1.8.0_111\bin\awt.dll
0x00007ffdb3760000 - 0x00007ffdb3825000 	C:\WINDOWS\System32\OLEAUT32.dll
0x00007ffdae060000 - 0x00007ffdae0e8000 	C:\WINDOWS\SYSTEM32\apphelp.dll
0x00007ffdae450000 - 0x00007ffdae47a000 	C:\WINDOWS\system32\DWMAPI.DLL
0x00007ffdae1e0000 - 0x00007ffdae275000 	C:\WINDOWS\system32\uxtheme.dll
0x00007ffdb17b0000 - 0x00007ffdb1917000 	C:\WINDOWS\System32\MSCTF.dll
0x00007ffd99800000 - 0x00007ffd9987f000 	C:\Program Files (x86)\TeamViewer\tv_x64.dll
0x00007ffdb3200000 - 0x00007ffdb3349000 	C:\WINDOWS\System32\ole32.dll
0x00000000526c0000 - 0x0000000052707000 	C:\Program Files\Java\jre1.8.0_111\bin\fontmanager.dll
0x00007ffd99d20000 - 0x00007ffd99db5000 	C:\WINDOWS\system32\RICHED20.DLL
0x00007ffd87ea0000 - 0x00007ffd87eb9000 	C:\WINDOWS\SYSTEM32\USP10.dll
0x00007ffdadfc0000 - 0x00007ffdadff8000 	C:\WINDOWS\SYSTEM32\msls31.dll
0x00007ffdb10b0000 - 0x00007ffdb114e000 	C:\WINDOWS\System32\clbcatq.dll
0x00007ffdaf6b0000 - 0x00007ffdaf6d5000 	C:\WINDOWS\system32\bcrypt.dll
0x00007ffda4f20000 - 0x00007ffda4fb8000 	C:\WINDOWS\System32\TextInputFramework.dll
0x00007ffdaa720000 - 0x00007ffdaaa0e000 	C:\WINDOWS\System32\CoreUIComponents.dll
0x00007ffdad0d0000 - 0x00007ffdad1ac000 	C:\WINDOWS\System32\CoreMessaging.dll
0x00007ffdaece0000 - 0x00007ffdaed11000 	C:\WINDOWS\SYSTEM32\ntmarta.dll
0x00007ffdac050000 - 0x00007ffdac186000 	C:\WINDOWS\SYSTEM32\wintypes.dll
0x00007ffdaf5a0000 - 0x00007ffdaf5b7000 	C:\WINDOWS\SYSTEM32\CRYPTSP.dll
0x00007ffdaefe0000 - 0x00007ffdaf013000 	C:\WINDOWS\system32\rsaenh.dll
0x00007ffdafab0000 - 0x00007ffdafad9000 	C:\WINDOWS\SYSTEM32\USERENV.dll
0x00007ffdaf5c0000 - 0x00007ffdaf5cb000 	C:\WINDOWS\SYSTEM32\CRYPTBASE.dll
0x00000000529f0000 - 0x0000000052a0a000 	C:\Program Files\Java\jre1.8.0_111\bin\net.dll
0x00007ffdaf3e0000 - 0x00007ffdaf446000 	C:\WINDOWS\system32\mswsock.dll
0x00007ffdaf170000 - 0x00007ffdaf1a9000 	C:\WINDOWS\SYSTEM32\IPHLPAPI.DLL
0x00007ffdb3350000 - 0x00007ffdb3358000 	C:\WINDOWS\System32\NSI.dll
0x00007ffdaa480000 - 0x00007ffdaa496000 	C:\WINDOWS\SYSTEM32\dhcpcsvc6.DLL
0x00007ffdaa4e0000 - 0x00007ffdaa4fa000 	C:\WINDOWS\SYSTEM32\dhcpcsvc.DLL
0x00007ffdaf1b0000 - 0x00007ffdaf266000 	C:\WINDOWS\SYSTEM32\DNSAPI.dll
0x00007ffda4840000 - 0x00007ffda484a000 	C:\Windows\System32\rasadhlp.dll
0x00007ffda7050000 - 0x00007ffda70c0000 	C:\WINDOWS\System32\fwpuclnt.dll
0x00000000529d0000 - 0x00000000529e1000 	C:\Program Files\Java\jre1.8.0_111\bin\nio.dll
0x0000000052680000 - 0x00000000526b1000 	C:\Program Files\Java\jre1.8.0_111\bin\jpeg.dll
0x00007ffda09b0000 - 0x00007ffda0b78000 	C:\WINDOWS\SYSTEM32\dbghelp.dll

VM Arguments:
jvm_args: -Dfile.encoding=Cp1252 
java_command: totalcross.Launcher /r 544353541A8E8B2A28D5B8E0 com.app.app
java_class_path (initial): C:\Program Files\Java\jre1.8.0_111\lib\resources.jar;C:\Program Files\Java\jre1.8.0_111\lib\rt.jar;C:\Program Files\Java\jre1.8.0_111\lib\jsse.jar;C:\Program Files\Java\jre1.8.0_111\lib\jce.jar;C:\Program Files\Java\jre1.8.0_111\lib\charsets.jar;C:\Program Files\Java\jre1.8.0_111\lib\jfr.jar;C:\Program Files\Java\jre1.8.0_111\lib\ext\access-bridge-64.jar;C:\Program Files\Java\jre1.8.0_111\lib\ext\cldrdata.jar;C:\Program Files\Java\jre1.8.0_111\lib\ext\dnsns.jar;C:\Program Files\Java\jre1.8.0_111\lib\ext\jaccess.jar;C:\Program Files\Java\jre1.8.0_111\lib\ext\jfxrt.jar;C:\Program Files\Java\jre1.8.0_111\lib\ext\localedata.jar;C:\Program Files\Java\jre1.8.0_111\lib\ext\nashorn.jar;C:\Program Files\Java\jre1.8.0_111\lib\ext\sunec.jar;C:\Program Files\Java\jre1.8.0_111\lib\ext\sunjce_provider.jar;C:\Program Files\Java\jre1.8.0_111\lib\ext\sunmscapi.jar;C:\Program Files\Java\jre1.8.0_111\lib\ext\sunpkcs11.jar;C:\Program Files\Java\jre1.8.0_111\lib\ext\zipfs.jar;C:\Users\marci\eclipse-workspace\app\target\classes;C:\Users\marci\.m2\repository\com\totalcross\utils\tc-utilities\0.0.1-SNAPSHOT\tc-utilities-0.0.1-SNAPSHOT.jar;C:\Users\marci\.m2\repository\com\totalcross\utils\magical-utils\0.0.1-SNAPSHOT\magical-utils-0.0.1-SNAPSHOT.jar;C:\Users\marci\.m2\repository\com\totalcross\totalcross-sdk\4.1.0\totalcross-sdk-4.1.0.jar;C:\Users\marci\.m2\repository\org\vafer\jdeb\0.7\jdeb-0.7.jar;C:\Users\marci\.m2\repository\org\apache\maven\maven-plugin-api\2.0.5\maven-plugin-api-2.0.5.jar;C:\Users\marci\.m2\repository\org\apache\maven\maven-project\2.0.5\maven-project-2.0.5.jar;C:\Users\marci\.m2\repository\org\apache\maven\maven-settings\2.0.5\maven-settings-2.0.5.jar;C:\Users\marci\.m2\repository\org\apache\maven\maven-profile\2.0.5\maven-profile-2.0.5.jar;C:\Users\marci\.m2\repository\org\apache\maven\maven-model\2.0.5\maven-model-2.0.5.jar;C:\Users\marci\.m2\repository\org\apache\maven\maven-artifact-manager\2.0.5\maven-artifact-manager-2.0.5.jar;C:\U
Launcher Type: SUN_STANDARD

Environment Variables:
JAVA_HOME=C:\Program Files\Java\jdk1.8.0_111
PATH=C:/Program Files/Java/jre1.8.0_111/bin/server;C:/Program Files/Java/jre1.8.0_111/bin;C:/Program Files/Java/jre1.8.0_111/lib/amd64;C:\ProgramData\Oracle\Java\javapath;C:\Program Files (x86)\Intel\TXE Components\TCS\;C:\Program Files\Intel\TXE Components\TCS\;C:\WINDOWS\system32;C:\WINDOWS;C:\WINDOWS\System32\Wbem;C:\WINDOWS\System32\WindowsPowerShell\v1.0\;C:\Program Files\Intel\TXE Components\DAL\;C:\Program Files (x86)\Intel\TXE Components\DAL\;C:\Program Files\Intel\TXE Components\IPT\;C:\Program Files (x86)\Intel\TXE Components\IPT\;C:\Program Files\Java\jdk1.8.0_111\bin;C:\TotalCross3\dist\vm\win32;C:\Users\marci\AppData\Local\Microsoft\WindowsApps;c:\TotalCross3\dist\vm\win32;C:\Program Files\Java\jdk1.8.0_111\bin;;C:\Users\marci\Desktop;
USERNAME=marci
OS=Windows_NT
PROCESSOR_IDENTIFIER=Intel64 Family 6 Model 76 Stepping 4, GenuineIntel



---------------  S Y S T E M  ---------------

OS: Windows 10.0 , 64 bit Build 16299 (10.0.16299.431)

CPU:total 2 (2 cores per cpu, 1 threads per core) family 6 model 76 stepping 4, cmov, cx8, fxsr, mmx, sse, sse2, sse3, ssse3, sse4.1, sse4.2, popcnt, aes, clmul, erms, 3dnowpref, tsc, tscinvbit

Memory: 4k page, physical 1946148k(368572k free), swap 3387940k(643576k free)

vm_info: Java HotSpot(TM) 64-Bit Server VM (25.111-b14) for windows-amd64 JRE (1.8.0_111-b14), built on Sep 22 2016 19:24:05 by "java_re" with MS VC++ 10.0 (VS2010)

time: Fri Jun 01 09:24:43 2018
elapsed time: 42 seconds (0d 0h 0m 42s)

