#
# A fatal error has been detected by the Java Runtime Environment:
#
#  EXCEPTION_ACCESS_VIOLATION (0xc0000005) at pc=0x000000006be42be0, pid=8128, tid=0x0000000000001fe4
#
# JRE version: Java(TM) SE Runtime Environment (8.0_111-b14) (build 1.8.0_111-b14)
# Java VM: Java HotSpot(TM) 64-Bit Server VM (25.111-b14 mixed mode windows-amd64 compressed oops)
# Problematic frame:
# C  0x000000006be42be0
#
# Failed to write core dump. Minidumps are not enabled by default on client versions of Windows
#
# If you would like to submit a bug report, please visit:
#   http://bugreport.java.com/bugreport/crash.jsp
# The crash happened outside the Java Virtual Machine in native code.
# See problematic frame for where to report the bug.
#

---------------  T H R E A D  ---------------

Current thread (0x00000000177c0800):  JavaThread "Secondary finalizer" [_thread_in_native, id=8164, stack(0x000000001bad0000,0x000000001bbd0000)]

siginfo: ExceptionCode=0xc0000005, ExceptionInformation=0x0000000000000008 0x000000006be42be0

Registers:
RAX=0x000000006be42be0, RBX=0x0000000018f4a8e8, RCX=0x00000000177c09f8, RDX=0x000000001bbcf088
RSP=0x000000001bbcefe8, RBP=0x000000001bbcf068, RSI=0x0000000000000108, RDI=0x000000000000070e
R8 =0x0000000000000005, R9 =0x00000000f82caf38, R10=0x00000000047a848b, R11=0x0000000052d7b580
R12=0x0000000000000000, R13=0x0000000018f4a8e8, R14=0x000000001bbcf088, R15=0x00000000177c0800
RIP=0x000000006be42be0, EFLAGS=0x0000000000010206

Top of Stack: (sp=0x000000001bbcefe8)
0x000000001bbcefe8:   00000000047a84b7 00000000047956d0
0x000000001bbceff8:   0000000000000000 000000001bbcf1c8
0x000000001bbcf008:   000000001bbcf180 000000001bbcf0f0
0x000000001bbcf018:   0000000000000000 00000000f82caf38
0x000000001bbcf028:   000000001bbcf018 0000000000000000
0x000000001bbcf038:   000000001bbcf088 0000000018f76500
0x000000001bbcf048:   0000000000000000 0000000018f4a8e8
0x000000001bbcf058:   0000000000000000 000000001bbcf088
0x000000001bbcf068:   000000001bbcf0f0 000000000479835d
0x000000001bbcf078:   0000000000000000 00000000047a19d8
0x000000001bbcf088:   00000000f82caf38 00000000f82caf70
0x000000001bbcf098:   0000000000000000 0000000000000009
0x000000001bbcf0a8:   00000000f82caf38 000000001bbcf090
0x000000001bbcf0b8:   0000000018f456c6 000000001bbcf128
0x000000001bbcf0c8:   0000000018f75d10 0000000000000000
0x000000001bbcf0d8:   0000000018f45760 000000001bbcf088 

Instructions: (pc=0x000000006be42be0)
0x000000006be42bc0:   
[error occurred during error reporting (printing registers, top of stack, instructions near pc), id 0xc0000005]

Register to memory mapping:

RAX=0x000000006be42be0 is an unknown value
RBX={method} {0x0000000018f4a8f0} 'free_functions' '()V' in 'org/sqlite/core/NativeDB'
RCX=0x00000000177c09f8 is an unknown value
RDX=0x000000001bbcf088 is pointing into the stack for thread: 0x00000000177c0800
RSP=0x000000001bbcefe8 is pointing into the stack for thread: 0x00000000177c0800
RBP=0x000000001bbcf068 is pointing into the stack for thread: 0x00000000177c0800
RSI=0x0000000000000108 is an unknown value
RDI=0x000000000000070e is an unknown value
R8 =0x0000000000000005 is an unknown value
R9 =0x00000000f82caf38 is an oop
org.sqlite.core.NativeDB 
 - klass: 'org/sqlite/core/NativeDB'
R10=0x00000000047a848b is at code_begin+1227 in an Interpreter codelet
method entry point (kind = native_synchronized)  [0x00000000047a7fc0, 0x00000000047a8aa0]  2784 bytes
R11=0x0000000052d7b580 is an unknown value
R12=0x0000000000000000 is an unknown value
R13={method} {0x0000000018f4a8f0} 'free_functions' '()V' in 'org/sqlite/core/NativeDB'
R14=0x000000001bbcf088 is pointing into the stack for thread: 0x00000000177c0800
R15=0x00000000177c0800 is a thread


Stack: [0x000000001bad0000,0x000000001bbd0000],  sp=0x000000001bbcefe8,  free space=1019k
Native frames: (J=compiled Java code, j=interpreted, Vv=VM code, C=native code)
C  0x000000006be42be0

Java frames: (J=compiled Java code, j=interpreted, Vv=VM code)
j  org.sqlite.core.NativeDB.free_functions()V+0
j  org.sqlite.core.DB.close()V+102
j  org.sqlite.core.CoreConnection.close()V+26
j  org.sqlite.core.CoreConnection.finalize()V+1
J 1409 C1 java.lang.ref.Finalizer.runFinalizer(Lsun/misc/JavaLangAccess;)V (62 bytes) @ 0x0000000004b3bd8c [0x0000000004b3b800+0x58c]
J 914 C1 java.lang.ref.Finalizer.access$100(Ljava/lang/ref/Finalizer;Lsun/misc/JavaLangAccess;)V (6 bytes) @ 0x00000000048b0e1c [0x00000000048b0dc0+0x5c]
j  java.lang.ref.Finalizer$3.run()V+58
j  java.lang.Thread.run()V+11
v  ~StubRoutines::call_stub

---------------  P R O C E S S  ---------------

Java Threads: ( => current thread )
=>0x00000000177c0800 JavaThread "Secondary finalizer" [_thread_in_native, id=8164, stack(0x000000001bad0000,0x000000001bbd0000)]
  0x0000000017c33800 JavaThread "TC Event Thread" daemon [_thread_blocked, id=5220, stack(0x000000001acd0000,0x000000001add0000)]
  0x0000000004692800 JavaThread "DestroyJavaVM" [_thread_blocked, id=5912, stack(0x0000000004550000,0x0000000004650000)]
  0x0000000017809000 JavaThread "AWT-EventQueue-0" [_thread_blocked, id=2256, stack(0x00000000181b0000,0x00000000182b0000)]
  0x000000001782b000 JavaThread "AWT-Shutdown" [_thread_blocked, id=4140, stack(0x0000000017ef0000,0x0000000017ff0000)]
  0x000000001782a000 JavaThread "Java2D Disposer" daemon [_thread_blocked, id=7268, stack(0x0000000017d40000,0x0000000017e40000)]
  0x0000000015891000 JavaThread "Service Thread" daemon [_thread_blocked, id=4924, stack(0x0000000016b40000,0x0000000016c40000)]
  0x0000000015822800 JavaThread "C1 CompilerThread1" daemon [_thread_blocked, id=4776, stack(0x0000000016a40000,0x0000000016b40000)]
  0x000000001580c800 JavaThread "C2 CompilerThread0" daemon [_thread_blocked, id=6060, stack(0x0000000016940000,0x0000000016a40000)]
  0x000000001580b000 JavaThread "Attach Listener" daemon [_thread_blocked, id=4260, stack(0x0000000016840000,0x0000000016940000)]
  0x000000000478e800 JavaThread "Signal Dispatcher" daemon [_thread_blocked, id=3088, stack(0x0000000016740000,0x0000000016840000)]
  0x00000000157f8800 JavaThread "Finalizer" daemon [_thread_blocked, id=1028, stack(0x0000000016440000,0x0000000016540000)]
  0x000000000477f800 JavaThread "Reference Handler" daemon [_thread_blocked, id=2660, stack(0x0000000016340000,0x0000000016440000)]

Other Threads:
  0x00000000157d5800 VMThread [stack: 0x0000000016240000,0x0000000016340000] [id=3540]
  0x000000001589e800 WatcherThread [stack: 0x0000000017040000,0x0000000017140000] [id=5268]

VM state:not at safepoint (normal execution)

VM Mutex/Monitor currently owned by a thread: None

Heap:
 PSYoungGen      total 33792K, used 19531K [0x00000000f6180000, 0x00000000f8380000, 0x0000000100000000)
  eden space 32768K, 56% used [0x00000000f6180000,0x00000000f7395750,0x00000000f8180000)
  from space 1024K, 98% used [0x00000000f8280000,0x00000000f837d5b0,0x00000000f8380000)
  to   space 1024K, 0% used [0x00000000f8180000,0x00000000f8180000,0x00000000f8280000)
 ParOldGen       total 20480K, used 13353K [0x00000000e2400000, 0x00000000e3800000, 0x00000000f6180000)
  object space 20480K, 65% used [0x00000000e2400000,0x00000000e310a4d8,0x00000000e3800000)
 Metaspace       used 12960K, capacity 13254K, committed 13440K, reserved 1060864K
  class space    used 1502K, capacity 1574K, committed 1664K, reserved 1048576K

Card table byte_map: [0x0000000013b50000,0x0000000013c40000] byte_map_base: 0x000000001343e000

Marking Bits: (ParMarkBitMap*) 0x000000005336a6c0
 Begin Bits: [0x0000000013ee0000, 0x0000000014650000)
 End Bits:   [0x0000000014650000, 0x0000000014dc0000)

Polling page: 0x00000000044f0000

CodeCache: size=245760Kb used=5347Kb max_used=5360Kb free=240412Kb
 bounds [0x0000000004790000, 0x0000000004ce0000, 0x0000000013790000]
 total_blobs=1745 nmethods=1256 adapters=402
 compilation: enabled

Compilation events (10 events):
Event: 198.937 Thread 0x0000000015822800 1411       3       java.io.FileInputStream::access$000 (5 bytes)
Event: 198.938 Thread 0x0000000015822800 nmethod 1411 0x0000000004894410 code [0x0000000004894580, 0x00000000048946e8]
Event: 198.939 Thread 0x0000000015822800 1412       1       java.lang.ref.Finalizer::access$400 (5 bytes)
Event: 198.939 Thread 0x0000000015822800 nmethod 1412 0x0000000004b2bf90 code [0x0000000004b2c0e0, 0x0000000004b2c1d0]
Event: 198.939 Thread 0x0000000015822800 1413       3       java.io.FileInputStream::finalize (22 bytes)
Event: 198.940 Thread 0x0000000015822800 nmethod 1413 0x000000000492fed0 code [0x0000000004930040, 0x00000000049302c8]
Event: 198.940 Thread 0x0000000015822800 1414       3       java.lang.ref.Finalizer::access$200 (4 bytes)
Event: 198.940 Thread 0x0000000015822800 nmethod 1414 0x0000000004894110 code [0x0000000004894260, 0x0000000004894390]
Event: 198.941 Thread 0x0000000015822800 1415       3       java.lang.ref.Finalizer::access$300 (4 bytes)
Event: 198.941 Thread 0x0000000015822800 nmethod 1415 0x0000000004b3b350 code [0x0000000004b3b4a0, 0x0000000004b3b5d0]

GC Heap History (8 events):
Event: 1.289 GC heap before
{Heap before GC invocations=1 (full 0):
 PSYoungGen      total 9216K, used 8192K [0x00000000f6180000, 0x00000000f6b80000, 0x0000000100000000)
  eden space 8192K, 100% used [0x00000000f6180000,0x00000000f6980000,0x00000000f6980000)
  from space 1024K, 0% used [0x00000000f6a80000,0x00000000f6a80000,0x00000000f6b80000)
  to   space 1024K, 0% used [0x00000000f6980000,0x00000000f6980000,0x00000000f6a80000)
 ParOldGen       total 20480K, used 0K [0x00000000e2400000, 0x00000000e3800000, 0x00000000f6180000)
  object space 20480K, 0% used [0x00000000e2400000,0x00000000e2400000,0x00000000e3800000)
 Metaspace       used 5491K, capacity 5578K, committed 5760K, reserved 1056768K
  class space    used 585K, capacity 622K, committed 640K, reserved 1048576K
Event: 1.303 GC heap after
Heap after GC invocations=1 (full 0):
 PSYoungGen      total 9216K, used 1024K [0x00000000f6180000, 0x00000000f7380000, 0x0000000100000000)
  eden space 8192K, 0% used [0x00000000f6180000,0x00000000f6180000,0x00000000f6980000)
  from space 1024K, 100% used [0x00000000f6980000,0x00000000f6a80000,0x00000000f6a80000)
  to   space 1024K, 0% used [0x00000000f7280000,0x00000000f7280000,0x00000000f7380000)
 ParOldGen       total 20480K, used 941K [0x00000000e2400000, 0x00000000e3800000, 0x00000000f6180000)
  object space 20480K, 4% used [0x00000000e2400000,0x00000000e24eb488,0x00000000e3800000)
 Metaspace       used 5491K, capacity 5578K, committed 5760K, reserved 1056768K
  class space    used 585K, capacity 622K, committed 640K, reserved 1048576K
}
Event: 2.241 GC heap before
{Heap before GC invocations=2 (full 0):
 PSYoungGen      total 9216K, used 9216K [0x00000000f6180000, 0x00000000f7380000, 0x0000000100000000)
  eden space 8192K, 100% used [0x00000000f6180000,0x00000000f6980000,0x00000000f6980000)
  from space 1024K, 100% used [0x00000000f6980000,0x00000000f6a80000,0x00000000f6a80000)
  to   space 1024K, 0% used [0x00000000f7280000,0x00000000f7280000,0x00000000f7380000)
 ParOldGen       total 20480K, used 941K [0x00000000e2400000, 0x00000000e3800000, 0x00000000f6180000)
  object space 20480K, 4% used [0x00000000e2400000,0x00000000e24eb488,0x00000000e3800000)
 Metaspace       used 9407K, capacity 9666K, committed 9856K, reserved 1058816K
  class space    used 1089K, capacity 1152K, committed 1152K, reserved 1048576K
Event: 2.258 GC heap after
Heap after GC invocations=2 (full 0):
 PSYoungGen      total 17408K, used 992K [0x00000000f6180000, 0x00000000f7380000, 0x0000000100000000)
  eden space 16384K, 0% used [0x00000000f6180000,0x00000000f6180000,0x00000000f7180000)
  from space 1024K, 96% used [0x00000000f7280000,0x00000000f7378020,0x00000000f7380000)
  to   space 1024K, 0% used [0x00000000f7180000,0x00000000f7180000,0x00000000f7280000)
 ParOldGen       total 20480K, used 4057K [0x00000000e2400000, 0x00000000e3800000, 0x00000000f6180000)
  object space 20480K, 19% used [0x00000000e2400000,0x00000000e27f65a0,0x00000000e3800000)
 Metaspace       used 9407K, capacity 9666K, committed 9856K, reserved 1058816K
  class space    used 1089K, capacity 1152K, committed 1152K, reserved 1048576K
}
Event: 4.665 GC heap before
{Heap before GC invocations=3 (full 0):
 PSYoungGen      total 17408K, used 17376K [0x00000000f6180000, 0x00000000f7380000, 0x0000000100000000)
  eden space 16384K, 100% used [0x00000000f6180000,0x00000000f7180000,0x00000000f7180000)
  from space 1024K, 96% used [0x00000000f7280000,0x00000000f7378020,0x00000000f7380000)
  to   space 1024K, 0% used [0x00000000f7180000,0x00000000f7180000,0x00000000f7280000)
 ParOldGen       total 20480K, used 4057K [0x00000000e2400000, 0x00000000e3800000, 0x00000000f6180000)
  object space 20480K, 19% used [0x00000000e2400000,0x00000000e27f65a0,0x00000000e3800000)
 Metaspace       used 9933K, capacity 10114K, committed 10240K, reserved 1058816K
  class space    used 1142K, capacity 1216K, committed 1280K, reserved 1048576K
Event: 4.676 GC heap after
Heap after GC invocations=3 (full 0):
 PSYoungGen      total 17408K, used 1000K [0x00000000f6180000, 0x00000000f8380000, 0x0000000100000000)
  eden space 16384K, 0% used [0x00000000f6180000,0x00000000f6180000,0x00000000f7180000)
  from space 1024K, 97% used [0x00000000f7180000,0x00000000f727a020,0x00000000f7280000)
  to   space 1024K, 0% used [0x00000000f8280000,0x00000000f8280000,0x00000000f8380000)
 ParOldGen       total 20480K, used 8467K [0x00000000e2400000, 0x00000000e3800000, 0x00000000f6180000)
  object space 20480K, 41% used [0x00000000e2400000,0x00000000e2c44f60,0x00000000e3800000)
 Metaspace       used 9933K, capacity 10114K, committed 10240K, reserved 1058816K
  class space    used 1142K, capacity 1216K, committed 1280K, reserved 1048576K
}
Event: 6.308 GC heap before
{Heap before GC invocations=4 (full 0):
 PSYoungGen      total 17408K, used 16927K [0x00000000f6180000, 0x00000000f8380000, 0x0000000100000000)
  eden space 16384K, 97% used [0x00000000f6180000,0x00000000f710df70,0x00000000f7180000)
  from space 1024K, 97% used [0x00000000f7180000,0x00000000f727a020,0x00000000f7280000)
  to   space 1024K, 0% used [0x00000000f8280000,0x00000000f8280000,0x00000000f8380000)
 ParOldGen       total 20480K, used 8467K [0x00000000e2400000, 0x00000000e3800000, 0x00000000f6180000)
  object space 20480K, 41% used [0x00000000e2400000,0x00000000e2c44f60,0x00000000e3800000)
 Metaspace       used 11678K, capacity 11914K, committed 12288K, reserved 1060864K
  class space    used 1335K, capacity 1410K, committed 1536K, reserved 1048576K
Event: 6.325 GC heap after
Heap after GC invocations=4 (full 0):
 PSYoungGen      total 33792K, used 1013K [0x00000000f6180000, 0x00000000f8380000, 0x0000000100000000)
  eden space 32768K, 0% used [0x00000000f6180000,0x00000000f6180000,0x00000000f8180000)
  from space 1024K, 98% used [0x00000000f8280000,0x00000000f837d5b0,0x00000000f8380000)
  to   space 1024K, 0% used [0x00000000f8180000,0x00000000f8180000,0x00000000f8280000)
 ParOldGen       total 20480K, used 13353K [0x00000000e2400000, 0x00000000e3800000, 0x00000000f6180000)
  object space 20480K, 65% used [0x00000000e2400000,0x00000000e310a4d8,0x00000000e3800000)
 Metaspace       used 11678K, capacity 11914K, committed 12288K, reserved 1060864K
  class space    used 1335K, capacity 1410K, committed 1536K, reserved 1048576K
}

Deoptimization events (10 events):
Event: 160.059 Thread 0x0000000017c33800 Uncommon trap: reason=unstable_if action=reinterpret pc=0x0000000004b8a780 method=totalcross.ui.image.Image.getSmoothScaledInstance(II)Ltotalcross/ui/image/Image; @ 715
Event: 160.060 Thread 0x0000000017c33800 Uncommon trap: reason=unstable_if action=reinterpret pc=0x0000000004b4fa74 method=totalcross.ui.image.Image.getSmoothScaledInstance(II)Ltotalcross/ui/image/Image; @ 715
Event: 160.323 Thread 0x00000000177c4000 Uncommon trap: reason=unstable_if action=reinterpret pc=0x0000000004aa6748 method=totalcross.ui.image.Image$ImageLoader.setPixels(IIIILjava/awt/image/ColorModel;[III)V @ 34
Event: 160.323 Thread 0x00000000177c4000 Uncommon trap: reason=unstable_if action=reinterpret pc=0x0000000004a6bce8 method=java.awt.image.DirectColorModel.getAlpha(I)I @ 4
Event: 160.323 Thread 0x00000000177c4000 Uncommon trap: reason=unstable_if action=reinterpret pc=0x0000000004a6b768 method=java.awt.image.DirectColorModel.getAlpha(I)I @ 4
Event: 160.631 Thread 0x0000000017c33800 Uncommon trap: reason=unstable_if action=reinterpret pc=0x0000000004c4eaf0 method=totalcross.ui.gfx.Graphics.fillRect(IIII)V @ 9
Event: 160.639 Thread 0x0000000017c33800 Uncommon trap: reason=unstable_if action=reinterpret pc=0x0000000004ca8e2c method=totalcross.ui.gfx.Graphics.drawText(Ljava/lang/String;III)V @ 254
Event: 162.566 Thread 0x0000000017c33800 Uncommon trap: reason=unstable_if action=reinterpret pc=0x0000000004bdf294 method=totalcross.ui.gfx.Graphics.drawText(Ljava/lang/String;III)V @ 1109
Event: 162.655 Thread 0x0000000017c33800 Uncommon trap: reason=unstable_if action=reinterpret pc=0x00000000049f3728 method=totalcross.ui.gfx.Graphics.drawText(Ljava/lang/String;III)V @ 211
Event: 198.663 Thread 0x0000000017809000 Uncommon trap: reason=unstable_if action=reinterpret pc=0x0000000004b95584 method=totalcross.TCEventThread.invokeInEventThread(ZLjava/lang/Runnable;)V @ 1

Internal exceptions (10 events):
Event: 197.196 Thread 0x00000000179ef000 Exception <a 'java/lang/InterruptedException': sleep interrupted> (0x00000000f72b51f0) thrown at [C:\re\workspace\8-2-build-windows-amd64-cygwin\jdk8u111\7883\hotspot\src\share\vm\prims\jvm.cpp, line 3176]
Event: 197.231 Thread 0x00000000179ef000 Exception <a 'java/lang/InterruptedException': sleep interrupted> (0x00000000f72b54a0) thrown at [C:\re\workspace\8-2-build-windows-amd64-cygwin\jdk8u111\7883\hotspot\src\share\vm\prims\jvm.cpp, line 3176]
Event: 197.696 Thread 0x00000000179ef000 Exception <a 'java/lang/InterruptedException': sleep interrupted> (0x00000000f72b5750) thrown at [C:\re\workspace\8-2-build-windows-amd64-cygwin\jdk8u111\7883\hotspot\src\share\vm\prims\jvm.cpp, line 3176]
Event: 197.731 Thread 0x00000000179ef000 Exception <a 'java/lang/InterruptedException': sleep interrupted> (0x00000000f72b5a00) thrown at [C:\re\workspace\8-2-build-windows-amd64-cygwin\jdk8u111\7883\hotspot\src\share\vm\prims\jvm.cpp, line 3176]
Event: 198.196 Thread 0x00000000179ef000 Exception <a 'java/lang/InterruptedException': sleep interrupted> (0x00000000f72b5cb0) thrown at [C:\re\workspace\8-2-build-windows-amd64-cygwin\jdk8u111\7883\hotspot\src\share\vm\prims\jvm.cpp, line 3224]
Event: 198.231 Thread 0x00000000179ef000 Exception <a 'java/lang/InterruptedException': sleep interrupted> (0x00000000f72b5f60) thrown at [C:\re\workspace\8-2-build-windows-amd64-cygwin\jdk8u111\7883\hotspot\src\share\vm\prims\jvm.cpp, line 3224]
Event: 198.666 Thread 0x0000000017c33800 Exception <a 'java/io/FileNotFoundException'> (0x00000000f72906b8) thrown at [C:\re\workspace\8-2-build-windows-amd64-cygwin\jdk8u111\7883\hotspot\src\share\vm\prims\jni.cpp, line 709]
Event: 198.667 Thread 0x0000000017c33800 Exception <a 'java/io/FileNotFoundException'> (0x00000000f7291160) thrown at [C:\re\workspace\8-2-build-windows-amd64-cygwin\jdk8u111\7883\hotspot\src\share\vm\prims\jni.cpp, line 709]
Event: 198.667 Thread 0x0000000017c33800 Exception <a 'java/io/FileNotFoundException'> (0x00000000f7291f50) thrown at [C:\re\workspace\8-2-build-windows-amd64-cygwin\jdk8u111\7883\hotspot\src\share\vm\prims\jni.cpp, line 709]
Event: 198.821 Thread 0x00000000179ef000 Exception <a 'java/lang/InterruptedException': sleep interrupted> (0x00000000f72b6210) thrown at [C:\re\workspace\8-2-build-windows-amd64-cygwin\jdk8u111\7883\hotspot\src\share\vm\prims\jvm.cpp, line 3224]

Events (10 events):
Event: 198.939 Thread 0x0000000015822800 flushing nmethod 0x000000000492fcd0
Event: 198.939 Executing VM operation: RevokeBias
Event: 198.940 Executing VM operation: RevokeBias done
Event: 198.940 Executing VM operation: RevokeBias
Event: 198.941 Executing VM operation: RevokeBias done
Event: 198.941 Thread 0x0000000015822800 flushing nmethod 0x00000000049b74d0
Event: 198.942 Executing VM operation: RevokeBias
Event: 198.942 Executing VM operation: RevokeBias done
Event: 198.942 Executing VM operation: RevokeBias
Event: 198.942 Executing VM operation: RevokeBias done


Dynamic libraries:
0x00007ff6f7c90000 - 0x00007ff6f7cc7000 	C:\Program Files\Java\jre1.8.0_111\bin\javaw.exe
0x00007ffdb3860000 - 0x00007ffdb3a40000 	C:\WINDOWS\SYSTEM32\ntdll.dll
0x00007ffdb30f0000 - 0x00007ffdb319e000 	C:\WINDOWS\System32\KERNEL32.DLL
0x00007ffdb0ac0000 - 0x00007ffdb0d26000 	C:\WINDOWS\System32\KERNELBASE.dll
0x00007ffdb1000000 - 0x00007ffdb10a1000 	C:\WINDOWS\System32\ADVAPI32.dll
0x00007ffdb3560000 - 0x00007ffdb35fd000 	C:\WINDOWS\System32\msvcrt.dll
0x00007ffdb31a0000 - 0x00007ffdb31fb000 	C:\WINDOWS\System32\sechost.dll
0x00007ffdb1240000 - 0x00007ffdb135f000 	C:\WINDOWS\System32\RPCRT4.dll
0x00007ffdb0d90000 - 0x00007ffdb0f1f000 	C:\WINDOWS\System32\USER32.dll
0x00007ffdb0110000 - 0x00007ffdb0130000 	C:\WINDOWS\System32\win32u.dll
0x00007ffdb3730000 - 0x00007ffdb3758000 	C:\WINDOWS\System32\GDI32.dll
0x00007ffdb0920000 - 0x00007ffdb0ab3000 	C:\WINDOWS\System32\gdi32full.dll
0x00007ffdb0130000 - 0x00007ffdb01cb000 	C:\WINDOWS\System32\msvcp_win.dll
0x00007ffdafc60000 - 0x00007ffdafd56000 	C:\WINDOWS\System32\ucrtbase.dll
0x00007ffd9f5d0000 - 0x00007ffd9f839000 	C:\WINDOWS\WinSxS\amd64_microsoft.windows.common-controls_6595b64144ccf1df_6.0.16299.431_none_15c7d3ee93659e73\COMCTL32.dll
0x00007ffdb1920000 - 0x00007ffdb1c28000 	C:\WINDOWS\System32\combase.dll
0x00007ffdaff80000 - 0x00007ffdafff2000 	C:\WINDOWS\System32\bcryptPrimitives.dll
0x00007ffdb1160000 - 0x00007ffdb118d000 	C:\WINDOWS\System32\IMM32.DLL
0x00000000539d0000 - 0x0000000053aa2000 	C:\Program Files\Java\jre1.8.0_111\bin\msvcr100.dll
0x0000000052b50000 - 0x00000000533ea000 	C:\Program Files\Java\jre1.8.0_111\bin\server\jvm.dll
0x00007ffdb30e0000 - 0x00007ffdb30e8000 	C:\WINDOWS\System32\PSAPI.DLL
0x00007ffdab9f0000 - 0x00007ffdab9f9000 	C:\WINDOWS\SYSTEM32\WSOCK32.dll
0x00007ffdb3070000 - 0x00007ffdb30dc000 	C:\WINDOWS\System32\WS2_32.dll
0x00007ffdadf40000 - 0x00007ffdadf63000 	C:\WINDOWS\SYSTEM32\WINMM.dll
0x00007ffda15e0000 - 0x00007ffda15ea000 	C:\WINDOWS\SYSTEM32\VERSION.dll
0x00007ffdadee0000 - 0x00007ffdadf0a000 	C:\WINDOWS\SYSTEM32\WINMMBASE.dll
0x00007ffdafd60000 - 0x00007ffdafdaa000 	C:\WINDOWS\System32\cfgmgr32.dll
0x0000000052a60000 - 0x0000000052a6f000 	C:\Program Files\Java\jre1.8.0_111\bin\verify.dll
0x0000000052a30000 - 0x0000000052a59000 	C:\Program Files\Java\jre1.8.0_111\bin\java.dll
0x0000000052a10000 - 0x0000000052a26000 	C:\Program Files\Java\jre1.8.0_111\bin\zip.dll
0x00007ffdb1c30000 - 0x00007ffdb3068000 	C:\WINDOWS\System32\SHELL32.dll
0x00007ffdb1190000 - 0x00007ffdb1236000 	C:\WINDOWS\System32\shcore.dll
0x00007ffdb01d0000 - 0x00007ffdb0917000 	C:\WINDOWS\System32\windows.storage.dll
0x00007ffdb0fa0000 - 0x00007ffdb0ff1000 	C:\WINDOWS\System32\shlwapi.dll
0x00007ffdafc20000 - 0x00007ffdafc31000 	C:\WINDOWS\System32\kernel.appcore.dll
0x00007ffdafbb0000 - 0x00007ffdafbfc000 	C:\WINDOWS\System32\powrprof.dll
0x00007ffdafc40000 - 0x00007ffdafc5b000 	C:\WINDOWS\System32\profapi.dll
0x0000000053830000 - 0x00000000539c8000 	C:\Program Files\Java\jre1.8.0_111\bin\awt.dll
0x00007ffdb3760000 - 0x00007ffdb3825000 	C:\WINDOWS\System32\OLEAUT32.dll
0x00007ffdae060000 - 0x00007ffdae0e8000 	C:\WINDOWS\SYSTEM32\apphelp.dll
0x00007ffdae450000 - 0x00007ffdae47a000 	C:\WINDOWS\system32\DWMAPI.DLL
0x00007ffdae1e0000 - 0x00007ffdae275000 	C:\WINDOWS\system32\uxtheme.dll
0x00007ffdb17b0000 - 0x00007ffdb1917000 	C:\WINDOWS\System32\MSCTF.dll
0x00007ffdb3200000 - 0x00007ffdb3349000 	C:\WINDOWS\System32\ole32.dll
0x00000000537e0000 - 0x0000000053827000 	C:\Program Files\Java\jre1.8.0_111\bin\fontmanager.dll
0x00007ffd98050000 - 0x00007ffd980e5000 	C:\WINDOWS\system32\RICHED20.DLL
0x00007ffd87ea0000 - 0x00007ffd87eb9000 	C:\WINDOWS\SYSTEM32\USP10.dll
0x00007ffd9a7f0000 - 0x00007ffd9a828000 	C:\WINDOWS\SYSTEM32\msls31.dll
0x00007ffdb10b0000 - 0x00007ffdb114e000 	C:\WINDOWS\System32\clbcatq.dll
0x00007ffdaf6b0000 - 0x00007ffdaf6d5000 	C:\WINDOWS\system32\bcrypt.dll
0x00007ffda4f20000 - 0x00007ffda4fb8000 	C:\WINDOWS\System32\TextInputFramework.dll
0x00007ffdaa720000 - 0x00007ffdaaa0e000 	C:\WINDOWS\System32\CoreUIComponents.dll
0x00007ffdad0d0000 - 0x00007ffdad1ac000 	C:\WINDOWS\System32\CoreMessaging.dll
0x00007ffdaece0000 - 0x00007ffdaed11000 	C:\WINDOWS\SYSTEM32\ntmarta.dll
0x00007ffdac050000 - 0x00007ffdac186000 	C:\WINDOWS\SYSTEM32\wintypes.dll
0x00007ffdaf5a0000 - 0x00007ffdaf5b7000 	C:\WINDOWS\SYSTEM32\CRYPTSP.dll
0x00007ffdaefe0000 - 0x00007ffdaf013000 	C:\WINDOWS\system32\rsaenh.dll
0x00007ffdafab0000 - 0x00007ffdafad9000 	C:\WINDOWS\SYSTEM32\USERENV.dll
0x00007ffdaf5c0000 - 0x00007ffdaf5cb000 	C:\WINDOWS\SYSTEM32\CRYPTBASE.dll
0x00000000529f0000 - 0x0000000052a0a000 	C:\Program Files\Java\jre1.8.0_111\bin\net.dll
0x00007ffdaf3e0000 - 0x00007ffdaf446000 	C:\WINDOWS\system32\mswsock.dll
0x00007ffdaf170000 - 0x00007ffdaf1a9000 	C:\WINDOWS\SYSTEM32\IPHLPAPI.DLL
0x00007ffdb3350000 - 0x00007ffdb3358000 	C:\WINDOWS\System32\NSI.dll
0x00007ffdaa480000 - 0x00007ffdaa496000 	C:\WINDOWS\SYSTEM32\dhcpcsvc6.DLL
0x00007ffdaf1b0000 - 0x00007ffdaf266000 	C:\WINDOWS\SYSTEM32\DNSAPI.dll
0x00007ffda4840000 - 0x00007ffda484a000 	C:\Windows\System32\rasadhlp.dll
0x00007ffdaa4e0000 - 0x00007ffdaa4fa000 	C:\WINDOWS\SYSTEM32\dhcpcsvc.DLL
0x00007ffda7050000 - 0x00007ffda70c0000 	C:\WINDOWS\System32\fwpuclnt.dll
0x00000000529d0000 - 0x00000000529e1000 	C:\Program Files\Java\jre1.8.0_111\bin\nio.dll
0x00000000537a0000 - 0x00000000537d1000 	C:\Program Files\Java\jre1.8.0_111\bin\jpeg.dll
0x00007ffda09b0000 - 0x00007ffda0b78000 	C:\WINDOWS\SYSTEM32\dbghelp.dll

VM Arguments:
jvm_args: -Dfile.encoding=Cp1252 
java_command: totalcross.Launcher /r 544353541A8E8B2A28D5B8E0 com.app.app
java_class_path (initial): C:\Program Files\Java\jre1.8.0_111\lib\resources.jar;C:\Program Files\Java\jre1.8.0_111\lib\rt.jar;C:\Program Files\Java\jre1.8.0_111\lib\jsse.jar;C:\Program Files\Java\jre1.8.0_111\lib\jce.jar;C:\Program Files\Java\jre1.8.0_111\lib\charsets.jar;C:\Program Files\Java\jre1.8.0_111\lib\jfr.jar;C:\Program Files\Java\jre1.8.0_111\lib\ext\access-bridge-64.jar;C:\Program Files\Java\jre1.8.0_111\lib\ext\cldrdata.jar;C:\Program Files\Java\jre1.8.0_111\lib\ext\dnsns.jar;C:\Program Files\Java\jre1.8.0_111\lib\ext\jaccess.jar;C:\Program Files\Java\jre1.8.0_111\lib\ext\jfxrt.jar;C:\Program Files\Java\jre1.8.0_111\lib\ext\localedata.jar;C:\Program Files\Java\jre1.8.0_111\lib\ext\nashorn.jar;C:\Program Files\Java\jre1.8.0_111\lib\ext\sunec.jar;C:\Program Files\Java\jre1.8.0_111\lib\ext\sunjce_provider.jar;C:\Program Files\Java\jre1.8.0_111\lib\ext\sunmscapi.jar;C:\Program Files\Java\jre1.8.0_111\lib\ext\sunpkcs11.jar;C:\Program Files\Java\jre1.8.0_111\lib\ext\zipfs.jar;C:\Users\marci\eclipse-workspace\app\target\classes;C:\Users\marci\.m2\repository\com\totalcross\utils\tc-utilities\0.0.1-SNAPSHOT\tc-utilities-0.0.1-SNAPSHOT.jar;C:\Users\marci\.m2\repository\com\totalcross\utils\magical-utils\0.0.1-SNAPSHOT\magical-utils-0.0.1-SNAPSHOT.jar;C:\Users\marci\.m2\repository\com\totalcross\totalcross-sdk\4.1.0\totalcross-sdk-4.1.0.jar;C:\Users\marci\.m2\repository\org\vafer\jdeb\0.7\jdeb-0.7.jar;C:\Users\marci\.m2\repository\org\apache\maven\maven-plugin-api\2.0.5\maven-plugin-api-2.0.5.jar;C:\Users\marci\.m2\repository\org\apache\maven\maven-project\2.0.5\maven-project-2.0.5.jar;C:\Users\marci\.m2\repository\org\apache\maven\maven-settings\2.0.5\maven-settings-2.0.5.jar;C:\Users\marci\.m2\repository\org\apache\maven\maven-profile\2.0.5\maven-profile-2.0.5.jar;C:\Users\marci\.m2\repository\org\apache\maven\maven-model\2.0.5\maven-model-2.0.5.jar;C:\Users\marci\.m2\repository\org\apache\maven\maven-artifact-manager\2.0.5\maven-artifact-manager-2.0.5.jar;C:\U
Launcher Type: SUN_STANDARD

Environment Variables:
JAVA_HOME=C:\Program Files\Java\jdk1.8.0_111
PATH=C:/Program Files/Java/jre1.8.0_111/bin/server;C:/Program Files/Java/jre1.8.0_111/bin;C:/Program Files/Java/jre1.8.0_111/lib/amd64;C:\ProgramData\Oracle\Java\javapath;C:\Program Files (x86)\Intel\TXE Components\TCS\;C:\Program Files\Intel\TXE Components\TCS\;C:\WINDOWS\system32;C:\WINDOWS;C:\WINDOWS\System32\Wbem;C:\WINDOWS\System32\WindowsPowerShell\v1.0\;C:\Program Files\Intel\TXE Components\DAL\;C:\Program Files (x86)\Intel\TXE Components\DAL\;C:\Program Files\Intel\TXE Components\IPT\;C:\Program Files (x86)\Intel\TXE Components\IPT\;C:\Program Files\Java\jdk1.8.0_111\bin;C:\TotalCross3\dist\vm\win32;C:\Users\marci\AppData\Local\Microsoft\WindowsApps;c:\TotalCross3\dist\vm\win32;C:\Program Files\Java\jdk1.8.0_111\bin;;C:\Users\marci\Desktop;
USERNAME=marci
OS=Windows_NT
PROCESSOR_IDENTIFIER=Intel64 Family 6 Model 76 Stepping 4, GenuineIntel



---------------  S Y S T E M  ---------------

OS: Windows 10.0 , 64 bit Build 16299 (10.0.16299.431)

CPU:total 2 (2 cores per cpu, 1 threads per core) family 6 model 76 stepping 4, cmov, cx8, fxsr, mmx, sse, sse2, sse3, ssse3, sse4.1, sse4.2, popcnt, aes, clmul, erms, 3dnowpref, tsc, tscinvbit

Memory: 4k page, physical 1946148k(456572k free), swap 5219216k(2160436k free)

vm_info: Java HotSpot(TM) 64-Bit Server VM (25.111-b14) for windows-amd64 JRE (1.8.0_111-b14), built on Sep 22 2016 19:24:05 by "java_re" with MS VC++ 10.0 (VS2010)

time: Sun Jun 03 12:52:48 2018
elapsed time: 199 seconds (0d 0h 3m 19s)

