#
# A fatal error has been detected by the Java Runtime Environment:
#
#  EXCEPTION_ACCESS_VIOLATION (0xc0000005) at pc=0x000000006be42be0, pid=2644, tid=0x0000000000000ea0
#
# JRE version: Java(TM) SE Runtime Environment (8.0_111-b14) (build 1.8.0_111-b14)
# Java VM: Java HotSpot(TM) 64-Bit Server VM (25.111-b14 mixed mode windows-amd64 compressed oops)
# Problematic frame:
# C  0x000000006be42be0
#
# Failed to write core dump. Minidumps are not enabled by default on client versions of Windows
#
# If you would like to submit a bug report, please visit:
#   http://bugreport.java.com/bugreport/crash.jsp
# The crash happened outside the Java Virtual Machine in native code.
# See problematic frame for where to report the bug.
#

---------------  T H R E A D  ---------------

Current thread (0x0000000017438800):  JavaThread "Secondary finalizer" [_thread_in_native, id=3744, stack(0x000000001b100000,0x000000001b200000)]

siginfo: ExceptionCode=0xc0000005, ExceptionInformation=0x0000000000000008 0x000000006be42be0

Registers:
RAX=0x000000006be42be0, RBX=0x0000000018b6a890, RCX=0x00000000174389f8, RDX=0x000000001b1fef08
RSP=0x000000001b1fee68, RBP=0x000000001b1feee8, RSI=0x0000000000000108, RDI=0x0000000000000701
R8 =0x0000000000000005, R9 =0x00000000f70803d0, R10=0x00000000044b848b, R11=0x0000000052d7b580
R12=0x0000000000000000, R13=0x0000000018b6a890, R14=0x000000001b1fef08, R15=0x0000000017438800
RIP=0x000000006be42be0, EFLAGS=0x0000000000010206

Top of Stack: (sp=0x000000001b1fee68)
0x000000001b1fee68:   00000000044b84b7 00000000044a56d0
0x000000001b1fee78:   0000000000000000 000000001b1ff048
0x000000001b1fee88:   000000001b1ff000 000000001b1fef70
0x000000001b1fee98:   0000000000000000 00000000f70803d0
0x000000001b1feea8:   000000001b1fee98 0000000000000000
0x000000001b1feeb8:   000000001b1fef08 0000000018b95e70
0x000000001b1feec8:   0000000000000000 0000000018b6a890
0x000000001b1feed8:   0000000000000000 000000001b1fef08
0x000000001b1feee8:   000000001b1fef70 00000000044a835d
0x000000001b1feef8:   0000000000000000 00000000044b19d8
0x000000001b1fef08:   00000000f70803d0 00000000f7080408
0x000000001b1fef18:   0000000000000000 0000000000000009
0x000000001b1fef28:   00000000f70803d0 000000001b1fef10
0x000000001b1fef38:   0000000018b6566e 000000001b1fefa8
0x000000001b1fef48:   0000000018b95680 0000000000000000
0x000000001b1fef58:   0000000018b65708 000000001b1fef08 

Instructions: (pc=0x000000006be42be0)
0x000000006be42bc0:   
[error occurred during error reporting (printing registers, top of stack, instructions near pc), id 0xc0000005]

Register to memory mapping:

RAX=0x000000006be42be0 is an unknown value
RBX={method} {0x0000000018b6a898} 'free_functions' '()V' in 'org/sqlite/core/NativeDB'
RCX=0x00000000174389f8 is an unknown value
RDX=0x000000001b1fef08 is pointing into the stack for thread: 0x0000000017438800
RSP=0x000000001b1fee68 is pointing into the stack for thread: 0x0000000017438800
RBP=0x000000001b1feee8 is pointing into the stack for thread: 0x0000000017438800
RSI=0x0000000000000108 is an unknown value
RDI=0x0000000000000701 is an unknown value
R8 =0x0000000000000005 is an unknown value
R9 =0x00000000f70803d0 is an oop
org.sqlite.core.NativeDB 
 - klass: 'org/sqlite/core/NativeDB'
R10=0x00000000044b848b is at code_begin+1227 in an Interpreter codelet
method entry point (kind = native_synchronized)  [0x00000000044b7fc0, 0x00000000044b8aa0]  2784 bytes
R11=0x0000000052d7b580 is an unknown value
R12=0x0000000000000000 is an unknown value
R13={method} {0x0000000018b6a898} 'free_functions' '()V' in 'org/sqlite/core/NativeDB'
R14=0x000000001b1fef08 is pointing into the stack for thread: 0x0000000017438800
R15=0x0000000017438800 is a thread


Stack: [0x000000001b100000,0x000000001b200000],  sp=0x000000001b1fee68,  free space=1019k
Native frames: (J=compiled Java code, j=interpreted, Vv=VM code, C=native code)
C  0x000000006be42be0

Java frames: (J=compiled Java code, j=interpreted, Vv=VM code)
j  org.sqlite.core.NativeDB.free_functions()V+0
j  org.sqlite.core.DB.close()V+102
j  org.sqlite.core.CoreConnection.close()V+26
j  org.sqlite.core.CoreConnection.finalize()V+1
J 917 C1 java.lang.ref.Finalizer.runFinalizer(Lsun/misc/JavaLangAccess;)V (62 bytes) @ 0x000000000482288c [0x0000000004822300+0x58c]
J 879 C1 java.lang.ref.Finalizer.access$100(Ljava/lang/ref/Finalizer;Lsun/misc/JavaLangAccess;)V (6 bytes) @ 0x00000000045c5e5c [0x00000000045c5e00+0x5c]
j  java.lang.ref.Finalizer$3.run()V+58
j  java.lang.Thread.run()V+11
v  ~StubRoutines::call_stub

---------------  P R O C E S S  ---------------

Java Threads: ( => current thread )
=>0x0000000017438800 JavaThread "Secondary finalizer" [_thread_in_native, id=3744, stack(0x000000001b100000,0x000000001b200000)]
  0x0000000018f25800 JavaThread "TC Event Thread" daemon [_thread_blocked, id=2620, stack(0x000000001a900000,0x000000001aa00000)]
  0x00000000042a2800 JavaThread "DestroyJavaVM" [_thread_blocked, id=2800, stack(0x00000000029e0000,0x0000000002ae0000)]
  0x0000000017486800 JavaThread "AWT-EventQueue-0" [_thread_blocked, id=2076, stack(0x0000000017d90000,0x0000000017e90000)]
  0x0000000017469800 JavaThread "AWT-Shutdown" [_thread_blocked, id=4080, stack(0x0000000017b90000,0x0000000017c90000)]
  0x0000000017469000 JavaThread "Java2D Disposer" daemon [_thread_blocked, id=5056, stack(0x0000000017a90000,0x0000000017b90000)]
  0x00000000154ff800 JavaThread "Service Thread" daemon [_thread_blocked, id=3756, stack(0x00000000167c0000,0x00000000168c0000)]
  0x0000000015489800 JavaThread "C1 CompilerThread1" daemon [_thread_blocked, id=4108, stack(0x00000000166c0000,0x00000000167c0000)]
  0x000000001547b800 JavaThread "C2 CompilerThread0" daemon [_thread_blocked, id=4552, stack(0x00000000165c0000,0x00000000166c0000)]
  0x000000001547a000 JavaThread "Attach Listener" daemon [_thread_blocked, id=5588, stack(0x00000000164c0000,0x00000000165c0000)]
  0x0000000015477000 JavaThread "Signal Dispatcher" daemon [_thread_blocked, id=2884, stack(0x00000000163c0000,0x00000000164c0000)]
  0x0000000015468800 JavaThread "Finalizer" daemon [_thread_blocked, id=1320, stack(0x00000000160c0000,0x00000000161c0000)]
  0x0000000004390000 JavaThread "Reference Handler" daemon [_thread_blocked, id=6192, stack(0x0000000015fc0000,0x00000000160c0000)]

Other Threads:
  0x0000000015445800 VMThread [stack: 0x0000000015ec0000,0x0000000015fc0000] [id=4504]
  0x0000000015506800 WatcherThread [stack: 0x0000000016cc0000,0x0000000016dc0000] [id=6484]

VM state:not at safepoint (normal execution)

VM Mutex/Monitor currently owned by a thread: None

Heap:
 PSYoungGen      total 13312K, used 11593K [0x00000000f6180000, 0x00000000f7780000, 0x0000000100000000)
  eden space 7168K, 85% used [0x00000000f6180000,0x00000000f6779318,0x00000000f6880000)
  from space 6144K, 89% used [0x00000000f6f80000,0x00000000f74d90e8,0x00000000f7580000)
  to   space 7168K, 0% used [0x00000000f6880000,0x00000000f6880000,0x00000000f6f80000)
 ParOldGen       total 20480K, used 9450K [0x00000000e2400000, 0x00000000e3800000, 0x00000000f6180000)
  object space 20480K, 46% used [0x00000000e2400000,0x00000000e2d3a8b8,0x00000000e3800000)
 Metaspace       used 12239K, capacity 12502K, committed 12800K, reserved 1060864K
  class space    used 1389K, capacity 1476K, committed 1536K, reserved 1048576K

Card table byte_map: [0x0000000013860000,0x0000000013950000] byte_map_base: 0x000000001314e000

Marking Bits: (ParMarkBitMap*) 0x000000005336a6c0
 Begin Bits: [0x0000000013b50000, 0x00000000142c0000)
 End Bits:   [0x00000000142c0000, 0x0000000014a30000)

Polling page: 0x00000000026b0000

CodeCache: size=245760Kb used=4142Kb max_used=4164Kb free=241617Kb
 bounds [0x00000000044a0000, 0x00000000048c0000, 0x00000000134a0000]
 total_blobs=1486 nmethods=998 adapters=402
 compilation: enabled

Compilation events (10 events):
Event: 61.593 Thread 0x0000000015489800 1100       3       java.awt.KeyboardFocusManager::checkKFMSecurity (11 bytes)
Event: 61.598 Thread 0x0000000015489800 nmethod 1100 0x00000000048a53d0 code [0x00000000048a55a0, 0x00000000048a5ab8]
Event: 62.964 Thread 0x0000000015489800 1101       3       java.lang.Class::arrayContentsEq (70 bytes)
Event: 62.965 Thread 0x0000000015489800 nmethod 1101 0x00000000048a3b90 code [0x00000000048a3d20, 0x00000000048a4150]
Event: 62.990 Thread 0x000000001547b800 1102       4       java.io.File::<init> (47 bytes)
Event: 63.004 Thread 0x000000001547b800 nmethod 1102 0x00000000048a0490 code [0x00000000048a0600, 0x00000000048a08c8]
Event: 63.018 Thread 0x0000000015489800 1103       3       java.io.FileInputStream::read (8 bytes)
Event: 63.018 Thread 0x0000000015489800 nmethod 1103 0x00000000048a0110 code [0x00000000048a0280, 0x00000000048a0408]
Event: 63.116 Thread 0x000000001547b800 1104       4       java.io.FileInputStream::read (8 bytes)
Event: 63.117 Thread 0x000000001547b800 nmethod 1104 0x0000000004759110 code [0x0000000004759260, 0x00000000047592e8]

GC Heap History (10 events):
Event: 2.045 GC heap before
{Heap before GC invocations=2 (full 0):
 PSYoungGen      total 9216K, used 9184K [0x00000000f6180000, 0x00000000f6b80000, 0x0000000100000000)
  eden space 8192K, 100% used [0x00000000f6180000,0x00000000f6980000,0x00000000f6980000)
  from space 1024K, 96% used [0x00000000f6980000,0x00000000f6a78020,0x00000000f6a80000)
  to   space 1024K, 0% used [0x00000000f6a80000,0x00000000f6a80000,0x00000000f6b80000)
 ParOldGen       total 20480K, used 982K [0x00000000e2400000, 0x00000000e3800000, 0x00000000f6180000)
  object space 20480K, 4% used [0x00000000e2400000,0x00000000e24f5ad0,0x00000000e3800000)
 Metaspace       used 9410K, capacity 9666K, committed 9856K, reserved 1058816K
  class space    used 1089K, capacity 1152K, committed 1152K, reserved 1048576K
Event: 2.061 GC heap after
Heap after GC invocations=2 (full 0):
 PSYoungGen      total 9216K, used 992K [0x00000000f6180000, 0x00000000f7380000, 0x0000000100000000)
  eden space 8192K, 0% used [0x00000000f6180000,0x00000000f6180000,0x00000000f6980000)
  from space 1024K, 96% used [0x00000000f6a80000,0x00000000f6b78020,0x00000000f6b80000)
  to   space 1024K, 0% used [0x00000000f6980000,0x00000000f6980000,0x00000000f6a80000)
 ParOldGen       total 20480K, used 3942K [0x00000000e2400000, 0x00000000e3800000, 0x00000000f6180000)
  object space 20480K, 19% used [0x00000000e2400000,0x00000000e27d98e8,0x00000000e3800000)
 Metaspace       used 9410K, capacity 9666K, committed 9856K, reserved 1058816K
  class space    used 1089K, capacity 1152K, committed 1152K, reserved 1048576K
}
Event: 2.724 GC heap before
{Heap before GC invocations=3 (full 0):
 PSYoungGen      total 9216K, used 9184K [0x00000000f6180000, 0x00000000f7380000, 0x0000000100000000)
  eden space 8192K, 100% used [0x00000000f6180000,0x00000000f6980000,0x00000000f6980000)
  from space 1024K, 96% used [0x00000000f6a80000,0x00000000f6b78020,0x00000000f6b80000)
  to   space 1024K, 0% used [0x00000000f6980000,0x00000000f6980000,0x00000000f6a80000)
 ParOldGen       total 20480K, used 3942K [0x00000000e2400000, 0x00000000e3800000, 0x00000000f6180000)
  object space 20480K, 19% used [0x00000000e2400000,0x00000000e27d98e8,0x00000000e3800000)
 Metaspace       used 9681K, capacity 9890K, committed 10240K, reserved 1058816K
  class space    used 1114K, capacity 1184K, committed 1280K, reserved 1048576K
Event: 2.734 GC heap after
Heap after GC invocations=3 (full 0):
 PSYoungGen      total 9216K, used 1021K [0x00000000f6180000, 0x00000000f7380000, 0x0000000100000000)
  eden space 8192K, 0% used [0x00000000f6180000,0x00000000f6180000,0x00000000f6980000)
  from space 1024K, 99% used [0x00000000f6980000,0x00000000f6a7f4d0,0x00000000f6a80000)
  to   space 1024K, 0% used [0x00000000f7280000,0x00000000f7280000,0x00000000f7380000)
 ParOldGen       total 20480K, used 8261K [0x00000000e2400000, 0x00000000e3800000, 0x00000000f6180000)
  object space 20480K, 40% used [0x00000000e2400000,0x00000000e2c11620,0x00000000e3800000)
 Metaspace       used 9681K, capacity 9890K, committed 10240K, reserved 1058816K
  class space    used 1114K, capacity 1184K, committed 1280K, reserved 1048576K
}
Event: 4.555 GC heap before
{Heap before GC invocations=4 (full 0):
 PSYoungGen      total 9216K, used 9213K [0x00000000f6180000, 0x00000000f7380000, 0x0000000100000000)
  eden space 8192K, 100% used [0x00000000f6180000,0x00000000f6980000,0x00000000f6980000)
  from space 1024K, 99% used [0x00000000f6980000,0x00000000f6a7f4d0,0x00000000f6a80000)
  to   space 1024K, 0% used [0x00000000f7280000,0x00000000f7280000,0x00000000f7380000)
 ParOldGen       total 20480K, used 8261K [0x00000000e2400000, 0x00000000e3800000, 0x00000000f6180000)
  object space 20480K, 40% used [0x00000000e2400000,0x00000000e2c11620,0x00000000e3800000)
 Metaspace       used 9943K, capacity 10178K, committed 10496K, reserved 1058816K
  class space    used 1142K, capacity 1216K, committed 1280K, reserved 1048576K
Event: 4.560 GC heap after
Heap after GC invocations=4 (full 0):
 PSYoungGen      total 9216K, used 1021K [0x00000000f6180000, 0x00000000f7380000, 0x0000000100000000)
  eden space 8192K, 0% used [0x00000000f6180000,0x00000000f6180000,0x00000000f6980000)
  from space 1024K, 99% used [0x00000000f7280000,0x00000000f737f4d0,0x00000000f7380000)
  to   space 1024K, 0% used [0x00000000f6980000,0x00000000f6980000,0x00000000f6a80000)
 ParOldGen       total 20480K, used 8418K [0x00000000e2400000, 0x00000000e3800000, 0x00000000f6180000)
  object space 20480K, 41% used [0x00000000e2400000,0x00000000e2c38a58,0x00000000e3800000)
 Metaspace       used 9943K, capacity 10178K, committed 10496K, reserved 1058816K
  class space    used 1142K, capacity 1216K, committed 1280K, reserved 1048576K
}
Event: 5.799 GC heap before
{Heap before GC invocations=5 (full 0):
 PSYoungGen      total 9216K, used 9213K [0x00000000f6180000, 0x00000000f7380000, 0x0000000100000000)
  eden space 8192K, 100% used [0x00000000f6180000,0x00000000f6980000,0x00000000f6980000)
  from space 1024K, 99% used [0x00000000f7280000,0x00000000f737f4d0,0x00000000f7380000)
  to   space 1024K, 0% used [0x00000000f6980000,0x00000000f6980000,0x00000000f6a80000)
 ParOldGen       total 20480K, used 8418K [0x00000000e2400000, 0x00000000e3800000, 0x00000000f6180000)
  object space 20480K, 41% used [0x00000000e2400000,0x00000000e2c38a58,0x00000000e3800000)
 Metaspace       used 11328K, capacity 11562K, committed 11648K, reserved 1058816K
  class space    used 1298K, capacity 1378K, committed 1408K, reserved 1048576K
Event: 5.806 GC heap after
Heap after GC invocations=5 (full 0):
 PSYoungGen      total 9216K, used 1021K [0x00000000f6180000, 0x00000000f7580000, 0x0000000100000000)
  eden space 8192K, 0% used [0x00000000f6180000,0x00000000f6180000,0x00000000f6980000)
  from space 1024K, 99% used [0x00000000f6980000,0x00000000f6a7f4d0,0x00000000f6a80000)
  to   space 6144K, 0% used [0x00000000f6f80000,0x00000000f6f80000,0x00000000f7580000)
 ParOldGen       total 20480K, used 9450K [0x00000000e2400000, 0x00000000e3800000, 0x00000000f6180000)
  object space 20480K, 46% used [0x00000000e2400000,0x00000000e2d3a8b8,0x00000000e3800000)
 Metaspace       used 11328K, capacity 11562K, committed 11648K, reserved 1058816K
  class space    used 1298K, capacity 1378K, committed 1408K, reserved 1048576K
}
Event: 6.721 GC heap before
{Heap before GC invocations=6 (full 0):
 PSYoungGen      total 9216K, used 8442K [0x00000000f6180000, 0x00000000f7580000, 0x0000000100000000)
  eden space 8192K, 90% used [0x00000000f6180000,0x00000000f68bf638,0x00000000f6980000)
  from space 1024K, 99% used [0x00000000f6980000,0x00000000f6a7f4d0,0x00000000f6a80000)
  to   space 6144K, 0% used [0x00000000f6f80000,0x00000000f6f80000,0x00000000f7580000)
 ParOldGen       total 20480K, used 9450K [0x00000000e2400000, 0x00000000e3800000, 0x00000000f6180000)
  object space 20480K, 46% used [0x00000000e2400000,0x00000000e2d3a8b8,0x00000000e3800000)
 Metaspace       used 11698K, capacity 11914K, committed 12288K, reserved 1060864K
  class space    used 1334K, capacity 1410K, committed 1536K, reserved 1048576K
Event: 6.730 GC heap after
Heap after GC invocations=6 (full 0):
 PSYoungGen      total 13312K, used 5476K [0x00000000f6180000, 0x00000000f7780000, 0x0000000100000000)
  eden space 7168K, 0% used [0x00000000f6180000,0x00000000f6180000,0x00000000f6880000)
  from space 6144K, 89% used [0x00000000f6f80000,0x00000000f74d90e8,0x00000000f7580000)
  to   space 7168K, 0% used [0x00000000f6880000,0x00000000f6880000,0x00000000f6f80000)
 ParOldGen       total 20480K, used 9450K [0x00000000e2400000, 0x00000000e3800000, 0x00000000f6180000)
  object space 20480K, 46% used [0x00000000e2400000,0x00000000e2d3a8b8,0x00000000e3800000)
 Metaspace       used 11698K, capacity 11914K, committed 12288K, reserved 1060864K
  class space    used 1334K, capacity 1410K, committed 1536K, reserved 1048576K
}

Deoptimization events (10 events):
Event: 1.936 Thread 0x00000000042a2800 Uncommon trap: reason=class_check action=maybe_recompile pc=0x0000000004717be0 method=java.util.zip.InflaterInputStream.read([BII)I @ 100
Event: 5.304 Thread 0x0000000018f25800 Uncommon trap: reason=null_check action=make_not_entrant pc=0x000000000474d6a8 method=java.lang.StringCoding.decode(Ljava/lang/String;[BII)[C @ 6
Event: 5.352 Thread 0x0000000018f25800 Uncommon trap: reason=unstable_if action=reinterpret pc=0x000000000475f1d8 method=java.io.WinNTFileSystem.normalize(Ljava/lang/String;)Ljava/lang/String; @ 128
Event: 5.404 Thread 0x0000000017434800 Uncommon trap: reason=unstable_if action=reinterpret pc=0x00000000047a24a4 method=java.io.BufferedInputStream.read1([BII)I @ 22
Event: 9.628 Thread 0x0000000018f88800 Uncommon trap: reason=unstable_if action=reinterpret pc=0x0000000004824c8c method=sun.awt.image.ImageRepresentation.getOpaqueRGBImage()Ljava/awt/image/BufferedImage; @ 57
Event: 9.807 Thread 0x0000000018f88800 Uncommon trap: reason=unstable_if action=reinterpret pc=0x00000000046efde4 method=sun.awt.image.ImageRepresentation.getOpaqueRGBImage()Ljava/awt/image/BufferedImage; @ 71
Event: 9.862 Thread 0x0000000018f25800 Uncommon trap: reason=unstable_if action=reinterpret pc=0x0000000004625b3c method=totalcross.ui.gfx.Graphics.addError([IIIIIIIIII)V @ 9
Event: 9.872 Thread 0x0000000018f25800 Uncommon trap: reason=unstable_if action=reinterpret pc=0x00000000045b6fd0 method=totalcross.ui.gfx.Graphics.drawSurface([ILjava/lang/Object;IIIIIIZIIII)V @ 558
Event: 9.903 Thread 0x0000000018f25800 Uncommon trap: reason=unstable_if action=reinterpret pc=0x00000000045abb08 method=totalcross.ui.gfx.Graphics.drawSurface([ILjava/lang/Object;IIIIIIZIIII)V @ 558
Event: 9.956 Thread 0x0000000018f25800 Uncommon trap: reason=unstable_if action=reinterpret pc=0x00000000045df214 method=totalcross.Launcher.updateScreen()V @ 216

Internal exceptions (10 events):
Event: 14.714 Thread 0x0000000018dd8800 Exception <a 'java/lang/InterruptedException': sleep interrupted> (0x00000000f658efb0) thrown at [C:\re\workspace\8-2-build-windows-amd64-cygwin\jdk8u111\7883\hotspot\src\share\vm\prims\jvm.cpp, line 3176]
Event: 14.728 Thread 0x0000000018dd8800 Exception <a 'java/lang/InterruptedException': sleep interrupted> (0x00000000f658f260) thrown at [C:\re\workspace\8-2-build-windows-amd64-cygwin\jdk8u111\7883\hotspot\src\share\vm\prims\jvm.cpp, line 3176]
Event: 14.744 Thread 0x0000000018dd8800 Exception <a 'java/lang/InterruptedException': sleep interrupted> (0x00000000f658f510) thrown at [C:\re\workspace\8-2-build-windows-amd64-cygwin\jdk8u111\7883\hotspot\src\share\vm\prims\jvm.cpp, line 3176]
Event: 14.759 Thread 0x0000000018dd8800 Exception <a 'java/lang/InterruptedException': sleep interrupted> (0x00000000f658f7c0) thrown at [C:\re\workspace\8-2-build-windows-amd64-cygwin\jdk8u111\7883\hotspot\src\share\vm\prims\jvm.cpp, line 3176]
Event: 14.786 Thread 0x0000000018dd8800 Exception <a 'java/lang/InterruptedException': sleep interrupted> (0x00000000f662b5a0) thrown at [C:\re\workspace\8-2-build-windows-amd64-cygwin\jdk8u111\7883\hotspot\src\share\vm\prims\jvm.cpp, line 3176]
Event: 14.857 Thread 0x0000000018dd8800 Exception <a 'java/lang/InterruptedException': sleep interrupted> (0x00000000f662ba08) thrown at [C:\re\workspace\8-2-build-windows-amd64-cygwin\jdk8u111\7883\hotspot\src\share\vm\prims\jvm.cpp, line 3176]
Event: 62.970 Thread 0x0000000018f25800 Exception <a 'java/io/FileNotFoundException'> (0x00000000f6678890) thrown at [C:\re\workspace\8-2-build-windows-amd64-cygwin\jdk8u111\7883\hotspot\src\share\vm\prims\jni.cpp, line 709]
Event: 62.970 Thread 0x0000000018f25800 Exception <a 'java/io/FileNotFoundException'> (0x00000000f6679338) thrown at [C:\re\workspace\8-2-build-windows-amd64-cygwin\jdk8u111\7883\hotspot\src\share\vm\prims\jni.cpp, line 709]
Event: 62.970 Thread 0x0000000018f25800 Exception <a 'java/io/FileNotFoundException'> (0x00000000f667a128) thrown at [C:\re\workspace\8-2-build-windows-amd64-cygwin\jdk8u111\7883\hotspot\src\share\vm\prims\jni.cpp, line 709]
Event: 63.125 Thread 0x0000000018dd8800 Exception <a 'java/lang/InterruptedException': sleep interrupted> (0x00000000f66df098) thrown at [C:\re\workspace\8-2-build-windows-amd64-cygwin\jdk8u111\7883\hotspot\src\share\vm\prims\jvm.cpp, line 3224]

Events (10 events):
Event: 63.236 Executing VM operation: RevokeBias
Event: 63.236 Executing VM operation: RevokeBias done
Event: 63.236 Executing VM operation: BulkRevokeBias
Event: 63.237 Executing VM operation: BulkRevokeBias done
Event: 63.237 Executing VM operation: RevokeBias
Event: 63.237 Executing VM operation: RevokeBias done
Event: 63.237 Executing VM operation: RevokeBias
Event: 63.237 Executing VM operation: RevokeBias done
Event: 63.238 Executing VM operation: RevokeBias
Event: 63.238 Executing VM operation: RevokeBias done


Dynamic libraries:
0x00007ff6f1500000 - 0x00007ff6f1537000 	C:\Program Files\Java\jre1.8.0_111\bin\javaw.exe
0x00007ffdb3860000 - 0x00007ffdb3a40000 	C:\WINDOWS\SYSTEM32\ntdll.dll
0x00007ffdb30f0000 - 0x00007ffdb319e000 	C:\WINDOWS\System32\KERNEL32.DLL
0x00007ffdb0ac0000 - 0x00007ffdb0d26000 	C:\WINDOWS\System32\KERNELBASE.dll
0x00007ffdb1000000 - 0x00007ffdb10a1000 	C:\WINDOWS\System32\ADVAPI32.dll
0x00007ffdb3560000 - 0x00007ffdb35fd000 	C:\WINDOWS\System32\msvcrt.dll
0x00007ffdb31a0000 - 0x00007ffdb31fb000 	C:\WINDOWS\System32\sechost.dll
0x00007ffdb1240000 - 0x00007ffdb135f000 	C:\WINDOWS\System32\RPCRT4.dll
0x00007ffdb0d90000 - 0x00007ffdb0f1f000 	C:\WINDOWS\System32\USER32.dll
0x00007ffdb0110000 - 0x00007ffdb0130000 	C:\WINDOWS\System32\win32u.dll
0x00007ffdb3730000 - 0x00007ffdb3758000 	C:\WINDOWS\System32\GDI32.dll
0x00007ffdb0920000 - 0x00007ffdb0ab3000 	C:\WINDOWS\System32\gdi32full.dll
0x00007ffdb0130000 - 0x00007ffdb01cb000 	C:\WINDOWS\System32\msvcp_win.dll
0x00007ffdafc60000 - 0x00007ffdafd56000 	C:\WINDOWS\System32\ucrtbase.dll
0x00007ffd9f5d0000 - 0x00007ffd9f839000 	C:\WINDOWS\WinSxS\amd64_microsoft.windows.common-controls_6595b64144ccf1df_6.0.16299.431_none_15c7d3ee93659e73\COMCTL32.dll
0x00007ffdb1920000 - 0x00007ffdb1c28000 	C:\WINDOWS\System32\combase.dll
0x00007ffdaff80000 - 0x00007ffdafff2000 	C:\WINDOWS\System32\bcryptPrimitives.dll
0x00007ffdb1160000 - 0x00007ffdb118d000 	C:\WINDOWS\System32\IMM32.DLL
0x00000000539d0000 - 0x0000000053aa2000 	C:\Program Files\Java\jre1.8.0_111\bin\msvcr100.dll
0x0000000052b50000 - 0x00000000533ea000 	C:\Program Files\Java\jre1.8.0_111\bin\server\jvm.dll
0x00007ffdb30e0000 - 0x00007ffdb30e8000 	C:\WINDOWS\System32\PSAPI.DLL
0x00007ffdab9f0000 - 0x00007ffdab9f9000 	C:\WINDOWS\SYSTEM32\WSOCK32.dll
0x00007ffdadf40000 - 0x00007ffdadf63000 	C:\WINDOWS\SYSTEM32\WINMM.dll
0x00007ffdb3070000 - 0x00007ffdb30dc000 	C:\WINDOWS\System32\WS2_32.dll
0x00007ffda15e0000 - 0x00007ffda15ea000 	C:\WINDOWS\SYSTEM32\VERSION.dll
0x00007ffdadee0000 - 0x00007ffdadf0a000 	C:\WINDOWS\SYSTEM32\winmmbase.dll
0x00007ffdafd60000 - 0x00007ffdafdaa000 	C:\WINDOWS\System32\cfgmgr32.dll
0x0000000052a60000 - 0x0000000052a6f000 	C:\Program Files\Java\jre1.8.0_111\bin\verify.dll
0x0000000052a30000 - 0x0000000052a59000 	C:\Program Files\Java\jre1.8.0_111\bin\java.dll
0x0000000052a10000 - 0x0000000052a26000 	C:\Program Files\Java\jre1.8.0_111\bin\zip.dll
0x00007ffdb1c30000 - 0x00007ffdb3068000 	C:\WINDOWS\System32\SHELL32.dll
0x00007ffdb1190000 - 0x00007ffdb1236000 	C:\WINDOWS\System32\shcore.dll
0x00007ffdb01d0000 - 0x00007ffdb0917000 	C:\WINDOWS\System32\windows.storage.dll
0x00007ffdb0fa0000 - 0x00007ffdb0ff1000 	C:\WINDOWS\System32\shlwapi.dll
0x00007ffdafc20000 - 0x00007ffdafc31000 	C:\WINDOWS\System32\kernel.appcore.dll
0x00007ffdafbb0000 - 0x00007ffdafbfc000 	C:\WINDOWS\System32\powrprof.dll
0x00007ffdafc40000 - 0x00007ffdafc5b000 	C:\WINDOWS\System32\profapi.dll
0x0000000053830000 - 0x00000000539c8000 	C:\Program Files\Java\jre1.8.0_111\bin\awt.dll
0x00007ffdb3760000 - 0x00007ffdb3825000 	C:\WINDOWS\System32\OLEAUT32.dll
0x00007ffdae060000 - 0x00007ffdae0e8000 	C:\WINDOWS\SYSTEM32\apphelp.dll
0x00007ffdae450000 - 0x00007ffdae47a000 	C:\WINDOWS\system32\DWMAPI.DLL
0x00007ffdae1e0000 - 0x00007ffdae275000 	C:\WINDOWS\system32\uxtheme.dll
0x00007ffdb17b0000 - 0x00007ffdb1917000 	C:\WINDOWS\System32\MSCTF.dll
0x00007ffdb3200000 - 0x00007ffdb3349000 	C:\WINDOWS\System32\ole32.dll
0x00000000537e0000 - 0x0000000053827000 	C:\Program Files\Java\jre1.8.0_111\bin\fontmanager.dll
0x00007ffd9afc0000 - 0x00007ffd9b055000 	C:\WINDOWS\system32\RICHED20.DLL
0x00007ffd87ea0000 - 0x00007ffd87eb9000 	C:\WINDOWS\SYSTEM32\USP10.dll
0x00007ffd9af80000 - 0x00007ffd9afb8000 	C:\WINDOWS\SYSTEM32\msls31.dll
0x00007ffdb10b0000 - 0x00007ffdb114e000 	C:\WINDOWS\System32\clbcatq.dll
0x00007ffdaf6b0000 - 0x00007ffdaf6d5000 	C:\WINDOWS\system32\bcrypt.dll
0x00007ffda4f20000 - 0x00007ffda4fb8000 	C:\WINDOWS\System32\TextInputFramework.dll
0x00007ffdaa720000 - 0x00007ffdaaa0e000 	C:\WINDOWS\System32\CoreUIComponents.dll
0x00007ffdad0d0000 - 0x00007ffdad1ac000 	C:\WINDOWS\System32\CoreMessaging.dll
0x00007ffdaece0000 - 0x00007ffdaed11000 	C:\WINDOWS\SYSTEM32\ntmarta.dll
0x00007ffdac050000 - 0x00007ffdac186000 	C:\WINDOWS\SYSTEM32\wintypes.dll
0x00007ffdaf5a0000 - 0x00007ffdaf5b7000 	C:\WINDOWS\SYSTEM32\CRYPTSP.dll
0x00007ffdaefe0000 - 0x00007ffdaf013000 	C:\WINDOWS\system32\rsaenh.dll
0x00007ffdafab0000 - 0x00007ffdafad9000 	C:\WINDOWS\SYSTEM32\USERENV.dll
0x00007ffdaf5c0000 - 0x00007ffdaf5cb000 	C:\WINDOWS\SYSTEM32\CRYPTBASE.dll
0x00000000529f0000 - 0x0000000052a0a000 	C:\Program Files\Java\jre1.8.0_111\bin\net.dll
0x00007ffdaf3e0000 - 0x00007ffdaf446000 	C:\WINDOWS\system32\mswsock.dll
0x00007ffdaf170000 - 0x00007ffdaf1a9000 	C:\WINDOWS\SYSTEM32\IPHLPAPI.DLL
0x00007ffdb3350000 - 0x00007ffdb3358000 	C:\WINDOWS\System32\NSI.dll
0x00007ffdaa480000 - 0x00007ffdaa496000 	C:\WINDOWS\SYSTEM32\dhcpcsvc6.DLL
0x00007ffdaa4e0000 - 0x00007ffdaa4fa000 	C:\WINDOWS\SYSTEM32\dhcpcsvc.DLL
0x00007ffdaf1b0000 - 0x00007ffdaf266000 	C:\WINDOWS\SYSTEM32\DNSAPI.dll
0x00007ffda4840000 - 0x00007ffda484a000 	C:\Windows\System32\rasadhlp.dll
0x00000000529d0000 - 0x00000000529e1000 	C:\Program Files\Java\jre1.8.0_111\bin\nio.dll
0x00007ffda7050000 - 0x00007ffda70c0000 	C:\WINDOWS\System32\fwpuclnt.dll
0x00007ffda09b0000 - 0x00007ffda0b78000 	C:\WINDOWS\SYSTEM32\dbghelp.dll

VM Arguments:
jvm_args: -Dfile.encoding=Cp1252 
java_command: totalcross.Launcher /r 544353541A8E8B2A28D5B8E0 com.app.app
java_class_path (initial): C:\Program Files\Java\jre1.8.0_111\lib\resources.jar;C:\Program Files\Java\jre1.8.0_111\lib\rt.jar;C:\Program Files\Java\jre1.8.0_111\lib\jsse.jar;C:\Program Files\Java\jre1.8.0_111\lib\jce.jar;C:\Program Files\Java\jre1.8.0_111\lib\charsets.jar;C:\Program Files\Java\jre1.8.0_111\lib\jfr.jar;C:\Program Files\Java\jre1.8.0_111\lib\ext\access-bridge-64.jar;C:\Program Files\Java\jre1.8.0_111\lib\ext\cldrdata.jar;C:\Program Files\Java\jre1.8.0_111\lib\ext\dnsns.jar;C:\Program Files\Java\jre1.8.0_111\lib\ext\jaccess.jar;C:\Program Files\Java\jre1.8.0_111\lib\ext\jfxrt.jar;C:\Program Files\Java\jre1.8.0_111\lib\ext\localedata.jar;C:\Program Files\Java\jre1.8.0_111\lib\ext\nashorn.jar;C:\Program Files\Java\jre1.8.0_111\lib\ext\sunec.jar;C:\Program Files\Java\jre1.8.0_111\lib\ext\sunjce_provider.jar;C:\Program Files\Java\jre1.8.0_111\lib\ext\sunmscapi.jar;C:\Program Files\Java\jre1.8.0_111\lib\ext\sunpkcs11.jar;C:\Program Files\Java\jre1.8.0_111\lib\ext\zipfs.jar;C:\Users\marci\eclipse-workspace\app\target\classes;C:\Users\marci\.m2\repository\com\totalcross\utils\tc-utilities\0.0.1-SNAPSHOT\tc-utilities-0.0.1-SNAPSHOT.jar;C:\Users\marci\.m2\repository\com\totalcross\utils\magical-utils\0.0.1-SNAPSHOT\magical-utils-0.0.1-SNAPSHOT.jar;C:\Users\marci\.m2\repository\com\totalcross\totalcross-sdk\4.1.0\totalcross-sdk-4.1.0.jar;C:\Users\marci\.m2\repository\org\vafer\jdeb\0.7\jdeb-0.7.jar;C:\Users\marci\.m2\repository\org\apache\maven\maven-plugin-api\2.0.5\maven-plugin-api-2.0.5.jar;C:\Users\marci\.m2\repository\org\apache\maven\maven-project\2.0.5\maven-project-2.0.5.jar;C:\Users\marci\.m2\repository\org\apache\maven\maven-settings\2.0.5\maven-settings-2.0.5.jar;C:\Users\marci\.m2\repository\org\apache\maven\maven-profile\2.0.5\maven-profile-2.0.5.jar;C:\Users\marci\.m2\repository\org\apache\maven\maven-model\2.0.5\maven-model-2.0.5.jar;C:\Users\marci\.m2\repository\org\apache\maven\maven-artifact-manager\2.0.5\maven-artifact-manager-2.0.5.jar;C:\U
Launcher Type: SUN_STANDARD

Environment Variables:
JAVA_HOME=C:\Program Files\Java\jdk1.8.0_111
PATH=C:/Program Files/Java/jre1.8.0_111/bin/server;C:/Program Files/Java/jre1.8.0_111/bin;C:/Program Files/Java/jre1.8.0_111/lib/amd64;C:\ProgramData\Oracle\Java\javapath;C:\Program Files (x86)\Intel\TXE Components\TCS\;C:\Program Files\Intel\TXE Components\TCS\;C:\WINDOWS\system32;C:\WINDOWS;C:\WINDOWS\System32\Wbem;C:\WINDOWS\System32\WindowsPowerShell\v1.0\;C:\Program Files\Intel\TXE Components\DAL\;C:\Program Files (x86)\Intel\TXE Components\DAL\;C:\Program Files\Intel\TXE Components\IPT\;C:\Program Files (x86)\Intel\TXE Components\IPT\;C:\Program Files\Java\jdk1.8.0_111\bin;C:\TotalCross3\dist\vm\win32;C:\Users\marci\AppData\Local\Microsoft\WindowsApps;c:\TotalCross3\dist\vm\win32;C:\Program Files\Java\jdk1.8.0_111\bin;;C:\Users\marci\Desktop;
USERNAME=marci
OS=Windows_NT
PROCESSOR_IDENTIFIER=Intel64 Family 6 Model 76 Stepping 4, GenuineIntel



---------------  S Y S T E M  ---------------

OS: Windows 10.0 , 64 bit Build 16299 (10.0.16299.431)

CPU:total 2 (2 cores per cpu, 1 threads per core) family 6 model 76 stepping 4, cmov, cx8, fxsr, mmx, sse, sse2, sse3, ssse3, sse4.1, sse4.2, popcnt, aes, clmul, erms, 3dnowpref, tsc, tscinvbit

Memory: 4k page, physical 1946148k(346348k free), swap 4118320k(855636k free)

vm_info: Java HotSpot(TM) 64-Bit Server VM (25.111-b14) for windows-amd64 JRE (1.8.0_111-b14), built on Sep 22 2016 19:24:05 by "java_re" with MS VC++ 10.0 (VS2010)

time: Fri Jun 01 18:08:36 2018
elapsed time: 63 seconds (0d 0h 1m 3s)

