#
# A fatal error has been detected by the Java Runtime Environment:
#
#  EXCEPTION_ACCESS_VIOLATION (0xc0000005) at pc=0x000000006be42be0, pid=6992, tid=0x000000000000037c
#
# JRE version: Java(TM) SE Runtime Environment (8.0_111-b14) (build 1.8.0_111-b14)
# Java VM: Java HotSpot(TM) 64-Bit Server VM (25.111-b14 mixed mode windows-amd64 compressed oops)
# Problematic frame:
# C  0x000000006be42be0
#
# Failed to write core dump. Minidumps are not enabled by default on client versions of Windows
#
# If you would like to submit a bug report, please visit:
#   http://bugreport.java.com/bugreport/crash.jsp
# The crash happened outside the Java Virtual Machine in native code.
# See problematic frame for where to report the bug.
#

---------------  T H R E A D  ---------------

Current thread (0x00000000193ff800):  JavaThread "Secondary finalizer" [_thread_in_native, id=892, stack(0x000000001c620000,0x000000001c720000)]

siginfo: ExceptionCode=0xc0000005, ExceptionInformation=0x0000000000000008 0x000000006be42be0

Registers:
RAX=0x000000006be42be0, RBX=0x0000000018cda8e8, RCX=0x00000000193ff9f8, RDX=0x000000001c71f1b8
RSP=0x000000001c71f118, RBP=0x000000001c71f198, RSI=0x0000000000000108, RDI=0x000000000000070f
R8 =0x0000000000000005, R9 =0x00000000f6aaeb20, R10=0x000000000451848b, R11=0x0000000052d7b580
R12=0x0000000000000000, R13=0x0000000018cda8e8, R14=0x000000001c71f1b8, R15=0x00000000193ff800
RIP=0x000000006be42be0, EFLAGS=0x0000000000010206

Top of Stack: (sp=0x000000001c71f118)
0x000000001c71f118:   00000000045184b7 000000001c71f258
0x000000001c71f128:   00000000045176e2 000000001c71f130
0x000000001c71f138:   0000000014e1e3f0 000000001c71f220
0x000000001c71f148:   0000000000000000 00000000f6aaeb20
0x000000001c71f158:   000000001c71f148 0000000000000000
0x000000001c71f168:   000000001c71f1b8 0000000018d36500
0x000000001c71f178:   0000000000000000 0000000018cda8e8
0x000000001c71f188:   0000000000000000 000000001c71f1b8
0x000000001c71f198:   000000001c71f220 000000000450835d
0x000000001c71f1a8:   0000000000000000 00000000045119d8
0x000000001c71f1b8:   00000000f6aaeb20 00000000f6aaeb58
0x000000001c71f1c8:   0000000000000000 0000000000000011
0x000000001c71f1d8:   00000000f6aaeb20 000000001c71f1c0
0x000000001c71f1e8:   0000000018cd56c6 000000001c71f258
0x000000001c71f1f8:   0000000018d35d10 0000000000000000
0x000000001c71f208:   0000000018cd5760 000000001c71f1b8 

Instructions: (pc=0x000000006be42be0)
0x000000006be42bc0:   
[error occurred during error reporting (printing registers, top of stack, instructions near pc), id 0xc0000005]

Register to memory mapping:

RAX=0x000000006be42be0 is an unknown value
RBX={method} {0x0000000018cda8f0} 'free_functions' '()V' in 'org/sqlite/core/NativeDB'
RCX=0x00000000193ff9f8 is an unknown value
RDX=0x000000001c71f1b8 is pointing into the stack for thread: 0x00000000193ff800
RSP=0x000000001c71f118 is pointing into the stack for thread: 0x00000000193ff800
RBP=0x000000001c71f198 is pointing into the stack for thread: 0x00000000193ff800
RSI=0x0000000000000108 is an unknown value
RDI=0x000000000000070f is an unknown value
R8 =0x0000000000000005 is an unknown value
R9 =0x00000000f6aaeb20 is an oop
org.sqlite.core.NativeDB 
 - klass: 'org/sqlite/core/NativeDB'
R10=0x000000000451848b is at code_begin+1227 in an Interpreter codelet
method entry point (kind = native_synchronized)  [0x0000000004517fc0, 0x0000000004518aa0]  2784 bytes
R11=0x0000000052d7b580 is an unknown value
R12=0x0000000000000000 is an unknown value
R13={method} {0x0000000018cda8f0} 'free_functions' '()V' in 'org/sqlite/core/NativeDB'
R14=0x000000001c71f1b8 is pointing into the stack for thread: 0x00000000193ff800
R15=0x00000000193ff800 is a thread


Stack: [0x000000001c620000,0x000000001c720000],  sp=0x000000001c71f118,  free space=1020k
Native frames: (J=compiled Java code, j=interpreted, Vv=VM code, C=native code)
C  0x000000006be42be0

Java frames: (J=compiled Java code, j=interpreted, Vv=VM code)
j  org.sqlite.core.NativeDB.free_functions()V+0
j  org.sqlite.core.DB.close()V+102
j  org.sqlite.core.CoreConnection.close()V+26
j  org.sqlite.core.CoreConnection.finalize()V+1
J 1394 C1 java.lang.ref.Finalizer.runFinalizer(Lsun/misc/JavaLangAccess;)V (62 bytes) @ 0x00000000047bbfcc [0x00000000047bba40+0x58c]
J 1393 C1 java.lang.ref.Finalizer.access$100(Ljava/lang/ref/Finalizer;Lsun/misc/JavaLangAccess;)V (6 bytes) @ 0x000000000463da9c [0x000000000463da40+0x5c]
j  java.lang.ref.Finalizer$3.run()V+58
j  java.lang.Thread.run()V+11
v  ~StubRoutines::call_stub

---------------  P R O C E S S  ---------------

Java Threads: ( => current thread )
=>0x00000000193ff800 JavaThread "Secondary finalizer" [_thread_in_native, id=892, stack(0x000000001c620000,0x000000001c720000)]
  0x0000000019400800 JavaThread "TC Event Thread" daemon [_thread_blocked, id=4164, stack(0x000000001a950000,0x000000001aa50000)]
  0x00000000193ff000 JavaThread "DestroyJavaVM" [_thread_blocked, id=516, stack(0x0000000004270000,0x0000000004370000)]
  0x000000001760d800 JavaThread "AWT-EventQueue-0" [_thread_blocked, id=2320, stack(0x0000000017f30000,0x0000000018030000)]
  0x00000000175ee800 JavaThread "AWT-Shutdown" [_thread_blocked, id=2604, stack(0x0000000017c70000,0x0000000017d70000)]
  0x00000000175ec000 JavaThread "Java2D Disposer" daemon [_thread_blocked, id=3196, stack(0x0000000017ab0000,0x0000000017bb0000)]
  0x00000000155dd000 JavaThread "Service Thread" daemon [_thread_blocked, id=2076, stack(0x00000000168b0000,0x00000000169b0000)]
  0x00000000155d6000 JavaThread "C1 CompilerThread1" daemon [_thread_blocked, id=592, stack(0x00000000167b0000,0x00000000168b0000)]
  0x000000001557c000 JavaThread "C2 CompilerThread0" daemon [_thread_blocked, id=6076, stack(0x00000000166b0000,0x00000000167b0000)]
  0x000000001557b000 JavaThread "Attach Listener" daemon [_thread_blocked, id=6456, stack(0x00000000165b0000,0x00000000166b0000)]
  0x0000000015578000 JavaThread "Signal Dispatcher" daemon [_thread_blocked, id=496, stack(0x00000000164b0000,0x00000000165b0000)]
  0x0000000015568800 JavaThread "Finalizer" daemon [_thread_blocked, id=1952, stack(0x00000000161b0000,0x00000000162b0000)]
  0x00000000044ef800 JavaThread "Reference Handler" daemon [_thread_blocked, id=4208, stack(0x00000000160b0000,0x00000000161b0000)]

Other Threads:
  0x0000000015546000 VMThread [stack: 0x0000000015fb0000,0x00000000160b0000] [id=2492]
  0x0000000015605000 WatcherThread [stack: 0x0000000016db0000,0x0000000016eb0000] [id=1088]

VM state:not at safepoint (normal execution)

VM Mutex/Monitor currently owned by a thread: None

Heap:
 PSYoungGen      total 14336K, used 9538K [0x00000000f6180000, 0x00000000f7680000, 0x0000000100000000)
  eden space 7168K, 81% used [0x00000000f6180000,0x00000000f6737e08,0x00000000f6880000)
  from space 7168K, 51% used [0x00000000f6880000,0x00000000f6c18c60,0x00000000f6f80000)
  to   space 7168K, 0% used [0x00000000f6f80000,0x00000000f6f80000,0x00000000f7680000)
 ParOldGen       total 20480K, used 9788K [0x00000000e2400000, 0x00000000e3800000, 0x00000000f6180000)
  object space 20480K, 47% used [0x00000000e2400000,0x00000000e2d8f0e8,0x00000000e3800000)
 Metaspace       used 13058K, capacity 13326K, committed 13696K, reserved 1060864K
  class space    used 1483K, capacity 1576K, committed 1664K, reserved 1048576K

Card table byte_map: [0x00000000138c0000,0x00000000139b0000] byte_map_base: 0x00000000131ae000

Marking Bits: (ParMarkBitMap*) 0x000000005336a6c0
 Begin Bits: [0x0000000013c50000, 0x00000000143c0000)
 End Bits:   [0x00000000143c0000, 0x0000000014b30000)

Polling page: 0x0000000002a40000

CodeCache: size=245760Kb used=5400Kb max_used=5407Kb free=240359Kb
 bounds [0x0000000004500000, 0x0000000004a50000, 0x0000000013500000]
 total_blobs=1814 nmethods=1325 adapters=402
 compilation: enabled

Compilation events (10 events):
Event: 88.930 Thread 0x000000001557c000 1493       4       java.io.WinNTFileSystem::resolve (231 bytes)
Event: 88.948 Thread 0x000000001557c000 nmethod 1493 0x0000000004a47550 code [0x0000000004a476c0, 0x0000000004a47d98]
Event: 89.001 Thread 0x000000001557c000 1494       4       java.io.FileInputStream::read (8 bytes)
Event: 89.001 Thread 0x000000001557c000 nmethod 1494 0x00000000047a04d0 code [0x00000000047a0620, 0x00000000047a06a8]
Event: 89.279 Thread 0x00000000155d6000 1495   !   3       java.io.FileInputStream::close (62 bytes)
Event: 89.279 Thread 0x00000000155d6000 nmethod 1495 0x0000000004a38d50 code [0x0000000004a38ee0, 0x0000000004a39558]
Event: 89.281 Thread 0x00000000155d6000 1496       1       java.lang.ref.Finalizer::access$400 (5 bytes)
Event: 89.281 Thread 0x00000000155d6000 nmethod 1496 0x0000000004a37b50 code [0x0000000004a37ca0, 0x0000000004a37d90]
Event: 89.281 Thread 0x00000000155d6000 1497   !   3       java.lang.ref.Finalizer::remove (94 bytes)
Event: 89.282 Thread 0x00000000155d6000 nmethod 1497 0x0000000004a385d0 code [0x0000000004a38740, 0x0000000004a38c10]

GC Heap History (10 events):
Event: 4.017 GC heap before
{Heap before GC invocations=3 (full 0):
 PSYoungGen      total 9216K, used 9200K [0x00000000f6180000, 0x00000000f6b80000, 0x0000000100000000)
  eden space 8192K, 100% used [0x00000000f6180000,0x00000000f6980000,0x00000000f6980000)
  from space 1024K, 98% used [0x00000000f6a80000,0x00000000f6b7c030,0x00000000f6b80000)
  to   space 1024K, 0% used [0x00000000f6980000,0x00000000f6980000,0x00000000f6a80000)
 ParOldGen       total 20480K, used 3932K [0x00000000e2400000, 0x00000000e3800000, 0x00000000f6180000)
  object space 20480K, 19% used [0x00000000e2400000,0x00000000e27d7040,0x00000000e3800000)
 Metaspace       used 9680K, capacity 9890K, committed 10240K, reserved 1058816K
  class space    used 1114K, capacity 1184K, committed 1280K, reserved 1048576K
Event: 4.026 GC heap after
Heap after GC invocations=3 (full 0):
 PSYoungGen      total 9216K, used 1021K [0x00000000f6180000, 0x00000000f7380000, 0x0000000100000000)
  eden space 8192K, 0% used [0x00000000f6180000,0x00000000f6180000,0x00000000f6980000)
  from space 1024K, 99% used [0x00000000f6980000,0x00000000f6a7f4d0,0x00000000f6a80000)
  to   space 1024K, 0% used [0x00000000f7280000,0x00000000f7280000,0x00000000f7380000)
 ParOldGen       total 20480K, used 8275K [0x00000000e2400000, 0x00000000e3800000, 0x00000000f6180000)
  object space 20480K, 40% used [0x00000000e2400000,0x00000000e2c14d98,0x00000000e3800000)
 Metaspace       used 9680K, capacity 9890K, committed 10240K, reserved 1058816K
  class space    used 1114K, capacity 1184K, committed 1280K, reserved 1048576K
}
Event: 5.914 GC heap before
{Heap before GC invocations=4 (full 0):
 PSYoungGen      total 9216K, used 9213K [0x00000000f6180000, 0x00000000f7380000, 0x0000000100000000)
  eden space 8192K, 100% used [0x00000000f6180000,0x00000000f6980000,0x00000000f6980000)
  from space 1024K, 99% used [0x00000000f6980000,0x00000000f6a7f4d0,0x00000000f6a80000)
  to   space 1024K, 0% used [0x00000000f7280000,0x00000000f7280000,0x00000000f7380000)
 ParOldGen       total 20480K, used 8275K [0x00000000e2400000, 0x00000000e3800000, 0x00000000f6180000)
  object space 20480K, 40% used [0x00000000e2400000,0x00000000e2c14d98,0x00000000e3800000)
 Metaspace       used 9941K, capacity 10178K, committed 10496K, reserved 1058816K
  class space    used 1142K, capacity 1216K, committed 1280K, reserved 1048576K
Event: 5.919 GC heap after
Heap after GC invocations=4 (full 0):
 PSYoungGen      total 9216K, used 1021K [0x00000000f6180000, 0x00000000f7380000, 0x0000000100000000)
  eden space 8192K, 0% used [0x00000000f6180000,0x00000000f6180000,0x00000000f6980000)
  from space 1024K, 99% used [0x00000000f7280000,0x00000000f737f4d0,0x00000000f7380000)
  to   space 1024K, 0% used [0x00000000f6980000,0x00000000f6980000,0x00000000f6a80000)
 ParOldGen       total 20480K, used 8451K [0x00000000e2400000, 0x00000000e3800000, 0x00000000f6180000)
  object space 20480K, 41% used [0x00000000e2400000,0x00000000e2c40da0,0x00000000e3800000)
 Metaspace       used 9941K, capacity 10178K, committed 10496K, reserved 1058816K
  class space    used 1142K, capacity 1216K, committed 1280K, reserved 1048576K
}
Event: 7.362 GC heap before
{Heap before GC invocations=5 (full 0):
 PSYoungGen      total 9216K, used 9213K [0x00000000f6180000, 0x00000000f7380000, 0x0000000100000000)
  eden space 8192K, 100% used [0x00000000f6180000,0x00000000f6980000,0x00000000f6980000)
  from space 1024K, 99% used [0x00000000f7280000,0x00000000f737f4d0,0x00000000f7380000)
  to   space 1024K, 0% used [0x00000000f6980000,0x00000000f6980000,0x00000000f6a80000)
 ParOldGen       total 20480K, used 8451K [0x00000000e2400000, 0x00000000e3800000, 0x00000000f6180000)
  object space 20480K, 41% used [0x00000000e2400000,0x00000000e2c40da0,0x00000000e3800000)
 Metaspace       used 11391K, capacity 11626K, committed 11904K, reserved 1060864K
  class space    used 1306K, capacity 1378K, committed 1408K, reserved 1048576K
Event: 7.367 GC heap after
Heap after GC invocations=5 (full 0):
 PSYoungGen      total 9216K, used 1021K [0x00000000f6180000, 0x00000000f7580000, 0x0000000100000000)
  eden space 8192K, 0% used [0x00000000f6180000,0x00000000f6180000,0x00000000f6980000)
  from space 1024K, 99% used [0x00000000f6980000,0x00000000f6a7f4d0,0x00000000f6a80000)
  to   space 6144K, 0% used [0x00000000f6f80000,0x00000000f6f80000,0x00000000f7580000)
 ParOldGen       total 20480K, used 9596K [0x00000000e2400000, 0x00000000e3800000, 0x00000000f6180000)
  object space 20480K, 46% used [0x00000000e2400000,0x00000000e2d5f0e8,0x00000000e3800000)
 Metaspace       used 11391K, capacity 11626K, committed 11904K, reserved 1060864K
  class space    used 1306K, capacity 1378K, committed 1408K, reserved 1048576K
}
Event: 7.877 GC heap before
{Heap before GC invocations=6 (full 0):
 PSYoungGen      total 9216K, used 8366K [0x00000000f6180000, 0x00000000f7580000, 0x0000000100000000)
  eden space 8192K, 89% used [0x00000000f6180000,0x00000000f68ac5e8,0x00000000f6980000)
  from space 1024K, 99% used [0x00000000f6980000,0x00000000f6a7f4d0,0x00000000f6a80000)
  to   space 6144K, 0% used [0x00000000f6f80000,0x00000000f6f80000,0x00000000f7580000)
 ParOldGen       total 20480K, used 9596K [0x00000000e2400000, 0x00000000e3800000, 0x00000000f6180000)
  object space 20480K, 46% used [0x00000000e2400000,0x00000000e2d5f0e8,0x00000000e3800000)
 Metaspace       used 11678K, capacity 11914K, committed 12288K, reserved 1060864K
  class space    used 1334K, capacity 1410K, committed 1536K, reserved 1048576K
Event: 7.887 GC heap after
Heap after GC invocations=6 (full 0):
 PSYoungGen      total 13312K, used 5460K [0x00000000f6180000, 0x00000000f7f80000, 0x0000000100000000)
  eden space 7168K, 0% used [0x00000000f6180000,0x00000000f6180000,0x00000000f6880000)
  from space 6144K, 88% used [0x00000000f6f80000,0x00000000f74d50d8,0x00000000f7580000)
  to   space 7168K, 0% used [0x00000000f6880000,0x00000000f6880000,0x00000000f6f80000)
 ParOldGen       total 20480K, used 9596K [0x00000000e2400000, 0x00000000e3800000, 0x00000000f6180000)
  object space 20480K, 46% used [0x00000000e2400000,0x00000000e2d5f0e8,0x00000000e3800000)
 Metaspace       used 11678K, capacity 11914K, committed 12288K, reserved 1060864K
  class space    used 1334K, capacity 1410K, committed 1536K, reserved 1048576K
}
Event: 77.332 GC heap before
{Heap before GC invocations=7 (full 0):
 PSYoungGen      total 13312K, used 12628K [0x00000000f6180000, 0x00000000f7f80000, 0x0000000100000000)
  eden space 7168K, 100% used [0x00000000f6180000,0x00000000f6880000,0x00000000f6880000)
  from space 6144K, 88% used [0x00000000f6f80000,0x00000000f74d50d8,0x00000000f7580000)
  to   space 7168K, 0% used [0x00000000f6880000,0x00000000f6880000,0x00000000f6f80000)
 ParOldGen       total 20480K, used 9596K [0x00000000e2400000, 0x00000000e3800000, 0x00000000f6180000)
  object space 20480K, 46% used [0x00000000e2400000,0x00000000e2d5f0e8,0x00000000e3800000)
 Metaspace       used 12655K, capacity 12910K, committed 13056K, reserved 1060864K
  class space    used 1409K, capacity 1480K, committed 1536K, reserved 1048576K
Event: 77.340 GC heap after
Heap after GC invocations=7 (full 0):
 PSYoungGen      total 14336K, used 3683K [0x00000000f6180000, 0x00000000f7680000, 0x0000000100000000)
  eden space 7168K, 0% used [0x00000000f6180000,0x00000000f6180000,0x00000000f6880000)
  from space 7168K, 51% used [0x00000000f6880000,0x00000000f6c18c60,0x00000000f6f80000)
  to   space 7168K, 0% used [0x00000000f6f80000,0x00000000f6f80000,0x00000000f7680000)
 ParOldGen       total 20480K, used 9788K [0x00000000e2400000, 0x00000000e3800000, 0x00000000f6180000)
  object space 20480K, 47% used [0x00000000e2400000,0x00000000e2d8f0e8,0x00000000e3800000)
 Metaspace       used 12655K, capacity 12910K, committed 13056K, reserved 1060864K
  class space    used 1409K, capacity 1480K, committed 1536K, reserved 1048576K
}

Deoptimization events (10 events):
Event: 21.875 Thread 0x0000000019400800 Uncommon trap: reason=unstable_if action=reinterpret pc=0x0000000004794dcc method=totalcross.ui.image.Image.getSmoothScaledInstance(II)Ltotalcross/ui/image/Image; @ 715
Event: 21.876 Thread 0x0000000019400800 Uncommon trap: reason=unstable_if action=reinterpret pc=0x000000000476408c method=totalcross.ui.image.Image.getSmoothScaledInstance(II)Ltotalcross/ui/image/Image; @ 715
Event: 21.888 Thread 0x0000000019400800 Uncommon trap: reason=unstable_if action=reinterpret pc=0x0000000004907e40 method=totalcross.ui.gfx.Graphics.drawText(Ljava/lang/String;III)V @ 17
Event: 77.609 Thread 0x0000000019402000 Uncommon trap: reason=unstable_if action=reinterpret pc=0x000000000484c010 method=totalcross.ui.image.Image$ImageLoader.setPixels(IIIILjava/awt/image/ColorModel;[III)V @ 34
Event: 77.609 Thread 0x0000000019402000 Uncommon trap: reason=unstable_if action=reinterpret pc=0x00000000047ea528 method=java.awt.image.DirectColorModel.getAlpha(I)I @ 4
Event: 77.609 Thread 0x0000000019402000 Uncommon trap: reason=unstable_if action=reinterpret pc=0x00000000047ebfa8 method=java.awt.image.DirectColorModel.getAlpha(I)I @ 4
Event: 77.730 Thread 0x0000000019400800 Uncommon trap: reason=unstable_if action=reinterpret pc=0x0000000004980a70 method=totalcross.ui.gfx.Graphics.fillRect(IIII)V @ 9
Event: 77.735 Thread 0x0000000019400800 Uncommon trap: reason=unstable_if action=reinterpret pc=0x000000000497c364 method=totalcross.ui.gfx.Graphics.drawText(Ljava/lang/String;III)V @ 254
Event: 81.900 Thread 0x0000000019400800 Uncommon trap: reason=unstable_if action=reinterpret pc=0x000000000480a2e4 method=totalcross.ui.gfx.Graphics.drawText(Ljava/lang/String;III)V @ 269
Event: 81.900 Thread 0x0000000019400800 Uncommon trap: reason=unstable_if action=reinterpret pc=0x00000000048fe784 method=totalcross.ui.gfx.Graphics.drawText(Ljava/lang/String;III)V @ 567

Internal exceptions (10 events):
Event: 85.970 Thread 0x00000000179a6000 Exception <a 'java/lang/InterruptedException': sleep interrupted> (0x00000000f667b760) thrown at [C:\re\workspace\8-2-build-windows-amd64-cygwin\jdk8u111\7883\hotspot\src\share\vm\prims\jvm.cpp, line 3224]
Event: 86.470 Thread 0x00000000179a6000 Exception <a 'java/lang/InterruptedException': sleep interrupted> (0x00000000f667ba10) thrown at [C:\re\workspace\8-2-build-windows-amd64-cygwin\jdk8u111\7883\hotspot\src\share\vm\prims\jvm.cpp, line 3176]
Event: 86.970 Thread 0x00000000179a6000 Exception <a 'java/lang/InterruptedException': sleep interrupted> (0x00000000f667bcc0) thrown at [C:\re\workspace\8-2-build-windows-amd64-cygwin\jdk8u111\7883\hotspot\src\share\vm\prims\jvm.cpp, line 3224]
Event: 87.470 Thread 0x00000000179a6000 Exception <a 'java/lang/InterruptedException': sleep interrupted> (0x00000000f667bf70) thrown at [C:\re\workspace\8-2-build-windows-amd64-cygwin\jdk8u111\7883\hotspot\src\share\vm\prims\jvm.cpp, line 3224]
Event: 87.970 Thread 0x00000000179a6000 Exception <a 'java/lang/InterruptedException': sleep interrupted> (0x00000000f667c220) thrown at [C:\re\workspace\8-2-build-windows-amd64-cygwin\jdk8u111\7883\hotspot\src\share\vm\prims\jvm.cpp, line 3176]
Event: 88.470 Thread 0x00000000179a6000 Exception <a 'java/lang/InterruptedException': sleep interrupted> (0x00000000f667c4d0) thrown at [C:\re\workspace\8-2-build-windows-amd64-cygwin\jdk8u111\7883\hotspot\src\share\vm\prims\jvm.cpp, line 3224]
Event: 88.913 Thread 0x0000000019400800 Exception <a 'java/io/FileNotFoundException'> (0x00000000f6669ab8) thrown at [C:\re\workspace\8-2-build-windows-amd64-cygwin\jdk8u111\7883\hotspot\src\share\vm\prims\jni.cpp, line 709]
Event: 88.913 Thread 0x0000000019400800 Exception <a 'java/io/FileNotFoundException'> (0x00000000f666a560) thrown at [C:\re\workspace\8-2-build-windows-amd64-cygwin\jdk8u111\7883\hotspot\src\share\vm\prims\jni.cpp, line 709]
Event: 88.913 Thread 0x0000000019400800 Exception <a 'java/io/FileNotFoundException'> (0x00000000f666b350) thrown at [C:\re\workspace\8-2-build-windows-amd64-cygwin\jdk8u111\7883\hotspot\src\share\vm\prims\jni.cpp, line 709]
Event: 89.041 Thread 0x00000000179a6000 Exception <a 'java/lang/InterruptedException': sleep interrupted> (0x00000000f667c780) thrown at [C:\re\workspace\8-2-build-windows-amd64-cygwin\jdk8u111\7883\hotspot\src\share\vm\prims\jvm.cpp, line 3224]

Events (10 events):
Event: 89.280 Executing VM operation: RevokeBias
Event: 89.280 Executing VM operation: RevokeBias done
Event: 89.280 Executing VM operation: BulkRevokeBias
Event: 89.281 Executing VM operation: BulkRevokeBias done
Event: 89.281 Executing VM operation: RevokeBias
Event: 89.281 Executing VM operation: RevokeBias done
Event: 89.309 Executing VM operation: RevokeBias
Event: 89.309 Executing VM operation: RevokeBias done
Event: 89.310 Executing VM operation: RevokeBias
Event: 89.310 Executing VM operation: RevokeBias done


Dynamic libraries:
0x00007ff6603b0000 - 0x00007ff6603e7000 	C:\Program Files\Java\jre1.8.0_111\bin\javaw.exe
0x00007ffdb3860000 - 0x00007ffdb3a40000 	C:\WINDOWS\SYSTEM32\ntdll.dll
0x00007ffdb30f0000 - 0x00007ffdb319e000 	C:\WINDOWS\System32\KERNEL32.DLL
0x00007ffdb0ac0000 - 0x00007ffdb0d26000 	C:\WINDOWS\System32\KERNELBASE.dll
0x00007ffdb1000000 - 0x00007ffdb10a1000 	C:\WINDOWS\System32\ADVAPI32.dll
0x00007ffdb3560000 - 0x00007ffdb35fd000 	C:\WINDOWS\System32\msvcrt.dll
0x00007ffdb31a0000 - 0x00007ffdb31fb000 	C:\WINDOWS\System32\sechost.dll
0x00007ffdb1240000 - 0x00007ffdb135f000 	C:\WINDOWS\System32\RPCRT4.dll
0x00007ffdb0d90000 - 0x00007ffdb0f1f000 	C:\WINDOWS\System32\USER32.dll
0x00007ffdb0110000 - 0x00007ffdb0130000 	C:\WINDOWS\System32\win32u.dll
0x00007ffdb3730000 - 0x00007ffdb3758000 	C:\WINDOWS\System32\GDI32.dll
0x00007ffdb0920000 - 0x00007ffdb0ab3000 	C:\WINDOWS\System32\gdi32full.dll
0x00007ffdb0130000 - 0x00007ffdb01cb000 	C:\WINDOWS\System32\msvcp_win.dll
0x00007ffdafc60000 - 0x00007ffdafd56000 	C:\WINDOWS\System32\ucrtbase.dll
0x00007ffd9f5d0000 - 0x00007ffd9f839000 	C:\WINDOWS\WinSxS\amd64_microsoft.windows.common-controls_6595b64144ccf1df_6.0.16299.431_none_15c7d3ee93659e73\COMCTL32.dll
0x00007ffdb1920000 - 0x00007ffdb1c28000 	C:\WINDOWS\System32\combase.dll
0x00007ffdaff80000 - 0x00007ffdafff2000 	C:\WINDOWS\System32\bcryptPrimitives.dll
0x00007ffdb1160000 - 0x00007ffdb118d000 	C:\WINDOWS\System32\IMM32.DLL
0x00000000539d0000 - 0x0000000053aa2000 	C:\Program Files\Java\jre1.8.0_111\bin\msvcr100.dll
0x0000000052b50000 - 0x00000000533ea000 	C:\Program Files\Java\jre1.8.0_111\bin\server\jvm.dll
0x00007ffdb30e0000 - 0x00007ffdb30e8000 	C:\WINDOWS\System32\PSAPI.DLL
0x00007ffdab9f0000 - 0x00007ffdab9f9000 	C:\WINDOWS\SYSTEM32\WSOCK32.dll
0x00007ffdadf40000 - 0x00007ffdadf63000 	C:\WINDOWS\SYSTEM32\WINMM.dll
0x00007ffdb3070000 - 0x00007ffdb30dc000 	C:\WINDOWS\System32\WS2_32.dll
0x00007ffda15e0000 - 0x00007ffda15ea000 	C:\WINDOWS\SYSTEM32\VERSION.dll
0x00007ffdadee0000 - 0x00007ffdadf0a000 	C:\WINDOWS\SYSTEM32\WINMMBASE.dll
0x00007ffdafd60000 - 0x00007ffdafdaa000 	C:\WINDOWS\System32\cfgmgr32.dll
0x0000000052a60000 - 0x0000000052a6f000 	C:\Program Files\Java\jre1.8.0_111\bin\verify.dll
0x0000000052a30000 - 0x0000000052a59000 	C:\Program Files\Java\jre1.8.0_111\bin\java.dll
0x0000000052a10000 - 0x0000000052a26000 	C:\Program Files\Java\jre1.8.0_111\bin\zip.dll
0x00007ffdb1c30000 - 0x00007ffdb3068000 	C:\WINDOWS\System32\SHELL32.dll
0x00007ffdb1190000 - 0x00007ffdb1236000 	C:\WINDOWS\System32\shcore.dll
0x00007ffdb01d0000 - 0x00007ffdb0917000 	C:\WINDOWS\System32\windows.storage.dll
0x00007ffdb0fa0000 - 0x00007ffdb0ff1000 	C:\WINDOWS\System32\shlwapi.dll
0x00007ffdafc20000 - 0x00007ffdafc31000 	C:\WINDOWS\System32\kernel.appcore.dll
0x00007ffdafbb0000 - 0x00007ffdafbfc000 	C:\WINDOWS\System32\powrprof.dll
0x00007ffdafc40000 - 0x00007ffdafc5b000 	C:\WINDOWS\System32\profapi.dll
0x0000000053830000 - 0x00000000539c8000 	C:\Program Files\Java\jre1.8.0_111\bin\awt.dll
0x00007ffdb3760000 - 0x00007ffdb3825000 	C:\WINDOWS\System32\OLEAUT32.dll
0x00007ffdae060000 - 0x00007ffdae0e8000 	C:\WINDOWS\SYSTEM32\apphelp.dll
0x00007ffdae450000 - 0x00007ffdae47a000 	C:\WINDOWS\system32\DWMAPI.DLL
0x00007ffdae1e0000 - 0x00007ffdae275000 	C:\WINDOWS\system32\uxtheme.dll
0x00007ffdb17b0000 - 0x00007ffdb1917000 	C:\WINDOWS\System32\MSCTF.dll
0x00007ffdb3200000 - 0x00007ffdb3349000 	C:\WINDOWS\System32\ole32.dll
0x00000000537e0000 - 0x0000000053827000 	C:\Program Files\Java\jre1.8.0_111\bin\fontmanager.dll
0x00007ffd9afc0000 - 0x00007ffd9b055000 	C:\WINDOWS\system32\RICHED20.DLL
0x00007ffd87ea0000 - 0x00007ffd87eb9000 	C:\WINDOWS\SYSTEM32\USP10.dll
0x00007ffd9e240000 - 0x00007ffd9e278000 	C:\WINDOWS\SYSTEM32\msls31.dll
0x00007ffdb10b0000 - 0x00007ffdb114e000 	C:\WINDOWS\System32\clbcatq.dll
0x00007ffdaf6b0000 - 0x00007ffdaf6d5000 	C:\WINDOWS\system32\bcrypt.dll
0x00007ffda4f20000 - 0x00007ffda4fb8000 	C:\WINDOWS\System32\TextInputFramework.dll
0x00007ffdaa720000 - 0x00007ffdaaa0e000 	C:\WINDOWS\System32\CoreUIComponents.dll
0x00007ffdad0d0000 - 0x00007ffdad1ac000 	C:\WINDOWS\System32\CoreMessaging.dll
0x00007ffdaece0000 - 0x00007ffdaed11000 	C:\WINDOWS\SYSTEM32\ntmarta.dll
0x00007ffdac050000 - 0x00007ffdac186000 	C:\WINDOWS\SYSTEM32\wintypes.dll
0x00000000529f0000 - 0x0000000052a0a000 	C:\Program Files\Java\jre1.8.0_111\bin\net.dll
0x00007ffdaf3e0000 - 0x00007ffdaf446000 	C:\WINDOWS\system32\mswsock.dll
0x00007ffdaf1b0000 - 0x00007ffdaf266000 	C:\WINDOWS\SYSTEM32\DNSAPI.dll
0x00007ffdb3350000 - 0x00007ffdb3358000 	C:\WINDOWS\System32\NSI.dll
0x00007ffdaf170000 - 0x00007ffdaf1a9000 	C:\WINDOWS\SYSTEM32\IPHLPAPI.DLL
0x00007ffda4840000 - 0x00007ffda484a000 	C:\Windows\System32\rasadhlp.dll
0x00007ffda7050000 - 0x00007ffda70c0000 	C:\WINDOWS\System32\fwpuclnt.dll
0x00007ffdaf5a0000 - 0x00007ffdaf5b7000 	C:\WINDOWS\SYSTEM32\CRYPTSP.dll
0x00007ffdaefe0000 - 0x00007ffdaf013000 	C:\WINDOWS\system32\rsaenh.dll
0x00007ffdafab0000 - 0x00007ffdafad9000 	C:\WINDOWS\SYSTEM32\USERENV.dll
0x00007ffdaf5c0000 - 0x00007ffdaf5cb000 	C:\WINDOWS\SYSTEM32\CRYPTBASE.dll
0x00007ffdaa480000 - 0x00007ffdaa496000 	C:\WINDOWS\SYSTEM32\dhcpcsvc6.DLL
0x00007ffdaa4e0000 - 0x00007ffdaa4fa000 	C:\WINDOWS\SYSTEM32\dhcpcsvc.DLL
0x00000000529d0000 - 0x00000000529e1000 	C:\Program Files\Java\jre1.8.0_111\bin\nio.dll
0x00000000537a0000 - 0x00000000537d1000 	C:\Program Files\Java\jre1.8.0_111\bin\jpeg.dll
0x00007ffda09b0000 - 0x00007ffda0b78000 	C:\WINDOWS\SYSTEM32\dbghelp.dll

VM Arguments:
jvm_args: -Dfile.encoding=Cp1252 
java_command: totalcross.Launcher /r 544353541A8E8B2A28D5B8E0 com.app.app
java_class_path (initial): C:\Program Files\Java\jre1.8.0_111\lib\resources.jar;C:\Program Files\Java\jre1.8.0_111\lib\rt.jar;C:\Program Files\Java\jre1.8.0_111\lib\jsse.jar;C:\Program Files\Java\jre1.8.0_111\lib\jce.jar;C:\Program Files\Java\jre1.8.0_111\lib\charsets.jar;C:\Program Files\Java\jre1.8.0_111\lib\jfr.jar;C:\Program Files\Java\jre1.8.0_111\lib\ext\access-bridge-64.jar;C:\Program Files\Java\jre1.8.0_111\lib\ext\cldrdata.jar;C:\Program Files\Java\jre1.8.0_111\lib\ext\dnsns.jar;C:\Program Files\Java\jre1.8.0_111\lib\ext\jaccess.jar;C:\Program Files\Java\jre1.8.0_111\lib\ext\jfxrt.jar;C:\Program Files\Java\jre1.8.0_111\lib\ext\localedata.jar;C:\Program Files\Java\jre1.8.0_111\lib\ext\nashorn.jar;C:\Program Files\Java\jre1.8.0_111\lib\ext\sunec.jar;C:\Program Files\Java\jre1.8.0_111\lib\ext\sunjce_provider.jar;C:\Program Files\Java\jre1.8.0_111\lib\ext\sunmscapi.jar;C:\Program Files\Java\jre1.8.0_111\lib\ext\sunpkcs11.jar;C:\Program Files\Java\jre1.8.0_111\lib\ext\zipfs.jar;C:\Users\marci\eclipse-workspace\app\target\classes;C:\Users\marci\.m2\repository\com\totalcross\utils\tc-utilities\0.0.1-SNAPSHOT\tc-utilities-0.0.1-SNAPSHOT.jar;C:\Users\marci\.m2\repository\com\totalcross\utils\magical-utils\0.0.1-SNAPSHOT\magical-utils-0.0.1-SNAPSHOT.jar;C:\Users\marci\.m2\repository\com\totalcross\totalcross-sdk\4.1.0\totalcross-sdk-4.1.0.jar;C:\Users\marci\.m2\repository\org\vafer\jdeb\0.7\jdeb-0.7.jar;C:\Users\marci\.m2\repository\org\apache\maven\maven-plugin-api\2.0.5\maven-plugin-api-2.0.5.jar;C:\Users\marci\.m2\repository\org\apache\maven\maven-project\2.0.5\maven-project-2.0.5.jar;C:\Users\marci\.m2\repository\org\apache\maven\maven-settings\2.0.5\maven-settings-2.0.5.jar;C:\Users\marci\.m2\repository\org\apache\maven\maven-profile\2.0.5\maven-profile-2.0.5.jar;C:\Users\marci\.m2\repository\org\apache\maven\maven-model\2.0.5\maven-model-2.0.5.jar;C:\Users\marci\.m2\repository\org\apache\maven\maven-artifact-manager\2.0.5\maven-artifact-manager-2.0.5.jar;C:\U
Launcher Type: SUN_STANDARD

Environment Variables:
JAVA_HOME=C:\Program Files\Java\jdk1.8.0_111
PATH=C:/Program Files/Java/jre1.8.0_111/bin/server;C:/Program Files/Java/jre1.8.0_111/bin;C:/Program Files/Java/jre1.8.0_111/lib/amd64;C:\ProgramData\Oracle\Java\javapath;C:\Program Files (x86)\Intel\TXE Components\TCS\;C:\Program Files\Intel\TXE Components\TCS\;C:\WINDOWS\system32;C:\WINDOWS;C:\WINDOWS\System32\Wbem;C:\WINDOWS\System32\WindowsPowerShell\v1.0\;C:\Program Files\Intel\TXE Components\DAL\;C:\Program Files (x86)\Intel\TXE Components\DAL\;C:\Program Files\Intel\TXE Components\IPT\;C:\Program Files (x86)\Intel\TXE Components\IPT\;C:\Program Files\Java\jdk1.8.0_111\bin;C:\TotalCross3\dist\vm\win32;C:\Users\marci\AppData\Local\Microsoft\WindowsApps;c:\TotalCross3\dist\vm\win32;C:\Program Files\Java\jdk1.8.0_111\bin;;C:\Users\marci\Desktop;
USERNAME=marci
OS=Windows_NT
PROCESSOR_IDENTIFIER=Intel64 Family 6 Model 76 Stepping 4, GenuineIntel



---------------  S Y S T E M  ---------------

OS: Windows 10.0 , 64 bit Build 16299 (10.0.16299.431)

CPU:total 2 (2 cores per cpu, 1 threads per core) family 6 model 76 stepping 4, cmov, cx8, fxsr, mmx, sse, sse2, sse3, ssse3, sse4.1, sse4.2, popcnt, aes, clmul, erms, 3dnowpref, tsc, tscinvbit

Memory: 4k page, physical 1946148k(366204k free), swap 4118320k(783884k free)

vm_info: Java HotSpot(TM) 64-Bit Server VM (25.111-b14) for windows-amd64 JRE (1.8.0_111-b14), built on Sep 22 2016 19:24:05 by "java_re" with MS VC++ 10.0 (VS2010)

time: Fri Jun 01 19:17:43 2018
elapsed time: 89 seconds (0d 0h 1m 29s)

