#
# A fatal error has been detected by the Java Runtime Environment:
#
#  EXCEPTION_ACCESS_VIOLATION (0xc0000005) at pc=0x000000006be42be0, pid=6444, tid=0x0000000000001e4c
#
# JRE version: Java(TM) SE Runtime Environment (8.0_111-b14) (build 1.8.0_111-b14)
# Java VM: Java HotSpot(TM) 64-Bit Server VM (25.111-b14 mixed mode windows-amd64 compressed oops)
# Problematic frame:
# C  0x000000006be42be0
#
# Failed to write core dump. Minidumps are not enabled by default on client versions of Windows
#
# If you would like to submit a bug report, please visit:
#   http://bugreport.java.com/bugreport/crash.jsp
# The crash happened outside the Java Virtual Machine in native code.
# See problematic frame for where to report the bug.
#

---------------  T H R E A D  ---------------

Current thread (0x0000000019383000):  JavaThread "Secondary finalizer" [_thread_in_native, id=7756, stack(0x000000001c3d0000,0x000000001c4d0000)]

siginfo: ExceptionCode=0xc0000005, ExceptionInformation=0x0000000000000008 0x000000006be42be0

Registers:
RAX=0x000000006be42be0, RBX=0x0000000018d4a890, RCX=0x00000000193831f8, RDX=0x000000001c4cef78
RSP=0x000000001c4ceed8, RBP=0x000000001c4cef58, RSI=0x0000000000000108, RDI=0x000000000000070f
R8 =0x0000000000000005, R9 =0x00000000e2e90b98, R10=0x000000000465848b, R11=0x0000000052d7b580
R12=0x0000000000000000, R13=0x0000000018d4a890, R14=0x000000001c4cef78, R15=0x0000000019383000
RIP=0x000000006be42be0, EFLAGS=0x0000000000010206

Top of Stack: (sp=0x000000001c4ceed8)
0x000000001c4ceed8:   00000000046584b7 000000001c4cf018
0x000000001c4ceee8:   00000000046576e2 000000001c4ceef0
0x000000001c4ceef8:   0000000014ebe5e0 000000001c4cefe0
0x000000001c4cef08:   0000000000000000 00000000e2e90b98
0x000000001c4cef18:   000000001c4cef08 0000000000000000
0x000000001c4cef28:   000000001c4cef78 0000000018d75e70
0x000000001c4cef38:   0000000000000000 0000000018d4a890
0x000000001c4cef48:   0000000000000000 000000001c4cef78
0x000000001c4cef58:   000000001c4cefe0 000000000464835d
0x000000001c4cef68:   0000000000000000 00000000046519d8
0x000000001c4cef78:   00000000e2e90b98 00000000e2e90bd0
0x000000001c4cef88:   0000000000000000 0000000000000001
0x000000001c4cef98:   00000000e2e90b98 000000001c4cef80
0x000000001c4cefa8:   0000000018d4566e 000000001c4cf018
0x000000001c4cefb8:   0000000018d75680 0000000000000000
0x000000001c4cefc8:   0000000018d45708 000000001c4cef78 

Instructions: (pc=0x000000006be42be0)
0x000000006be42bc0:   
[error occurred during error reporting (printing registers, top of stack, instructions near pc), id 0xc0000005]

Register to memory mapping:

RAX=0x000000006be42be0 is an unknown value
RBX={method} {0x0000000018d4a898} 'free_functions' '()V' in 'org/sqlite/core/NativeDB'
RCX=0x00000000193831f8 is an unknown value
RDX=0x000000001c4cef78 is pointing into the stack for thread: 0x0000000019383000
RSP=0x000000001c4ceed8 is pointing into the stack for thread: 0x0000000019383000
RBP=0x000000001c4cef58 is pointing into the stack for thread: 0x0000000019383000
RSI=0x0000000000000108 is an unknown value
RDI=0x000000000000070f is an unknown value
R8 =0x0000000000000005 is an unknown value
R9 =0x00000000e2e90b98 is an oop
org.sqlite.core.NativeDB 
 - klass: 'org/sqlite/core/NativeDB'
R10=0x000000000465848b is at code_begin+1227 in an Interpreter codelet
method entry point (kind = native_synchronized)  [0x0000000004657fc0, 0x0000000004658aa0]  2784 bytes
R11=0x0000000052d7b580 is an unknown value
R12=0x0000000000000000 is an unknown value
R13={method} {0x0000000018d4a898} 'free_functions' '()V' in 'org/sqlite/core/NativeDB'
R14=0x000000001c4cef78 is pointing into the stack for thread: 0x0000000019383000
R15=0x0000000019383000 is a thread


Stack: [0x000000001c3d0000,0x000000001c4d0000],  sp=0x000000001c4ceed8,  free space=1019k
Native frames: (J=compiled Java code, j=interpreted, Vv=VM code, C=native code)
C  0x000000006be42be0

Java frames: (J=compiled Java code, j=interpreted, Vv=VM code)
j  org.sqlite.core.NativeDB.free_functions()V+0
j  org.sqlite.core.DB.close()V+102
j  org.sqlite.core.CoreConnection.close()V+26
j  org.sqlite.core.CoreConnection.finalize()V+1
J 1365 C1 java.lang.ref.Finalizer.runFinalizer(Lsun/misc/JavaLangAccess;)V (62 bytes) @ 0x0000000004a0058c [0x0000000004a00000+0x58c]
J 898 C1 java.lang.ref.Finalizer.access$100(Ljava/lang/ref/Finalizer;Lsun/misc/JavaLangAccess;)V (6 bytes) @ 0x00000000047c215c [0x00000000047c2100+0x5c]
j  java.lang.ref.Finalizer$3.run()V+58
j  java.lang.Thread.run()V+11
v  ~StubRoutines::call_stub

---------------  P R O C E S S  ---------------

Java Threads: ( => current thread )
=>0x0000000019383000 JavaThread "Secondary finalizer" [_thread_in_native, id=7756, stack(0x000000001c3d0000,0x000000001c4d0000)]
  0x00000000179f4000 JavaThread "TC Event Thread" daemon [_thread_blocked, id=3432, stack(0x000000001a9e0000,0x000000001aae0000)]
  0x0000000004542800 JavaThread "DestroyJavaVM" [_thread_blocked, id=7620, stack(0x0000000004440000,0x0000000004540000)]
  0x000000001769f800 JavaThread "AWT-EventQueue-0" [_thread_blocked, id=2684, stack(0x0000000017f70000,0x0000000018070000)]
  0x000000001768a800 JavaThread "AWT-Shutdown" [_thread_blocked, id=6892, stack(0x0000000017ca0000,0x0000000017da0000)]
  0x0000000017687800 JavaThread "Java2D Disposer" daemon [_thread_blocked, id=6696, stack(0x0000000017b80000,0x0000000017c80000)]
  0x0000000015681800 JavaThread "Service Thread" daemon [_thread_blocked, id=6328, stack(0x0000000016970000,0x0000000016a70000)]
  0x000000001567a000 JavaThread "C1 CompilerThread1" daemon [_thread_blocked, id=3884, stack(0x0000000016870000,0x0000000016970000)]
  0x0000000015620000 JavaThread "C2 CompilerThread0" daemon [_thread_blocked, id=8148, stack(0x0000000016770000,0x0000000016870000)]
  0x000000001561e800 JavaThread "Attach Listener" daemon [_thread_blocked, id=3308, stack(0x0000000016670000,0x0000000016770000)]
  0x0000000015619800 JavaThread "Signal Dispatcher" daemon [_thread_blocked, id=6732, stack(0x0000000016570000,0x0000000016670000)]
  0x0000000015608800 JavaThread "Finalizer" daemon [_thread_blocked, id=1908, stack(0x0000000016270000,0x0000000016370000)]
  0x0000000004630800 JavaThread "Reference Handler" daemon [_thread_blocked, id=7696, stack(0x0000000016170000,0x0000000016270000)]

Other Threads:
  0x00000000155e5800 VMThread [stack: 0x0000000016070000,0x0000000016170000] [id=7872]
  0x00000000156a9800 WatcherThread [stack: 0x0000000016e70000,0x0000000016f70000] [id=7808]

VM state:not at safepoint (normal execution)

VM Mutex/Monitor currently owned by a thread: None

Heap:
 PSYoungGen      total 19968K, used 8766K [0x00000000f6180000, 0x00000000f8d00000, 0x0000000100000000)
  eden space 15872K, 31% used [0x00000000f6180000,0x00000000f6669a68,0x00000000f7100000)
  from space 4096K, 91% used [0x00000000f8900000,0x00000000f8ca60e0,0x00000000f8d00000)
  to   space 7168K, 0% used [0x00000000f7f00000,0x00000000f7f00000,0x00000000f8600000)
 ParOldGen       total 20480K, used 12554K [0x00000000e2400000, 0x00000000e3800000, 0x00000000f6180000)
  object space 20480K, 61% used [0x00000000e2400000,0x00000000e3042a50,0x00000000e3800000)
 Metaspace       used 12964K, capacity 13254K, committed 13440K, reserved 1060864K
  class space    used 1502K, capacity 1574K, committed 1664K, reserved 1048576K

Card table byte_map: [0x0000000013a00000,0x0000000013af0000] byte_map_base: 0x00000000132ee000

Marking Bits: (ParMarkBitMap*) 0x000000005336a6c0
 Begin Bits: [0x0000000013cf0000, 0x0000000014460000)
 End Bits:   [0x0000000014460000, 0x0000000014bd0000)

Polling page: 0x0000000004330000

CodeCache: size=245760Kb used=5029Kb max_used=5039Kb free=240730Kb
 bounds [0x0000000004640000, 0x0000000004b40000, 0x0000000013640000]
 total_blobs=1764 nmethods=1275 adapters=402
 compilation: enabled

Compilation events (10 events):
Event: 50.710 Thread 0x000000001567a000 1437       3       java.lang.Class::privateGetDeclaredConstructors (85 bytes)
Event: 50.712 Thread 0x000000001567a000 nmethod 1437 0x000000000499e310 code [0x000000000499e4e0, 0x000000000499ebd8]
Event: 50.712 Thread 0x000000001567a000 1438       3       sun.reflect.ReflectionFactory::copyConstructor (10 bytes)
Event: 50.713 Thread 0x000000001567a000 nmethod 1438 0x000000000499dbd0 code [0x000000000499dd60, 0x000000000499e148]
Event: 50.713 Thread 0x000000001567a000 1439       3       java.lang.reflect.ReflectAccess::copyConstructor (5 bytes)
Event: 50.714 Thread 0x000000001567a000 nmethod 1439 0x000000000499d790 code [0x000000000499d900, 0x000000000499db08]
Event: 50.832 Thread 0x0000000015620000 1440       4       java.io.FileInputStream::read (8 bytes)
Event: 50.833 Thread 0x0000000015620000 nmethod 1440 0x00000000048b1b10 code [0x00000000048b1c60, 0x00000000048b1ce8]
Event: 50.993 Thread 0x000000001567a000 1441       1       java.lang.ref.Finalizer::access$400 (5 bytes)
Event: 50.993 Thread 0x000000001567a000 nmethod 1441 0x000000000499d4d0 code [0x000000000499d620, 0x000000000499d710]

GC Heap History (10 events):
Event: 2.383 GC heap before
{Heap before GC invocations=2 (full 0):
 PSYoungGen      total 9216K, used 9200K [0x00000000f6180000, 0x00000000f6b80000, 0x0000000100000000)
  eden space 8192K, 100% used [0x00000000f6180000,0x00000000f6980000,0x00000000f6980000)
  from space 1024K, 98% used [0x00000000f6980000,0x00000000f6a7c030,0x00000000f6a80000)
  to   space 1024K, 0% used [0x00000000f6a80000,0x00000000f6a80000,0x00000000f6b80000)
 ParOldGen       total 20480K, used 980K [0x00000000e2400000, 0x00000000e3800000, 0x00000000f6180000)
  object space 20480K, 4% used [0x00000000e2400000,0x00000000e24f5238,0x00000000e3800000)
 Metaspace       used 9416K, capacity 9666K, committed 9856K, reserved 1058816K
  class space    used 1089K, capacity 1152K, committed 1152K, reserved 1048576K
Event: 2.423 GC heap after
Heap after GC invocations=2 (full 0):
 PSYoungGen      total 9216K, used 992K [0x00000000f6180000, 0x00000000f7380000, 0x0000000100000000)
  eden space 8192K, 0% used [0x00000000f6180000,0x00000000f6180000,0x00000000f6980000)
  from space 1024K, 96% used [0x00000000f6a80000,0x00000000f6b78020,0x00000000f6b80000)
  to   space 1024K, 0% used [0x00000000f6980000,0x00000000f6980000,0x00000000f6a80000)
 ParOldGen       total 20480K, used 3966K [0x00000000e2400000, 0x00000000e3800000, 0x00000000f6180000)
  object space 20480K, 19% used [0x00000000e2400000,0x00000000e27df930,0x00000000e3800000)
 Metaspace       used 9416K, capacity 9666K, committed 9856K, reserved 1058816K
  class space    used 1089K, capacity 1152K, committed 1152K, reserved 1048576K
}
Event: 3.110 GC heap before
{Heap before GC invocations=3 (full 0):
 PSYoungGen      total 9216K, used 9184K [0x00000000f6180000, 0x00000000f7380000, 0x0000000100000000)
  eden space 8192K, 100% used [0x00000000f6180000,0x00000000f6980000,0x00000000f6980000)
  from space 1024K, 96% used [0x00000000f6a80000,0x00000000f6b78020,0x00000000f6b80000)
  to   space 1024K, 0% used [0x00000000f6980000,0x00000000f6980000,0x00000000f6a80000)
 ParOldGen       total 20480K, used 3966K [0x00000000e2400000, 0x00000000e3800000, 0x00000000f6180000)
  object space 20480K, 19% used [0x00000000e2400000,0x00000000e27df930,0x00000000e3800000)
 Metaspace       used 9686K, capacity 9890K, committed 10240K, reserved 1058816K
  class space    used 1114K, capacity 1184K, committed 1280K, reserved 1048576K
Event: 3.120 GC heap after
Heap after GC invocations=3 (full 0):
 PSYoungGen      total 9216K, used 1021K [0x00000000f6180000, 0x00000000f7380000, 0x0000000100000000)
  eden space 8192K, 0% used [0x00000000f6180000,0x00000000f6180000,0x00000000f6980000)
  from space 1024K, 99% used [0x00000000f6980000,0x00000000f6a7f5f8,0x00000000f6a80000)
  to   space 1024K, 0% used [0x00000000f7280000,0x00000000f7280000,0x00000000f7380000)
 ParOldGen       total 20480K, used 8285K [0x00000000e2400000, 0x00000000e3800000, 0x00000000f6180000)
  object space 20480K, 40% used [0x00000000e2400000,0x00000000e2c17550,0x00000000e3800000)
 Metaspace       used 9686K, capacity 9890K, committed 10240K, reserved 1058816K
  class space    used 1114K, capacity 1184K, committed 1280K, reserved 1048576K
}
Event: 5.038 GC heap before
{Heap before GC invocations=4 (full 0):
 PSYoungGen      total 9216K, used 9213K [0x00000000f6180000, 0x00000000f7380000, 0x0000000100000000)
  eden space 8192K, 100% used [0x00000000f6180000,0x00000000f6980000,0x00000000f6980000)
  from space 1024K, 99% used [0x00000000f6980000,0x00000000f6a7f5f8,0x00000000f6a80000)
  to   space 1024K, 0% used [0x00000000f7280000,0x00000000f7280000,0x00000000f7380000)
 ParOldGen       total 20480K, used 8285K [0x00000000e2400000, 0x00000000e3800000, 0x00000000f6180000)
  object space 20480K, 40% used [0x00000000e2400000,0x00000000e2c17550,0x00000000e3800000)
 Metaspace       used 9947K, capacity 10178K, committed 10496K, reserved 1058816K
  class space    used 1142K, capacity 1216K, committed 1280K, reserved 1048576K
Event: 5.043 GC heap after
Heap after GC invocations=4 (full 0):
 PSYoungGen      total 17408K, used 1021K [0x00000000f6180000, 0x00000000f7380000, 0x0000000100000000)
  eden space 16384K, 0% used [0x00000000f6180000,0x00000000f6180000,0x00000000f7180000)
  from space 1024K, 99% used [0x00000000f7280000,0x00000000f737f5f8,0x00000000f7380000)
  to   space 1024K, 0% used [0x00000000f7180000,0x00000000f7180000,0x00000000f7280000)
 ParOldGen       total 20480K, used 8430K [0x00000000e2400000, 0x00000000e3800000, 0x00000000f6180000)
  object space 20480K, 41% used [0x00000000e2400000,0x00000000e2c3b9f0,0x00000000e3800000)
 Metaspace       used 9947K, capacity 10178K, committed 10496K, reserved 1058816K
  class space    used 1142K, capacity 1216K, committed 1280K, reserved 1048576K
}
Event: 6.674 GC heap before
{Heap before GC invocations=5 (full 0):
 PSYoungGen      total 17408K, used 17144K [0x00000000f6180000, 0x00000000f7380000, 0x0000000100000000)
  eden space 16384K, 98% used [0x00000000f6180000,0x00000000f713eb10,0x00000000f7180000)
  from space 1024K, 99% used [0x00000000f7280000,0x00000000f737f5f8,0x00000000f7380000)
  to   space 1024K, 0% used [0x00000000f7180000,0x00000000f7180000,0x00000000f7280000)
 ParOldGen       total 20480K, used 8430K [0x00000000e2400000, 0x00000000e3800000, 0x00000000f6180000)
  object space 20480K, 41% used [0x00000000e2400000,0x00000000e2c3b9f0,0x00000000e3800000)
 Metaspace       used 11681K, capacity 11914K, committed 12288K, reserved 1060864K
  class space    used 1335K, capacity 1410K, committed 1536K, reserved 1048576K
Event: 6.685 GC heap after
Heap after GC invocations=5 (full 0):
 PSYoungGen      total 17408K, used 1016K [0x00000000f6180000, 0x00000000f9080000, 0x0000000100000000)
  eden space 16384K, 0% used [0x00000000f6180000,0x00000000f6180000,0x00000000f7180000)
  from space 1024K, 99% used [0x00000000f7180000,0x00000000f727e310,0x00000000f7280000)
  to   space 7680K, 0% used [0x00000000f8900000,0x00000000f8900000,0x00000000f9080000)
 ParOldGen       total 20480K, used 12554K [0x00000000e2400000, 0x00000000e3800000, 0x00000000f6180000)
  object space 20480K, 61% used [0x00000000e2400000,0x00000000e3042a50,0x00000000e3800000)
 Metaspace       used 11681K, capacity 11914K, committed 12288K, reserved 1060864K
  class space    used 1335K, capacity 1410K, committed 1536K, reserved 1048576K
}
Event: 27.392 GC heap before
{Heap before GC invocations=6 (full 0):
 PSYoungGen      total 17408K, used 17400K [0x00000000f6180000, 0x00000000f9080000, 0x0000000100000000)
  eden space 16384K, 100% used [0x00000000f6180000,0x00000000f7180000,0x00000000f7180000)
  from space 1024K, 99% used [0x00000000f7180000,0x00000000f727e310,0x00000000f7280000)
  to   space 7680K, 0% used [0x00000000f8900000,0x00000000f8900000,0x00000000f9080000)
 ParOldGen       total 20480K, used 12554K [0x00000000e2400000, 0x00000000e3800000, 0x00000000f6180000)
  object space 20480K, 61% used [0x00000000e2400000,0x00000000e3042a50,0x00000000e3800000)
 Metaspace       used 12826K, capacity 13126K, committed 13440K, reserved 1060864K
  class space    used 1481K, capacity 1574K, committed 1664K, reserved 1048576K
Event: 27.402 GC heap after
Heap after GC invocations=6 (full 0):
 PSYoungGen      total 19968K, used 3736K [0x00000000f6180000, 0x00000000f8d00000, 0x0000000100000000)
  eden space 15872K, 0% used [0x00000000f6180000,0x00000000f6180000,0x00000000f7100000)
  from space 4096K, 91% used [0x00000000f8900000,0x00000000f8ca60e0,0x00000000f8d00000)
  to   space 7168K, 0% used [0x00000000f7f00000,0x00000000f7f00000,0x00000000f8600000)
 ParOldGen       total 20480K, used 12554K [0x00000000e2400000, 0x00000000e3800000, 0x00000000f6180000)
  object space 20480K, 61% used [0x00000000e2400000,0x00000000e3042a50,0x00000000e3800000)
 Metaspace       used 12826K, capacity 13126K, committed 13440K, reserved 1060864K
  class space    used 1481K, capacity 1574K, committed 1664K, reserved 1048576K
}

Deoptimization events (10 events):
Event: 9.019 Thread 0x0000000017b3a800 Uncommon trap: reason=unstable_if action=reinterpret pc=0x0000000004a1c764 method=sun.awt.image.ImageRepresentation.getOpaqueRGBImage()Ljava/awt/image/BufferedImage; @ 71
Event: 9.085 Thread 0x00000000179f4000 Uncommon trap: reason=unstable_if action=reinterpret pc=0x0000000004755c90 method=totalcross.ui.gfx.Graphics.drawSurface([ILjava/lang/Object;IIIIIIZIIII)V @ 558
Event: 10.483 Thread 0x00000000179f4000 Uncommon trap: reason=unstable_if action=reinterpret pc=0x0000000004a32a7c method=totalcross.ui.image.Image.getSmoothScaledInstance(II)Ltotalcross/ui/image/Image; @ 715
Event: 10.483 Thread 0x00000000179f4000 Uncommon trap: reason=unstable_if action=reinterpret pc=0x0000000004a093d8 method=totalcross.ui.image.Image.getSmoothScaledInstance(II)Ltotalcross/ui/image/Image; @ 715
Event: 10.769 Thread 0x0000000017ab6000 Uncommon trap: reason=unstable_if action=reinterpret pc=0x00000000049755c8 method=totalcross.ui.image.Image$ImageLoader.setPixels(IIIILjava/awt/image/ColorModel;[III)V @ 34
Event: 10.769 Thread 0x0000000017ab6000 Uncommon trap: reason=unstable_if action=reinterpret pc=0x0000000004928728 method=java.awt.image.DirectColorModel.getAlpha(I)I @ 4
Event: 10.769 Thread 0x0000000017ab6000 Uncommon trap: reason=unstable_if action=reinterpret pc=0x0000000004929e68 method=java.awt.image.DirectColorModel.getAlpha(I)I @ 4
Event: 12.614 Thread 0x00000000179f4000 Uncommon trap: reason=unstable_if action=reinterpret pc=0x00000000048967e8 method=totalcross.ui.gfx.Graphics.drawText(Ljava/lang/String;III)V @ 1109
Event: 12.693 Thread 0x00000000179f4000 Uncommon trap: reason=unstable_if action=reinterpret pc=0x0000000004902ae0 method=totalcross.ui.gfx.Graphics.drawText(Ljava/lang/String;III)V @ 211
Event: 29.493 Thread 0x00000000179f4000 Uncommon trap: reason=unstable_if action=reinterpret pc=0x0000000004974b00 method=totalcross.ui.Control.refreshGraphics(Ltotalcross/ui/gfx/Graphics;ILtotalcross/ui/Control;II)Ltotalcross/ui/gfx/Graphics; @ 171

Internal exceptions (10 events):
Event: 47.801 Thread 0x000000001777f800 Exception <a 'java/lang/InterruptedException': sleep interrupted> (0x00000000f65bbd28) thrown at [C:\re\workspace\8-2-build-windows-amd64-cygwin\jdk8u111\7883\hotspot\src\share\vm\prims\jvm.cpp, line 3224]
Event: 48.301 Thread 0x000000001777f800 Exception <a 'java/lang/InterruptedException': sleep interrupted> (0x00000000f65bbfd8) thrown at [C:\re\workspace\8-2-build-windows-amd64-cygwin\jdk8u111\7883\hotspot\src\share\vm\prims\jvm.cpp, line 3176]
Event: 48.801 Thread 0x000000001777f800 Exception <a 'java/lang/InterruptedException': sleep interrupted> (0x00000000f65bc288) thrown at [C:\re\workspace\8-2-build-windows-amd64-cygwin\jdk8u111\7883\hotspot\src\share\vm\prims\jvm.cpp, line 3224]
Event: 49.301 Thread 0x000000001777f800 Exception <a 'java/lang/InterruptedException': sleep interrupted> (0x00000000f65bc538) thrown at [C:\re\workspace\8-2-build-windows-amd64-cygwin\jdk8u111\7883\hotspot\src\share\vm\prims\jvm.cpp, line 3176]
Event: 49.801 Thread 0x000000001777f800 Exception <a 'java/lang/InterruptedException': sleep interrupted> (0x00000000f65bc7e8) thrown at [C:\re\workspace\8-2-build-windows-amd64-cygwin\jdk8u111\7883\hotspot\src\share\vm\prims\jvm.cpp, line 3224]
Event: 50.302 Thread 0x000000001777f800 Exception <a 'java/lang/InterruptedException': sleep interrupted> (0x00000000f65bca98) thrown at [C:\re\workspace\8-2-build-windows-amd64-cygwin\jdk8u111\7883\hotspot\src\share\vm\prims\jvm.cpp, line 3176]
Event: 50.714 Thread 0x00000000179f4000 Exception <a 'java/io/FileNotFoundException'> (0x00000000f659bd60) thrown at [C:\re\workspace\8-2-build-windows-amd64-cygwin\jdk8u111\7883\hotspot\src\share\vm\prims\jni.cpp, line 709]
Event: 50.715 Thread 0x00000000179f4000 Exception <a 'java/io/FileNotFoundException'> (0x00000000f659c808) thrown at [C:\re\workspace\8-2-build-windows-amd64-cygwin\jdk8u111\7883\hotspot\src\share\vm\prims\jni.cpp, line 709]
Event: 50.715 Thread 0x00000000179f4000 Exception <a 'java/io/FileNotFoundException'> (0x00000000f659d5f8) thrown at [C:\re\workspace\8-2-build-windows-amd64-cygwin\jdk8u111\7883\hotspot\src\share\vm\prims\jni.cpp, line 709]
Event: 50.880 Thread 0x000000001777f800 Exception <a 'java/lang/InterruptedException': sleep interrupted> (0x00000000f65bcd48) thrown at [C:\re\workspace\8-2-build-windows-amd64-cygwin\jdk8u111\7883\hotspot\src\share\vm\prims\jvm.cpp, line 3224]

Events (10 events):
Event: 50.991 Executing VM operation: RevokeBias
Event: 50.991 Executing VM operation: RevokeBias done
Event: 50.991 Executing VM operation: BulkRevokeBias
Event: 50.991 Executing VM operation: BulkRevokeBias done
Event: 50.991 Executing VM operation: RevokeBias
Event: 50.991 Executing VM operation: RevokeBias done
Event: 50.992 Executing VM operation: RevokeBias
Event: 50.992 Executing VM operation: RevokeBias done
Event: 50.993 Executing VM operation: RevokeBias
Event: 50.993 Executing VM operation: RevokeBias done


Dynamic libraries:
0x00007ff6f7c90000 - 0x00007ff6f7cc7000 	C:\Program Files\Java\jre1.8.0_111\bin\javaw.exe
0x00007ffdb3860000 - 0x00007ffdb3a40000 	C:\WINDOWS\SYSTEM32\ntdll.dll
0x00007ffdb30f0000 - 0x00007ffdb319e000 	C:\WINDOWS\System32\KERNEL32.DLL
0x00007ffdb0ac0000 - 0x00007ffdb0d26000 	C:\WINDOWS\System32\KERNELBASE.dll
0x00007ffdb1000000 - 0x00007ffdb10a1000 	C:\WINDOWS\System32\ADVAPI32.dll
0x00007ffdb3560000 - 0x00007ffdb35fd000 	C:\WINDOWS\System32\msvcrt.dll
0x00007ffdb31a0000 - 0x00007ffdb31fb000 	C:\WINDOWS\System32\sechost.dll
0x00007ffdb1240000 - 0x00007ffdb135f000 	C:\WINDOWS\System32\RPCRT4.dll
0x00007ffdb0d90000 - 0x00007ffdb0f1f000 	C:\WINDOWS\System32\USER32.dll
0x00007ffdb0110000 - 0x00007ffdb0130000 	C:\WINDOWS\System32\win32u.dll
0x00007ffdb3730000 - 0x00007ffdb3758000 	C:\WINDOWS\System32\GDI32.dll
0x00007ffdb0920000 - 0x00007ffdb0ab3000 	C:\WINDOWS\System32\gdi32full.dll
0x00007ffdb0130000 - 0x00007ffdb01cb000 	C:\WINDOWS\System32\msvcp_win.dll
0x00007ffdafc60000 - 0x00007ffdafd56000 	C:\WINDOWS\System32\ucrtbase.dll
0x00007ffd9f5d0000 - 0x00007ffd9f839000 	C:\WINDOWS\WinSxS\amd64_microsoft.windows.common-controls_6595b64144ccf1df_6.0.16299.431_none_15c7d3ee93659e73\COMCTL32.dll
0x00007ffdb1920000 - 0x00007ffdb1c28000 	C:\WINDOWS\System32\combase.dll
0x00007ffdaff80000 - 0x00007ffdafff2000 	C:\WINDOWS\System32\bcryptPrimitives.dll
0x00007ffdb1160000 - 0x00007ffdb118d000 	C:\WINDOWS\System32\IMM32.DLL
0x00000000539d0000 - 0x0000000053aa2000 	C:\Program Files\Java\jre1.8.0_111\bin\msvcr100.dll
0x0000000052b50000 - 0x00000000533ea000 	C:\Program Files\Java\jre1.8.0_111\bin\server\jvm.dll
0x00007ffdb30e0000 - 0x00007ffdb30e8000 	C:\WINDOWS\System32\PSAPI.DLL
0x00007ffdab9f0000 - 0x00007ffdab9f9000 	C:\WINDOWS\SYSTEM32\WSOCK32.dll
0x00007ffdb3070000 - 0x00007ffdb30dc000 	C:\WINDOWS\System32\WS2_32.dll
0x00007ffdadf40000 - 0x00007ffdadf63000 	C:\WINDOWS\SYSTEM32\WINMM.dll
0x00007ffda15e0000 - 0x00007ffda15ea000 	C:\WINDOWS\SYSTEM32\VERSION.dll
0x00007ffdadee0000 - 0x00007ffdadf0a000 	C:\WINDOWS\SYSTEM32\WINMMBASE.dll
0x00007ffdafd60000 - 0x00007ffdafdaa000 	C:\WINDOWS\System32\cfgmgr32.dll
0x0000000052a60000 - 0x0000000052a6f000 	C:\Program Files\Java\jre1.8.0_111\bin\verify.dll
0x0000000052a30000 - 0x0000000052a59000 	C:\Program Files\Java\jre1.8.0_111\bin\java.dll
0x0000000052a10000 - 0x0000000052a26000 	C:\Program Files\Java\jre1.8.0_111\bin\zip.dll
0x00007ffdb1c30000 - 0x00007ffdb3068000 	C:\WINDOWS\System32\SHELL32.dll
0x00007ffdb1190000 - 0x00007ffdb1236000 	C:\WINDOWS\System32\shcore.dll
0x00007ffdb01d0000 - 0x00007ffdb0917000 	C:\WINDOWS\System32\windows.storage.dll
0x00007ffdb0fa0000 - 0x00007ffdb0ff1000 	C:\WINDOWS\System32\shlwapi.dll
0x00007ffdafc20000 - 0x00007ffdafc31000 	C:\WINDOWS\System32\kernel.appcore.dll
0x00007ffdafbb0000 - 0x00007ffdafbfc000 	C:\WINDOWS\System32\powrprof.dll
0x00007ffdafc40000 - 0x00007ffdafc5b000 	C:\WINDOWS\System32\profapi.dll
0x0000000053830000 - 0x00000000539c8000 	C:\Program Files\Java\jre1.8.0_111\bin\awt.dll
0x00007ffdb3760000 - 0x00007ffdb3825000 	C:\WINDOWS\System32\OLEAUT32.dll
0x00007ffdae060000 - 0x00007ffdae0e8000 	C:\WINDOWS\SYSTEM32\apphelp.dll
0x00007ffdae450000 - 0x00007ffdae47a000 	C:\WINDOWS\system32\DWMAPI.DLL
0x00007ffdae1e0000 - 0x00007ffdae275000 	C:\WINDOWS\system32\uxtheme.dll
0x00007ffdb17b0000 - 0x00007ffdb1917000 	C:\WINDOWS\System32\MSCTF.dll
0x00007ffdb3200000 - 0x00007ffdb3349000 	C:\WINDOWS\System32\ole32.dll
0x00000000537e0000 - 0x0000000053827000 	C:\Program Files\Java\jre1.8.0_111\bin\fontmanager.dll
0x00007ffd97ca0000 - 0x00007ffd97d35000 	C:\WINDOWS\system32\RICHED20.DLL
0x00007ffd87ea0000 - 0x00007ffd87eb9000 	C:\WINDOWS\SYSTEM32\USP10.dll
0x00007ffd9a7f0000 - 0x00007ffd9a828000 	C:\WINDOWS\SYSTEM32\msls31.dll
0x00007ffdb10b0000 - 0x00007ffdb114e000 	C:\WINDOWS\System32\clbcatq.dll
0x00007ffdaf6b0000 - 0x00007ffdaf6d5000 	C:\WINDOWS\system32\bcrypt.dll
0x00007ffda4f20000 - 0x00007ffda4fb8000 	C:\WINDOWS\System32\TextInputFramework.dll
0x00007ffdaa720000 - 0x00007ffdaaa0e000 	C:\WINDOWS\System32\CoreUIComponents.dll
0x00007ffdad0d0000 - 0x00007ffdad1ac000 	C:\WINDOWS\System32\CoreMessaging.dll
0x00007ffdaece0000 - 0x00007ffdaed11000 	C:\WINDOWS\SYSTEM32\ntmarta.dll
0x00007ffdac050000 - 0x00007ffdac186000 	C:\WINDOWS\SYSTEM32\wintypes.dll
0x00007ffdaf5a0000 - 0x00007ffdaf5b7000 	C:\WINDOWS\SYSTEM32\CRYPTSP.dll
0x00007ffdaefe0000 - 0x00007ffdaf013000 	C:\WINDOWS\system32\rsaenh.dll
0x00007ffdafab0000 - 0x00007ffdafad9000 	C:\WINDOWS\SYSTEM32\USERENV.dll
0x00007ffdaf5c0000 - 0x00007ffdaf5cb000 	C:\WINDOWS\SYSTEM32\CRYPTBASE.dll
0x00000000529f0000 - 0x0000000052a0a000 	C:\Program Files\Java\jre1.8.0_111\bin\net.dll
0x00007ffdaf3e0000 - 0x00007ffdaf446000 	C:\WINDOWS\system32\mswsock.dll
0x00007ffdaf170000 - 0x00007ffdaf1a9000 	C:\WINDOWS\SYSTEM32\IPHLPAPI.DLL
0x00007ffdb3350000 - 0x00007ffdb3358000 	C:\WINDOWS\System32\NSI.dll
0x00007ffdaf1b0000 - 0x00007ffdaf266000 	C:\WINDOWS\SYSTEM32\DNSAPI.dll
0x00007ffda4840000 - 0x00007ffda484a000 	C:\Windows\System32\rasadhlp.dll
0x00007ffda7050000 - 0x00007ffda70c0000 	C:\WINDOWS\System32\fwpuclnt.dll
0x00007ffdaa480000 - 0x00007ffdaa496000 	C:\WINDOWS\SYSTEM32\dhcpcsvc6.DLL
0x00007ffdaa4e0000 - 0x00007ffdaa4fa000 	C:\WINDOWS\SYSTEM32\dhcpcsvc.DLL
0x00000000529d0000 - 0x00000000529e1000 	C:\Program Files\Java\jre1.8.0_111\bin\nio.dll
0x00000000537a0000 - 0x00000000537d1000 	C:\Program Files\Java\jre1.8.0_111\bin\jpeg.dll
0x00007ffda09b0000 - 0x00007ffda0b78000 	C:\WINDOWS\SYSTEM32\dbghelp.dll

VM Arguments:
jvm_args: -Dfile.encoding=Cp1252 
java_command: totalcross.Launcher /r 544353541A8E8B2A28D5B8E0 com.app.app
java_class_path (initial): C:\Program Files\Java\jre1.8.0_111\lib\resources.jar;C:\Program Files\Java\jre1.8.0_111\lib\rt.jar;C:\Program Files\Java\jre1.8.0_111\lib\jsse.jar;C:\Program Files\Java\jre1.8.0_111\lib\jce.jar;C:\Program Files\Java\jre1.8.0_111\lib\charsets.jar;C:\Program Files\Java\jre1.8.0_111\lib\jfr.jar;C:\Program Files\Java\jre1.8.0_111\lib\ext\access-bridge-64.jar;C:\Program Files\Java\jre1.8.0_111\lib\ext\cldrdata.jar;C:\Program Files\Java\jre1.8.0_111\lib\ext\dnsns.jar;C:\Program Files\Java\jre1.8.0_111\lib\ext\jaccess.jar;C:\Program Files\Java\jre1.8.0_111\lib\ext\jfxrt.jar;C:\Program Files\Java\jre1.8.0_111\lib\ext\localedata.jar;C:\Program Files\Java\jre1.8.0_111\lib\ext\nashorn.jar;C:\Program Files\Java\jre1.8.0_111\lib\ext\sunec.jar;C:\Program Files\Java\jre1.8.0_111\lib\ext\sunjce_provider.jar;C:\Program Files\Java\jre1.8.0_111\lib\ext\sunmscapi.jar;C:\Program Files\Java\jre1.8.0_111\lib\ext\sunpkcs11.jar;C:\Program Files\Java\jre1.8.0_111\lib\ext\zipfs.jar;C:\Users\marci\eclipse-workspace\app\target\classes;C:\Users\marci\.m2\repository\com\totalcross\utils\tc-utilities\0.0.1-SNAPSHOT\tc-utilities-0.0.1-SNAPSHOT.jar;C:\Users\marci\.m2\repository\com\totalcross\utils\magical-utils\0.0.1-SNAPSHOT\magical-utils-0.0.1-SNAPSHOT.jar;C:\Users\marci\.m2\repository\com\totalcross\totalcross-sdk\4.1.0\totalcross-sdk-4.1.0.jar;C:\Users\marci\.m2\repository\org\vafer\jdeb\0.7\jdeb-0.7.jar;C:\Users\marci\.m2\repository\org\apache\maven\maven-plugin-api\2.0.5\maven-plugin-api-2.0.5.jar;C:\Users\marci\.m2\repository\org\apache\maven\maven-project\2.0.5\maven-project-2.0.5.jar;C:\Users\marci\.m2\repository\org\apache\maven\maven-settings\2.0.5\maven-settings-2.0.5.jar;C:\Users\marci\.m2\repository\org\apache\maven\maven-profile\2.0.5\maven-profile-2.0.5.jar;C:\Users\marci\.m2\repository\org\apache\maven\maven-model\2.0.5\maven-model-2.0.5.jar;C:\Users\marci\.m2\repository\org\apache\maven\maven-artifact-manager\2.0.5\maven-artifact-manager-2.0.5.jar;C:\U
Launcher Type: SUN_STANDARD

Environment Variables:
JAVA_HOME=C:\Program Files\Java\jdk1.8.0_111
PATH=C:/Program Files/Java/jre1.8.0_111/bin/server;C:/Program Files/Java/jre1.8.0_111/bin;C:/Program Files/Java/jre1.8.0_111/lib/amd64;C:\ProgramData\Oracle\Java\javapath;C:\Program Files (x86)\Intel\TXE Components\TCS\;C:\Program Files\Intel\TXE Components\TCS\;C:\WINDOWS\system32;C:\WINDOWS;C:\WINDOWS\System32\Wbem;C:\WINDOWS\System32\WindowsPowerShell\v1.0\;C:\Program Files\Intel\TXE Components\DAL\;C:\Program Files (x86)\Intel\TXE Components\DAL\;C:\Program Files\Intel\TXE Components\IPT\;C:\Program Files (x86)\Intel\TXE Components\IPT\;C:\Program Files\Java\jdk1.8.0_111\bin;C:\TotalCross3\dist\vm\win32;C:\Users\marci\AppData\Local\Microsoft\WindowsApps;c:\TotalCross3\dist\vm\win32;C:\Program Files\Java\jdk1.8.0_111\bin;;C:\Users\marci\Desktop;
USERNAME=marci
OS=Windows_NT
PROCESSOR_IDENTIFIER=Intel64 Family 6 Model 76 Stepping 4, GenuineIntel



---------------  S Y S T E M  ---------------

OS: Windows 10.0 , 64 bit Build 16299 (10.0.16299.431)

CPU:total 2 (2 cores per cpu, 1 threads per core) family 6 model 76 stepping 4, cmov, cx8, fxsr, mmx, sse, sse2, sse3, ssse3, sse4.1, sse4.2, popcnt, aes, clmul, erms, 3dnowpref, tsc, tscinvbit

Memory: 4k page, physical 1946148k(464988k free), swap 5219216k(2123828k free)

vm_info: Java HotSpot(TM) 64-Bit Server VM (25.111-b14) for windows-amd64 JRE (1.8.0_111-b14), built on Sep 22 2016 19:24:05 by "java_re" with MS VC++ 10.0 (VS2010)

time: Sun Jun 03 12:49:27 2018
elapsed time: 51 seconds (0d 0h 0m 51s)

