#
# A fatal error has been detected by the Java Runtime Environment:
#
#  EXCEPTION_ACCESS_VIOLATION (0xc0000005) at pc=0x000000006be42be0, pid=5136, tid=0x00000000000009a8
#
# JRE version: Java(TM) SE Runtime Environment (8.0_111-b14) (build 1.8.0_111-b14)
# Java VM: Java HotSpot(TM) 64-Bit Server VM (25.111-b14 mixed mode windows-amd64 compressed oops)
# Problematic frame:
# C  0x000000006be42be0
#
# Failed to write core dump. Minidumps are not enabled by default on client versions of Windows
#
# If you would like to submit a bug report, please visit:
#   http://bugreport.java.com/bugreport/crash.jsp
# The crash happened outside the Java Virtual Machine in native code.
# See problematic frame for where to report the bug.
#

---------------  T H R E A D  ---------------

Current thread (0x00000000179ef000):  JavaThread "Secondary finalizer" [_thread_in_native, id=2472, stack(0x000000001b060000,0x000000001b160000)]

siginfo: ExceptionCode=0xc0000005, ExceptionInformation=0x0000000000000008 0x000000006be42be0

Registers:
RAX=0x000000006be42be0, RBX=0x000000001880a878, RCX=0x00000000179ef1f8, RDX=0x000000001b15f1b8
RSP=0x000000001b15f118, RBP=0x000000001b15f198, RSI=0x0000000000000108, RDI=0x0000000000000704
R8 =0x0000000000000005, R9 =0x00000000f6b8b730, R10=0x000000000460848b, R11=0x0000000052d7b580
R12=0x0000000000000000, R13=0x000000001880a878, R14=0x000000001b15f1b8, R15=0x00000000179ef000
RIP=0x000000006be42be0, EFLAGS=0x0000000000010206

Top of Stack: (sp=0x000000001b15f118)
0x000000001b15f118:   00000000046084b7 000000001b15f258
0x000000001b15f128:   00000000046076e2 000000001b15f130
0x000000001b15f138:   0000000014d7e618 000000001b15f220
0x000000001b15f148:   0000000000000000 00000000f6b8b730
0x000000001b15f158:   000000001b15f148 0000000000000000
0x000000001b15f168:   000000001b15f1b8 0000000018845e70
0x000000001b15f178:   0000000000000000 000000001880a878
0x000000001b15f188:   0000000000000000 000000001b15f1b8
0x000000001b15f198:   000000001b15f220 00000000045f835d
0x000000001b15f1a8:   0000000000000000 00000000046019d8
0x000000001b15f1b8:   00000000f6b8b730 00000000f6b8b768
0x000000001b15f1c8:   0000000000000000 0000000000000011
0x000000001b15f1d8:   00000000f6b8b730 000000001b15f1c0
0x000000001b15f1e8:   0000000018805656 000000001b15f258
0x000000001b15f1f8:   0000000018845680 0000000000000000
0x000000001b15f208:   00000000188056f0 000000001b15f1b8 

Instructions: (pc=0x000000006be42be0)
0x000000006be42bc0:   
[error occurred during error reporting (printing registers, top of stack, instructions near pc), id 0xc0000005]

Register to memory mapping:

RAX=0x000000006be42be0 is an unknown value
RBX={method} {0x000000001880a880} 'free_functions' '()V' in 'org/sqlite/core/NativeDB'
RCX=0x00000000179ef1f8 is an unknown value
RDX=0x000000001b15f1b8 is pointing into the stack for thread: 0x00000000179ef000
RSP=0x000000001b15f118 is pointing into the stack for thread: 0x00000000179ef000
RBP=0x000000001b15f198 is pointing into the stack for thread: 0x00000000179ef000
RSI=0x0000000000000108 is an unknown value
RDI=0x0000000000000704 is an unknown value
R8 =0x0000000000000005 is an unknown value
R9 =0x00000000f6b8b730 is an oop
org.sqlite.core.NativeDB 
 - klass: 'org/sqlite/core/NativeDB'
R10=0x000000000460848b is at code_begin+1227 in an Interpreter codelet
method entry point (kind = native_synchronized)  [0x0000000004607fc0, 0x0000000004608aa0]  2784 bytes
R11=0x0000000052d7b580 is an unknown value
R12=0x0000000000000000 is an unknown value
R13={method} {0x000000001880a880} 'free_functions' '()V' in 'org/sqlite/core/NativeDB'
R14=0x000000001b15f1b8 is pointing into the stack for thread: 0x00000000179ef000
R15=0x00000000179ef000 is a thread


Stack: [0x000000001b060000,0x000000001b160000],  sp=0x000000001b15f118,  free space=1020k
Native frames: (J=compiled Java code, j=interpreted, Vv=VM code, C=native code)
C  0x000000006be42be0

Java frames: (J=compiled Java code, j=interpreted, Vv=VM code)
j  org.sqlite.core.NativeDB.free_functions()V+0
j  org.sqlite.core.DB.close()V+102
j  org.sqlite.core.CoreConnection.close()V+26
j  org.sqlite.core.CoreConnection.finalize()V+1
J 919 C1 java.lang.System$2.invokeFinalize(Ljava/lang/Object;)V (5 bytes) @ 0x0000000004763f44 [0x0000000004763e40+0x104]
j  java.lang.ref.Finalizer.runFinalizer(Lsun/misc/JavaLangAccess;)V+46
J 916 C1 java.lang.ref.Finalizer.access$100(Ljava/lang/ref/Finalizer;Lsun/misc/JavaLangAccess;)V (6 bytes) @ 0x0000000004728a9c [0x0000000004728a40+0x5c]
j  java.lang.ref.Finalizer$3.run()V+58
j  java.lang.Thread.run()V+11
v  ~StubRoutines::call_stub

---------------  P R O C E S S  ---------------

Java Threads: ( => current thread )
=>0x00000000179ef000 JavaThread "Secondary finalizer" [_thread_in_native, id=2472, stack(0x000000001b060000,0x000000001b160000)]
  0x0000000018ae5000 JavaThread "TC Event Thread" daemon [_thread_blocked, id=1144, stack(0x000000001a460000,0x000000001a560000)]
  0x00000000044f2800 JavaThread "DestroyJavaVM" [_thread_blocked, id=5564, stack(0x00000000043f0000,0x00000000044f0000)]
  0x0000000017583000 JavaThread "AWT-EventQueue-0" [_thread_blocked, id=4828, stack(0x0000000017e10000,0x0000000017f10000)]
  0x0000000017365000 JavaThread "AWT-Shutdown" [_thread_blocked, id=2076, stack(0x0000000017c10000,0x0000000017d10000)]
  0x0000000017362800 JavaThread "Java2D Disposer" daemon [_thread_blocked, id=6336, stack(0x0000000017b10000,0x0000000017c10000)]
  0x0000000015547800 JavaThread "Service Thread" daemon [_thread_blocked, id=332, stack(0x0000000016810000,0x0000000016910000)]
  0x00000000154ea800 JavaThread "C1 CompilerThread1" daemon [_thread_blocked, id=6752, stack(0x0000000016710000,0x0000000016810000)]
  0x00000000154dc800 JavaThread "C2 CompilerThread0" daemon [_thread_blocked, id=3664, stack(0x0000000016610000,0x0000000016710000)]
  0x00000000154db000 JavaThread "Attach Listener" daemon [_thread_blocked, id=6344, stack(0x0000000016510000,0x0000000016610000)]
  0x00000000045ee800 JavaThread "Signal Dispatcher" daemon [_thread_blocked, id=4596, stack(0x0000000016410000,0x0000000016510000)]
  0x00000000154c8800 JavaThread "Finalizer" daemon [_thread_blocked, id=1132, stack(0x0000000016110000,0x0000000016210000)]
  0x00000000045df800 JavaThread "Reference Handler" daemon [_thread_blocked, id=3920, stack(0x0000000016010000,0x0000000016110000)]

Other Threads:
  0x00000000154a5800 VMThread [stack: 0x0000000015f10000,0x0000000016010000] [id=3752]
  0x000000001556f800 WatcherThread [stack: 0x0000000016d10000,0x0000000016e10000] [id=200]

VM state:not at safepoint (normal execution)

VM Mutex/Monitor currently owned by a thread: None

Heap:
 PSYoungGen      total 14336K, used 5346K [0x00000000f6180000, 0x00000000f7680000, 0x0000000100000000)
  eden space 7168K, 25% used [0x00000000f6180000,0x00000000f634db50,0x00000000f6880000)
  from space 7168K, 48% used [0x00000000f6880000,0x00000000f6beaf38,0x00000000f6f80000)
  to   space 7168K, 0% used [0x00000000f6f80000,0x00000000f6f80000,0x00000000f7680000)
 ParOldGen       total 20480K, used 10057K [0x00000000e2400000, 0x00000000e3800000, 0x00000000f6180000)
  object space 20480K, 49% used [0x00000000e2400000,0x00000000e2dd26b8,0x00000000e3800000)
 Metaspace       used 12630K, capacity 12906K, committed 13056K, reserved 1060864K
  class space    used 1395K, capacity 1480K, committed 1536K, reserved 1048576K

Card table byte_map: [0x00000000042f0000,0x00000000043e0000] byte_map_base: 0x0000000003bde000

Marking Bits: (ParMarkBitMap*) 0x000000005336a6c0
 Begin Bits: [0x0000000013bb0000, 0x0000000014320000)
 End Bits:   [0x0000000014320000, 0x0000000014a90000)

Polling page: 0x0000000002a00000

CodeCache: size=245760Kb used=4763Kb max_used=4895Kb free=240996Kb
 bounds [0x00000000045f0000, 0x0000000004ac0000, 0x00000000135f0000]
 total_blobs=1727 nmethods=1238 adapters=402
 compilation: enabled

Compilation events (10 events):
Event: 255.914 Thread 0x00000000154ea800 1383       3       sun.java2d.windows.GDIBlitLoops::Blit (37 bytes)
Event: 255.914 Thread 0x00000000154ea800 nmethod 1383 0x0000000004768150 code [0x00000000047682c0, 0x0000000004768508]
Event: 268.208 Thread 0x00000000154dc800 1385       4       totalcross.ui.gfx.Graphics::drawText (90 bytes)
Event: 268.210 Thread 0x00000000154dc800 nmethod 1385 0x00000000048184d0 code [0x0000000004818620, 0x00000000048186c8]
Event: 277.024 Thread 0x00000000154ea800 1386       1       sun.awt.image.PixelConverter$Xrgb::rgbToPixel (2 bytes)
Event: 277.024 Thread 0x00000000154ea800 nmethod 1386 0x0000000004870a90 code [0x0000000004870be0, 0x0000000004870cf0]
Event: 280.542 Thread 0x00000000154dc800 1387       4       sun.util.logging.PlatformLogger$DefaultLoggerProxy::isLoggable (29 bytes)
Event: 280.544 Thread 0x00000000154dc800 nmethod 1387 0x0000000004872a10 code [0x0000000004872b60, 0x0000000004872c58]
Event: 280.892 Thread 0x00000000154dc800 1388       4       sun.util.logging.PlatformLogger::isLoggable (38 bytes)
Event: 280.896 Thread 0x00000000154dc800 nmethod 1388 0x0000000004872550 code [0x00000000048726a0, 0x00000000048727f8]

GC Heap History (10 events):
Event: 9.070 GC heap before
{Heap before GC invocations=3 (full 0):
 PSYoungGen      total 9216K, used 9216K [0x00000000f6180000, 0x00000000f6b80000, 0x0000000100000000)
  eden space 8192K, 100% used [0x00000000f6180000,0x00000000f6980000,0x00000000f6980000)
  from space 1024K, 100% used [0x00000000f6a80000,0x00000000f6b80000,0x00000000f6b80000)
  to   space 1024K, 0% used [0x00000000f6980000,0x00000000f6980000,0x00000000f6a80000)
 ParOldGen       total 20480K, used 3930K [0x00000000e2400000, 0x00000000e3800000, 0x00000000f6180000)
  object space 20480K, 19% used [0x00000000e2400000,0x00000000e27d68d8,0x00000000e3800000)
 Metaspace       used 9686K, capacity 9890K, committed 10240K, reserved 1058816K
  class space    used 1114K, capacity 1184K, committed 1280K, reserved 1048576K
Event: 9.088 GC heap after
Heap after GC invocations=3 (full 0):
 PSYoungGen      total 9216K, used 1018K [0x00000000f6180000, 0x00000000f6b80000, 0x0000000100000000)
  eden space 8192K, 0% used [0x00000000f6180000,0x00000000f6180000,0x00000000f6980000)
  from space 1024K, 99% used [0x00000000f6980000,0x00000000f6a7e9d8,0x00000000f6a80000)
  to   space 1024K, 0% used [0x00000000f6a80000,0x00000000f6a80000,0x00000000f6b80000)
 ParOldGen       total 20480K, used 8263K [0x00000000e2400000, 0x00000000e3800000, 0x00000000f6180000)
  object space 20480K, 40% used [0x00000000e2400000,0x00000000e2c11e20,0x00000000e3800000)
 Metaspace       used 9686K, capacity 9890K, committed 10240K, reserved 1058816K
  class space    used 1114K, capacity 1184K, committed 1280K, reserved 1048576K
}
Event: 11.810 GC heap before
{Heap before GC invocations=4 (full 0):
 PSYoungGen      total 9216K, used 9210K [0x00000000f6180000, 0x00000000f6b80000, 0x0000000100000000)
  eden space 8192K, 100% used [0x00000000f6180000,0x00000000f6980000,0x00000000f6980000)
  from space 1024K, 99% used [0x00000000f6980000,0x00000000f6a7e9d8,0x00000000f6a80000)
  to   space 1024K, 0% used [0x00000000f6a80000,0x00000000f6a80000,0x00000000f6b80000)
 ParOldGen       total 20480K, used 8263K [0x00000000e2400000, 0x00000000e3800000, 0x00000000f6180000)
  object space 20480K, 40% used [0x00000000e2400000,0x00000000e2c11e20,0x00000000e3800000)
 Metaspace       used 9947K, capacity 10178K, committed 10496K, reserved 1058816K
  class space    used 1142K, capacity 1216K, committed 1280K, reserved 1048576K
Event: 11.815 GC heap after
Heap after GC invocations=4 (full 0):
 PSYoungGen      total 9216K, used 1018K [0x00000000f6180000, 0x00000000f6b80000, 0x0000000100000000)
  eden space 8192K, 0% used [0x00000000f6180000,0x00000000f6180000,0x00000000f6980000)
  from space 1024K, 99% used [0x00000000f6a80000,0x00000000f6b7e9d8,0x00000000f6b80000)
  to   space 1024K, 0% used [0x00000000f6980000,0x00000000f6980000,0x00000000f6a80000)
 ParOldGen       total 20480K, used 8440K [0x00000000e2400000, 0x00000000e3800000, 0x00000000f6180000)
  object space 20480K, 41% used [0x00000000e2400000,0x00000000e2c3e288,0x00000000e3800000)
 Metaspace       used 9947K, capacity 10178K, committed 10496K, reserved 1058816K
  class space    used 1142K, capacity 1216K, committed 1280K, reserved 1048576K
}
Event: 18.695 GC heap before
{Heap before GC invocations=5 (full 0):
 PSYoungGen      total 9216K, used 9210K [0x00000000f6180000, 0x00000000f6b80000, 0x0000000100000000)
  eden space 8192K, 100% used [0x00000000f6180000,0x00000000f6980000,0x00000000f6980000)
  from space 1024K, 99% used [0x00000000f6a80000,0x00000000f6b7e9d8,0x00000000f6b80000)
  to   space 1024K, 0% used [0x00000000f6980000,0x00000000f6980000,0x00000000f6a80000)
 ParOldGen       total 20480K, used 8440K [0x00000000e2400000, 0x00000000e3800000, 0x00000000f6180000)
  object space 20480K, 41% used [0x00000000e2400000,0x00000000e2c3e288,0x00000000e3800000)
 Metaspace       used 11376K, capacity 11626K, committed 11904K, reserved 1060864K
  class space    used 1304K, capacity 1378K, committed 1408K, reserved 1048576K
Event: 18.701 GC heap after
Heap after GC invocations=5 (full 0):
 PSYoungGen      total 9216K, used 1018K [0x00000000f6180000, 0x00000000f7580000, 0x0000000100000000)
  eden space 8192K, 0% used [0x00000000f6180000,0x00000000f6180000,0x00000000f6980000)
  from space 1024K, 99% used [0x00000000f6980000,0x00000000f6a7e9d8,0x00000000f6a80000)
  to   space 6144K, 0% used [0x00000000f6f80000,0x00000000f6f80000,0x00000000f7580000)
 ParOldGen       total 20480K, used 9625K [0x00000000e2400000, 0x00000000e3800000, 0x00000000f6180000)
  object space 20480K, 47% used [0x00000000e2400000,0x00000000e2d666a8,0x00000000e3800000)
 Metaspace       used 11376K, capacity 11626K, committed 11904K, reserved 1060864K
  class space    used 1304K, capacity 1378K, committed 1408K, reserved 1048576K
}
Event: 32.724 GC heap before
{Heap before GC invocations=6 (full 0):
 PSYoungGen      total 9216K, used 8596K [0x00000000f6180000, 0x00000000f7580000, 0x0000000100000000)
  eden space 8192K, 92% used [0x00000000f6180000,0x00000000f68e6a20,0x00000000f6980000)
  from space 1024K, 99% used [0x00000000f6980000,0x00000000f6a7e9d8,0x00000000f6a80000)
  to   space 6144K, 0% used [0x00000000f6f80000,0x00000000f6f80000,0x00000000f7580000)
 ParOldGen       total 20480K, used 9625K [0x00000000e2400000, 0x00000000e3800000, 0x00000000f6180000)
  object space 20480K, 47% used [0x00000000e2400000,0x00000000e2d666a8,0x00000000e3800000)
 Metaspace       used 11697K, capacity 11914K, committed 12288K, reserved 1060864K
  class space    used 1336K, capacity 1410K, committed 1536K, reserved 1048576K
Event: 32.740 GC heap after
Heap after GC invocations=6 (full 0):
 PSYoungGen      total 13312K, used 5743K [0x00000000f6180000, 0x00000000f7780000, 0x0000000100000000)
  eden space 7168K, 0% used [0x00000000f6180000,0x00000000f6180000,0x00000000f6880000)
  from space 6144K, 93% used [0x00000000f6f80000,0x00000000f751bfd8,0x00000000f7580000)
  to   space 7168K, 0% used [0x00000000f6880000,0x00000000f6880000,0x00000000f6f80000)
 ParOldGen       total 20480K, used 9625K [0x00000000e2400000, 0x00000000e3800000, 0x00000000f6180000)
  object space 20480K, 47% used [0x00000000e2400000,0x00000000e2d666a8,0x00000000e3800000)
 Metaspace       used 11697K, capacity 11914K, committed 12288K, reserved 1060864K
  class space    used 1336K, capacity 1410K, committed 1536K, reserved 1048576K
}
Event: 174.193 GC heap before
{Heap before GC invocations=7 (full 0):
 PSYoungGen      total 13312K, used 12911K [0x00000000f6180000, 0x00000000f7780000, 0x0000000100000000)
  eden space 7168K, 100% used [0x00000000f6180000,0x00000000f6880000,0x00000000f6880000)
  from space 6144K, 93% used [0x00000000f6f80000,0x00000000f751bfd8,0x00000000f7580000)
  to   space 7168K, 0% used [0x00000000f6880000,0x00000000f6880000,0x00000000f6f80000)
 ParOldGen       total 20480K, used 9625K [0x00000000e2400000, 0x00000000e3800000, 0x00000000f6180000)
  object space 20480K, 47% used [0x00000000e2400000,0x00000000e2d666a8,0x00000000e3800000)
 Metaspace       used 12589K, capacity 12842K, committed 13056K, reserved 1060864K
  class space    used 1391K, capacity 1480K, committed 1536K, reserved 1048576K
Event: 174.216 GC heap after
Heap after GC invocations=7 (full 0):
 PSYoungGen      total 14336K, used 3499K [0x00000000f6180000, 0x00000000f7680000, 0x0000000100000000)
  eden space 7168K, 0% used [0x00000000f6180000,0x00000000f6180000,0x00000000f6880000)
  from space 7168K, 48% used [0x00000000f6880000,0x00000000f6beaf38,0x00000000f6f80000)
  to   space 7168K, 0% used [0x00000000f6f80000,0x00000000f6f80000,0x00000000f7680000)
 ParOldGen       total 20480K, used 10057K [0x00000000e2400000, 0x00000000e3800000, 0x00000000f6180000)
  object space 20480K, 49% used [0x00000000e2400000,0x00000000e2dd26b8,0x00000000e3800000)
 Metaspace       used 12589K, capacity 12842K, committed 13056K, reserved 1060864K
  class space    used 1391K, capacity 1480K, committed 1536K, reserved 1048576K
}

Deoptimization events (10 events):
Event: 35.212 Thread 0x00000000179f2000 Uncommon trap: reason=unstable_if action=reinterpret pc=0x000000000472a3cc method=sun.awt.image.ImageRepresentation.getOpaqueRGBImage()Ljava/awt/image/BufferedImage; @ 57
Event: 35.327 Thread 0x00000000179f2000 Uncommon trap: reason=unstable_if action=reinterpret pc=0x00000000047987e4 method=sun.awt.image.ImageRepresentation.getOpaqueRGBImage()Ljava/awt/image/BufferedImage; @ 71
Event: 35.482 Thread 0x0000000018ae5000 Uncommon trap: reason=unstable_if action=reinterpret pc=0x00000000047929d8 method=totalcross.ui.gfx.Graphics.addError([IIIIIIIIII)V @ 9
Event: 35.492 Thread 0x0000000018ae5000 Uncommon trap: reason=unstable_if action=reinterpret pc=0x0000000004724a50 method=totalcross.ui.gfx.Graphics.drawSurface([ILjava/lang/Object;IIIIIIZIIII)V @ 558
Event: 41.224 Thread 0x0000000018ae5000 Uncommon trap: reason=unstable_if action=reinterpret pc=0x00000000049ecb24 method=totalcross.ui.gfx.Graphics.translateAndClip(IIII)Z @ 69
Event: 41.326 Thread 0x0000000018ae5000 Uncommon trap: reason=unstable_if action=reinterpret pc=0x000000000476ed14 method=totalcross.ui.image.Image.getSmoothScaledInstance(II)Ltotalcross/ui/image/Image; @ 715
Event: 41.327 Thread 0x0000000018ae5000 Uncommon trap: reason=unstable_if action=reinterpret pc=0x000000000485e224 method=totalcross.ui.image.Image.getSmoothScaledInstance(II)Ltotalcross/ui/image/Image; @ 715
Event: 41.382 Thread 0x0000000018ae5000 Uncommon trap: reason=unstable_if action=reinterpret pc=0x00000000049c6f80 method=totalcross.ui.gfx.Graphics.drawText(Ljava/lang/String;III)V @ 17
Event: 288.313 Thread 0x0000000018ae5000 Uncommon trap: reason=class_check action=maybe_recompile pc=0x000000000484cdb0 method=totalcross.TCEventThread.privatePumpEvents()V @ 52
Event: 289.748 Thread 0x0000000018ae5000 Uncommon trap: reason=class_check action=maybe_recompile pc=0x000000000484cdb0 method=totalcross.TCEventThread.privatePumpEvents()V @ 52

Internal exceptions (10 events):
Event: 287.968 Thread 0x0000000016f6a000 Exception <a 'java/lang/InterruptedException': sleep interrupted> (0x00000000f6294620) thrown at [C:\re\workspace\8-2-build-windows-amd64-cygwin\jdk8u111\7883\hotspot\src\share\vm\prims\jvm.cpp, line 3224]
Event: 288.318 Thread 0x0000000016f6a000 Exception <a 'java/lang/InterruptedException': sleep interrupted> (0x00000000f62948d0) thrown at [C:\re\workspace\8-2-build-windows-amd64-cygwin\jdk8u111\7883\hotspot\src\share\vm\prims\jvm.cpp, line 3176]
Event: 288.668 Thread 0x0000000016f6a000 Exception <a 'java/lang/InterruptedException': sleep interrupted> (0x00000000f6294b80) thrown at [C:\re\workspace\8-2-build-windows-amd64-cygwin\jdk8u111\7883\hotspot\src\share\vm\prims\jvm.cpp, line 3224]
Event: 289.018 Thread 0x0000000016f6a000 Exception <a 'java/lang/InterruptedException': sleep interrupted> (0x00000000f6294e30) thrown at [C:\re\workspace\8-2-build-windows-amd64-cygwin\jdk8u111\7883\hotspot\src\share\vm\prims\jvm.cpp, line 3224]
Event: 289.368 Thread 0x0000000016f6a000 Exception <a 'java/lang/InterruptedException': sleep interrupted> (0x00000000f62950e0) thrown at [C:\re\workspace\8-2-build-windows-amd64-cygwin\jdk8u111\7883\hotspot\src\share\vm\prims\jvm.cpp, line 3224]
Event: 289.718 Thread 0x0000000016f6a000 Exception <a 'java/lang/InterruptedException': sleep interrupted> (0x00000000f6295390) thrown at [C:\re\workspace\8-2-build-windows-amd64-cygwin\jdk8u111\7883\hotspot\src\share\vm\prims\jvm.cpp, line 3224]
Event: 289.753 Thread 0x0000000018ae5000 Exception <a 'java/io/FileNotFoundException'> (0x00000000f629f6d0) thrown at [C:\re\workspace\8-2-build-windows-amd64-cygwin\jdk8u111\7883\hotspot\src\share\vm\prims\jni.cpp, line 709]
Event: 289.753 Thread 0x0000000018ae5000 Exception <a 'java/io/FileNotFoundException'> (0x00000000f62a0178) thrown at [C:\re\workspace\8-2-build-windows-amd64-cygwin\jdk8u111\7883\hotspot\src\share\vm\prims\jni.cpp, line 709]
Event: 289.754 Thread 0x0000000018ae5000 Exception <a 'java/io/FileNotFoundException'> (0x00000000f62a0f68) thrown at [C:\re\workspace\8-2-build-windows-amd64-cygwin\jdk8u111\7883\hotspot\src\share\vm\prims\jni.cpp, line 709]
Event: 289.914 Thread 0x0000000016f6a000 Exception <a 'java/lang/InterruptedException': sleep interrupted> (0x00000000f62955e8) thrown at [C:\re\workspace\8-2-build-windows-amd64-cygwin\jdk8u111\7883\hotspot\src\share\vm\prims\jvm.cpp, line 3224]

Events (10 events):
Event: 290.147 Executing VM operation: RevokeBias
Event: 290.147 Executing VM operation: RevokeBias done
Event: 290.148 Executing VM operation: RevokeBias
Event: 290.148 Executing VM operation: RevokeBias done
Event: 290.148 Executing VM operation: RevokeBias
Event: 290.149 Executing VM operation: RevokeBias done
Event: 290.167 Executing VM operation: RevokeBias
Event: 290.167 Executing VM operation: RevokeBias done
Event: 290.169 Executing VM operation: RevokeBias
Event: 290.169 Executing VM operation: RevokeBias done


Dynamic libraries:
0x00007ff6cc360000 - 0x00007ff6cc397000 	C:\Program Files\Java\jre1.8.0_111\bin\javaw.exe
0x00007ffdb3860000 - 0x00007ffdb3a40000 	C:\WINDOWS\SYSTEM32\ntdll.dll
0x00007ffdb30f0000 - 0x00007ffdb319e000 	C:\WINDOWS\System32\KERNEL32.DLL
0x00007ffdb0ac0000 - 0x00007ffdb0d26000 	C:\WINDOWS\System32\KERNELBASE.dll
0x00007ffdb1000000 - 0x00007ffdb10a1000 	C:\WINDOWS\System32\ADVAPI32.dll
0x00007ffdb3560000 - 0x00007ffdb35fd000 	C:\WINDOWS\System32\msvcrt.dll
0x00007ffdb31a0000 - 0x00007ffdb31fb000 	C:\WINDOWS\System32\sechost.dll
0x00007ffdb1240000 - 0x00007ffdb135f000 	C:\WINDOWS\System32\RPCRT4.dll
0x00007ffdb0d90000 - 0x00007ffdb0f1f000 	C:\WINDOWS\System32\USER32.dll
0x00007ffdb0110000 - 0x00007ffdb0130000 	C:\WINDOWS\System32\win32u.dll
0x00007ffdb3730000 - 0x00007ffdb3758000 	C:\WINDOWS\System32\GDI32.dll
0x00007ffdb0920000 - 0x00007ffdb0ab3000 	C:\WINDOWS\System32\gdi32full.dll
0x00007ffdb0130000 - 0x00007ffdb01cb000 	C:\WINDOWS\System32\msvcp_win.dll
0x00007ffdafc60000 - 0x00007ffdafd56000 	C:\WINDOWS\System32\ucrtbase.dll
0x00007ffd9f5d0000 - 0x00007ffd9f839000 	C:\WINDOWS\WinSxS\amd64_microsoft.windows.common-controls_6595b64144ccf1df_6.0.16299.431_none_15c7d3ee93659e73\COMCTL32.dll
0x00007ffdb1920000 - 0x00007ffdb1c28000 	C:\WINDOWS\System32\combase.dll
0x00007ffdaff80000 - 0x00007ffdafff2000 	C:\WINDOWS\System32\bcryptPrimitives.dll
0x00007ffdb1160000 - 0x00007ffdb118d000 	C:\WINDOWS\System32\IMM32.DLL
0x00000000528b0000 - 0x0000000052982000 	C:\Program Files\Java\jre1.8.0_111\bin\msvcr100.dll
0x0000000052b50000 - 0x00000000533ea000 	C:\Program Files\Java\jre1.8.0_111\bin\server\jvm.dll
0x00007ffdb30e0000 - 0x00007ffdb30e8000 	C:\WINDOWS\System32\PSAPI.DLL
0x00007ffdab9f0000 - 0x00007ffdab9f9000 	C:\WINDOWS\SYSTEM32\WSOCK32.dll
0x00007ffdb3070000 - 0x00007ffdb30dc000 	C:\WINDOWS\System32\WS2_32.dll
0x00007ffdadf40000 - 0x00007ffdadf63000 	C:\WINDOWS\SYSTEM32\WINMM.dll
0x00007ffda15e0000 - 0x00007ffda15ea000 	C:\WINDOWS\SYSTEM32\VERSION.dll
0x00007ffdadee0000 - 0x00007ffdadf0a000 	C:\WINDOWS\SYSTEM32\WINMMBASE.dll
0x00007ffdafd60000 - 0x00007ffdafdaa000 	C:\WINDOWS\System32\cfgmgr32.dll
0x0000000052a60000 - 0x0000000052a6f000 	C:\Program Files\Java\jre1.8.0_111\bin\verify.dll
0x0000000052a30000 - 0x0000000052a59000 	C:\Program Files\Java\jre1.8.0_111\bin\java.dll
0x0000000052a10000 - 0x0000000052a26000 	C:\Program Files\Java\jre1.8.0_111\bin\zip.dll
0x00007ffdb1c30000 - 0x00007ffdb3068000 	C:\WINDOWS\System32\SHELL32.dll
0x00007ffdb1190000 - 0x00007ffdb1236000 	C:\WINDOWS\System32\shcore.dll
0x00007ffdb01d0000 - 0x00007ffdb0917000 	C:\WINDOWS\System32\windows.storage.dll
0x00007ffdb0fa0000 - 0x00007ffdb0ff1000 	C:\WINDOWS\System32\shlwapi.dll
0x00007ffdafc20000 - 0x00007ffdafc31000 	C:\WINDOWS\System32\kernel.appcore.dll
0x00007ffdafbb0000 - 0x00007ffdafbfc000 	C:\WINDOWS\System32\powrprof.dll
0x00007ffdafc40000 - 0x00007ffdafc5b000 	C:\WINDOWS\System32\profapi.dll
0x0000000052710000 - 0x00000000528a8000 	C:\Program Files\Java\jre1.8.0_111\bin\awt.dll
0x00007ffdb3760000 - 0x00007ffdb3825000 	C:\WINDOWS\System32\OLEAUT32.dll
0x00007ffdae060000 - 0x00007ffdae0e8000 	C:\WINDOWS\SYSTEM32\apphelp.dll
0x00007ffdae450000 - 0x00007ffdae47a000 	C:\WINDOWS\system32\DWMAPI.DLL
0x00007ffdae1e0000 - 0x00007ffdae275000 	C:\WINDOWS\system32\uxtheme.dll
0x00007ffdb17b0000 - 0x00007ffdb1917000 	C:\WINDOWS\System32\MSCTF.dll
0x00007ffd99800000 - 0x00007ffd9987f000 	C:\Program Files (x86)\TeamViewer\tv_x64.dll
0x00007ffdb3200000 - 0x00007ffdb3349000 	C:\WINDOWS\System32\ole32.dll
0x00000000526c0000 - 0x0000000052707000 	C:\Program Files\Java\jre1.8.0_111\bin\fontmanager.dll
0x00007ffd9afc0000 - 0x00007ffd9b055000 	C:\WINDOWS\system32\RICHED20.DLL
0x00007ffd87ea0000 - 0x00007ffd87eb9000 	C:\WINDOWS\SYSTEM32\USP10.dll
0x00007ffdab910000 - 0x00007ffdab948000 	C:\WINDOWS\SYSTEM32\msls31.dll
0x00007ffdb10b0000 - 0x00007ffdb114e000 	C:\WINDOWS\System32\clbcatq.dll
0x00007ffdaf6b0000 - 0x00007ffdaf6d5000 	C:\WINDOWS\system32\bcrypt.dll
0x00007ffda4f20000 - 0x00007ffda4fb8000 	C:\WINDOWS\System32\TextInputFramework.dll
0x00007ffdaa720000 - 0x00007ffdaaa0e000 	C:\WINDOWS\System32\CoreUIComponents.dll
0x00007ffdad0d0000 - 0x00007ffdad1ac000 	C:\WINDOWS\System32\CoreMessaging.dll
0x00007ffdaece0000 - 0x00007ffdaed11000 	C:\WINDOWS\SYSTEM32\ntmarta.dll
0x00007ffdac050000 - 0x00007ffdac186000 	C:\WINDOWS\SYSTEM32\wintypes.dll
0x00000000529f0000 - 0x0000000052a0a000 	C:\Program Files\Java\jre1.8.0_111\bin\net.dll
0x00007ffdaf3e0000 - 0x00007ffdaf446000 	C:\WINDOWS\system32\mswsock.dll
0x00007ffdaf1b0000 - 0x00007ffdaf266000 	C:\WINDOWS\SYSTEM32\DNSAPI.dll
0x00007ffdb3350000 - 0x00007ffdb3358000 	C:\WINDOWS\System32\NSI.dll
0x00007ffdaf170000 - 0x00007ffdaf1a9000 	C:\WINDOWS\SYSTEM32\IPHLPAPI.DLL
0x00007ffda4840000 - 0x00007ffda484a000 	C:\Windows\System32\rasadhlp.dll
0x00007ffdaf5a0000 - 0x00007ffdaf5b7000 	C:\WINDOWS\SYSTEM32\CRYPTSP.dll
0x00007ffdaefe0000 - 0x00007ffdaf013000 	C:\WINDOWS\system32\rsaenh.dll
0x00007ffdafab0000 - 0x00007ffdafad9000 	C:\WINDOWS\SYSTEM32\USERENV.dll
0x00007ffdaf5c0000 - 0x00007ffdaf5cb000 	C:\WINDOWS\SYSTEM32\CRYPTBASE.dll
0x00007ffdaa480000 - 0x00007ffdaa496000 	C:\WINDOWS\SYSTEM32\dhcpcsvc6.DLL
0x00007ffdaa4e0000 - 0x00007ffdaa4fa000 	C:\WINDOWS\SYSTEM32\dhcpcsvc.DLL
0x00007ffda7050000 - 0x00007ffda70c0000 	C:\WINDOWS\System32\fwpuclnt.dll
0x00000000529d0000 - 0x00000000529e1000 	C:\Program Files\Java\jre1.8.0_111\bin\nio.dll
0x00007ffda09b0000 - 0x00007ffda0b78000 	C:\WINDOWS\SYSTEM32\dbghelp.dll

VM Arguments:
jvm_args: -Dfile.encoding=Cp1252 
java_command: totalcross.Launcher /r 544353541A8E8B2A28D5B8E0 com.app.app
java_class_path (initial): C:\Program Files\Java\jre1.8.0_111\lib\resources.jar;C:\Program Files\Java\jre1.8.0_111\lib\rt.jar;C:\Program Files\Java\jre1.8.0_111\lib\jsse.jar;C:\Program Files\Java\jre1.8.0_111\lib\jce.jar;C:\Program Files\Java\jre1.8.0_111\lib\charsets.jar;C:\Program Files\Java\jre1.8.0_111\lib\jfr.jar;C:\Program Files\Java\jre1.8.0_111\lib\ext\access-bridge-64.jar;C:\Program Files\Java\jre1.8.0_111\lib\ext\cldrdata.jar;C:\Program Files\Java\jre1.8.0_111\lib\ext\dnsns.jar;C:\Program Files\Java\jre1.8.0_111\lib\ext\jaccess.jar;C:\Program Files\Java\jre1.8.0_111\lib\ext\jfxrt.jar;C:\Program Files\Java\jre1.8.0_111\lib\ext\localedata.jar;C:\Program Files\Java\jre1.8.0_111\lib\ext\nashorn.jar;C:\Program Files\Java\jre1.8.0_111\lib\ext\sunec.jar;C:\Program Files\Java\jre1.8.0_111\lib\ext\sunjce_provider.jar;C:\Program Files\Java\jre1.8.0_111\lib\ext\sunmscapi.jar;C:\Program Files\Java\jre1.8.0_111\lib\ext\sunpkcs11.jar;C:\Program Files\Java\jre1.8.0_111\lib\ext\zipfs.jar;C:\Users\marci\eclipse-workspace\app\target\classes;C:\Users\marci\.m2\repository\com\totalcross\utils\tc-utilities\0.0.1-SNAPSHOT\tc-utilities-0.0.1-SNAPSHOT.jar;C:\Users\marci\.m2\repository\com\totalcross\utils\magical-utils\0.0.1-SNAPSHOT\magical-utils-0.0.1-SNAPSHOT.jar;C:\Users\marci\.m2\repository\com\totalcross\totalcross-sdk\4.1.0\totalcross-sdk-4.1.0.jar;C:\Users\marci\.m2\repository\org\vafer\jdeb\0.7\jdeb-0.7.jar;C:\Users\marci\.m2\repository\org\apache\maven\maven-plugin-api\2.0.5\maven-plugin-api-2.0.5.jar;C:\Users\marci\.m2\repository\org\apache\maven\maven-project\2.0.5\maven-project-2.0.5.jar;C:\Users\marci\.m2\repository\org\apache\maven\maven-settings\2.0.5\maven-settings-2.0.5.jar;C:\Users\marci\.m2\repository\org\apache\maven\maven-profile\2.0.5\maven-profile-2.0.5.jar;C:\Users\marci\.m2\repository\org\apache\maven\maven-model\2.0.5\maven-model-2.0.5.jar;C:\Users\marci\.m2\repository\org\apache\maven\maven-artifact-manager\2.0.5\maven-artifact-manager-2.0.5.jar;C:\U
Launcher Type: SUN_STANDARD

Environment Variables:
JAVA_HOME=C:\Program Files\Java\jdk1.8.0_111
PATH=C:/Program Files/Java/jre1.8.0_111/bin/server;C:/Program Files/Java/jre1.8.0_111/bin;C:/Program Files/Java/jre1.8.0_111/lib/amd64;C:\ProgramData\Oracle\Java\javapath;C:\Program Files (x86)\Intel\TXE Components\TCS\;C:\Program Files\Intel\TXE Components\TCS\;C:\WINDOWS\system32;C:\WINDOWS;C:\WINDOWS\System32\Wbem;C:\WINDOWS\System32\WindowsPowerShell\v1.0\;C:\Program Files\Intel\TXE Components\DAL\;C:\Program Files (x86)\Intel\TXE Components\DAL\;C:\Program Files\Intel\TXE Components\IPT\;C:\Program Files (x86)\Intel\TXE Components\IPT\;C:\Program Files\Java\jdk1.8.0_111\bin;C:\TotalCross3\dist\vm\win32;C:\Users\marci\AppData\Local\Microsoft\WindowsApps;c:\TotalCross3\dist\vm\win32;C:\Program Files\Java\jdk1.8.0_111\bin;;C:\Users\marci\Desktop;
USERNAME=marci
OS=Windows_NT
PROCESSOR_IDENTIFIER=Intel64 Family 6 Model 76 Stepping 4, GenuineIntel



---------------  S Y S T E M  ---------------

OS: Windows 10.0 , 64 bit Build 16299 (10.0.16299.431)

CPU:total 2 (2 cores per cpu, 1 threads per core) family 6 model 76 stepping 4, cmov, cx8, fxsr, mmx, sse, sse2, sse3, ssse3, sse4.1, sse4.2, popcnt, aes, clmul, erms, 3dnowpref, tsc, tscinvbit

Memory: 4k page, physical 1946148k(355428k free), swap 4547588k(660696k free)

vm_info: Java HotSpot(TM) 64-Bit Server VM (25.111-b14) for windows-amd64 JRE (1.8.0_111-b14), built on Sep 22 2016 19:24:05 by "java_re" with MS VC++ 10.0 (VS2010)

time: Fri Jun 01 20:37:54 2018
elapsed time: 290 seconds (0d 0h 4m 50s)

