#
# A fatal error has been detected by the Java Runtime Environment:
#
#  EXCEPTION_ACCESS_VIOLATION (0xc0000005) at pc=0x000000006be42be0, pid=6984, tid=0x000000000000117c
#
# JRE version: Java(TM) SE Runtime Environment (8.0_111-b14) (build 1.8.0_111-b14)
# Java VM: Java HotSpot(TM) 64-Bit Server VM (25.111-b14 mixed mode windows-amd64 compressed oops)
# Problematic frame:
# C  0x000000006be42be0
#
# Failed to write core dump. Minidumps are not enabled by default on client versions of Windows
#
# If you would like to submit a bug report, please visit:
#   http://bugreport.java.com/bugreport/crash.jsp
# The crash happened outside the Java Virtual Machine in native code.
# See problematic frame for where to report the bug.
#

---------------  T H R E A D  ---------------

Current thread (0x0000000019535800):  JavaThread "Secondary finalizer" [_thread_in_native, id=4476, stack(0x000000001b930000,0x000000001ba30000)]

siginfo: ExceptionCode=0xc0000005, ExceptionInformation=0x0000000000000008 0x000000006be42be0

Registers:
RAX=0x000000006be42be0, RBX=0x000000001909a878, RCX=0x00000000195359f8, RDX=0x000000001ba2f0b8
RSP=0x000000001ba2f018, RBP=0x000000001ba2f098, RSI=0x0000000000000108, RDI=0x0000000000000703
R8 =0x0000000000000005, R9 =0x00000000e2b6a038, R10=0x0000000004d7848b, R11=0x0000000052d7b580
R12=0x0000000000000000, R13=0x000000001909a878, R14=0x000000001ba2f0b8, R15=0x0000000019535800
RIP=0x000000006be42be0, EFLAGS=0x0000000000010206

Top of Stack: (sp=0x000000001ba2f018)
0x000000001ba2f018:   0000000004d784b7 0000000004d656d0
0x000000001ba2f028:   0000000000000000 0000000053161bb8
0x000000001ba2f038:   0000000019535800 000000001ba2f120
0x000000001ba2f048:   0000000000000000 00000000e2b6a038
0x000000001ba2f058:   000000001ba2f048 0000000000000000
0x000000001ba2f068:   000000001ba2f0b8 00000000190c5e70
0x000000001ba2f078:   0000000000000000 000000001909a878
0x000000001ba2f088:   0000000000000000 000000001ba2f0b8
0x000000001ba2f098:   000000001ba2f120 0000000004d6835d
0x000000001ba2f0a8:   0000000000000000 0000000004d719d8
0x000000001ba2f0b8:   00000000e2b6a038 00000000e2b6a070
0x000000001ba2f0c8:   0000000000000000 0000000000000001
0x000000001ba2f0d8:   00000000e2b6a038 000000001ba2f0c0
0x000000001ba2f0e8:   0000000019095656 000000001ba2f158
0x000000001ba2f0f8:   00000000190c5680 0000000000000000
0x000000001ba2f108:   00000000190956f0 000000001ba2f0b8 

Instructions: (pc=0x000000006be42be0)
0x000000006be42bc0:   
[error occurred during error reporting (printing registers, top of stack, instructions near pc), id 0xc0000005]

Register to memory mapping:

RAX=0x000000006be42be0 is an unknown value
RBX={method} {0x000000001909a880} 'free_functions' '()V' in 'org/sqlite/core/NativeDB'
RCX=0x00000000195359f8 is an unknown value
RDX=0x000000001ba2f0b8 is pointing into the stack for thread: 0x0000000019535800
RSP=0x000000001ba2f018 is pointing into the stack for thread: 0x0000000019535800
RBP=0x000000001ba2f098 is pointing into the stack for thread: 0x0000000019535800
RSI=0x0000000000000108 is an unknown value
RDI=0x0000000000000703 is an unknown value
R8 =0x0000000000000005 is an unknown value
R9 =0x00000000e2b6a038 is an oop
org.sqlite.core.NativeDB 
 - klass: 'org/sqlite/core/NativeDB'
R10=0x0000000004d7848b is at code_begin+1227 in an Interpreter codelet
method entry point (kind = native_synchronized)  [0x0000000004d77fc0, 0x0000000004d78aa0]  2784 bytes
R11=0x0000000052d7b580 is an unknown value
R12=0x0000000000000000 is an unknown value
R13={method} {0x000000001909a880} 'free_functions' '()V' in 'org/sqlite/core/NativeDB'
R14=0x000000001ba2f0b8 is pointing into the stack for thread: 0x0000000019535800
R15=0x0000000019535800 is a thread


Stack: [0x000000001b930000,0x000000001ba30000],  sp=0x000000001ba2f018,  free space=1020k
Native frames: (J=compiled Java code, j=interpreted, Vv=VM code, C=native code)
C  0x000000006be42be0

Java frames: (J=compiled Java code, j=interpreted, Vv=VM code)
j  org.sqlite.core.NativeDB.free_functions()V+0
j  org.sqlite.core.DB.close()V+102
j  org.sqlite.core.CoreConnection.close()V+26
j  org.sqlite.core.CoreConnection.finalize()V+1
J 896 C1 java.lang.ref.Finalizer.runFinalizer(Lsun/misc/JavaLangAccess;)V (62 bytes) @ 0x0000000004ee5ecc [0x0000000004ee5940+0x58c]
J 890 C1 java.lang.ref.Finalizer.access$100(Ljava/lang/ref/Finalizer;Lsun/misc/JavaLangAccess;)V (6 bytes) @ 0x0000000004e874dc [0x0000000004e87480+0x5c]
j  java.lang.ref.Finalizer$3.run()V+58
j  java.lang.Thread.run()V+11
v  ~StubRoutines::call_stub

---------------  P R O C E S S  ---------------

Java Threads: ( => current thread )
=>0x0000000019535800 JavaThread "Secondary finalizer" [_thread_in_native, id=4476, stack(0x000000001b930000,0x000000001ba30000)]
  0x0000000019491000 JavaThread "TC Event Thread" daemon [_thread_blocked, id=4040, stack(0x000000001ae30000,0x000000001af30000)]
  0x0000000004c62800 JavaThread "DestroyJavaVM" [_thread_blocked, id=6988, stack(0x0000000004b10000,0x0000000004c10000)]
  0x0000000017ebd800 JavaThread "AWT-EventQueue-0" [_thread_blocked, id=4760, stack(0x0000000018700000,0x0000000018800000)]
  0x0000000017e9b800 JavaThread "AWT-Shutdown" [_thread_blocked, id=6872, stack(0x0000000018500000,0x0000000018600000)]
  0x0000000017e98800 JavaThread "Java2D Disposer" daemon [_thread_blocked, id=6760, stack(0x0000000018310000,0x0000000018410000)]
  0x0000000015e4f000 JavaThread "Service Thread" daemon [_thread_blocked, id=6388, stack(0x0000000017110000,0x0000000017210000)]
  0x0000000015e36000 JavaThread "C1 CompilerThread1" daemon [_thread_blocked, id=3120, stack(0x0000000017010000,0x0000000017110000)]
  0x0000000015ddc000 JavaThread "C2 CompilerThread0" daemon [_thread_blocked, id=6484, stack(0x0000000016f10000,0x0000000017010000)]
  0x0000000015ddb000 JavaThread "Attach Listener" daemon [_thread_blocked, id=5028, stack(0x0000000016e10000,0x0000000016f10000)]
  0x0000000015dd8000 JavaThread "Signal Dispatcher" daemon [_thread_blocked, id=5644, stack(0x0000000016d10000,0x0000000016e10000)]
  0x0000000015dc8800 JavaThread "Finalizer" daemon [_thread_blocked, id=6908, stack(0x0000000016a10000,0x0000000016b10000)]
  0x0000000004d4f800 JavaThread "Reference Handler" daemon [_thread_blocked, id=136, stack(0x0000000016910000,0x0000000016a10000)]

Other Threads:
  0x0000000015da6000 VMThread [stack: 0x0000000016810000,0x0000000016910000] [id=5936]
  0x0000000015e65800 WatcherThread [stack: 0x0000000017610000,0x0000000017710000] [id=3724]

VM state:not at safepoint (normal execution)

VM Mutex/Monitor currently owned by a thread: None

Heap:
 PSYoungGen      total 17408K, used 13360K [0x00000000f6180000, 0x00000000f9280000, 0x0000000100000000)
  eden space 16384K, 81% used [0x00000000f6180000,0x00000000f6e8c2b8,0x00000000f7180000)
  from space 1024K, 0% used [0x00000000f7180000,0x00000000f7180000,0x00000000f7280000)
  to   space 8704K, 0% used [0x00000000f8a00000,0x00000000f8a00000,0x00000000f9280000)
 ParOldGen       total 31744K, used 11595K [0x00000000e2400000, 0x00000000e4300000, 0x00000000f6180000)
  object space 31744K, 36% used [0x00000000e2400000,0x00000000e2f52fc8,0x00000000e4300000)
 Metaspace       used 12717K, capacity 12974K, committed 13312K, reserved 1060864K
  class space    used 1396K, capacity 1480K, committed 1536K, reserved 1048576K

Card table byte_map: [0x0000000014120000,0x0000000014210000] byte_map_base: 0x0000000013a0e000

Marking Bits: (ParMarkBitMap*) 0x000000005336a6c0
 Begin Bits: [0x00000000144b0000, 0x0000000014c20000)
 End Bits:   [0x0000000014c20000, 0x0000000015390000)

Polling page: 0x0000000002f10000

CodeCache: size=245760Kb used=5251Kb max_used=5367Kb free=240508Kb
 bounds [0x0000000004d60000, 0x00000000052c0000, 0x0000000013d60000]
 total_blobs=1844 nmethods=1355 adapters=402
 compilation: enabled

Compilation events (10 events):
Event: 375.816 Thread 0x0000000015ddc000 1517       4       java.util.concurrent.locks.ReentrantLock$Sync::isHeldExclusively (16 bytes)
Event: 375.819 Thread 0x0000000015ddc000 nmethod 1517 0x0000000005221c90 code [0x0000000005221dc0, 0x0000000005221e58]
Event: 378.799 Thread 0x0000000015e36000 1518       3       java.util.zip.InflaterInputStream::<init> (79 bytes)
Event: 378.802 Thread 0x0000000015e36000 nmethod 1518 0x000000000528c590 code [0x000000000528c740, 0x000000000528ce18]
Event: 378.860 Thread 0x0000000015e36000 1519       3       java.io.FileInputStream::read (8 bytes)
Event: 378.861 Thread 0x0000000015e36000 nmethod 1519 0x0000000004f08b50 code [0x0000000004f08cc0, 0x0000000004f08e48]
Event: 379.301 Thread 0x0000000015ddc000 1520       4       java.io.FileInputStream::read (8 bytes)
Event: 379.302 Thread 0x0000000015ddc000 nmethod 1520 0x0000000004ec4c10 code [0x0000000004ec4d60, 0x0000000004ec4de8]
Event: 379.316 Thread 0x0000000015ddc000 1521   !   4       totalcross.ui.Edit::draw (1434 bytes)
Event: 379.527 Thread 0x0000000015ddc000 nmethod 1521 0x0000000004fcfb90 code [0x0000000004fcfea0, 0x0000000004fd21d8]

GC Heap History (10 events):
Event: 2.996 GC heap before
{Heap before GC invocations=2 (full 0):
 PSYoungGen      total 9216K, used 9200K [0x00000000f6180000, 0x00000000f6b80000, 0x0000000100000000)
  eden space 8192K, 100% used [0x00000000f6180000,0x00000000f6980000,0x00000000f6980000)
  from space 1024K, 98% used [0x00000000f6980000,0x00000000f6a7c010,0x00000000f6a80000)
  to   space 1024K, 0% used [0x00000000f6a80000,0x00000000f6a80000,0x00000000f6b80000)
 ParOldGen       total 20480K, used 966K [0x00000000e2400000, 0x00000000e3800000, 0x00000000f6180000)
  object space 20480K, 4% used [0x00000000e2400000,0x00000000e24f1ad0,0x00000000e3800000)
 Metaspace       used 9417K, capacity 9666K, committed 9856K, reserved 1058816K
  class space    used 1089K, capacity 1152K, committed 1152K, reserved 1048576K
Event: 3.016 GC heap after
Heap after GC invocations=2 (full 0):
 PSYoungGen      total 9216K, used 1008K [0x00000000f6180000, 0x00000000f6b80000, 0x0000000100000000)
  eden space 8192K, 0% used [0x00000000f6180000,0x00000000f6180000,0x00000000f6980000)
  from space 1024K, 98% used [0x00000000f6a80000,0x00000000f6b7c030,0x00000000f6b80000)
  to   space 1024K, 0% used [0x00000000f6980000,0x00000000f6980000,0x00000000f6a80000)
 ParOldGen       total 20480K, used 3926K [0x00000000e2400000, 0x00000000e3800000, 0x00000000f6180000)
  object space 20480K, 19% used [0x00000000e2400000,0x00000000e27d58e8,0x00000000e3800000)
 Metaspace       used 9417K, capacity 9666K, committed 9856K, reserved 1058816K
  class space    used 1089K, capacity 1152K, committed 1152K, reserved 1048576K
}
Event: 3.851 GC heap before
{Heap before GC invocations=3 (full 0):
 PSYoungGen      total 9216K, used 9200K [0x00000000f6180000, 0x00000000f6b80000, 0x0000000100000000)
  eden space 8192K, 100% used [0x00000000f6180000,0x00000000f6980000,0x00000000f6980000)
  from space 1024K, 98% used [0x00000000f6a80000,0x00000000f6b7c030,0x00000000f6b80000)
  to   space 1024K, 0% used [0x00000000f6980000,0x00000000f6980000,0x00000000f6a80000)
 ParOldGen       total 20480K, used 3926K [0x00000000e2400000, 0x00000000e3800000, 0x00000000f6180000)
  object space 20480K, 19% used [0x00000000e2400000,0x00000000e27d58e8,0x00000000e3800000)
 Metaspace       used 9687K, capacity 9890K, committed 10240K, reserved 1058816K
  class space    used 1114K, capacity 1184K, committed 1280K, reserved 1048576K
Event: 3.868 GC heap after
Heap after GC invocations=3 (full 0):
 PSYoungGen      total 9216K, used 1022K [0x00000000f6180000, 0x00000000f7380000, 0x0000000100000000)
  eden space 8192K, 0% used [0x00000000f6180000,0x00000000f6180000,0x00000000f6980000)
  from space 1024K, 99% used [0x00000000f6980000,0x00000000f6a7fae0,0x00000000f6a80000)
  to   space 1024K, 0% used [0x00000000f7280000,0x00000000f7280000,0x00000000f7380000)
 ParOldGen       total 20480K, used 8249K [0x00000000e2400000, 0x00000000e3800000, 0x00000000f6180000)
  object space 20480K, 40% used [0x00000000e2400000,0x00000000e2c0e638,0x00000000e3800000)
 Metaspace       used 9687K, capacity 9890K, committed 10240K, reserved 1058816K
  class space    used 1114K, capacity 1184K, committed 1280K, reserved 1048576K
}
Event: 6.375 GC heap before
{Heap before GC invocations=4 (full 0):
 PSYoungGen      total 9216K, used 9214K [0x00000000f6180000, 0x00000000f7380000, 0x0000000100000000)
  eden space 8192K, 100% used [0x00000000f6180000,0x00000000f6980000,0x00000000f6980000)
  from space 1024K, 99% used [0x00000000f6980000,0x00000000f6a7fae0,0x00000000f6a80000)
  to   space 1024K, 0% used [0x00000000f7280000,0x00000000f7280000,0x00000000f7380000)
 ParOldGen       total 20480K, used 8249K [0x00000000e2400000, 0x00000000e3800000, 0x00000000f6180000)
  object space 20480K, 40% used [0x00000000e2400000,0x00000000e2c0e638,0x00000000e3800000)
 Metaspace       used 9949K, capacity 10178K, committed 10496K, reserved 1058816K
  class space    used 1142K, capacity 1216K, committed 1280K, reserved 1048576K
Event: 6.381 GC heap after
Heap after GC invocations=4 (full 0):
 PSYoungGen      total 17408K, used 1022K [0x00000000f6180000, 0x00000000f7380000, 0x0000000100000000)
  eden space 16384K, 0% used [0x00000000f6180000,0x00000000f6180000,0x00000000f7180000)
  from space 1024K, 99% used [0x00000000f7280000,0x00000000f737fae0,0x00000000f7380000)
  to   space 1024K, 0% used [0x00000000f7180000,0x00000000f7180000,0x00000000f7280000)
 ParOldGen       total 20480K, used 8428K [0x00000000e2400000, 0x00000000e3800000, 0x00000000f6180000)
  object space 20480K, 41% used [0x00000000e2400000,0x00000000e2c3b008,0x00000000e3800000)
 Metaspace       used 9949K, capacity 10178K, committed 10496K, reserved 1058816K
  class space    used 1142K, capacity 1216K, committed 1280K, reserved 1048576K
}
Event: 8.677 GC heap before
{Heap before GC invocations=5 (full 0):
 PSYoungGen      total 17408K, used 17217K [0x00000000f6180000, 0x00000000f7380000, 0x0000000100000000)
  eden space 16384K, 98% used [0x00000000f6180000,0x00000000f7150b78,0x00000000f7180000)
  from space 1024K, 99% used [0x00000000f7280000,0x00000000f737fae0,0x00000000f7380000)
  to   space 1024K, 0% used [0x00000000f7180000,0x00000000f7180000,0x00000000f7280000)
 ParOldGen       total 20480K, used 8428K [0x00000000e2400000, 0x00000000e3800000, 0x00000000f6180000)
  object space 20480K, 41% used [0x00000000e2400000,0x00000000e2c3b008,0x00000000e3800000)
 Metaspace       used 11658K, capacity 11914K, committed 12288K, reserved 1060864K
  class space    used 1332K, capacity 1410K, committed 1536K, reserved 1048576K
Event: 8.702 GC heap after
Heap after GC invocations=5 (full 0):
 PSYoungGen      total 17408K, used 1022K [0x00000000f6180000, 0x00000000f9280000, 0x0000000100000000)
  eden space 16384K, 0% used [0x00000000f6180000,0x00000000f6180000,0x00000000f7180000)
  from space 1024K, 99% used [0x00000000f7180000,0x00000000f727fae0,0x00000000f7280000)
  to   space 8704K, 0% used [0x00000000f8a00000,0x00000000f8a00000,0x00000000f9280000)
 ParOldGen       total 20480K, used 14447K [0x00000000e2400000, 0x00000000e3800000, 0x00000000f6180000)
  object space 20480K, 70% used [0x00000000e2400000,0x00000000e321bda0,0x00000000e3800000)
 Metaspace       used 11658K, capacity 11914K, committed 12288K, reserved 1060864K
  class space    used 1332K, capacity 1410K, committed 1536K, reserved 1048576K
}
Event: 8.702 GC heap before
{Heap before GC invocations=6 (full 1):
 PSYoungGen      total 17408K, used 1022K [0x00000000f6180000, 0x00000000f9280000, 0x0000000100000000)
  eden space 16384K, 0% used [0x00000000f6180000,0x00000000f6180000,0x00000000f7180000)
  from space 1024K, 99% used [0x00000000f7180000,0x00000000f727fae0,0x00000000f7280000)
  to   space 8704K, 0% used [0x00000000f8a00000,0x00000000f8a00000,0x00000000f9280000)
 ParOldGen       total 20480K, used 14447K [0x00000000e2400000, 0x00000000e3800000, 0x00000000f6180000)
  object space 20480K, 70% used [0x00000000e2400000,0x00000000e321bda0,0x00000000e3800000)
 Metaspace       used 11658K, capacity 11914K, committed 12288K, reserved 1060864K
  class space    used 1332K, capacity 1410K, committed 1536K, reserved 1048576K
Event: 8.797 GC heap after
Heap after GC invocations=6 (full 1):
 PSYoungGen      total 17408K, used 0K [0x00000000f6180000, 0x00000000f9280000, 0x0000000100000000)
  eden space 16384K, 0% used [0x00000000f6180000,0x00000000f6180000,0x00000000f7180000)
  from space 1024K, 0% used [0x00000000f7180000,0x00000000f7180000,0x00000000f7280000)
  to   space 8704K, 0% used [0x00000000f8a00000,0x00000000f8a00000,0x00000000f9280000)
 ParOldGen       total 31744K, used 11595K [0x00000000e2400000, 0x00000000e4300000, 0x00000000f6180000)
  object space 31744K, 36% used [0x00000000e2400000,0x00000000e2f52fc8,0x00000000e4300000)
 Metaspace       used 11658K, capacity 11914K, committed 12288K, reserved 1060864K
  class space    used 1332K, capacity 1410K, committed 1536K, reserved 1048576K
}

Deoptimization events (10 events):
Event: 20.374 Thread 0x0000000019491000 Uncommon trap: reason=unstable_if action=reinterpret pc=0x0000000004f08b1c method=totalcross.ui.gfx.Graphics.translateAndClip(IIII)Z @ 69
Event: 20.495 Thread 0x0000000019491000 Uncommon trap: reason=unstable_if action=reinterpret pc=0x0000000005108d84 method=totalcross.ui.image.Image.getSmoothScaledInstance(II)Ltotalcross/ui/image/Image; @ 715
Event: 20.495 Thread 0x0000000019491000 Uncommon trap: reason=unstable_if action=reinterpret pc=0x00000000050f9968 method=totalcross.ui.image.Image.getSmoothScaledInstance(II)Ltotalcross/ui/image/Image; @ 715
Event: 20.534 Thread 0x0000000019491000 Uncommon trap: reason=unstable_if action=reinterpret pc=0x000000000512fa40 method=totalcross.ui.gfx.Graphics.drawText(Ljava/lang/String;III)V @ 17
Event: 58.409 Thread 0x0000000019491000 Uncommon trap: reason=unstable_if action=reinterpret pc=0x000000000514b824 method=totalcross.ui.gfx.Graphics.drawText(Ljava/lang/String;III)V @ 211
Event: 58.409 Thread 0x0000000019491000 Uncommon trap: reason=unstable_if action=reinterpret pc=0x0000000004fbcd60 method=totalcross.ui.gfx.Graphics.drawText(Ljava/lang/String;III)V @ 540
Event: 146.467 Thread 0x0000000017ebd800 Uncommon trap: reason=class_check action=maybe_recompile pc=0x000000000529b974 method=java.awt.EventQueue.coalesceEvent(Ljava/awt/AWTEvent;I)Z @ 32
Event: 269.826 Thread 0x0000000017ebd800 Uncommon trap: reason=class_check action=maybe_recompile pc=0x000000000529b974 method=java.awt.EventQueue.coalesceEvent(Ljava/awt/AWTEvent;I)Z @ 32
Event: 272.212 Thread 0x0000000017ebd800 Uncommon trap: reason=class_check action=maybe_recompile pc=0x000000000529b974 method=java.awt.EventQueue.coalesceEvent(Ljava/awt/AWTEvent;I)Z @ 32
Event: 272.215 Thread 0x0000000017ebd800 Uncommon trap: reason=class_check action=maybe_recompile pc=0x000000000529b974 method=java.awt.EventQueue.coalesceEvent(Ljava/awt/AWTEvent;I)Z @ 32

Internal exceptions (10 events):
Event: 376.871 Thread 0x0000000018147000 Exception <a 'java/lang/InterruptedException': sleep interrupted> (0x00000000f6dd4880) thrown at [C:\re\workspace\8-2-build-windows-amd64-cygwin\jdk8u111\7883\hotspot\src\share\vm\prims\jvm.cpp, line 3224]
Event: 377.222 Thread 0x0000000018147000 Exception <a 'java/lang/InterruptedException': sleep interrupted> (0x00000000f6dd4b30) thrown at [C:\re\workspace\8-2-build-windows-amd64-cygwin\jdk8u111\7883\hotspot\src\share\vm\prims\jvm.cpp, line 3176]
Event: 377.577 Thread 0x0000000018147000 Exception <a 'java/lang/InterruptedException': sleep interrupted> (0x00000000f6dd4de0) thrown at [C:\re\workspace\8-2-build-windows-amd64-cygwin\jdk8u111\7883\hotspot\src\share\vm\prims\jvm.cpp, line 3176]
Event: 377.932 Thread 0x0000000018147000 Exception <a 'java/lang/InterruptedException': sleep interrupted> (0x00000000f6dd5090) thrown at [C:\re\workspace\8-2-build-windows-amd64-cygwin\jdk8u111\7883\hotspot\src\share\vm\prims\jvm.cpp, line 3176]
Event: 378.285 Thread 0x0000000018147000 Exception <a 'java/lang/InterruptedException': sleep interrupted> (0x00000000f6dd5340) thrown at [C:\re\workspace\8-2-build-windows-amd64-cygwin\jdk8u111\7883\hotspot\src\share\vm\prims\jvm.cpp, line 3176]
Event: 378.641 Thread 0x0000000018147000 Exception <a 'java/lang/InterruptedException': sleep interrupted> (0x00000000f6dd55f0) thrown at [C:\re\workspace\8-2-build-windows-amd64-cygwin\jdk8u111\7883\hotspot\src\share\vm\prims\jvm.cpp, line 3176]
Event: 378.820 Thread 0x0000000019491000 Exception <a 'java/io/FileNotFoundException'> (0x00000000f6dcb228) thrown at [C:\re\workspace\8-2-build-windows-amd64-cygwin\jdk8u111\7883\hotspot\src\share\vm\prims\jni.cpp, line 709]
Event: 378.820 Thread 0x0000000019491000 Exception <a 'java/io/FileNotFoundException'> (0x00000000f6dcbcd0) thrown at [C:\re\workspace\8-2-build-windows-amd64-cygwin\jdk8u111\7883\hotspot\src\share\vm\prims\jni.cpp, line 709]
Event: 378.821 Thread 0x0000000019491000 Exception <a 'java/io/FileNotFoundException'> (0x00000000f6dccac0) thrown at [C:\re\workspace\8-2-build-windows-amd64-cygwin\jdk8u111\7883\hotspot\src\share\vm\prims\jni.cpp, line 709]
Event: 379.319 Thread 0x0000000018147000 Exception <a 'java/lang/InterruptedException': sleep interrupted> (0x00000000f6dd58a0) thrown at [C:\re\workspace\8-2-build-windows-amd64-cygwin\jdk8u111\7883\hotspot\src\share\vm\prims\jvm.cpp, line 3224]

Events (10 events):
Event: 380.646 Executing VM operation: RevokeBias
Event: 380.646 Executing VM operation: RevokeBias done
Event: 380.646 Executing VM operation: RevokeBias
Event: 380.646 Executing VM operation: RevokeBias done
Event: 380.646 Executing VM operation: RevokeBias
Event: 380.646 Executing VM operation: RevokeBias done
Event: 380.648 Executing VM operation: RevokeBias
Event: 380.648 Executing VM operation: RevokeBias done
Event: 380.649 Executing VM operation: RevokeBias
Event: 380.649 Executing VM operation: RevokeBias done


Dynamic libraries:
0x00007ff74d240000 - 0x00007ff74d277000 	C:\Program Files\Java\jre1.8.0_111\bin\javaw.exe
0x00007ffdb3860000 - 0x00007ffdb3a40000 	C:\WINDOWS\SYSTEM32\ntdll.dll
0x00007ffdb30f0000 - 0x00007ffdb319e000 	C:\WINDOWS\System32\KERNEL32.DLL
0x00007ffdb0ac0000 - 0x00007ffdb0d26000 	C:\WINDOWS\System32\KERNELBASE.dll
0x00007ffdb1000000 - 0x00007ffdb10a1000 	C:\WINDOWS\System32\ADVAPI32.dll
0x00007ffdb3560000 - 0x00007ffdb35fd000 	C:\WINDOWS\System32\msvcrt.dll
0x00007ffdb31a0000 - 0x00007ffdb31fb000 	C:\WINDOWS\System32\sechost.dll
0x00007ffdb1240000 - 0x00007ffdb135f000 	C:\WINDOWS\System32\RPCRT4.dll
0x00007ffdb0d90000 - 0x00007ffdb0f1f000 	C:\WINDOWS\System32\USER32.dll
0x00007ffdb0110000 - 0x00007ffdb0130000 	C:\WINDOWS\System32\win32u.dll
0x00007ffdb3730000 - 0x00007ffdb3758000 	C:\WINDOWS\System32\GDI32.dll
0x00007ffdb0920000 - 0x00007ffdb0ab3000 	C:\WINDOWS\System32\gdi32full.dll
0x00007ffdb0130000 - 0x00007ffdb01cb000 	C:\WINDOWS\System32\msvcp_win.dll
0x00007ffdafc60000 - 0x00007ffdafd56000 	C:\WINDOWS\System32\ucrtbase.dll
0x00007ffd9f5d0000 - 0x00007ffd9f839000 	C:\WINDOWS\WinSxS\amd64_microsoft.windows.common-controls_6595b64144ccf1df_6.0.16299.431_none_15c7d3ee93659e73\COMCTL32.dll
0x00007ffdb1920000 - 0x00007ffdb1c28000 	C:\WINDOWS\System32\combase.dll
0x00007ffdaff80000 - 0x00007ffdafff2000 	C:\WINDOWS\System32\bcryptPrimitives.dll
0x00007ffdb1160000 - 0x00007ffdb118d000 	C:\WINDOWS\System32\IMM32.DLL
0x00000000528b0000 - 0x0000000052982000 	C:\Program Files\Java\jre1.8.0_111\bin\msvcr100.dll
0x0000000052b50000 - 0x00000000533ea000 	C:\Program Files\Java\jre1.8.0_111\bin\server\jvm.dll
0x00007ffdb30e0000 - 0x00007ffdb30e8000 	C:\WINDOWS\System32\PSAPI.DLL
0x00007ffdab9f0000 - 0x00007ffdab9f9000 	C:\WINDOWS\SYSTEM32\WSOCK32.dll
0x00007ffdb3070000 - 0x00007ffdb30dc000 	C:\WINDOWS\System32\WS2_32.dll
0x00007ffdadf40000 - 0x00007ffdadf63000 	C:\WINDOWS\SYSTEM32\WINMM.dll
0x00007ffda15e0000 - 0x00007ffda15ea000 	C:\WINDOWS\SYSTEM32\VERSION.dll
0x00007ffdadee0000 - 0x00007ffdadf0a000 	C:\WINDOWS\SYSTEM32\WINMMBASE.dll
0x00007ffdafd60000 - 0x00007ffdafdaa000 	C:\WINDOWS\System32\cfgmgr32.dll
0x0000000052a60000 - 0x0000000052a6f000 	C:\Program Files\Java\jre1.8.0_111\bin\verify.dll
0x0000000052a30000 - 0x0000000052a59000 	C:\Program Files\Java\jre1.8.0_111\bin\java.dll
0x0000000052a10000 - 0x0000000052a26000 	C:\Program Files\Java\jre1.8.0_111\bin\zip.dll
0x00007ffdb1c30000 - 0x00007ffdb3068000 	C:\WINDOWS\System32\SHELL32.dll
0x00007ffdb1190000 - 0x00007ffdb1236000 	C:\WINDOWS\System32\shcore.dll
0x00007ffdb01d0000 - 0x00007ffdb0917000 	C:\WINDOWS\System32\windows.storage.dll
0x00007ffdb0fa0000 - 0x00007ffdb0ff1000 	C:\WINDOWS\System32\shlwapi.dll
0x00007ffdafc20000 - 0x00007ffdafc31000 	C:\WINDOWS\System32\kernel.appcore.dll
0x00007ffdafbb0000 - 0x00007ffdafbfc000 	C:\WINDOWS\System32\powrprof.dll
0x00007ffdafc40000 - 0x00007ffdafc5b000 	C:\WINDOWS\System32\profapi.dll
0x0000000052710000 - 0x00000000528a8000 	C:\Program Files\Java\jre1.8.0_111\bin\awt.dll
0x00007ffdb3760000 - 0x00007ffdb3825000 	C:\WINDOWS\System32\OLEAUT32.dll
0x00007ffdae060000 - 0x00007ffdae0e8000 	C:\WINDOWS\SYSTEM32\apphelp.dll
0x00007ffdae450000 - 0x00007ffdae47a000 	C:\WINDOWS\system32\DWMAPI.DLL
0x00007ffdae1e0000 - 0x00007ffdae275000 	C:\WINDOWS\system32\uxtheme.dll
0x00007ffdb17b0000 - 0x00007ffdb1917000 	C:\WINDOWS\System32\MSCTF.dll
0x00007ffd99800000 - 0x00007ffd9987f000 	C:\Program Files (x86)\TeamViewer\tv_x64.dll
0x00007ffdb3200000 - 0x00007ffdb3349000 	C:\WINDOWS\System32\ole32.dll
0x00000000526c0000 - 0x0000000052707000 	C:\Program Files\Java\jre1.8.0_111\bin\fontmanager.dll
0x00007ffd9afc0000 - 0x00007ffd9b055000 	C:\WINDOWS\system32\RICHED20.DLL
0x00007ffd87ea0000 - 0x00007ffd87eb9000 	C:\WINDOWS\SYSTEM32\USP10.dll
0x00007ffd9af80000 - 0x00007ffd9afb8000 	C:\WINDOWS\SYSTEM32\msls31.dll
0x00007ffdb10b0000 - 0x00007ffdb114e000 	C:\WINDOWS\System32\clbcatq.dll
0x00007ffdaf6b0000 - 0x00007ffdaf6d5000 	C:\WINDOWS\system32\bcrypt.dll
0x00007ffda4f20000 - 0x00007ffda4fb8000 	C:\WINDOWS\System32\TextInputFramework.dll
0x00007ffdaa720000 - 0x00007ffdaaa0e000 	C:\WINDOWS\System32\CoreUIComponents.dll
0x00007ffdad0d0000 - 0x00007ffdad1ac000 	C:\WINDOWS\System32\CoreMessaging.dll
0x00007ffdaece0000 - 0x00007ffdaed11000 	C:\WINDOWS\SYSTEM32\ntmarta.dll
0x00007ffdac050000 - 0x00007ffdac186000 	C:\WINDOWS\SYSTEM32\wintypes.dll
0x00007ffdaf5a0000 - 0x00007ffdaf5b7000 	C:\WINDOWS\SYSTEM32\CRYPTSP.dll
0x00007ffdaefe0000 - 0x00007ffdaf013000 	C:\WINDOWS\system32\rsaenh.dll
0x00007ffdafab0000 - 0x00007ffdafad9000 	C:\WINDOWS\SYSTEM32\USERENV.dll
0x00007ffdaf5c0000 - 0x00007ffdaf5cb000 	C:\WINDOWS\SYSTEM32\CRYPTBASE.dll
0x00000000529f0000 - 0x0000000052a0a000 	C:\Program Files\Java\jre1.8.0_111\bin\net.dll
0x00007ffdaf3e0000 - 0x00007ffdaf446000 	C:\WINDOWS\system32\mswsock.dll
0x00007ffdaf170000 - 0x00007ffdaf1a9000 	C:\WINDOWS\SYSTEM32\IPHLPAPI.DLL
0x00007ffdb3350000 - 0x00007ffdb3358000 	C:\WINDOWS\System32\NSI.dll
0x00007ffdaa480000 - 0x00007ffdaa496000 	C:\WINDOWS\SYSTEM32\dhcpcsvc6.DLL
0x00007ffdaf1b0000 - 0x00007ffdaf266000 	C:\WINDOWS\SYSTEM32\DNSAPI.dll
0x00007ffda4840000 - 0x00007ffda484a000 	C:\Windows\System32\rasadhlp.dll
0x00007ffdaa4e0000 - 0x00007ffdaa4fa000 	C:\WINDOWS\SYSTEM32\dhcpcsvc.DLL
0x00007ffda7050000 - 0x00007ffda70c0000 	C:\WINDOWS\System32\fwpuclnt.dll
0x00000000529d0000 - 0x00000000529e1000 	C:\Program Files\Java\jre1.8.0_111\bin\nio.dll
0x00007ffda09b0000 - 0x00007ffda0b78000 	C:\WINDOWS\SYSTEM32\dbghelp.dll

VM Arguments:
jvm_args: -Dfile.encoding=Cp1252 
java_command: totalcross.Launcher /r 544353541A8E8B2A28D5B8E0 com.app.app
java_class_path (initial): C:\Program Files\Java\jre1.8.0_111\lib\resources.jar;C:\Program Files\Java\jre1.8.0_111\lib\rt.jar;C:\Program Files\Java\jre1.8.0_111\lib\jsse.jar;C:\Program Files\Java\jre1.8.0_111\lib\jce.jar;C:\Program Files\Java\jre1.8.0_111\lib\charsets.jar;C:\Program Files\Java\jre1.8.0_111\lib\jfr.jar;C:\Program Files\Java\jre1.8.0_111\lib\ext\access-bridge-64.jar;C:\Program Files\Java\jre1.8.0_111\lib\ext\cldrdata.jar;C:\Program Files\Java\jre1.8.0_111\lib\ext\dnsns.jar;C:\Program Files\Java\jre1.8.0_111\lib\ext\jaccess.jar;C:\Program Files\Java\jre1.8.0_111\lib\ext\jfxrt.jar;C:\Program Files\Java\jre1.8.0_111\lib\ext\localedata.jar;C:\Program Files\Java\jre1.8.0_111\lib\ext\nashorn.jar;C:\Program Files\Java\jre1.8.0_111\lib\ext\sunec.jar;C:\Program Files\Java\jre1.8.0_111\lib\ext\sunjce_provider.jar;C:\Program Files\Java\jre1.8.0_111\lib\ext\sunmscapi.jar;C:\Program Files\Java\jre1.8.0_111\lib\ext\sunpkcs11.jar;C:\Program Files\Java\jre1.8.0_111\lib\ext\zipfs.jar;C:\Users\marci\eclipse-workspace\app\target\classes;C:\Users\marci\.m2\repository\com\totalcross\utils\tc-utilities\0.0.1-SNAPSHOT\tc-utilities-0.0.1-SNAPSHOT.jar;C:\Users\marci\.m2\repository\com\totalcross\utils\magical-utils\0.0.1-SNAPSHOT\magical-utils-0.0.1-SNAPSHOT.jar;C:\Users\marci\.m2\repository\com\totalcross\totalcross-sdk\4.1.0\totalcross-sdk-4.1.0.jar;C:\Users\marci\.m2\repository\org\vafer\jdeb\0.7\jdeb-0.7.jar;C:\Users\marci\.m2\repository\org\apache\maven\maven-plugin-api\2.0.5\maven-plugin-api-2.0.5.jar;C:\Users\marci\.m2\repository\org\apache\maven\maven-project\2.0.5\maven-project-2.0.5.jar;C:\Users\marci\.m2\repository\org\apache\maven\maven-settings\2.0.5\maven-settings-2.0.5.jar;C:\Users\marci\.m2\repository\org\apache\maven\maven-profile\2.0.5\maven-profile-2.0.5.jar;C:\Users\marci\.m2\repository\org\apache\maven\maven-model\2.0.5\maven-model-2.0.5.jar;C:\Users\marci\.m2\repository\org\apache\maven\maven-artifact-manager\2.0.5\maven-artifact-manager-2.0.5.jar;C:\U
Launcher Type: SUN_STANDARD

Environment Variables:
JAVA_HOME=C:\Program Files\Java\jdk1.8.0_111
PATH=C:/Program Files/Java/jre1.8.0_111/bin/server;C:/Program Files/Java/jre1.8.0_111/bin;C:/Program Files/Java/jre1.8.0_111/lib/amd64;C:\ProgramData\Oracle\Java\javapath;C:\Program Files (x86)\Intel\TXE Components\TCS\;C:\Program Files\Intel\TXE Components\TCS\;C:\WINDOWS\system32;C:\WINDOWS;C:\WINDOWS\System32\Wbem;C:\WINDOWS\System32\WindowsPowerShell\v1.0\;C:\Program Files\Intel\TXE Components\DAL\;C:\Program Files (x86)\Intel\TXE Components\DAL\;C:\Program Files\Intel\TXE Components\IPT\;C:\Program Files (x86)\Intel\TXE Components\IPT\;C:\Program Files\Java\jdk1.8.0_111\bin;C:\TotalCross3\dist\vm\win32;C:\Users\marci\AppData\Local\Microsoft\WindowsApps;c:\TotalCross3\dist\vm\win32;C:\Program Files\Java\jdk1.8.0_111\bin;;C:\Users\marci\Desktop;
USERNAME=marci
OS=Windows_NT
PROCESSOR_IDENTIFIER=Intel64 Family 6 Model 76 Stepping 4, GenuineIntel



---------------  S Y S T E M  ---------------

OS: Windows 10.0 , 64 bit Build 16299 (10.0.16299.431)

CPU:total 2 (2 cores per cpu, 1 threads per core) family 6 model 76 stepping 4, cmov, cx8, fxsr, mmx, sse, sse2, sse3, ssse3, sse4.1, sse4.2, popcnt, aes, clmul, erms, 3dnowpref, tsc, tscinvbit

Memory: 4k page, physical 1946148k(298300k free), swap 5015584k(989256k free)

vm_info: Java HotSpot(TM) 64-Bit Server VM (25.111-b14) for windows-amd64 JRE (1.8.0_111-b14), built on Sep 22 2016 19:24:05 by "java_re" with MS VC++ 10.0 (VS2010)

time: Fri Jun 01 21:32:02 2018
elapsed time: 381 seconds (0d 0h 6m 21s)

