#
# A fatal error has been detected by the Java Runtime Environment:
#
#  EXCEPTION_ACCESS_VIOLATION (0xc0000005) at pc=0x000000006be42be0, pid=2548, tid=0x0000000000000f08
#
# JRE version: Java(TM) SE Runtime Environment (8.0_111-b14) (build 1.8.0_111-b14)
# Java VM: Java HotSpot(TM) 64-Bit Server VM (25.111-b14 mixed mode windows-amd64 compressed oops)
# Problematic frame:
# C  0x000000006be42be0
#
# Failed to write core dump. Minidumps are not enabled by default on client versions of Windows
#
# If you would like to submit a bug report, please visit:
#   http://bugreport.java.com/bugreport/crash.jsp
# The crash happened outside the Java Virtual Machine in native code.
# See problematic frame for where to report the bug.
#

---------------  T H R E A D  ---------------

Current thread (0x0000000017777000):  JavaThread "Secondary finalizer" [_thread_in_native, id=3848, stack(0x000000001aed0000,0x000000001afd0000)]

siginfo: ExceptionCode=0xc0000005, ExceptionInformation=0x0000000000000008 0x000000006be42be0

Registers:
RAX=0x000000006be42be0, RBX=0x000000001884a878, RCX=0x00000000177771f8, RDX=0x000000001afcefa8
RSP=0x000000001afcef08, RBP=0x000000001afcef88, RSI=0x0000000000000108, RDI=0x0000000000000702
R8 =0x0000000000000005, R9 =0x00000000e2e7ccf8, R10=0x00000000044b848b, R11=0x0000000052d7b580
R12=0x0000000000000000, R13=0x000000001884a878, R14=0x000000001afcefa8, R15=0x0000000017777000
RIP=0x000000006be42be0, EFLAGS=0x0000000000010206

Top of Stack: (sp=0x000000001afcef08)
0x000000001afcef08:   00000000044b84b7 00000000044a56d0
0x000000001afcef18:   0000000000000000 0000000053161bb8
0x000000001afcef28:   0000000017777000 000000001afcf010
0x000000001afcef38:   0000000000000000 00000000e2e7ccf8
0x000000001afcef48:   000000001afcef38 0000000000000000
0x000000001afcef58:   000000001afcefa8 0000000018875e70
0x000000001afcef68:   0000000000000000 000000001884a878
0x000000001afcef78:   0000000000000000 000000001afcefa8
0x000000001afcef88:   000000001afcf010 00000000044a835d
0x000000001afcef98:   0000000000000000 00000000044b19d8
0x000000001afcefa8:   00000000e2e7ccf8 00000000e2e7cd30
0x000000001afcefb8:   0000000000000000 0000000000000009
0x000000001afcefc8:   00000000e2e7ccf8 000000001afcefb0
0x000000001afcefd8:   0000000018845656 000000001afcf048
0x000000001afcefe8:   0000000018875680 0000000000000000
0x000000001afceff8:   00000000188456f0 000000001afcefa8 

Instructions: (pc=0x000000006be42be0)
0x000000006be42bc0:   
[error occurred during error reporting (printing registers, top of stack, instructions near pc), id 0xc0000005]

Register to memory mapping:

RAX=0x000000006be42be0 is an unknown value
RBX={method} {0x000000001884a880} 'free_functions' '()V' in 'org/sqlite/core/NativeDB'
RCX=0x00000000177771f8 is an unknown value
RDX=0x000000001afcefa8 is pointing into the stack for thread: 0x0000000017777000
RSP=0x000000001afcef08 is pointing into the stack for thread: 0x0000000017777000
RBP=0x000000001afcef88 is pointing into the stack for thread: 0x0000000017777000
RSI=0x0000000000000108 is an unknown value
RDI=0x0000000000000702 is an unknown value
R8 =0x0000000000000005 is an unknown value
R9 =0x00000000e2e7ccf8 is an oop
org.sqlite.core.NativeDB 
 - klass: 'org/sqlite/core/NativeDB'
R10=0x00000000044b848b is at code_begin+1227 in an Interpreter codelet
method entry point (kind = native_synchronized)  [0x00000000044b7fc0, 0x00000000044b8aa0]  2784 bytes
R11=0x0000000052d7b580 is an unknown value
R12=0x0000000000000000 is an unknown value
R13={method} {0x000000001884a880} 'free_functions' '()V' in 'org/sqlite/core/NativeDB'
R14=0x000000001afcefa8 is pointing into the stack for thread: 0x0000000017777000
R15=0x0000000017777000 is a thread


Stack: [0x000000001aed0000,0x000000001afd0000],  sp=0x000000001afcef08,  free space=1019k
Native frames: (J=compiled Java code, j=interpreted, Vv=VM code, C=native code)
C  0x000000006be42be0

Java frames: (J=compiled Java code, j=interpreted, Vv=VM code)
j  org.sqlite.core.NativeDB.free_functions()V+0
j  org.sqlite.core.DB.close()V+102
j  org.sqlite.core.CoreConnection.close()V+26
j  org.sqlite.core.CoreConnection.finalize()V+1
J 918 C1 java.lang.ref.Finalizer.runFinalizer(Lsun/misc/JavaLangAccess;)V (62 bytes) @ 0x00000000045afe8c [0x00000000045af900+0x58c]
J 914 C1 java.lang.ref.Finalizer.access$100(Ljava/lang/ref/Finalizer;Lsun/misc/JavaLangAccess;)V (6 bytes) @ 0x00000000045aca9c [0x00000000045aca40+0x5c]
j  java.lang.ref.Finalizer$3.run()V+58
j  java.lang.Thread.run()V+11
v  ~StubRoutines::call_stub

---------------  P R O C E S S  ---------------

Java Threads: ( => current thread )
=>0x0000000017777000 JavaThread "Secondary finalizer" [_thread_in_native, id=3848, stack(0x000000001aed0000,0x000000001afd0000)]
  0x0000000018e7a800 JavaThread "TC Event Thread" daemon [_thread_blocked, id=5264, stack(0x000000001a4d0000,0x000000001a5d0000)]
  0x00000000043a2800 JavaThread "DestroyJavaVM" [_thread_blocked, id=4672, stack(0x0000000004260000,0x0000000004360000)]
  0x0000000017651800 JavaThread "AWT-EventQueue-0" [_thread_blocked, id=3148, stack(0x0000000017ec0000,0x0000000017fc0000)]
  0x0000000017623800 JavaThread "AWT-Shutdown" [_thread_blocked, id=864, stack(0x0000000017c00000,0x0000000017d00000)]
  0x0000000017623000 JavaThread "Java2D Disposer" daemon [_thread_blocked, id=4800, stack(0x0000000017a60000,0x0000000017b60000)]
  0x000000001557d000 JavaThread "Service Thread" daemon [_thread_blocked, id=6724, stack(0x0000000016860000,0x0000000016960000)]
  0x0000000015576000 JavaThread "C1 CompilerThread1" daemon [_thread_blocked, id=64, stack(0x0000000016760000,0x0000000016860000)]
  0x000000001551c000 JavaThread "C2 CompilerThread0" daemon [_thread_blocked, id=5216, stack(0x0000000016660000,0x0000000016760000)]
  0x000000001551b000 JavaThread "Attach Listener" daemon [_thread_blocked, id=6100, stack(0x0000000016560000,0x0000000016660000)]
  0x000000000449e800 JavaThread "Signal Dispatcher" daemon [_thread_blocked, id=5184, stack(0x0000000016460000,0x0000000016560000)]
  0x0000000015508800 JavaThread "Finalizer" daemon [_thread_blocked, id=276, stack(0x0000000016160000,0x0000000016260000)]
  0x000000000448f800 JavaThread "Reference Handler" daemon [_thread_blocked, id=5748, stack(0x0000000016060000,0x0000000016160000)]

Other Threads:
  0x00000000154e5800 VMThread [stack: 0x0000000015f60000,0x0000000016060000] [id=5808]
  0x00000000155a5000 WatcherThread [stack: 0x0000000016d60000,0x0000000016e60000] [id=3152]

VM state:not at safepoint (normal execution)

VM Mutex/Monitor currently owned by a thread: None

Heap:
 PSYoungGen      total 16896K, used 8016K [0x00000000f6180000, 0x00000000f8200000, 0x0000000100000000)
  eden space 15872K, 50% used [0x00000000f6180000,0x00000000f6954288,0x00000000f7100000)
  from space 1024K, 0% used [0x00000000f7180000,0x00000000f7180000,0x00000000f7280000)
  to   space 8704K, 0% used [0x00000000f7980000,0x00000000f7980000,0x00000000f8200000)
 ParOldGen       total 30720K, used 11218K [0x00000000e2400000, 0x00000000e4200000, 0x00000000f6180000)
  object space 30720K, 36% used [0x00000000e2400000,0x00000000e2ef4be0,0x00000000e4200000)
 Metaspace       used 12534K, capacity 12778K, committed 13056K, reserved 1060864K
  class space    used 1392K, capacity 1480K, committed 1536K, reserved 1048576K

Card table byte_map: [0x0000000013860000,0x0000000013950000] byte_map_base: 0x000000001314e000

Marking Bits: (ParMarkBitMap*) 0x000000005336a6c0
 Begin Bits: [0x0000000013bf0000, 0x0000000014360000)
 End Bits:   [0x0000000014360000, 0x0000000014ad0000)

Polling page: 0x00000000025c0000

CodeCache: size=245760Kb used=4750Kb max_used=4761Kb free=241009Kb
 bounds [0x00000000044a0000, 0x0000000004950000, 0x00000000134a0000]
 total_blobs=1670 nmethods=1182 adapters=402
 compilation: enabled

Compilation events (10 events):
Event: 138.047 Thread 0x0000000015576000 1320       3       totalcross.ui.Window::_doPaint (68 bytes)
Event: 138.048 Thread 0x0000000015576000 nmethod 1320 0x0000000004947590 code [0x0000000004947760, 0x0000000004947eb8]
Event: 140.509 Thread 0x0000000015576000 1321   !   3       java.awt.AWTEvent::dispatched (47 bytes)
Event: 140.511 Thread 0x0000000015576000 nmethod 1321 0x0000000004948050 code [0x0000000004948240, 0x0000000004948c78]
Event: 142.267 Thread 0x0000000015576000 1322   !   3       java.util.concurrent.locks.AbstractQueuedSynchronizer::fullyRelease (54 bytes)
Event: 142.268 Thread 0x0000000015576000 nmethod 1322 0x0000000004949010 code [0x00000000049491c0, 0x00000000049497a8]
Event: 148.857 Thread 0x0000000015576000 1323       3       java.io.FileInputStream::read (8 bytes)
Event: 148.857 Thread 0x0000000015576000 nmethod 1323 0x00000000047f5110 code [0x00000000047f5280, 0x00000000047f5408]
Event: 149.117 Thread 0x000000001551c000 1324       4       java.io.FileInputStream::read (8 bytes)
Event: 149.118 Thread 0x000000001551c000 nmethod 1324 0x00000000045e4190 code [0x00000000045e42e0, 0x00000000045e4368]

GC Heap History (10 events):
Event: 4.791 GC heap before
{Heap before GC invocations=2 (full 0):
 PSYoungGen      total 9216K, used 9200K [0x00000000f6180000, 0x00000000f6b80000, 0x0000000100000000)
  eden space 8192K, 100% used [0x00000000f6180000,0x00000000f6980000,0x00000000f6980000)
  from space 1024K, 98% used [0x00000000f6980000,0x00000000f6a7c010,0x00000000f6a80000)
  to   space 1024K, 0% used [0x00000000f6a80000,0x00000000f6a80000,0x00000000f6b80000)
 ParOldGen       total 20480K, used 982K [0x00000000e2400000, 0x00000000e3800000, 0x00000000f6180000)
  object space 20480K, 4% used [0x00000000e2400000,0x00000000e24f5ad0,0x00000000e3800000)
 Metaspace       used 9410K, capacity 9666K, committed 9856K, reserved 1058816K
  class space    used 1089K, capacity 1152K, committed 1152K, reserved 1048576K
Event: 4.812 GC heap after
Heap after GC invocations=2 (full 0):
 PSYoungGen      total 9216K, used 992K [0x00000000f6180000, 0x00000000f6b80000, 0x0000000100000000)
  eden space 8192K, 0% used [0x00000000f6180000,0x00000000f6180000,0x00000000f6980000)
  from space 1024K, 96% used [0x00000000f6a80000,0x00000000f6b78020,0x00000000f6b80000)
  to   space 1024K, 0% used [0x00000000f6980000,0x00000000f6980000,0x00000000f6a80000)
 ParOldGen       total 20480K, used 3952K [0x00000000e2400000, 0x00000000e3800000, 0x00000000f6180000)
  object space 20480K, 19% used [0x00000000e2400000,0x00000000e27dc1d8,0x00000000e3800000)
 Metaspace       used 9410K, capacity 9666K, committed 9856K, reserved 1058816K
  class space    used 1089K, capacity 1152K, committed 1152K, reserved 1048576K
}
Event: 5.648 GC heap before
{Heap before GC invocations=3 (full 0):
 PSYoungGen      total 9216K, used 9184K [0x00000000f6180000, 0x00000000f6b80000, 0x0000000100000000)
  eden space 8192K, 100% used [0x00000000f6180000,0x00000000f6980000,0x00000000f6980000)
  from space 1024K, 96% used [0x00000000f6a80000,0x00000000f6b78020,0x00000000f6b80000)
  to   space 1024K, 0% used [0x00000000f6980000,0x00000000f6980000,0x00000000f6a80000)
 ParOldGen       total 20480K, used 3952K [0x00000000e2400000, 0x00000000e3800000, 0x00000000f6180000)
  object space 20480K, 19% used [0x00000000e2400000,0x00000000e27dc1d8,0x00000000e3800000)
 Metaspace       used 9681K, capacity 9890K, committed 10240K, reserved 1058816K
  class space    used 1114K, capacity 1184K, committed 1280K, reserved 1048576K
Event: 5.675 GC heap after
Heap after GC invocations=3 (full 0):
 PSYoungGen      total 9216K, used 1022K [0x00000000f6180000, 0x00000000f7380000, 0x0000000100000000)
  eden space 8192K, 0% used [0x00000000f6180000,0x00000000f6180000,0x00000000f6980000)
  from space 1024K, 99% used [0x00000000f6980000,0x00000000f6a7fae0,0x00000000f6a80000)
  to   space 1024K, 0% used [0x00000000f7280000,0x00000000f7280000,0x00000000f7380000)
 ParOldGen       total 20480K, used 8278K [0x00000000e2400000, 0x00000000e3800000, 0x00000000f6180000)
  object space 20480K, 40% used [0x00000000e2400000,0x00000000e2c15900,0x00000000e3800000)
 Metaspace       used 9681K, capacity 9890K, committed 10240K, reserved 1058816K
  class space    used 1114K, capacity 1184K, committed 1280K, reserved 1048576K
}
Event: 8.226 GC heap before
{Heap before GC invocations=4 (full 0):
 PSYoungGen      total 9216K, used 9214K [0x00000000f6180000, 0x00000000f7380000, 0x0000000100000000)
  eden space 8192K, 100% used [0x00000000f6180000,0x00000000f6980000,0x00000000f6980000)
  from space 1024K, 99% used [0x00000000f6980000,0x00000000f6a7fae0,0x00000000f6a80000)
  to   space 1024K, 0% used [0x00000000f7280000,0x00000000f7280000,0x00000000f7380000)
 ParOldGen       total 20480K, used 8278K [0x00000000e2400000, 0x00000000e3800000, 0x00000000f6180000)
  object space 20480K, 40% used [0x00000000e2400000,0x00000000e2c15900,0x00000000e3800000)
 Metaspace       used 9939K, capacity 10178K, committed 10496K, reserved 1058816K
  class space    used 1142K, capacity 1216K, committed 1280K, reserved 1048576K
Event: 8.236 GC heap after
Heap after GC invocations=4 (full 0):
 PSYoungGen      total 17408K, used 1022K [0x00000000f6180000, 0x00000000f7380000, 0x0000000100000000)
  eden space 16384K, 0% used [0x00000000f6180000,0x00000000f6180000,0x00000000f7180000)
  from space 1024K, 99% used [0x00000000f7280000,0x00000000f737fae0,0x00000000f7380000)
  to   space 1024K, 0% used [0x00000000f7180000,0x00000000f7180000,0x00000000f7280000)
 ParOldGen       total 20480K, used 8385K [0x00000000e2400000, 0x00000000e3800000, 0x00000000f6180000)
  object space 20480K, 40% used [0x00000000e2400000,0x00000000e2c30478,0x00000000e3800000)
 Metaspace       used 9939K, capacity 10178K, committed 10496K, reserved 1058816K
  class space    used 1142K, capacity 1216K, committed 1280K, reserved 1048576K
}
Event: 12.015 GC heap before
{Heap before GC invocations=5 (full 0):
 PSYoungGen      total 17408K, used 17026K [0x00000000f6180000, 0x00000000f7380000, 0x0000000100000000)
  eden space 16384K, 97% used [0x00000000f6180000,0x00000000f7120fd8,0x00000000f7180000)
  from space 1024K, 99% used [0x00000000f7280000,0x00000000f737fae0,0x00000000f7380000)
  to   space 1024K, 0% used [0x00000000f7180000,0x00000000f7180000,0x00000000f7280000)
 ParOldGen       total 20480K, used 8385K [0x00000000e2400000, 0x00000000e3800000, 0x00000000f6180000)
  object space 20480K, 40% used [0x00000000e2400000,0x00000000e2c30478,0x00000000e3800000)
 Metaspace       used 11660K, capacity 11914K, committed 12288K, reserved 1060864K
  class space    used 1333K, capacity 1410K, committed 1536K, reserved 1048576K
Event: 12.030 GC heap after
Heap after GC invocations=5 (full 0):
 PSYoungGen      total 16896K, used 1019K [0x00000000f6180000, 0x00000000f8200000, 0x0000000100000000)
  eden space 15872K, 0% used [0x00000000f6180000,0x00000000f6180000,0x00000000f7100000)
  from space 1024K, 99% used [0x00000000f7180000,0x00000000f727ece0,0x00000000f7280000)
  to   space 8704K, 0% used [0x00000000f7980000,0x00000000f7980000,0x00000000f8200000)
 ParOldGen       total 20480K, used 14064K [0x00000000e2400000, 0x00000000e3800000, 0x00000000f6180000)
  object space 20480K, 68% used [0x00000000e2400000,0x00000000e31bc0a8,0x00000000e3800000)
 Metaspace       used 11660K, capacity 11914K, committed 12288K, reserved 1060864K
  class space    used 1333K, capacity 1410K, committed 1536K, reserved 1048576K
}
Event: 12.030 GC heap before
{Heap before GC invocations=6 (full 1):
 PSYoungGen      total 16896K, used 1019K [0x00000000f6180000, 0x00000000f8200000, 0x0000000100000000)
  eden space 15872K, 0% used [0x00000000f6180000,0x00000000f6180000,0x00000000f7100000)
  from space 1024K, 99% used [0x00000000f7180000,0x00000000f727ece0,0x00000000f7280000)
  to   space 8704K, 0% used [0x00000000f7980000,0x00000000f7980000,0x00000000f8200000)
 ParOldGen       total 20480K, used 14064K [0x00000000e2400000, 0x00000000e3800000, 0x00000000f6180000)
  object space 20480K, 68% used [0x00000000e2400000,0x00000000e31bc0a8,0x00000000e3800000)
 Metaspace       used 11660K, capacity 11914K, committed 12288K, reserved 1060864K
  class space    used 1333K, capacity 1410K, committed 1536K, reserved 1048576K
Event: 12.125 GC heap after
Heap after GC invocations=6 (full 1):
 PSYoungGen      total 16896K, used 0K [0x00000000f6180000, 0x00000000f8200000, 0x0000000100000000)
  eden space 15872K, 0% used [0x00000000f6180000,0x00000000f6180000,0x00000000f7100000)
  from space 1024K, 0% used [0x00000000f7180000,0x00000000f7180000,0x00000000f7280000)
  to   space 8704K, 0% used [0x00000000f7980000,0x00000000f7980000,0x00000000f8200000)
 ParOldGen       total 30720K, used 11218K [0x00000000e2400000, 0x00000000e4200000, 0x00000000f6180000)
  object space 30720K, 36% used [0x00000000e2400000,0x00000000e2ef4be0,0x00000000e4200000)
 Metaspace       used 11660K, capacity 11914K, committed 12288K, reserved 1060864K
  class space    used 1333K, capacity 1410K, committed 1536K, reserved 1048576K
}

Deoptimization events (10 events):
Event: 9.816 Thread 0x0000000018c8e000 Uncommon trap: reason=unstable_if action=reinterpret pc=0x00000000045bed9c method=java.io.BufferedInputStream.read1([BII)I @ 22
Event: 14.487 Thread 0x0000000017906000 Uncommon trap: reason=unstable_if action=reinterpret pc=0x00000000045db84c method=sun.awt.image.ImageRepresentation.getOpaqueRGBImage()Ljava/awt/image/BufferedImage; @ 57
Event: 14.492 Thread 0x0000000018e7a800 Uncommon trap: reason=unstable_if action=reinterpret pc=0x00000000045d753c method=totalcross.ui.image.Image.getSmoothScaledInstance(II)Ltotalcross/ui/image/Image; @ 524
Event: 14.493 Thread 0x0000000018e7a800 Uncommon trap: reason=unstable_if action=reinterpret pc=0x0000000004830c54 method=totalcross.ui.image.Image.getSmoothScaledInstance(II)Ltotalcross/ui/image/Image; @ 1208
Event: 14.581 Thread 0x0000000017045000 Uncommon trap: reason=unstable_if action=reinterpret pc=0x000000000482e464 method=sun.awt.image.ImageRepresentation.getOpaqueRGBImage()Ljava/awt/image/BufferedImage; @ 71
Event: 14.719 Thread 0x0000000018e7a800 Uncommon trap: reason=unstable_if action=reinterpret pc=0x0000000004702b7c method=totalcross.ui.gfx.Graphics.addError([IIIIIIIIII)V @ 9
Event: 14.760 Thread 0x0000000018e7a800 Uncommon trap: reason=null_assert action=make_not_entrant pc=0x00000000045d22cc method=totalcross.Launcher.updateScreen()V @ 247
Event: 22.748 Thread 0x0000000018e7a800 Uncommon trap: reason=unstable_if action=reinterpret pc=0x0000000004866fc8 method=totalcross.ui.gfx.Graphics.translateAndClip(IIII)Z @ 29
Event: 22.886 Thread 0x0000000018e7a800 Uncommon trap: reason=unstable_if action=reinterpret pc=0x000000000464f3f0 method=totalcross.ui.image.Image.getSmoothScaledInstance(II)Ltotalcross/ui/image/Image; @ 715
Event: 22.933 Thread 0x0000000018e7a800 Uncommon trap: reason=unstable_if action=reinterpret pc=0x000000000478a0c0 method=totalcross.ui.gfx.Graphics.drawText(Ljava/lang/String;III)V @ 17

Internal exceptions (10 events):
Event: 146.783 Thread 0x0000000017952000 Exception <a 'java/lang/InterruptedException': sleep interrupted> (0x00000000f68902e8) thrown at [C:\re\workspace\8-2-build-windows-amd64-cygwin\jdk8u111\7883\hotspot\src\share\vm\prims\jvm.cpp, line 3176]
Event: 147.133 Thread 0x0000000017952000 Exception <a 'java/lang/InterruptedException': sleep interrupted> (0x00000000f6890598) thrown at [C:\re\workspace\8-2-build-windows-amd64-cygwin\jdk8u111\7883\hotspot\src\share\vm\prims\jvm.cpp, line 3224]
Event: 147.483 Thread 0x0000000017952000 Exception <a 'java/lang/InterruptedException': sleep interrupted> (0x00000000f6890848) thrown at [C:\re\workspace\8-2-build-windows-amd64-cygwin\jdk8u111\7883\hotspot\src\share\vm\prims\jvm.cpp, line 3224]
Event: 147.833 Thread 0x0000000017952000 Exception <a 'java/lang/InterruptedException': sleep interrupted> (0x00000000f6890af8) thrown at [C:\re\workspace\8-2-build-windows-amd64-cygwin\jdk8u111\7883\hotspot\src\share\vm\prims\jvm.cpp, line 3176]
Event: 148.183 Thread 0x0000000017952000 Exception <a 'java/lang/InterruptedException': sleep interrupted> (0x00000000f6890da8) thrown at [C:\re\workspace\8-2-build-windows-amd64-cygwin\jdk8u111\7883\hotspot\src\share\vm\prims\jvm.cpp, line 3224]
Event: 148.533 Thread 0x0000000017952000 Exception <a 'java/lang/InterruptedException': sleep interrupted> (0x00000000f6891058) thrown at [C:\re\workspace\8-2-build-windows-amd64-cygwin\jdk8u111\7883\hotspot\src\share\vm\prims\jvm.cpp, line 3224]
Event: 148.793 Thread 0x0000000018e7a800 Exception <a 'java/io/FileNotFoundException'> (0x00000000f68a6b50) thrown at [C:\re\workspace\8-2-build-windows-amd64-cygwin\jdk8u111\7883\hotspot\src\share\vm\prims\jni.cpp, line 709]
Event: 148.793 Thread 0x0000000018e7a800 Exception <a 'java/io/FileNotFoundException'> (0x00000000f68a75f8) thrown at [C:\re\workspace\8-2-build-windows-amd64-cygwin\jdk8u111\7883\hotspot\src\share\vm\prims\jni.cpp, line 709]
Event: 148.793 Thread 0x0000000018e7a800 Exception <a 'java/io/FileNotFoundException'> (0x00000000f68a83e8) thrown at [C:\re\workspace\8-2-build-windows-amd64-cygwin\jdk8u111\7883\hotspot\src\share\vm\prims\jni.cpp, line 709]
Event: 149.130 Thread 0x0000000017952000 Exception <a 'java/lang/InterruptedException': sleep interrupted> (0x00000000f6891308) thrown at [C:\re\workspace\8-2-build-windows-amd64-cygwin\jdk8u111\7883\hotspot\src\share\vm\prims\jvm.cpp, line 3224]

Events (10 events):
Event: 149.401 Executing VM operation: RevokeBias
Event: 149.401 Executing VM operation: RevokeBias done
Event: 149.401 Executing VM operation: RevokeBias
Event: 149.401 Executing VM operation: RevokeBias done
Event: 149.401 Executing VM operation: RevokeBias
Event: 149.401 Executing VM operation: RevokeBias done
Event: 149.404 Executing VM operation: RevokeBias
Event: 149.404 Executing VM operation: RevokeBias done
Event: 149.405 Executing VM operation: RevokeBias
Event: 149.405 Executing VM operation: RevokeBias done


Dynamic libraries:
0x00007ff6cc360000 - 0x00007ff6cc397000 	C:\Program Files\Java\jre1.8.0_111\bin\javaw.exe
0x00007ffdb3860000 - 0x00007ffdb3a40000 	C:\WINDOWS\SYSTEM32\ntdll.dll
0x00007ffdb30f0000 - 0x00007ffdb319e000 	C:\WINDOWS\System32\KERNEL32.DLL
0x00007ffdb0ac0000 - 0x00007ffdb0d26000 	C:\WINDOWS\System32\KERNELBASE.dll
0x00007ffdb1000000 - 0x00007ffdb10a1000 	C:\WINDOWS\System32\ADVAPI32.dll
0x00007ffdb3560000 - 0x00007ffdb35fd000 	C:\WINDOWS\System32\msvcrt.dll
0x00007ffdb31a0000 - 0x00007ffdb31fb000 	C:\WINDOWS\System32\sechost.dll
0x00007ffdb1240000 - 0x00007ffdb135f000 	C:\WINDOWS\System32\RPCRT4.dll
0x00007ffdb0d90000 - 0x00007ffdb0f1f000 	C:\WINDOWS\System32\USER32.dll
0x00007ffdb0110000 - 0x00007ffdb0130000 	C:\WINDOWS\System32\win32u.dll
0x00007ffdb3730000 - 0x00007ffdb3758000 	C:\WINDOWS\System32\GDI32.dll
0x00007ffdb0920000 - 0x00007ffdb0ab3000 	C:\WINDOWS\System32\gdi32full.dll
0x00007ffdb0130000 - 0x00007ffdb01cb000 	C:\WINDOWS\System32\msvcp_win.dll
0x00007ffdafc60000 - 0x00007ffdafd56000 	C:\WINDOWS\System32\ucrtbase.dll
0x00007ffd9f5d0000 - 0x00007ffd9f839000 	C:\WINDOWS\WinSxS\amd64_microsoft.windows.common-controls_6595b64144ccf1df_6.0.16299.431_none_15c7d3ee93659e73\COMCTL32.dll
0x00007ffdb1920000 - 0x00007ffdb1c28000 	C:\WINDOWS\System32\combase.dll
0x00007ffdaff80000 - 0x00007ffdafff2000 	C:\WINDOWS\System32\bcryptPrimitives.dll
0x00007ffdb1160000 - 0x00007ffdb118d000 	C:\WINDOWS\System32\IMM32.DLL
0x00000000528b0000 - 0x0000000052982000 	C:\Program Files\Java\jre1.8.0_111\bin\msvcr100.dll
0x0000000052b50000 - 0x00000000533ea000 	C:\Program Files\Java\jre1.8.0_111\bin\server\jvm.dll
0x00007ffdb30e0000 - 0x00007ffdb30e8000 	C:\WINDOWS\System32\PSAPI.DLL
0x00007ffdab9f0000 - 0x00007ffdab9f9000 	C:\WINDOWS\SYSTEM32\WSOCK32.dll
0x00007ffdb3070000 - 0x00007ffdb30dc000 	C:\WINDOWS\System32\WS2_32.dll
0x00007ffdadf40000 - 0x00007ffdadf63000 	C:\WINDOWS\SYSTEM32\WINMM.dll
0x00007ffda15e0000 - 0x00007ffda15ea000 	C:\WINDOWS\SYSTEM32\VERSION.dll
0x00007ffdadee0000 - 0x00007ffdadf0a000 	C:\WINDOWS\SYSTEM32\WINMMBASE.dll
0x00007ffdafd60000 - 0x00007ffdafdaa000 	C:\WINDOWS\System32\cfgmgr32.dll
0x0000000052a60000 - 0x0000000052a6f000 	C:\Program Files\Java\jre1.8.0_111\bin\verify.dll
0x0000000052a30000 - 0x0000000052a59000 	C:\Program Files\Java\jre1.8.0_111\bin\java.dll
0x0000000052a10000 - 0x0000000052a26000 	C:\Program Files\Java\jre1.8.0_111\bin\zip.dll
0x00007ffdb1c30000 - 0x00007ffdb3068000 	C:\WINDOWS\System32\SHELL32.dll
0x00007ffdb1190000 - 0x00007ffdb1236000 	C:\WINDOWS\System32\shcore.dll
0x00007ffdb01d0000 - 0x00007ffdb0917000 	C:\WINDOWS\System32\windows.storage.dll
0x00007ffdb0fa0000 - 0x00007ffdb0ff1000 	C:\WINDOWS\System32\shlwapi.dll
0x00007ffdafc20000 - 0x00007ffdafc31000 	C:\WINDOWS\System32\kernel.appcore.dll
0x00007ffdafbb0000 - 0x00007ffdafbfc000 	C:\WINDOWS\System32\powrprof.dll
0x00007ffdafc40000 - 0x00007ffdafc5b000 	C:\WINDOWS\System32\profapi.dll
0x0000000052710000 - 0x00000000528a8000 	C:\Program Files\Java\jre1.8.0_111\bin\awt.dll
0x00007ffdb3760000 - 0x00007ffdb3825000 	C:\WINDOWS\System32\OLEAUT32.dll
0x00007ffdae060000 - 0x00007ffdae0e8000 	C:\WINDOWS\SYSTEM32\apphelp.dll
0x00007ffdae450000 - 0x00007ffdae47a000 	C:\WINDOWS\system32\DWMAPI.DLL
0x00007ffdae1e0000 - 0x00007ffdae275000 	C:\WINDOWS\system32\uxtheme.dll
0x00007ffdb17b0000 - 0x00007ffdb1917000 	C:\WINDOWS\System32\MSCTF.dll
0x00007ffd99800000 - 0x00007ffd9987f000 	C:\Program Files (x86)\TeamViewer\tv_x64.dll
0x00007ffdb3200000 - 0x00007ffdb3349000 	C:\WINDOWS\System32\ole32.dll
0x00000000526c0000 - 0x0000000052707000 	C:\Program Files\Java\jre1.8.0_111\bin\fontmanager.dll
0x00007ffd9afc0000 - 0x00007ffd9b055000 	C:\WINDOWS\system32\RICHED20.DLL
0x00007ffd87ea0000 - 0x00007ffd87eb9000 	C:\WINDOWS\SYSTEM32\USP10.dll
0x00007ffdab910000 - 0x00007ffdab948000 	C:\WINDOWS\SYSTEM32\msls31.dll
0x00007ffdb10b0000 - 0x00007ffdb114e000 	C:\WINDOWS\System32\clbcatq.dll
0x00007ffdaf6b0000 - 0x00007ffdaf6d5000 	C:\WINDOWS\system32\bcrypt.dll
0x00007ffda4f20000 - 0x00007ffda4fb8000 	C:\WINDOWS\System32\TextInputFramework.dll
0x00007ffdaa720000 - 0x00007ffdaaa0e000 	C:\WINDOWS\System32\CoreUIComponents.dll
0x00007ffdad0d0000 - 0x00007ffdad1ac000 	C:\WINDOWS\System32\CoreMessaging.dll
0x00007ffdaece0000 - 0x00007ffdaed11000 	C:\WINDOWS\SYSTEM32\ntmarta.dll
0x00007ffdac050000 - 0x00007ffdac186000 	C:\WINDOWS\SYSTEM32\wintypes.dll
0x00007ffdaf5a0000 - 0x00007ffdaf5b7000 	C:\WINDOWS\SYSTEM32\CRYPTSP.dll
0x00007ffdaefe0000 - 0x00007ffdaf013000 	C:\WINDOWS\system32\rsaenh.dll
0x00007ffdafab0000 - 0x00007ffdafad9000 	C:\WINDOWS\SYSTEM32\USERENV.dll
0x00007ffdaf5c0000 - 0x00007ffdaf5cb000 	C:\WINDOWS\SYSTEM32\CRYPTBASE.dll
0x00000000529f0000 - 0x0000000052a0a000 	C:\Program Files\Java\jre1.8.0_111\bin\net.dll
0x00007ffdaf3e0000 - 0x00007ffdaf446000 	C:\WINDOWS\system32\mswsock.dll
0x00007ffdaf170000 - 0x00007ffdaf1a9000 	C:\WINDOWS\SYSTEM32\IPHLPAPI.DLL
0x00007ffdb3350000 - 0x00007ffdb3358000 	C:\WINDOWS\System32\NSI.dll
0x00007ffdaa480000 - 0x00007ffdaa496000 	C:\WINDOWS\SYSTEM32\dhcpcsvc6.DLL
0x00007ffdaa4e0000 - 0x00007ffdaa4fa000 	C:\WINDOWS\SYSTEM32\dhcpcsvc.DLL
0x00007ffdaf1b0000 - 0x00007ffdaf266000 	C:\WINDOWS\SYSTEM32\DNSAPI.dll
0x00007ffda4840000 - 0x00007ffda484a000 	C:\Windows\System32\rasadhlp.dll
0x00007ffda7050000 - 0x00007ffda70c0000 	C:\WINDOWS\System32\fwpuclnt.dll
0x00000000529d0000 - 0x00000000529e1000 	C:\Program Files\Java\jre1.8.0_111\bin\nio.dll
0x00007ffda09b0000 - 0x00007ffda0b78000 	C:\WINDOWS\SYSTEM32\dbghelp.dll

VM Arguments:
jvm_args: -Dfile.encoding=Cp1252 
java_command: totalcross.Launcher /r 544353541A8E8B2A28D5B8E0 com.app.app
java_class_path (initial): C:\Program Files\Java\jre1.8.0_111\lib\resources.jar;C:\Program Files\Java\jre1.8.0_111\lib\rt.jar;C:\Program Files\Java\jre1.8.0_111\lib\jsse.jar;C:\Program Files\Java\jre1.8.0_111\lib\jce.jar;C:\Program Files\Java\jre1.8.0_111\lib\charsets.jar;C:\Program Files\Java\jre1.8.0_111\lib\jfr.jar;C:\Program Files\Java\jre1.8.0_111\lib\ext\access-bridge-64.jar;C:\Program Files\Java\jre1.8.0_111\lib\ext\cldrdata.jar;C:\Program Files\Java\jre1.8.0_111\lib\ext\dnsns.jar;C:\Program Files\Java\jre1.8.0_111\lib\ext\jaccess.jar;C:\Program Files\Java\jre1.8.0_111\lib\ext\jfxrt.jar;C:\Program Files\Java\jre1.8.0_111\lib\ext\localedata.jar;C:\Program Files\Java\jre1.8.0_111\lib\ext\nashorn.jar;C:\Program Files\Java\jre1.8.0_111\lib\ext\sunec.jar;C:\Program Files\Java\jre1.8.0_111\lib\ext\sunjce_provider.jar;C:\Program Files\Java\jre1.8.0_111\lib\ext\sunmscapi.jar;C:\Program Files\Java\jre1.8.0_111\lib\ext\sunpkcs11.jar;C:\Program Files\Java\jre1.8.0_111\lib\ext\zipfs.jar;C:\Users\marci\eclipse-workspace\app\target\classes;C:\Users\marci\.m2\repository\com\totalcross\utils\tc-utilities\0.0.1-SNAPSHOT\tc-utilities-0.0.1-SNAPSHOT.jar;C:\Users\marci\.m2\repository\com\totalcross\utils\magical-utils\0.0.1-SNAPSHOT\magical-utils-0.0.1-SNAPSHOT.jar;C:\Users\marci\.m2\repository\com\totalcross\totalcross-sdk\4.1.0\totalcross-sdk-4.1.0.jar;C:\Users\marci\.m2\repository\org\vafer\jdeb\0.7\jdeb-0.7.jar;C:\Users\marci\.m2\repository\org\apache\maven\maven-plugin-api\2.0.5\maven-plugin-api-2.0.5.jar;C:\Users\marci\.m2\repository\org\apache\maven\maven-project\2.0.5\maven-project-2.0.5.jar;C:\Users\marci\.m2\repository\org\apache\maven\maven-settings\2.0.5\maven-settings-2.0.5.jar;C:\Users\marci\.m2\repository\org\apache\maven\maven-profile\2.0.5\maven-profile-2.0.5.jar;C:\Users\marci\.m2\repository\org\apache\maven\maven-model\2.0.5\maven-model-2.0.5.jar;C:\Users\marci\.m2\repository\org\apache\maven\maven-artifact-manager\2.0.5\maven-artifact-manager-2.0.5.jar;C:\U
Launcher Type: SUN_STANDARD

Environment Variables:
JAVA_HOME=C:\Program Files\Java\jdk1.8.0_111
PATH=C:/Program Files/Java/jre1.8.0_111/bin/server;C:/Program Files/Java/jre1.8.0_111/bin;C:/Program Files/Java/jre1.8.0_111/lib/amd64;C:\ProgramData\Oracle\Java\javapath;C:\Program Files (x86)\Intel\TXE Components\TCS\;C:\Program Files\Intel\TXE Components\TCS\;C:\WINDOWS\system32;C:\WINDOWS;C:\WINDOWS\System32\Wbem;C:\WINDOWS\System32\WindowsPowerShell\v1.0\;C:\Program Files\Intel\TXE Components\DAL\;C:\Program Files (x86)\Intel\TXE Components\DAL\;C:\Program Files\Intel\TXE Components\IPT\;C:\Program Files (x86)\Intel\TXE Components\IPT\;C:\Program Files\Java\jdk1.8.0_111\bin;C:\TotalCross3\dist\vm\win32;C:\Users\marci\AppData\Local\Microsoft\WindowsApps;c:\TotalCross3\dist\vm\win32;C:\Program Files\Java\jdk1.8.0_111\bin;;C:\Users\marci\Desktop;
USERNAME=marci
OS=Windows_NT
PROCESSOR_IDENTIFIER=Intel64 Family 6 Model 76 Stepping 4, GenuineIntel



---------------  S Y S T E M  ---------------

OS: Windows 10.0 , 64 bit Build 16299 (10.0.16299.431)

CPU:total 2 (2 cores per cpu, 1 threads per core) family 6 model 76 stepping 4, cmov, cx8, fxsr, mmx, sse, sse2, sse3, ssse3, sse4.1, sse4.2, popcnt, aes, clmul, erms, 3dnowpref, tsc, tscinvbit

Memory: 4k page, physical 1946148k(216916k free), swap 4547588k(643668k free)

vm_info: Java HotSpot(TM) 64-Bit Server VM (25.111-b14) for windows-amd64 JRE (1.8.0_111-b14), built on Sep 22 2016 19:24:05 by "java_re" with MS VC++ 10.0 (VS2010)

time: Fri Jun 01 20:40:28 2018
elapsed time: 149 seconds (0d 0h 2m 29s)

