#
# A fatal error has been detected by the Java Runtime Environment:
#
#  EXCEPTION_ACCESS_VIOLATION (0xc0000005) at pc=0x000000006be42be0, pid=5068, tid=0x00000000000003ec
#
# JRE version: Java(TM) SE Runtime Environment (8.0_111-b14) (build 1.8.0_111-b14)
# Java VM: Java HotSpot(TM) 64-Bit Server VM (25.111-b14 mixed mode windows-amd64 compressed oops)
# Problematic frame:
# C  0x000000006be42be0
#
# Failed to write core dump. Minidumps are not enabled by default on client versions of Windows
#
# If you would like to submit a bug report, please visit:
#   http://bugreport.java.com/bugreport/crash.jsp
# The crash happened outside the Java Virtual Machine in native code.
# See problematic frame for where to report the bug.
#

---------------  T H R E A D  ---------------

Current thread (0x0000000018d09800):  JavaThread "Secondary finalizer" [_thread_in_native, id=1004, stack(0x000000001b640000,0x000000001b740000)]

siginfo: ExceptionCode=0xc0000005, ExceptionInformation=0x0000000000000008 0x000000006be42be0

Registers:
RAX=0x000000006be42be0, RBX=0x0000000018acbe20, RCX=0x0000000018d099f8, RDX=0x000000001b73ed48
RSP=0x000000001b73eca8, RBP=0x000000001b73ed28, RSI=0x0000000000000108, RDI=0x0000000000000703
R8 =0x0000000000000005, R9 =0x00000000f78fee28, R10=0x000000000474848b, R11=0x0000000052d7b580
R12=0x0000000000000000, R13=0x0000000018acbe20, R14=0x000000001b73ed48, R15=0x0000000018d09800
RIP=0x000000006be42be0, EFLAGS=0x0000000000010206

Top of Stack: (sp=0x000000001b73eca8)
0x000000001b73eca8:   00000000047484b7 000000001b73ede8
0x000000001b73ecb8:   00000000047476e2 000000001b73ecc0
0x000000001b73ecc8:   000000001504e618 000000001b73edb0
0x000000001b73ecd8:   0000000000000000 00000000f78fee28
0x000000001b73ece8:   000000001b73ecd8 0000000000000000
0x000000001b73ecf8:   000000001b73ed48 0000000018b28930
0x000000001b73ed08:   0000000000000000 0000000018acbe20
0x000000001b73ed18:   0000000000000000 000000001b73ed48
0x000000001b73ed28:   000000001b73edb0 000000000473835d
0x000000001b73ed38:   0000000000000000 00000000047419d8
0x000000001b73ed48:   00000000f78fee28 00000000f78fee60
0x000000001b73ed58:   0000000000000000 0000000000000009
0x000000001b73ed68:   00000000f78fee28 000000001b73ed50
0x000000001b73ed78:   0000000018ac6bfe 000000001b73ede8
0x000000001b73ed88:   0000000018b28140 0000000000000000
0x000000001b73ed98:   0000000018ac6c98 000000001b73ed48 

Instructions: (pc=0x000000006be42be0)
0x000000006be42bc0:   
[error occurred during error reporting (printing registers, top of stack, instructions near pc), id 0xc0000005]

Register to memory mapping:

RAX=0x000000006be42be0 is an unknown value
RBX={method} {0x0000000018acbe28} 'free_functions' '()V' in 'org/sqlite/core/NativeDB'
RCX=0x0000000018d099f8 is an unknown value
RDX=0x000000001b73ed48 is pointing into the stack for thread: 0x0000000018d09800
RSP=0x000000001b73eca8 is pointing into the stack for thread: 0x0000000018d09800
RBP=0x000000001b73ed28 is pointing into the stack for thread: 0x0000000018d09800
RSI=0x0000000000000108 is an unknown value
RDI=0x0000000000000703 is an unknown value
R8 =0x0000000000000005 is an unknown value
R9 =0x00000000f78fee28 is an oop
org.sqlite.core.NativeDB 
 - klass: 'org/sqlite/core/NativeDB'
R10=0x000000000474848b is at code_begin+1227 in an Interpreter codelet
method entry point (kind = native_synchronized)  [0x0000000004747fc0, 0x0000000004748aa0]  2784 bytes
R11=0x0000000052d7b580 is an unknown value
R12=0x0000000000000000 is an unknown value
R13={method} {0x0000000018acbe28} 'free_functions' '()V' in 'org/sqlite/core/NativeDB'
R14=0x000000001b73ed48 is pointing into the stack for thread: 0x0000000018d09800
R15=0x0000000018d09800 is a thread


Stack: [0x000000001b640000,0x000000001b740000],  sp=0x000000001b73eca8,  free space=1019k
Native frames: (J=compiled Java code, j=interpreted, Vv=VM code, C=native code)
C  0x000000006be42be0

Java frames: (J=compiled Java code, j=interpreted, Vv=VM code)
j  org.sqlite.core.NativeDB.free_functions()V+0
j  org.sqlite.core.DB.close()V+102
j  org.sqlite.core.CoreConnection.close()V+26
j  org.sqlite.core.CoreConnection.finalize()V+1
J 1499 C1 java.lang.ref.Finalizer.runFinalizer(Lsun/misc/JavaLangAccess;)V (62 bytes) @ 0x0000000004aa438c [0x0000000004aa3e00+0x58c]
J 743 C1 java.lang.ref.Finalizer.access$100(Ljava/lang/ref/Finalizer;Lsun/misc/JavaLangAccess;)V (6 bytes) @ 0x0000000004a27a1c [0x0000000004a279c0+0x5c]
j  java.lang.ref.Finalizer$3.run()V+58
j  java.lang.Thread.run()V+11
v  ~StubRoutines::call_stub

---------------  P R O C E S S  ---------------

Java Threads: ( => current thread )
=>0x0000000018d09800 JavaThread "Secondary finalizer" [_thread_in_native, id=1004, stack(0x000000001b640000,0x000000001b740000)]
  0x0000000018d08000 JavaThread "Image Fetcher 1" daemon [_thread_blocked, id=6440, stack(0x000000001b240000,0x000000001b340000)]
  0x0000000018d0c000 JavaThread "Image Fetcher 0" daemon [_thread_blocked, id=1524, stack(0x000000001b140000,0x000000001b240000)]
  0x00000000172c4000 JavaThread "TC Event Thread" daemon [_thread_blocked, id=5436, stack(0x0000000019f40000,0x000000001a040000)]
  0x0000000004632800 JavaThread "DestroyJavaVM" [_thread_blocked, id=6964, stack(0x00000000044e0000,0x00000000045e0000)]
  0x00000000176f8800 JavaThread "AWT-EventQueue-0" [_thread_blocked, id=5680, stack(0x0000000018130000,0x0000000018230000)]
  0x00000000176d9800 JavaThread "AWT-Shutdown" [_thread_blocked, id=4484, stack(0x0000000017e70000,0x0000000017f70000)]
  0x00000000176d6800 JavaThread "Java2D Disposer" daemon [_thread_blocked, id=4828, stack(0x0000000017d70000,0x0000000017e70000)]
  0x000000001580f000 JavaThread "Service Thread" daemon [_thread_blocked, id=6672, stack(0x0000000016ae0000,0x0000000016be0000)]
  0x0000000015808000 JavaThread "C1 CompilerThread1" daemon [_thread_blocked, id=6640, stack(0x00000000169e0000,0x0000000016ae0000)]
  0x00000000157ae000 JavaThread "C2 CompilerThread0" daemon [_thread_blocked, id=2472, stack(0x00000000168e0000,0x00000000169e0000)]
  0x00000000157ac800 JavaThread "Attach Listener" daemon [_thread_blocked, id=3080, stack(0x00000000167e0000,0x00000000168e0000)]
  0x000000000472e800 JavaThread "Signal Dispatcher" daemon [_thread_blocked, id=6420, stack(0x00000000166e0000,0x00000000167e0000)]
  0x0000000015798800 JavaThread "Finalizer" daemon [_thread_blocked, id=4972, stack(0x00000000163e0000,0x00000000164e0000)]
  0x000000000471f800 JavaThread "Reference Handler" daemon [_thread_blocked, id=5196, stack(0x00000000162e0000,0x00000000163e0000)]

Other Threads:
  0x0000000015776000 VMThread [stack: 0x00000000161e0000,0x00000000162e0000] [id=3516]
  0x0000000015840000 WatcherThread [stack: 0x0000000016fe0000,0x00000000170e0000] [id=5940]

VM state:not at safepoint (normal execution)

VM Mutex/Monitor currently owned by a thread: None

Heap:
 PSYoungGen      total 22016K, used 14548K [0x00000000f6180000, 0x00000000f7d80000, 0x0000000100000000)
  eden space 16384K, 67% used [0x00000000f6180000,0x00000000f6c57658,0x00000000f7180000)
  from space 5632K, 61% used [0x00000000f7800000,0x00000000f7b5dda0,0x00000000f7d80000)
  to   space 6144K, 0% used [0x00000000f7180000,0x00000000f7180000,0x00000000f7780000)
 ParOldGen       total 20480K, used 9474K [0x00000000e2400000, 0x00000000e3800000, 0x00000000f6180000)
  object space 20480K, 46% used [0x00000000e2400000,0x00000000e2d40a98,0x00000000e3800000)
 Metaspace       used 12740K, capacity 12974K, committed 13312K, reserved 1060864K
  class space    used 1401K, capacity 1480K, committed 1536K, reserved 1048576K

Card table byte_map: [0x0000000013af0000,0x0000000013be0000] byte_map_base: 0x00000000133de000

Marking Bits: (ParMarkBitMap*) 0x000000005336a6c0
 Begin Bits: [0x0000000013e80000, 0x00000000145f0000)
 End Bits:   [0x00000000145f0000, 0x0000000014d60000)

Polling page: 0x0000000002b80000

CodeCache: size=245760Kb used=5313Kb max_used=5329Kb free=240447Kb
 bounds [0x0000000004730000, 0x0000000004c70000, 0x0000000013730000]
 total_blobs=1834 nmethods=1346 adapters=402
 compilation: enabled

Compilation events (10 events):
Event: 136.398 Thread 0x0000000015808000 1496   !   3       sun.awt.PostEventQueue::flush (168 bytes)
Event: 136.400 Thread 0x0000000015808000 nmethod 1496 0x0000000004aa4910 code [0x0000000004aa4b60, 0x0000000004aa5c88]
Event: 137.312 Thread 0x0000000015808000 1497       3       java.io.FileInputStream::read (8 bytes)
Event: 137.312 Thread 0x0000000015808000 nmethod 1497 0x0000000004aa2d90 code [0x0000000004aa2f00, 0x0000000004aa3088]
Event: 137.408 Thread 0x00000000157ae000 1498       4       java.io.FileInputStream::read (8 bytes)
Event: 137.409 Thread 0x00000000157ae000 nmethod 1498 0x00000000048ac8d0 code [0x00000000048aca20, 0x00000000048acaa8]
Event: 137.868 Thread 0x0000000015808000 1499   !   3       java.lang.ref.Finalizer::runFinalizer (62 bytes)
Event: 137.870 Thread 0x0000000015808000 nmethod 1499 0x0000000004aa3c50 code [0x0000000004aa3e00, 0x0000000004aa4678]
Event: 137.881 Thread 0x0000000015808000 1500       1       java.lang.ref.Finalizer::access$400 (5 bytes)
Event: 137.881 Thread 0x0000000015808000 nmethod 1500 0x0000000004874a10 code [0x0000000004874b60, 0x0000000004874c50]

GC Heap History (10 events):
Event: 4.256 GC heap before
{Heap before GC invocations=2 (full 0):
 PSYoungGen      total 9216K, used 9200K [0x00000000f6180000, 0x00000000f6b80000, 0x0000000100000000)
  eden space 8192K, 100% used [0x00000000f6180000,0x00000000f6980000,0x00000000f6980000)
  from space 1024K, 98% used [0x00000000f6980000,0x00000000f6a7c010,0x00000000f6a80000)
  to   space 1024K, 0% used [0x00000000f6a80000,0x00000000f6a80000,0x00000000f6b80000)
 ParOldGen       total 20480K, used 980K [0x00000000e2400000, 0x00000000e3800000, 0x00000000f6180000)
  object space 20480K, 4% used [0x00000000e2400000,0x00000000e24f5238,0x00000000e3800000)
 Metaspace       used 9424K, capacity 9666K, committed 9856K, reserved 1058816K
  class space    used 1089K, capacity 1152K, committed 1152K, reserved 1048576K
Event: 4.285 GC heap after
Heap after GC invocations=2 (full 0):
 PSYoungGen      total 9216K, used 992K [0x00000000f6180000, 0x00000000f6b80000, 0x0000000100000000)
  eden space 8192K, 0% used [0x00000000f6180000,0x00000000f6180000,0x00000000f6980000)
  from space 1024K, 96% used [0x00000000f6a80000,0x00000000f6b78020,0x00000000f6b80000)
  to   space 1024K, 0% used [0x00000000f6980000,0x00000000f6980000,0x00000000f6a80000)
 ParOldGen       total 20480K, used 3960K [0x00000000e2400000, 0x00000000e3800000, 0x00000000f6180000)
  object space 20480K, 19% used [0x00000000e2400000,0x00000000e27de030,0x00000000e3800000)
 Metaspace       used 9424K, capacity 9666K, committed 9856K, reserved 1058816K
  class space    used 1089K, capacity 1152K, committed 1152K, reserved 1048576K
}
Event: 5.412 GC heap before
{Heap before GC invocations=3 (full 0):
 PSYoungGen      total 9216K, used 9184K [0x00000000f6180000, 0x00000000f6b80000, 0x0000000100000000)
  eden space 8192K, 100% used [0x00000000f6180000,0x00000000f6980000,0x00000000f6980000)
  from space 1024K, 96% used [0x00000000f6a80000,0x00000000f6b78020,0x00000000f6b80000)
  to   space 1024K, 0% used [0x00000000f6980000,0x00000000f6980000,0x00000000f6a80000)
 ParOldGen       total 20480K, used 3960K [0x00000000e2400000, 0x00000000e3800000, 0x00000000f6180000)
  object space 20480K, 19% used [0x00000000e2400000,0x00000000e27de030,0x00000000e3800000)
 Metaspace       used 9692K, capacity 9890K, committed 10240K, reserved 1058816K
  class space    used 1114K, capacity 1184K, committed 1280K, reserved 1048576K
Event: 5.426 GC heap after
Heap after GC invocations=3 (full 0):
 PSYoungGen      total 9216K, used 1023K [0x00000000f6180000, 0x00000000f6b80000, 0x0000000100000000)
  eden space 8192K, 0% used [0x00000000f6180000,0x00000000f6180000,0x00000000f6980000)
  from space 1024K, 99% used [0x00000000f6980000,0x00000000f6a7ffe0,0x00000000f6a80000)
  to   space 1024K, 0% used [0x00000000f6a80000,0x00000000f6a80000,0x00000000f6b80000)
 ParOldGen       total 20480K, used 8309K [0x00000000e2400000, 0x00000000e3800000, 0x00000000f6180000)
  object space 20480K, 40% used [0x00000000e2400000,0x00000000e2c1d6d8,0x00000000e3800000)
 Metaspace       used 9692K, capacity 9890K, committed 10240K, reserved 1058816K
  class space    used 1114K, capacity 1184K, committed 1280K, reserved 1048576K
}
Event: 7.886 GC heap before
{Heap before GC invocations=4 (full 0):
 PSYoungGen      total 9216K, used 9215K [0x00000000f6180000, 0x00000000f6b80000, 0x0000000100000000)
  eden space 8192K, 100% used [0x00000000f6180000,0x00000000f6980000,0x00000000f6980000)
  from space 1024K, 99% used [0x00000000f6980000,0x00000000f6a7ffe0,0x00000000f6a80000)
  to   space 1024K, 0% used [0x00000000f6a80000,0x00000000f6a80000,0x00000000f6b80000)
 ParOldGen       total 20480K, used 8309K [0x00000000e2400000, 0x00000000e3800000, 0x00000000f6180000)
  object space 20480K, 40% used [0x00000000e2400000,0x00000000e2c1d6d8,0x00000000e3800000)
 Metaspace       used 9956K, capacity 10178K, committed 10496K, reserved 1058816K
  class space    used 1142K, capacity 1216K, committed 1280K, reserved 1048576K
Event: 8.077 GC heap after
Heap after GC invocations=4 (full 0):
 PSYoungGen      total 9216K, used 996K [0x00000000f6180000, 0x00000000f7380000, 0x0000000100000000)
  eden space 8192K, 0% used [0x00000000f6180000,0x00000000f6180000,0x00000000f6980000)
  from space 1024K, 97% used [0x00000000f6a80000,0x00000000f6b79070,0x00000000f6b80000)
  to   space 1024K, 0% used [0x00000000f6980000,0x00000000f6980000,0x00000000f6a80000)
 ParOldGen       total 20480K, used 8468K [0x00000000e2400000, 0x00000000e3800000, 0x00000000f6180000)
  object space 20480K, 41% used [0x00000000e2400000,0x00000000e2c453c0,0x00000000e3800000)
 Metaspace       used 9956K, capacity 10178K, committed 10496K, reserved 1058816K
  class space    used 1142K, capacity 1216K, committed 1280K, reserved 1048576K
}
Event: 11.050 GC heap before
{Heap before GC invocations=5 (full 0):
 PSYoungGen      total 9216K, used 9188K [0x00000000f6180000, 0x00000000f7380000, 0x0000000100000000)
  eden space 8192K, 100% used [0x00000000f6180000,0x00000000f6980000,0x00000000f6980000)
  from space 1024K, 97% used [0x00000000f6a80000,0x00000000f6b79070,0x00000000f6b80000)
  to   space 1024K, 0% used [0x00000000f6980000,0x00000000f6980000,0x00000000f6a80000)
 ParOldGen       total 20480K, used 8468K [0x00000000e2400000, 0x00000000e3800000, 0x00000000f6180000)
  object space 20480K, 41% used [0x00000000e2400000,0x00000000e2c453c0,0x00000000e3800000)
 Metaspace       used 11387K, capacity 11626K, committed 11904K, reserved 1060864K
  class space    used 1304K, capacity 1378K, committed 1408K, reserved 1048576K
Event: 11.062 GC heap after
Heap after GC invocations=5 (full 0):
 PSYoungGen      total 9216K, used 1019K [0x00000000f6180000, 0x00000000f7e80000, 0x0000000100000000)
  eden space 8192K, 0% used [0x00000000f6180000,0x00000000f6180000,0x00000000f6980000)
  from space 1024K, 99% used [0x00000000f6980000,0x00000000f6a7ece0,0x00000000f6a80000)
  to   space 6656K, 0% used [0x00000000f7800000,0x00000000f7800000,0x00000000f7e80000)
 ParOldGen       total 20480K, used 9474K [0x00000000e2400000, 0x00000000e3800000, 0x00000000f6180000)
  object space 20480K, 46% used [0x00000000e2400000,0x00000000e2d40a98,0x00000000e3800000)
 Metaspace       used 11387K, capacity 11626K, committed 11904K, reserved 1060864K
  class space    used 1304K, capacity 1378K, committed 1408K, reserved 1048576K
}
Event: 16.388 GC heap before
{Heap before GC invocations=6 (full 0):
 PSYoungGen      total 9216K, used 8530K [0x00000000f6180000, 0x00000000f7e80000, 0x0000000100000000)
  eden space 8192K, 91% used [0x00000000f6180000,0x00000000f68d5c88,0x00000000f6980000)
  from space 1024K, 99% used [0x00000000f6980000,0x00000000f6a7ece0,0x00000000f6a80000)
  to   space 6656K, 0% used [0x00000000f7800000,0x00000000f7800000,0x00000000f7e80000)
 ParOldGen       total 20480K, used 9474K [0x00000000e2400000, 0x00000000e3800000, 0x00000000f6180000)
  object space 20480K, 46% used [0x00000000e2400000,0x00000000e2d40a98,0x00000000e3800000)
 Metaspace       used 11702K, capacity 11914K, committed 12288K, reserved 1060864K
  class space    used 1334K, capacity 1410K, committed 1536K, reserved 1048576K
Event: 16.405 GC heap after
Heap after GC invocations=6 (full 0):
 PSYoungGen      total 22016K, used 3447K [0x00000000f6180000, 0x00000000f7d80000, 0x0000000100000000)
  eden space 16384K, 0% used [0x00000000f6180000,0x00000000f6180000,0x00000000f7180000)
  from space 5632K, 61% used [0x00000000f7800000,0x00000000f7b5dda0,0x00000000f7d80000)
  to   space 6144K, 0% used [0x00000000f7180000,0x00000000f7180000,0x00000000f7780000)
 ParOldGen       total 20480K, used 9474K [0x00000000e2400000, 0x00000000e3800000, 0x00000000f6180000)
  object space 20480K, 46% used [0x00000000e2400000,0x00000000e2d40a98,0x00000000e3800000)
 Metaspace       used 11702K, capacity 11914K, committed 12288K, reserved 1060864K
  class space    used 1334K, capacity 1410K, committed 1536K, reserved 1048576K
}

Deoptimization events (10 events):
Event: 19.036 Thread 0x00000000172c4000 Uncommon trap: reason=unstable_if action=reinterpret pc=0x0000000004abc490 method=totalcross.ui.gfx.Graphics.drawSurface([ILjava/lang/Object;IIIIIIZIIII)V @ 558
Event: 19.103 Thread 0x00000000172c4000 Uncommon trap: reason=null_assert action=make_not_entrant pc=0x00000000048acc4c method=totalcross.Launcher.updateScreen()V @ 247
Event: 28.679 Thread 0x00000000172c4000 Uncommon trap: reason=unstable_if action=reinterpret pc=0x0000000004aeb1c4 method=totalcross.ui.gfx.Graphics.translateAndClip(IIII)Z @ 19
Event: 28.785 Thread 0x00000000172c4000 Uncommon trap: reason=unstable_if action=reinterpret pc=0x0000000004a0db7c method=totalcross.ui.image.Image.getSmoothScaledInstance(II)Ltotalcross/ui/image/Image; @ 332
Event: 28.958 Thread 0x00000000172c4000 Uncommon trap: reason=unstable_if action=reinterpret pc=0x0000000004ae2f20 method=totalcross.ui.gfx.Graphics.drawText(Ljava/lang/String;III)V @ 17
Event: 105.234 Thread 0x00000000172c4000 Uncommon trap: reason=unstable_if action=reinterpret pc=0x0000000004b78c58 method=totalcross.ui.gfx.Graphics.drawText(Ljava/lang/String;III)V @ 211
Event: 105.234 Thread 0x00000000172c4000 Uncommon trap: reason=unstable_if action=reinterpret pc=0x0000000004ad942c method=totalcross.ui.gfx.Graphics.drawText(Ljava/lang/String;III)V @ 540
Event: 134.007 Thread 0x00000000176f8800 Uncommon trap: reason=unstable_if action=reinterpret pc=0x0000000004a97a48 method=java.awt.EventQueue.postEvent(Ljava/awt/AWTEvent;I)V @ 6
Event: 137.277 Thread 0x00000000176f8800 Uncommon trap: reason=unstable_if action=reinterpret pc=0x0000000004b5abc4 method=totalcross.TCEventThread.invokeInEventThread(ZLjava/lang/Runnable;)V @ 1
Event: 137.423 Thread 0x00000000172c4000 Uncommon trap: reason=unstable_if action=reinterpret pc=0x0000000004b5e3e8 method=totalcross.TCEventThread.privatePumpEvents()V @ 61

Internal exceptions (10 events):
Event: 134.307 Thread 0x00000000172c4000 Exception <a 'java/io/FileNotFoundException'> (0x00000000f6b04820) thrown at [C:\re\workspace\8-2-build-windows-amd64-cygwin\jdk8u111\7883\hotspot\src\share\vm\prims\jni.cpp, line 709]
Event: 134.307 Thread 0x00000000172c4000 Exception <a 'java/io/FileNotFoundException'> (0x00000000f6b05528) thrown at [C:\re\workspace\8-2-build-windows-amd64-cygwin\jdk8u111\7883\hotspot\src\share\vm\prims\jni.cpp, line 709]
Event: 134.326 Thread 0x00000000172c4000 Exception <a 'java/io/FileNotFoundException'> (0x00000000f6b65cc8) thrown at [C:\re\workspace\8-2-build-windows-amd64-cygwin\jdk8u111\7883\hotspot\src\share\vm\prims\jni.cpp, line 709]
Event: 134.327 Thread 0x00000000172c4000 Exception <a 'java/io/FileNotFoundException'> (0x00000000f6b667b8) thrown at [C:\re\workspace\8-2-build-windows-amd64-cygwin\jdk8u111\7883\hotspot\src\share\vm\prims\jni.cpp, line 709]
Event: 134.327 Thread 0x00000000172c4000 Exception <a 'java/io/FileNotFoundException'> (0x00000000f6b67508) thrown at [C:\re\workspace\8-2-build-windows-amd64-cygwin\jdk8u111\7883\hotspot\src\share\vm\prims\jni.cpp, line 709]
Event: 134.373 Thread 0x0000000017c22800 Exception <a 'java/lang/InterruptedException': sleep interrupted> (0x00000000f6aeb050) thrown at [C:\re\workspace\8-2-build-windows-amd64-cygwin\jdk8u111\7883\hotspot\src\share\vm\prims\jvm.cpp, line 3224]
Event: 137.279 Thread 0x00000000172c4000 Exception <a 'java/io/FileNotFoundException'> (0x00000000f6b9db58) thrown at [C:\re\workspace\8-2-build-windows-amd64-cygwin\jdk8u111\7883\hotspot\src\share\vm\prims\jni.cpp, line 709]
Event: 137.279 Thread 0x00000000172c4000 Exception <a 'java/io/FileNotFoundException'> (0x00000000f6b9e600) thrown at [C:\re\workspace\8-2-build-windows-amd64-cygwin\jdk8u111\7883\hotspot\src\share\vm\prims\jni.cpp, line 709]
Event: 137.279 Thread 0x00000000172c4000 Exception <a 'java/io/FileNotFoundException'> (0x00000000f6b9f3f0) thrown at [C:\re\workspace\8-2-build-windows-amd64-cygwin\jdk8u111\7883\hotspot\src\share\vm\prims\jni.cpp, line 709]
Event: 137.424 Thread 0x0000000017c22800 Exception <a 'java/lang/InterruptedException': sleep interrupted> (0x00000000f6af18c0) thrown at [C:\re\workspace\8-2-build-windows-amd64-cygwin\jdk8u111\7883\hotspot\src\share\vm\prims\jvm.cpp, line 3224]

Events (10 events):
Event: 137.868 Executing VM operation: RevokeBias
Event: 137.869 Executing VM operation: RevokeBias done
Event: 137.870 Executing VM operation: RevokeBias
Event: 137.871 Executing VM operation: RevokeBias done
Event: 137.880 Executing VM operation: BulkRevokeBias
Event: 137.881 Executing VM operation: BulkRevokeBias done
Event: 137.881 Executing VM operation: RevokeBias
Event: 137.881 Executing VM operation: RevokeBias done
Event: 137.883 Executing VM operation: RevokeBias
Event: 137.883 Executing VM operation: RevokeBias done


Dynamic libraries:
0x00007ff6bf740000 - 0x00007ff6bf777000 	C:\Program Files\Java\jre1.8.0_111\bin\javaw.exe
0x00007ffdb3860000 - 0x00007ffdb3a40000 	C:\WINDOWS\SYSTEM32\ntdll.dll
0x00007ffdb30f0000 - 0x00007ffdb319e000 	C:\WINDOWS\System32\KERNEL32.DLL
0x00007ffdb0ac0000 - 0x00007ffdb0d26000 	C:\WINDOWS\System32\KERNELBASE.dll
0x00007ffdb1000000 - 0x00007ffdb10a1000 	C:\WINDOWS\System32\ADVAPI32.dll
0x00007ffdb3560000 - 0x00007ffdb35fd000 	C:\WINDOWS\System32\msvcrt.dll
0x00007ffdb31a0000 - 0x00007ffdb31fb000 	C:\WINDOWS\System32\sechost.dll
0x00007ffdb1240000 - 0x00007ffdb135f000 	C:\WINDOWS\System32\RPCRT4.dll
0x00007ffdb0d90000 - 0x00007ffdb0f1f000 	C:\WINDOWS\System32\USER32.dll
0x00007ffdb0110000 - 0x00007ffdb0130000 	C:\WINDOWS\System32\win32u.dll
0x00007ffdb3730000 - 0x00007ffdb3758000 	C:\WINDOWS\System32\GDI32.dll
0x00007ffdb0920000 - 0x00007ffdb0ab3000 	C:\WINDOWS\System32\gdi32full.dll
0x00007ffdb0130000 - 0x00007ffdb01cb000 	C:\WINDOWS\System32\msvcp_win.dll
0x00007ffdafc60000 - 0x00007ffdafd56000 	C:\WINDOWS\System32\ucrtbase.dll
0x00007ffd9f5d0000 - 0x00007ffd9f839000 	C:\WINDOWS\WinSxS\amd64_microsoft.windows.common-controls_6595b64144ccf1df_6.0.16299.431_none_15c7d3ee93659e73\COMCTL32.dll
0x00007ffdb1920000 - 0x00007ffdb1c28000 	C:\WINDOWS\System32\combase.dll
0x00007ffdaff80000 - 0x00007ffdafff2000 	C:\WINDOWS\System32\bcryptPrimitives.dll
0x00007ffdb1160000 - 0x00007ffdb118d000 	C:\WINDOWS\System32\IMM32.DLL
0x00000000528b0000 - 0x0000000052982000 	C:\Program Files\Java\jre1.8.0_111\bin\msvcr100.dll
0x0000000052b50000 - 0x00000000533ea000 	C:\Program Files\Java\jre1.8.0_111\bin\server\jvm.dll
0x00007ffdb30e0000 - 0x00007ffdb30e8000 	C:\WINDOWS\System32\PSAPI.DLL
0x00007ffdab9f0000 - 0x00007ffdab9f9000 	C:\WINDOWS\SYSTEM32\WSOCK32.dll
0x00007ffdb3070000 - 0x00007ffdb30dc000 	C:\WINDOWS\System32\WS2_32.dll
0x00007ffdadf40000 - 0x00007ffdadf63000 	C:\WINDOWS\SYSTEM32\WINMM.dll
0x00007ffda15e0000 - 0x00007ffda15ea000 	C:\WINDOWS\SYSTEM32\VERSION.dll
0x00007ffdadee0000 - 0x00007ffdadf0a000 	C:\WINDOWS\SYSTEM32\WINMMBASE.dll
0x00007ffdafd60000 - 0x00007ffdafdaa000 	C:\WINDOWS\System32\cfgmgr32.dll
0x0000000052a60000 - 0x0000000052a6f000 	C:\Program Files\Java\jre1.8.0_111\bin\verify.dll
0x0000000052a30000 - 0x0000000052a59000 	C:\Program Files\Java\jre1.8.0_111\bin\java.dll
0x0000000052a10000 - 0x0000000052a26000 	C:\Program Files\Java\jre1.8.0_111\bin\zip.dll
0x00007ffdb1c30000 - 0x00007ffdb3068000 	C:\WINDOWS\System32\SHELL32.dll
0x00007ffdb1190000 - 0x00007ffdb1236000 	C:\WINDOWS\System32\shcore.dll
0x00007ffdb01d0000 - 0x00007ffdb0917000 	C:\WINDOWS\System32\windows.storage.dll
0x00007ffdb0fa0000 - 0x00007ffdb0ff1000 	C:\WINDOWS\System32\shlwapi.dll
0x00007ffdafc20000 - 0x00007ffdafc31000 	C:\WINDOWS\System32\kernel.appcore.dll
0x00007ffdafbb0000 - 0x00007ffdafbfc000 	C:\WINDOWS\System32\powrprof.dll
0x00007ffdafc40000 - 0x00007ffdafc5b000 	C:\WINDOWS\System32\profapi.dll
0x0000000052710000 - 0x00000000528a8000 	C:\Program Files\Java\jre1.8.0_111\bin\awt.dll
0x00007ffdb3760000 - 0x00007ffdb3825000 	C:\WINDOWS\System32\OLEAUT32.dll
0x00007ffdae060000 - 0x00007ffdae0e8000 	C:\WINDOWS\SYSTEM32\apphelp.dll
0x00007ffdae450000 - 0x00007ffdae47a000 	C:\WINDOWS\system32\DWMAPI.DLL
0x00007ffdae1e0000 - 0x00007ffdae275000 	C:\WINDOWS\system32\uxtheme.dll
0x00007ffdb17b0000 - 0x00007ffdb1917000 	C:\WINDOWS\System32\MSCTF.dll
0x00007ffd99800000 - 0x00007ffd9987f000 	C:\Program Files (x86)\TeamViewer\tv_x64.dll
0x00007ffdb3200000 - 0x00007ffdb3349000 	C:\WINDOWS\System32\ole32.dll
0x00000000526c0000 - 0x0000000052707000 	C:\Program Files\Java\jre1.8.0_111\bin\fontmanager.dll
0x00007ffd9afc0000 - 0x00007ffd9b055000 	C:\WINDOWS\system32\RICHED20.DLL
0x00007ffd87ea0000 - 0x00007ffd87eb9000 	C:\WINDOWS\SYSTEM32\USP10.dll
0x00007ffd9e240000 - 0x00007ffd9e278000 	C:\WINDOWS\SYSTEM32\msls31.dll
0x00007ffdb10b0000 - 0x00007ffdb114e000 	C:\WINDOWS\System32\clbcatq.dll
0x00007ffdaf6b0000 - 0x00007ffdaf6d5000 	C:\WINDOWS\system32\bcrypt.dll
0x00000000529f0000 - 0x0000000052a0a000 	C:\Program Files\Java\jre1.8.0_111\bin\net.dll
0x00007ffdaf3e0000 - 0x00007ffdaf446000 	C:\WINDOWS\system32\mswsock.dll
0x00007ffdaf1b0000 - 0x00007ffdaf266000 	C:\WINDOWS\SYSTEM32\DNSAPI.dll
0x00007ffdb3350000 - 0x00007ffdb3358000 	C:\WINDOWS\System32\NSI.dll
0x00007ffdaf170000 - 0x00007ffdaf1a9000 	C:\WINDOWS\SYSTEM32\IPHLPAPI.DLL
0x00007ffda4840000 - 0x00007ffda484a000 	C:\Windows\System32\rasadhlp.dll
0x00007ffdaf5a0000 - 0x00007ffdaf5b7000 	C:\WINDOWS\SYSTEM32\CRYPTSP.dll
0x00007ffdaefe0000 - 0x00007ffdaf013000 	C:\WINDOWS\system32\rsaenh.dll
0x00007ffdafab0000 - 0x00007ffdafad9000 	C:\WINDOWS\SYSTEM32\USERENV.dll
0x00007ffdaf5c0000 - 0x00007ffdaf5cb000 	C:\WINDOWS\SYSTEM32\CRYPTBASE.dll
0x00007ffdaa480000 - 0x00007ffdaa496000 	C:\WINDOWS\SYSTEM32\dhcpcsvc6.DLL
0x00007ffdaa4e0000 - 0x00007ffdaa4fa000 	C:\WINDOWS\SYSTEM32\dhcpcsvc.DLL
0x00007ffda7050000 - 0x00007ffda70c0000 	C:\WINDOWS\System32\fwpuclnt.dll
0x00000000529d0000 - 0x00000000529e1000 	C:\Program Files\Java\jre1.8.0_111\bin\nio.dll
0x00007ffda4f20000 - 0x00007ffda4fb8000 	C:\WINDOWS\System32\TextInputFramework.dll
0x00007ffdaa720000 - 0x00007ffdaaa0e000 	C:\WINDOWS\System32\CoreUIComponents.dll
0x00007ffdad0d0000 - 0x00007ffdad1ac000 	C:\WINDOWS\System32\CoreMessaging.dll
0x00007ffdaece0000 - 0x00007ffdaed11000 	C:\WINDOWS\SYSTEM32\ntmarta.dll
0x00007ffdac050000 - 0x00007ffdac186000 	C:\WINDOWS\SYSTEM32\wintypes.dll
0x00007ffda09b0000 - 0x00007ffda0b78000 	C:\WINDOWS\SYSTEM32\dbghelp.dll

VM Arguments:
jvm_args: -Dfile.encoding=Cp1252 
java_command: totalcross.Launcher /r 544353541A8E8B2A28D5B8E0 com.app.app
java_class_path (initial): C:\Program Files\Java\jre1.8.0_111\lib\resources.jar;C:\Program Files\Java\jre1.8.0_111\lib\rt.jar;C:\Program Files\Java\jre1.8.0_111\lib\jsse.jar;C:\Program Files\Java\jre1.8.0_111\lib\jce.jar;C:\Program Files\Java\jre1.8.0_111\lib\charsets.jar;C:\Program Files\Java\jre1.8.0_111\lib\jfr.jar;C:\Program Files\Java\jre1.8.0_111\lib\ext\access-bridge-64.jar;C:\Program Files\Java\jre1.8.0_111\lib\ext\cldrdata.jar;C:\Program Files\Java\jre1.8.0_111\lib\ext\dnsns.jar;C:\Program Files\Java\jre1.8.0_111\lib\ext\jaccess.jar;C:\Program Files\Java\jre1.8.0_111\lib\ext\jfxrt.jar;C:\Program Files\Java\jre1.8.0_111\lib\ext\localedata.jar;C:\Program Files\Java\jre1.8.0_111\lib\ext\nashorn.jar;C:\Program Files\Java\jre1.8.0_111\lib\ext\sunec.jar;C:\Program Files\Java\jre1.8.0_111\lib\ext\sunjce_provider.jar;C:\Program Files\Java\jre1.8.0_111\lib\ext\sunmscapi.jar;C:\Program Files\Java\jre1.8.0_111\lib\ext\sunpkcs11.jar;C:\Program Files\Java\jre1.8.0_111\lib\ext\zipfs.jar;C:\Users\marci\eclipse-workspace\app\target\classes;C:\Users\marci\.m2\repository\com\totalcross\utils\tc-utilities\0.0.1-SNAPSHOT\tc-utilities-0.0.1-SNAPSHOT.jar;C:\Users\marci\.m2\repository\com\totalcross\utils\magical-utils\0.0.1-SNAPSHOT\magical-utils-0.0.1-SNAPSHOT.jar;C:\Users\marci\.m2\repository\com\totalcross\totalcross-sdk\4.1.0\totalcross-sdk-4.1.0.jar;C:\Users\marci\.m2\repository\org\vafer\jdeb\0.7\jdeb-0.7.jar;C:\Users\marci\.m2\repository\org\apache\maven\maven-plugin-api\2.0.5\maven-plugin-api-2.0.5.jar;C:\Users\marci\.m2\repository\org\apache\maven\maven-project\2.0.5\maven-project-2.0.5.jar;C:\Users\marci\.m2\repository\org\apache\maven\maven-settings\2.0.5\maven-settings-2.0.5.jar;C:\Users\marci\.m2\repository\org\apache\maven\maven-profile\2.0.5\maven-profile-2.0.5.jar;C:\Users\marci\.m2\repository\org\apache\maven\maven-model\2.0.5\maven-model-2.0.5.jar;C:\Users\marci\.m2\repository\org\apache\maven\maven-artifact-manager\2.0.5\maven-artifact-manager-2.0.5.jar;C:\U
Launcher Type: SUN_STANDARD

Environment Variables:
JAVA_HOME=C:\Program Files\Java\jdk1.8.0_111
PATH=C:/Program Files/Java/jre1.8.0_111/bin/server;C:/Program Files/Java/jre1.8.0_111/bin;C:/Program Files/Java/jre1.8.0_111/lib/amd64;C:\ProgramData\Oracle\Java\javapath;C:\Program Files (x86)\Intel\TXE Components\TCS\;C:\Program Files\Intel\TXE Components\TCS\;C:\WINDOWS\system32;C:\WINDOWS;C:\WINDOWS\System32\Wbem;C:\WINDOWS\System32\WindowsPowerShell\v1.0\;C:\Program Files\Intel\TXE Components\DAL\;C:\Program Files (x86)\Intel\TXE Components\DAL\;C:\Program Files\Intel\TXE Components\IPT\;C:\Program Files (x86)\Intel\TXE Components\IPT\;C:\Program Files\Java\jdk1.8.0_111\bin;C:\TotalCross3\dist\vm\win32;C:\Users\marci\AppData\Local\Microsoft\WindowsApps;c:\TotalCross3\dist\vm\win32;C:\Program Files\Java\jdk1.8.0_111\bin;;C:\Users\marci\Desktop;
USERNAME=marci
OS=Windows_NT
PROCESSOR_IDENTIFIER=Intel64 Family 6 Model 76 Stepping 4, GenuineIntel



---------------  S Y S T E M  ---------------

OS: Windows 10.0 , 64 bit Build 16299 (10.0.16299.431)

CPU:total 2 (2 cores per cpu, 1 threads per core) family 6 model 76 stepping 4, cmov, cx8, fxsr, mmx, sse, sse2, sse3, ssse3, sse4.1, sse4.2, popcnt, aes, clmul, erms, 3dnowpref, tsc, tscinvbit

Memory: 4k page, physical 1946148k(278388k free), swap 5015584k(965180k free)

vm_info: Java HotSpot(TM) 64-Bit Server VM (25.111-b14) for windows-amd64 JRE (1.8.0_111-b14), built on Sep 22 2016 19:24:05 by "java_re" with MS VC++ 10.0 (VS2010)

time: Fri Jun 01 22:03:42 2018
elapsed time: 138 seconds (0d 0h 2m 18s)

