#
# A fatal error has been detected by the Java Runtime Environment:
#
#  EXCEPTION_ACCESS_VIOLATION (0xc0000005) at pc=0x000000006be42be0, pid=4732, tid=0x00000000000019c4
#
# JRE version: Java(TM) SE Runtime Environment (8.0_111-b14) (build 1.8.0_111-b14)
# Java VM: Java HotSpot(TM) 64-Bit Server VM (25.111-b14 mixed mode windows-amd64 compressed oops)
# Problematic frame:
# C  0x000000006be42be0
#
# Failed to write core dump. Minidumps are not enabled by default on client versions of Windows
#
# If you would like to submit a bug report, please visit:
#   http://bugreport.java.com/bugreport/crash.jsp
# The crash happened outside the Java Virtual Machine in native code.
# See problematic frame for where to report the bug.
#

---------------  T H R E A D  ---------------

Current thread (0x0000000017233000):  JavaThread "Secondary finalizer" [_thread_in_native, id=6596, stack(0x000000001c6d0000,0x000000001c7d0000)]

siginfo: ExceptionCode=0xc0000005, ExceptionInformation=0x0000000000000008 0x000000006be42be0

Registers:
RAX=0x000000006be42be0, RBX=0x0000000018cb90e0, RCX=0x00000000172331f8, RDX=0x000000001c7cf108
RSP=0x000000001c7cf068, RBP=0x000000001c7cf0e8, RSI=0x0000000000000108, RDI=0x0000000000000717
R8 =0x0000000000000005, R9 =0x00000000e2cb2f10, R10=0x00000000045b848b, R11=0x0000000052dcb580
R12=0x0000000000000000, R13=0x0000000018cb90e0, R14=0x000000001c7cf108, R15=0x0000000017233000
RIP=0x000000006be42be0, EFLAGS=0x0000000000010206

Top of Stack: (sp=0x000000001c7cf068)
0x000000001c7cf068:   00000000045b84b7 000000001c7cf109
0x000000001c7cf078:   0000000052c5a598 000000001708ffc0
0x000000001c7cf088:   0000000017233000 000000001c7cf170
0x000000001c7cf098:   0000000000000000 00000000e2cb2f10
0x000000001c7cf0a8:   000000001c7cf098 0000000000000000
0x000000001c7cf0b8:   000000001c7cf108 0000000018cf4710
0x000000001c7cf0c8:   0000000000000000 0000000018cb90e0
0x000000001c7cf0d8:   0000000000000000 000000001c7cf108
0x000000001c7cf0e8:   000000001c7cf170 00000000045a835d
0x000000001c7cf0f8:   0000000000000000 00000000045b19d8
0x000000001c7cf108:   00000000e2cb2f10 00000000e2cb2f48
0x000000001c7cf118:   0000000000000000 0000000000000001
0x000000001c7cf128:   00000000e2cb2f10 000000001c7cf110
0x000000001c7cf138:   0000000018cb3ebe 000000001c7cf1a8
0x000000001c7cf148:   0000000018cf3f20 0000000000000000
0x000000001c7cf158:   0000000018cb3f58 000000001c7cf108 

Instructions: (pc=0x000000006be42be0)
0x000000006be42bc0:   
[error occurred during error reporting (printing registers, top of stack, instructions near pc), id 0xc0000005]

Register to memory mapping:

RAX=0x000000006be42be0 is an unknown value
RBX={method} {0x0000000018cb90e8} 'free_functions' '()V' in 'org/sqlite/core/NativeDB'
RCX=0x00000000172331f8 is an unknown value
RDX=0x000000001c7cf108 is pointing into the stack for thread: 0x0000000017233000
RSP=0x000000001c7cf068 is pointing into the stack for thread: 0x0000000017233000
RBP=0x000000001c7cf0e8 is pointing into the stack for thread: 0x0000000017233000
RSI=0x0000000000000108 is an unknown value
RDI=0x0000000000000717 is an unknown value
R8 =0x0000000000000005 is an unknown value
R9 =0x00000000e2cb2f10 is an oop
org.sqlite.core.NativeDB 
 - klass: 'org/sqlite/core/NativeDB'
R10=0x00000000045b848b is at code_begin+1227 in an Interpreter codelet
method entry point (kind = native_synchronized)  [0x00000000045b7fc0, 0x00000000045b8aa0]  2784 bytes
R11=0x0000000052dcb580 is an unknown value
R12=0x0000000000000000 is an unknown value
R13={method} {0x0000000018cb90e8} 'free_functions' '()V' in 'org/sqlite/core/NativeDB'
R14=0x000000001c7cf108 is pointing into the stack for thread: 0x0000000017233000
R15=0x0000000017233000 is a thread


Stack: [0x000000001c6d0000,0x000000001c7d0000],  sp=0x000000001c7cf068,  free space=1020k
Native frames: (J=compiled Java code, j=interpreted, Vv=VM code, C=native code)
C  0x000000006be42be0

Java frames: (J=compiled Java code, j=interpreted, Vv=VM code)
j  org.sqlite.core.NativeDB.free_functions()V+0
j  org.sqlite.core.DB.close()V+102
j  org.sqlite.core.CoreConnection.close()V+26
j  org.sqlite.core.CoreConnection.finalize()V+1
J 1523 C1 java.lang.ref.Finalizer.runFinalizer(Lsun/misc/JavaLangAccess;)V (62 bytes) @ 0x000000000487884c [0x00000000048782c0+0x58c]
J 1522 C1 java.lang.ref.Finalizer.access$100(Ljava/lang/ref/Finalizer;Lsun/misc/JavaLangAccess;)V (6 bytes) @ 0x00000000046c229c [0x00000000046c2240+0x5c]
j  java.lang.ref.Finalizer$3.run()V+58
j  java.lang.Thread.run()V+11
v  ~StubRoutines::call_stub

---------------  P R O C E S S  ---------------

Java Threads: ( => current thread )
=>0x0000000017233000 JavaThread "Secondary finalizer" [_thread_in_native, id=6596, stack(0x000000001c6d0000,0x000000001c7d0000)]
  0x0000000018e04800 JavaThread "TC Event Thread" daemon [_thread_blocked, id=6692, stack(0x000000001a900000,0x000000001aa00000)]
  0x00000000044a2800 JavaThread "DestroyJavaVM" [_thread_blocked, id=6716, stack(0x00000000042d0000,0x00000000043d0000)]
  0x0000000017765800 JavaThread "AWT-EventQueue-0" [_thread_blocked, id=4656, stack(0x0000000017e90000,0x0000000017f90000)]
  0x000000001774e800 JavaThread "AWT-Shutdown" [_thread_blocked, id=6484, stack(0x0000000017c80000,0x0000000017d80000)]
  0x000000001774d800 JavaThread "Java2D Disposer" daemon [_thread_blocked, id=4364, stack(0x0000000017ab0000,0x0000000017bb0000)]
  0x00000000155f1800 JavaThread "Service Thread" daemon [_thread_blocked, id=6836, stack(0x00000000168b0000,0x00000000169b0000)]
  0x00000000155d0000 JavaThread "C1 CompilerThread1" daemon [_thread_blocked, id=6676, stack(0x00000000167b0000,0x00000000168b0000)]
  0x000000001557e000 JavaThread "C2 CompilerThread0" daemon [_thread_blocked, id=6012, stack(0x00000000166b0000,0x00000000167b0000)]
  0x000000001557d000 JavaThread "Attach Listener" daemon [_thread_blocked, id=6588, stack(0x00000000165b0000,0x00000000166b0000)]
  0x0000000015579800 JavaThread "Signal Dispatcher" daemon [_thread_blocked, id=7072, stack(0x00000000164b0000,0x00000000165b0000)]
  0x0000000015568800 JavaThread "Finalizer" daemon [_thread_blocked, id=7036, stack(0x00000000161b0000,0x00000000162b0000)]
  0x0000000004590800 JavaThread "Reference Handler" daemon [_thread_blocked, id=5912, stack(0x00000000160b0000,0x00000000161b0000)]

Other Threads:
  0x0000000015545800 VMThread [stack: 0x0000000015fb0000,0x00000000160b0000] [id=1772]
  0x0000000015607000 WatcherThread [stack: 0x0000000016db0000,0x0000000016eb0000] [id=5464]

VM state:not at safepoint (normal execution)

VM Mutex/Monitor currently owned by a thread: None

Heap:
 PSYoungGen      total 22016K, used 2496K [0x00000000f6180000, 0x00000000f7e80000, 0x0000000100000000)
  eden space 15360K, 1% used [0x00000000f6180000,0x00000000f61b7bb0,0x00000000f7080000)
  from space 6656K, 34% used [0x00000000f7800000,0x00000000f7a38718,0x00000000f7e80000)
  to   space 7168K, 0% used [0x00000000f7080000,0x00000000f7080000,0x00000000f7780000)
 ParOldGen       total 20480K, used 12218K [0x00000000e2400000, 0x00000000e3800000, 0x00000000f6180000)
  object space 20480K, 59% used [0x00000000e2400000,0x00000000e2fee918,0x00000000e3800000)
 Metaspace       used 13087K, capacity 13308K, committed 13696K, reserved 1060864K
  class space    used 1480K, capacity 1571K, committed 1664K, reserved 1048576K

Card table byte_map: [0x0000000013960000,0x0000000013a50000] byte_map_base: 0x000000001324e000

Marking Bits: (ParMarkBitMap*) 0x00000000533ba6c0
 Begin Bits: [0x0000000013c50000, 0x00000000143c0000)
 End Bits:   [0x00000000143c0000, 0x0000000014b30000)

Polling page: 0x00000000003f0000

CodeCache: size=245760Kb used=5340Kb max_used=5438Kb free=240419Kb
 bounds [0x00000000045a0000, 0x0000000004b10000, 0x00000000135a0000]
 total_blobs=1839 nmethods=1350 adapters=402
 compilation: enabled

Compilation events (10 events):
Event: 105.771 Thread 0x00000000155d0000 nmethod 1528 0x0000000004873050 code [0x00000000048731a0, 0x00000000048732d0]
Event: 105.771 Thread 0x00000000155d0000 1529       3       java.io.FileInputStream::finalize (22 bytes)
Event: 105.771 Thread 0x00000000155d0000 nmethod 1529 0x0000000004877c90 code [0x0000000004877e00, 0x0000000004878088]
Event: 105.772 Thread 0x00000000155d0000 1533       1       java.lang.ref.Finalizer::access$400 (5 bytes)
Event: 105.772 Thread 0x00000000155d0000 nmethod 1533 0x0000000004718650 code [0x00000000047187a0, 0x0000000004718890]
Event: 105.772 Thread 0x00000000155d0000 1530       3       java.io.FileInputStream$1::close (8 bytes)
Event: 105.772 Thread 0x00000000155d0000 nmethod 1530 0x000000000488f550 code [0x000000000488f6c0, 0x000000000488f8a8]
Event: 105.773 Thread 0x00000000155d0000 1531       3       java.io.FileInputStream::access$000 (5 bytes)
Event: 105.773 Thread 0x00000000155d0000 nmethod 1531 0x0000000004896410 code [0x0000000004896580, 0x00000000048966e8]
Event: 105.774 Thread 0x00000000155d0000 1534       3       java.lang.ref.Finalizer::access$200 (4 bytes)

GC Heap History (10 events):
Event: 2.099 GC heap before
{Heap before GC invocations=2 (full 0):
 PSYoungGen      total 9216K, used 9184K [0x00000000f6180000, 0x00000000f6b80000, 0x0000000100000000)
  eden space 8192K, 100% used [0x00000000f6180000,0x00000000f6980000,0x00000000f6980000)
  from space 1024K, 96% used [0x00000000f6980000,0x00000000f6a78020,0x00000000f6a80000)
  to   space 1024K, 0% used [0x00000000f6a80000,0x00000000f6a80000,0x00000000f6b80000)
 ParOldGen       total 20480K, used 990K [0x00000000e2400000, 0x00000000e3800000, 0x00000000f6180000)
  object space 20480K, 4% used [0x00000000e2400000,0x00000000e24f7ad0,0x00000000e3800000)
 Metaspace       used 9416K, capacity 9666K, committed 9856K, reserved 1058816K
  class space    used 1091K, capacity 1152K, committed 1152K, reserved 1048576K
Event: 2.117 GC heap after
Heap after GC invocations=2 (full 0):
 PSYoungGen      total 9216K, used 1024K [0x00000000f6180000, 0x00000000f7380000, 0x0000000100000000)
  eden space 8192K, 0% used [0x00000000f6180000,0x00000000f6180000,0x00000000f6980000)
  from space 1024K, 100% used [0x00000000f6a80000,0x00000000f6b80000,0x00000000f6b80000)
  to   space 1024K, 0% used [0x00000000f6980000,0x00000000f6980000,0x00000000f6a80000)
 ParOldGen       total 20480K, used 3920K [0x00000000e2400000, 0x00000000e3800000, 0x00000000f6180000)
  object space 20480K, 19% used [0x00000000e2400000,0x00000000e27d41c8,0x00000000e3800000)
 Metaspace       used 9416K, capacity 9666K, committed 9856K, reserved 1058816K
  class space    used 1091K, capacity 1152K, committed 1152K, reserved 1048576K
}
Event: 2.895 GC heap before
{Heap before GC invocations=3 (full 0):
 PSYoungGen      total 9216K, used 9216K [0x00000000f6180000, 0x00000000f7380000, 0x0000000100000000)
  eden space 8192K, 100% used [0x00000000f6180000,0x00000000f6980000,0x00000000f6980000)
  from space 1024K, 100% used [0x00000000f6a80000,0x00000000f6b80000,0x00000000f6b80000)
  to   space 1024K, 0% used [0x00000000f6980000,0x00000000f6980000,0x00000000f6a80000)
 ParOldGen       total 20480K, used 3920K [0x00000000e2400000, 0x00000000e3800000, 0x00000000f6180000)
  object space 20480K, 19% used [0x00000000e2400000,0x00000000e27d41c8,0x00000000e3800000)
 Metaspace       used 9683K, capacity 9890K, committed 10240K, reserved 1058816K
  class space    used 1116K, capacity 1184K, committed 1280K, reserved 1048576K
Event: 2.904 GC heap after
Heap after GC invocations=3 (full 0):
 PSYoungGen      total 9216K, used 1021K [0x00000000f6180000, 0x00000000f7380000, 0x0000000100000000)
  eden space 8192K, 0% used [0x00000000f6180000,0x00000000f6180000,0x00000000f6980000)
  from space 1024K, 99% used [0x00000000f6980000,0x00000000f6a7f7e8,0x00000000f6a80000)
  to   space 1024K, 0% used [0x00000000f7280000,0x00000000f7280000,0x00000000f7380000)
 ParOldGen       total 20480K, used 8268K [0x00000000e2400000, 0x00000000e3800000, 0x00000000f6180000)
  object space 20480K, 40% used [0x00000000e2400000,0x00000000e2c13210,0x00000000e3800000)
 Metaspace       used 9683K, capacity 9890K, committed 10240K, reserved 1058816K
  class space    used 1116K, capacity 1184K, committed 1280K, reserved 1048576K
}
Event: 4.640 GC heap before
{Heap before GC invocations=4 (full 0):
 PSYoungGen      total 9216K, used 9213K [0x00000000f6180000, 0x00000000f7380000, 0x0000000100000000)
  eden space 8192K, 100% used [0x00000000f6180000,0x00000000f6980000,0x00000000f6980000)
  from space 1024K, 99% used [0x00000000f6980000,0x00000000f6a7f7e8,0x00000000f6a80000)
  to   space 1024K, 0% used [0x00000000f7280000,0x00000000f7280000,0x00000000f7380000)
 ParOldGen       total 20480K, used 8268K [0x00000000e2400000, 0x00000000e3800000, 0x00000000f6180000)
  object space 20480K, 40% used [0x00000000e2400000,0x00000000e2c13210,0x00000000e3800000)
 Metaspace       used 9944K, capacity 10178K, committed 10496K, reserved 1058816K
  class space    used 1145K, capacity 1216K, committed 1280K, reserved 1048576K
Event: 4.649 GC heap after
Heap after GC invocations=4 (full 0):
 PSYoungGen      total 17408K, used 1016K [0x00000000f6180000, 0x00000000f7380000, 0x0000000100000000)
  eden space 16384K, 0% used [0x00000000f6180000,0x00000000f6180000,0x00000000f7180000)
  from space 1024K, 99% used [0x00000000f7280000,0x00000000f737e1d0,0x00000000f7380000)
  to   space 1024K, 0% used [0x00000000f7180000,0x00000000f7180000,0x00000000f7280000)
 ParOldGen       total 20480K, used 8431K [0x00000000e2400000, 0x00000000e3800000, 0x00000000f6180000)
  object space 20480K, 41% used [0x00000000e2400000,0x00000000e2c3bda8,0x00000000e3800000)
 Metaspace       used 9944K, capacity 10178K, committed 10496K, reserved 1058816K
  class space    used 1145K, capacity 1216K, committed 1280K, reserved 1048576K
}
Event: 15.018 GC heap before
{Heap before GC invocations=5 (full 0):
 PSYoungGen      total 17408K, used 17333K [0x00000000f6180000, 0x00000000f7380000, 0x0000000100000000)
  eden space 16384K, 99% used [0x00000000f6180000,0x00000000f716f3e8,0x00000000f7180000)
  from space 1024K, 99% used [0x00000000f7280000,0x00000000f737e1d0,0x00000000f7380000)
  to   space 1024K, 0% used [0x00000000f7180000,0x00000000f7180000,0x00000000f7280000)
 ParOldGen       total 20480K, used 8431K [0x00000000e2400000, 0x00000000e3800000, 0x00000000f6180000)
  object space 20480K, 41% used [0x00000000e2400000,0x00000000e2c3bda8,0x00000000e3800000)
 Metaspace       used 12521K, capacity 12756K, committed 13184K, reserved 1060864K
  class space    used 1460K, capacity 1539K, committed 1664K, reserved 1048576K
Event: 15.030 GC heap after
Heap after GC invocations=5 (full 0):
 PSYoungGen      total 16896K, used 1016K [0x00000000f6180000, 0x00000000f7f00000, 0x0000000100000000)
  eden space 15872K, 0% used [0x00000000f6180000,0x00000000f6180000,0x00000000f7100000)
  from space 1024K, 99% used [0x00000000f7180000,0x00000000f727e1d0,0x00000000f7280000)
  to   space 7168K, 0% used [0x00000000f7800000,0x00000000f7800000,0x00000000f7f00000)
 ParOldGen       total 20480K, used 12218K [0x00000000e2400000, 0x00000000e3800000, 0x00000000f6180000)
  object space 20480K, 59% used [0x00000000e2400000,0x00000000e2fee918,0x00000000e3800000)
 Metaspace       used 12521K, capacity 12756K, committed 13184K, reserved 1060864K
  class space    used 1460K, capacity 1539K, committed 1664K, reserved 1048576K
}
Event: 105.740 GC heap before
{Heap before GC invocations=6 (full 0):
 PSYoungGen      total 16896K, used 16888K [0x00000000f6180000, 0x00000000f7f00000, 0x0000000100000000)
  eden space 15872K, 100% used [0x00000000f6180000,0x00000000f7100000,0x00000000f7100000)
  from space 1024K, 99% used [0x00000000f7180000,0x00000000f727e1d0,0x00000000f7280000)
  to   space 7168K, 0% used [0x00000000f7800000,0x00000000f7800000,0x00000000f7f00000)
 ParOldGen       total 20480K, used 12218K [0x00000000e2400000, 0x00000000e3800000, 0x00000000f6180000)
  object space 20480K, 59% used [0x00000000e2400000,0x00000000e2fee918,0x00000000e3800000)
 Metaspace       used 13079K, capacity 13308K, committed 13696K, reserved 1060864K
  class space    used 1480K, capacity 1571K, committed 1664K, reserved 1048576K
Event: 105.749 GC heap after
Heap after GC invocations=6 (full 0):
 PSYoungGen      total 22016K, used 2273K [0x00000000f6180000, 0x00000000f7e80000, 0x0000000100000000)
  eden space 15360K, 0% used [0x00000000f6180000,0x00000000f6180000,0x00000000f7080000)
  from space 6656K, 34% used [0x00000000f7800000,0x00000000f7a38718,0x00000000f7e80000)
  to   space 7168K, 0% used [0x00000000f7080000,0x00000000f7080000,0x00000000f7780000)
 ParOldGen       total 20480K, used 12218K [0x00000000e2400000, 0x00000000e3800000, 0x00000000f6180000)
  object space 20480K, 59% used [0x00000000e2400000,0x00000000e2fee918,0x00000000e3800000)
 Metaspace       used 13079K, capacity 13308K, committed 13696K, reserved 1060864K
  class space    used 1480K, capacity 1571K, committed 1664K, reserved 1048576K
}

Deoptimization events (10 events):
Event: 14.465 Thread 0x0000000018e04800 Uncommon trap: reason=unstable_if action=reinterpret pc=0x00000000049dc270 method=totalcross.ui.gfx.Graphics.translateAndClip(IIII)Z @ 29
Event: 14.974 Thread 0x0000000017231800 Uncommon trap: reason=unstable_if action=reinterpret pc=0x00000000048c6848 method=totalcross.ui.image.Image$ImageLoader.setPixels(IIIILjava/awt/image/ColorModel;[III)V @ 34
Event: 14.974 Thread 0x0000000017231800 Uncommon trap: reason=unstable_if action=reinterpret pc=0x00000000048962a8 method=java.awt.image.DirectColorModel.getAlpha(I)I @ 4
Event: 14.974 Thread 0x0000000017231800 Uncommon trap: reason=unstable_if action=reinterpret pc=0x000000000488f7a8 method=java.awt.image.DirectColorModel.getAlpha(I)I @ 4
Event: 15.223 Thread 0x0000000018e04800 Uncommon trap: reason=unstable_if action=reinterpret pc=0x00000000049db700 method=totalcross.ui.gfx.Graphics.fillRect(IIII)V @ 9
Event: 15.229 Thread 0x0000000018e04800 Uncommon trap: reason=unstable_if action=reinterpret pc=0x00000000049a4ff0 method=totalcross.ui.gfx.Graphics.drawText(Ljava/lang/String;III)V @ 254
Event: 17.246 Thread 0x0000000018e04800 Uncommon trap: reason=unstable_if action=reinterpret pc=0x0000000004a3f6fc method=totalcross.ui.gfx.Graphics.drawText(Ljava/lang/String;III)V @ 211
Event: 17.246 Thread 0x0000000018e04800 Uncommon trap: reason=unstable_if action=reinterpret pc=0x000000000499493c method=totalcross.ui.gfx.Graphics.drawText(Ljava/lang/String;III)V @ 1109
Event: 105.496 Thread 0x0000000017765800 Uncommon trap: reason=unstable_if action=reinterpret pc=0x000000000497ae84 method=totalcross.TCEventThread.invokeInEventThread(ZLjava/lang/Runnable;)V @ 1
Event: 105.634 Thread 0x0000000018e04800 Uncommon trap: reason=unstable_if action=reinterpret pc=0x000000000485d15c method=totalcross.TCEventThread.privatePumpEvents()V @ 61

Internal exceptions (10 events):
Event: 68.510 Thread 0x0000000018e04800 Exception <a 'java/io/FileNotFoundException'> (0x00000000f6fb4c78) thrown at [C:\re\workspace\8-2-build-windows-amd64-cygwin\jdk8u111\7883\hotspot\src\share\vm\prims\jni.cpp, line 709]
Event: 68.510 Thread 0x0000000018e04800 Exception <a 'java/io/FileNotFoundException'> (0x00000000f6fb5980) thrown at [C:\re\workspace\8-2-build-windows-amd64-cygwin\jdk8u111\7883\hotspot\src\share\vm\prims\jni.cpp, line 709]
Event: 68.524 Thread 0x0000000018e04800 Exception <a 'java/io/FileNotFoundException'> (0x00000000f6fc7ae8) thrown at [C:\re\workspace\8-2-build-windows-amd64-cygwin\jdk8u111\7883\hotspot\src\share\vm\prims\jni.cpp, line 709]
Event: 68.524 Thread 0x0000000018e04800 Exception <a 'java/io/FileNotFoundException'> (0x00000000f6fc85d8) thrown at [C:\re\workspace\8-2-build-windows-amd64-cygwin\jdk8u111\7883\hotspot\src\share\vm\prims\jni.cpp, line 709]
Event: 68.524 Thread 0x0000000018e04800 Exception <a 'java/io/FileNotFoundException'> (0x00000000f6fc9328) thrown at [C:\re\workspace\8-2-build-windows-amd64-cygwin\jdk8u111\7883\hotspot\src\share\vm\prims\jni.cpp, line 709]
Event: 68.540 Thread 0x000000001782b000 Exception <a 'java/lang/InterruptedException': sleep interrupted> (0x00000000f6ee85c8) thrown at [C:\re\workspace\8-2-build-windows-amd64-cygwin\jdk8u111\7883\hotspot\src\share\vm\prims\jvm.cpp, line 3224]
Event: 105.500 Thread 0x0000000018e04800 Exception <a 'java/io/FileNotFoundException'> (0x00000000f6ff24a0) thrown at [C:\re\workspace\8-2-build-windows-amd64-cygwin\jdk8u111\7883\hotspot\src\share\vm\prims\jni.cpp, line 709]
Event: 105.500 Thread 0x0000000018e04800 Exception <a 'java/io/FileNotFoundException'> (0x00000000f6ff2f48) thrown at [C:\re\workspace\8-2-build-windows-amd64-cygwin\jdk8u111\7883\hotspot\src\share\vm\prims\jni.cpp, line 709]
Event: 105.501 Thread 0x0000000018e04800 Exception <a 'java/io/FileNotFoundException'> (0x00000000f6ff3d38) thrown at [C:\re\workspace\8-2-build-windows-amd64-cygwin\jdk8u111\7883\hotspot\src\share\vm\prims\jni.cpp, line 709]
Event: 105.634 Thread 0x000000001782b000 Exception <a 'java/lang/InterruptedException': sleep interrupted> (0x00000000f7073f48) thrown at [C:\re\workspace\8-2-build-windows-amd64-cygwin\jdk8u111\7883\hotspot\src\share\vm\prims\jvm.cpp, line 3224]

Events (10 events):
Event: 105.772 Thread 0x00000000155d0000 flushing nmethod 0x00000000048c5910
Event: 105.772 Thread 0x00000000155d0000 flushing nmethod 0x00000000048ca750
Event: 105.772 Thread 0x00000000155d0000 flushing nmethod 0x00000000048df910
Event: 105.773 Thread 0x00000000155d0000 flushing nmethod 0x0000000004926750
Event: 105.773 Thread 0x00000000155d0000 flushing nmethod 0x0000000004938290
Event: 105.773 Thread 0x00000000155d0000 flushing nmethod 0x0000000004938610
Event: 105.773 Executing VM operation: RevokeBias
Event: 105.773 Executing VM operation: RevokeBias done
Event: 105.773 Executing VM operation: RevokeBias
Event: 105.773 Executing VM operation: RevokeBias done


Dynamic libraries:
0x00007ff605660000 - 0x00007ff605697000 	C:\Program Files\Java\jre1.8.0_111\bin\javaw.exe
0x00007ffdb3860000 - 0x00007ffdb3a40000 	C:\WINDOWS\SYSTEM32\ntdll.dll
0x00007ffdb30f0000 - 0x00007ffdb319e000 	C:\WINDOWS\System32\KERNEL32.DLL
0x00007ffdb0ac0000 - 0x00007ffdb0d26000 	C:\WINDOWS\System32\KERNELBASE.dll
0x00007ffdb1000000 - 0x00007ffdb10a1000 	C:\WINDOWS\System32\ADVAPI32.dll
0x00007ffdb3560000 - 0x00007ffdb35fd000 	C:\WINDOWS\System32\msvcrt.dll
0x00007ffdb31a0000 - 0x00007ffdb31fb000 	C:\WINDOWS\System32\sechost.dll
0x00007ffdb1240000 - 0x00007ffdb135f000 	C:\WINDOWS\System32\RPCRT4.dll
0x00007ffdb0d90000 - 0x00007ffdb0f1f000 	C:\WINDOWS\System32\USER32.dll
0x00007ffdb0110000 - 0x00007ffdb0130000 	C:\WINDOWS\System32\win32u.dll
0x00007ffdb3730000 - 0x00007ffdb3758000 	C:\WINDOWS\System32\GDI32.dll
0x00007ffdb0920000 - 0x00007ffdb0ab3000 	C:\WINDOWS\System32\gdi32full.dll
0x00007ffdb0130000 - 0x00007ffdb01cb000 	C:\WINDOWS\System32\msvcp_win.dll
0x00007ffdafc60000 - 0x00007ffdafd56000 	C:\WINDOWS\System32\ucrtbase.dll
0x00007ffd9aec0000 - 0x00007ffd9b129000 	C:\WINDOWS\WinSxS\amd64_microsoft.windows.common-controls_6595b64144ccf1df_6.0.16299.431_none_15c7d3ee93659e73\COMCTL32.dll
0x00007ffdb1920000 - 0x00007ffdb1c28000 	C:\WINDOWS\System32\combase.dll
0x00007ffdaff80000 - 0x00007ffdafff2000 	C:\WINDOWS\System32\bcryptPrimitives.dll
0x00007ffdb1160000 - 0x00007ffdb118d000 	C:\WINDOWS\System32\IMM32.DLL
0x00000000539c0000 - 0x0000000053a92000 	C:\Program Files\Java\jre1.8.0_111\bin\msvcr100.dll
0x0000000052ba0000 - 0x000000005343a000 	C:\Program Files\Java\jre1.8.0_111\bin\server\jvm.dll
0x00007ffdb30e0000 - 0x00007ffdb30e8000 	C:\WINDOWS\System32\PSAPI.DLL
0x00007ffd99930000 - 0x00007ffd99939000 	C:\WINDOWS\SYSTEM32\WSOCK32.dll
0x00007ffdb3070000 - 0x00007ffdb30dc000 	C:\WINDOWS\System32\WS2_32.dll
0x00007ffdadf40000 - 0x00007ffdadf63000 	C:\WINDOWS\SYSTEM32\WINMM.dll
0x00007ffda15e0000 - 0x00007ffda15ea000 	C:\WINDOWS\SYSTEM32\VERSION.dll
0x00007ffdadee0000 - 0x00007ffdadf0a000 	C:\WINDOWS\SYSTEM32\WINMMBASE.dll
0x00007ffdafd60000 - 0x00007ffdafdaa000 	C:\WINDOWS\System32\cfgmgr32.dll
0x0000000052ab0000 - 0x0000000052abf000 	C:\Program Files\Java\jre1.8.0_111\bin\verify.dll
0x0000000052a80000 - 0x0000000052aa9000 	C:\Program Files\Java\jre1.8.0_111\bin\java.dll
0x0000000052a60000 - 0x0000000052a76000 	C:\Program Files\Java\jre1.8.0_111\bin\zip.dll
0x00007ffdb1c30000 - 0x00007ffdb3068000 	C:\WINDOWS\System32\SHELL32.dll
0x00007ffdb1190000 - 0x00007ffdb1236000 	C:\WINDOWS\System32\shcore.dll
0x00007ffdb01d0000 - 0x00007ffdb0917000 	C:\WINDOWS\System32\windows.storage.dll
0x00007ffdb0fa0000 - 0x00007ffdb0ff1000 	C:\WINDOWS\System32\shlwapi.dll
0x00007ffdafc20000 - 0x00007ffdafc31000 	C:\WINDOWS\System32\kernel.appcore.dll
0x00007ffdafbb0000 - 0x00007ffdafbfc000 	C:\WINDOWS\System32\powrprof.dll
0x00007ffdafc40000 - 0x00007ffdafc5b000 	C:\WINDOWS\System32\profapi.dll
0x0000000053820000 - 0x00000000539b8000 	C:\Program Files\Java\jre1.8.0_111\bin\awt.dll
0x00007ffdb3760000 - 0x00007ffdb3825000 	C:\WINDOWS\System32\OLEAUT32.dll
0x00007ffdae060000 - 0x00007ffdae0e8000 	C:\WINDOWS\SYSTEM32\apphelp.dll
0x00007ffdae450000 - 0x00007ffdae47a000 	C:\WINDOWS\system32\DWMAPI.DLL
0x00007ffdae1e0000 - 0x00007ffdae275000 	C:\WINDOWS\system32\uxtheme.dll
0x00007ffdb17b0000 - 0x00007ffdb1917000 	C:\WINDOWS\System32\MSCTF.dll
0x00007ffdb3200000 - 0x00007ffdb3349000 	C:\WINDOWS\System32\ole32.dll
0x00000000537d0000 - 0x0000000053817000 	C:\Program Files\Java\jre1.8.0_111\bin\fontmanager.dll
0x00007ffda37b0000 - 0x00007ffda3845000 	C:\WINDOWS\system32\RICHED20.DLL
0x00007ffd9e620000 - 0x00007ffd9e639000 	C:\WINDOWS\SYSTEM32\USP10.dll
0x00007ffda3770000 - 0x00007ffda37a8000 	C:\WINDOWS\SYSTEM32\msls31.dll
0x00007ffdb10b0000 - 0x00007ffdb114e000 	C:\WINDOWS\System32\clbcatq.dll
0x00007ffdaf6b0000 - 0x00007ffdaf6d5000 	C:\WINDOWS\system32\bcrypt.dll
0x00007ffda4f20000 - 0x00007ffda4fb8000 	C:\WINDOWS\System32\TextInputFramework.dll
0x00007ffdaa720000 - 0x00007ffdaaa0e000 	C:\WINDOWS\System32\CoreUIComponents.dll
0x00007ffdad0d0000 - 0x00007ffdad1ac000 	C:\WINDOWS\System32\CoreMessaging.dll
0x00007ffdaece0000 - 0x00007ffdaed11000 	C:\WINDOWS\SYSTEM32\ntmarta.dll
0x00007ffdac050000 - 0x00007ffdac186000 	C:\WINDOWS\SYSTEM32\wintypes.dll
0x0000000052a40000 - 0x0000000052a5a000 	C:\Program Files\Java\jre1.8.0_111\bin\net.dll
0x00007ffdaf3e0000 - 0x00007ffdaf446000 	C:\WINDOWS\system32\mswsock.dll
0x00007ffdaf1b0000 - 0x00007ffdaf266000 	C:\WINDOWS\SYSTEM32\DNSAPI.dll
0x00007ffdb3350000 - 0x00007ffdb3358000 	C:\WINDOWS\System32\NSI.dll
0x00007ffdaf170000 - 0x00007ffdaf1a9000 	C:\WINDOWS\SYSTEM32\IPHLPAPI.DLL
0x00007ffda4840000 - 0x00007ffda484a000 	C:\Windows\System32\rasadhlp.dll
0x00007ffda7050000 - 0x00007ffda70c0000 	C:\WINDOWS\System32\fwpuclnt.dll
0x00007ffdaf5a0000 - 0x00007ffdaf5b7000 	C:\WINDOWS\SYSTEM32\CRYPTSP.dll
0x00007ffdaefe0000 - 0x00007ffdaf013000 	C:\WINDOWS\system32\rsaenh.dll
0x00007ffdafab0000 - 0x00007ffdafad9000 	C:\WINDOWS\SYSTEM32\USERENV.dll
0x00007ffdaf5c0000 - 0x00007ffdaf5cb000 	C:\WINDOWS\SYSTEM32\CRYPTBASE.dll
0x00007ffdaa480000 - 0x00007ffdaa496000 	C:\WINDOWS\SYSTEM32\dhcpcsvc6.DLL
0x00007ffdaa4e0000 - 0x00007ffdaa4fa000 	C:\WINDOWS\SYSTEM32\dhcpcsvc.DLL
0x0000000052a20000 - 0x0000000052a31000 	C:\Program Files\Java\jre1.8.0_111\bin\nio.dll
0x0000000053790000 - 0x00000000537c1000 	C:\Program Files\Java\jre1.8.0_111\bin\jpeg.dll
0x00007ffda09b0000 - 0x00007ffda0b78000 	C:\WINDOWS\SYSTEM32\dbghelp.dll

VM Arguments:
jvm_args: -Dfile.encoding=Cp1252 
java_command: totalcross.Launcher /r 544353541A8E8B2A28D5B8E0 com.app.app
java_class_path (initial): C:\Program Files\Java\jre1.8.0_111\lib\resources.jar;C:\Program Files\Java\jre1.8.0_111\lib\rt.jar;C:\Program Files\Java\jre1.8.0_111\lib\jsse.jar;C:\Program Files\Java\jre1.8.0_111\lib\jce.jar;C:\Program Files\Java\jre1.8.0_111\lib\charsets.jar;C:\Program Files\Java\jre1.8.0_111\lib\jfr.jar;C:\Program Files\Java\jre1.8.0_111\lib\ext\access-bridge-64.jar;C:\Program Files\Java\jre1.8.0_111\lib\ext\cldrdata.jar;C:\Program Files\Java\jre1.8.0_111\lib\ext\dnsns.jar;C:\Program Files\Java\jre1.8.0_111\lib\ext\jaccess.jar;C:\Program Files\Java\jre1.8.0_111\lib\ext\jfxrt.jar;C:\Program Files\Java\jre1.8.0_111\lib\ext\localedata.jar;C:\Program Files\Java\jre1.8.0_111\lib\ext\nashorn.jar;C:\Program Files\Java\jre1.8.0_111\lib\ext\sunec.jar;C:\Program Files\Java\jre1.8.0_111\lib\ext\sunjce_provider.jar;C:\Program Files\Java\jre1.8.0_111\lib\ext\sunmscapi.jar;C:\Program Files\Java\jre1.8.0_111\lib\ext\sunpkcs11.jar;C:\Program Files\Java\jre1.8.0_111\lib\ext\zipfs.jar;C:\Users\marci\eclipse-workspace\app\target\classes;C:\Users\marci\.m2\repository\com\totalcross\utils\tc-utilities\0.0.1-SNAPSHOT\tc-utilities-0.0.1-SNAPSHOT.jar;C:\Users\marci\.m2\repository\com\totalcross\utils\magical-utils\0.0.1-SNAPSHOT\magical-utils-0.0.1-SNAPSHOT.jar;C:\Users\marci\.m2\repository\com\totalcross\totalcross-sdk\4.1.0\totalcross-sdk-4.1.0.jar;C:\Users\marci\.m2\repository\org\vafer\jdeb\0.7\jdeb-0.7.jar;C:\Users\marci\.m2\repository\org\apache\maven\maven-plugin-api\2.0.5\maven-plugin-api-2.0.5.jar;C:\Users\marci\.m2\repository\org\apache\maven\maven-project\2.0.5\maven-project-2.0.5.jar;C:\Users\marci\.m2\repository\org\apache\maven\maven-settings\2.0.5\maven-settings-2.0.5.jar;C:\Users\marci\.m2\repository\org\apache\maven\maven-profile\2.0.5\maven-profile-2.0.5.jar;C:\Users\marci\.m2\repository\org\apache\maven\maven-model\2.0.5\maven-model-2.0.5.jar;C:\Users\marci\.m2\repository\org\apache\maven\maven-artifact-manager\2.0.5\maven-artifact-manager-2.0.5.jar;C:\U
Launcher Type: SUN_STANDARD

Environment Variables:
JAVA_HOME=C:\Program Files\Java\jdk1.8.0_111
PATH=C:/Program Files/Java/jre1.8.0_111/bin/server;C:/Program Files/Java/jre1.8.0_111/bin;C:/Program Files/Java/jre1.8.0_111/lib/amd64;C:\ProgramData\Oracle\Java\javapath;C:\Program Files (x86)\Intel\TXE Components\TCS\;C:\Program Files\Intel\TXE Components\TCS\;C:\WINDOWS\system32;C:\WINDOWS;C:\WINDOWS\System32\Wbem;C:\WINDOWS\System32\WindowsPowerShell\v1.0\;C:\Program Files\Intel\TXE Components\DAL\;C:\Program Files (x86)\Intel\TXE Components\DAL\;C:\Program Files\Intel\TXE Components\IPT\;C:\Program Files (x86)\Intel\TXE Components\IPT\;C:\Program Files\Java\jdk1.8.0_111\bin;C:\TotalCross3\dist\vm\win32;C:\Users\marci\AppData\Local\Microsoft\WindowsApps;c:\TotalCross3\dist\vm\win32;C:\Program Files\Java\jdk1.8.0_111\bin;;C:\Users\marci\Desktop;
USERNAME=marci
OS=Windows_NT
PROCESSOR_IDENTIFIER=Intel64 Family 6 Model 76 Stepping 4, GenuineIntel



---------------  S Y S T E M  ---------------

OS: Windows 10.0 , 64 bit Build 16299 (10.0.16299.431)

CPU:total 2 (2 cores per cpu, 1 threads per core) family 6 model 76 stepping 4, cmov, cx8, fxsr, mmx, sse, sse2, sse3, ssse3, sse4.1, sse4.2, popcnt, aes, clmul, erms, 3dnowpref, tsc, tscinvbit

Memory: 4k page, physical 1946148k(232736k free), swap 3387940k(1009648k free)

vm_info: Java HotSpot(TM) 64-Bit Server VM (25.111-b14) for windows-amd64 JRE (1.8.0_111-b14), built on Sep 22 2016 19:24:05 by "java_re" with MS VC++ 10.0 (VS2010)

time: Fri Jun 01 02:06:33 2018
elapsed time: 105 seconds (0d 0h 1m 45s)

