#
# A fatal error has been detected by the Java Runtime Environment:
#
#  EXCEPTION_ACCESS_VIOLATION (0xc0000005) at pc=0x000000006be42be0, pid=6916, tid=0x00000000000007ec
#
# JRE version: Java(TM) SE Runtime Environment (8.0_111-b14) (build 1.8.0_111-b14)
# Java VM: Java HotSpot(TM) 64-Bit Server VM (25.111-b14 mixed mode windows-amd64 compressed oops)
# Problematic frame:
# C  0x000000006be42be0
#
# Failed to write core dump. Minidumps are not enabled by default on client versions of Windows
#
# If you would like to submit a bug report, please visit:
#   http://bugreport.java.com/bugreport/crash.jsp
# The crash happened outside the Java Virtual Machine in native code.
# See problematic frame for where to report the bug.
#

---------------  T H R E A D  ---------------

Current thread (0x000000001989a000):  JavaThread "Secondary finalizer" [_thread_in_native, id=2028, stack(0x000000001ba10000,0x000000001bb10000)]

siginfo: ExceptionCode=0xc0000005, ExceptionInformation=0x0000000000000008 0x000000006be42be0

Registers:
RAX=0x000000006be42be0, RBX=0x00000000192690e0, RCX=0x000000001989a1f8, RDX=0x000000001bb0f1e8
RSP=0x000000001bb0f148, RBP=0x000000001bb0f1c8, RSI=0x0000000000000108, RDI=0x0000000000000712
R8 =0x0000000000000005, R9 =0x00000000f711a260, R10=0x0000000004ba848b, R11=0x0000000052dcb580
R12=0x0000000000000000, R13=0x00000000192690e0, R14=0x000000001bb0f1e8, R15=0x000000001989a000
RIP=0x000000006be42be0, EFLAGS=0x0000000000010206

Top of Stack: (sp=0x000000001bb0f148)
0x000000001bb0f148:   0000000004ba84b7 000000001bb0f288
0x000000001bb0f158:   0000000004ba76e2 000000001bb0f160
0x000000001bb0f168:   000000001540ddf8 000000001bb0f250
0x000000001bb0f178:   0000000000000000 00000000f711a260
0x000000001bb0f188:   000000001bb0f178 0000000000000000
0x000000001bb0f198:   000000001bb0f1e8 00000000192a4710
0x000000001bb0f1a8:   0000000000000000 00000000192690e0
0x000000001bb0f1b8:   0000000000000000 000000001bb0f1e8
0x000000001bb0f1c8:   000000001bb0f250 0000000004b9835d
0x000000001bb0f1d8:   0000000000000000 0000000004ba19d8
0x000000001bb0f1e8:   00000000f711a260 00000000f711a298
0x000000001bb0f1f8:   0000000000000000 0000000000000009
0x000000001bb0f208:   00000000f711a260 000000001bb0f1f0
0x000000001bb0f218:   0000000019263ebe 000000001bb0f288
0x000000001bb0f228:   00000000192a3f20 0000000000000000
0x000000001bb0f238:   0000000019263f58 000000001bb0f1e8 

Instructions: (pc=0x000000006be42be0)
0x000000006be42bc0:   
[error occurred during error reporting (printing registers, top of stack, instructions near pc), id 0xc0000005]

Register to memory mapping:

RAX=0x000000006be42be0 is an unknown value
RBX={method} {0x00000000192690e8} 'free_functions' '()V' in 'org/sqlite/core/NativeDB'
RCX=0x000000001989a1f8 is an unknown value
RDX=0x000000001bb0f1e8 is pointing into the stack for thread: 0x000000001989a000
RSP=0x000000001bb0f148 is pointing into the stack for thread: 0x000000001989a000
RBP=0x000000001bb0f1c8 is pointing into the stack for thread: 0x000000001989a000
RSI=0x0000000000000108 is an unknown value
RDI=0x0000000000000712 is an unknown value
R8 =0x0000000000000005 is an unknown value
R9 =0x00000000f711a260 is an oop
org.sqlite.core.NativeDB 
 - klass: 'org/sqlite/core/NativeDB'
R10=0x0000000004ba848b is at code_begin+1227 in an Interpreter codelet
method entry point (kind = native_synchronized)  [0x0000000004ba7fc0, 0x0000000004ba8aa0]  2784 bytes
R11=0x0000000052dcb580 is an unknown value
R12=0x0000000000000000 is an unknown value
R13={method} {0x00000000192690e8} 'free_functions' '()V' in 'org/sqlite/core/NativeDB'
R14=0x000000001bb0f1e8 is pointing into the stack for thread: 0x000000001989a000
R15=0x000000001989a000 is a thread


Stack: [0x000000001ba10000,0x000000001bb10000],  sp=0x000000001bb0f148,  free space=1020k
Native frames: (J=compiled Java code, j=interpreted, Vv=VM code, C=native code)
C  0x000000006be42be0

Java frames: (J=compiled Java code, j=interpreted, Vv=VM code)
j  org.sqlite.core.NativeDB.free_functions()V+0
j  org.sqlite.core.DB.close()V+102
j  org.sqlite.core.CoreConnection.close()V+26
j  org.sqlite.core.CoreConnection.finalize()V+1
J 1175 C1 java.lang.ref.Finalizer.runFinalizer(Lsun/misc/JavaLangAccess;)V (62 bytes) @ 0x0000000004c9fe4c [0x0000000004c9f8c0+0x58c]
J 880 C1 java.lang.ref.Finalizer.access$100(Ljava/lang/ref/Finalizer;Lsun/misc/JavaLangAccess;)V (6 bytes) @ 0x0000000004f06b5c [0x0000000004f06b00+0x5c]
j  java.lang.ref.Finalizer$3.run()V+58
j  java.lang.Thread.run()V+11
v  ~StubRoutines::call_stub

---------------  P R O C E S S  ---------------

Java Threads: ( => current thread )
=>0x000000001989a000 JavaThread "Secondary finalizer" [_thread_in_native, id=2028, stack(0x000000001ba10000,0x000000001bb10000)]
  0x0000000017f2b800 JavaThread "TC Event Thread" daemon [_thread_blocked, id=3380, stack(0x000000001aef0000,0x000000001aff0000)]
  0x0000000004a92800 JavaThread "DestroyJavaVM" [_thread_blocked, id=7148, stack(0x0000000004890000,0x0000000004990000)]
  0x0000000017df9000 JavaThread "AWT-EventQueue-0" [_thread_blocked, id=4108, stack(0x0000000018490000,0x0000000018590000)]
  0x0000000017dd8000 JavaThread "AWT-Shutdown" [_thread_blocked, id=4892, stack(0x0000000018290000,0x0000000018390000)]
  0x0000000017dd5000 JavaThread "Java2D Disposer" daemon [_thread_blocked, id=3692, stack(0x00000000180b0000,0x00000000181b0000)]
  0x0000000015bd1800 JavaThread "Service Thread" daemon [_thread_blocked, id=5820, stack(0x0000000016eb0000,0x0000000016fb0000)]
  0x0000000015bca000 JavaThread "C1 CompilerThread1" daemon [_thread_blocked, id=5492, stack(0x0000000016db0000,0x0000000016eb0000)]
  0x0000000015b70000 JavaThread "C2 CompilerThread0" daemon [_thread_blocked, id=1252, stack(0x0000000016cb0000,0x0000000016db0000)]
  0x0000000015b6e800 JavaThread "Attach Listener" daemon [_thread_blocked, id=936, stack(0x0000000016bb0000,0x0000000016cb0000)]
  0x0000000015b69800 JavaThread "Signal Dispatcher" daemon [_thread_blocked, id=2536, stack(0x0000000016ab0000,0x0000000016bb0000)]
  0x0000000015b58800 JavaThread "Finalizer" daemon [_thread_blocked, id=3268, stack(0x00000000167b0000,0x00000000168b0000)]
  0x0000000004b80800 JavaThread "Reference Handler" daemon [_thread_blocked, id=1052, stack(0x00000000166b0000,0x00000000167b0000)]

Other Threads:
  0x0000000015b35800 VMThread [stack: 0x00000000165b0000,0x00000000166b0000] [id=580]
  0x0000000015bf1000 WatcherThread [stack: 0x00000000173b0000,0x00000000174b0000] [id=3724]

VM state:not at safepoint (normal execution)

VM Mutex/Monitor currently owned by a thread: None

Heap:
 PSYoungGen      total 14336K, used 11765K [0x00000000f6180000, 0x00000000f7580000, 0x0000000100000000)
  eden space 8192K, 95% used [0x00000000f6180000,0x00000000f6927e20,0x00000000f6980000)
  from space 6144K, 63% used [0x00000000f6f80000,0x00000000f7355748,0x00000000f7580000)
  to   space 6144K, 0% used [0x00000000f6980000,0x00000000f6980000,0x00000000f6f80000)
 ParOldGen       total 20480K, used 9700K [0x00000000e2400000, 0x00000000e3800000, 0x00000000f6180000)
  object space 20480K, 47% used [0x00000000e2400000,0x00000000e2d79348,0x00000000e3800000)
 Metaspace       used 12883K, capacity 13084K, committed 13440K, reserved 1060864K
  class space    used 1469K, capacity 1539K, committed 1664K, reserved 1048576K

Card table byte_map: [0x0000000013f50000,0x0000000014040000] byte_map_base: 0x000000001383e000

Marking Bits: (ParMarkBitMap*) 0x00000000533ba6c0
 Begin Bits: [0x0000000014240000, 0x00000000149b0000)
 End Bits:   [0x00000000149b0000, 0x0000000015120000)

Polling page: 0x00000000009d0000

CodeCache: size=245760Kb used=5012Kb max_used=5028Kb free=240747Kb
 bounds [0x0000000004b90000, 0x0000000005090000, 0x0000000013b90000]
 total_blobs=1710 nmethods=1221 adapters=402
 compilation: enabled

Compilation events (10 events):
Event: 341.067 Thread 0x0000000015b70000 nmethod 1360 0x0000000005076ed0 code [0x0000000005077020, 0x00000000050770a8]
Event: 341.314 Thread 0x0000000015bca000 1361       3       java.io.FileInputStream$1::close (8 bytes)
Event: 341.315 Thread 0x0000000015bca000 nmethod 1361 0x0000000005078210 code [0x0000000005078380, 0x0000000005078568]
Event: 341.317 Thread 0x0000000015bca000 1362       3       java.io.FileInputStream::access$000 (5 bytes)
Event: 341.317 Thread 0x0000000015bca000 nmethod 1362 0x0000000004c9b590 code [0x0000000004c9b700, 0x0000000004c9b868]
Event: 341.327 Thread 0x0000000015bca000 1363       3       java.io.FileInputStream::finalize (22 bytes)
Event: 341.328 Thread 0x0000000015bca000 nmethod 1363 0x0000000004c9b090 code [0x0000000004c9b200, 0x0000000004c9b488]
Event: 341.340 Thread 0x0000000015bca000 1364       1       java.lang.ref.Finalizer::access$400 (5 bytes)
Event: 341.342 Thread 0x0000000015bca000 nmethod 1364 0x0000000004cbb6d0 code [0x0000000004cbb820, 0x0000000004cbb910]
Event: 341.345 Thread 0x0000000015bca000 1365       3       java.util.ArrayDeque::poll (5 bytes)

GC Heap History (10 events):
Event: 3.353 GC heap before
{Heap before GC invocations=2 (full 0):
 PSYoungGen      total 9216K, used 9216K [0x00000000f6180000, 0x00000000f6b80000, 0x0000000100000000)
  eden space 8192K, 100% used [0x00000000f6180000,0x00000000f6980000,0x00000000f6980000)
  from space 1024K, 100% used [0x00000000f6980000,0x00000000f6a80000,0x00000000f6a80000)
  to   space 1024K, 0% used [0x00000000f6a80000,0x00000000f6a80000,0x00000000f6b80000)
 ParOldGen       total 20480K, used 945K [0x00000000e2400000, 0x00000000e3800000, 0x00000000f6180000)
  object space 20480K, 4% used [0x00000000e2400000,0x00000000e24ec498,0x00000000e3800000)
 Metaspace       used 9406K, capacity 9666K, committed 9856K, reserved 1058816K
  class space    used 1089K, capacity 1152K, committed 1152K, reserved 1048576K
Event: 3.368 GC heap after
Heap after GC invocations=2 (full 0):
 PSYoungGen      total 9216K, used 1024K [0x00000000f6180000, 0x00000000f6b80000, 0x0000000100000000)
  eden space 8192K, 0% used [0x00000000f6180000,0x00000000f6180000,0x00000000f6980000)
  from space 1024K, 100% used [0x00000000f6a80000,0x00000000f6b80000,0x00000000f6b80000)
  to   space 1024K, 0% used [0x00000000f6980000,0x00000000f6980000,0x00000000f6a80000)
 ParOldGen       total 20480K, used 4041K [0x00000000e2400000, 0x00000000e3800000, 0x00000000f6180000)
  object space 20480K, 19% used [0x00000000e2400000,0x00000000e27f25a0,0x00000000e3800000)
 Metaspace       used 9406K, capacity 9666K, committed 9856K, reserved 1058816K
  class space    used 1089K, capacity 1152K, committed 1152K, reserved 1048576K
}
Event: 4.351 GC heap before
{Heap before GC invocations=3 (full 0):
 PSYoungGen      total 9216K, used 9216K [0x00000000f6180000, 0x00000000f6b80000, 0x0000000100000000)
  eden space 8192K, 100% used [0x00000000f6180000,0x00000000f6980000,0x00000000f6980000)
  from space 1024K, 100% used [0x00000000f6a80000,0x00000000f6b80000,0x00000000f6b80000)
  to   space 1024K, 0% used [0x00000000f6980000,0x00000000f6980000,0x00000000f6a80000)
 ParOldGen       total 20480K, used 4041K [0x00000000e2400000, 0x00000000e3800000, 0x00000000f6180000)
  object space 20480K, 19% used [0x00000000e2400000,0x00000000e27f25a0,0x00000000e3800000)
 Metaspace       used 9675K, capacity 9890K, committed 10240K, reserved 1058816K
  class space    used 1114K, capacity 1184K, committed 1280K, reserved 1048576K
Event: 4.362 GC heap after
Heap after GC invocations=3 (full 0):
 PSYoungGen      total 9216K, used 1014K [0x00000000f6180000, 0x00000000f6b80000, 0x0000000100000000)
  eden space 8192K, 0% used [0x00000000f6180000,0x00000000f6180000,0x00000000f6980000)
  from space 1024K, 99% used [0x00000000f6980000,0x00000000f6a7d9a0,0x00000000f6a80000)
  to   space 1024K, 0% used [0x00000000f6a80000,0x00000000f6a80000,0x00000000f6b80000)
 ParOldGen       total 20480K, used 8298K [0x00000000e2400000, 0x00000000e3800000, 0x00000000f6180000)
  object space 20480K, 40% used [0x00000000e2400000,0x00000000e2c1aa18,0x00000000e3800000)
 Metaspace       used 9675K, capacity 9890K, committed 10240K, reserved 1058816K
  class space    used 1114K, capacity 1184K, committed 1280K, reserved 1048576K
}
Event: 6.192 GC heap before
{Heap before GC invocations=4 (full 0):
 PSYoungGen      total 9216K, used 9189K [0x00000000f6180000, 0x00000000f6b80000, 0x0000000100000000)
  eden space 8192K, 99% used [0x00000000f6180000,0x00000000f697bb00,0x00000000f6980000)
  from space 1024K, 99% used [0x00000000f6980000,0x00000000f6a7d9a0,0x00000000f6a80000)
  to   space 1024K, 0% used [0x00000000f6a80000,0x00000000f6a80000,0x00000000f6b80000)
 ParOldGen       total 20480K, used 8298K [0x00000000e2400000, 0x00000000e3800000, 0x00000000f6180000)
  object space 20480K, 40% used [0x00000000e2400000,0x00000000e2c1aa18,0x00000000e3800000)
 Metaspace       used 9936K, capacity 10178K, committed 10496K, reserved 1058816K
  class space    used 1142K, capacity 1216K, committed 1280K, reserved 1048576K
Event: 6.197 GC heap after
Heap after GC invocations=4 (full 0):
 PSYoungGen      total 9216K, used 1020K [0x00000000f6180000, 0x00000000f6b80000, 0x0000000100000000)
  eden space 8192K, 0% used [0x00000000f6180000,0x00000000f6180000,0x00000000f6980000)
  from space 1024K, 99% used [0x00000000f6a80000,0x00000000f6b7f060,0x00000000f6b80000)
  to   space 1024K, 0% used [0x00000000f6980000,0x00000000f6980000,0x00000000f6a80000)
 ParOldGen       total 20480K, used 8476K [0x00000000e2400000, 0x00000000e3800000, 0x00000000f6180000)
  object space 20480K, 41% used [0x00000000e2400000,0x00000000e2c47360,0x00000000e3800000)
 Metaspace       used 9936K, capacity 10178K, committed 10496K, reserved 1058816K
  class space    used 1142K, capacity 1216K, committed 1280K, reserved 1048576K
}
Event: 7.570 GC heap before
{Heap before GC invocations=5 (full 0):
 PSYoungGen      total 9216K, used 9212K [0x00000000f6180000, 0x00000000f6b80000, 0x0000000100000000)
  eden space 8192K, 100% used [0x00000000f6180000,0x00000000f6980000,0x00000000f6980000)
  from space 1024K, 99% used [0x00000000f6a80000,0x00000000f6b7f060,0x00000000f6b80000)
  to   space 1024K, 0% used [0x00000000f6980000,0x00000000f6980000,0x00000000f6a80000)
 ParOldGen       total 20480K, used 8476K [0x00000000e2400000, 0x00000000e3800000, 0x00000000f6180000)
  object space 20480K, 41% used [0x00000000e2400000,0x00000000e2c47360,0x00000000e3800000)
 Metaspace       used 11444K, capacity 11690K, committed 11904K, reserved 1060864K
  class space    used 1313K, capacity 1378K, committed 1408K, reserved 1048576K
Event: 7.578 GC heap after
Heap after GC invocations=5 (full 0):
 PSYoungGen      total 9216K, used 1017K [0x00000000f6180000, 0x00000000f7580000, 0x0000000100000000)
  eden space 8192K, 0% used [0x00000000f6180000,0x00000000f6180000,0x00000000f6980000)
  from space 1024K, 99% used [0x00000000f6980000,0x00000000f6a7e730,0x00000000f6a80000)
  to   space 6144K, 0% used [0x00000000f6f80000,0x00000000f6f80000,0x00000000f7580000)
 ParOldGen       total 20480K, used 9700K [0x00000000e2400000, 0x00000000e3800000, 0x00000000f6180000)
  object space 20480K, 47% used [0x00000000e2400000,0x00000000e2d79348,0x00000000e3800000)
 Metaspace       used 11444K, capacity 11690K, committed 11904K, reserved 1060864K
  class space    used 1313K, capacity 1378K, committed 1408K, reserved 1048576K
}
Event: 17.620 GC heap before
{Heap before GC invocations=6 (full 0):
 PSYoungGen      total 9216K, used 9209K [0x00000000f6180000, 0x00000000f7580000, 0x0000000100000000)
  eden space 8192K, 100% used [0x00000000f6180000,0x00000000f6980000,0x00000000f6980000)
  from space 1024K, 99% used [0x00000000f6980000,0x00000000f6a7e730,0x00000000f6a80000)
  to   space 6144K, 0% used [0x00000000f6f80000,0x00000000f6f80000,0x00000000f7580000)
 ParOldGen       total 20480K, used 9700K [0x00000000e2400000, 0x00000000e3800000, 0x00000000f6180000)
  object space 20480K, 47% used [0x00000000e2400000,0x00000000e2d79348,0x00000000e3800000)
 Metaspace       used 12598K, capacity 12820K, committed 13184K, reserved 1060864K
  class space    used 1461K, capacity 1539K, committed 1664K, reserved 1048576K
Event: 17.637 GC heap after
Heap after GC invocations=6 (full 0):
 PSYoungGen      total 14336K, used 3925K [0x00000000f6180000, 0x00000000f7580000, 0x0000000100000000)
  eden space 8192K, 0% used [0x00000000f6180000,0x00000000f6180000,0x00000000f6980000)
  from space 6144K, 63% used [0x00000000f6f80000,0x00000000f7355748,0x00000000f7580000)
  to   space 6144K, 0% used [0x00000000f6980000,0x00000000f6980000,0x00000000f6f80000)
 ParOldGen       total 20480K, used 9700K [0x00000000e2400000, 0x00000000e3800000, 0x00000000f6180000)
  object space 20480K, 47% used [0x00000000e2400000,0x00000000e2d79348,0x00000000e3800000)
 Metaspace       used 12598K, capacity 12820K, committed 13184K, reserved 1060864K
  class space    used 1461K, capacity 1539K, committed 1664K, reserved 1048576K
}

Deoptimization events (10 events):
Event: 17.514 Thread 0x000000001989d000 Uncommon trap: reason=unstable_if action=reinterpret pc=0x0000000004e740e8 method=java.awt.image.DirectColorModel.getAlpha(I)I @ 4
Event: 17.555 Thread 0x0000000019898000 Uncommon trap: reason=class_check action=maybe_recompile pc=0x0000000004cb429c method=java.io.BufferedInputStream.read1([BII)I @ 39
Event: 17.583 Thread 0x0000000019899800 Uncommon trap: reason=class_check action=maybe_recompile pc=0x0000000004cb429c method=java.io.BufferedInputStream.read1([BII)I @ 39
Event: 17.698 Thread 0x0000000017f2b800 Uncommon trap: reason=unstable_if action=reinterpret pc=0x0000000004fec7f4 method=totalcross.ui.gfx.Graphics.fillRect(IIII)V @ 9
Event: 17.703 Thread 0x0000000017f2b800 Uncommon trap: reason=unstable_if action=reinterpret pc=0x0000000004f7ea70 method=totalcross.ui.gfx.Graphics.drawText(Ljava/lang/String;III)V @ 254
Event: 19.171 Thread 0x0000000017f2b800 Uncommon trap: reason=unstable_if action=reinterpret pc=0x0000000005010d7c method=totalcross.ui.gfx.Graphics.drawText(Ljava/lang/String;III)V @ 211
Event: 19.171 Thread 0x0000000017f2b800 Uncommon trap: reason=unstable_if action=reinterpret pc=0x0000000004f6c5ec method=totalcross.ui.gfx.Graphics.drawText(Ljava/lang/String;III)V @ 1109
Event: 20.499 Thread 0x0000000017f2b800 Uncommon trap: reason=unstable_if action=reinterpret pc=0x0000000004ea3958 method=totalcross.ui.gfx.Graphics.drawText(Ljava/lang/String;III)V @ 1260
Event: 340.956 Thread 0x0000000017df9000 Uncommon trap: reason=unstable_if action=reinterpret pc=0x000000000507a984 method=totalcross.TCEventThread.invokeInEventThread(ZLjava/lang/Runnable;)V @ 1
Event: 340.957 Thread 0x0000000017f2b800 Uncommon trap: reason=class_check action=maybe_recompile pc=0x0000000005079e94 method=totalcross.TCEventThread.privatePumpEvents()V @ 52

Internal exceptions (10 events):
Event: 20.626 Thread 0x0000000017f2b800 Exception <a 'java/io/FileNotFoundException'> (0x00000000f65c3930) thrown at [C:\re\workspace\8-2-build-windows-amd64-cygwin\jdk8u111\7883\hotspot\src\share\vm\prims\jni.cpp, line 709]
Event: 20.642 Thread 0x000000001933c800 Exception <a 'java/lang/InterruptedException': sleep interrupted> (0x00000000f63b10a0) thrown at [C:\re\workspace\8-2-build-windows-amd64-cygwin\jdk8u111\7883\hotspot\src\share\vm\prims\jvm.cpp, line 3224]
Event: 20.644 Thread 0x000000001933c800 Exception <a 'java/lang/InterruptedException': sleep interrupted> (0x00000000f63b12f8) thrown at [C:\re\workspace\8-2-build-windows-amd64-cygwin\jdk8u111\7883\hotspot\src\share\vm\prims\jvm.cpp, line 3224]
Event: 31.783 Thread 0x000000001933c800 Exception <a 'java/lang/InterruptedException': sleep interrupted> (0x00000000f662dfe8) thrown at [C:\re\workspace\8-2-build-windows-amd64-cygwin\jdk8u111\7883\hotspot\src\share\vm\prims\jvm.cpp, line 3224]
Event: 31.793 Thread 0x000000001933c800 Exception <a 'java/lang/InterruptedException': sleep interrupted> (0x00000000f662e298) thrown at [C:\re\workspace\8-2-build-windows-amd64-cygwin\jdk8u111\7883\hotspot\src\share\vm\prims\jvm.cpp, line 3224]
Event: 31.803 Thread 0x000000001933c800 Exception <a 'java/lang/InterruptedException': sleep interrupted> (0x00000000f662e548) thrown at [C:\re\workspace\8-2-build-windows-amd64-cygwin\jdk8u111\7883\hotspot\src\share\vm\prims\jvm.cpp, line 3176]
Event: 340.960 Thread 0x0000000017f2b800 Exception <a 'java/io/FileNotFoundException'> (0x00000000f65d74e0) thrown at [C:\re\workspace\8-2-build-windows-amd64-cygwin\jdk8u111\7883\hotspot\src\share\vm\prims\jni.cpp, line 709]
Event: 340.960 Thread 0x0000000017f2b800 Exception <a 'java/io/FileNotFoundException'> (0x00000000f65d7f88) thrown at [C:\re\workspace\8-2-build-windows-amd64-cygwin\jdk8u111\7883\hotspot\src\share\vm\prims\jni.cpp, line 709]
Event: 340.960 Thread 0x0000000017f2b800 Exception <a 'java/io/FileNotFoundException'> (0x00000000f65d8d78) thrown at [C:\re\workspace\8-2-build-windows-amd64-cygwin\jdk8u111\7883\hotspot\src\share\vm\prims\jni.cpp, line 709]
Event: 341.101 Thread 0x000000001933c800 Exception <a 'java/lang/InterruptedException': sleep interrupted> (0x00000000f688c7d0) thrown at [C:\re\workspace\8-2-build-windows-amd64-cygwin\jdk8u111\7883\hotspot\src\share\vm\prims\jvm.cpp, line 3224]

Events (10 events):
Event: 341.334 Executing VM operation: RevokeBias done
Event: 341.334 Executing VM operation: BulkRevokeBias
Event: 341.335 Executing VM operation: BulkRevokeBias done
Event: 341.335 Executing VM operation: RevokeBias
Event: 341.335 Executing VM operation: RevokeBias done
Event: 341.342 Thread 0x0000000015bca000 flushing nmethod 0x0000000004d39610
Event: 341.343 Executing VM operation: RevokeBias
Event: 341.343 Executing VM operation: RevokeBias done
Event: 341.344 Executing VM operation: RevokeBias
Event: 341.345 Executing VM operation: RevokeBias done


Dynamic libraries:
0x00007ff605660000 - 0x00007ff605697000 	C:\Program Files\Java\jre1.8.0_111\bin\javaw.exe
0x00007ffdb3860000 - 0x00007ffdb3a40000 	C:\WINDOWS\SYSTEM32\ntdll.dll
0x00007ffdb30f0000 - 0x00007ffdb319e000 	C:\WINDOWS\System32\KERNEL32.DLL
0x00007ffdb0ac0000 - 0x00007ffdb0d26000 	C:\WINDOWS\System32\KERNELBASE.dll
0x00007ffdb1000000 - 0x00007ffdb10a1000 	C:\WINDOWS\System32\ADVAPI32.dll
0x00007ffdb3560000 - 0x00007ffdb35fd000 	C:\WINDOWS\System32\msvcrt.dll
0x00007ffdb31a0000 - 0x00007ffdb31fb000 	C:\WINDOWS\System32\sechost.dll
0x00007ffdb1240000 - 0x00007ffdb135f000 	C:\WINDOWS\System32\RPCRT4.dll
0x00007ffdb0d90000 - 0x00007ffdb0f1f000 	C:\WINDOWS\System32\USER32.dll
0x00007ffdb0110000 - 0x00007ffdb0130000 	C:\WINDOWS\System32\win32u.dll
0x00007ffdb3730000 - 0x00007ffdb3758000 	C:\WINDOWS\System32\GDI32.dll
0x00007ffdb0920000 - 0x00007ffdb0ab3000 	C:\WINDOWS\System32\gdi32full.dll
0x00007ffdb0130000 - 0x00007ffdb01cb000 	C:\WINDOWS\System32\msvcp_win.dll
0x00007ffdafc60000 - 0x00007ffdafd56000 	C:\WINDOWS\System32\ucrtbase.dll
0x00007ffd9aec0000 - 0x00007ffd9b129000 	C:\WINDOWS\WinSxS\amd64_microsoft.windows.common-controls_6595b64144ccf1df_6.0.16299.431_none_15c7d3ee93659e73\COMCTL32.dll
0x00007ffdb1920000 - 0x00007ffdb1c28000 	C:\WINDOWS\System32\combase.dll
0x00007ffdaff80000 - 0x00007ffdafff2000 	C:\WINDOWS\System32\bcryptPrimitives.dll
0x00007ffdb1160000 - 0x00007ffdb118d000 	C:\WINDOWS\System32\IMM32.DLL
0x00000000539c0000 - 0x0000000053a92000 	C:\Program Files\Java\jre1.8.0_111\bin\msvcr100.dll
0x0000000052ba0000 - 0x000000005343a000 	C:\Program Files\Java\jre1.8.0_111\bin\server\jvm.dll
0x00007ffdb30e0000 - 0x00007ffdb30e8000 	C:\WINDOWS\System32\PSAPI.DLL
0x00007ffd99930000 - 0x00007ffd99939000 	C:\WINDOWS\SYSTEM32\WSOCK32.dll
0x00007ffdb3070000 - 0x00007ffdb30dc000 	C:\WINDOWS\System32\WS2_32.dll
0x00007ffdadf40000 - 0x00007ffdadf63000 	C:\WINDOWS\SYSTEM32\WINMM.dll
0x00007ffda15e0000 - 0x00007ffda15ea000 	C:\WINDOWS\SYSTEM32\VERSION.dll
0x00007ffdadee0000 - 0x00007ffdadf0a000 	C:\WINDOWS\SYSTEM32\WINMMBASE.dll
0x00007ffdafd60000 - 0x00007ffdafdaa000 	C:\WINDOWS\System32\cfgmgr32.dll
0x0000000052ab0000 - 0x0000000052abf000 	C:\Program Files\Java\jre1.8.0_111\bin\verify.dll
0x0000000052a80000 - 0x0000000052aa9000 	C:\Program Files\Java\jre1.8.0_111\bin\java.dll
0x0000000052a60000 - 0x0000000052a76000 	C:\Program Files\Java\jre1.8.0_111\bin\zip.dll
0x00007ffdb1c30000 - 0x00007ffdb3068000 	C:\WINDOWS\System32\SHELL32.dll
0x00007ffdb1190000 - 0x00007ffdb1236000 	C:\WINDOWS\System32\shcore.dll
0x00007ffdb01d0000 - 0x00007ffdb0917000 	C:\WINDOWS\System32\windows.storage.dll
0x00007ffdb0fa0000 - 0x00007ffdb0ff1000 	C:\WINDOWS\System32\shlwapi.dll
0x00007ffdafc20000 - 0x00007ffdafc31000 	C:\WINDOWS\System32\kernel.appcore.dll
0x00007ffdafbb0000 - 0x00007ffdafbfc000 	C:\WINDOWS\System32\powrprof.dll
0x00007ffdafc40000 - 0x00007ffdafc5b000 	C:\WINDOWS\System32\profapi.dll
0x0000000053820000 - 0x00000000539b8000 	C:\Program Files\Java\jre1.8.0_111\bin\awt.dll
0x00007ffdb3760000 - 0x00007ffdb3825000 	C:\WINDOWS\System32\OLEAUT32.dll
0x00007ffdae060000 - 0x00007ffdae0e8000 	C:\WINDOWS\SYSTEM32\apphelp.dll
0x00007ffdae450000 - 0x00007ffdae47a000 	C:\WINDOWS\system32\DWMAPI.DLL
0x00007ffdae1e0000 - 0x00007ffdae275000 	C:\WINDOWS\system32\uxtheme.dll
0x00007ffdb17b0000 - 0x00007ffdb1917000 	C:\WINDOWS\System32\MSCTF.dll
0x00007ffdb3200000 - 0x00007ffdb3349000 	C:\WINDOWS\System32\ole32.dll
0x00000000537d0000 - 0x0000000053817000 	C:\Program Files\Java\jre1.8.0_111\bin\fontmanager.dll
0x00007ffda3840000 - 0x00007ffda38d5000 	C:\WINDOWS\system32\RICHED20.DLL
0x00007ffd9e620000 - 0x00007ffd9e639000 	C:\WINDOWS\SYSTEM32\USP10.dll
0x00007ffda3800000 - 0x00007ffda3838000 	C:\WINDOWS\SYSTEM32\msls31.dll
0x00007ffdb10b0000 - 0x00007ffdb114e000 	C:\WINDOWS\System32\clbcatq.dll
0x00007ffdaf6b0000 - 0x00007ffdaf6d5000 	C:\WINDOWS\system32\bcrypt.dll
0x00007ffda4f20000 - 0x00007ffda4fb8000 	C:\WINDOWS\System32\TextInputFramework.dll
0x00007ffdaa720000 - 0x00007ffdaaa0e000 	C:\WINDOWS\System32\CoreUIComponents.dll
0x00007ffdad0d0000 - 0x00007ffdad1ac000 	C:\WINDOWS\System32\CoreMessaging.dll
0x00007ffdaece0000 - 0x00007ffdaed11000 	C:\WINDOWS\SYSTEM32\ntmarta.dll
0x00007ffdac050000 - 0x00007ffdac186000 	C:\WINDOWS\SYSTEM32\wintypes.dll
0x00007ffdaf5a0000 - 0x00007ffdaf5b7000 	C:\WINDOWS\SYSTEM32\CRYPTSP.dll
0x00007ffdaefe0000 - 0x00007ffdaf013000 	C:\WINDOWS\system32\rsaenh.dll
0x00007ffdafab0000 - 0x00007ffdafad9000 	C:\WINDOWS\SYSTEM32\USERENV.dll
0x00007ffdaf5c0000 - 0x00007ffdaf5cb000 	C:\WINDOWS\SYSTEM32\CRYPTBASE.dll
0x0000000052a40000 - 0x0000000052a5a000 	C:\Program Files\Java\jre1.8.0_111\bin\net.dll
0x00007ffdaf3e0000 - 0x00007ffdaf446000 	C:\WINDOWS\system32\mswsock.dll
0x00007ffdaf1b0000 - 0x00007ffdaf266000 	C:\WINDOWS\SYSTEM32\DNSAPI.dll
0x00007ffdb3350000 - 0x00007ffdb3358000 	C:\WINDOWS\System32\NSI.dll
0x00007ffdaf170000 - 0x00007ffdaf1a9000 	C:\WINDOWS\SYSTEM32\IPHLPAPI.DLL
0x00007ffda4840000 - 0x00007ffda484a000 	C:\Windows\System32\rasadhlp.dll
0x00007ffda7050000 - 0x00007ffda70c0000 	C:\WINDOWS\System32\fwpuclnt.dll
0x00007ffdaa480000 - 0x00007ffdaa496000 	C:\WINDOWS\SYSTEM32\dhcpcsvc6.DLL
0x00007ffdaa4e0000 - 0x00007ffdaa4fa000 	C:\WINDOWS\SYSTEM32\dhcpcsvc.DLL
0x0000000052a20000 - 0x0000000052a31000 	C:\Program Files\Java\jre1.8.0_111\bin\nio.dll
0x0000000053790000 - 0x00000000537c1000 	C:\Program Files\Java\jre1.8.0_111\bin\jpeg.dll
0x00007ffda09b0000 - 0x00007ffda0b78000 	C:\WINDOWS\SYSTEM32\dbghelp.dll

VM Arguments:
jvm_args: -Dfile.encoding=Cp1252 
java_command: totalcross.Launcher /r 544353541A8E8B2A28D5B8E0 com.app.app
java_class_path (initial): C:\Program Files\Java\jre1.8.0_111\lib\resources.jar;C:\Program Files\Java\jre1.8.0_111\lib\rt.jar;C:\Program Files\Java\jre1.8.0_111\lib\jsse.jar;C:\Program Files\Java\jre1.8.0_111\lib\jce.jar;C:\Program Files\Java\jre1.8.0_111\lib\charsets.jar;C:\Program Files\Java\jre1.8.0_111\lib\jfr.jar;C:\Program Files\Java\jre1.8.0_111\lib\ext\access-bridge-64.jar;C:\Program Files\Java\jre1.8.0_111\lib\ext\cldrdata.jar;C:\Program Files\Java\jre1.8.0_111\lib\ext\dnsns.jar;C:\Program Files\Java\jre1.8.0_111\lib\ext\jaccess.jar;C:\Program Files\Java\jre1.8.0_111\lib\ext\jfxrt.jar;C:\Program Files\Java\jre1.8.0_111\lib\ext\localedata.jar;C:\Program Files\Java\jre1.8.0_111\lib\ext\nashorn.jar;C:\Program Files\Java\jre1.8.0_111\lib\ext\sunec.jar;C:\Program Files\Java\jre1.8.0_111\lib\ext\sunjce_provider.jar;C:\Program Files\Java\jre1.8.0_111\lib\ext\sunmscapi.jar;C:\Program Files\Java\jre1.8.0_111\lib\ext\sunpkcs11.jar;C:\Program Files\Java\jre1.8.0_111\lib\ext\zipfs.jar;C:\Users\marci\eclipse-workspace\app\target\classes;C:\Users\marci\.m2\repository\com\totalcross\utils\tc-utilities\0.0.1-SNAPSHOT\tc-utilities-0.0.1-SNAPSHOT.jar;C:\Users\marci\.m2\repository\com\totalcross\utils\magical-utils\0.0.1-SNAPSHOT\magical-utils-0.0.1-SNAPSHOT.jar;C:\Users\marci\.m2\repository\com\totalcross\totalcross-sdk\4.1.0\totalcross-sdk-4.1.0.jar;C:\Users\marci\.m2\repository\org\vafer\jdeb\0.7\jdeb-0.7.jar;C:\Users\marci\.m2\repository\org\apache\maven\maven-plugin-api\2.0.5\maven-plugin-api-2.0.5.jar;C:\Users\marci\.m2\repository\org\apache\maven\maven-project\2.0.5\maven-project-2.0.5.jar;C:\Users\marci\.m2\repository\org\apache\maven\maven-settings\2.0.5\maven-settings-2.0.5.jar;C:\Users\marci\.m2\repository\org\apache\maven\maven-profile\2.0.5\maven-profile-2.0.5.jar;C:\Users\marci\.m2\repository\org\apache\maven\maven-model\2.0.5\maven-model-2.0.5.jar;C:\Users\marci\.m2\repository\org\apache\maven\maven-artifact-manager\2.0.5\maven-artifact-manager-2.0.5.jar;C:\U
Launcher Type: SUN_STANDARD

Environment Variables:
JAVA_HOME=C:\Program Files\Java\jdk1.8.0_111
PATH=C:/Program Files/Java/jre1.8.0_111/bin/server;C:/Program Files/Java/jre1.8.0_111/bin;C:/Program Files/Java/jre1.8.0_111/lib/amd64;C:\ProgramData\Oracle\Java\javapath;C:\Program Files (x86)\Intel\TXE Components\TCS\;C:\Program Files\Intel\TXE Components\TCS\;C:\WINDOWS\system32;C:\WINDOWS;C:\WINDOWS\System32\Wbem;C:\WINDOWS\System32\WindowsPowerShell\v1.0\;C:\Program Files\Intel\TXE Components\DAL\;C:\Program Files (x86)\Intel\TXE Components\DAL\;C:\Program Files\Intel\TXE Components\IPT\;C:\Program Files (x86)\Intel\TXE Components\IPT\;C:\Program Files\Java\jdk1.8.0_111\bin;C:\TotalCross3\dist\vm\win32;C:\Users\marci\AppData\Local\Microsoft\WindowsApps;c:\TotalCross3\dist\vm\win32;C:\Program Files\Java\jdk1.8.0_111\bin;;C:\Users\marci\Desktop;
USERNAME=marci
OS=Windows_NT
PROCESSOR_IDENTIFIER=Intel64 Family 6 Model 76 Stepping 4, GenuineIntel



---------------  S Y S T E M  ---------------

OS: Windows 10.0 , 64 bit Build 16299 (10.0.16299.431)

CPU:total 2 (2 cores per cpu, 1 threads per core) family 6 model 76 stepping 4, cmov, cx8, fxsr, mmx, sse, sse2, sse3, ssse3, sse4.1, sse4.2, popcnt, aes, clmul, erms, 3dnowpref, tsc, tscinvbit

Memory: 4k page, physical 1946148k(367000k free), swap 3387940k(1007512k free)

vm_info: Java HotSpot(TM) 64-Bit Server VM (25.111-b14) for windows-amd64 JRE (1.8.0_111-b14), built on Sep 22 2016 19:24:05 by "java_re" with MS VC++ 10.0 (VS2010)

time: Fri Jun 01 02:18:41 2018
elapsed time: 341 seconds (0d 0h 5m 41s)

