#
# A fatal error has been detected by the Java Runtime Environment:
#
#  EXCEPTION_ACCESS_VIOLATION (0xc0000005) at pc=0x000000006be42be0, pid=4756, tid=0x00000000000011b4
#
# JRE version: Java(TM) SE Runtime Environment (8.0_111-b14) (build 1.8.0_111-b14)
# Java VM: Java HotSpot(TM) 64-Bit Server VM (25.111-b14 mixed mode windows-amd64 compressed oops)
# Problematic frame:
# C  0x000000006be42be0
#
# Failed to write core dump. Minidumps are not enabled by default on client versions of Windows
#
# If you would like to submit a bug report, please visit:
#   http://bugreport.java.com/bugreport/crash.jsp
# The crash happened outside the Java Virtual Machine in native code.
# See problematic frame for where to report the bug.
#

---------------  T H R E A D  ---------------

Current thread (0x00000000177e2800):  JavaThread "Secondary finalizer" [_thread_in_native, id=4532, stack(0x000000001adb0000,0x000000001aeb0000)]

siginfo: ExceptionCode=0xc0000005, ExceptionInformation=0x0000000000000008 0x000000006be42be0

Registers:
RAX=0x000000006be42be0, RBX=0x000000001864a8e8, RCX=0x00000000177e29f8, RDX=0x000000001aeaf398
RSP=0x000000001aeaf2f8, RBP=0x000000001aeaf378, RSI=0x0000000000000108, RDI=0x0000000000000703
R8 =0x0000000000000005, R9 =0x00000000f6c06b10, R10=0x00000000043b848b, R11=0x0000000052d7b580
R12=0x0000000000000000, R13=0x000000001864a8e8, R14=0x000000001aeaf398, R15=0x00000000177e2800
RIP=0x000000006be42be0, EFLAGS=0x0000000000010206

Top of Stack: (sp=0x000000001aeaf2f8)
0x000000001aeaf2f8:   00000000043b84b7 000000001aeaf438
0x000000001aeaf308:   00000000043b76e2 000000001aeaf310
0x000000001aeaf318:   0000000014c1e618 000000001aeaf400
0x000000001aeaf328:   0000000000000000 00000000f6c06b10
0x000000001aeaf338:   000000001aeaf328 0000000000000000
0x000000001aeaf348:   000000001aeaf398 0000000018676500
0x000000001aeaf358:   0000000000000000 000000001864a8e8
0x000000001aeaf368:   0000000000000000 000000001aeaf398
0x000000001aeaf378:   000000001aeaf400 00000000043a835d
0x000000001aeaf388:   0000000000000000 00000000043b19d8
0x000000001aeaf398:   00000000f6c06b10 00000000f6c06b48
0x000000001aeaf3a8:   0000000000000000 0000000000000011
0x000000001aeaf3b8:   00000000f6c06b10 000000001aeaf3a0
0x000000001aeaf3c8:   00000000186456c6 000000001aeaf438
0x000000001aeaf3d8:   0000000018675d10 0000000000000000
0x000000001aeaf3e8:   0000000018645760 000000001aeaf398 

Instructions: (pc=0x000000006be42be0)
0x000000006be42bc0:   
[error occurred during error reporting (printing registers, top of stack, instructions near pc), id 0xc0000005]

Register to memory mapping:

RAX=0x000000006be42be0 is an unknown value
RBX={method} {0x000000001864a8f0} 'free_functions' '()V' in 'org/sqlite/core/NativeDB'
RCX=0x00000000177e29f8 is an unknown value
RDX=0x000000001aeaf398 is pointing into the stack for thread: 0x00000000177e2800
RSP=0x000000001aeaf2f8 is pointing into the stack for thread: 0x00000000177e2800
RBP=0x000000001aeaf378 is pointing into the stack for thread: 0x00000000177e2800
RSI=0x0000000000000108 is an unknown value
RDI=0x0000000000000703 is an unknown value
R8 =0x0000000000000005 is an unknown value
R9 =0x00000000f6c06b10 is an oop
org.sqlite.core.NativeDB 
 - klass: 'org/sqlite/core/NativeDB'
R10=0x00000000043b848b is at code_begin+1227 in an Interpreter codelet
method entry point (kind = native_synchronized)  [0x00000000043b7fc0, 0x00000000043b8aa0]  2784 bytes
R11=0x0000000052d7b580 is an unknown value
R12=0x0000000000000000 is an unknown value
R13={method} {0x000000001864a8f0} 'free_functions' '()V' in 'org/sqlite/core/NativeDB'
R14=0x000000001aeaf398 is pointing into the stack for thread: 0x00000000177e2800
R15=0x00000000177e2800 is a thread


Stack: [0x000000001adb0000,0x000000001aeb0000],  sp=0x000000001aeaf2f8,  free space=1020k
Native frames: (J=compiled Java code, j=interpreted, Vv=VM code, C=native code)
C  0x000000006be42be0

Java frames: (J=compiled Java code, j=interpreted, Vv=VM code)
j  org.sqlite.core.NativeDB.free_functions()V+0
j  org.sqlite.core.DB.close()V+102
j  org.sqlite.core.CoreConnection.close()V+26
j  org.sqlite.core.CoreConnection.finalize()V+1
J 1282 C1 java.lang.ref.Finalizer.runFinalizer(Lsun/misc/JavaLangAccess;)V (62 bytes) @ 0x0000000004830b9c [0x0000000004830600+0x59c]
J 1281 C1 java.lang.ref.Finalizer.access$100(Ljava/lang/ref/Finalizer;Lsun/misc/JavaLangAccess;)V (6 bytes) @ 0x00000000048312dc [0x0000000004831280+0x5c]
j  java.lang.ref.Finalizer$3.run()V+58
j  java.lang.Thread.run()V+11
v  ~StubRoutines::call_stub

---------------  P R O C E S S  ---------------

Java Threads: ( => current thread )
=>0x00000000177e2800 JavaThread "Secondary finalizer" [_thread_in_native, id=4532, stack(0x000000001adb0000,0x000000001aeb0000)]
  0x00000000189df000 JavaThread "TC Event Thread" daemon [_thread_blocked, id=6872, stack(0x0000000019a90000,0x0000000019b90000)]
  0x00000000041d2800 JavaThread "DestroyJavaVM" [_thread_blocked, id=3992, stack(0x0000000004040000,0x0000000004140000)]
  0x0000000017615800 JavaThread "AWT-EventQueue-0" [_thread_blocked, id=5616, stack(0x0000000017c80000,0x0000000017d80000)]
  0x000000001743c000 JavaThread "AWT-Shutdown" [_thread_blocked, id=812, stack(0x0000000017a80000,0x0000000017b80000)]
  0x0000000017431800 JavaThread "Java2D Disposer" daemon [_thread_blocked, id=152, stack(0x0000000017980000,0x0000000017a80000)]
  0x00000000153ea800 JavaThread "Service Thread" daemon [_thread_blocked, id=736, stack(0x00000000166b0000,0x00000000167b0000)]
  0x000000001538d000 JavaThread "C1 CompilerThread1" daemon [_thread_blocked, id=2896, stack(0x00000000165b0000,0x00000000166b0000)]
  0x000000001537e000 JavaThread "C2 CompilerThread0" daemon [_thread_blocked, id=1096, stack(0x00000000164b0000,0x00000000165b0000)]
  0x000000001537c800 JavaThread "Attach Listener" daemon [_thread_blocked, id=4676, stack(0x00000000163b0000,0x00000000164b0000)]
  0x0000000015377000 JavaThread "Signal Dispatcher" daemon [_thread_blocked, id=6028, stack(0x00000000162b0000,0x00000000163b0000)]
  0x0000000015368800 JavaThread "Finalizer" daemon [_thread_blocked, id=1276, stack(0x0000000015fb0000,0x00000000160b0000)]
  0x00000000042bf800 JavaThread "Reference Handler" daemon [_thread_blocked, id=4884, stack(0x0000000015eb0000,0x0000000015fb0000)]

Other Threads:
  0x0000000015345800 VMThread [stack: 0x0000000015db0000,0x0000000015eb0000] [id=3152]
  0x0000000015407800 WatcherThread [stack: 0x0000000016bb0000,0x0000000016cb0000] [id=332]

VM state:not at safepoint (normal execution)

VM Mutex/Monitor currently owned by a thread: None

Heap:
 PSYoungGen      total 14336K, used 7642K [0x00000000f6180000, 0x00000000f7680000, 0x0000000100000000)
  eden space 7168K, 52% used [0x00000000f6180000,0x00000000f6531c28,0x00000000f6880000)
  from space 7168K, 53% used [0x00000000f6880000,0x00000000f6c44e88,0x00000000f6f80000)
  to   space 7168K, 0% used [0x00000000f6f80000,0x00000000f6f80000,0x00000000f7680000)
 ParOldGen       total 20480K, used 9863K [0x00000000e2400000, 0x00000000e3800000, 0x00000000f6180000)
  object space 20480K, 48% used [0x00000000e2400000,0x00000000e2da1cc0,0x00000000e3800000)
 Metaspace       used 12745K, capacity 13038K, committed 13312K, reserved 1060864K
  class space    used 1401K, capacity 1480K, committed 1536K, reserved 1048576K

Card table byte_map: [0x0000000013760000,0x0000000013850000] byte_map_base: 0x000000001304e000

Marking Bits: (ParMarkBitMap*) 0x000000005336a6c0
 Begin Bits: [0x0000000013a50000, 0x00000000141c0000)
 End Bits:   [0x00000000141c0000, 0x0000000014930000)

Polling page: 0x0000000002430000

CodeCache: size=245760Kb used=5388Kb max_used=5399Kb free=240371Kb
 bounds [0x00000000043a0000, 0x00000000048f0000, 0x00000000133a0000]
 total_blobs=1852 nmethods=1363 adapters=402
 compilation: enabled

Compilation events (10 events):
Event: 120.742 Thread 0x000000001537e000 1505       4       totalcross.ui.Edit::charPos2x (366 bytes)
Event: 120.835 Thread 0x000000001537e000 nmethod 1505 0x000000000471b890 code [0x000000000471baa0, 0x000000000471d810]
Event: 120.891 Thread 0x000000001538d000 1506       3       totalcross.ui.gfx.Graphics::fillRect (208 bytes)
Event: 120.894 Thread 0x000000001538d000 nmethod 1506 0x0000000004722b50 code [0x0000000004722d40, 0x0000000004723858]
Event: 141.244 Thread 0x000000001537e000 1507       4       totalcross.ui.gfx.Graphics::fillRect (208 bytes)
Event: 141.264 Thread 0x000000001537e000 nmethod 1507 0x00000000048eb790 code [0x00000000048eb900, 0x00000000048ebed8]
Event: 151.868 Thread 0x000000001538d000 1508       3       java.io.FileInputStream::read (8 bytes)
Event: 151.868 Thread 0x000000001538d000 nmethod 1508 0x00000000047227d0 code [0x0000000004722940, 0x0000000004722ac8]
Event: 151.971 Thread 0x000000001537e000 1509       4       java.io.FileInputStream::read (8 bytes)
Event: 151.971 Thread 0x000000001537e000 nmethod 1509 0x0000000004547c10 code [0x0000000004547d60, 0x0000000004547de8]

GC Heap History (10 events):
Event: 5.755 GC heap before
{Heap before GC invocations=3 (full 0):
 PSYoungGen      total 9216K, used 9216K [0x00000000f6180000, 0x00000000f6b80000, 0x0000000100000000)
  eden space 8192K, 100% used [0x00000000f6180000,0x00000000f6980000,0x00000000f6980000)
  from space 1024K, 100% used [0x00000000f6a80000,0x00000000f6b80000,0x00000000f6b80000)
  to   space 1024K, 0% used [0x00000000f6980000,0x00000000f6980000,0x00000000f6a80000)
 ParOldGen       total 20480K, used 3934K [0x00000000e2400000, 0x00000000e3800000, 0x00000000f6180000)
  object space 20480K, 19% used [0x00000000e2400000,0x00000000e27d7940,0x00000000e3800000)
 Metaspace       used 9684K, capacity 9890K, committed 10240K, reserved 1058816K
  class space    used 1114K, capacity 1184K, committed 1280K, reserved 1048576K
Event: 5.768 GC heap after
Heap after GC invocations=3 (full 0):
 PSYoungGen      total 9216K, used 1015K [0x00000000f6180000, 0x00000000f6b80000, 0x0000000100000000)
  eden space 8192K, 0% used [0x00000000f6180000,0x00000000f6180000,0x00000000f6980000)
  from space 1024K, 99% used [0x00000000f6980000,0x00000000f6a7de20,0x00000000f6a80000)
  to   space 1024K, 0% used [0x00000000f6a80000,0x00000000f6a80000,0x00000000f6b80000)
 ParOldGen       total 20480K, used 8299K [0x00000000e2400000, 0x00000000e3800000, 0x00000000f6180000)
  object space 20480K, 40% used [0x00000000e2400000,0x00000000e2c1ad38,0x00000000e3800000)
 Metaspace       used 9684K, capacity 9890K, committed 10240K, reserved 1058816K
  class space    used 1114K, capacity 1184K, committed 1280K, reserved 1048576K
}
Event: 7.994 GC heap before
{Heap before GC invocations=4 (full 0):
 PSYoungGen      total 9216K, used 9207K [0x00000000f6180000, 0x00000000f6b80000, 0x0000000100000000)
  eden space 8192K, 100% used [0x00000000f6180000,0x00000000f6980000,0x00000000f6980000)
  from space 1024K, 99% used [0x00000000f6980000,0x00000000f6a7de20,0x00000000f6a80000)
  to   space 1024K, 0% used [0x00000000f6a80000,0x00000000f6a80000,0x00000000f6b80000)
 ParOldGen       total 20480K, used 8299K [0x00000000e2400000, 0x00000000e3800000, 0x00000000f6180000)
  object space 20480K, 40% used [0x00000000e2400000,0x00000000e2c1ad38,0x00000000e3800000)
 Metaspace       used 9946K, capacity 10178K, committed 10496K, reserved 1058816K
  class space    used 1142K, capacity 1216K, committed 1280K, reserved 1048576K
Event: 8.001 GC heap after
Heap after GC invocations=4 (full 0):
 PSYoungGen      total 9216K, used 1019K [0x00000000f6180000, 0x00000000f6b80000, 0x0000000100000000)
  eden space 8192K, 0% used [0x00000000f6180000,0x00000000f6180000,0x00000000f6980000)
  from space 1024K, 99% used [0x00000000f6a80000,0x00000000f6b7ee70,0x00000000f6b80000)
  to   space 1024K, 0% used [0x00000000f6980000,0x00000000f6980000,0x00000000f6a80000)
 ParOldGen       total 20480K, used 8442K [0x00000000e2400000, 0x00000000e3800000, 0x00000000f6180000)
  object space 20480K, 41% used [0x00000000e2400000,0x00000000e2c3e880,0x00000000e3800000)
 Metaspace       used 9946K, capacity 10178K, committed 10496K, reserved 1058816K
  class space    used 1142K, capacity 1216K, committed 1280K, reserved 1048576K
}
Event: 10.286 GC heap before
{Heap before GC invocations=5 (full 0):
 PSYoungGen      total 9216K, used 9211K [0x00000000f6180000, 0x00000000f6b80000, 0x0000000100000000)
  eden space 8192K, 100% used [0x00000000f6180000,0x00000000f6980000,0x00000000f6980000)
  from space 1024K, 99% used [0x00000000f6a80000,0x00000000f6b7ee70,0x00000000f6b80000)
  to   space 1024K, 0% used [0x00000000f6980000,0x00000000f6980000,0x00000000f6a80000)
 ParOldGen       total 20480K, used 8442K [0x00000000e2400000, 0x00000000e3800000, 0x00000000f6180000)
  object space 20480K, 41% used [0x00000000e2400000,0x00000000e2c3e880,0x00000000e3800000)
 Metaspace       used 11383K, capacity 11626K, committed 11904K, reserved 1060864K
  class space    used 1306K, capacity 1378K, committed 1408K, reserved 1048576K
Event: 10.294 GC heap after
Heap after GC invocations=5 (full 0):
 PSYoungGen      total 9216K, used 1007K [0x00000000f6180000, 0x00000000f7580000, 0x0000000100000000)
  eden space 8192K, 0% used [0x00000000f6180000,0x00000000f6180000,0x00000000f6980000)
  from space 1024K, 98% used [0x00000000f6980000,0x00000000f6a7bf10,0x00000000f6a80000)
  to   space 6144K, 0% used [0x00000000f6f80000,0x00000000f6f80000,0x00000000f7580000)
 ParOldGen       total 20480K, used 9615K [0x00000000e2400000, 0x00000000e3800000, 0x00000000f6180000)
  object space 20480K, 46% used [0x00000000e2400000,0x00000000e2d63cc0,0x00000000e3800000)
 Metaspace       used 11383K, capacity 11626K, committed 11904K, reserved 1060864K
  class space    used 1306K, capacity 1378K, committed 1408K, reserved 1048576K
}
Event: 10.847 GC heap before
{Heap before GC invocations=6 (full 0):
 PSYoungGen      total 9216K, used 8458K [0x00000000f6180000, 0x00000000f7580000, 0x0000000100000000)
  eden space 8192K, 90% used [0x00000000f6180000,0x00000000f68c6948,0x00000000f6980000)
  from space 1024K, 98% used [0x00000000f6980000,0x00000000f6a7bf10,0x00000000f6a80000)
  to   space 6144K, 0% used [0x00000000f6f80000,0x00000000f6f80000,0x00000000f7580000)
 ParOldGen       total 20480K, used 9615K [0x00000000e2400000, 0x00000000e3800000, 0x00000000f6180000)
  object space 20480K, 46% used [0x00000000e2400000,0x00000000e2d63cc0,0x00000000e3800000)
 Metaspace       used 11686K, capacity 11914K, committed 12288K, reserved 1060864K
  class space    used 1334K, capacity 1410K, committed 1536K, reserved 1048576K
Event: 10.859 GC heap after
Heap after GC invocations=6 (full 0):
 PSYoungGen      total 13312K, used 5573K [0x00000000f6180000, 0x00000000f7f80000, 0x0000000100000000)
  eden space 7168K, 0% used [0x00000000f6180000,0x00000000f6180000,0x00000000f6880000)
  from space 6144K, 90% used [0x00000000f6f80000,0x00000000f74f1510,0x00000000f7580000)
  to   space 7168K, 0% used [0x00000000f6880000,0x00000000f6880000,0x00000000f6f80000)
 ParOldGen       total 20480K, used 9615K [0x00000000e2400000, 0x00000000e3800000, 0x00000000f6180000)
  object space 20480K, 46% used [0x00000000e2400000,0x00000000e2d63cc0,0x00000000e3800000)
 Metaspace       used 11686K, capacity 11914K, committed 12288K, reserved 1060864K
  class space    used 1334K, capacity 1410K, committed 1536K, reserved 1048576K
}
Event: 47.540 GC heap before
{Heap before GC invocations=7 (full 0):
 PSYoungGen      total 13312K, used 12741K [0x00000000f6180000, 0x00000000f7f80000, 0x0000000100000000)
  eden space 7168K, 100% used [0x00000000f6180000,0x00000000f6880000,0x00000000f6880000)
  from space 6144K, 90% used [0x00000000f6f80000,0x00000000f74f1510,0x00000000f7580000)
  to   space 7168K, 0% used [0x00000000f6880000,0x00000000f6880000,0x00000000f6f80000)
 ParOldGen       total 20480K, used 9615K [0x00000000e2400000, 0x00000000e3800000, 0x00000000f6180000)
  object space 20480K, 46% used [0x00000000e2400000,0x00000000e2d63cc0,0x00000000e3800000)
 Metaspace       used 12449K, capacity 12678K, committed 13056K, reserved 1060864K
  class space    used 1394K, capacity 1448K, committed 1536K, reserved 1048576K
Event: 47.548 GC heap after
Heap after GC invocations=7 (full 0):
 PSYoungGen      total 14336K, used 3859K [0x00000000f6180000, 0x00000000f7680000, 0x0000000100000000)
  eden space 7168K, 0% used [0x00000000f6180000,0x00000000f6180000,0x00000000f6880000)
  from space 7168K, 53% used [0x00000000f6880000,0x00000000f6c44e88,0x00000000f6f80000)
  to   space 7168K, 0% used [0x00000000f6f80000,0x00000000f6f80000,0x00000000f7680000)
 ParOldGen       total 20480K, used 9863K [0x00000000e2400000, 0x00000000e3800000, 0x00000000f6180000)
  object space 20480K, 48% used [0x00000000e2400000,0x00000000e2da1cc0,0x00000000e3800000)
 Metaspace       used 12449K, capacity 12678K, committed 13056K, reserved 1060864K
  class space    used 1394K, capacity 1448K, committed 1536K, reserved 1048576K
}

Deoptimization events (10 events):
Event: 20.796 Thread 0x00000000189df000 Uncommon trap: reason=unstable_if action=reinterpret pc=0x0000000004763bdc method=totalcross.ui.gfx.Graphics.translateAndClip(IIII)Z @ 69
Event: 20.909 Thread 0x00000000189df000 Uncommon trap: reason=unstable_if action=reinterpret pc=0x00000000044d7efc method=totalcross.ui.image.Image.getSmoothScaledInstance(II)Ltotalcross/ui/image/Image; @ 715
Event: 20.912 Thread 0x00000000189df000 Uncommon trap: reason=unstable_if action=reinterpret pc=0x00000000044e0028 method=totalcross.ui.image.Image.getSmoothScaledInstance(II)Ltotalcross/ui/image/Image; @ 715
Event: 21.056 Thread 0x00000000189df000 Uncommon trap: reason=unstable_if action=reinterpret pc=0x0000000004753d40 method=totalcross.ui.gfx.Graphics.drawText(Ljava/lang/String;III)V @ 17
Event: 21.076 Thread 0x00000000189df000 Uncommon trap: reason=unstable_if action=reinterpret pc=0x00000000044bd4bc method=totalcross.ui.gfx.Graphics.addError([IIIIIIIIII)V @ 9
Event: 62.709 Thread 0x00000000189df000 Uncommon trap: reason=unstable_if action=reinterpret pc=0x0000000004789900 method=totalcross.ui.gfx.Graphics.drawText(Ljava/lang/String;III)V @ 540
Event: 120.864 Thread 0x00000000189df000 Uncommon trap: reason=unstable_if action=reinterpret pc=0x0000000004792998 method=totalcross.ui.gfx.Graphics.translateAndClip(IIII)Z @ 29
Event: 123.366 Thread 0x0000000017615800 Uncommon trap: reason=class_check action=maybe_recompile pc=0x0000000004617f3c method=java.awt.EventQueue.coalesceEvent(Ljava/awt/AWTEvent;I)Z @ 32
Event: 123.385 Thread 0x0000000017615800 Uncommon trap: reason=class_check action=maybe_recompile pc=0x0000000004617f3c method=java.awt.EventQueue.coalesceEvent(Ljava/awt/AWTEvent;I)Z @ 32
Event: 151.838 Thread 0x0000000017615800 Uncommon trap: reason=class_check action=maybe_recompile pc=0x0000000004617f3c method=java.awt.EventQueue.coalesceEvent(Ljava/awt/AWTEvent;I)Z @ 32

Internal exceptions (10 events):
Event: 149.788 Thread 0x00000000177d2800 Exception <a 'java/lang/InterruptedException': sleep interrupted> (0x00000000f6489958) thrown at [C:\re\workspace\8-2-build-windows-amd64-cygwin\jdk8u111\7883\hotspot\src\share\vm\prims\jvm.cpp, line 3176]
Event: 150.138 Thread 0x00000000177d2800 Exception <a 'java/lang/InterruptedException': sleep interrupted> (0x00000000f6489c08) thrown at [C:\re\workspace\8-2-build-windows-amd64-cygwin\jdk8u111\7883\hotspot\src\share\vm\prims\jvm.cpp, line 3224]
Event: 150.519 Thread 0x00000000177d2800 Exception <a 'java/lang/InterruptedException': sleep interrupted> (0x00000000f6489eb8) thrown at [C:\re\workspace\8-2-build-windows-amd64-cygwin\jdk8u111\7883\hotspot\src\share\vm\prims\jvm.cpp, line 3224]
Event: 150.873 Thread 0x00000000177d2800 Exception <a 'java/lang/InterruptedException': sleep interrupted> (0x00000000f648a168) thrown at [C:\re\workspace\8-2-build-windows-amd64-cygwin\jdk8u111\7883\hotspot\src\share\vm\prims\jvm.cpp, line 3224]
Event: 151.308 Thread 0x00000000177d2800 Exception <a 'java/lang/InterruptedException': sleep interrupted> (0x00000000f648a418) thrown at [C:\re\workspace\8-2-build-windows-amd64-cygwin\jdk8u111\7883\hotspot\src\share\vm\prims\jvm.cpp, line 3176]
Event: 151.658 Thread 0x00000000177d2800 Exception <a 'java/lang/InterruptedException': sleep interrupted> (0x00000000f648a6c8) thrown at [C:\re\workspace\8-2-build-windows-amd64-cygwin\jdk8u111\7883\hotspot\src\share\vm\prims\jvm.cpp, line 3224]
Event: 151.846 Thread 0x00000000189df000 Exception <a 'java/io/FileNotFoundException'> (0x00000000f6491ca8) thrown at [C:\re\workspace\8-2-build-windows-amd64-cygwin\jdk8u111\7883\hotspot\src\share\vm\prims\jni.cpp, line 709]
Event: 151.846 Thread 0x00000000189df000 Exception <a 'java/io/FileNotFoundException'> (0x00000000f6492750) thrown at [C:\re\workspace\8-2-build-windows-amd64-cygwin\jdk8u111\7883\hotspot\src\share\vm\prims\jni.cpp, line 709]
Event: 151.847 Thread 0x00000000189df000 Exception <a 'java/io/FileNotFoundException'> (0x00000000f6493540) thrown at [C:\re\workspace\8-2-build-windows-amd64-cygwin\jdk8u111\7883\hotspot\src\share\vm\prims\jni.cpp, line 709]
Event: 151.991 Thread 0x00000000177d2800 Exception <a 'java/lang/InterruptedException': sleep interrupted> (0x00000000f648a920) thrown at [C:\re\workspace\8-2-build-windows-amd64-cygwin\jdk8u111\7883\hotspot\src\share\vm\prims\jvm.cpp, line 3224]

Events (10 events):
Event: 152.390 Executing VM operation: RevokeBias
Event: 152.390 Executing VM operation: RevokeBias done
Event: 152.390 Executing VM operation: RevokeBias
Event: 152.390 Executing VM operation: RevokeBias done
Event: 152.391 Executing VM operation: RevokeBias
Event: 152.391 Executing VM operation: RevokeBias done
Event: 152.391 Executing VM operation: RevokeBias
Event: 152.391 Executing VM operation: RevokeBias done
Event: 152.392 Executing VM operation: RevokeBias
Event: 152.392 Executing VM operation: RevokeBias done


Dynamic libraries:
0x00007ff63c770000 - 0x00007ff63c7a7000 	C:\Program Files\Java\jre1.8.0_111\bin\javaw.exe
0x00007ffdb3860000 - 0x00007ffdb3a40000 	C:\WINDOWS\SYSTEM32\ntdll.dll
0x00007ffdb30f0000 - 0x00007ffdb319e000 	C:\WINDOWS\System32\KERNEL32.DLL
0x00007ffdb0ac0000 - 0x00007ffdb0d26000 	C:\WINDOWS\System32\KERNELBASE.dll
0x00007ffdb1000000 - 0x00007ffdb10a1000 	C:\WINDOWS\System32\ADVAPI32.dll
0x00007ffdb3560000 - 0x00007ffdb35fd000 	C:\WINDOWS\System32\msvcrt.dll
0x00007ffdb31a0000 - 0x00007ffdb31fb000 	C:\WINDOWS\System32\sechost.dll
0x00007ffdb1240000 - 0x00007ffdb135f000 	C:\WINDOWS\System32\RPCRT4.dll
0x00007ffdb0d90000 - 0x00007ffdb0f1f000 	C:\WINDOWS\System32\USER32.dll
0x00007ffdb0110000 - 0x00007ffdb0130000 	C:\WINDOWS\System32\win32u.dll
0x00007ffdb3730000 - 0x00007ffdb3758000 	C:\WINDOWS\System32\GDI32.dll
0x00007ffdb0920000 - 0x00007ffdb0ab3000 	C:\WINDOWS\System32\gdi32full.dll
0x00007ffdb0130000 - 0x00007ffdb01cb000 	C:\WINDOWS\System32\msvcp_win.dll
0x00007ffdafc60000 - 0x00007ffdafd56000 	C:\WINDOWS\System32\ucrtbase.dll
0x00007ffd9f5d0000 - 0x00007ffd9f839000 	C:\WINDOWS\WinSxS\amd64_microsoft.windows.common-controls_6595b64144ccf1df_6.0.16299.431_none_15c7d3ee93659e73\COMCTL32.dll
0x00007ffdb1920000 - 0x00007ffdb1c28000 	C:\WINDOWS\System32\combase.dll
0x00007ffdaff80000 - 0x00007ffdafff2000 	C:\WINDOWS\System32\bcryptPrimitives.dll
0x00007ffdb1160000 - 0x00007ffdb118d000 	C:\WINDOWS\System32\IMM32.DLL
0x00000000528b0000 - 0x0000000052982000 	C:\Program Files\Java\jre1.8.0_111\bin\msvcr100.dll
0x0000000052b50000 - 0x00000000533ea000 	C:\Program Files\Java\jre1.8.0_111\bin\server\jvm.dll
0x00007ffdb30e0000 - 0x00007ffdb30e8000 	C:\WINDOWS\System32\PSAPI.DLL
0x00007ffdab9f0000 - 0x00007ffdab9f9000 	C:\WINDOWS\SYSTEM32\WSOCK32.dll
0x00007ffdb3070000 - 0x00007ffdb30dc000 	C:\WINDOWS\System32\WS2_32.dll
0x00007ffdadf40000 - 0x00007ffdadf63000 	C:\WINDOWS\SYSTEM32\WINMM.dll
0x00007ffda15e0000 - 0x00007ffda15ea000 	C:\WINDOWS\SYSTEM32\VERSION.dll
0x00007ffdadee0000 - 0x00007ffdadf0a000 	C:\WINDOWS\SYSTEM32\WINMMBASE.dll
0x00007ffdafd60000 - 0x00007ffdafdaa000 	C:\WINDOWS\System32\cfgmgr32.dll
0x0000000052a60000 - 0x0000000052a6f000 	C:\Program Files\Java\jre1.8.0_111\bin\verify.dll
0x0000000052a30000 - 0x0000000052a59000 	C:\Program Files\Java\jre1.8.0_111\bin\java.dll
0x0000000052a10000 - 0x0000000052a26000 	C:\Program Files\Java\jre1.8.0_111\bin\zip.dll
0x00007ffdb1c30000 - 0x00007ffdb3068000 	C:\WINDOWS\System32\SHELL32.dll
0x00007ffdb1190000 - 0x00007ffdb1236000 	C:\WINDOWS\System32\shcore.dll
0x00007ffdb01d0000 - 0x00007ffdb0917000 	C:\WINDOWS\System32\windows.storage.dll
0x00007ffdb0fa0000 - 0x00007ffdb0ff1000 	C:\WINDOWS\System32\shlwapi.dll
0x00007ffdafc20000 - 0x00007ffdafc31000 	C:\WINDOWS\System32\kernel.appcore.dll
0x00007ffdafbb0000 - 0x00007ffdafbfc000 	C:\WINDOWS\System32\powrprof.dll
0x00007ffdafc40000 - 0x00007ffdafc5b000 	C:\WINDOWS\System32\profapi.dll
0x0000000052710000 - 0x00000000528a8000 	C:\Program Files\Java\jre1.8.0_111\bin\awt.dll
0x00007ffdb3760000 - 0x00007ffdb3825000 	C:\WINDOWS\System32\OLEAUT32.dll
0x00007ffdae060000 - 0x00007ffdae0e8000 	C:\WINDOWS\SYSTEM32\apphelp.dll
0x00007ffdae450000 - 0x00007ffdae47a000 	C:\WINDOWS\system32\DWMAPI.DLL
0x00007ffdae1e0000 - 0x00007ffdae275000 	C:\WINDOWS\system32\uxtheme.dll
0x00007ffdb17b0000 - 0x00007ffdb1917000 	C:\WINDOWS\System32\MSCTF.dll
0x00007ffd99800000 - 0x00007ffd9987f000 	C:\Program Files (x86)\TeamViewer\tv_x64.dll
0x00007ffdb3200000 - 0x00007ffdb3349000 	C:\WINDOWS\System32\ole32.dll
0x00000000526c0000 - 0x0000000052707000 	C:\Program Files\Java\jre1.8.0_111\bin\fontmanager.dll
0x00007ffd9aef0000 - 0x00007ffd9af85000 	C:\WINDOWS\system32\RICHED20.DLL
0x00007ffd87ea0000 - 0x00007ffd87eb9000 	C:\WINDOWS\SYSTEM32\USP10.dll
0x00007ffd992c0000 - 0x00007ffd992f8000 	C:\WINDOWS\SYSTEM32\msls31.dll
0x00007ffdb10b0000 - 0x00007ffdb114e000 	C:\WINDOWS\System32\clbcatq.dll
0x00007ffdaf6b0000 - 0x00007ffdaf6d5000 	C:\WINDOWS\system32\bcrypt.dll
0x00007ffda4f20000 - 0x00007ffda4fb8000 	C:\WINDOWS\System32\TextInputFramework.dll
0x00007ffdaa720000 - 0x00007ffdaaa0e000 	C:\WINDOWS\System32\CoreUIComponents.dll
0x00007ffdad0d0000 - 0x00007ffdad1ac000 	C:\WINDOWS\System32\CoreMessaging.dll
0x00007ffdaece0000 - 0x00007ffdaed11000 	C:\WINDOWS\SYSTEM32\ntmarta.dll
0x00007ffdac050000 - 0x00007ffdac186000 	C:\WINDOWS\SYSTEM32\wintypes.dll
0x00000000529f0000 - 0x0000000052a0a000 	C:\Program Files\Java\jre1.8.0_111\bin\net.dll
0x00007ffdaf3e0000 - 0x00007ffdaf446000 	C:\WINDOWS\system32\mswsock.dll
0x00007ffdaf1b0000 - 0x00007ffdaf266000 	C:\WINDOWS\SYSTEM32\DNSAPI.dll
0x00007ffdb3350000 - 0x00007ffdb3358000 	C:\WINDOWS\System32\NSI.dll
0x00007ffdaf170000 - 0x00007ffdaf1a9000 	C:\WINDOWS\SYSTEM32\IPHLPAPI.DLL
0x00007ffda4840000 - 0x00007ffda484a000 	C:\Windows\System32\rasadhlp.dll
0x00007ffdaf5a0000 - 0x00007ffdaf5b7000 	C:\WINDOWS\SYSTEM32\CRYPTSP.dll
0x00007ffdaefe0000 - 0x00007ffdaf013000 	C:\WINDOWS\system32\rsaenh.dll
0x00007ffdafab0000 - 0x00007ffdafad9000 	C:\WINDOWS\SYSTEM32\USERENV.dll
0x00007ffdaf5c0000 - 0x00007ffdaf5cb000 	C:\WINDOWS\SYSTEM32\CRYPTBASE.dll
0x00007ffdaa480000 - 0x00007ffdaa496000 	C:\WINDOWS\SYSTEM32\dhcpcsvc6.DLL
0x00007ffdaa4e0000 - 0x00007ffdaa4fa000 	C:\WINDOWS\SYSTEM32\dhcpcsvc.DLL
0x00007ffda7050000 - 0x00007ffda70c0000 	C:\WINDOWS\System32\fwpuclnt.dll
0x00000000529d0000 - 0x00000000529e1000 	C:\Program Files\Java\jre1.8.0_111\bin\nio.dll
0x00007ffda09b0000 - 0x00007ffda0b78000 	C:\WINDOWS\SYSTEM32\dbghelp.dll

VM Arguments:
jvm_args: -Dfile.encoding=Cp1252 
java_command: totalcross.Launcher /r 544353541A8E8B2A28D5B8E0 com.app.app
java_class_path (initial): C:\Program Files\Java\jre1.8.0_111\lib\resources.jar;C:\Program Files\Java\jre1.8.0_111\lib\rt.jar;C:\Program Files\Java\jre1.8.0_111\lib\jsse.jar;C:\Program Files\Java\jre1.8.0_111\lib\jce.jar;C:\Program Files\Java\jre1.8.0_111\lib\charsets.jar;C:\Program Files\Java\jre1.8.0_111\lib\jfr.jar;C:\Program Files\Java\jre1.8.0_111\lib\ext\access-bridge-64.jar;C:\Program Files\Java\jre1.8.0_111\lib\ext\cldrdata.jar;C:\Program Files\Java\jre1.8.0_111\lib\ext\dnsns.jar;C:\Program Files\Java\jre1.8.0_111\lib\ext\jaccess.jar;C:\Program Files\Java\jre1.8.0_111\lib\ext\jfxrt.jar;C:\Program Files\Java\jre1.8.0_111\lib\ext\localedata.jar;C:\Program Files\Java\jre1.8.0_111\lib\ext\nashorn.jar;C:\Program Files\Java\jre1.8.0_111\lib\ext\sunec.jar;C:\Program Files\Java\jre1.8.0_111\lib\ext\sunjce_provider.jar;C:\Program Files\Java\jre1.8.0_111\lib\ext\sunmscapi.jar;C:\Program Files\Java\jre1.8.0_111\lib\ext\sunpkcs11.jar;C:\Program Files\Java\jre1.8.0_111\lib\ext\zipfs.jar;C:\Users\marci\eclipse-workspace\app\target\classes;C:\Users\marci\.m2\repository\com\totalcross\utils\tc-utilities\0.0.1-SNAPSHOT\tc-utilities-0.0.1-SNAPSHOT.jar;C:\Users\marci\.m2\repository\com\totalcross\utils\magical-utils\0.0.1-SNAPSHOT\magical-utils-0.0.1-SNAPSHOT.jar;C:\Users\marci\.m2\repository\com\totalcross\totalcross-sdk\4.1.0\totalcross-sdk-4.1.0.jar;C:\Users\marci\.m2\repository\org\vafer\jdeb\0.7\jdeb-0.7.jar;C:\Users\marci\.m2\repository\org\apache\maven\maven-plugin-api\2.0.5\maven-plugin-api-2.0.5.jar;C:\Users\marci\.m2\repository\org\apache\maven\maven-project\2.0.5\maven-project-2.0.5.jar;C:\Users\marci\.m2\repository\org\apache\maven\maven-settings\2.0.5\maven-settings-2.0.5.jar;C:\Users\marci\.m2\repository\org\apache\maven\maven-profile\2.0.5\maven-profile-2.0.5.jar;C:\Users\marci\.m2\repository\org\apache\maven\maven-model\2.0.5\maven-model-2.0.5.jar;C:\Users\marci\.m2\repository\org\apache\maven\maven-artifact-manager\2.0.5\maven-artifact-manager-2.0.5.jar;C:\U
Launcher Type: SUN_STANDARD

Environment Variables:
JAVA_HOME=C:\Program Files\Java\jdk1.8.0_111
PATH=C:/Program Files/Java/jre1.8.0_111/bin/server;C:/Program Files/Java/jre1.8.0_111/bin;C:/Program Files/Java/jre1.8.0_111/lib/amd64;C:\ProgramData\Oracle\Java\javapath;C:\Program Files (x86)\Intel\TXE Components\TCS\;C:\Program Files\Intel\TXE Components\TCS\;C:\WINDOWS\system32;C:\WINDOWS;C:\WINDOWS\System32\Wbem;C:\WINDOWS\System32\WindowsPowerShell\v1.0\;C:\Program Files\Intel\TXE Components\DAL\;C:\Program Files (x86)\Intel\TXE Components\DAL\;C:\Program Files\Intel\TXE Components\IPT\;C:\Program Files (x86)\Intel\TXE Components\IPT\;C:\Program Files\Java\jdk1.8.0_111\bin;C:\TotalCross3\dist\vm\win32;C:\Users\marci\AppData\Local\Microsoft\WindowsApps;c:\TotalCross3\dist\vm\win32;C:\Program Files\Java\jdk1.8.0_111\bin;;C:\Users\marci\Desktop;
USERNAME=marci
OS=Windows_NT
PROCESSOR_IDENTIFIER=Intel64 Family 6 Model 76 Stepping 4, GenuineIntel



---------------  S Y S T E M  ---------------

OS: Windows 10.0 , 64 bit Build 16299 (10.0.16299.431)

CPU:total 2 (2 cores per cpu, 1 threads per core) family 6 model 76 stepping 4, cmov, cx8, fxsr, mmx, sse, sse2, sse3, ssse3, sse4.1, sse4.2, popcnt, aes, clmul, erms, 3dnowpref, tsc, tscinvbit

Memory: 4k page, physical 1946148k(217128k free), swap 5015584k(969944k free)

vm_info: Java HotSpot(TM) 64-Bit Server VM (25.111-b14) for windows-amd64 JRE (1.8.0_111-b14), built on Sep 22 2016 19:24:05 by "java_re" with MS VC++ 10.0 (VS2010)

time: Fri Jun 01 22:17:46 2018
elapsed time: 152 seconds (0d 0h 2m 32s)

