#
# A fatal error has been detected by the Java Runtime Environment:
#
#  EXCEPTION_ACCESS_VIOLATION (0xc0000005) at pc=0x000000006be42be0, pid=6700, tid=0x00000000000014f4
#
# JRE version: Java(TM) SE Runtime Environment (8.0_111-b14) (build 1.8.0_111-b14)
# Java VM: Java HotSpot(TM) 64-Bit Server VM (25.111-b14 mixed mode windows-amd64 compressed oops)
# Problematic frame:
# C  0x000000006be42be0
#
# Failed to write core dump. Minidumps are not enabled by default on client versions of Windows
#
# If you would like to submit a bug report, please visit:
#   http://bugreport.java.com/bugreport/crash.jsp
# The crash happened outside the Java Virtual Machine in native code.
# See problematic frame for where to report the bug.
#

---------------  T H R E A D  ---------------

Current thread (0x0000000018ad9800):  JavaThread "Secondary finalizer" [_thread_in_native, id=5364, stack(0x000000001b070000,0x000000001b170000)]

siginfo: ExceptionCode=0xc0000005, ExceptionInformation=0x0000000000000008 0x000000006be42be0

Registers:
RAX=0x000000006be42be0, RBX=0x00000000188ea8e8, RCX=0x0000000018ad99f8, RDX=0x000000001b16f398
RSP=0x000000001b16f2f8, RBP=0x000000001b16f378, RSI=0x0000000000000108, RDI=0x0000000000000702
R8 =0x0000000000000005, R9 =0x00000000f6b81638, R10=0x000000000463848b, R11=0x0000000052d7b580
R12=0x0000000000000000, R13=0x00000000188ea8e8, R14=0x000000001b16f398, R15=0x0000000018ad9800
RIP=0x000000006be42be0, EFLAGS=0x0000000000010206

Top of Stack: (sp=0x000000001b16f2f8)
0x000000001b16f2f8:   00000000046384b7 00000000046256d0
0x000000001b16f308:   0000000000000000 000000001b16f4d8
0x000000001b16f318:   000000001b16f490 000000001b16f400
0x000000001b16f328:   0000000000000000 00000000f6b81638
0x000000001b16f338:   000000001b16f328 0000000000000000
0x000000001b16f348:   000000001b16f398 0000000018916500
0x000000001b16f358:   0000000000000000 00000000188ea8e8
0x000000001b16f368:   0000000000000000 000000001b16f398
0x000000001b16f378:   000000001b16f400 000000000462835d
0x000000001b16f388:   0000000000000000 00000000046319d8
0x000000001b16f398:   00000000f6b81638 00000000f6b81670
0x000000001b16f3a8:   0000000000000000 0000000000000011
0x000000001b16f3b8:   00000000f6b81638 000000001b16f3a0
0x000000001b16f3c8:   00000000188e56c6 000000001b16f438
0x000000001b16f3d8:   0000000018915d10 0000000000000000
0x000000001b16f3e8:   00000000188e5760 000000001b16f398 

Instructions: (pc=0x000000006be42be0)
0x000000006be42bc0:   
[error occurred during error reporting (printing registers, top of stack, instructions near pc), id 0xc0000005]

Register to memory mapping:

RAX=0x000000006be42be0 is an unknown value
RBX={method} {0x00000000188ea8f0} 'free_functions' '()V' in 'org/sqlite/core/NativeDB'
RCX=0x0000000018ad99f8 is an unknown value
RDX=0x000000001b16f398 is pointing into the stack for thread: 0x0000000018ad9800
RSP=0x000000001b16f2f8 is pointing into the stack for thread: 0x0000000018ad9800
RBP=0x000000001b16f378 is pointing into the stack for thread: 0x0000000018ad9800
RSI=0x0000000000000108 is an unknown value
RDI=0x0000000000000702 is an unknown value
R8 =0x0000000000000005 is an unknown value
R9 =0x00000000f6b81638 is an oop
org.sqlite.core.NativeDB 
 - klass: 'org/sqlite/core/NativeDB'
R10=0x000000000463848b is at code_begin+1227 in an Interpreter codelet
method entry point (kind = native_synchronized)  [0x0000000004637fc0, 0x0000000004638aa0]  2784 bytes
R11=0x0000000052d7b580 is an unknown value
R12=0x0000000000000000 is an unknown value
R13={method} {0x00000000188ea8f0} 'free_functions' '()V' in 'org/sqlite/core/NativeDB'
R14=0x000000001b16f398 is pointing into the stack for thread: 0x0000000018ad9800
R15=0x0000000018ad9800 is a thread


Stack: [0x000000001b070000,0x000000001b170000],  sp=0x000000001b16f2f8,  free space=1020k
Native frames: (J=compiled Java code, j=interpreted, Vv=VM code, C=native code)
C  0x000000006be42be0

Java frames: (J=compiled Java code, j=interpreted, Vv=VM code)
j  org.sqlite.core.NativeDB.free_functions()V+0
j  org.sqlite.core.DB.close()V+102
j  org.sqlite.core.CoreConnection.close()V+26
j  org.sqlite.core.CoreConnection.finalize()V+1
J 1349 C1 java.lang.ref.Finalizer.runFinalizer(Lsun/misc/JavaLangAccess;)V (62 bytes) @ 0x0000000004752cdc [0x0000000004752740+0x59c]
J 1348 C1 java.lang.ref.Finalizer.access$100(Ljava/lang/ref/Finalizer;Lsun/misc/JavaLangAccess;)V (6 bytes) @ 0x00000000049c599c [0x00000000049c5940+0x5c]
j  java.lang.ref.Finalizer$3.run()V+58
j  java.lang.Thread.run()V+11
v  ~StubRoutines::call_stub

---------------  P R O C E S S  ---------------

Java Threads: ( => current thread )
=>0x0000000018ad9800 JavaThread "Secondary finalizer" [_thread_in_native, id=5364, stack(0x000000001b070000,0x000000001b170000)]
  0x0000000018a70800 JavaThread "TC Event Thread" daemon [_thread_blocked, id=4036, stack(0x000000001a670000,0x000000001a770000)]
  0x0000000004522800 JavaThread "DestroyJavaVM" [_thread_blocked, id=4900, stack(0x0000000004420000,0x0000000004520000)]
  0x000000001769d000 JavaThread "AWT-EventQueue-0" [_thread_blocked, id=1252, stack(0x0000000017f60000,0x0000000018060000)]
  0x0000000017681000 JavaThread "AWT-Shutdown" [_thread_blocked, id=4548, stack(0x0000000017ca0000,0x0000000017da0000)]
  0x000000001767e800 JavaThread "Java2D Disposer" daemon [_thread_blocked, id=6696, stack(0x0000000017ba0000,0x0000000017ca0000)]
  0x000000001565c800 JavaThread "Service Thread" daemon [_thread_blocked, id=4684, stack(0x0000000016940000,0x0000000016a40000)]
  0x0000000015655800 JavaThread "C1 CompilerThread1" daemon [_thread_blocked, id=4832, stack(0x0000000016840000,0x0000000016940000)]
  0x00000000155fb800 JavaThread "C2 CompilerThread0" daemon [_thread_blocked, id=3612, stack(0x0000000016740000,0x0000000016840000)]
  0x00000000155fa800 JavaThread "Attach Listener" daemon [_thread_blocked, id=2256, stack(0x0000000016640000,0x0000000016740000)]
  0x00000000155f7000 JavaThread "Signal Dispatcher" daemon [_thread_blocked, id=4240, stack(0x0000000016540000,0x0000000016640000)]
  0x00000000155e8000 JavaThread "Finalizer" daemon [_thread_blocked, id=6548, stack(0x0000000016240000,0x0000000016340000)]
  0x000000000460f800 JavaThread "Reference Handler" daemon [_thread_blocked, id=4672, stack(0x0000000016140000,0x0000000016240000)]

Other Threads:
  0x00000000155c5800 VMThread [stack: 0x0000000016040000,0x0000000016140000] [id=3152]
  0x000000001567e800 WatcherThread [stack: 0x0000000016e40000,0x0000000016f40000] [id=6640]

VM state:not at safepoint (normal execution)

VM Mutex/Monitor currently owned by a thread: None

Heap:
 PSYoungGen      total 10752K, used 3956K [0x00000000f6180000, 0x00000000f7580000, 0x0000000100000000)
  eden space 7168K, 8% used [0x00000000f6180000,0x00000000f621e690,0x00000000f6880000)
  from space 3584K, 92% used [0x00000000f6880000,0x00000000f6bbea60,0x00000000f6c00000)
  to   space 6656K, 0% used [0x00000000f6f00000,0x00000000f6f00000,0x00000000f7580000)
 ParOldGen       total 20480K, used 10174K [0x00000000e2400000, 0x00000000e3800000, 0x00000000f6180000)
  object space 20480K, 49% used [0x00000000e2400000,0x00000000e2defbb8,0x00000000e3800000)
 Metaspace       used 12569K, capacity 12840K, committed 13056K, reserved 1060864K
  class space    used 1393K, capacity 1479K, committed 1536K, reserved 1048576K

Card table byte_map: [0x00000000139e0000,0x0000000013ad0000] byte_map_base: 0x00000000132ce000

Marking Bits: (ParMarkBitMap*) 0x000000005336a6c0
 Begin Bits: [0x0000000013cd0000, 0x0000000014440000)
 End Bits:   [0x0000000014440000, 0x0000000014bb0000)

Polling page: 0x0000000002710000

CodeCache: size=245760Kb used=4706Kb max_used=4722Kb free=241053Kb
 bounds [0x0000000004620000, 0x0000000004ad0000, 0x0000000013620000]
 total_blobs=1684 nmethods=1196 adapters=402
 compilation: enabled

Compilation events (10 events):
Event: 152.060 Thread 0x0000000015655800 1347       3       java.lang.ref.Finalizer::access$000 (4 bytes)
Event: 152.061 Thread 0x0000000015655800 nmethod 1347 0x0000000004973c50 code [0x0000000004973da0, 0x0000000004973ed0]
Event: 152.061 Thread 0x0000000015655800 1348       3       java.lang.ref.Finalizer::access$100 (6 bytes)
Event: 152.061 Thread 0x0000000015655800 nmethod 1348 0x00000000049c57d0 code [0x00000000049c5940, 0x00000000049c5aa8]
Event: 152.061 Thread 0x0000000015655800 1349   !   3       java.lang.ref.Finalizer::runFinalizer (62 bytes)
Event: 152.063 Thread 0x0000000015655800 nmethod 1349 0x0000000004752590 code [0x0000000004752740, 0x0000000004752fb8]
Event: 152.144 Thread 0x0000000015655800 1350       3       java.io.FileInputStream::read (8 bytes)
Event: 152.144 Thread 0x0000000015655800 nmethod 1350 0x00000000048bcf10 code [0x00000000048bd080, 0x00000000048bd208]
Event: 152.305 Thread 0x00000000155fb800 1351       4       java.io.FileInputStream::read (8 bytes)
Event: 152.306 Thread 0x00000000155fb800 nmethod 1351 0x000000000492c250 code [0x000000000492c3a0, 0x000000000492c428]

GC Heap History (10 events):
Event: 4.409 GC heap before
{Heap before GC invocations=3 (full 0):
 PSYoungGen      total 9216K, used 9200K [0x00000000f6180000, 0x00000000f6b80000, 0x0000000100000000)
  eden space 8192K, 100% used [0x00000000f6180000,0x00000000f6980000,0x00000000f6980000)
  from space 1024K, 98% used [0x00000000f6a80000,0x00000000f6b7c010,0x00000000f6b80000)
  to   space 1024K, 0% used [0x00000000f6980000,0x00000000f6980000,0x00000000f6a80000)
 ParOldGen       total 20480K, used 3929K [0x00000000e2400000, 0x00000000e3800000, 0x00000000f6180000)
  object space 20480K, 19% used [0x00000000e2400000,0x00000000e27d65c0,0x00000000e3800000)
 Metaspace       used 9684K, capacity 9890K, committed 10240K, reserved 1058816K
  class space    used 1114K, capacity 1184K, committed 1280K, reserved 1048576K
Event: 4.423 GC heap after
Heap after GC invocations=3 (full 0):
 PSYoungGen      total 9216K, used 1022K [0x00000000f6180000, 0x00000000f6b80000, 0x0000000100000000)
  eden space 8192K, 0% used [0x00000000f6180000,0x00000000f6180000,0x00000000f6980000)
  from space 1024K, 99% used [0x00000000f6980000,0x00000000f6a7fae0,0x00000000f6a80000)
  to   space 1024K, 0% used [0x00000000f6a80000,0x00000000f6a80000,0x00000000f6b80000)
 ParOldGen       total 20480K, used 8270K [0x00000000e2400000, 0x00000000e3800000, 0x00000000f6180000)
  object space 20480K, 40% used [0x00000000e2400000,0x00000000e2c13a88,0x00000000e3800000)
 Metaspace       used 9684K, capacity 9890K, committed 10240K, reserved 1058816K
  class space    used 1114K, capacity 1184K, committed 1280K, reserved 1048576K
}
Event: 6.812 GC heap before
{Heap before GC invocations=4 (full 0):
 PSYoungGen      total 9216K, used 9214K [0x00000000f6180000, 0x00000000f6b80000, 0x0000000100000000)
  eden space 8192K, 100% used [0x00000000f6180000,0x00000000f6980000,0x00000000f6980000)
  from space 1024K, 99% used [0x00000000f6980000,0x00000000f6a7fae0,0x00000000f6a80000)
  to   space 1024K, 0% used [0x00000000f6a80000,0x00000000f6a80000,0x00000000f6b80000)
 ParOldGen       total 20480K, used 8270K [0x00000000e2400000, 0x00000000e3800000, 0x00000000f6180000)
  object space 20480K, 40% used [0x00000000e2400000,0x00000000e2c13a88,0x00000000e3800000)
 Metaspace       used 9946K, capacity 10178K, committed 10496K, reserved 1058816K
  class space    used 1142K, capacity 1216K, committed 1280K, reserved 1048576K
Event: 6.818 GC heap after
Heap after GC invocations=4 (full 0):
 PSYoungGen      total 9216K, used 1006K [0x00000000f6180000, 0x00000000f6b80000, 0x0000000100000000)
  eden space 8192K, 0% used [0x00000000f6180000,0x00000000f6180000,0x00000000f6980000)
  from space 1024K, 98% used [0x00000000f6a80000,0x00000000f6b7baf0,0x00000000f6b80000)
  to   space 1024K, 0% used [0x00000000f6980000,0x00000000f6980000,0x00000000f6a80000)
 ParOldGen       total 20480K, used 8462K [0x00000000e2400000, 0x00000000e3800000, 0x00000000f6180000)
  object space 20480K, 41% used [0x00000000e2400000,0x00000000e2c43a80,0x00000000e3800000)
 Metaspace       used 9946K, capacity 10178K, committed 10496K, reserved 1058816K
  class space    used 1142K, capacity 1216K, committed 1280K, reserved 1048576K
}
Event: 9.092 GC heap before
{Heap before GC invocations=5 (full 0):
 PSYoungGen      total 9216K, used 9198K [0x00000000f6180000, 0x00000000f6b80000, 0x0000000100000000)
  eden space 8192K, 100% used [0x00000000f6180000,0x00000000f6980000,0x00000000f6980000)
  from space 1024K, 98% used [0x00000000f6a80000,0x00000000f6b7baf0,0x00000000f6b80000)
  to   space 1024K, 0% used [0x00000000f6980000,0x00000000f6980000,0x00000000f6a80000)
 ParOldGen       total 20480K, used 8462K [0x00000000e2400000, 0x00000000e3800000, 0x00000000f6180000)
  object space 20480K, 41% used [0x00000000e2400000,0x00000000e2c43a80,0x00000000e3800000)
 Metaspace       used 11393K, capacity 11626K, committed 11904K, reserved 1060864K
  class space    used 1307K, capacity 1378K, committed 1408K, reserved 1048576K
Event: 9.099 GC heap after
Heap after GC invocations=5 (full 0):
 PSYoungGen      total 9216K, used 1023K [0x00000000f6180000, 0x00000000f7580000, 0x0000000100000000)
  eden space 8192K, 0% used [0x00000000f6180000,0x00000000f6180000,0x00000000f6980000)
  from space 1024K, 99% used [0x00000000f6980000,0x00000000f6a7fcf0,0x00000000f6a80000)
  to   space 6144K, 0% used [0x00000000f6f80000,0x00000000f6f80000,0x00000000f7580000)
 ParOldGen       total 20480K, used 9614K [0x00000000e2400000, 0x00000000e3800000, 0x00000000f6180000)
  object space 20480K, 46% used [0x00000000e2400000,0x00000000e2d63ba8,0x00000000e3800000)
 Metaspace       used 11393K, capacity 11626K, committed 11904K, reserved 1060864K
  class space    used 1307K, capacity 1378K, committed 1408K, reserved 1048576K
}
Event: 11.492 GC heap before
{Heap before GC invocations=6 (full 0):
 PSYoungGen      total 9216K, used 8487K [0x00000000f6180000, 0x00000000f7580000, 0x0000000100000000)
  eden space 8192K, 91% used [0x00000000f6180000,0x00000000f68ca290,0x00000000f6980000)
  from space 1024K, 99% used [0x00000000f6980000,0x00000000f6a7fcf0,0x00000000f6a80000)
  to   space 6144K, 0% used [0x00000000f6f80000,0x00000000f6f80000,0x00000000f7580000)
 ParOldGen       total 20480K, used 9614K [0x00000000e2400000, 0x00000000e3800000, 0x00000000f6180000)
  object space 20480K, 46% used [0x00000000e2400000,0x00000000e2d63ba8,0x00000000e3800000)
 Metaspace       used 11702K, capacity 11914K, committed 12288K, reserved 1060864K
  class space    used 1335K, capacity 1410K, committed 1536K, reserved 1048576K
Event: 11.510 GC heap after
Heap after GC invocations=6 (full 0):
 PSYoungGen      total 13312K, used 5430K [0x00000000f6180000, 0x00000000f7780000, 0x0000000100000000)
  eden space 7168K, 0% used [0x00000000f6180000,0x00000000f6180000,0x00000000f6880000)
  from space 6144K, 88% used [0x00000000f6f80000,0x00000000f74cd8f8,0x00000000f7580000)
  to   space 7168K, 0% used [0x00000000f6880000,0x00000000f6880000,0x00000000f6f80000)
 ParOldGen       total 20480K, used 9614K [0x00000000e2400000, 0x00000000e3800000, 0x00000000f6180000)
  object space 20480K, 46% used [0x00000000e2400000,0x00000000e2d63ba8,0x00000000e3800000)
 Metaspace       used 11702K, capacity 11914K, committed 12288K, reserved 1060864K
  class space    used 1335K, capacity 1410K, committed 1536K, reserved 1048576K
}
Event: 152.018 GC heap before
{Heap before GC invocations=7 (full 0):
 PSYoungGen      total 13312K, used 12598K [0x00000000f6180000, 0x00000000f7780000, 0x0000000100000000)
  eden space 7168K, 100% used [0x00000000f6180000,0x00000000f6880000,0x00000000f6880000)
  from space 6144K, 88% used [0x00000000f6f80000,0x00000000f74cd8f8,0x00000000f7580000)
  to   space 7168K, 0% used [0x00000000f6880000,0x00000000f6880000,0x00000000f6f80000)
 ParOldGen       total 20480K, used 9614K [0x00000000e2400000, 0x00000000e3800000, 0x00000000f6180000)
  object space 20480K, 46% used [0x00000000e2400000,0x00000000e2d63ba8,0x00000000e3800000)
 Metaspace       used 12548K, capacity 12840K, committed 13056K, reserved 1060864K
  class space    used 1391K, capacity 1479K, committed 1536K, reserved 1048576K
Event: 152.044 GC heap after
Heap after GC invocations=7 (full 0):
 PSYoungGen      total 10752K, used 3322K [0x00000000f6180000, 0x00000000f7580000, 0x0000000100000000)
  eden space 7168K, 0% used [0x00000000f6180000,0x00000000f6180000,0x00000000f6880000)
  from space 3584K, 92% used [0x00000000f6880000,0x00000000f6bbea60,0x00000000f6c00000)
  to   space 6656K, 0% used [0x00000000f6f00000,0x00000000f6f00000,0x00000000f7580000)
 ParOldGen       total 20480K, used 10174K [0x00000000e2400000, 0x00000000e3800000, 0x00000000f6180000)
  object space 20480K, 49% used [0x00000000e2400000,0x00000000e2defbb8,0x00000000e3800000)
 Metaspace       used 12548K, capacity 12840K, committed 13056K, reserved 1060864K
  class space    used 1391K, capacity 1479K, committed 1536K, reserved 1048576K
}

Deoptimization events (10 events):
Event: 11.776 Thread 0x0000000018a70800 Uncommon trap: reason=unstable_if action=reinterpret pc=0x0000000004781e94 method=totalcross.ui.image.Image.getSmoothScaledInstance(II)Ltotalcross/ui/image/Image; @ 1436
Event: 11.839 Thread 0x0000000018a70800 Uncommon trap: reason=unstable_if action=reinterpret pc=0x0000000004787794 method=totalcross.ui.image.Image.getSmoothScaledInstance(II)Ltotalcross/ui/image/Image; @ 1208
Event: 14.134 Thread 0x0000000017935800 Uncommon trap: reason=unstable_if action=reinterpret pc=0x00000000049ca70c method=sun.awt.image.ImageRepresentation.getOpaqueRGBImage()Ljava/awt/image/BufferedImage; @ 57
Event: 14.436 Thread 0x0000000017935800 Uncommon trap: reason=unstable_if action=reinterpret pc=0x00000000049e9740 method=sun.awt.image.ImageRepresentation.getOpaqueRGBImage()Ljava/awt/image/BufferedImage; @ 71
Event: 14.545 Thread 0x0000000018a70800 Uncommon trap: reason=unstable_if action=reinterpret pc=0x0000000004740858 method=totalcross.ui.gfx.Graphics.addError([IIIIIIIIII)V @ 9
Event: 19.853 Thread 0x0000000018a70800 Uncommon trap: reason=unstable_if action=reinterpret pc=0x0000000004a10748 method=totalcross.ui.gfx.Graphics.translateAndClip(IIII)Z @ 29
Event: 19.933 Thread 0x0000000018a70800 Uncommon trap: reason=unstable_if action=reinterpret pc=0x00000000049efb84 method=totalcross.ui.image.Image.getSmoothScaledInstance(II)Ltotalcross/ui/image/Image; @ 715
Event: 19.934 Thread 0x0000000018a70800 Uncommon trap: reason=unstable_if action=reinterpret pc=0x00000000049c9740 method=totalcross.ui.image.Image.getSmoothScaledInstance(II)Ltotalcross/ui/image/Image; @ 715
Event: 20.040 Thread 0x0000000018a70800 Uncommon trap: reason=unstable_if action=reinterpret pc=0x0000000004a08860 method=totalcross.ui.gfx.Graphics.drawText(Ljava/lang/String;III)V @ 17
Event: 20.041 Thread 0x0000000018a70800 Uncommon trap: reason=unstable_if action=reinterpret pc=0x000000000475642c method=totalcross.ui.gfx.Graphics.drawText(Ljava/lang/String;III)V @ 1260

Internal exceptions (10 events):
Event: 150.052 Thread 0x0000000018b6c800 Exception <a 'java/lang/InterruptedException': sleep interrupted> (0x00000000f6863d30) thrown at [C:\re\workspace\8-2-build-windows-amd64-cygwin\jdk8u111\7883\hotspot\src\share\vm\prims\jvm.cpp, line 3224]
Event: 150.403 Thread 0x0000000018b6c800 Exception <a 'java/lang/InterruptedException': sleep interrupted> (0x00000000f6863fe0) thrown at [C:\re\workspace\8-2-build-windows-amd64-cygwin\jdk8u111\7883\hotspot\src\share\vm\prims\jvm.cpp, line 3224]
Event: 150.753 Thread 0x0000000018b6c800 Exception <a 'java/lang/InterruptedException': sleep interrupted> (0x00000000f6864290) thrown at [C:\re\workspace\8-2-build-windows-amd64-cygwin\jdk8u111\7883\hotspot\src\share\vm\prims\jvm.cpp, line 3224]
Event: 151.103 Thread 0x0000000018b6c800 Exception <a 'java/lang/InterruptedException': sleep interrupted> (0x00000000f6864540) thrown at [C:\re\workspace\8-2-build-windows-amd64-cygwin\jdk8u111\7883\hotspot\src\share\vm\prims\jvm.cpp, line 3224]
Event: 151.453 Thread 0x0000000018b6c800 Exception <a 'java/lang/InterruptedException': sleep interrupted> (0x00000000f68647f0) thrown at [C:\re\workspace\8-2-build-windows-amd64-cygwin\jdk8u111\7883\hotspot\src\share\vm\prims\jvm.cpp, line 3224]
Event: 151.804 Thread 0x0000000018b6c800 Exception <a 'java/lang/InterruptedException': sleep interrupted> (0x00000000f6864aa0) thrown at [C:\re\workspace\8-2-build-windows-amd64-cygwin\jdk8u111\7883\hotspot\src\share\vm\prims\jvm.cpp, line 3224]
Event: 152.006 Thread 0x0000000018a70800 Exception <a 'java/io/FileNotFoundException'> (0x00000000f686d0d8) thrown at [C:\re\workspace\8-2-build-windows-amd64-cygwin\jdk8u111\7883\hotspot\src\share\vm\prims\jni.cpp, line 709]
Event: 152.006 Thread 0x0000000018a70800 Exception <a 'java/io/FileNotFoundException'> (0x00000000f686db80) thrown at [C:\re\workspace\8-2-build-windows-amd64-cygwin\jdk8u111\7883\hotspot\src\share\vm\prims\jni.cpp, line 709]
Event: 152.007 Thread 0x0000000018a70800 Exception <a 'java/io/FileNotFoundException'> (0x00000000f686e970) thrown at [C:\re\workspace\8-2-build-windows-amd64-cygwin\jdk8u111\7883\hotspot\src\share\vm\prims\jni.cpp, line 709]
Event: 152.307 Thread 0x0000000018b6c800 Exception <a 'java/lang/InterruptedException': sleep interrupted> (0x00000000f619f240) thrown at [C:\re\workspace\8-2-build-windows-amd64-cygwin\jdk8u111\7883\hotspot\src\share\vm\prims\jvm.cpp, line 3224]

Events (10 events):
Event: 152.878 Executing VM operation: RevokeBias
Event: 152.878 Executing VM operation: RevokeBias done
Event: 152.878 Executing VM operation: RevokeBias
Event: 152.878 Executing VM operation: RevokeBias done
Event: 152.912 Executing VM operation: RevokeBias
Event: 152.912 Executing VM operation: RevokeBias done
Event: 152.913 Executing VM operation: RevokeBias
Event: 152.913 Executing VM operation: RevokeBias done
Event: 152.913 Executing VM operation: RevokeBias
Event: 152.914 Executing VM operation: RevokeBias done


Dynamic libraries:
0x00007ff74e200000 - 0x00007ff74e237000 	C:\Program Files\Java\jre1.8.0_111\bin\javaw.exe
0x00007ffdb3860000 - 0x00007ffdb3a40000 	C:\WINDOWS\SYSTEM32\ntdll.dll
0x00007ffdb30f0000 - 0x00007ffdb319e000 	C:\WINDOWS\System32\KERNEL32.DLL
0x00007ffdb0ac0000 - 0x00007ffdb0d26000 	C:\WINDOWS\System32\KERNELBASE.dll
0x00007ffdb1000000 - 0x00007ffdb10a1000 	C:\WINDOWS\System32\ADVAPI32.dll
0x00007ffdb3560000 - 0x00007ffdb35fd000 	C:\WINDOWS\System32\msvcrt.dll
0x00007ffdb31a0000 - 0x00007ffdb31fb000 	C:\WINDOWS\System32\sechost.dll
0x00007ffdb1240000 - 0x00007ffdb135f000 	C:\WINDOWS\System32\RPCRT4.dll
0x00007ffdb0d90000 - 0x00007ffdb0f1f000 	C:\WINDOWS\System32\USER32.dll
0x00007ffdb0110000 - 0x00007ffdb0130000 	C:\WINDOWS\System32\win32u.dll
0x00007ffdb3730000 - 0x00007ffdb3758000 	C:\WINDOWS\System32\GDI32.dll
0x00007ffdb0920000 - 0x00007ffdb0ab3000 	C:\WINDOWS\System32\gdi32full.dll
0x00007ffdb0130000 - 0x00007ffdb01cb000 	C:\WINDOWS\System32\msvcp_win.dll
0x00007ffdafc60000 - 0x00007ffdafd56000 	C:\WINDOWS\System32\ucrtbase.dll
0x00007ffd9f5d0000 - 0x00007ffd9f839000 	C:\WINDOWS\WinSxS\amd64_microsoft.windows.common-controls_6595b64144ccf1df_6.0.16299.431_none_15c7d3ee93659e73\COMCTL32.dll
0x00007ffdb1920000 - 0x00007ffdb1c28000 	C:\WINDOWS\System32\combase.dll
0x00007ffdaff80000 - 0x00007ffdafff2000 	C:\WINDOWS\System32\bcryptPrimitives.dll
0x00007ffdb1160000 - 0x00007ffdb118d000 	C:\WINDOWS\System32\IMM32.DLL
0x00000000528b0000 - 0x0000000052982000 	C:\Program Files\Java\jre1.8.0_111\bin\msvcr100.dll
0x0000000052b50000 - 0x00000000533ea000 	C:\Program Files\Java\jre1.8.0_111\bin\server\jvm.dll
0x00007ffdb30e0000 - 0x00007ffdb30e8000 	C:\WINDOWS\System32\PSAPI.DLL
0x00007ffdab9f0000 - 0x00007ffdab9f9000 	C:\WINDOWS\SYSTEM32\WSOCK32.dll
0x00007ffdadf40000 - 0x00007ffdadf63000 	C:\WINDOWS\SYSTEM32\WINMM.dll
0x00007ffdb3070000 - 0x00007ffdb30dc000 	C:\WINDOWS\System32\WS2_32.dll
0x00007ffda15e0000 - 0x00007ffda15ea000 	C:\WINDOWS\SYSTEM32\VERSION.dll
0x00007ffdadee0000 - 0x00007ffdadf0a000 	C:\WINDOWS\SYSTEM32\winmmbase.dll
0x00007ffdafd60000 - 0x00007ffdafdaa000 	C:\WINDOWS\System32\cfgmgr32.dll
0x0000000052a60000 - 0x0000000052a6f000 	C:\Program Files\Java\jre1.8.0_111\bin\verify.dll
0x0000000052a30000 - 0x0000000052a59000 	C:\Program Files\Java\jre1.8.0_111\bin\java.dll
0x0000000052a10000 - 0x0000000052a26000 	C:\Program Files\Java\jre1.8.0_111\bin\zip.dll
0x00007ffdb1c30000 - 0x00007ffdb3068000 	C:\WINDOWS\System32\SHELL32.dll
0x00007ffdb1190000 - 0x00007ffdb1236000 	C:\WINDOWS\System32\shcore.dll
0x00007ffdb01d0000 - 0x00007ffdb0917000 	C:\WINDOWS\System32\windows.storage.dll
0x00007ffdb0fa0000 - 0x00007ffdb0ff1000 	C:\WINDOWS\System32\shlwapi.dll
0x00007ffdafc20000 - 0x00007ffdafc31000 	C:\WINDOWS\System32\kernel.appcore.dll
0x00007ffdafbb0000 - 0x00007ffdafbfc000 	C:\WINDOWS\System32\powrprof.dll
0x00007ffdafc40000 - 0x00007ffdafc5b000 	C:\WINDOWS\System32\profapi.dll
0x0000000052710000 - 0x00000000528a8000 	C:\Program Files\Java\jre1.8.0_111\bin\awt.dll
0x00007ffdb3760000 - 0x00007ffdb3825000 	C:\WINDOWS\System32\OLEAUT32.dll
0x00007ffdae060000 - 0x00007ffdae0e8000 	C:\WINDOWS\SYSTEM32\apphelp.dll
0x00007ffdae450000 - 0x00007ffdae47a000 	C:\WINDOWS\system32\DWMAPI.DLL
0x00007ffdae1e0000 - 0x00007ffdae275000 	C:\WINDOWS\system32\uxtheme.dll
0x00007ffdb17b0000 - 0x00007ffdb1917000 	C:\WINDOWS\System32\MSCTF.dll
0x00007ffd99800000 - 0x00007ffd9987f000 	C:\Program Files (x86)\TeamViewer\tv_x64.dll
0x00007ffdb3200000 - 0x00007ffdb3349000 	C:\WINDOWS\System32\ole32.dll
0x00000000526c0000 - 0x0000000052707000 	C:\Program Files\Java\jre1.8.0_111\bin\fontmanager.dll
0x00007ffd9afc0000 - 0x00007ffd9b055000 	C:\WINDOWS\system32\RICHED20.DLL
0x00007ffd87ea0000 - 0x00007ffd87eb9000 	C:\WINDOWS\SYSTEM32\USP10.dll
0x00007ffd9af80000 - 0x00007ffd9afb8000 	C:\WINDOWS\SYSTEM32\msls31.dll
0x00007ffdb10b0000 - 0x00007ffdb114e000 	C:\WINDOWS\System32\clbcatq.dll
0x00007ffdaf6b0000 - 0x00007ffdaf6d5000 	C:\WINDOWS\system32\bcrypt.dll
0x00007ffda4f20000 - 0x00007ffda4fb8000 	C:\WINDOWS\System32\TextInputFramework.dll
0x00007ffdaa720000 - 0x00007ffdaaa0e000 	C:\WINDOWS\System32\CoreUIComponents.dll
0x00007ffdad0d0000 - 0x00007ffdad1ac000 	C:\WINDOWS\System32\CoreMessaging.dll
0x00007ffdaece0000 - 0x00007ffdaed11000 	C:\WINDOWS\SYSTEM32\ntmarta.dll
0x00007ffdac050000 - 0x00007ffdac186000 	C:\WINDOWS\SYSTEM32\wintypes.dll
0x00000000529f0000 - 0x0000000052a0a000 	C:\Program Files\Java\jre1.8.0_111\bin\net.dll
0x00007ffdaf3e0000 - 0x00007ffdaf446000 	C:\WINDOWS\system32\mswsock.dll
0x00007ffdaf5a0000 - 0x00007ffdaf5b7000 	C:\WINDOWS\SYSTEM32\CRYPTSP.dll
0x00007ffdaefe0000 - 0x00007ffdaf013000 	C:\WINDOWS\system32\rsaenh.dll
0x00007ffdafab0000 - 0x00007ffdafad9000 	C:\WINDOWS\SYSTEM32\USERENV.dll
0x00007ffdaf5c0000 - 0x00007ffdaf5cb000 	C:\WINDOWS\SYSTEM32\CRYPTBASE.dll
0x00007ffdaf170000 - 0x00007ffdaf1a9000 	C:\WINDOWS\SYSTEM32\IPHLPAPI.DLL
0x00007ffdb3350000 - 0x00007ffdb3358000 	C:\WINDOWS\System32\NSI.dll
0x00007ffdaf1b0000 - 0x00007ffdaf266000 	C:\WINDOWS\SYSTEM32\DNSAPI.dll
0x00007ffda4840000 - 0x00007ffda484a000 	C:\Windows\System32\rasadhlp.dll
0x00007ffdaa480000 - 0x00007ffdaa496000 	C:\WINDOWS\SYSTEM32\dhcpcsvc6.DLL
0x00007ffdaa4e0000 - 0x00007ffdaa4fa000 	C:\WINDOWS\SYSTEM32\dhcpcsvc.DLL
0x00007ffda7050000 - 0x00007ffda70c0000 	C:\WINDOWS\System32\fwpuclnt.dll
0x00000000529d0000 - 0x00000000529e1000 	C:\Program Files\Java\jre1.8.0_111\bin\nio.dll
0x00007ffda09b0000 - 0x00007ffda0b78000 	C:\WINDOWS\SYSTEM32\dbghelp.dll

VM Arguments:
jvm_args: -Dfile.encoding=Cp1252 
java_command: totalcross.Launcher /r 544353541A8E8B2A28D5B8E0 com.app.app
java_class_path (initial): C:\Program Files\Java\jre1.8.0_111\lib\resources.jar;C:\Program Files\Java\jre1.8.0_111\lib\rt.jar;C:\Program Files\Java\jre1.8.0_111\lib\jsse.jar;C:\Program Files\Java\jre1.8.0_111\lib\jce.jar;C:\Program Files\Java\jre1.8.0_111\lib\charsets.jar;C:\Program Files\Java\jre1.8.0_111\lib\jfr.jar;C:\Program Files\Java\jre1.8.0_111\lib\ext\access-bridge-64.jar;C:\Program Files\Java\jre1.8.0_111\lib\ext\cldrdata.jar;C:\Program Files\Java\jre1.8.0_111\lib\ext\dnsns.jar;C:\Program Files\Java\jre1.8.0_111\lib\ext\jaccess.jar;C:\Program Files\Java\jre1.8.0_111\lib\ext\jfxrt.jar;C:\Program Files\Java\jre1.8.0_111\lib\ext\localedata.jar;C:\Program Files\Java\jre1.8.0_111\lib\ext\nashorn.jar;C:\Program Files\Java\jre1.8.0_111\lib\ext\sunec.jar;C:\Program Files\Java\jre1.8.0_111\lib\ext\sunjce_provider.jar;C:\Program Files\Java\jre1.8.0_111\lib\ext\sunmscapi.jar;C:\Program Files\Java\jre1.8.0_111\lib\ext\sunpkcs11.jar;C:\Program Files\Java\jre1.8.0_111\lib\ext\zipfs.jar;C:\Users\marci\eclipse-workspace\app\target\classes;C:\Users\marci\.m2\repository\com\totalcross\utils\tc-utilities\0.0.1-SNAPSHOT\tc-utilities-0.0.1-SNAPSHOT.jar;C:\Users\marci\.m2\repository\com\totalcross\utils\magical-utils\0.0.1-SNAPSHOT\magical-utils-0.0.1-SNAPSHOT.jar;C:\Users\marci\.m2\repository\com\totalcross\totalcross-sdk\4.1.0\totalcross-sdk-4.1.0.jar;C:\Users\marci\.m2\repository\org\vafer\jdeb\0.7\jdeb-0.7.jar;C:\Users\marci\.m2\repository\org\apache\maven\maven-plugin-api\2.0.5\maven-plugin-api-2.0.5.jar;C:\Users\marci\.m2\repository\org\apache\maven\maven-project\2.0.5\maven-project-2.0.5.jar;C:\Users\marci\.m2\repository\org\apache\maven\maven-settings\2.0.5\maven-settings-2.0.5.jar;C:\Users\marci\.m2\repository\org\apache\maven\maven-profile\2.0.5\maven-profile-2.0.5.jar;C:\Users\marci\.m2\repository\org\apache\maven\maven-model\2.0.5\maven-model-2.0.5.jar;C:\Users\marci\.m2\repository\org\apache\maven\maven-artifact-manager\2.0.5\maven-artifact-manager-2.0.5.jar;C:\U
Launcher Type: SUN_STANDARD

Environment Variables:
JAVA_HOME=C:\Program Files\Java\jdk1.8.0_111
PATH=C:/Program Files/Java/jre1.8.0_111/bin/server;C:/Program Files/Java/jre1.8.0_111/bin;C:/Program Files/Java/jre1.8.0_111/lib/amd64;C:\ProgramData\Oracle\Java\javapath;C:\Program Files (x86)\Intel\TXE Components\TCS\;C:\Program Files\Intel\TXE Components\TCS\;C:\WINDOWS\system32;C:\WINDOWS;C:\WINDOWS\System32\Wbem;C:\WINDOWS\System32\WindowsPowerShell\v1.0\;C:\Program Files\Intel\TXE Components\DAL\;C:\Program Files (x86)\Intel\TXE Components\DAL\;C:\Program Files\Intel\TXE Components\IPT\;C:\Program Files (x86)\Intel\TXE Components\IPT\;C:\Program Files\Java\jdk1.8.0_111\bin;C:\TotalCross3\dist\vm\win32;C:\Users\marci\AppData\Local\Microsoft\WindowsApps;c:\TotalCross3\dist\vm\win32;C:\Program Files\Java\jdk1.8.0_111\bin;;C:\Users\marci\Desktop;
USERNAME=marci
OS=Windows_NT
PROCESSOR_IDENTIFIER=Intel64 Family 6 Model 76 Stepping 4, GenuineIntel



---------------  S Y S T E M  ---------------

OS: Windows 10.0 , 64 bit Build 16299 (10.0.16299.431)

CPU:total 2 (2 cores per cpu, 1 threads per core) family 6 model 76 stepping 4, cmov, cx8, fxsr, mmx, sse, sse2, sse3, ssse3, sse4.1, sse4.2, popcnt, aes, clmul, erms, 3dnowpref, tsc, tscinvbit

Memory: 4k page, physical 1946148k(190096k free), swap 4547588k(639668k free)

vm_info: Java HotSpot(TM) 64-Bit Server VM (25.111-b14) for windows-amd64 JRE (1.8.0_111-b14), built on Sep 22 2016 19:24:05 by "java_re" with MS VC++ 10.0 (VS2010)

time: Fri Jun 01 21:15:06 2018
elapsed time: 153 seconds (0d 0h 2m 33s)

