#
# A fatal error has been detected by the Java Runtime Environment:
#
#  EXCEPTION_ACCESS_VIOLATION (0xc0000005) at pc=0x000000006be42be0, pid=4440, tid=0x0000000000000a8c
#
# JRE version: Java(TM) SE Runtime Environment (8.0_111-b14) (build 1.8.0_111-b14)
# Java VM: Java HotSpot(TM) 64-Bit Server VM (25.111-b14 mixed mode windows-amd64 compressed oops)
# Problematic frame:
# C  0x000000006be42be0
#
# Failed to write core dump. Minidumps are not enabled by default on client versions of Windows
#
# If you would like to submit a bug report, please visit:
#   http://bugreport.java.com/bugreport/crash.jsp
# The crash happened outside the Java Virtual Machine in native code.
# See problematic frame for where to report the bug.
#

---------------  T H R E A D  ---------------

Current thread (0x0000000017e01000):  JavaThread "Secondary finalizer" [_thread_in_native, id=2700, stack(0x000000001ce20000,0x000000001cf20000)]

siginfo: ExceptionCode=0xc0000005, ExceptionInformation=0x0000000000000008 0x000000006be42be0

Registers:
RAX=0x000000006be42be0, RBX=0x00000000194990e0, RCX=0x0000000017e011f8, RDX=0x000000001cf1efd8
RSP=0x000000001cf1ef38, RBP=0x000000001cf1efb8, RSI=0x0000000000000108, RDI=0x0000000000000712
R8 =0x0000000000000005, R9 =0x00000000e2e2b8c8, R10=0x0000000004d6848b, R11=0x0000000052d7b580
R12=0x0000000000000000, R13=0x00000000194990e0, R14=0x000000001cf1efd8, R15=0x0000000017e01000
RIP=0x000000006be42be0, EFLAGS=0x0000000000010206

Top of Stack: (sp=0x000000001cf1ef38)
0x000000001cf1ef38:   0000000004d684b7 000000001cf1efd9
0x000000001cf1ef48:   0000000052c0a598 00000000177c45a0
0x000000001cf1ef58:   0000000017e01000 000000001cf1f040
0x000000001cf1ef68:   0000000000000000 00000000e2e2b8c8
0x000000001cf1ef78:   000000001cf1ef68 0000000000000000
0x000000001cf1ef88:   000000001cf1efd8 00000000194c4710
0x000000001cf1ef98:   0000000000000000 00000000194990e0
0x000000001cf1efa8:   0000000000000000 000000001cf1efd8
0x000000001cf1efb8:   000000001cf1f040 0000000004d5835d
0x000000001cf1efc8:   0000000000000000 0000000004d619d8
0x000000001cf1efd8:   00000000e2e2b8c8 00000000e2e2b900
0x000000001cf1efe8:   0000000000000000 0000000000000001
0x000000001cf1eff8:   00000000e2e2b8c8 000000001cf1efe0
0x000000001cf1f008:   0000000019493ebe 000000001cf1f078
0x000000001cf1f018:   00000000194c3f20 0000000000000000
0x000000001cf1f028:   0000000019493f58 000000001cf1efd8 

Instructions: (pc=0x000000006be42be0)
0x000000006be42bc0:   
[error occurred during error reporting (printing registers, top of stack, instructions near pc), id 0xc0000005]

Register to memory mapping:

RAX=0x000000006be42be0 is an unknown value
RBX={method} {0x00000000194990e8} 'free_functions' '()V' in 'org/sqlite/core/NativeDB'
RCX=0x0000000017e011f8 is an unknown value
RDX=0x000000001cf1efd8 is pointing into the stack for thread: 0x0000000017e01000
RSP=0x000000001cf1ef38 is pointing into the stack for thread: 0x0000000017e01000
RBP=0x000000001cf1efb8 is pointing into the stack for thread: 0x0000000017e01000
RSI=0x0000000000000108 is an unknown value
RDI=0x0000000000000712 is an unknown value
R8 =0x0000000000000005 is an unknown value
R9 =0x00000000e2e2b8c8 is an oop
org.sqlite.core.NativeDB 
 - klass: 'org/sqlite/core/NativeDB'
R10=0x0000000004d6848b is at code_begin+1227 in an Interpreter codelet
method entry point (kind = native_synchronized)  [0x0000000004d67fc0, 0x0000000004d68aa0]  2784 bytes
R11=0x0000000052d7b580 is an unknown value
R12=0x0000000000000000 is an unknown value
R13={method} {0x00000000194990e8} 'free_functions' '()V' in 'org/sqlite/core/NativeDB'
R14=0x000000001cf1efd8 is pointing into the stack for thread: 0x0000000017e01000
R15=0x0000000017e01000 is a thread


Stack: [0x000000001ce20000,0x000000001cf20000],  sp=0x000000001cf1ef38,  free space=1019k
Native frames: (J=compiled Java code, j=interpreted, Vv=VM code, C=native code)
C  0x000000006be42be0

Java frames: (J=compiled Java code, j=interpreted, Vv=VM code)
j  org.sqlite.core.NativeDB.free_functions()V+0
j  org.sqlite.core.DB.close()V+102
j  org.sqlite.core.CoreConnection.close()V+26
j  org.sqlite.core.CoreConnection.finalize()V+1
J 1370 C1 java.lang.ref.Finalizer.runFinalizer(Lsun/misc/JavaLangAccess;)V (62 bytes) @ 0x000000000505c14c [0x000000000505bbc0+0x58c]
J 1363 C1 java.lang.ref.Finalizer.access$100(Ljava/lang/ref/Finalizer;Lsun/misc/JavaLangAccess;)V (6 bytes) @ 0x00000000050582dc [0x0000000005058280+0x5c]
j  java.lang.ref.Finalizer$3.run()V+58
j  java.lang.Thread.run()V+11
v  ~StubRoutines::call_stub

---------------  P R O C E S S  ---------------

Java Threads: ( => current thread )
=>0x0000000017e01000 JavaThread "Secondary finalizer" [_thread_in_native, id=2700, stack(0x000000001ce20000,0x000000001cf20000)]
  0x0000000017dfe000 JavaThread "Image Fetcher 2" daemon [_thread_blocked, id=6228, stack(0x000000001ca20000,0x000000001cb20000)]
  0x0000000017e00000 JavaThread "Image Fetcher 1" daemon [_thread_blocked, id=6648, stack(0x000000001c920000,0x000000001ca20000)]
  0x0000000017e03000 JavaThread "Image Fetcher 0" daemon [_thread_blocked, id=3272, stack(0x000000001c820000,0x000000001c920000)]
  0x0000000019615000 JavaThread "TC Event Thread" daemon [_thread_blocked, id=1996, stack(0x000000001b120000,0x000000001b220000)]
  0x0000000004c52800 JavaThread "DestroyJavaVM" [_thread_blocked, id=4600, stack(0x0000000004a70000,0x0000000004b70000)]
  0x0000000017e4c000 JavaThread "AWT-EventQueue-0" [_thread_blocked, id=5868, stack(0x0000000018700000,0x0000000018800000)]
  0x0000000017e2b800 JavaThread "AWT-Shutdown" [_thread_blocked, id=6096, stack(0x0000000018440000,0x0000000018540000)]
  0x0000000017e2a800 JavaThread "Java2D Disposer" daemon [_thread_blocked, id=4748, stack(0x0000000018340000,0x0000000018440000)]
  0x0000000015d9b000 JavaThread "Service Thread" daemon [_thread_blocked, id=4400, stack(0x0000000017060000,0x0000000017160000)]
  0x0000000015d4c800 JavaThread "C1 CompilerThread1" daemon [_thread_blocked, id=4680, stack(0x0000000016f60000,0x0000000017060000)]
  0x0000000015d2c800 JavaThread "C2 CompilerThread0" daemon [_thread_blocked, id=5308, stack(0x0000000016e60000,0x0000000016f60000)]
  0x0000000015d2b000 JavaThread "Attach Listener" daemon [_thread_blocked, id=5272, stack(0x0000000016d60000,0x0000000016e60000)]
  0x0000000015d28000 JavaThread "Signal Dispatcher" daemon [_thread_blocked, id=264, stack(0x0000000016c60000,0x0000000016d60000)]
  0x0000000015d18800 JavaThread "Finalizer" daemon [_thread_blocked, id=5204, stack(0x0000000016960000,0x0000000016a60000)]
  0x0000000004d3f800 JavaThread "Reference Handler" daemon [_thread_blocked, id=580, stack(0x0000000016860000,0x0000000016960000)]

Other Threads:
  0x0000000015cf5800 VMThread [stack: 0x0000000016760000,0x0000000016860000] [id=6936]
  0x0000000015dc2000 WatcherThread [stack: 0x0000000017560000,0x0000000017660000] [id=212]

VM state:not at safepoint (normal execution)

VM Mutex/Monitor currently owned by a thread: None

Heap:
 PSYoungGen      total 16896K, used 9980K [0x00000000f6180000, 0x00000000f7f00000, 0x0000000100000000)
  eden space 15872K, 56% used [0x00000000f6180000,0x00000000f6a45718,0x00000000f7100000)
  from space 1024K, 97% used [0x00000000f7180000,0x00000000f7279938,0x00000000f7280000)
  to   space 7168K, 0% used [0x00000000f7800000,0x00000000f7800000,0x00000000f7f00000)
 ParOldGen       total 20480K, used 12179K [0x00000000e2400000, 0x00000000e3800000, 0x00000000f6180000)
  object space 20480K, 59% used [0x00000000e2400000,0x00000000e2fe4c30,0x00000000e3800000)
 Metaspace       used 12873K, capacity 13084K, committed 13440K, reserved 1060864K
  class space    used 1476K, capacity 1539K, committed 1664K, reserved 1048576K

Card table byte_map: [0x0000000014110000,0x0000000014200000] byte_map_base: 0x00000000139fe000

Marking Bits: (ParMarkBitMap*) 0x000000005336a6c0
 Begin Bits: [0x0000000014400000, 0x0000000014b70000)
 End Bits:   [0x0000000014b70000, 0x00000000152e0000)

Polling page: 0x0000000002f90000

CodeCache: size=245760Kb used=4512Kb max_used=4647Kb free=241247Kb
 bounds [0x0000000004d50000, 0x00000000051f0000, 0x0000000013d50000]
 total_blobs=1683 nmethods=1194 adapters=402
 compilation: enabled

Compilation events (10 events):
Event: 74.145 Thread 0x0000000015d4c800 nmethod 1371 0x0000000005016350 code [0x00000000050164c0, 0x00000000050166a8]
Event: 74.145 Thread 0x0000000015d4c800 1372       3       java.io.FileInputStream::access$000 (5 bytes)
Event: 74.145 Thread 0x0000000015d4c800 nmethod 1372 0x0000000005015fd0 code [0x0000000005016140, 0x00000000050162a8]
Event: 74.146 Thread 0x0000000015d4c800 1373       3       java.lang.ref.Finalizer::access$200 (4 bytes)
Event: 74.146 Thread 0x0000000015d4c800 nmethod 1373 0x0000000005015cd0 code [0x0000000005015e20, 0x0000000005015f50]
Event: 74.146 Thread 0x0000000015d4c800 1374       3       java.lang.ref.Finalizer::access$300 (4 bytes)
Event: 74.146 Thread 0x0000000015d4c800 nmethod 1374 0x00000000050159d0 code [0x0000000005015b20, 0x0000000005015c50]
Event: 74.147 Thread 0x0000000015d4c800 1375       3       java.lang.ref.Finalizer::access$302 (6 bytes)
Event: 74.147 Thread 0x0000000015d4c800 nmethod 1375 0x00000000050156d0 code [0x0000000005015820, 0x0000000005015970]
Event: 74.148 Thread 0x0000000015d4c800 1376       3       java.util.ArrayDeque::poll (5 bytes)

GC Heap History (10 events):
Event: 1.516 GC heap before
{Heap before GC invocations=1 (full 0):
 PSYoungGen      total 9216K, used 8192K [0x00000000f6180000, 0x00000000f6b80000, 0x0000000100000000)
  eden space 8192K, 100% used [0x00000000f6180000,0x00000000f6980000,0x00000000f6980000)
  from space 1024K, 0% used [0x00000000f6a80000,0x00000000f6a80000,0x00000000f6b80000)
  to   space 1024K, 0% used [0x00000000f6980000,0x00000000f6980000,0x00000000f6a80000)
 ParOldGen       total 20480K, used 0K [0x00000000e2400000, 0x00000000e3800000, 0x00000000f6180000)
  object space 20480K, 0% used [0x00000000e2400000,0x00000000e2400000,0x00000000e3800000)
 Metaspace       used 5493K, capacity 5578K, committed 5760K, reserved 1056768K
  class space    used 585K, capacity 622K, committed 640K, reserved 1048576K
Event: 1.524 GC heap after
Heap after GC invocations=1 (full 0):
 PSYoungGen      total 9216K, used 1008K [0x00000000f6180000, 0x00000000f6b80000, 0x0000000100000000)
  eden space 8192K, 0% used [0x00000000f6180000,0x00000000f6180000,0x00000000f6980000)
  from space 1024K, 98% used [0x00000000f6980000,0x00000000f6a7c010,0x00000000f6a80000)
  to   space 1024K, 0% used [0x00000000f6a80000,0x00000000f6a80000,0x00000000f6b80000)
 ParOldGen       total 20480K, used 966K [0x00000000e2400000, 0x00000000e3800000, 0x00000000f6180000)
  object space 20480K, 4% used [0x00000000e2400000,0x00000000e24f1ad0,0x00000000e3800000)
 Metaspace       used 5493K, capacity 5578K, committed 5760K, reserved 1056768K
  class space    used 585K, capacity 622K, committed 640K, reserved 1048576K
}
Event: 2.915 GC heap before
{Heap before GC invocations=2 (full 0):
 PSYoungGen      total 9216K, used 9200K [0x00000000f6180000, 0x00000000f6b80000, 0x0000000100000000)
  eden space 8192K, 100% used [0x00000000f6180000,0x00000000f6980000,0x00000000f6980000)
  from space 1024K, 98% used [0x00000000f6980000,0x00000000f6a7c010,0x00000000f6a80000)
  to   space 1024K, 0% used [0x00000000f6a80000,0x00000000f6a80000,0x00000000f6b80000)
 ParOldGen       total 20480K, used 966K [0x00000000e2400000, 0x00000000e3800000, 0x00000000f6180000)
  object space 20480K, 4% used [0x00000000e2400000,0x00000000e24f1ad0,0x00000000e3800000)
 Metaspace       used 9411K, capacity 9666K, committed 9856K, reserved 1058816K
  class space    used 1089K, capacity 1152K, committed 1152K, reserved 1048576K
Event: 2.945 GC heap after
Heap after GC invocations=2 (full 0):
 PSYoungGen      total 9216K, used 992K [0x00000000f6180000, 0x00000000f7380000, 0x0000000100000000)
  eden space 8192K, 0% used [0x00000000f6180000,0x00000000f6180000,0x00000000f6980000)
  from space 1024K, 96% used [0x00000000f6a80000,0x00000000f6b78020,0x00000000f6b80000)
  to   space 1024K, 0% used [0x00000000f6980000,0x00000000f6980000,0x00000000f6a80000)
 ParOldGen       total 20480K, used 3952K [0x00000000e2400000, 0x00000000e3800000, 0x00000000f6180000)
  object space 20480K, 19% used [0x00000000e2400000,0x00000000e27dc1c8,0x00000000e3800000)
 Metaspace       used 9411K, capacity 9666K, committed 9856K, reserved 1058816K
  class space    used 1089K, capacity 1152K, committed 1152K, reserved 1048576K
}
Event: 3.852 GC heap before
{Heap before GC invocations=3 (full 0):
 PSYoungGen      total 9216K, used 9184K [0x00000000f6180000, 0x00000000f7380000, 0x0000000100000000)
  eden space 8192K, 100% used [0x00000000f6180000,0x00000000f6980000,0x00000000f6980000)
  from space 1024K, 96% used [0x00000000f6a80000,0x00000000f6b78020,0x00000000f6b80000)
  to   space 1024K, 0% used [0x00000000f6980000,0x00000000f6980000,0x00000000f6a80000)
 ParOldGen       total 20480K, used 3952K [0x00000000e2400000, 0x00000000e3800000, 0x00000000f6180000)
  object space 20480K, 19% used [0x00000000e2400000,0x00000000e27dc1c8,0x00000000e3800000)
 Metaspace       used 9679K, capacity 9890K, committed 10240K, reserved 1058816K
  class space    used 1114K, capacity 1184K, committed 1280K, reserved 1048576K
Event: 3.867 GC heap after
Heap after GC invocations=3 (full 0):
 PSYoungGen      total 9216K, used 1017K [0x00000000f6180000, 0x00000000f7380000, 0x0000000100000000)
  eden space 8192K, 0% used [0x00000000f6180000,0x00000000f6180000,0x00000000f6980000)
  from space 1024K, 99% used [0x00000000f6980000,0x00000000f6a7e738,0x00000000f6a80000)
  to   space 1024K, 0% used [0x00000000f7280000,0x00000000f7280000,0x00000000f7380000)
 ParOldGen       total 20480K, used 8275K [0x00000000e2400000, 0x00000000e3800000, 0x00000000f6180000)
  object space 20480K, 40% used [0x00000000e2400000,0x00000000e2c14cb8,0x00000000e3800000)
 Metaspace       used 9679K, capacity 9890K, committed 10240K, reserved 1058816K
  class space    used 1114K, capacity 1184K, committed 1280K, reserved 1048576K
}
Event: 5.772 GC heap before
{Heap before GC invocations=4 (full 0):
 PSYoungGen      total 9216K, used 9209K [0x00000000f6180000, 0x00000000f7380000, 0x0000000100000000)
  eden space 8192K, 100% used [0x00000000f6180000,0x00000000f6980000,0x00000000f6980000)
  from space 1024K, 99% used [0x00000000f6980000,0x00000000f6a7e738,0x00000000f6a80000)
  to   space 1024K, 0% used [0x00000000f7280000,0x00000000f7280000,0x00000000f7380000)
 ParOldGen       total 20480K, used 8275K [0x00000000e2400000, 0x00000000e3800000, 0x00000000f6180000)
  object space 20480K, 40% used [0x00000000e2400000,0x00000000e2c14cb8,0x00000000e3800000)
 Metaspace       used 9940K, capacity 10178K, committed 10496K, reserved 1058816K
  class space    used 1142K, capacity 1216K, committed 1280K, reserved 1048576K
Event: 5.777 GC heap after
Heap after GC invocations=4 (full 0):
 PSYoungGen      total 17408K, used 1017K [0x00000000f6180000, 0x00000000f7380000, 0x0000000100000000)
  eden space 16384K, 0% used [0x00000000f6180000,0x00000000f6180000,0x00000000f7180000)
  from space 1024K, 99% used [0x00000000f7280000,0x00000000f737e750,0x00000000f7380000)
  to   space 1024K, 0% used [0x00000000f7180000,0x00000000f7180000,0x00000000f7280000)
 ParOldGen       total 20480K, used 8448K [0x00000000e2400000, 0x00000000e3800000, 0x00000000f6180000)
  object space 20480K, 41% used [0x00000000e2400000,0x00000000e2c400e8,0x00000000e3800000)
 Metaspace       used 9940K, capacity 10178K, committed 10496K, reserved 1058816K
  class space    used 1142K, capacity 1216K, committed 1280K, reserved 1048576K
}
Event: 23.983 GC heap before
{Heap before GC invocations=5 (full 0):
 PSYoungGen      total 17408K, used 17401K [0x00000000f6180000, 0x00000000f7380000, 0x0000000100000000)
  eden space 16384K, 100% used [0x00000000f6180000,0x00000000f7180000,0x00000000f7180000)
  from space 1024K, 99% used [0x00000000f7280000,0x00000000f737e750,0x00000000f7380000)
  to   space 1024K, 0% used [0x00000000f7180000,0x00000000f7180000,0x00000000f7280000)
 ParOldGen       total 20480K, used 8448K [0x00000000e2400000, 0x00000000e3800000, 0x00000000f6180000)
  object space 20480K, 41% used [0x00000000e2400000,0x00000000e2c400e8,0x00000000e3800000)
 Metaspace       used 12451K, capacity 12688K, committed 12928K, reserved 1060864K
  class space    used 1459K, capacity 1539K, committed 1664K, reserved 1048576K
Event: 23.997 GC heap after
Heap after GC invocations=5 (full 0):
 PSYoungGen      total 16896K, used 998K [0x00000000f6180000, 0x00000000f7f00000, 0x0000000100000000)
  eden space 15872K, 0% used [0x00000000f6180000,0x00000000f6180000,0x00000000f7100000)
  from space 1024K, 97% used [0x00000000f7180000,0x00000000f7279938,0x00000000f7280000)
  to   space 7168K, 0% used [0x00000000f7800000,0x00000000f7800000,0x00000000f7f00000)
 ParOldGen       total 20480K, used 12179K [0x00000000e2400000, 0x00000000e3800000, 0x00000000f6180000)
  object space 20480K, 59% used [0x00000000e2400000,0x00000000e2fe4c30,0x00000000e3800000)
 Metaspace       used 12451K, capacity 12688K, committed 12928K, reserved 1060864K
  class space    used 1459K, capacity 1539K, committed 1664K, reserved 1048576K
}

Deoptimization events (10 events):
Event: 24.011 Thread 0x0000000017e00000 Uncommon trap: reason=class_check action=maybe_recompile pc=0x00000000050bb934 method=java.io.BufferedInputStream.read1([BII)I @ 39
Event: 24.110 Thread 0x0000000019615000 Uncommon trap: reason=unstable_if action=reinterpret pc=0x0000000005171d68 method=totalcross.ui.gfx.Graphics.fillRect(IIII)V @ 9
Event: 24.113 Thread 0x0000000019615000 Uncommon trap: reason=unstable_if action=reinterpret pc=0x000000000514262c method=totalcross.ui.gfx.Graphics.translateAndClip(IIII)Z @ 29
Event: 24.119 Thread 0x0000000019615000 Uncommon trap: reason=unstable_if action=reinterpret pc=0x0000000005176d04 method=totalcross.ui.gfx.Graphics.drawText(Ljava/lang/String;III)V @ 254
Event: 62.113 Thread 0x0000000019615000 Uncommon trap: reason=unstable_if action=reinterpret pc=0x0000000004fa7d40 method=totalcross.ui.Control.refreshGraphics(Ltotalcross/ui/gfx/Graphics;ILtotalcross/ui/Control;II)Ltotalcross/ui/gfx/Graphics; @ 171
Event: 62.113 Thread 0x0000000019615000 Uncommon trap: reason=unstable_if action=reinterpret pc=0x00000000051ab9fc method=totalcross.ui.gfx.Graphics.drawText(Ljava/lang/String;III)V @ 211
Event: 62.113 Thread 0x0000000019615000 Uncommon trap: reason=unstable_if action=reinterpret pc=0x0000000005146aec method=totalcross.ui.gfx.Graphics.drawText(Ljava/lang/String;III)V @ 1109
Event: 62.157 Thread 0x0000000019615000 Uncommon trap: reason=unstable_if action=reinterpret pc=0x0000000004fdec04 method=totalcross.ui.gfx.Graphics.translateAndClip(IIII)Z @ 164
Event: 65.925 Thread 0x0000000019615000 Uncommon trap: reason=unstable_if action=reinterpret pc=0x0000000005180728 method=totalcross.ui.gfx.Graphics.translateAndClip(IIII)Z @ 29
Event: 65.925 Thread 0x0000000019615000 Uncommon trap: reason=unstable_if action=reinterpret pc=0x00000000051433a0 method=totalcross.ui.gfx.Graphics.translateAndClip(IIII)Z @ 29

Internal exceptions (10 events):
Event: 72.395 Thread 0x0000000018253000 Exception <a 'java/lang/InterruptedException': sleep interrupted> (0x00000000f68707d0) thrown at [C:\re\workspace\8-2-build-windows-amd64-cygwin\jdk8u111\7883\hotspot\src\share\vm\prims\jvm.cpp, line 3224]
Event: 72.398 Thread 0x0000000018253000 Exception <a 'java/lang/InterruptedException': sleep interrupted> (0x00000000f6870a28) thrown at [C:\re\workspace\8-2-build-windows-amd64-cygwin\jdk8u111\7883\hotspot\src\share\vm\prims\jvm.cpp, line 3224]
Event: 72.398 Thread 0x0000000018253000 Exception <a 'java/lang/InterruptedException': sleep interrupted> (0x00000000f6870c80) thrown at [C:\re\workspace\8-2-build-windows-amd64-cygwin\jdk8u111\7883\hotspot\src\share\vm\prims\jvm.cpp, line 3176]
Event: 72.585 Thread 0x0000000018253000 Exception <a 'java/lang/InterruptedException': sleep interrupted> (0x00000000f6870f30) thrown at [C:\re\workspace\8-2-build-windows-amd64-cygwin\jdk8u111\7883\hotspot\src\share\vm\prims\jvm.cpp, line 3224]
Event: 73.085 Thread 0x0000000018253000 Exception <a 'java/lang/InterruptedException': sleep interrupted> (0x00000000f68711e0) thrown at [C:\re\workspace\8-2-build-windows-amd64-cygwin\jdk8u111\7883\hotspot\src\share\vm\prims\jvm.cpp, line 3224]
Event: 73.586 Thread 0x0000000018253000 Exception <a 'java/lang/InterruptedException': sleep interrupted> (0x00000000f6871490) thrown at [C:\re\workspace\8-2-build-windows-amd64-cygwin\jdk8u111\7883\hotspot\src\share\vm\prims\jvm.cpp, line 3224]
Event: 73.883 Thread 0x0000000019615000 Exception <a 'java/io/FileNotFoundException'> (0x00000000f6978718) thrown at [C:\re\workspace\8-2-build-windows-amd64-cygwin\jdk8u111\7883\hotspot\src\share\vm\prims\jni.cpp, line 709]
Event: 73.883 Thread 0x0000000019615000 Exception <a 'java/io/FileNotFoundException'> (0x00000000f69791c0) thrown at [C:\re\workspace\8-2-build-windows-amd64-cygwin\jdk8u111\7883\hotspot\src\share\vm\prims\jni.cpp, line 709]
Event: 73.883 Thread 0x0000000019615000 Exception <a 'java/io/FileNotFoundException'> (0x00000000f6979fb0) thrown at [C:\re\workspace\8-2-build-windows-amd64-cygwin\jdk8u111\7883\hotspot\src\share\vm\prims\jni.cpp, line 709]
Event: 74.011 Thread 0x0000000018253000 Exception <a 'java/lang/InterruptedException': sleep interrupted> (0x00000000f68716e8) thrown at [C:\re\workspace\8-2-build-windows-amd64-cygwin\jdk8u111\7883\hotspot\src\share\vm\prims\jvm.cpp, line 3224]

Events (10 events):
Event: 74.144 Executing VM operation: RevokeBias done
Event: 74.144 Thread 0x0000000015d4c800 flushing nmethod 0x00000000050151d0
Event: 74.146 Thread 0x0000000015d4c800 flushing nmethod 0x0000000005103ad0
Event: 74.146 Executing VM operation: RevokeBias
Event: 74.146 Executing VM operation: RevokeBias done
Event: 74.147 Executing VM operation: RevokeBias
Event: 74.147 Executing VM operation: RevokeBias done
Event: 74.147 Executing VM operation: RevokeBias
Event: 74.147 Executing VM operation: RevokeBias done
Event: 74.147 Thread 0x0000000015d4c800 flushing nmethod 0x00000000051bb610


Dynamic libraries:
0x00007ff73d0c0000 - 0x00007ff73d0f7000 	C:\Program Files\Java\jre1.8.0_111\bin\javaw.exe
0x00007ffdb3860000 - 0x00007ffdb3a40000 	C:\WINDOWS\SYSTEM32\ntdll.dll
0x00007ffdb30f0000 - 0x00007ffdb319e000 	C:\WINDOWS\System32\KERNEL32.DLL
0x00007ffdb0ac0000 - 0x00007ffdb0d26000 	C:\WINDOWS\System32\KERNELBASE.dll
0x00007ffdb1000000 - 0x00007ffdb10a1000 	C:\WINDOWS\System32\ADVAPI32.dll
0x00007ffdb3560000 - 0x00007ffdb35fd000 	C:\WINDOWS\System32\msvcrt.dll
0x00007ffdb31a0000 - 0x00007ffdb31fb000 	C:\WINDOWS\System32\sechost.dll
0x00007ffdb1240000 - 0x00007ffdb135f000 	C:\WINDOWS\System32\RPCRT4.dll
0x00007ffdb0d90000 - 0x00007ffdb0f1f000 	C:\WINDOWS\System32\USER32.dll
0x00007ffdb0110000 - 0x00007ffdb0130000 	C:\WINDOWS\System32\win32u.dll
0x00007ffdb3730000 - 0x00007ffdb3758000 	C:\WINDOWS\System32\GDI32.dll
0x00007ffdb0920000 - 0x00007ffdb0ab3000 	C:\WINDOWS\System32\gdi32full.dll
0x00007ffdb0130000 - 0x00007ffdb01cb000 	C:\WINDOWS\System32\msvcp_win.dll
0x00007ffdafc60000 - 0x00007ffdafd56000 	C:\WINDOWS\System32\ucrtbase.dll
0x00007ffd9f5d0000 - 0x00007ffd9f839000 	C:\WINDOWS\WinSxS\amd64_microsoft.windows.common-controls_6595b64144ccf1df_6.0.16299.431_none_15c7d3ee93659e73\COMCTL32.dll
0x00007ffdb1920000 - 0x00007ffdb1c28000 	C:\WINDOWS\System32\combase.dll
0x00007ffdaff80000 - 0x00007ffdafff2000 	C:\WINDOWS\System32\bcryptPrimitives.dll
0x00007ffdb1160000 - 0x00007ffdb118d000 	C:\WINDOWS\System32\IMM32.DLL
0x00000000528b0000 - 0x0000000052982000 	C:\Program Files\Java\jre1.8.0_111\bin\msvcr100.dll
0x0000000052b50000 - 0x00000000533ea000 	C:\Program Files\Java\jre1.8.0_111\bin\server\jvm.dll
0x00007ffdb30e0000 - 0x00007ffdb30e8000 	C:\WINDOWS\System32\PSAPI.DLL
0x00007ffdab9f0000 - 0x00007ffdab9f9000 	C:\WINDOWS\SYSTEM32\WSOCK32.dll
0x00007ffdb3070000 - 0x00007ffdb30dc000 	C:\WINDOWS\System32\WS2_32.dll
0x00007ffdadf40000 - 0x00007ffdadf63000 	C:\WINDOWS\SYSTEM32\WINMM.dll
0x00007ffda15e0000 - 0x00007ffda15ea000 	C:\WINDOWS\SYSTEM32\VERSION.dll
0x00007ffdadee0000 - 0x00007ffdadf0a000 	C:\WINDOWS\SYSTEM32\WINMMBASE.dll
0x00007ffdafd60000 - 0x00007ffdafdaa000 	C:\WINDOWS\System32\cfgmgr32.dll
0x0000000052a60000 - 0x0000000052a6f000 	C:\Program Files\Java\jre1.8.0_111\bin\verify.dll
0x0000000052a30000 - 0x0000000052a59000 	C:\Program Files\Java\jre1.8.0_111\bin\java.dll
0x0000000052a10000 - 0x0000000052a26000 	C:\Program Files\Java\jre1.8.0_111\bin\zip.dll
0x00007ffdb1c30000 - 0x00007ffdb3068000 	C:\WINDOWS\System32\SHELL32.dll
0x00007ffdb1190000 - 0x00007ffdb1236000 	C:\WINDOWS\System32\shcore.dll
0x00007ffdb01d0000 - 0x00007ffdb0917000 	C:\WINDOWS\System32\windows.storage.dll
0x00007ffdb0fa0000 - 0x00007ffdb0ff1000 	C:\WINDOWS\System32\shlwapi.dll
0x00007ffdafc20000 - 0x00007ffdafc31000 	C:\WINDOWS\System32\kernel.appcore.dll
0x00007ffdafbb0000 - 0x00007ffdafbfc000 	C:\WINDOWS\System32\powrprof.dll
0x00007ffdafc40000 - 0x00007ffdafc5b000 	C:\WINDOWS\System32\profapi.dll
0x0000000052710000 - 0x00000000528a8000 	C:\Program Files\Java\jre1.8.0_111\bin\awt.dll
0x00007ffdb3760000 - 0x00007ffdb3825000 	C:\WINDOWS\System32\OLEAUT32.dll
0x00007ffdae060000 - 0x00007ffdae0e8000 	C:\WINDOWS\SYSTEM32\apphelp.dll
0x00007ffdae450000 - 0x00007ffdae47a000 	C:\WINDOWS\system32\DWMAPI.DLL
0x00007ffdae1e0000 - 0x00007ffdae275000 	C:\WINDOWS\system32\uxtheme.dll
0x00007ffdb17b0000 - 0x00007ffdb1917000 	C:\WINDOWS\System32\MSCTF.dll
0x00007ffd99800000 - 0x00007ffd9987f000 	C:\Program Files (x86)\TeamViewer\tv_x64.dll
0x00007ffdb3200000 - 0x00007ffdb3349000 	C:\WINDOWS\System32\ole32.dll
0x00000000526c0000 - 0x0000000052707000 	C:\Program Files\Java\jre1.8.0_111\bin\fontmanager.dll
0x00007ffd99d20000 - 0x00007ffd99db5000 	C:\WINDOWS\system32\RICHED20.DLL
0x00007ffd87ea0000 - 0x00007ffd87eb9000 	C:\WINDOWS\SYSTEM32\USP10.dll
0x00007ffdab910000 - 0x00007ffdab948000 	C:\WINDOWS\SYSTEM32\msls31.dll
0x00007ffdb10b0000 - 0x00007ffdb114e000 	C:\WINDOWS\System32\clbcatq.dll
0x00007ffdaf6b0000 - 0x00007ffdaf6d5000 	C:\WINDOWS\system32\bcrypt.dll
0x00007ffda4f20000 - 0x00007ffda4fb8000 	C:\WINDOWS\System32\TextInputFramework.dll
0x00007ffdaa720000 - 0x00007ffdaaa0e000 	C:\WINDOWS\System32\CoreUIComponents.dll
0x00007ffdad0d0000 - 0x00007ffdad1ac000 	C:\WINDOWS\System32\CoreMessaging.dll
0x00007ffdaece0000 - 0x00007ffdaed11000 	C:\WINDOWS\SYSTEM32\ntmarta.dll
0x00007ffdac050000 - 0x00007ffdac186000 	C:\WINDOWS\SYSTEM32\wintypes.dll
0x00007ffdaf5a0000 - 0x00007ffdaf5b7000 	C:\WINDOWS\SYSTEM32\CRYPTSP.dll
0x00007ffdaefe0000 - 0x00007ffdaf013000 	C:\WINDOWS\system32\rsaenh.dll
0x00007ffdafab0000 - 0x00007ffdafad9000 	C:\WINDOWS\SYSTEM32\USERENV.dll
0x00007ffdaf5c0000 - 0x00007ffdaf5cb000 	C:\WINDOWS\SYSTEM32\CRYPTBASE.dll
0x00000000529f0000 - 0x0000000052a0a000 	C:\Program Files\Java\jre1.8.0_111\bin\net.dll
0x00007ffdaf3e0000 - 0x00007ffdaf446000 	C:\WINDOWS\system32\mswsock.dll
0x00007ffdaf1b0000 - 0x00007ffdaf266000 	C:\WINDOWS\SYSTEM32\DNSAPI.dll
0x00007ffdb3350000 - 0x00007ffdb3358000 	C:\WINDOWS\System32\NSI.dll
0x00007ffdaf170000 - 0x00007ffdaf1a9000 	C:\WINDOWS\SYSTEM32\IPHLPAPI.DLL
0x00007ffda4840000 - 0x00007ffda484a000 	C:\Windows\System32\rasadhlp.dll
0x00007ffda7050000 - 0x00007ffda70c0000 	C:\WINDOWS\System32\fwpuclnt.dll
0x00007ffdaa480000 - 0x00007ffdaa496000 	C:\WINDOWS\SYSTEM32\dhcpcsvc6.DLL
0x00007ffdaa4e0000 - 0x00007ffdaa4fa000 	C:\WINDOWS\SYSTEM32\dhcpcsvc.DLL
0x00000000529d0000 - 0x00000000529e1000 	C:\Program Files\Java\jre1.8.0_111\bin\nio.dll
0x0000000052680000 - 0x00000000526b1000 	C:\Program Files\Java\jre1.8.0_111\bin\jpeg.dll
0x00007ffda09b0000 - 0x00007ffda0b78000 	C:\WINDOWS\SYSTEM32\dbghelp.dll

VM Arguments:
jvm_args: -Dfile.encoding=Cp1252 
java_command: totalcross.Launcher /r 544353541A8E8B2A28D5B8E0 com.app.app
java_class_path (initial): C:\Program Files\Java\jre1.8.0_111\lib\resources.jar;C:\Program Files\Java\jre1.8.0_111\lib\rt.jar;C:\Program Files\Java\jre1.8.0_111\lib\jsse.jar;C:\Program Files\Java\jre1.8.0_111\lib\jce.jar;C:\Program Files\Java\jre1.8.0_111\lib\charsets.jar;C:\Program Files\Java\jre1.8.0_111\lib\jfr.jar;C:\Program Files\Java\jre1.8.0_111\lib\ext\access-bridge-64.jar;C:\Program Files\Java\jre1.8.0_111\lib\ext\cldrdata.jar;C:\Program Files\Java\jre1.8.0_111\lib\ext\dnsns.jar;C:\Program Files\Java\jre1.8.0_111\lib\ext\jaccess.jar;C:\Program Files\Java\jre1.8.0_111\lib\ext\jfxrt.jar;C:\Program Files\Java\jre1.8.0_111\lib\ext\localedata.jar;C:\Program Files\Java\jre1.8.0_111\lib\ext\nashorn.jar;C:\Program Files\Java\jre1.8.0_111\lib\ext\sunec.jar;C:\Program Files\Java\jre1.8.0_111\lib\ext\sunjce_provider.jar;C:\Program Files\Java\jre1.8.0_111\lib\ext\sunmscapi.jar;C:\Program Files\Java\jre1.8.0_111\lib\ext\sunpkcs11.jar;C:\Program Files\Java\jre1.8.0_111\lib\ext\zipfs.jar;C:\Users\marci\eclipse-workspace\app\target\classes;C:\Users\marci\.m2\repository\com\totalcross\utils\tc-utilities\0.0.1-SNAPSHOT\tc-utilities-0.0.1-SNAPSHOT.jar;C:\Users\marci\.m2\repository\com\totalcross\utils\magical-utils\0.0.1-SNAPSHOT\magical-utils-0.0.1-SNAPSHOT.jar;C:\Users\marci\.m2\repository\com\totalcross\totalcross-sdk\4.1.0\totalcross-sdk-4.1.0.jar;C:\Users\marci\.m2\repository\org\vafer\jdeb\0.7\jdeb-0.7.jar;C:\Users\marci\.m2\repository\org\apache\maven\maven-plugin-api\2.0.5\maven-plugin-api-2.0.5.jar;C:\Users\marci\.m2\repository\org\apache\maven\maven-project\2.0.5\maven-project-2.0.5.jar;C:\Users\marci\.m2\repository\org\apache\maven\maven-settings\2.0.5\maven-settings-2.0.5.jar;C:\Users\marci\.m2\repository\org\apache\maven\maven-profile\2.0.5\maven-profile-2.0.5.jar;C:\Users\marci\.m2\repository\org\apache\maven\maven-model\2.0.5\maven-model-2.0.5.jar;C:\Users\marci\.m2\repository\org\apache\maven\maven-artifact-manager\2.0.5\maven-artifact-manager-2.0.5.jar;C:\U
Launcher Type: SUN_STANDARD

Environment Variables:
JAVA_HOME=C:\Program Files\Java\jdk1.8.0_111
PATH=C:/Program Files/Java/jre1.8.0_111/bin/server;C:/Program Files/Java/jre1.8.0_111/bin;C:/Program Files/Java/jre1.8.0_111/lib/amd64;C:\ProgramData\Oracle\Java\javapath;C:\Program Files (x86)\Intel\TXE Components\TCS\;C:\Program Files\Intel\TXE Components\TCS\;C:\WINDOWS\system32;C:\WINDOWS;C:\WINDOWS\System32\Wbem;C:\WINDOWS\System32\WindowsPowerShell\v1.0\;C:\Program Files\Intel\TXE Components\DAL\;C:\Program Files (x86)\Intel\TXE Components\DAL\;C:\Program Files\Intel\TXE Components\IPT\;C:\Program Files (x86)\Intel\TXE Components\IPT\;C:\Program Files\Java\jdk1.8.0_111\bin;C:\TotalCross3\dist\vm\win32;C:\Users\marci\AppData\Local\Microsoft\WindowsApps;c:\TotalCross3\dist\vm\win32;C:\Program Files\Java\jdk1.8.0_111\bin;;C:\Users\marci\Desktop;
USERNAME=marci
OS=Windows_NT
PROCESSOR_IDENTIFIER=Intel64 Family 6 Model 76 Stepping 4, GenuineIntel



---------------  S Y S T E M  ---------------

OS: Windows 10.0 , 64 bit Build 16299 (10.0.16299.431)

CPU:total 2 (2 cores per cpu, 1 threads per core) family 6 model 76 stepping 4, cmov, cx8, fxsr, mmx, sse, sse2, sse3, ssse3, sse4.1, sse4.2, popcnt, aes, clmul, erms, 3dnowpref, tsc, tscinvbit

Memory: 4k page, physical 1946148k(265520k free), swap 3742340k(544760k free)

vm_info: Java HotSpot(TM) 64-Bit Server VM (25.111-b14) for windows-amd64 JRE (1.8.0_111-b14), built on Sep 22 2016 19:24:05 by "java_re" with MS VC++ 10.0 (VS2010)

time: Fri Jun 01 11:01:33 2018
elapsed time: 74 seconds (0d 0h 1m 14s)

