#
# A fatal error has been detected by the Java Runtime Environment:
#
#  EXCEPTION_ACCESS_VIOLATION (0xc0000005) at pc=0x000000006be42be0, pid=736, tid=0x0000000000000b44
#
# JRE version: Java(TM) SE Runtime Environment (8.0_111-b14) (build 1.8.0_111-b14)
# Java VM: Java HotSpot(TM) 64-Bit Server VM (25.111-b14 mixed mode windows-amd64 compressed oops)
# Problematic frame:
# C  0x000000006be42be0
#
# Failed to write core dump. Minidumps are not enabled by default on client versions of Windows
#
# If you would like to submit a bug report, please visit:
#   http://bugreport.java.com/bugreport/crash.jsp
# The crash happened outside the Java Virtual Machine in native code.
# See problematic frame for where to report the bug.
#

---------------  T H R E A D  ---------------

Current thread (0x0000000017b24000):  JavaThread "Secondary finalizer" [_thread_in_native, id=2884, stack(0x000000001b870000,0x000000001b970000)]

siginfo: ExceptionCode=0xc0000005, ExceptionInformation=0x0000000000000008 0x000000006be42be0

Registers:
RAX=0x000000006be42be0, RBX=0x00000000190ebe78, RCX=0x0000000017b241f8, RDX=0x000000001b96f228
RSP=0x000000001b96f188, RBP=0x000000001b96f208, RSI=0x0000000000000108, RDI=0x0000000000000703
R8 =0x0000000000000005, R9 =0x00000000e2b48000, R10=0x00000000049d848b, R11=0x0000000052d7b580
R12=0x0000000000000000, R13=0x00000000190ebe78, R14=0x000000001b96f228, R15=0x0000000017b24000
RIP=0x000000006be42be0, EFLAGS=0x0000000000010206

Top of Stack: (sp=0x000000001b96f188)
0x000000001b96f188:   00000000049d84b7 00000000049c56d0
0x000000001b96f198:   0000000000000000 000000001b96f368
0x000000001b96f1a8:   000000001b96f320 000000001b96f290
0x000000001b96f1b8:   0000000000000000 00000000e2b48000
0x000000001b96f1c8:   000000001b96f1b8 0000000000000000
0x000000001b96f1d8:   000000001b96f228 0000000019138930
0x000000001b96f1e8:   0000000000000000 00000000190ebe78
0x000000001b96f1f8:   0000000000000000 000000001b96f228
0x000000001b96f208:   000000001b96f290 00000000049c835d
0x000000001b96f218:   0000000000000000 00000000049d19d8
0x000000001b96f228:   00000000e2b48000 00000000e2b48038
0x000000001b96f238:   0000000000000000 0000000000000001
0x000000001b96f248:   00000000e2b48000 000000001b96f230
0x000000001b96f258:   00000000190e6c56 000000001b96f2c8
0x000000001b96f268:   0000000019138140 0000000000000000
0x000000001b96f278:   00000000190e6cf0 000000001b96f228 

Instructions: (pc=0x000000006be42be0)
0x000000006be42bc0:   
[error occurred during error reporting (printing registers, top of stack, instructions near pc), id 0xc0000005]

Register to memory mapping:

RAX=0x000000006be42be0 is an unknown value
RBX={method} {0x00000000190ebe80} 'free_functions' '()V' in 'org/sqlite/core/NativeDB'
RCX=0x0000000017b241f8 is an unknown value
RDX=0x000000001b96f228 is pointing into the stack for thread: 0x0000000017b24000
RSP=0x000000001b96f188 is pointing into the stack for thread: 0x0000000017b24000
RBP=0x000000001b96f208 is pointing into the stack for thread: 0x0000000017b24000
RSI=0x0000000000000108 is an unknown value
RDI=0x0000000000000703 is an unknown value
R8 =0x0000000000000005 is an unknown value
R9 =0x00000000e2b48000 is an oop
org.sqlite.core.NativeDB 
 - klass: 'org/sqlite/core/NativeDB'
R10=0x00000000049d848b is at code_begin+1227 in an Interpreter codelet
method entry point (kind = native_synchronized)  [0x00000000049d7fc0, 0x00000000049d8aa0]  2784 bytes
R11=0x0000000052d7b580 is an unknown value
R12=0x0000000000000000 is an unknown value
R13={method} {0x00000000190ebe80} 'free_functions' '()V' in 'org/sqlite/core/NativeDB'
R14=0x000000001b96f228 is pointing into the stack for thread: 0x0000000017b24000
R15=0x0000000017b24000 is a thread


Stack: [0x000000001b870000,0x000000001b970000],  sp=0x000000001b96f188,  free space=1020k
Native frames: (J=compiled Java code, j=interpreted, Vv=VM code, C=native code)
C  0x000000006be42be0

Java frames: (J=compiled Java code, j=interpreted, Vv=VM code)
j  org.sqlite.core.NativeDB.free_functions()V+0
j  org.sqlite.core.DB.close()V+102
j  org.sqlite.core.CoreConnection.close()V+26
j  org.sqlite.core.CoreConnection.finalize()V+1
J 928 C1 java.lang.ref.Finalizer.runFinalizer(Lsun/misc/JavaLangAccess;)V (62 bytes) @ 0x0000000004ae22cc [0x0000000004ae1d40+0x58c]
J 751 C1 java.lang.ref.Finalizer.access$100(Ljava/lang/ref/Finalizer;Lsun/misc/JavaLangAccess;)V (6 bytes) @ 0x0000000004cc8a84 [0x0000000004cc8a40+0x44]
j  java.lang.ref.Finalizer$3.run()V+58
j  java.lang.Thread.run()V+11
v  ~StubRoutines::call_stub

---------------  P R O C E S S  ---------------

Java Threads: ( => current thread )
=>0x0000000017b24000 JavaThread "Secondary finalizer" [_thread_in_native, id=2884, stack(0x000000001b870000,0x000000001b970000)]
  0x000000001755a000 JavaThread "TC Event Thread" daemon [_thread_blocked, id=3984, stack(0x000000001ae70000,0x000000001af70000)]
  0x00000000048c2800 JavaThread "DestroyJavaVM" [_thread_blocked, id=1320, stack(0x0000000004740000,0x0000000004840000)]
  0x0000000017b74800 JavaThread "AWT-EventQueue-0" [_thread_blocked, id=2776, stack(0x0000000018350000,0x0000000018450000)]
  0x0000000017b4f800 JavaThread "AWT-Shutdown" [_thread_blocked, id=640, stack(0x0000000018090000,0x0000000018190000)]
  0x0000000017b4f000 JavaThread "Java2D Disposer" daemon [_thread_blocked, id=3956, stack(0x0000000017f70000,0x0000000018070000)]
  0x0000000015ac2800 JavaThread "Service Thread" daemon [_thread_blocked, id=4608, stack(0x0000000016d70000,0x0000000016e70000)]
  0x0000000015a4e000 JavaThread "C1 CompilerThread1" daemon [_thread_blocked, id=4900, stack(0x0000000016c70000,0x0000000016d70000)]
  0x0000000015a3e000 JavaThread "C2 CompilerThread0" daemon [_thread_blocked, id=5548, stack(0x0000000016b70000,0x0000000016c70000)]
  0x0000000015a3c800 JavaThread "Attach Listener" daemon [_thread_blocked, id=5776, stack(0x0000000016a70000,0x0000000016b70000)]
  0x00000000049be800 JavaThread "Signal Dispatcher" daemon [_thread_blocked, id=700, stack(0x0000000016970000,0x0000000016a70000)]
  0x0000000015a28800 JavaThread "Finalizer" daemon [_thread_blocked, id=7132, stack(0x0000000016670000,0x0000000016770000)]
  0x00000000049af800 JavaThread "Reference Handler" daemon [_thread_blocked, id=1812, stack(0x0000000016570000,0x0000000016670000)]

Other Threads:
  0x0000000015a06800 VMThread [stack: 0x0000000016470000,0x0000000016570000] [id=5056]
  0x0000000015ac7800 WatcherThread [stack: 0x0000000017270000,0x0000000017370000] [id=792]

VM state:not at safepoint (normal execution)

VM Mutex/Monitor currently owned by a thread: None

Heap:
 PSYoungGen      total 17408K, used 6842K [0x00000000f6180000, 0x00000000f9180000, 0x0000000100000000)
  eden space 16384K, 41% used [0x00000000f6180000,0x00000000f682e8f8,0x00000000f7180000)
  from space 1024K, 0% used [0x00000000f7180000,0x00000000f7180000,0x00000000f7280000)
  to   space 8192K, 0% used [0x00000000f8980000,0x00000000f8980000,0x00000000f9180000)
 ParOldGen       total 31744K, used 11413K [0x00000000e2400000, 0x00000000e4300000, 0x00000000f6180000)
  object space 31744K, 35% used [0x00000000e2400000,0x00000000e2f254a8,0x00000000e4300000)
 Metaspace       used 12209K, capacity 12448K, committed 12800K, reserved 1060864K
  class space    used 1391K, capacity 1479K, committed 1536K, reserved 1048576K

Card table byte_map: [0x0000000013d80000,0x0000000013e70000] byte_map_base: 0x000000001366e000

Marking Bits: (ParMarkBitMap*) 0x000000005336a6c0
 Begin Bits: [0x0000000014110000, 0x0000000014880000)
 End Bits:   [0x0000000014880000, 0x0000000014ff0000)

Polling page: 0x00000000007d0000

CodeCache: size=245760Kb used=4072Kb max_used=4083Kb free=241687Kb
 bounds [0x00000000049c0000, 0x0000000004dd0000, 0x00000000139c0000]
 total_blobs=1484 nmethods=996 adapters=402
 compilation: enabled

Compilation events (10 events):
Event: 27.989 Thread 0x0000000015a4e000 1103       3       java.awt.EventQueue::cacheEQItem (60 bytes)
Event: 27.990 Thread 0x0000000015a4e000 nmethod 1103 0x0000000004c47f50 code [0x0000000004c480e0, 0x0000000004c48848]
Event: 27.990 Thread 0x0000000015a4e000 1104   !   3       java.awt.EventDispatchThread::pumpOneEventForFilters (295 bytes)
Event: 27.995 Thread 0x0000000015a4e000 nmethod 1104 0x0000000004dc5890 code [0x0000000004dc5c80, 0x0000000004dc8088]
Event: 27.995 Thread 0x0000000015a4e000 1105       3       sun.awt.EventQueueDelegate::getDelegate (13 bytes)
Event: 27.996 Thread 0x0000000015a4e000 nmethod 1105 0x0000000004c47990 code [0x0000000004c47b20, 0x0000000004c47e78]
Event: 28.112 Thread 0x0000000015a4e000 1106       1       java.awt.Component::isEnabledImpl (5 bytes)
Event: 28.112 Thread 0x0000000015a4e000 nmethod 1106 0x0000000004c85a50 code [0x0000000004c85ba0, 0x0000000004c85cb0]
Event: 29.116 Thread 0x0000000015a3e000 1107       4       java.lang.StringBuilder::<init> (7 bytes)
Event: 29.118 Thread 0x0000000015a3e000 nmethod 1107 0x0000000004c46190 code [0x0000000004c462e0, 0x0000000004c463d8]

GC Heap History (10 events):
Event: 2.107 GC heap before
{Heap before GC invocations=2 (full 0):
 PSYoungGen      total 9216K, used 9200K [0x00000000f6180000, 0x00000000f6b80000, 0x0000000100000000)
  eden space 8192K, 100% used [0x00000000f6180000,0x00000000f6980000,0x00000000f6980000)
  from space 1024K, 98% used [0x00000000f6980000,0x00000000f6a7c010,0x00000000f6a80000)
  to   space 1024K, 0% used [0x00000000f6a80000,0x00000000f6a80000,0x00000000f6b80000)
 ParOldGen       total 20480K, used 966K [0x00000000e2400000, 0x00000000e3800000, 0x00000000f6180000)
  object space 20480K, 4% used [0x00000000e2400000,0x00000000e24f1ad0,0x00000000e3800000)
 Metaspace       used 9423K, capacity 9666K, committed 9856K, reserved 1058816K
  class space    used 1089K, capacity 1152K, committed 1152K, reserved 1048576K
Event: 2.134 GC heap after
Heap after GC invocations=2 (full 0):
 PSYoungGen      total 9216K, used 992K [0x00000000f6180000, 0x00000000f7380000, 0x0000000100000000)
  eden space 8192K, 0% used [0x00000000f6180000,0x00000000f6180000,0x00000000f6980000)
  from space 1024K, 96% used [0x00000000f6a80000,0x00000000f6b78020,0x00000000f6b80000)
  to   space 1024K, 0% used [0x00000000f6980000,0x00000000f6980000,0x00000000f6a80000)
 ParOldGen       total 20480K, used 3958K [0x00000000e2400000, 0x00000000e3800000, 0x00000000f6180000)
  object space 20480K, 19% used [0x00000000e2400000,0x00000000e27dd8d8,0x00000000e3800000)
 Metaspace       used 9423K, capacity 9666K, committed 9856K, reserved 1058816K
  class space    used 1089K, capacity 1152K, committed 1152K, reserved 1048576K
}
Event: 2.769 GC heap before
{Heap before GC invocations=3 (full 0):
 PSYoungGen      total 9216K, used 9184K [0x00000000f6180000, 0x00000000f7380000, 0x0000000100000000)
  eden space 8192K, 100% used [0x00000000f6180000,0x00000000f6980000,0x00000000f6980000)
  from space 1024K, 96% used [0x00000000f6a80000,0x00000000f6b78020,0x00000000f6b80000)
  to   space 1024K, 0% used [0x00000000f6980000,0x00000000f6980000,0x00000000f6a80000)
 ParOldGen       total 20480K, used 3958K [0x00000000e2400000, 0x00000000e3800000, 0x00000000f6180000)
  object space 20480K, 19% used [0x00000000e2400000,0x00000000e27dd8d8,0x00000000e3800000)
 Metaspace       used 9692K, capacity 9890K, committed 10240K, reserved 1058816K
  class space    used 1114K, capacity 1184K, committed 1280K, reserved 1048576K
Event: 2.779 GC heap after
Heap after GC invocations=3 (full 0):
 PSYoungGen      total 9216K, used 1022K [0x00000000f6180000, 0x00000000f7380000, 0x0000000100000000)
  eden space 8192K, 0% used [0x00000000f6180000,0x00000000f6180000,0x00000000f6980000)
  from space 1024K, 99% used [0x00000000f6980000,0x00000000f6a7fb18,0x00000000f6a80000)
  to   space 1024K, 0% used [0x00000000f7280000,0x00000000f7280000,0x00000000f7380000)
 ParOldGen       total 20480K, used 8293K [0x00000000e2400000, 0x00000000e3800000, 0x00000000f6180000)
  object space 20480K, 40% used [0x00000000e2400000,0x00000000e2c19448,0x00000000e3800000)
 Metaspace       used 9692K, capacity 9890K, committed 10240K, reserved 1058816K
  class space    used 1114K, capacity 1184K, committed 1280K, reserved 1048576K
}
Event: 4.564 GC heap before
{Heap before GC invocations=4 (full 0):
 PSYoungGen      total 9216K, used 9214K [0x00000000f6180000, 0x00000000f7380000, 0x0000000100000000)
  eden space 8192K, 100% used [0x00000000f6180000,0x00000000f6980000,0x00000000f6980000)
  from space 1024K, 99% used [0x00000000f6980000,0x00000000f6a7fb18,0x00000000f6a80000)
  to   space 1024K, 0% used [0x00000000f7280000,0x00000000f7280000,0x00000000f7380000)
 ParOldGen       total 20480K, used 8293K [0x00000000e2400000, 0x00000000e3800000, 0x00000000f6180000)
  object space 20480K, 40% used [0x00000000e2400000,0x00000000e2c19448,0x00000000e3800000)
 Metaspace       used 9953K, capacity 10178K, committed 10496K, reserved 1058816K
  class space    used 1142K, capacity 1216K, committed 1280K, reserved 1048576K
Event: 4.576 GC heap after
Heap after GC invocations=4 (full 0):
 PSYoungGen      total 17408K, used 1006K [0x00000000f6180000, 0x00000000f7380000, 0x0000000100000000)
  eden space 16384K, 0% used [0x00000000f6180000,0x00000000f6180000,0x00000000f7180000)
  from space 1024K, 98% used [0x00000000f7280000,0x00000000f737bb28,0x00000000f7380000)
  to   space 1024K, 0% used [0x00000000f7180000,0x00000000f7180000,0x00000000f7280000)
 ParOldGen       total 20480K, used 8457K [0x00000000e2400000, 0x00000000e3800000, 0x00000000f6180000)
  object space 20480K, 41% used [0x00000000e2400000,0x00000000e2c42460,0x00000000e3800000)
 Metaspace       used 9953K, capacity 10178K, committed 10496K, reserved 1058816K
  class space    used 1142K, capacity 1216K, committed 1280K, reserved 1048576K
}
Event: 6.222 GC heap before
{Heap before GC invocations=5 (full 0):
 PSYoungGen      total 17408K, used 17229K [0x00000000f6180000, 0x00000000f7380000, 0x0000000100000000)
  eden space 16384K, 99% used [0x00000000f6180000,0x00000000f7157c20,0x00000000f7180000)
  from space 1024K, 98% used [0x00000000f7280000,0x00000000f737bb28,0x00000000f7380000)
  to   space 1024K, 0% used [0x00000000f7180000,0x00000000f7180000,0x00000000f7280000)
 ParOldGen       total 20480K, used 8457K [0x00000000e2400000, 0x00000000e3800000, 0x00000000f6180000)
  object space 20480K, 41% used [0x00000000e2400000,0x00000000e2c42460,0x00000000e3800000)
 Metaspace       used 11689K, capacity 11914K, committed 12288K, reserved 1060864K
  class space    used 1335K, capacity 1410K, committed 1536K, reserved 1048576K
Event: 6.239 GC heap after
Heap after GC invocations=5 (full 0):
 PSYoungGen      total 17408K, used 1007K [0x00000000f6180000, 0x00000000f9180000, 0x0000000100000000)
  eden space 16384K, 0% used [0x00000000f6180000,0x00000000f6180000,0x00000000f7180000)
  from space 1024K, 98% used [0x00000000f7180000,0x00000000f727be40,0x00000000f7280000)
  to   space 8192K, 0% used [0x00000000f8980000,0x00000000f8980000,0x00000000f9180000)
 ParOldGen       total 20480K, used 13991K [0x00000000e2400000, 0x00000000e3800000, 0x00000000f6180000)
  object space 20480K, 68% used [0x00000000e2400000,0x00000000e31a9e58,0x00000000e3800000)
 Metaspace       used 11689K, capacity 11914K, committed 12288K, reserved 1060864K
  class space    used 1335K, capacity 1410K, committed 1536K, reserved 1048576K
}
Event: 6.239 GC heap before
{Heap before GC invocations=6 (full 1):
 PSYoungGen      total 17408K, used 1007K [0x00000000f6180000, 0x00000000f9180000, 0x0000000100000000)
  eden space 16384K, 0% used [0x00000000f6180000,0x00000000f6180000,0x00000000f7180000)
  from space 1024K, 98% used [0x00000000f7180000,0x00000000f727be40,0x00000000f7280000)
  to   space 8192K, 0% used [0x00000000f8980000,0x00000000f8980000,0x00000000f9180000)
 ParOldGen       total 20480K, used 13991K [0x00000000e2400000, 0x00000000e3800000, 0x00000000f6180000)
  object space 20480K, 68% used [0x00000000e2400000,0x00000000e31a9e58,0x00000000e3800000)
 Metaspace       used 11689K, capacity 11914K, committed 12288K, reserved 1060864K
  class space    used 1335K, capacity 1410K, committed 1536K, reserved 1048576K
Event: 6.362 GC heap after
Heap after GC invocations=6 (full 1):
 PSYoungGen      total 17408K, used 0K [0x00000000f6180000, 0x00000000f9180000, 0x0000000100000000)
  eden space 16384K, 0% used [0x00000000f6180000,0x00000000f6180000,0x00000000f7180000)
  from space 1024K, 0% used [0x00000000f7180000,0x00000000f7180000,0x00000000f7280000)
  to   space 8192K, 0% used [0x00000000f8980000,0x00000000f8980000,0x00000000f9180000)
 ParOldGen       total 31744K, used 11413K [0x00000000e2400000, 0x00000000e4300000, 0x00000000f6180000)
  object space 31744K, 35% used [0x00000000e2400000,0x00000000e2f254a8,0x00000000e4300000)
 Metaspace       used 11689K, capacity 11914K, committed 12288K, reserved 1060864K
  class space    used 1335K, capacity 1410K, committed 1536K, reserved 1048576K
}

Deoptimization events (10 events):
Event: 5.361 Thread 0x000000001755a000 Uncommon trap: reason=unstable_if action=reinterpret pc=0x0000000004c68dbc method=java.io.WinNTFileSystem.normalize(Ljava/lang/String;)Ljava/lang/String; @ 128
Event: 8.587 Thread 0x0000000019317800 Uncommon trap: reason=range_check action=make_not_entrant pc=0x0000000004afb39c method=java.awt.image.DirectColorModel.setFields()V @ 65
Event: 8.592 Thread 0x000000001755a000 Uncommon trap: reason=unstable_if action=reinterpret pc=0x0000000004b0de6c method=totalcross.ui.image.Image.getSmoothScaledInstance(II)Ltotalcross/ui/image/Image; @ 524
Event: 8.599 Thread 0x000000001755a000 Uncommon trap: reason=unstable_if action=reinterpret pc=0x0000000004b0f66c method=totalcross.ui.image.Image.getSmoothScaledInstance(II)Ltotalcross/ui/image/Image; @ 1208
Event: 8.722 Thread 0x000000001755a000 Uncommon trap: reason=unstable_if action=reinterpret pc=0x0000000004d92b14 method=totalcross.ui.gfx.Graphics.drawSurface([ILjava/lang/Object;IIIIIIZIIII)V @ 558
Event: 15.990 Thread 0x000000001755a000 Uncommon trap: reason=unstable_if action=reinterpret pc=0x0000000004b5b5dc method=totalcross.ui.gfx.Graphics.translateAndClip(IIII)Z @ 69
Event: 16.227 Thread 0x0000000017b24000 Uncommon trap: reason=unstable_if action=reinterpret pc=0x0000000004da3fd4 method=sun.awt.image.ImageRepresentation.getOpaqueRGBImage()Ljava/awt/image/BufferedImage; @ 71
Event: 16.229 Thread 0x000000001755a000 Uncommon trap: reason=unstable_if action=reinterpret pc=0x0000000004daed70 method=totalcross.ui.image.Image.getSmoothScaledInstance(II)Ltotalcross/ui/image/Image; @ 715
Event: 16.242 Thread 0x000000001755a000 Uncommon trap: reason=unstable_if action=reinterpret pc=0x0000000004c34f80 method=totalcross.ui.gfx.Graphics.drawText(Ljava/lang/String;III)V @ 17
Event: 16.258 Thread 0x000000001755a000 Uncommon trap: reason=unstable_if action=reinterpret pc=0x0000000004af39bc method=totalcross.ui.gfx.Graphics.addError([IIIIIIIIII)V @ 9

Internal exceptions (10 events):
Event: 16.031 Thread 0x0000000017f66000 Exception <a 'java/lang/InterruptedException': sleep interrupted> (0x00000000f6670dc8) thrown at [C:\re\workspace\8-2-build-windows-amd64-cygwin\jdk8u111\7883\hotspot\src\share\vm\prims\jvm.cpp, line 3224]
Event: 16.042 Thread 0x0000000017f66000 Exception <a 'java/lang/InterruptedException': sleep interrupted> (0x00000000f6671078) thrown at [C:\re\workspace\8-2-build-windows-amd64-cygwin\jdk8u111\7883\hotspot\src\share\vm\prims\jvm.cpp, line 3224]
Event: 16.191 Thread 0x000000001755a000 Exception <a 'java/io/FileNotFoundException'> (0x00000000f66e4500) thrown at [C:\re\workspace\8-2-build-windows-amd64-cygwin\jdk8u111\7883\hotspot\src\share\vm\prims\jni.cpp, line 709]
Event: 16.191 Thread 0x000000001755a000 Exception <a 'java/io/FileNotFoundException'> (0x00000000f66e51a0) thrown at [C:\re\workspace\8-2-build-windows-amd64-cygwin\jdk8u111\7883\hotspot\src\share\vm\prims\jni.cpp, line 709]
Event: 16.192 Thread 0x000000001755a000 Exception <a 'java/io/FileNotFoundException'> (0x00000000f66e6090) thrown at [C:\re\workspace\8-2-build-windows-amd64-cygwin\jdk8u111\7883\hotspot\src\share\vm\prims\jni.cpp, line 709]
Event: 16.267 Thread 0x0000000017f66000 Exception <a 'java/lang/InterruptedException': sleep interrupted> (0x00000000f66718a8) thrown at [C:\re\workspace\8-2-build-windows-amd64-cygwin\jdk8u111\7883\hotspot\src\share\vm\prims\jvm.cpp, line 3224]
Event: 29.103 Thread 0x000000001755a000 Exception <a 'java/io/FileNotFoundException'> (0x00000000f6760a18) thrown at [C:\re\workspace\8-2-build-windows-amd64-cygwin\jdk8u111\7883\hotspot\src\share\vm\prims\jni.cpp, line 709]
Event: 29.103 Thread 0x000000001755a000 Exception <a 'java/io/FileNotFoundException'> (0x00000000f67614c0) thrown at [C:\re\workspace\8-2-build-windows-amd64-cygwin\jdk8u111\7883\hotspot\src\share\vm\prims\jni.cpp, line 709]
Event: 29.103 Thread 0x000000001755a000 Exception <a 'java/io/FileNotFoundException'> (0x00000000f67622b0) thrown at [C:\re\workspace\8-2-build-windows-amd64-cygwin\jdk8u111\7883\hotspot\src\share\vm\prims\jni.cpp, line 709]
Event: 29.230 Thread 0x0000000017f66000 Exception <a 'java/lang/InterruptedException': sleep interrupted> (0x00000000f6786500) thrown at [C:\re\workspace\8-2-build-windows-amd64-cygwin\jdk8u111\7883\hotspot\src\share\vm\prims\jvm.cpp, line 3224]

Events (10 events):
Event: 29.449 Executing VM operation: RevokeBias
Event: 29.450 Executing VM operation: RevokeBias done
Event: 29.450 Executing VM operation: RevokeBias
Event: 29.450 Executing VM operation: RevokeBias done
Event: 29.450 Executing VM operation: RevokeBias
Event: 29.450 Executing VM operation: RevokeBias done
Event: 29.450 Executing VM operation: RevokeBias
Event: 29.451 Executing VM operation: RevokeBias done
Event: 29.452 Executing VM operation: RevokeBias
Event: 29.452 Executing VM operation: RevokeBias done


Dynamic libraries:
0x00007ff6603b0000 - 0x00007ff6603e7000 	C:\Program Files\Java\jre1.8.0_111\bin\javaw.exe
0x00007ffdb3860000 - 0x00007ffdb3a40000 	C:\WINDOWS\SYSTEM32\ntdll.dll
0x00007ffdb30f0000 - 0x00007ffdb319e000 	C:\WINDOWS\System32\KERNEL32.DLL
0x00007ffdb0ac0000 - 0x00007ffdb0d26000 	C:\WINDOWS\System32\KERNELBASE.dll
0x00007ffdb1000000 - 0x00007ffdb10a1000 	C:\WINDOWS\System32\ADVAPI32.dll
0x00007ffdb3560000 - 0x00007ffdb35fd000 	C:\WINDOWS\System32\msvcrt.dll
0x00007ffdb31a0000 - 0x00007ffdb31fb000 	C:\WINDOWS\System32\sechost.dll
0x00007ffdb1240000 - 0x00007ffdb135f000 	C:\WINDOWS\System32\RPCRT4.dll
0x00007ffdb0d90000 - 0x00007ffdb0f1f000 	C:\WINDOWS\System32\USER32.dll
0x00007ffdb0110000 - 0x00007ffdb0130000 	C:\WINDOWS\System32\win32u.dll
0x00007ffdb3730000 - 0x00007ffdb3758000 	C:\WINDOWS\System32\GDI32.dll
0x00007ffdb0920000 - 0x00007ffdb0ab3000 	C:\WINDOWS\System32\gdi32full.dll
0x00007ffdb0130000 - 0x00007ffdb01cb000 	C:\WINDOWS\System32\msvcp_win.dll
0x00007ffdafc60000 - 0x00007ffdafd56000 	C:\WINDOWS\System32\ucrtbase.dll
0x00007ffd9f5d0000 - 0x00007ffd9f839000 	C:\WINDOWS\WinSxS\amd64_microsoft.windows.common-controls_6595b64144ccf1df_6.0.16299.431_none_15c7d3ee93659e73\COMCTL32.dll
0x00007ffdb1920000 - 0x00007ffdb1c28000 	C:\WINDOWS\System32\combase.dll
0x00007ffdaff80000 - 0x00007ffdafff2000 	C:\WINDOWS\System32\bcryptPrimitives.dll
0x00007ffdb1160000 - 0x00007ffdb118d000 	C:\WINDOWS\System32\IMM32.DLL
0x00000000539d0000 - 0x0000000053aa2000 	C:\Program Files\Java\jre1.8.0_111\bin\msvcr100.dll
0x0000000052b50000 - 0x00000000533ea000 	C:\Program Files\Java\jre1.8.0_111\bin\server\jvm.dll
0x00007ffdb30e0000 - 0x00007ffdb30e8000 	C:\WINDOWS\System32\PSAPI.DLL
0x00007ffdab9f0000 - 0x00007ffdab9f9000 	C:\WINDOWS\SYSTEM32\WSOCK32.dll
0x00007ffdb3070000 - 0x00007ffdb30dc000 	C:\WINDOWS\System32\WS2_32.dll
0x00007ffdadf40000 - 0x00007ffdadf63000 	C:\WINDOWS\SYSTEM32\WINMM.dll
0x00007ffda15e0000 - 0x00007ffda15ea000 	C:\WINDOWS\SYSTEM32\VERSION.dll
0x00007ffdadee0000 - 0x00007ffdadf0a000 	C:\WINDOWS\SYSTEM32\WINMMBASE.dll
0x00007ffdafd60000 - 0x00007ffdafdaa000 	C:\WINDOWS\System32\cfgmgr32.dll
0x0000000052a60000 - 0x0000000052a6f000 	C:\Program Files\Java\jre1.8.0_111\bin\verify.dll
0x0000000052a30000 - 0x0000000052a59000 	C:\Program Files\Java\jre1.8.0_111\bin\java.dll
0x0000000052a10000 - 0x0000000052a26000 	C:\Program Files\Java\jre1.8.0_111\bin\zip.dll
0x00007ffdb1c30000 - 0x00007ffdb3068000 	C:\WINDOWS\System32\SHELL32.dll
0x00007ffdb1190000 - 0x00007ffdb1236000 	C:\WINDOWS\System32\shcore.dll
0x00007ffdb01d0000 - 0x00007ffdb0917000 	C:\WINDOWS\System32\windows.storage.dll
0x00007ffdb0fa0000 - 0x00007ffdb0ff1000 	C:\WINDOWS\System32\shlwapi.dll
0x00007ffdafc20000 - 0x00007ffdafc31000 	C:\WINDOWS\System32\kernel.appcore.dll
0x00007ffdafbb0000 - 0x00007ffdafbfc000 	C:\WINDOWS\System32\powrprof.dll
0x00007ffdafc40000 - 0x00007ffdafc5b000 	C:\WINDOWS\System32\profapi.dll
0x0000000053830000 - 0x00000000539c8000 	C:\Program Files\Java\jre1.8.0_111\bin\awt.dll
0x00007ffdb3760000 - 0x00007ffdb3825000 	C:\WINDOWS\System32\OLEAUT32.dll
0x00007ffdae060000 - 0x00007ffdae0e8000 	C:\WINDOWS\SYSTEM32\apphelp.dll
0x00007ffdae450000 - 0x00007ffdae47a000 	C:\WINDOWS\system32\DWMAPI.DLL
0x00007ffdae1e0000 - 0x00007ffdae275000 	C:\WINDOWS\system32\uxtheme.dll
0x00007ffdb17b0000 - 0x00007ffdb1917000 	C:\WINDOWS\System32\MSCTF.dll
0x00007ffdb3200000 - 0x00007ffdb3349000 	C:\WINDOWS\System32\ole32.dll
0x00000000537e0000 - 0x0000000053827000 	C:\Program Files\Java\jre1.8.0_111\bin\fontmanager.dll
0x00007ffd9afc0000 - 0x00007ffd9b055000 	C:\WINDOWS\system32\RICHED20.DLL
0x00007ffd87ea0000 - 0x00007ffd87eb9000 	C:\WINDOWS\SYSTEM32\USP10.dll
0x00007ffd9e240000 - 0x00007ffd9e278000 	C:\WINDOWS\SYSTEM32\msls31.dll
0x00007ffdb10b0000 - 0x00007ffdb114e000 	C:\WINDOWS\System32\clbcatq.dll
0x00007ffdaf6b0000 - 0x00007ffdaf6d5000 	C:\WINDOWS\system32\bcrypt.dll
0x00007ffda4f20000 - 0x00007ffda4fb8000 	C:\WINDOWS\System32\TextInputFramework.dll
0x00007ffdaa720000 - 0x00007ffdaaa0e000 	C:\WINDOWS\System32\CoreUIComponents.dll
0x00007ffdad0d0000 - 0x00007ffdad1ac000 	C:\WINDOWS\System32\CoreMessaging.dll
0x00007ffdaece0000 - 0x00007ffdaed11000 	C:\WINDOWS\SYSTEM32\ntmarta.dll
0x00007ffdac050000 - 0x00007ffdac186000 	C:\WINDOWS\SYSTEM32\wintypes.dll
0x00000000529f0000 - 0x0000000052a0a000 	C:\Program Files\Java\jre1.8.0_111\bin\net.dll
0x00007ffdaf3e0000 - 0x00007ffdaf446000 	C:\WINDOWS\system32\mswsock.dll
0x00007ffdaf1b0000 - 0x00007ffdaf266000 	C:\WINDOWS\SYSTEM32\DNSAPI.dll
0x00007ffdb3350000 - 0x00007ffdb3358000 	C:\WINDOWS\System32\NSI.dll
0x00007ffdaf170000 - 0x00007ffdaf1a9000 	C:\WINDOWS\SYSTEM32\IPHLPAPI.DLL
0x00007ffda4840000 - 0x00007ffda484a000 	C:\Windows\System32\rasadhlp.dll
0x00007ffdaf5a0000 - 0x00007ffdaf5b7000 	C:\WINDOWS\SYSTEM32\CRYPTSP.dll
0x00007ffdaefe0000 - 0x00007ffdaf013000 	C:\WINDOWS\system32\rsaenh.dll
0x00007ffdafab0000 - 0x00007ffdafad9000 	C:\WINDOWS\SYSTEM32\USERENV.dll
0x00007ffdaf5c0000 - 0x00007ffdaf5cb000 	C:\WINDOWS\SYSTEM32\CRYPTBASE.dll
0x00007ffdaa480000 - 0x00007ffdaa496000 	C:\WINDOWS\SYSTEM32\dhcpcsvc6.DLL
0x00007ffdaa4e0000 - 0x00007ffdaa4fa000 	C:\WINDOWS\SYSTEM32\dhcpcsvc.DLL
0x00007ffda7050000 - 0x00007ffda70c0000 	C:\WINDOWS\System32\fwpuclnt.dll
0x00000000529d0000 - 0x00000000529e1000 	C:\Program Files\Java\jre1.8.0_111\bin\nio.dll
0x00007ffda09b0000 - 0x00007ffda0b78000 	C:\WINDOWS\SYSTEM32\dbghelp.dll

VM Arguments:
jvm_args: -Dfile.encoding=Cp1252 
java_command: totalcross.Launcher /r 544353541A8E8B2A28D5B8E0 com.app.app
java_class_path (initial): C:\Program Files\Java\jre1.8.0_111\lib\resources.jar;C:\Program Files\Java\jre1.8.0_111\lib\rt.jar;C:\Program Files\Java\jre1.8.0_111\lib\jsse.jar;C:\Program Files\Java\jre1.8.0_111\lib\jce.jar;C:\Program Files\Java\jre1.8.0_111\lib\charsets.jar;C:\Program Files\Java\jre1.8.0_111\lib\jfr.jar;C:\Program Files\Java\jre1.8.0_111\lib\ext\access-bridge-64.jar;C:\Program Files\Java\jre1.8.0_111\lib\ext\cldrdata.jar;C:\Program Files\Java\jre1.8.0_111\lib\ext\dnsns.jar;C:\Program Files\Java\jre1.8.0_111\lib\ext\jaccess.jar;C:\Program Files\Java\jre1.8.0_111\lib\ext\jfxrt.jar;C:\Program Files\Java\jre1.8.0_111\lib\ext\localedata.jar;C:\Program Files\Java\jre1.8.0_111\lib\ext\nashorn.jar;C:\Program Files\Java\jre1.8.0_111\lib\ext\sunec.jar;C:\Program Files\Java\jre1.8.0_111\lib\ext\sunjce_provider.jar;C:\Program Files\Java\jre1.8.0_111\lib\ext\sunmscapi.jar;C:\Program Files\Java\jre1.8.0_111\lib\ext\sunpkcs11.jar;C:\Program Files\Java\jre1.8.0_111\lib\ext\zipfs.jar;C:\Users\marci\eclipse-workspace\app\target\classes;C:\Users\marci\.m2\repository\com\totalcross\utils\tc-utilities\0.0.1-SNAPSHOT\tc-utilities-0.0.1-SNAPSHOT.jar;C:\Users\marci\.m2\repository\com\totalcross\utils\magical-utils\0.0.1-SNAPSHOT\magical-utils-0.0.1-SNAPSHOT.jar;C:\Users\marci\.m2\repository\com\totalcross\totalcross-sdk\4.1.0\totalcross-sdk-4.1.0.jar;C:\Users\marci\.m2\repository\org\vafer\jdeb\0.7\jdeb-0.7.jar;C:\Users\marci\.m2\repository\org\apache\maven\maven-plugin-api\2.0.5\maven-plugin-api-2.0.5.jar;C:\Users\marci\.m2\repository\org\apache\maven\maven-project\2.0.5\maven-project-2.0.5.jar;C:\Users\marci\.m2\repository\org\apache\maven\maven-settings\2.0.5\maven-settings-2.0.5.jar;C:\Users\marci\.m2\repository\org\apache\maven\maven-profile\2.0.5\maven-profile-2.0.5.jar;C:\Users\marci\.m2\repository\org\apache\maven\maven-model\2.0.5\maven-model-2.0.5.jar;C:\Users\marci\.m2\repository\org\apache\maven\maven-artifact-manager\2.0.5\maven-artifact-manager-2.0.5.jar;C:\U
Launcher Type: SUN_STANDARD

Environment Variables:
JAVA_HOME=C:\Program Files\Java\jdk1.8.0_111
PATH=C:/Program Files/Java/jre1.8.0_111/bin/server;C:/Program Files/Java/jre1.8.0_111/bin;C:/Program Files/Java/jre1.8.0_111/lib/amd64;C:\ProgramData\Oracle\Java\javapath;C:\Program Files (x86)\Intel\TXE Components\TCS\;C:\Program Files\Intel\TXE Components\TCS\;C:\WINDOWS\system32;C:\WINDOWS;C:\WINDOWS\System32\Wbem;C:\WINDOWS\System32\WindowsPowerShell\v1.0\;C:\Program Files\Intel\TXE Components\DAL\;C:\Program Files (x86)\Intel\TXE Components\DAL\;C:\Program Files\Intel\TXE Components\IPT\;C:\Program Files (x86)\Intel\TXE Components\IPT\;C:\Program Files\Java\jdk1.8.0_111\bin;C:\TotalCross3\dist\vm\win32;C:\Users\marci\AppData\Local\Microsoft\WindowsApps;c:\TotalCross3\dist\vm\win32;C:\Program Files\Java\jdk1.8.0_111\bin;;C:\Users\marci\Desktop;
USERNAME=marci
OS=Windows_NT
PROCESSOR_IDENTIFIER=Intel64 Family 6 Model 76 Stepping 4, GenuineIntel



---------------  S Y S T E M  ---------------

OS: Windows 10.0 , 64 bit Build 16299 (10.0.16299.431)

CPU:total 2 (2 cores per cpu, 1 threads per core) family 6 model 76 stepping 4, cmov, cx8, fxsr, mmx, sse, sse2, sse3, ssse3, sse4.1, sse4.2, popcnt, aes, clmul, erms, 3dnowpref, tsc, tscinvbit

Memory: 4k page, physical 1946148k(287072k free), swap 4118320k(649380k free)

vm_info: Java HotSpot(TM) 64-Bit Server VM (25.111-b14) for windows-amd64 JRE (1.8.0_111-b14), built on Sep 22 2016 19:24:05 by "java_re" with MS VC++ 10.0 (VS2010)

time: Fri Jun 01 19:36:22 2018
elapsed time: 29 seconds (0d 0h 0m 29s)

