#
# A fatal error has been detected by the Java Runtime Environment:
#
#  EXCEPTION_ACCESS_VIOLATION (0xc0000005) at pc=0x000000006be42be0, pid=3984, tid=0x00000000000018cc
#
# JRE version: Java(TM) SE Runtime Environment (8.0_111-b14) (build 1.8.0_111-b14)
# Java VM: Java HotSpot(TM) 64-Bit Server VM (25.111-b14 mixed mode windows-amd64 compressed oops)
# Problematic frame:
# C  0x000000006be42be0
#
# Failed to write core dump. Minidumps are not enabled by default on client versions of Windows
#
# If you would like to submit a bug report, please visit:
#   http://bugreport.java.com/bugreport/crash.jsp
# The crash happened outside the Java Virtual Machine in native code.
# See problematic frame for where to report the bug.
#

---------------  T H R E A D  ---------------

Current thread (0x0000000017be4000):  JavaThread "Secondary finalizer" [_thread_in_native, id=6348, stack(0x000000001b620000,0x000000001b720000)]

siginfo: ExceptionCode=0xc0000005, ExceptionInformation=0x0000000000000008 0x000000006be42be0

Registers:
RAX=0x000000006be42be0, RBX=0x0000000018e9be78, RCX=0x0000000017be41f8, RDX=0x000000001b71f338
RSP=0x000000001b71f298, RBP=0x000000001b71f318, RSI=0x0000000000000108, RDI=0x0000000000000702
R8 =0x0000000000000005, R9 =0x00000000f7255768, R10=0x0000000004b6848b, R11=0x0000000052d7b580
R12=0x0000000000000000, R13=0x0000000018e9be78, R14=0x000000001b71f338, R15=0x0000000017be4000
RIP=0x000000006be42be0, EFLAGS=0x0000000000010206

Top of Stack: (sp=0x000000001b71f298)
0x000000001b71f298:   0000000004b684b7 000000001b71f3d8
0x000000001b71f2a8:   0000000004b676e2 000000001b71f2b0
0x000000001b71f2b8:   000000001546e3f0 000000001b71f3a0
0x000000001b71f2c8:   0000000000000000 00000000f7255768
0x000000001b71f2d8:   000000001b71f2c8 0000000000000000
0x000000001b71f2e8:   000000001b71f338 0000000018f08930
0x000000001b71f2f8:   0000000000000000 0000000018e9be78
0x000000001b71f308:   0000000000000000 000000001b71f338
0x000000001b71f318:   000000001b71f3a0 0000000004b5835d
0x000000001b71f328:   0000000000000000 0000000004b619d8
0x000000001b71f338:   00000000f7255768 00000000f72557a0
0x000000001b71f348:   0000000000000000 0000000000000009
0x000000001b71f358:   00000000f7255768 000000001b71f340
0x000000001b71f368:   0000000018e96c56 000000001b71f3d8
0x000000001b71f378:   0000000018f08140 0000000000000000
0x000000001b71f388:   0000000018e96cf0 000000001b71f338 

Instructions: (pc=0x000000006be42be0)
0x000000006be42bc0:   
[error occurred during error reporting (printing registers, top of stack, instructions near pc), id 0xc0000005]

Register to memory mapping:

RAX=0x000000006be42be0 is an unknown value
RBX={method} {0x0000000018e9be80} 'free_functions' '()V' in 'org/sqlite/core/NativeDB'
RCX=0x0000000017be41f8 is an unknown value
RDX=0x000000001b71f338 is pointing into the stack for thread: 0x0000000017be4000
RSP=0x000000001b71f298 is pointing into the stack for thread: 0x0000000017be4000
RBP=0x000000001b71f318 is pointing into the stack for thread: 0x0000000017be4000
RSI=0x0000000000000108 is an unknown value
RDI=0x0000000000000702 is an unknown value
R8 =0x0000000000000005 is an unknown value
R9 =0x00000000f7255768 is an oop
org.sqlite.core.NativeDB 
 - klass: 'org/sqlite/core/NativeDB'
R10=0x0000000004b6848b is at code_begin+1227 in an Interpreter codelet
method entry point (kind = native_synchronized)  [0x0000000004b67fc0, 0x0000000004b68aa0]  2784 bytes
R11=0x0000000052d7b580 is an unknown value
R12=0x0000000000000000 is an unknown value
R13={method} {0x0000000018e9be80} 'free_functions' '()V' in 'org/sqlite/core/NativeDB'
R14=0x000000001b71f338 is pointing into the stack for thread: 0x0000000017be4000
R15=0x0000000017be4000 is a thread


Stack: [0x000000001b620000,0x000000001b720000],  sp=0x000000001b71f298,  free space=1020k
Native frames: (J=compiled Java code, j=interpreted, Vv=VM code, C=native code)
C  0x000000006be42be0

Java frames: (J=compiled Java code, j=interpreted, Vv=VM code)
j  org.sqlite.core.NativeDB.free_functions()V+0
j  org.sqlite.core.DB.close()V+102
j  org.sqlite.core.CoreConnection.close()V+26
j  org.sqlite.core.CoreConnection.finalize()V+1
J 1070 C1 java.lang.ref.Finalizer.runFinalizer(Lsun/misc/JavaLangAccess;)V (62 bytes) @ 0x0000000004e29e8c [0x0000000004e29900+0x58c]
J 1069 C1 java.lang.ref.Finalizer.access$100(Ljava/lang/ref/Finalizer;Lsun/misc/JavaLangAccess;)V (6 bytes) @ 0x0000000004f3291c [0x0000000004f328c0+0x5c]
j  java.lang.ref.Finalizer$3.run()V+58
j  java.lang.Thread.run()V+11
v  ~StubRoutines::call_stub

---------------  P R O C E S S  ---------------

Java Threads: ( => current thread )
=>0x0000000017be4000 JavaThread "Secondary finalizer" [_thread_in_native, id=6348, stack(0x000000001b620000,0x000000001b720000)]
  0x0000000017dff000 JavaThread "TC Event Thread" daemon [_thread_blocked, id=188, stack(0x000000001ac20000,0x000000001ad20000)]
  0x0000000004a52800 JavaThread "DestroyJavaVM" [_thread_blocked, id=3664, stack(0x0000000004850000,0x0000000004950000)]
  0x0000000017c42800 JavaThread "AWT-EventQueue-0" [_thread_blocked, id=5604, stack(0x0000000018510000,0x0000000018610000)]
  0x0000000017c16800 JavaThread "AWT-Shutdown" [_thread_blocked, id=5352, stack(0x0000000018310000,0x0000000018410000)]
  0x0000000017c0b800 JavaThread "Java2D Disposer" daemon [_thread_blocked, id=5060, stack(0x0000000018110000,0x0000000018210000)]
  0x0000000015c40800 JavaThread "Service Thread" daemon [_thread_blocked, id=3724, stack(0x0000000016f10000,0x0000000017010000)]
  0x0000000015c27000 JavaThread "C1 CompilerThread1" daemon [_thread_blocked, id=5368, stack(0x0000000016e10000,0x0000000016f10000)]
  0x0000000015bcd000 JavaThread "C2 CompilerThread0" daemon [_thread_blocked, id=5840, stack(0x0000000016d10000,0x0000000016e10000)]
  0x0000000015bcc000 JavaThread "Attach Listener" daemon [_thread_blocked, id=5364, stack(0x0000000016c10000,0x0000000016d10000)]
  0x0000000004b4e800 JavaThread "Signal Dispatcher" daemon [_thread_blocked, id=2200, stack(0x0000000016b10000,0x0000000016c10000)]
  0x0000000015bb8800 JavaThread "Finalizer" daemon [_thread_blocked, id=5536, stack(0x0000000016810000,0x0000000016910000)]
  0x0000000004b3f800 JavaThread "Reference Handler" daemon [_thread_blocked, id=896, stack(0x0000000016710000,0x0000000016810000)]

Other Threads:
  0x0000000015b95000 VMThread [stack: 0x0000000016610000,0x0000000016710000] [id=5960]
  0x0000000015c4e000 WatcherThread [stack: 0x0000000017410000,0x0000000017510000] [id=4040]

VM state:not at safepoint (normal execution)

VM Mutex/Monitor currently owned by a thread: None

Heap:
 PSYoungGen      total 16896K, used 8515K [0x00000000f6180000, 0x00000000f7e00000, 0x0000000100000000)
  eden space 15872K, 47% used [0x00000000f6180000,0x00000000f68d2e38,0x00000000f7100000)
  from space 1024K, 99% used [0x00000000f7180000,0x00000000f727e0b0,0x00000000f7280000)
  to   space 6656K, 0% used [0x00000000f7780000,0x00000000f7780000,0x00000000f7e00000)
 ParOldGen       total 20480K, used 11267K [0x00000000e2400000, 0x00000000e3800000, 0x00000000f6180000)
  object space 20480K, 55% used [0x00000000e2400000,0x00000000e2f00ce8,0x00000000e3800000)
 Metaspace       used 12217K, capacity 12448K, committed 12800K, reserved 1060864K
  class space    used 1393K, capacity 1479K, committed 1536K, reserved 1048576K

Card table byte_map: [0x0000000013f10000,0x0000000014000000] byte_map_base: 0x00000000137fe000

Marking Bits: (ParMarkBitMap*) 0x000000005336a6c0
 Begin Bits: [0x00000000142a0000, 0x0000000014a10000)
 End Bits:   [0x0000000014a10000, 0x0000000015180000)

Polling page: 0x0000000002cf0000

CodeCache: size=245760Kb used=4015Kb max_used=4095Kb free=241744Kb
 bounds [0x0000000004b50000, 0x0000000004f60000, 0x0000000013b50000]
 total_blobs=1455 nmethods=967 adapters=402
 compilation: enabled

Compilation events (10 events):
Event: 33.273 Thread 0x0000000015c27000 1070   !   3       java.lang.ref.Finalizer::runFinalizer (62 bytes)
Event: 33.275 Thread 0x0000000015c27000 nmethod 1070 0x0000000004e29750 code [0x0000000004e29900, 0x0000000004e2a178]
Event: 33.275 Thread 0x0000000015c27000 1071       3       java.lang.ref.Finalizer::hasBeenFinalized (14 bytes)
Event: 33.276 Thread 0x0000000015c27000 nmethod 1071 0x0000000004e293d0 code [0x0000000004e29520, 0x0000000004e296d0]
Event: 33.276 Thread 0x0000000015c27000 1072   !   3       java.lang.ref.Finalizer::remove (94 bytes)
Event: 33.278 Thread 0x0000000015c27000 nmethod 1072 0x0000000004f53b10 code [0x0000000004f53c80, 0x0000000004f54150]
Event: 33.278 Thread 0x0000000015c27000 1073       3       java.lang.System$2::invokeFinalize (5 bytes)
Event: 33.278 Thread 0x0000000015c27000 nmethod 1073 0x0000000004f536d0 code [0x0000000004f53840, 0x0000000004f53a68]
Event: 33.278 Thread 0x0000000015c27000 1074       1       java.lang.ref.Finalizer::access$400 (5 bytes)
Event: 33.278 Thread 0x0000000015c27000 nmethod 1074 0x0000000004f32450 code [0x0000000004f325a0, 0x0000000004f32690]

GC Heap History (10 events):
Event: 2.336 GC heap before
{Heap before GC invocations=1 (full 0):
 PSYoungGen      total 9216K, used 8192K [0x00000000f6180000, 0x00000000f6b80000, 0x0000000100000000)
  eden space 8192K, 100% used [0x00000000f6180000,0x00000000f6980000,0x00000000f6980000)
  from space 1024K, 0% used [0x00000000f6a80000,0x00000000f6a80000,0x00000000f6b80000)
  to   space 1024K, 0% used [0x00000000f6980000,0x00000000f6980000,0x00000000f6a80000)
 ParOldGen       total 20480K, used 0K [0x00000000e2400000, 0x00000000e3800000, 0x00000000f6180000)
  object space 20480K, 0% used [0x00000000e2400000,0x00000000e2400000,0x00000000e3800000)
 Metaspace       used 5503K, capacity 5578K, committed 5760K, reserved 1056768K
  class space    used 585K, capacity 622K, committed 640K, reserved 1048576K
Event: 2.347 GC heap after
Heap after GC invocations=1 (full 0):
 PSYoungGen      total 9216K, used 1024K [0x00000000f6180000, 0x00000000f6b80000, 0x0000000100000000)
  eden space 8192K, 0% used [0x00000000f6180000,0x00000000f6180000,0x00000000f6980000)
  from space 1024K, 100% used [0x00000000f6980000,0x00000000f6a80000,0x00000000f6a80000)
  to   space 1024K, 0% used [0x00000000f6a80000,0x00000000f6a80000,0x00000000f6b80000)
 ParOldGen       total 20480K, used 966K [0x00000000e2400000, 0x00000000e3800000, 0x00000000f6180000)
  object space 20480K, 4% used [0x00000000e2400000,0x00000000e24f1ad0,0x00000000e3800000)
 Metaspace       used 5503K, capacity 5578K, committed 5760K, reserved 1056768K
  class space    used 585K, capacity 622K, committed 640K, reserved 1048576K
}
Event: 4.266 GC heap before
{Heap before GC invocations=2 (full 0):
 PSYoungGen      total 9216K, used 9216K [0x00000000f6180000, 0x00000000f6b80000, 0x0000000100000000)
  eden space 8192K, 100% used [0x00000000f6180000,0x00000000f6980000,0x00000000f6980000)
  from space 1024K, 100% used [0x00000000f6980000,0x00000000f6a80000,0x00000000f6a80000)
  to   space 1024K, 0% used [0x00000000f6a80000,0x00000000f6a80000,0x00000000f6b80000)
 ParOldGen       total 20480K, used 966K [0x00000000e2400000, 0x00000000e3800000, 0x00000000f6180000)
  object space 20480K, 4% used [0x00000000e2400000,0x00000000e24f1ad0,0x00000000e3800000)
 Metaspace       used 9423K, capacity 9666K, committed 9856K, reserved 1058816K
  class space    used 1089K, capacity 1152K, committed 1152K, reserved 1048576K
Event: 4.319 GC heap after
Heap after GC invocations=2 (full 0):
 PSYoungGen      total 9216K, used 992K [0x00000000f6180000, 0x00000000f7380000, 0x0000000100000000)
  eden space 8192K, 0% used [0x00000000f6180000,0x00000000f6180000,0x00000000f6980000)
  from space 1024K, 96% used [0x00000000f6a80000,0x00000000f6b78020,0x00000000f6b80000)
  to   space 1024K, 0% used [0x00000000f6980000,0x00000000f6980000,0x00000000f6a80000)
 ParOldGen       total 20480K, used 3952K [0x00000000e2400000, 0x00000000e3800000, 0x00000000f6180000)
  object space 20480K, 19% used [0x00000000e2400000,0x00000000e27dc1c8,0x00000000e3800000)
 Metaspace       used 9423K, capacity 9666K, committed 9856K, reserved 1058816K
  class space    used 1089K, capacity 1152K, committed 1152K, reserved 1048576K
}
Event: 5.175 GC heap before
{Heap before GC invocations=3 (full 0):
 PSYoungGen      total 9216K, used 9184K [0x00000000f6180000, 0x00000000f7380000, 0x0000000100000000)
  eden space 8192K, 100% used [0x00000000f6180000,0x00000000f6980000,0x00000000f6980000)
  from space 1024K, 96% used [0x00000000f6a80000,0x00000000f6b78020,0x00000000f6b80000)
  to   space 1024K, 0% used [0x00000000f6980000,0x00000000f6980000,0x00000000f6a80000)
 ParOldGen       total 20480K, used 3952K [0x00000000e2400000, 0x00000000e3800000, 0x00000000f6180000)
  object space 20480K, 19% used [0x00000000e2400000,0x00000000e27dc1c8,0x00000000e3800000)
 Metaspace       used 9691K, capacity 9890K, committed 10240K, reserved 1058816K
  class space    used 1114K, capacity 1184K, committed 1280K, reserved 1048576K
Event: 5.187 GC heap after
Heap after GC invocations=3 (full 0):
 PSYoungGen      total 9216K, used 992K [0x00000000f6180000, 0x00000000f7380000, 0x0000000100000000)
  eden space 8192K, 0% used [0x00000000f6180000,0x00000000f6180000,0x00000000f6980000)
  from space 1024K, 96% used [0x00000000f6980000,0x00000000f6a78020,0x00000000f6a80000)
  to   space 1024K, 0% used [0x00000000f7280000,0x00000000f7280000,0x00000000f7380000)
 ParOldGen       total 20480K, used 8304K [0x00000000e2400000, 0x00000000e3800000, 0x00000000f6180000)
  object space 20480K, 40% used [0x00000000e2400000,0x00000000e2c1c1c0,0x00000000e3800000)
 Metaspace       used 9691K, capacity 9890K, committed 10240K, reserved 1058816K
  class space    used 1114K, capacity 1184K, committed 1280K, reserved 1048576K
}
Event: 7.581 GC heap before
{Heap before GC invocations=4 (full 0):
 PSYoungGen      total 9216K, used 9184K [0x00000000f6180000, 0x00000000f7380000, 0x0000000100000000)
  eden space 8192K, 100% used [0x00000000f6180000,0x00000000f6980000,0x00000000f6980000)
  from space 1024K, 96% used [0x00000000f6980000,0x00000000f6a78020,0x00000000f6a80000)
  to   space 1024K, 0% used [0x00000000f7280000,0x00000000f7280000,0x00000000f7380000)
 ParOldGen       total 20480K, used 8304K [0x00000000e2400000, 0x00000000e3800000, 0x00000000f6180000)
  object space 20480K, 40% used [0x00000000e2400000,0x00000000e2c1c1c0,0x00000000e3800000)
 Metaspace       used 9953K, capacity 10178K, committed 10496K, reserved 1058816K
  class space    used 1142K, capacity 1216K, committed 1280K, reserved 1048576K
Event: 7.589 GC heap after
Heap after GC invocations=4 (full 0):
 PSYoungGen      total 17408K, used 1012K [0x00000000f6180000, 0x00000000f7380000, 0x0000000100000000)
  eden space 16384K, 0% used [0x00000000f6180000,0x00000000f6180000,0x00000000f7180000)
  from space 1024K, 98% used [0x00000000f7280000,0x00000000f737d080,0x00000000f7380000)
  to   space 1024K, 0% used [0x00000000f7180000,0x00000000f7180000,0x00000000f7280000)
 ParOldGen       total 20480K, used 8439K [0x00000000e2400000, 0x00000000e3800000, 0x00000000f6180000)
  object space 20480K, 41% used [0x00000000e2400000,0x00000000e2c3dd18,0x00000000e3800000)
 Metaspace       used 9953K, capacity 10178K, committed 10496K, reserved 1058816K
  class space    used 1142K, capacity 1216K, committed 1280K, reserved 1048576K
}
Event: 15.129 GC heap before
{Heap before GC invocations=5 (full 0):
 PSYoungGen      total 17408K, used 16855K [0x00000000f6180000, 0x00000000f7380000, 0x0000000100000000)
  eden space 16384K, 96% used [0x00000000f6180000,0x00000000f70f8f70,0x00000000f7180000)
  from space 1024K, 98% used [0x00000000f7280000,0x00000000f737d080,0x00000000f7380000)
  to   space 1024K, 0% used [0x00000000f7180000,0x00000000f7180000,0x00000000f7280000)
 ParOldGen       total 20480K, used 8439K [0x00000000e2400000, 0x00000000e3800000, 0x00000000f6180000)
  object space 20480K, 41% used [0x00000000e2400000,0x00000000e2c3dd18,0x00000000e3800000)
 Metaspace       used 11707K, capacity 11914K, committed 12288K, reserved 1060864K
  class space    used 1337K, capacity 1410K, committed 1536K, reserved 1048576K
Event: 15.144 GC heap after
Heap after GC invocations=5 (full 0):
 PSYoungGen      total 16896K, used 1016K [0x00000000f6180000, 0x00000000f7e00000, 0x0000000100000000)
  eden space 15872K, 0% used [0x00000000f6180000,0x00000000f6180000,0x00000000f7100000)
  from space 1024K, 99% used [0x00000000f7180000,0x00000000f727e0b0,0x00000000f7280000)
  to   space 6656K, 0% used [0x00000000f7780000,0x00000000f7780000,0x00000000f7e00000)
 ParOldGen       total 20480K, used 11267K [0x00000000e2400000, 0x00000000e3800000, 0x00000000f6180000)
  object space 20480K, 55% used [0x00000000e2400000,0x00000000e2f00ce8,0x00000000e3800000)
 Metaspace       used 11707K, capacity 11914K, committed 12288K, reserved 1060864K
  class space    used 1337K, capacity 1410K, committed 1536K, reserved 1048576K
}

Deoptimization events (10 events):
Event: 4.085 Thread 0x0000000004a52800 Uncommon trap: reason=class_check action=maybe_recompile pc=0x0000000004dd50bc method=java.util.zip.InflaterInputStream.read([BII)I @ 100
Event: 5.369 Thread 0x0000000004a52800 Uncommon trap: reason=unstable_if action=reinterpret pc=0x0000000004e09450 method=java.util.jar.JarVerifier$VerifierStream.read([BII)I @ 16
Event: 9.593 Thread 0x0000000017dff000 Uncommon trap: reason=unstable_if action=reinterpret pc=0x0000000004df7f64 method=java.io.WinNTFileSystem.normalize(Ljava/lang/String;)Ljava/lang/String; @ 128
Event: 14.688 Thread 0x0000000017dff000 Uncommon trap: reason=unstable_if action=reinterpret pc=0x0000000004ed5f04 method=org.sqlite.SQLiteJDBCLoader.contentsEquals(Ljava/io/InputStream;Ljava/io/InputStream;)Z @ 39
Event: 17.517 Thread 0x0000000017be6000 Uncommon trap: reason=unstable_if action=reinterpret pc=0x0000000004ccd68c method=sun.awt.image.ImageRepresentation.getOpaqueRGBImage()Ljava/awt/image/BufferedImage; @ 57
Event: 17.580 Thread 0x0000000017be6000 Uncommon trap: reason=unstable_if action=reinterpret pc=0x0000000004e097e4 method=sun.awt.image.ImageRepresentation.getOpaqueRGBImage()Ljava/awt/image/BufferedImage; @ 71
Event: 22.291 Thread 0x0000000017dff000 Uncommon trap: reason=unstable_if action=reinterpret pc=0x0000000004f2eac8 method=totalcross.ui.gfx.Graphics.translateAndClip(IIII)Z @ 29
Event: 22.396 Thread 0x0000000017dff000 Uncommon trap: reason=unstable_if action=reinterpret pc=0x0000000004efda0c method=totalcross.ui.image.Image.getSmoothScaledInstance(II)Ltotalcross/ui/image/Image; @ 715
Event: 22.397 Thread 0x0000000017dff000 Uncommon trap: reason=unstable_if action=reinterpret pc=0x0000000004dd60a4 method=totalcross.ui.image.Image.getSmoothScaledInstance(II)Ltotalcross/ui/image/Image; @ 715
Event: 22.459 Thread 0x0000000017dff000 Uncommon trap: reason=unstable_if action=reinterpret pc=0x0000000004f27510 method=totalcross.ui.gfx.Graphics.drawText(Ljava/lang/String;III)V @ 17

Internal exceptions (10 events):
Event: 22.367 Thread 0x0000000017dff000 Exception <a 'java/io/FileNotFoundException'> (0x00000000f6713fd0) thrown at [C:\re\workspace\8-2-build-windows-amd64-cygwin\jdk8u111\7883\hotspot\src\share\vm\prims\jni.cpp, line 709]
Event: 22.411 Thread 0x0000000017dff000 Exception <a 'java/io/FileNotFoundException'> (0x00000000f672e9c8) thrown at [C:\re\workspace\8-2-build-windows-amd64-cygwin\jdk8u111\7883\hotspot\src\share\vm\prims\jni.cpp, line 709]
Event: 22.411 Thread 0x0000000017dff000 Exception <a 'java/io/FileNotFoundException'> (0x00000000f672f650) thrown at [C:\re\workspace\8-2-build-windows-amd64-cygwin\jdk8u111\7883\hotspot\src\share\vm\prims\jni.cpp, line 709]
Event: 22.411 Thread 0x0000000017dff000 Exception <a 'java/io/FileNotFoundException'> (0x00000000f6730510) thrown at [C:\re\workspace\8-2-build-windows-amd64-cygwin\jdk8u111\7883\hotspot\src\share\vm\prims\jni.cpp, line 709]
Event: 22.482 Thread 0x0000000017dd5000 Exception <a 'java/lang/InterruptedException': sleep interrupted> (0x00000000f66b3e08) thrown at [C:\re\workspace\8-2-build-windows-amd64-cygwin\jdk8u111\7883\hotspot\src\share\vm\prims\jvm.cpp, line 3224]
Event: 22.488 Thread 0x0000000017dd5000 Exception <a 'java/lang/InterruptedException': sleep interrupted> (0x00000000f66b4060) thrown at [C:\re\workspace\8-2-build-windows-amd64-cygwin\jdk8u111\7883\hotspot\src\share\vm\prims\jvm.cpp, line 3224]
Event: 32.886 Thread 0x0000000017dff000 Exception <a 'java/io/FileNotFoundException'> (0x00000000f6822260) thrown at [C:\re\workspace\8-2-build-windows-amd64-cygwin\jdk8u111\7883\hotspot\src\share\vm\prims\jni.cpp, line 709]
Event: 32.886 Thread 0x0000000017dff000 Exception <a 'java/io/FileNotFoundException'> (0x00000000f6822d08) thrown at [C:\re\workspace\8-2-build-windows-amd64-cygwin\jdk8u111\7883\hotspot\src\share\vm\prims\jni.cpp, line 709]
Event: 32.886 Thread 0x0000000017dff000 Exception <a 'java/io/FileNotFoundException'> (0x00000000f6823af8) thrown at [C:\re\workspace\8-2-build-windows-amd64-cygwin\jdk8u111\7883\hotspot\src\share\vm\prims\jni.cpp, line 709]
Event: 33.015 Thread 0x0000000017dd5000 Exception <a 'java/lang/InterruptedException': sleep interrupted> (0x00000000f68410c0) thrown at [C:\re\workspace\8-2-build-windows-amd64-cygwin\jdk8u111\7883\hotspot\src\share\vm\prims\jvm.cpp, line 3224]

Events (10 events):
Event: 33.276 Executing VM operation: RevokeBias
Event: 33.276 Executing VM operation: RevokeBias done
Event: 33.276 Executing VM operation: BulkRevokeBias
Event: 33.277 Executing VM operation: BulkRevokeBias done
Event: 33.277 Executing VM operation: RevokeBias
Event: 33.277 Executing VM operation: RevokeBias done
Event: 33.278 Executing VM operation: RevokeBias
Event: 33.278 Executing VM operation: RevokeBias done
Event: 33.279 Executing VM operation: RevokeBias
Event: 33.279 Executing VM operation: RevokeBias done


Dynamic libraries:
0x00007ff6bf740000 - 0x00007ff6bf777000 	C:\Program Files\Java\jre1.8.0_111\bin\javaw.exe
0x00007ffdb3860000 - 0x00007ffdb3a40000 	C:\WINDOWS\SYSTEM32\ntdll.dll
0x00007ffdb30f0000 - 0x00007ffdb319e000 	C:\WINDOWS\System32\KERNEL32.DLL
0x00007ffdb0ac0000 - 0x00007ffdb0d26000 	C:\WINDOWS\System32\KERNELBASE.dll
0x00007ffdb1000000 - 0x00007ffdb10a1000 	C:\WINDOWS\System32\ADVAPI32.dll
0x00007ffdb3560000 - 0x00007ffdb35fd000 	C:\WINDOWS\System32\msvcrt.dll
0x00007ffdb31a0000 - 0x00007ffdb31fb000 	C:\WINDOWS\System32\sechost.dll
0x00007ffdb1240000 - 0x00007ffdb135f000 	C:\WINDOWS\System32\RPCRT4.dll
0x00007ffdb0d90000 - 0x00007ffdb0f1f000 	C:\WINDOWS\System32\USER32.dll
0x00007ffdb0110000 - 0x00007ffdb0130000 	C:\WINDOWS\System32\win32u.dll
0x00007ffdb3730000 - 0x00007ffdb3758000 	C:\WINDOWS\System32\GDI32.dll
0x00007ffdb0920000 - 0x00007ffdb0ab3000 	C:\WINDOWS\System32\gdi32full.dll
0x00007ffdb0130000 - 0x00007ffdb01cb000 	C:\WINDOWS\System32\msvcp_win.dll
0x00007ffdafc60000 - 0x00007ffdafd56000 	C:\WINDOWS\System32\ucrtbase.dll
0x00007ffd9f5d0000 - 0x00007ffd9f839000 	C:\WINDOWS\WinSxS\amd64_microsoft.windows.common-controls_6595b64144ccf1df_6.0.16299.431_none_15c7d3ee93659e73\COMCTL32.dll
0x00007ffdb1920000 - 0x00007ffdb1c28000 	C:\WINDOWS\System32\combase.dll
0x00007ffdaff80000 - 0x00007ffdafff2000 	C:\WINDOWS\System32\bcryptPrimitives.dll
0x00007ffdb1160000 - 0x00007ffdb118d000 	C:\WINDOWS\System32\IMM32.DLL
0x00000000528b0000 - 0x0000000052982000 	C:\Program Files\Java\jre1.8.0_111\bin\msvcr100.dll
0x0000000052b50000 - 0x00000000533ea000 	C:\Program Files\Java\jre1.8.0_111\bin\server\jvm.dll
0x00007ffdb30e0000 - 0x00007ffdb30e8000 	C:\WINDOWS\System32\PSAPI.DLL
0x00007ffdab9f0000 - 0x00007ffdab9f9000 	C:\WINDOWS\SYSTEM32\WSOCK32.dll
0x00007ffdb3070000 - 0x00007ffdb30dc000 	C:\WINDOWS\System32\WS2_32.dll
0x00007ffdadf40000 - 0x00007ffdadf63000 	C:\WINDOWS\SYSTEM32\WINMM.dll
0x00007ffda15e0000 - 0x00007ffda15ea000 	C:\WINDOWS\SYSTEM32\VERSION.dll
0x00007ffdadee0000 - 0x00007ffdadf0a000 	C:\WINDOWS\SYSTEM32\WINMMBASE.dll
0x00007ffdafd60000 - 0x00007ffdafdaa000 	C:\WINDOWS\System32\cfgmgr32.dll
0x0000000052a60000 - 0x0000000052a6f000 	C:\Program Files\Java\jre1.8.0_111\bin\verify.dll
0x0000000052a30000 - 0x0000000052a59000 	C:\Program Files\Java\jre1.8.0_111\bin\java.dll
0x0000000052a10000 - 0x0000000052a26000 	C:\Program Files\Java\jre1.8.0_111\bin\zip.dll
0x00007ffdb1c30000 - 0x00007ffdb3068000 	C:\WINDOWS\System32\SHELL32.dll
0x00007ffdb1190000 - 0x00007ffdb1236000 	C:\WINDOWS\System32\shcore.dll
0x00007ffdb01d0000 - 0x00007ffdb0917000 	C:\WINDOWS\System32\windows.storage.dll
0x00007ffdb0fa0000 - 0x00007ffdb0ff1000 	C:\WINDOWS\System32\shlwapi.dll
0x00007ffdafc20000 - 0x00007ffdafc31000 	C:\WINDOWS\System32\kernel.appcore.dll
0x00007ffdafbb0000 - 0x00007ffdafbfc000 	C:\WINDOWS\System32\powrprof.dll
0x00007ffdafc40000 - 0x00007ffdafc5b000 	C:\WINDOWS\System32\profapi.dll
0x0000000052710000 - 0x00000000528a8000 	C:\Program Files\Java\jre1.8.0_111\bin\awt.dll
0x00007ffdb3760000 - 0x00007ffdb3825000 	C:\WINDOWS\System32\OLEAUT32.dll
0x00007ffdae060000 - 0x00007ffdae0e8000 	C:\WINDOWS\SYSTEM32\apphelp.dll
0x00007ffdae450000 - 0x00007ffdae47a000 	C:\WINDOWS\system32\DWMAPI.DLL
0x00007ffdae1e0000 - 0x00007ffdae275000 	C:\WINDOWS\system32\uxtheme.dll
0x00007ffdb17b0000 - 0x00007ffdb1917000 	C:\WINDOWS\System32\MSCTF.dll
0x00007ffd99800000 - 0x00007ffd9987f000 	C:\Program Files (x86)\TeamViewer\tv_x64.dll
0x00007ffdb3200000 - 0x00007ffdb3349000 	C:\WINDOWS\System32\ole32.dll
0x00000000526c0000 - 0x0000000052707000 	C:\Program Files\Java\jre1.8.0_111\bin\fontmanager.dll
0x00007ffd9afc0000 - 0x00007ffd9b055000 	C:\WINDOWS\system32\RICHED20.DLL
0x00007ffd87ea0000 - 0x00007ffd87eb9000 	C:\WINDOWS\SYSTEM32\USP10.dll
0x00007ffd9e240000 - 0x00007ffd9e278000 	C:\WINDOWS\SYSTEM32\msls31.dll
0x00007ffdb10b0000 - 0x00007ffdb114e000 	C:\WINDOWS\System32\clbcatq.dll
0x00007ffdaf6b0000 - 0x00007ffdaf6d5000 	C:\WINDOWS\system32\bcrypt.dll
0x00007ffda4f20000 - 0x00007ffda4fb8000 	C:\WINDOWS\System32\TextInputFramework.dll
0x00007ffdaa720000 - 0x00007ffdaaa0e000 	C:\WINDOWS\System32\CoreUIComponents.dll
0x00007ffdad0d0000 - 0x00007ffdad1ac000 	C:\WINDOWS\System32\CoreMessaging.dll
0x00007ffdaece0000 - 0x00007ffdaed11000 	C:\WINDOWS\SYSTEM32\ntmarta.dll
0x00007ffdac050000 - 0x00007ffdac186000 	C:\WINDOWS\SYSTEM32\wintypes.dll
0x00000000529f0000 - 0x0000000052a0a000 	C:\Program Files\Java\jre1.8.0_111\bin\net.dll
0x00007ffdaf3e0000 - 0x00007ffdaf446000 	C:\WINDOWS\system32\mswsock.dll
0x00007ffdaf1b0000 - 0x00007ffdaf266000 	C:\WINDOWS\SYSTEM32\DNSAPI.dll
0x00007ffdb3350000 - 0x00007ffdb3358000 	C:\WINDOWS\System32\NSI.dll
0x00007ffdaf170000 - 0x00007ffdaf1a9000 	C:\WINDOWS\SYSTEM32\IPHLPAPI.DLL
0x00007ffda4840000 - 0x00007ffda484a000 	C:\Windows\System32\rasadhlp.dll
0x00007ffdaf5a0000 - 0x00007ffdaf5b7000 	C:\WINDOWS\SYSTEM32\CRYPTSP.dll
0x00007ffdaefe0000 - 0x00007ffdaf013000 	C:\WINDOWS\system32\rsaenh.dll
0x00007ffdafab0000 - 0x00007ffdafad9000 	C:\WINDOWS\SYSTEM32\USERENV.dll
0x00007ffdaf5c0000 - 0x00007ffdaf5cb000 	C:\WINDOWS\SYSTEM32\CRYPTBASE.dll
0x00007ffdaa480000 - 0x00007ffdaa496000 	C:\WINDOWS\SYSTEM32\dhcpcsvc6.DLL
0x00007ffdaa4e0000 - 0x00007ffdaa4fa000 	C:\WINDOWS\SYSTEM32\dhcpcsvc.DLL
0x00007ffda7050000 - 0x00007ffda70c0000 	C:\WINDOWS\System32\fwpuclnt.dll
0x00000000529d0000 - 0x00000000529e1000 	C:\Program Files\Java\jre1.8.0_111\bin\nio.dll
0x00007ffda09b0000 - 0x00007ffda0b78000 	C:\WINDOWS\SYSTEM32\dbghelp.dll

VM Arguments:
jvm_args: -Dfile.encoding=Cp1252 
java_command: totalcross.Launcher /r 544353541A8E8B2A28D5B8E0 com.app.app
java_class_path (initial): C:\Program Files\Java\jre1.8.0_111\lib\resources.jar;C:\Program Files\Java\jre1.8.0_111\lib\rt.jar;C:\Program Files\Java\jre1.8.0_111\lib\jsse.jar;C:\Program Files\Java\jre1.8.0_111\lib\jce.jar;C:\Program Files\Java\jre1.8.0_111\lib\charsets.jar;C:\Program Files\Java\jre1.8.0_111\lib\jfr.jar;C:\Program Files\Java\jre1.8.0_111\lib\ext\access-bridge-64.jar;C:\Program Files\Java\jre1.8.0_111\lib\ext\cldrdata.jar;C:\Program Files\Java\jre1.8.0_111\lib\ext\dnsns.jar;C:\Program Files\Java\jre1.8.0_111\lib\ext\jaccess.jar;C:\Program Files\Java\jre1.8.0_111\lib\ext\jfxrt.jar;C:\Program Files\Java\jre1.8.0_111\lib\ext\localedata.jar;C:\Program Files\Java\jre1.8.0_111\lib\ext\nashorn.jar;C:\Program Files\Java\jre1.8.0_111\lib\ext\sunec.jar;C:\Program Files\Java\jre1.8.0_111\lib\ext\sunjce_provider.jar;C:\Program Files\Java\jre1.8.0_111\lib\ext\sunmscapi.jar;C:\Program Files\Java\jre1.8.0_111\lib\ext\sunpkcs11.jar;C:\Program Files\Java\jre1.8.0_111\lib\ext\zipfs.jar;C:\Users\marci\eclipse-workspace\app\target\classes;C:\Users\marci\.m2\repository\com\totalcross\utils\tc-utilities\0.0.1-SNAPSHOT\tc-utilities-0.0.1-SNAPSHOT.jar;C:\Users\marci\.m2\repository\com\totalcross\utils\magical-utils\0.0.1-SNAPSHOT\magical-utils-0.0.1-SNAPSHOT.jar;C:\Users\marci\.m2\repository\com\totalcross\totalcross-sdk\4.1.0\totalcross-sdk-4.1.0.jar;C:\Users\marci\.m2\repository\org\vafer\jdeb\0.7\jdeb-0.7.jar;C:\Users\marci\.m2\repository\org\apache\maven\maven-plugin-api\2.0.5\maven-plugin-api-2.0.5.jar;C:\Users\marci\.m2\repository\org\apache\maven\maven-project\2.0.5\maven-project-2.0.5.jar;C:\Users\marci\.m2\repository\org\apache\maven\maven-settings\2.0.5\maven-settings-2.0.5.jar;C:\Users\marci\.m2\repository\org\apache\maven\maven-profile\2.0.5\maven-profile-2.0.5.jar;C:\Users\marci\.m2\repository\org\apache\maven\maven-model\2.0.5\maven-model-2.0.5.jar;C:\Users\marci\.m2\repository\org\apache\maven\maven-artifact-manager\2.0.5\maven-artifact-manager-2.0.5.jar;C:\U
Launcher Type: SUN_STANDARD

Environment Variables:
JAVA_HOME=C:\Program Files\Java\jdk1.8.0_111
PATH=C:/Program Files/Java/jre1.8.0_111/bin/server;C:/Program Files/Java/jre1.8.0_111/bin;C:/Program Files/Java/jre1.8.0_111/lib/amd64;C:\ProgramData\Oracle\Java\javapath;C:\Program Files (x86)\Intel\TXE Components\TCS\;C:\Program Files\Intel\TXE Components\TCS\;C:\WINDOWS\system32;C:\WINDOWS;C:\WINDOWS\System32\Wbem;C:\WINDOWS\System32\WindowsPowerShell\v1.0\;C:\Program Files\Intel\TXE Components\DAL\;C:\Program Files (x86)\Intel\TXE Components\DAL\;C:\Program Files\Intel\TXE Components\IPT\;C:\Program Files (x86)\Intel\TXE Components\IPT\;C:\Program Files\Java\jdk1.8.0_111\bin;C:\TotalCross3\dist\vm\win32;C:\Users\marci\AppData\Local\Microsoft\WindowsApps;c:\TotalCross3\dist\vm\win32;C:\Program Files\Java\jdk1.8.0_111\bin;;C:\Users\marci\Desktop;
USERNAME=marci
OS=Windows_NT
PROCESSOR_IDENTIFIER=Intel64 Family 6 Model 76 Stepping 4, GenuineIntel



---------------  S Y S T E M  ---------------

OS: Windows 10.0 , 64 bit Build 16299 (10.0.16299.431)

CPU:total 2 (2 cores per cpu, 1 threads per core) family 6 model 76 stepping 4, cmov, cx8, fxsr, mmx, sse, sse2, sse3, ssse3, sse4.1, sse4.2, popcnt, aes, clmul, erms, 3dnowpref, tsc, tscinvbit

Memory: 4k page, physical 1946148k(177444k free), swap 5015584k(1061752k free)

vm_info: Java HotSpot(TM) 64-Bit Server VM (25.111-b14) for windows-amd64 JRE (1.8.0_111-b14), built on Sep 22 2016 19:24:05 by "java_re" with MS VC++ 10.0 (VS2010)

time: Fri Jun 01 21:51:15 2018
elapsed time: 33 seconds (0d 0h 0m 33s)

