#
# A fatal error has been detected by the Java Runtime Environment:
#
#  EXCEPTION_ACCESS_VIOLATION (0xc0000005) at pc=0x000000006be42be0, pid=4736, tid=0x00000000000012c0
#
# JRE version: Java(TM) SE Runtime Environment (8.0_111-b14) (build 1.8.0_111-b14)
# Java VM: Java HotSpot(TM) 64-Bit Server VM (25.111-b14 mixed mode windows-amd64 compressed oops)
# Problematic frame:
# C  0x000000006be42be0
#
# Failed to write core dump. Minidumps are not enabled by default on client versions of Windows
#
# If you would like to submit a bug report, please visit:
#   http://bugreport.java.com/bugreport/crash.jsp
# The crash happened outside the Java Virtual Machine in native code.
# See problematic frame for where to report the bug.
#

---------------  T H R E A D  ---------------

Current thread (0x0000000017b42000):  JavaThread "Secondary finalizer" [_thread_in_native, id=4800, stack(0x000000001ba30000,0x000000001bb30000)]

siginfo: ExceptionCode=0xc0000005, ExceptionInformation=0x0000000000000008 0x000000006be42be0

Registers:
RAX=0x000000006be42be0, RBX=0x00000000192aa890, RCX=0x0000000017b421f8, RDX=0x000000001bb2ed48
RSP=0x000000001bb2eca8, RBP=0x000000001bb2ed28, RSI=0x0000000000000108, RDI=0x0000000000000704
R8 =0x0000000000000005, R9 =0x00000000f706a3d0, R10=0x000000000503848b, R11=0x0000000052d7b580
R12=0x0000000000000000, R13=0x00000000192aa890, R14=0x000000001bb2ed48, R15=0x0000000017b42000
RIP=0x000000006be42be0, EFLAGS=0x0000000000010206

Top of Stack: (sp=0x000000001bb2eca8)
0x000000001bb2eca8:   00000000050384b7 00000000050256d0
0x000000001bb2ecb8:   0000000000000000 0000000053161bb8
0x000000001bb2ecc8:   0000000017b42000 000000001bb2edb0
0x000000001bb2ecd8:   0000000000000000 00000000f706a3d0
0x000000001bb2ece8:   000000001bb2ecd8 0000000000000000
0x000000001bb2ecf8:   000000001bb2ed48 00000000192d5e70
0x000000001bb2ed08:   0000000000000000 00000000192aa890
0x000000001bb2ed18:   0000000000000000 000000001bb2ed48
0x000000001bb2ed28:   000000001bb2edb0 000000000502835d
0x000000001bb2ed38:   0000000000000000 00000000050319d8
0x000000001bb2ed48:   00000000f706a3d0 00000000f706a408
0x000000001bb2ed58:   0000000000000000 0000000000000009
0x000000001bb2ed68:   00000000f706a3d0 000000001bb2ed50
0x000000001bb2ed78:   00000000192a566e 000000001bb2ede8
0x000000001bb2ed88:   00000000192d5680 0000000000000000
0x000000001bb2ed98:   00000000192a5708 000000001bb2ed48 

Instructions: (pc=0x000000006be42be0)
0x000000006be42bc0:   
[error occurred during error reporting (printing registers, top of stack, instructions near pc), id 0xc0000005]

Register to memory mapping:

RAX=0x000000006be42be0 is an unknown value
RBX={method} {0x00000000192aa898} 'free_functions' '()V' in 'org/sqlite/core/NativeDB'
RCX=0x0000000017b421f8 is an unknown value
RDX=0x000000001bb2ed48 is pointing into the stack for thread: 0x0000000017b42000
RSP=0x000000001bb2eca8 is pointing into the stack for thread: 0x0000000017b42000
RBP=0x000000001bb2ed28 is pointing into the stack for thread: 0x0000000017b42000
RSI=0x0000000000000108 is an unknown value
RDI=0x0000000000000704 is an unknown value
R8 =0x0000000000000005 is an unknown value
R9 =0x00000000f706a3d0 is an oop
org.sqlite.core.NativeDB 
 - klass: 'org/sqlite/core/NativeDB'
R10=0x000000000503848b is at code_begin+1227 in an Interpreter codelet
method entry point (kind = native_synchronized)  [0x0000000005037fc0, 0x0000000005038aa0]  2784 bytes
R11=0x0000000052d7b580 is an unknown value
R12=0x0000000000000000 is an unknown value
R13={method} {0x00000000192aa898} 'free_functions' '()V' in 'org/sqlite/core/NativeDB'
R14=0x000000001bb2ed48 is pointing into the stack for thread: 0x0000000017b42000
R15=0x0000000017b42000 is a thread


Stack: [0x000000001ba30000,0x000000001bb30000],  sp=0x000000001bb2eca8,  free space=1019k
Native frames: (J=compiled Java code, j=interpreted, Vv=VM code, C=native code)
C  0x000000006be42be0

Java frames: (J=compiled Java code, j=interpreted, Vv=VM code)
j  org.sqlite.core.NativeDB.free_functions()V+0
j  org.sqlite.core.DB.close()V+102
j  org.sqlite.core.CoreConnection.close()V+26
j  org.sqlite.core.CoreConnection.finalize()V+1
J 883 C1 java.lang.ref.Finalizer.runFinalizer(Lsun/misc/JavaLangAccess;)V (62 bytes) @ 0x00000000051822dc [0x0000000005181d40+0x59c]
J 882 C1 java.lang.ref.Finalizer.access$100(Ljava/lang/ref/Finalizer;Lsun/misc/JavaLangAccess;)V (6 bytes) @ 0x000000000517eb9c [0x000000000517eb40+0x5c]
j  java.lang.ref.Finalizer$3.run()V+58
j  java.lang.Thread.run()V+11
v  ~StubRoutines::call_stub

---------------  P R O C E S S  ---------------

Java Threads: ( => current thread )
=>0x0000000017b42000 JavaThread "Secondary finalizer" [_thread_in_native, id=4800, stack(0x000000001ba30000,0x000000001bb30000)]
  0x000000001982d000 JavaThread "TC Event Thread" daemon [_thread_blocked, id=192, stack(0x000000001b030000,0x000000001b130000)]
  0x0000000004f22800 JavaThread "DestroyJavaVM" [_thread_blocked, id=1640, stack(0x0000000004bf0000,0x0000000004cf0000)]
  0x0000000018010800 JavaThread "AWT-EventQueue-0" [_thread_blocked, id=3272, stack(0x0000000018910000,0x0000000018a10000)]
  0x0000000017ff0000 JavaThread "AWT-Shutdown" [_thread_blocked, id=3408, stack(0x0000000018710000,0x0000000018810000)]
  0x0000000017fe6000 JavaThread "Java2D Disposer" daemon [_thread_blocked, id=5500, stack(0x0000000018610000,0x0000000018710000)]
  0x000000001605d000 JavaThread "Service Thread" daemon [_thread_blocked, id=7040, stack(0x0000000017330000,0x0000000017430000)]
  0x0000000016056000 JavaThread "C1 CompilerThread1" daemon [_thread_blocked, id=3300, stack(0x0000000017230000,0x0000000017330000)]
  0x0000000015ffc000 JavaThread "C2 CompilerThread0" daemon [_thread_blocked, id=1168, stack(0x0000000017130000,0x0000000017230000)]
  0x0000000015ffb000 JavaThread "Attach Listener" daemon [_thread_blocked, id=5740, stack(0x0000000017030000,0x0000000017130000)]
  0x0000000015ff8000 JavaThread "Signal Dispatcher" daemon [_thread_blocked, id=7056, stack(0x0000000016f30000,0x0000000017030000)]
  0x0000000015fe8800 JavaThread "Finalizer" daemon [_thread_blocked, id=932, stack(0x0000000016c30000,0x0000000016d30000)]
  0x000000000500f800 JavaThread "Reference Handler" daemon [_thread_blocked, id=1892, stack(0x0000000016b30000,0x0000000016c30000)]

Other Threads:
  0x0000000015fc5800 VMThread [stack: 0x0000000016a30000,0x0000000016b30000] [id=6000]
  0x000000001607d800 WatcherThread [stack: 0x0000000017830000,0x0000000017930000] [id=6764]

VM state:not at safepoint (normal execution)

VM Mutex/Monitor currently owned by a thread: None

Heap:
 PSYoungGen      total 13824K, used 12449K [0x00000000f6180000, 0x00000000f8080000, 0x0000000100000000)
  eden space 7168K, 95% used [0x00000000f6180000,0x00000000f6831cf0,0x00000000f6880000)
  from space 6656K, 84% used [0x00000000f7000000,0x00000000f7576740,0x00000000f7680000)
  to   space 7680K, 0% used [0x00000000f6880000,0x00000000f6880000,0x00000000f7000000)
 ParOldGen       total 20480K, used 9480K [0x00000000e2400000, 0x00000000e3800000, 0x00000000f6180000)
  object space 20480K, 46% used [0x00000000e2400000,0x00000000e2d42048,0x00000000e3800000)
 Metaspace       used 12421K, capacity 12650K, committed 12800K, reserved 1060864K
  class space    used 1392K, capacity 1480K, committed 1536K, reserved 1048576K

Card table byte_map: [0x00000000143e0000,0x00000000144d0000] byte_map_base: 0x0000000013cce000

Marking Bits: (ParMarkBitMap*) 0x000000005336a6c0
 Begin Bits: [0x00000000146d0000, 0x0000000014e40000)
 End Bits:   [0x0000000014e40000, 0x00000000155b0000)

Polling page: 0x0000000003110000

CodeCache: size=245760Kb used=4620Kb max_used=4623Kb free=241139Kb
 bounds [0x0000000005020000, 0x00000000054b0000, 0x0000000014020000]
 total_blobs=1595 nmethods=1106 adapters=402
 compilation: enabled

Compilation events (10 events):
Event: 52.959 Thread 0x0000000016056000 1220       3       sun.awt.windows.WComponentPeer::postEvent (17 bytes)
Event: 52.960 Thread 0x0000000016056000 nmethod 1220 0x00000000054a5a10 code [0x00000000054a5be0, 0x00000000054a6318]
Event: 52.964 Thread 0x0000000016056000 1221  s    3       sun.java2d.ScreenUpdateManager::getInstance (39 bytes)
Event: 52.966 Thread 0x0000000016056000 nmethod 1221 0x00000000054a6610 code [0x00000000054a6840, 0x00000000054a76c8]
Event: 53.314 Thread 0x0000000016056000 1222       1       java.awt.event.PaintEvent::getUpdateRect (5 bytes)
Event: 53.314 Thread 0x0000000016056000 nmethod 1222 0x00000000054a7c10 code [0x00000000054a7d60, 0x00000000054a7e70]
Event: 54.337 Thread 0x0000000016056000 1223       3       java.lang.Class::arrayContentsEq (70 bytes)
Event: 54.337 Thread 0x0000000016056000 nmethod 1223 0x00000000054a7ed0 code [0x00000000054a8060, 0x00000000054a8490]
Event: 54.707 Thread 0x0000000016056000 1224   !   3       java.lang.ref.Finalizer::remove (94 bytes)
Event: 54.709 Thread 0x0000000016056000 nmethod 1224 0x00000000054a8610 code [0x00000000054a8780, 0x00000000054a8c50]

GC Heap History (10 events):
Event: 4.145 GC heap before
{Heap before GC invocations=2 (full 0):
 PSYoungGen      total 9216K, used 9216K [0x00000000f6180000, 0x00000000f6b80000, 0x0000000100000000)
  eden space 8192K, 100% used [0x00000000f6180000,0x00000000f6980000,0x00000000f6980000)
  from space 1024K, 100% used [0x00000000f6980000,0x00000000f6a80000,0x00000000f6a80000)
  to   space 1024K, 0% used [0x00000000f6a80000,0x00000000f6a80000,0x00000000f6b80000)
 ParOldGen       total 20480K, used 972K [0x00000000e2400000, 0x00000000e3800000, 0x00000000f6180000)
  object space 20480K, 4% used [0x00000000e2400000,0x00000000e24f3238,0x00000000e3800000)
 Metaspace       used 9419K, capacity 9666K, committed 9856K, reserved 1058816K
  class space    used 1089K, capacity 1152K, committed 1152K, reserved 1048576K
Event: 4.166 GC heap after
Heap after GC invocations=2 (full 0):
 PSYoungGen      total 9216K, used 1008K [0x00000000f6180000, 0x00000000f6b80000, 0x0000000100000000)
  eden space 8192K, 0% used [0x00000000f6180000,0x00000000f6180000,0x00000000f6980000)
  from space 1024K, 98% used [0x00000000f6a80000,0x00000000f6b7c010,0x00000000f6b80000)
  to   space 1024K, 0% used [0x00000000f6980000,0x00000000f6980000,0x00000000f6a80000)
 ParOldGen       total 20480K, used 3936K [0x00000000e2400000, 0x00000000e3800000, 0x00000000f6180000)
  object space 20480K, 19% used [0x00000000e2400000,0x00000000e27d82b0,0x00000000e3800000)
 Metaspace       used 9419K, capacity 9666K, committed 9856K, reserved 1058816K
  class space    used 1089K, capacity 1152K, committed 1152K, reserved 1048576K
}
Event: 5.077 GC heap before
{Heap before GC invocations=3 (full 0):
 PSYoungGen      total 9216K, used 9200K [0x00000000f6180000, 0x00000000f6b80000, 0x0000000100000000)
  eden space 8192K, 100% used [0x00000000f6180000,0x00000000f6980000,0x00000000f6980000)
  from space 1024K, 98% used [0x00000000f6a80000,0x00000000f6b7c010,0x00000000f6b80000)
  to   space 1024K, 0% used [0x00000000f6980000,0x00000000f6980000,0x00000000f6a80000)
 ParOldGen       total 20480K, used 3936K [0x00000000e2400000, 0x00000000e3800000, 0x00000000f6180000)
  object space 20480K, 19% used [0x00000000e2400000,0x00000000e27d82b0,0x00000000e3800000)
 Metaspace       used 9689K, capacity 9890K, committed 10240K, reserved 1058816K
  class space    used 1114K, capacity 1184K, committed 1280K, reserved 1048576K
Event: 5.090 GC heap after
Heap after GC invocations=3 (full 0):
 PSYoungGen      total 9216K, used 1015K [0x00000000f6180000, 0x00000000f7380000, 0x0000000100000000)
  eden space 8192K, 0% used [0x00000000f6180000,0x00000000f6180000,0x00000000f6980000)
  from space 1024K, 99% used [0x00000000f6980000,0x00000000f6a7de20,0x00000000f6a80000)
  to   space 1024K, 0% used [0x00000000f7280000,0x00000000f7280000,0x00000000f7380000)
 ParOldGen       total 20480K, used 8274K [0x00000000e2400000, 0x00000000e3800000, 0x00000000f6180000)
  object space 20480K, 40% used [0x00000000e2400000,0x00000000e2c14860,0x00000000e3800000)
 Metaspace       used 9689K, capacity 9890K, committed 10240K, reserved 1058816K
  class space    used 1114K, capacity 1184K, committed 1280K, reserved 1048576K
}
Event: 7.391 GC heap before
{Heap before GC invocations=4 (full 0):
 PSYoungGen      total 9216K, used 9207K [0x00000000f6180000, 0x00000000f7380000, 0x0000000100000000)
  eden space 8192K, 100% used [0x00000000f6180000,0x00000000f6980000,0x00000000f6980000)
  from space 1024K, 99% used [0x00000000f6980000,0x00000000f6a7de20,0x00000000f6a80000)
  to   space 1024K, 0% used [0x00000000f7280000,0x00000000f7280000,0x00000000f7380000)
 ParOldGen       total 20480K, used 8274K [0x00000000e2400000, 0x00000000e3800000, 0x00000000f6180000)
  object space 20480K, 40% used [0x00000000e2400000,0x00000000e2c14860,0x00000000e3800000)
 Metaspace       used 9950K, capacity 10178K, committed 10496K, reserved 1058816K
  class space    used 1142K, capacity 1216K, committed 1280K, reserved 1048576K
Event: 7.397 GC heap after
Heap after GC invocations=4 (full 0):
 PSYoungGen      total 9216K, used 611K [0x00000000f6180000, 0x00000000f7380000, 0x0000000100000000)
  eden space 8192K, 0% used [0x00000000f6180000,0x00000000f6180000,0x00000000f6980000)
  from space 1024K, 59% used [0x00000000f7280000,0x00000000f7318e60,0x00000000f7380000)
  to   space 1024K, 0% used [0x00000000f6980000,0x00000000f6980000,0x00000000f6a80000)
 ParOldGen       total 20480K, used 8874K [0x00000000e2400000, 0x00000000e3800000, 0x00000000f6180000)
  object space 20480K, 43% used [0x00000000e2400000,0x00000000e2caa870,0x00000000e3800000)
 Metaspace       used 9950K, capacity 10178K, committed 10496K, reserved 1058816K
  class space    used 1142K, capacity 1216K, committed 1280K, reserved 1048576K
}
Event: 9.184 GC heap before
{Heap before GC invocations=5 (full 0):
 PSYoungGen      total 9216K, used 8803K [0x00000000f6180000, 0x00000000f7380000, 0x0000000100000000)
  eden space 8192K, 100% used [0x00000000f6180000,0x00000000f6980000,0x00000000f6980000)
  from space 1024K, 59% used [0x00000000f7280000,0x00000000f7318e60,0x00000000f7380000)
  to   space 1024K, 0% used [0x00000000f6980000,0x00000000f6980000,0x00000000f6a80000)
 ParOldGen       total 20480K, used 8874K [0x00000000e2400000, 0x00000000e3800000, 0x00000000f6180000)
  object space 20480K, 43% used [0x00000000e2400000,0x00000000e2caa870,0x00000000e3800000)
 Metaspace       used 11360K, capacity 11562K, committed 11648K, reserved 1058816K
  class space    used 1305K, capacity 1378K, committed 1408K, reserved 1048576K
Event: 9.191 GC heap after
Heap after GC invocations=5 (full 0):
 PSYoungGen      total 9216K, used 1012K [0x00000000f6180000, 0x00000000f7680000, 0x0000000100000000)
  eden space 8192K, 0% used [0x00000000f6180000,0x00000000f6180000,0x00000000f6980000)
  from space 1024K, 98% used [0x00000000f6980000,0x00000000f6a7d150,0x00000000f6a80000)
  to   space 6656K, 0% used [0x00000000f7000000,0x00000000f7000000,0x00000000f7680000)
 ParOldGen       total 20480K, used 9480K [0x00000000e2400000, 0x00000000e3800000, 0x00000000f6180000)
  object space 20480K, 46% used [0x00000000e2400000,0x00000000e2d42048,0x00000000e3800000)
 Metaspace       used 11360K, capacity 11562K, committed 11648K, reserved 1058816K
  class space    used 1305K, capacity 1378K, committed 1408K, reserved 1048576K
}
Event: 9.664 GC heap before
{Heap before GC invocations=6 (full 0):
 PSYoungGen      total 9216K, used 8393K [0x00000000f6180000, 0x00000000f7680000, 0x0000000100000000)
  eden space 8192K, 90% used [0x00000000f6180000,0x00000000f68b5690,0x00000000f6980000)
  from space 1024K, 98% used [0x00000000f6980000,0x00000000f6a7d150,0x00000000f6a80000)
  to   space 6656K, 0% used [0x00000000f7000000,0x00000000f7000000,0x00000000f7680000)
 ParOldGen       total 20480K, used 9480K [0x00000000e2400000, 0x00000000e3800000, 0x00000000f6180000)
  object space 20480K, 46% used [0x00000000e2400000,0x00000000e2d42048,0x00000000e3800000)
 Metaspace       used 11664K, capacity 11914K, committed 12288K, reserved 1060864K
  class space    used 1332K, capacity 1410K, committed 1536K, reserved 1048576K
Event: 9.677 GC heap after
Heap after GC invocations=6 (full 0):
 PSYoungGen      total 13824K, used 5593K [0x00000000f6180000, 0x00000000f8080000, 0x0000000100000000)
  eden space 7168K, 0% used [0x00000000f6180000,0x00000000f6180000,0x00000000f6880000)
  from space 6656K, 84% used [0x00000000f7000000,0x00000000f7576740,0x00000000f7680000)
  to   space 7680K, 0% used [0x00000000f6880000,0x00000000f6880000,0x00000000f7000000)
 ParOldGen       total 20480K, used 9480K [0x00000000e2400000, 0x00000000e3800000, 0x00000000f6180000)
  object space 20480K, 46% used [0x00000000e2400000,0x00000000e2d42048,0x00000000e3800000)
 Metaspace       used 11664K, capacity 11914K, committed 12288K, reserved 1060864K
  class space    used 1332K, capacity 1410K, committed 1536K, reserved 1048576K
}

Deoptimization events (10 events):
Event: 8.625 Thread 0x000000001982d000 Uncommon trap: reason=null_check action=make_not_entrant pc=0x00000000052e4994 method=java.lang.StringCoding.decode(Ljava/lang/String;[BII)[C @ 6
Event: 8.677 Thread 0x000000001982d000 Uncommon trap: reason=unstable_if action=reinterpret pc=0x00000000052c73a4 method=java.io.WinNTFileSystem.normalize(Ljava/lang/String;)Ljava/lang/String; @ 128
Event: 8.719 Thread 0x0000000017b3f800 Uncommon trap: reason=unstable_if action=reinterpret pc=0x000000000533ea6c method=java.io.BufferedInputStream.read1([BII)I @ 22
Event: 11.917 Thread 0x0000000019404800 Uncommon trap: reason=unstable_if action=reinterpret pc=0x00000000051560cc method=sun.awt.image.ImageRepresentation.getOpaqueRGBImage()Ljava/awt/image/BufferedImage; @ 57
Event: 12.013 Thread 0x0000000019404800 Uncommon trap: reason=unstable_if action=reinterpret pc=0x0000000005153208 method=sun.awt.image.ImageRepresentation.getOpaqueRGBImage()Ljava/awt/image/BufferedImage; @ 71
Event: 12.092 Thread 0x000000001982d000 Uncommon trap: reason=unstable_if action=reinterpret pc=0x00000000053a4210 method=totalcross.ui.gfx.Graphics.drawSurface([ILjava/lang/Object;IIIIIIZIIII)V @ 558
Event: 26.112 Thread 0x000000001982d000 Uncommon trap: reason=unstable_if action=reinterpret pc=0x00000000053f5808 method=totalcross.ui.gfx.Graphics.translateAndClip(IIII)Z @ 19
Event: 26.179 Thread 0x000000001982d000 Uncommon trap: reason=unstable_if action=reinterpret pc=0x00000000052a6804 method=totalcross.ui.image.Image.getSmoothScaledInstance(II)Ltotalcross/ui/image/Image; @ 715
Event: 26.180 Thread 0x000000001982d000 Uncommon trap: reason=unstable_if action=reinterpret pc=0x00000000053d64f4 method=totalcross.ui.image.Image.getSmoothScaledInstance(II)Ltotalcross/ui/image/Image; @ 715
Event: 26.211 Thread 0x000000001982d000 Uncommon trap: reason=unstable_if action=reinterpret pc=0x00000000053ee080 method=totalcross.ui.gfx.Graphics.drawText(Ljava/lang/String;III)V @ 17

Internal exceptions (10 events):
Event: 52.261 Thread 0x00000000182ce800 Exception <a 'java/lang/InterruptedException': sleep interrupted> (0x00000000f67845c0) thrown at [C:\re\workspace\8-2-build-windows-amd64-cygwin\jdk8u111\7883\hotspot\src\share\vm\prims\jvm.cpp, line 3224]
Event: 52.612 Thread 0x00000000182ce800 Exception <a 'java/lang/InterruptedException': sleep interrupted> (0x00000000f6784870) thrown at [C:\re\workspace\8-2-build-windows-amd64-cygwin\jdk8u111\7883\hotspot\src\share\vm\prims\jvm.cpp, line 3224]
Event: 52.962 Thread 0x00000000182ce800 Exception <a 'java/lang/InterruptedException': sleep interrupted> (0x00000000f6784b20) thrown at [C:\re\workspace\8-2-build-windows-amd64-cygwin\jdk8u111\7883\hotspot\src\share\vm\prims\jvm.cpp, line 3176]
Event: 53.312 Thread 0x00000000182ce800 Exception <a 'java/lang/InterruptedException': sleep interrupted> (0x00000000f6784dd0) thrown at [C:\re\workspace\8-2-build-windows-amd64-cygwin\jdk8u111\7883\hotspot\src\share\vm\prims\jvm.cpp, line 3224]
Event: 53.662 Thread 0x00000000182ce800 Exception <a 'java/lang/InterruptedException': sleep interrupted> (0x00000000f6785080) thrown at [C:\re\workspace\8-2-build-windows-amd64-cygwin\jdk8u111\7883\hotspot\src\share\vm\prims\jvm.cpp, line 3224]
Event: 54.012 Thread 0x00000000182ce800 Exception <a 'java/lang/InterruptedException': sleep interrupted> (0x00000000f6785330) thrown at [C:\re\workspace\8-2-build-windows-amd64-cygwin\jdk8u111\7883\hotspot\src\share\vm\prims\jvm.cpp, line 3224]
Event: 54.339 Thread 0x000000001982d000 Exception <a 'java/io/FileNotFoundException'> (0x00000000f6782798) thrown at [C:\re\workspace\8-2-build-windows-amd64-cygwin\jdk8u111\7883\hotspot\src\share\vm\prims\jni.cpp, line 709]
Event: 54.339 Thread 0x000000001982d000 Exception <a 'java/io/FileNotFoundException'> (0x00000000f679b268) thrown at [C:\re\workspace\8-2-build-windows-amd64-cygwin\jdk8u111\7883\hotspot\src\share\vm\prims\jni.cpp, line 709]
Event: 54.340 Thread 0x000000001982d000 Exception <a 'java/io/FileNotFoundException'> (0x00000000f679c058) thrown at [C:\re\workspace\8-2-build-windows-amd64-cygwin\jdk8u111\7883\hotspot\src\share\vm\prims\jni.cpp, line 709]
Event: 54.473 Thread 0x00000000182ce800 Exception <a 'java/lang/InterruptedException': sleep interrupted> (0x00000000f67855e0) thrown at [C:\re\workspace\8-2-build-windows-amd64-cygwin\jdk8u111\7883\hotspot\src\share\vm\prims\jvm.cpp, line 3224]

Events (10 events):
Event: 54.709 Executing VM operation: RevokeBias
Event: 54.710 Executing VM operation: RevokeBias done
Event: 54.710 Executing VM operation: RevokeBias
Event: 54.710 Executing VM operation: RevokeBias done
Event: 54.710 Executing VM operation: RevokeBias
Event: 54.710 Executing VM operation: RevokeBias done
Event: 54.711 Executing VM operation: RevokeBias
Event: 54.711 Executing VM operation: RevokeBias done
Event: 54.711 Executing VM operation: RevokeBias
Event: 54.711 Executing VM operation: RevokeBias done


Dynamic libraries:
0x00007ff6d10b0000 - 0x00007ff6d10e7000 	C:\Program Files\Java\jre1.8.0_111\bin\javaw.exe
0x00007ffdb3860000 - 0x00007ffdb3a40000 	C:\WINDOWS\SYSTEM32\ntdll.dll
0x00007ffdb30f0000 - 0x00007ffdb319e000 	C:\WINDOWS\System32\KERNEL32.DLL
0x00007ffdb0ac0000 - 0x00007ffdb0d26000 	C:\WINDOWS\System32\KERNELBASE.dll
0x00007ffdb1000000 - 0x00007ffdb10a1000 	C:\WINDOWS\System32\ADVAPI32.dll
0x00007ffdb3560000 - 0x00007ffdb35fd000 	C:\WINDOWS\System32\msvcrt.dll
0x00007ffdb31a0000 - 0x00007ffdb31fb000 	C:\WINDOWS\System32\sechost.dll
0x00007ffdb1240000 - 0x00007ffdb135f000 	C:\WINDOWS\System32\RPCRT4.dll
0x00007ffdb0d90000 - 0x00007ffdb0f1f000 	C:\WINDOWS\System32\USER32.dll
0x00007ffdb0110000 - 0x00007ffdb0130000 	C:\WINDOWS\System32\win32u.dll
0x00007ffdb3730000 - 0x00007ffdb3758000 	C:\WINDOWS\System32\GDI32.dll
0x00007ffdb0920000 - 0x00007ffdb0ab3000 	C:\WINDOWS\System32\gdi32full.dll
0x00007ffdb0130000 - 0x00007ffdb01cb000 	C:\WINDOWS\System32\msvcp_win.dll
0x00007ffdafc60000 - 0x00007ffdafd56000 	C:\WINDOWS\System32\ucrtbase.dll
0x00007ffd9f5d0000 - 0x00007ffd9f839000 	C:\WINDOWS\WinSxS\amd64_microsoft.windows.common-controls_6595b64144ccf1df_6.0.16299.431_none_15c7d3ee93659e73\COMCTL32.dll
0x00007ffdb1920000 - 0x00007ffdb1c28000 	C:\WINDOWS\System32\combase.dll
0x00007ffdaff80000 - 0x00007ffdafff2000 	C:\WINDOWS\System32\bcryptPrimitives.dll
0x00007ffdb1160000 - 0x00007ffdb118d000 	C:\WINDOWS\System32\IMM32.DLL
0x00000000528b0000 - 0x0000000052982000 	C:\Program Files\Java\jre1.8.0_111\bin\msvcr100.dll
0x0000000052b50000 - 0x00000000533ea000 	C:\Program Files\Java\jre1.8.0_111\bin\server\jvm.dll
0x00007ffdb30e0000 - 0x00007ffdb30e8000 	C:\WINDOWS\System32\PSAPI.DLL
0x00007ffdab9f0000 - 0x00007ffdab9f9000 	C:\WINDOWS\SYSTEM32\WSOCK32.dll
0x00007ffdb3070000 - 0x00007ffdb30dc000 	C:\WINDOWS\System32\WS2_32.dll
0x00007ffdadf40000 - 0x00007ffdadf63000 	C:\WINDOWS\SYSTEM32\WINMM.dll
0x00007ffda15e0000 - 0x00007ffda15ea000 	C:\WINDOWS\SYSTEM32\VERSION.dll
0x00007ffdadee0000 - 0x00007ffdadf0a000 	C:\WINDOWS\SYSTEM32\WINMMBASE.dll
0x00007ffdafd60000 - 0x00007ffdafdaa000 	C:\WINDOWS\System32\cfgmgr32.dll
0x0000000052a60000 - 0x0000000052a6f000 	C:\Program Files\Java\jre1.8.0_111\bin\verify.dll
0x0000000052a30000 - 0x0000000052a59000 	C:\Program Files\Java\jre1.8.0_111\bin\java.dll
0x0000000052a10000 - 0x0000000052a26000 	C:\Program Files\Java\jre1.8.0_111\bin\zip.dll
0x00007ffdb1c30000 - 0x00007ffdb3068000 	C:\WINDOWS\System32\SHELL32.dll
0x00007ffdb1190000 - 0x00007ffdb1236000 	C:\WINDOWS\System32\shcore.dll
0x00007ffdb01d0000 - 0x00007ffdb0917000 	C:\WINDOWS\System32\windows.storage.dll
0x00007ffdb0fa0000 - 0x00007ffdb0ff1000 	C:\WINDOWS\System32\shlwapi.dll
0x00007ffdafc20000 - 0x00007ffdafc31000 	C:\WINDOWS\System32\kernel.appcore.dll
0x00007ffdafbb0000 - 0x00007ffdafbfc000 	C:\WINDOWS\System32\powrprof.dll
0x00007ffdafc40000 - 0x00007ffdafc5b000 	C:\WINDOWS\System32\profapi.dll
0x0000000052710000 - 0x00000000528a8000 	C:\Program Files\Java\jre1.8.0_111\bin\awt.dll
0x00007ffdb3760000 - 0x00007ffdb3825000 	C:\WINDOWS\System32\OLEAUT32.dll
0x00007ffdae060000 - 0x00007ffdae0e8000 	C:\WINDOWS\SYSTEM32\apphelp.dll
0x00007ffdae450000 - 0x00007ffdae47a000 	C:\WINDOWS\system32\DWMAPI.DLL
0x00007ffdae1e0000 - 0x00007ffdae275000 	C:\WINDOWS\system32\uxtheme.dll
0x00007ffdb17b0000 - 0x00007ffdb1917000 	C:\WINDOWS\System32\MSCTF.dll
0x00007ffd99800000 - 0x00007ffd9987f000 	C:\Program Files (x86)\TeamViewer\tv_x64.dll
0x00007ffdb3200000 - 0x00007ffdb3349000 	C:\WINDOWS\System32\ole32.dll
0x00000000526c0000 - 0x0000000052707000 	C:\Program Files\Java\jre1.8.0_111\bin\fontmanager.dll
0x00007ffd9afc0000 - 0x00007ffd9b055000 	C:\WINDOWS\system32\RICHED20.DLL
0x00007ffd87ea0000 - 0x00007ffd87eb9000 	C:\WINDOWS\SYSTEM32\USP10.dll
0x00007ffd9af80000 - 0x00007ffd9afb8000 	C:\WINDOWS\SYSTEM32\msls31.dll
0x00007ffdb10b0000 - 0x00007ffdb114e000 	C:\WINDOWS\System32\clbcatq.dll
0x00007ffdaf6b0000 - 0x00007ffdaf6d5000 	C:\WINDOWS\system32\bcrypt.dll
0x00007ffda4f20000 - 0x00007ffda4fb8000 	C:\WINDOWS\System32\TextInputFramework.dll
0x00007ffdaa720000 - 0x00007ffdaaa0e000 	C:\WINDOWS\System32\CoreUIComponents.dll
0x00007ffdad0d0000 - 0x00007ffdad1ac000 	C:\WINDOWS\System32\CoreMessaging.dll
0x00007ffdaece0000 - 0x00007ffdaed11000 	C:\WINDOWS\SYSTEM32\ntmarta.dll
0x00007ffdac050000 - 0x00007ffdac186000 	C:\WINDOWS\SYSTEM32\wintypes.dll
0x00007ffdaf5a0000 - 0x00007ffdaf5b7000 	C:\WINDOWS\SYSTEM32\CRYPTSP.dll
0x00007ffdaefe0000 - 0x00007ffdaf013000 	C:\WINDOWS\system32\rsaenh.dll
0x00007ffdafab0000 - 0x00007ffdafad9000 	C:\WINDOWS\SYSTEM32\USERENV.dll
0x00007ffdaf5c0000 - 0x00007ffdaf5cb000 	C:\WINDOWS\SYSTEM32\CRYPTBASE.dll
0x00000000529f0000 - 0x0000000052a0a000 	C:\Program Files\Java\jre1.8.0_111\bin\net.dll
0x00007ffdaf3e0000 - 0x00007ffdaf446000 	C:\WINDOWS\system32\mswsock.dll
0x00007ffdaf170000 - 0x00007ffdaf1a9000 	C:\WINDOWS\SYSTEM32\IPHLPAPI.DLL
0x00007ffdb3350000 - 0x00007ffdb3358000 	C:\WINDOWS\System32\NSI.dll
0x00007ffdaa480000 - 0x00007ffdaa496000 	C:\WINDOWS\SYSTEM32\dhcpcsvc6.DLL
0x00007ffdaa4e0000 - 0x00007ffdaa4fa000 	C:\WINDOWS\SYSTEM32\dhcpcsvc.DLL
0x00007ffdaf1b0000 - 0x00007ffdaf266000 	C:\WINDOWS\SYSTEM32\DNSAPI.dll
0x00007ffda4840000 - 0x00007ffda484a000 	C:\Windows\System32\rasadhlp.dll
0x00007ffda7050000 - 0x00007ffda70c0000 	C:\WINDOWS\System32\fwpuclnt.dll
0x00000000529d0000 - 0x00000000529e1000 	C:\Program Files\Java\jre1.8.0_111\bin\nio.dll
0x00007ffda09b0000 - 0x00007ffda0b78000 	C:\WINDOWS\SYSTEM32\dbghelp.dll

VM Arguments:
jvm_args: -Dfile.encoding=Cp1252 
java_command: totalcross.Launcher /r 544353541A8E8B2A28D5B8E0 com.app.app
java_class_path (initial): C:\Program Files\Java\jre1.8.0_111\lib\resources.jar;C:\Program Files\Java\jre1.8.0_111\lib\rt.jar;C:\Program Files\Java\jre1.8.0_111\lib\jsse.jar;C:\Program Files\Java\jre1.8.0_111\lib\jce.jar;C:\Program Files\Java\jre1.8.0_111\lib\charsets.jar;C:\Program Files\Java\jre1.8.0_111\lib\jfr.jar;C:\Program Files\Java\jre1.8.0_111\lib\ext\access-bridge-64.jar;C:\Program Files\Java\jre1.8.0_111\lib\ext\cldrdata.jar;C:\Program Files\Java\jre1.8.0_111\lib\ext\dnsns.jar;C:\Program Files\Java\jre1.8.0_111\lib\ext\jaccess.jar;C:\Program Files\Java\jre1.8.0_111\lib\ext\jfxrt.jar;C:\Program Files\Java\jre1.8.0_111\lib\ext\localedata.jar;C:\Program Files\Java\jre1.8.0_111\lib\ext\nashorn.jar;C:\Program Files\Java\jre1.8.0_111\lib\ext\sunec.jar;C:\Program Files\Java\jre1.8.0_111\lib\ext\sunjce_provider.jar;C:\Program Files\Java\jre1.8.0_111\lib\ext\sunmscapi.jar;C:\Program Files\Java\jre1.8.0_111\lib\ext\sunpkcs11.jar;C:\Program Files\Java\jre1.8.0_111\lib\ext\zipfs.jar;C:\Users\marci\eclipse-workspace\app\target\classes;C:\Users\marci\.m2\repository\com\totalcross\utils\tc-utilities\0.0.1-SNAPSHOT\tc-utilities-0.0.1-SNAPSHOT.jar;C:\Users\marci\.m2\repository\com\totalcross\utils\magical-utils\0.0.1-SNAPSHOT\magical-utils-0.0.1-SNAPSHOT.jar;C:\Users\marci\.m2\repository\com\totalcross\totalcross-sdk\4.1.0\totalcross-sdk-4.1.0.jar;C:\Users\marci\.m2\repository\org\vafer\jdeb\0.7\jdeb-0.7.jar;C:\Users\marci\.m2\repository\org\apache\maven\maven-plugin-api\2.0.5\maven-plugin-api-2.0.5.jar;C:\Users\marci\.m2\repository\org\apache\maven\maven-project\2.0.5\maven-project-2.0.5.jar;C:\Users\marci\.m2\repository\org\apache\maven\maven-settings\2.0.5\maven-settings-2.0.5.jar;C:\Users\marci\.m2\repository\org\apache\maven\maven-profile\2.0.5\maven-profile-2.0.5.jar;C:\Users\marci\.m2\repository\org\apache\maven\maven-model\2.0.5\maven-model-2.0.5.jar;C:\Users\marci\.m2\repository\org\apache\maven\maven-artifact-manager\2.0.5\maven-artifact-manager-2.0.5.jar;C:\U
Launcher Type: SUN_STANDARD

Environment Variables:
JAVA_HOME=C:\Program Files\Java\jdk1.8.0_111
PATH=C:/Program Files/Java/jre1.8.0_111/bin/server;C:/Program Files/Java/jre1.8.0_111/bin;C:/Program Files/Java/jre1.8.0_111/lib/amd64;C:\ProgramData\Oracle\Java\javapath;C:\Program Files (x86)\Intel\TXE Components\TCS\;C:\Program Files\Intel\TXE Components\TCS\;C:\WINDOWS\system32;C:\WINDOWS;C:\WINDOWS\System32\Wbem;C:\WINDOWS\System32\WindowsPowerShell\v1.0\;C:\Program Files\Intel\TXE Components\DAL\;C:\Program Files (x86)\Intel\TXE Components\DAL\;C:\Program Files\Intel\TXE Components\IPT\;C:\Program Files (x86)\Intel\TXE Components\IPT\;C:\Program Files\Java\jdk1.8.0_111\bin;C:\TotalCross3\dist\vm\win32;C:\Users\marci\AppData\Local\Microsoft\WindowsApps;c:\TotalCross3\dist\vm\win32;C:\Program Files\Java\jdk1.8.0_111\bin;;C:\Users\marci\Desktop;
USERNAME=marci
OS=Windows_NT
PROCESSOR_IDENTIFIER=Intel64 Family 6 Model 76 Stepping 4, GenuineIntel



---------------  S Y S T E M  ---------------

OS: Windows 10.0 , 64 bit Build 16299 (10.0.16299.431)

CPU:total 2 (2 cores per cpu, 1 threads per core) family 6 model 76 stepping 4, cmov, cx8, fxsr, mmx, sse, sse2, sse3, ssse3, sse4.1, sse4.2, popcnt, aes, clmul, erms, 3dnowpref, tsc, tscinvbit

Memory: 4k page, physical 1946148k(226280k free), swap 4547588k(637064k free)

vm_info: Java HotSpot(TM) 64-Bit Server VM (25.111-b14) for windows-amd64 JRE (1.8.0_111-b14), built on Sep 22 2016 19:24:05 by "java_re" with MS VC++ 10.0 (VS2010)

time: Fri Jun 01 20:50:22 2018
elapsed time: 54 seconds (0d 0h 0m 54s)

