#
# A fatal error has been detected by the Java Runtime Environment:
#
#  EXCEPTION_ACCESS_VIOLATION (0xc0000005) at pc=0x000000006be42be0, pid=1300, tid=0x00000000000015d0
#
# JRE version: Java(TM) SE Runtime Environment (8.0_111-b14) (build 1.8.0_111-b14)
# Java VM: Java HotSpot(TM) 64-Bit Server VM (25.111-b14 mixed mode windows-amd64 compressed oops)
# Problematic frame:
# C  0x000000006be42be0
#
# Failed to write core dump. Minidumps are not enabled by default on client versions of Windows
#
# If you would like to submit a bug report, please visit:
#   http://bugreport.java.com/bugreport/crash.jsp
# The crash happened outside the Java Virtual Machine in native code.
# See problematic frame for where to report the bug.
#

---------------  T H R E A D  ---------------

Current thread (0x000000001967f000):  JavaThread "Secondary finalizer" [_thread_in_native, id=5584, stack(0x000000001ccf0000,0x000000001cdf0000)]

siginfo: ExceptionCode=0xc0000005, ExceptionInformation=0x0000000000000008 0x000000006be42be0

Registers:
RAX=0x000000006be42be0, RBX=0x00000000192a92c0, RCX=0x000000001967f1f8, RDX=0x000000001cdeee08
RSP=0x000000001cdeed68, RBP=0x000000001cdeede8, RSI=0x0000000000000108, RDI=0x0000000000000715
R8 =0x0000000000000005, R9 =0x00000000e2f3dc30, R10=0x0000000004c1848b, R11=0x0000000068bbb580
R12=0x0000000000000000, R13=0x00000000192a92c0, R14=0x000000001cdeee08, R15=0x000000001967f000
RIP=0x000000006be42be0, EFLAGS=0x0000000000010206

Top of Stack: (sp=0x000000001cdeed68)
0x000000001cdeed68:   0000000004c184b7 0000000004c056d0
0x000000001cdeed78:   0000000000000000 000000001cdeef48
0x000000001cdeed88:   000000001cdeef00 000000001cdeee70
0x000000001cdeed98:   0000000000000000 00000000e2f3dc30
0x000000001cdeeda8:   000000001cdeed98 0000000000000000
0x000000001cdeedb8:   000000001cdeee08 00000000192d4860
0x000000001cdeedc8:   0000000000000000 00000000192a92c0
0x000000001cdeedd8:   0000000000000000 000000001cdeee08
0x000000001cdeede8:   000000001cdeee70 0000000004c0835d
0x000000001cdeedf8:   0000000000000000 0000000004c119d8
0x000000001cdeee08:   00000000e2f3dc30 00000000e2f3dc68
0x000000001cdeee18:   0000000000000000 0000000000000001
0x000000001cdeee28:   00000000e2f3dc30 000000001cdeee10
0x000000001cdeee38:   00000000192a409e 000000001cdeeea8
0x000000001cdeee48:   00000000192d4070 0000000000000000
0x000000001cdeee58:   00000000192a4138 000000001cdeee08 

Instructions: (pc=0x000000006be42be0)
0x000000006be42bc0:   
[error occurred during error reporting (printing registers, top of stack, instructions near pc), id 0xc0000005]

Register to memory mapping:

RAX=0x000000006be42be0 is an unknown value
RBX={method} {0x00000000192a92c8} 'free_functions' '()V' in 'org/sqlite/core/NativeDB'
RCX=0x000000001967f1f8 is an unknown value
RDX=0x000000001cdeee08 is pointing into the stack for thread: 0x000000001967f000
RSP=0x000000001cdeed68 is pointing into the stack for thread: 0x000000001967f000
RBP=0x000000001cdeede8 is pointing into the stack for thread: 0x000000001967f000
RSI=0x0000000000000108 is an unknown value
RDI=0x0000000000000715 is an unknown value
R8 =0x0000000000000005 is an unknown value
R9 =0x00000000e2f3dc30 is an oop
org.sqlite.core.NativeDB 
 - klass: 'org/sqlite/core/NativeDB'
R10=0x0000000004c1848b is at code_begin+1227 in an Interpreter codelet
method entry point (kind = native_synchronized)  [0x0000000004c17fc0, 0x0000000004c18aa0]  2784 bytes
R11=0x0000000068bbb580 is an unknown value
R12=0x0000000000000000 is an unknown value
R13={method} {0x00000000192a92c8} 'free_functions' '()V' in 'org/sqlite/core/NativeDB'
R14=0x000000001cdeee08 is pointing into the stack for thread: 0x000000001967f000
R15=0x000000001967f000 is a thread


Stack: [0x000000001ccf0000,0x000000001cdf0000],  sp=0x000000001cdeed68,  free space=1019k
Native frames: (J=compiled Java code, j=interpreted, Vv=VM code, C=native code)
C  0x000000006be42be0

Java frames: (J=compiled Java code, j=interpreted, Vv=VM code)
j  org.sqlite.core.NativeDB.free_functions()V+0
j  org.sqlite.core.DB.close()V+102
j  org.sqlite.core.CoreConnection.close()V+26
j  org.sqlite.core.CoreConnection.finalize()V+1
J 1430 C1 java.lang.ref.Finalizer.runFinalizer(Lsun/misc/JavaLangAccess;)V (62 bytes) @ 0x0000000004fbe81c [0x0000000004fbe280+0x59c]
J 1429 C1 java.lang.ref.Finalizer.access$100(Ljava/lang/ref/Finalizer;Lsun/misc/JavaLangAccess;)V (6 bytes) @ 0x0000000004fbef5c [0x0000000004fbef00+0x5c]
j  java.lang.ref.Finalizer$3.run()V+58
j  java.lang.Thread.run()V+11
v  ~StubRoutines::call_stub

---------------  P R O C E S S  ---------------

Java Threads: ( => current thread )
=>0x000000001967f000 JavaThread "Secondary finalizer" [_thread_in_native, id=5584, stack(0x000000001ccf0000,0x000000001cdf0000)]
  0x0000000017ca7000 JavaThread "TC Event Thread" daemon [_thread_blocked, id=1264, stack(0x000000001af20000,0x000000001b020000)]
  0x0000000004b02800 JavaThread "DestroyJavaVM" [_thread_blocked, id=6668, stack(0x0000000004940000,0x0000000004a40000)]
  0x0000000017bd3000 JavaThread "AWT-EventQueue-0" [_thread_blocked, id=5720, stack(0x0000000018500000,0x0000000018600000)]
  0x0000000017bf8800 JavaThread "AWT-Shutdown" [_thread_blocked, id=5676, stack(0x0000000018240000,0x0000000018340000)]
  0x0000000017bf6000 JavaThread "Java2D Disposer" daemon [_thread_blocked, id=4740, stack(0x0000000018120000,0x0000000018220000)]
  0x0000000015c62800 JavaThread "Service Thread" daemon [_thread_blocked, id=5064, stack(0x0000000016f20000,0x0000000017020000)]
  0x0000000015be6000 JavaThread "C1 CompilerThread1" daemon [_thread_blocked, id=4628, stack(0x0000000016e20000,0x0000000016f20000)]
  0x0000000015be0000 JavaThread "C2 CompilerThread0" daemon [_thread_blocked, id=6532, stack(0x0000000016d20000,0x0000000016e20000)]
  0x0000000015bde800 JavaThread "Attach Listener" daemon [_thread_blocked, id=3788, stack(0x0000000016c20000,0x0000000016d20000)]
  0x0000000015bd9800 JavaThread "Signal Dispatcher" daemon [_thread_blocked, id=6784, stack(0x0000000016b20000,0x0000000016c20000)]
  0x0000000015bc8800 JavaThread "Finalizer" daemon [_thread_blocked, id=6444, stack(0x0000000016820000,0x0000000016920000)]
  0x0000000004bf0800 JavaThread "Reference Handler" daemon [_thread_blocked, id=4708, stack(0x0000000016720000,0x0000000016820000)]

Other Threads:
  0x0000000015ba5800 VMThread [stack: 0x0000000016620000,0x0000000016720000] [id=192]
  0x0000000015c67800 WatcherThread [stack: 0x0000000017420000,0x0000000017520000] [id=3528]

VM state:not at safepoint (normal execution)

VM Mutex/Monitor currently owned by a thread: None

Heap:
 PSYoungGen      total 17408K, used 7682K [0x00000000f6180000, 0x00000000f8f80000, 0x0000000100000000)
  eden space 16384K, 40% used [0x00000000f6180000,0x00000000f6802c90,0x00000000f7180000)
  from space 1024K, 99% used [0x00000000f7180000,0x00000000f727dc60,0x00000000f7280000)
  to   space 7168K, 0% used [0x00000000f8880000,0x00000000f8880000,0x00000000f8f80000)
 ParOldGen       total 20480K, used 12136K [0x00000000e2400000, 0x00000000e3800000, 0x00000000f6180000)
  object space 20480K, 59% used [0x00000000e2400000,0x00000000e2fda3f8,0x00000000e3800000)
 Metaspace       used 12948K, capacity 13230K, committed 13440K, reserved 1060864K
  class space    used 1473K, capacity 1544K, committed 1664K, reserved 1048576K

Card table byte_map: [0x0000000013fc0000,0x00000000140b0000] byte_map_base: 0x00000000138ae000

Marking Bits: (ParMarkBitMap*) 0x00000000691aa6c0
 Begin Bits: [0x00000000142b0000, 0x0000000014a20000)
 End Bits:   [0x0000000014a20000, 0x0000000015190000)

Polling page: 0x0000000002f80000

CodeCache: size=245760Kb used=5174Kb max_used=5178Kb free=240585Kb
 bounds [0x0000000004c00000, 0x0000000005120000, 0x0000000013c00000]
 total_blobs=1758 nmethods=1269 adapters=402
 compilation: enabled

Compilation events (10 events):
Event: 151.617 Thread 0x0000000015be6000 1430   !   3       java.lang.ref.Finalizer::runFinalizer (62 bytes)
Event: 151.621 Thread 0x0000000015be6000 nmethod 1430 0x0000000004fbe0d0 code [0x0000000004fbe280, 0x0000000004fbeaf8]
Event: 151.621 Thread 0x0000000015be6000 1431   !   3       java.lang.ref.Finalizer::remove (94 bytes)
Event: 151.623 Thread 0x0000000015be6000 nmethod 1431 0x0000000004fc2b50 code [0x0000000004fc2cc0, 0x0000000004fc3190]
Event: 151.635 Thread 0x0000000015be6000 1432       1       java.lang.ref.Finalizer::access$400 (5 bytes)
Event: 151.635 Thread 0x0000000015be6000 nmethod 1432 0x0000000004efc790 code [0x0000000004efc8e0, 0x0000000004efc9d0]
Event: 151.638 Thread 0x0000000015be6000 1433       3       java.lang.ref.Finalizer::access$200 (4 bytes)
Event: 151.638 Thread 0x0000000015be6000 nmethod 1433 0x0000000004fbddd0 code [0x0000000004fbdf20, 0x0000000004fbe050]
Event: 151.639 Thread 0x0000000015be6000 1434       3       java.lang.ref.Finalizer::access$300 (4 bytes)
Event: 151.640 Thread 0x0000000015be6000 nmethod 1434 0x0000000004fc2850 code [0x0000000004fc29a0, 0x0000000004fc2ad0]

GC Heap History (10 events):
Event: 0.900 GC heap before
{Heap before GC invocations=1 (full 0):
 PSYoungGen      total 9216K, used 8192K [0x00000000f6180000, 0x00000000f6b80000, 0x0000000100000000)
  eden space 8192K, 100% used [0x00000000f6180000,0x00000000f6980000,0x00000000f6980000)
  from space 1024K, 0% used [0x00000000f6a80000,0x00000000f6a80000,0x00000000f6b80000)
  to   space 1024K, 0% used [0x00000000f6980000,0x00000000f6980000,0x00000000f6a80000)
 ParOldGen       total 20480K, used 0K [0x00000000e2400000, 0x00000000e3800000, 0x00000000f6180000)
  object space 20480K, 0% used [0x00000000e2400000,0x00000000e2400000,0x00000000e3800000)
 Metaspace       used 5493K, capacity 5578K, committed 5760K, reserved 1056768K
  class space    used 585K, capacity 622K, committed 640K, reserved 1048576K
Event: 0.907 GC heap after
Heap after GC invocations=1 (full 0):
 PSYoungGen      total 9216K, used 992K [0x00000000f6180000, 0x00000000f6b80000, 0x0000000100000000)
  eden space 8192K, 0% used [0x00000000f6180000,0x00000000f6180000,0x00000000f6980000)
  from space 1024K, 96% used [0x00000000f6980000,0x00000000f6a78020,0x00000000f6a80000)
  to   space 1024K, 0% used [0x00000000f6a80000,0x00000000f6a80000,0x00000000f6b80000)
 ParOldGen       total 20480K, used 998K [0x00000000e2400000, 0x00000000e3800000, 0x00000000f6180000)
  object space 20480K, 4% used [0x00000000e2400000,0x00000000e24f9ad0,0x00000000e3800000)
 Metaspace       used 5493K, capacity 5578K, committed 5760K, reserved 1056768K
  class space    used 585K, capacity 622K, committed 640K, reserved 1048576K
}
Event: 1.875 GC heap before
{Heap before GC invocations=2 (full 0):
 PSYoungGen      total 9216K, used 9184K [0x00000000f6180000, 0x00000000f6b80000, 0x0000000100000000)
  eden space 8192K, 100% used [0x00000000f6180000,0x00000000f6980000,0x00000000f6980000)
  from space 1024K, 96% used [0x00000000f6980000,0x00000000f6a78020,0x00000000f6a80000)
  to   space 1024K, 0% used [0x00000000f6a80000,0x00000000f6a80000,0x00000000f6b80000)
 ParOldGen       total 20480K, used 998K [0x00000000e2400000, 0x00000000e3800000, 0x00000000f6180000)
  object space 20480K, 4% used [0x00000000e2400000,0x00000000e24f9ad0,0x00000000e3800000)
 Metaspace       used 9412K, capacity 9666K, committed 9856K, reserved 1058816K
  class space    used 1089K, capacity 1152K, committed 1152K, reserved 1048576K
Event: 1.899 GC heap after
Heap after GC invocations=2 (full 0):
 PSYoungGen      total 9216K, used 1008K [0x00000000f6180000, 0x00000000f7380000, 0x0000000100000000)
  eden space 8192K, 0% used [0x00000000f6180000,0x00000000f6180000,0x00000000f6980000)
  from space 1024K, 98% used [0x00000000f6a80000,0x00000000f6b7c010,0x00000000f6b80000)
  to   space 1024K, 0% used [0x00000000f6980000,0x00000000f6980000,0x00000000f6a80000)
 ParOldGen       total 20480K, used 3882K [0x00000000e2400000, 0x00000000e3800000, 0x00000000f6180000)
  object space 20480K, 18% used [0x00000000e2400000,0x00000000e27cabf8,0x00000000e3800000)
 Metaspace       used 9412K, capacity 9666K, committed 9856K, reserved 1058816K
  class space    used 1089K, capacity 1152K, committed 1152K, reserved 1048576K
}
Event: 2.500 GC heap before
{Heap before GC invocations=3 (full 0):
 PSYoungGen      total 9216K, used 9200K [0x00000000f6180000, 0x00000000f7380000, 0x0000000100000000)
  eden space 8192K, 100% used [0x00000000f6180000,0x00000000f6980000,0x00000000f6980000)
  from space 1024K, 98% used [0x00000000f6a80000,0x00000000f6b7c010,0x00000000f6b80000)
  to   space 1024K, 0% used [0x00000000f6980000,0x00000000f6980000,0x00000000f6a80000)
 ParOldGen       total 20480K, used 3882K [0x00000000e2400000, 0x00000000e3800000, 0x00000000f6180000)
  object space 20480K, 18% used [0x00000000e2400000,0x00000000e27cabf8,0x00000000e3800000)
 Metaspace       used 9680K, capacity 9890K, committed 10240K, reserved 1058816K
  class space    used 1114K, capacity 1184K, committed 1280K, reserved 1048576K
Event: 2.517 GC heap after
Heap after GC invocations=3 (full 0):
 PSYoungGen      total 9216K, used 1015K [0x00000000f6180000, 0x00000000f7380000, 0x0000000100000000)
  eden space 8192K, 0% used [0x00000000f6180000,0x00000000f6180000,0x00000000f6980000)
  from space 1024K, 99% used [0x00000000f6980000,0x00000000f6a7dc60,0x00000000f6a80000)
  to   space 1024K, 0% used [0x00000000f7280000,0x00000000f7280000,0x00000000f7380000)
 ParOldGen       total 20480K, used 8272K [0x00000000e2400000, 0x00000000e3800000, 0x00000000f6180000)
  object space 20480K, 40% used [0x00000000e2400000,0x00000000e2c141b0,0x00000000e3800000)
 Metaspace       used 9680K, capacity 9890K, committed 10240K, reserved 1058816K
  class space    used 1114K, capacity 1184K, committed 1280K, reserved 1048576K
}
Event: 4.252 GC heap before
{Heap before GC invocations=4 (full 0):
 PSYoungGen      total 9216K, used 9207K [0x00000000f6180000, 0x00000000f7380000, 0x0000000100000000)
  eden space 8192K, 100% used [0x00000000f6180000,0x00000000f6980000,0x00000000f6980000)
  from space 1024K, 99% used [0x00000000f6980000,0x00000000f6a7dc60,0x00000000f6a80000)
  to   space 1024K, 0% used [0x00000000f7280000,0x00000000f7280000,0x00000000f7380000)
 ParOldGen       total 20480K, used 8272K [0x00000000e2400000, 0x00000000e3800000, 0x00000000f6180000)
  object space 20480K, 40% used [0x00000000e2400000,0x00000000e2c141b0,0x00000000e3800000)
 Metaspace       used 9939K, capacity 10178K, committed 10496K, reserved 1058816K
  class space    used 1142K, capacity 1216K, committed 1280K, reserved 1048576K
Event: 4.257 GC heap after
Heap after GC invocations=4 (full 0):
 PSYoungGen      total 17408K, used 999K [0x00000000f6180000, 0x00000000f7380000, 0x0000000100000000)
  eden space 16384K, 0% used [0x00000000f6180000,0x00000000f6180000,0x00000000f7180000)
  from space 1024K, 97% used [0x00000000f7280000,0x00000000f7379c50,0x00000000f7380000)
  to   space 1024K, 0% used [0x00000000f7180000,0x00000000f7180000,0x00000000f7280000)
 ParOldGen       total 20480K, used 8399K [0x00000000e2400000, 0x00000000e3800000, 0x00000000f6180000)
  object space 20480K, 41% used [0x00000000e2400000,0x00000000e2c33d18,0x00000000e3800000)
 Metaspace       used 9939K, capacity 10178K, committed 10496K, reserved 1058816K
  class space    used 1142K, capacity 1216K, committed 1280K, reserved 1048576K
}
Event: 14.388 GC heap before
{Heap before GC invocations=5 (full 0):
 PSYoungGen      total 17408K, used 17324K [0x00000000f6180000, 0x00000000f7380000, 0x0000000100000000)
  eden space 16384K, 99% used [0x00000000f6180000,0x00000000f7171718,0x00000000f7180000)
  from space 1024K, 97% used [0x00000000f7280000,0x00000000f7379c50,0x00000000f7380000)
  to   space 1024K, 0% used [0x00000000f7180000,0x00000000f7180000,0x00000000f7280000)
 ParOldGen       total 20480K, used 8399K [0x00000000e2400000, 0x00000000e3800000, 0x00000000f6180000)
  object space 20480K, 41% used [0x00000000e2400000,0x00000000e2c33d18,0x00000000e3800000)
 Metaspace       used 12514K, capacity 12774K, committed 13184K, reserved 1060864K
  class space    used 1458K, capacity 1544K, committed 1664K, reserved 1048576K
Event: 14.410 GC heap after
Heap after GC invocations=5 (full 0):
 PSYoungGen      total 17408K, used 1015K [0x00000000f6180000, 0x00000000f8f80000, 0x0000000100000000)
  eden space 16384K, 0% used [0x00000000f6180000,0x00000000f6180000,0x00000000f7180000)
  from space 1024K, 99% used [0x00000000f7180000,0x00000000f727dc60,0x00000000f7280000)
  to   space 7168K, 0% used [0x00000000f8880000,0x00000000f8880000,0x00000000f8f80000)
 ParOldGen       total 20480K, used 12136K [0x00000000e2400000, 0x00000000e3800000, 0x00000000f6180000)
  object space 20480K, 59% used [0x00000000e2400000,0x00000000e2fda3f8,0x00000000e3800000)
 Metaspace       used 12514K, capacity 12774K, committed 13184K, reserved 1060864K
  class space    used 1458K, capacity 1544K, committed 1664K, reserved 1048576K
}

Deoptimization events (10 events):
Event: 147.252 Thread 0x0000000017bf9800 Uncommon trap: reason=class_check action=maybe_recompile pc=0x0000000005037cac method=sun.awt.SunToolkit.getAppContext(Ljava/lang/Object;)Lsun/awt/AppContext; @ 11
Event: 147.252 Thread 0x0000000017bd3000 Uncommon trap: reason=class_check action=maybe_recompile pc=0x0000000004fe15b0 method=java.awt.EventQueue.coalesceEvent(Ljava/awt/AWTEvent;I)Z @ 32
Event: 147.253 Thread 0x0000000017bd3000 Uncommon trap: reason=class_check action=maybe_recompile pc=0x0000000004fe15b0 method=java.awt.EventQueue.coalesceEvent(Ljava/awt/AWTEvent;I)Z @ 32
Event: 147.258 Thread 0x0000000017bd3000 Uncommon trap: reason=class_check action=maybe_recompile pc=0x0000000004fe15b0 method=java.awt.EventQueue.coalesceEvent(Ljava/awt/AWTEvent;I)Z @ 32
Event: 149.203 Thread 0x0000000017bd3000 Uncommon trap: reason=class_check action=maybe_recompile pc=0x0000000004fe15b0 method=java.awt.EventQueue.coalesceEvent(Ljava/awt/AWTEvent;I)Z @ 32
Event: 149.230 Thread 0x0000000017bd3000 Uncommon trap: reason=class_check action=maybe_recompile pc=0x0000000004d7dc1c method=java.awt.EventQueue.uncacheEQItem(Lsun/awt/EventQueueItem;)V @ 20
Event: 149.238 Thread 0x0000000017ca7000 Uncommon trap: reason=class_check action=maybe_recompile pc=0x0000000004f345f4 method=totalcross.TCEventThread.privatePumpEvents()V @ 52
Event: 149.238 Thread 0x0000000017bd3000 Uncommon trap: reason=class_check action=maybe_recompile pc=0x0000000004d7dc1c method=java.awt.EventQueue.uncacheEQItem(Lsun/awt/EventQueueItem;)V @ 20
Event: 151.363 Thread 0x0000000017bd3000 Uncommon trap: reason=unstable_if action=reinterpret pc=0x0000000004f97bc4 method=totalcross.TCEventThread.invokeInEventThread(ZLjava/lang/Runnable;)V @ 1
Event: 151.363 Thread 0x0000000017ca7000 Uncommon trap: reason=class_check action=maybe_recompile pc=0x0000000004f345f4 method=totalcross.TCEventThread.privatePumpEvents()V @ 52

Internal exceptions (10 events):
Event: 134.177 Thread 0x0000000017cfd000 Exception <a 'java/lang/InterruptedException': sleep interrupted> (0x00000000f66f0ea0) thrown at [C:\re\workspace\8-2-build-windows-amd64-cygwin\jdk8u111\7883\hotspot\src\share\vm\prims\jvm.cpp, line 3224]
Event: 134.187 Thread 0x0000000017cfd000 Exception <a 'java/lang/InterruptedException': sleep interrupted> (0x00000000f66f1150) thrown at [C:\re\workspace\8-2-build-windows-amd64-cygwin\jdk8u111\7883\hotspot\src\share\vm\prims\jvm.cpp, line 3224]
Event: 134.202 Thread 0x0000000017cfd000 Exception <a 'java/lang/InterruptedException': sleep interrupted> (0x00000000f66f1400) thrown at [C:\re\workspace\8-2-build-windows-amd64-cygwin\jdk8u111\7883\hotspot\src\share\vm\prims\jvm.cpp, line 3224]
Event: 134.227 Thread 0x0000000017cfd000 Exception <a 'java/lang/InterruptedException': sleep interrupted> (0x00000000f66f16b0) thrown at [C:\re\workspace\8-2-build-windows-amd64-cygwin\jdk8u111\7883\hotspot\src\share\vm\prims\jvm.cpp, line 3224]
Event: 134.227 Thread 0x0000000017cfd000 Exception <a 'java/lang/InterruptedException': sleep interrupted> (0x00000000f66f1908) thrown at [C:\re\workspace\8-2-build-windows-amd64-cygwin\jdk8u111\7883\hotspot\src\share\vm\prims\jvm.cpp, line 3176]
Event: 134.252 Thread 0x0000000017cfd000 Exception <a 'java/lang/InterruptedException': sleep interrupted> (0x00000000f66f1bb8) thrown at [C:\re\workspace\8-2-build-windows-amd64-cygwin\jdk8u111\7883\hotspot\src\share\vm\prims\jvm.cpp, line 3224]
Event: 151.366 Thread 0x0000000017ca7000 Exception <a 'java/io/FileNotFoundException'> (0x00000000f6626df8) thrown at [C:\re\workspace\8-2-build-windows-amd64-cygwin\jdk8u111\7883\hotspot\src\share\vm\prims\jni.cpp, line 709]
Event: 151.366 Thread 0x0000000017ca7000 Exception <a 'java/io/FileNotFoundException'> (0x00000000f6748f38) thrown at [C:\re\workspace\8-2-build-windows-amd64-cygwin\jdk8u111\7883\hotspot\src\share\vm\prims\jni.cpp, line 709]
Event: 151.367 Thread 0x0000000017ca7000 Exception <a 'java/io/FileNotFoundException'> (0x00000000f6749d28) thrown at [C:\re\workspace\8-2-build-windows-amd64-cygwin\jdk8u111\7883\hotspot\src\share\vm\prims\jni.cpp, line 709]
Event: 151.502 Thread 0x0000000017cfd000 Exception <a 'java/lang/InterruptedException': sleep interrupted> (0x00000000f673e230) thrown at [C:\re\workspace\8-2-build-windows-amd64-cygwin\jdk8u111\7883\hotspot\src\share\vm\prims\jvm.cpp, line 3224]

Events (10 events):
Event: 151.634 Executing VM operation: BulkRevokeBias
Event: 151.634 Executing VM operation: BulkRevokeBias done
Event: 151.636 Executing VM operation: RevokeBias
Event: 151.636 Executing VM operation: RevokeBias done
Event: 151.637 Executing VM operation: RevokeBias
Event: 151.638 Executing VM operation: RevokeBias done
Event: 151.639 Executing VM operation: RevokeBias
Event: 151.639 Executing VM operation: RevokeBias done
Event: 151.640 Executing VM operation: RevokeBias
Event: 151.640 Executing VM operation: RevokeBias done


Dynamic libraries:
0x00007ff72aa60000 - 0x00007ff72aa97000 	C:\Program Files\Java\jre1.8.0_111\bin\javaw.exe
0x00007ff964ff0000 - 0x00007ff9651d0000 	C:\WINDOWS\SYSTEM32\ntdll.dll
0x00007ff964c80000 - 0x00007ff964d2e000 	C:\WINDOWS\System32\KERNEL32.DLL
0x00007ff961780000 - 0x00007ff9619e6000 	C:\WINDOWS\System32\KERNELBASE.dll
0x00007ff9646b0000 - 0x00007ff964751000 	C:\WINDOWS\System32\ADVAPI32.dll
0x00007ff962d50000 - 0x00007ff962ded000 	C:\WINDOWS\System32\msvcrt.dll
0x00007ff962cf0000 - 0x00007ff962d4b000 	C:\WINDOWS\System32\sechost.dll
0x00007ff964590000 - 0x00007ff9646af000 	C:\WINDOWS\System32\RPCRT4.dll
0x00007ff964760000 - 0x00007ff9648ef000 	C:\WINDOWS\System32\USER32.dll
0x00007ff961760000 - 0x00007ff961780000 	C:\WINDOWS\System32\win32u.dll
0x00007ff964c50000 - 0x00007ff964c78000 	C:\WINDOWS\System32\GDI32.dll
0x00007ff9615c0000 - 0x00007ff961753000 	C:\WINDOWS\System32\gdi32full.dll
0x00007ff962250000 - 0x00007ff9622eb000 	C:\WINDOWS\System32\msvcp_win.dll
0x00007ff9622f0000 - 0x00007ff9623e6000 	C:\WINDOWS\System32\ucrtbase.dll
0x00007ff9528e0000 - 0x00007ff952b49000 	C:\WINDOWS\WinSxS\amd64_microsoft.windows.common-controls_6595b64144ccf1df_6.0.16299.431_none_15c7d3ee93659e73\COMCTL32.dll
0x00007ff9624c0000 - 0x00007ff9627c8000 	C:\WINDOWS\System32\combase.dll
0x00007ff962440000 - 0x00007ff9624b2000 	C:\WINDOWS\System32\bcryptPrimitives.dll
0x00007ff964f90000 - 0x00007ff964fbd000 	C:\WINDOWS\System32\IMM32.DLL
0x00000000697c0000 - 0x0000000069892000 	C:\Program Files\Java\jre1.8.0_111\bin\msvcr100.dll
0x0000000068990000 - 0x000000006922a000 	C:\Program Files\Java\jre1.8.0_111\bin\server\jvm.dll
0x00007ff964d30000 - 0x00007ff964d38000 	C:\WINDOWS\System32\PSAPI.DLL
0x00007ff95b800000 - 0x00007ff95b809000 	C:\WINDOWS\SYSTEM32\WSOCK32.dll
0x00007ff964b80000 - 0x00007ff964bec000 	C:\WINDOWS\System32\WS2_32.dll
0x00007ff95f6d0000 - 0x00007ff95f6f3000 	C:\WINDOWS\SYSTEM32\WINMM.dll
0x00007ff950da0000 - 0x00007ff950daa000 	C:\WINDOWS\SYSTEM32\VERSION.dll
0x00007ff95f6a0000 - 0x00007ff95f6ca000 	C:\WINDOWS\SYSTEM32\WINMMBASE.dll
0x00007ff9623f0000 - 0x00007ff96243a000 	C:\WINDOWS\System32\cfgmgr32.dll
0x00000000688a0000 - 0x00000000688af000 	C:\Program Files\Java\jre1.8.0_111\bin\verify.dll
0x0000000068870000 - 0x0000000068899000 	C:\Program Files\Java\jre1.8.0_111\bin\java.dll
0x0000000068850000 - 0x0000000068866000 	C:\Program Files\Java\jre1.8.0_111\bin\zip.dll
0x00007ff962f90000 - 0x00007ff9643c8000 	C:\WINDOWS\System32\SHELL32.dll
0x00007ff9643d0000 - 0x00007ff964476000 	C:\WINDOWS\System32\shcore.dll
0x00007ff961aa0000 - 0x00007ff9621e7000 	C:\WINDOWS\System32\windows.storage.dll
0x00007ff964bf0000 - 0x00007ff964c41000 	C:\WINDOWS\System32\shlwapi.dll
0x00007ff9613d0000 - 0x00007ff9613e1000 	C:\WINDOWS\System32\kernel.appcore.dll
0x00007ff961380000 - 0x00007ff9613cc000 	C:\WINDOWS\System32\powrprof.dll
0x00007ff961340000 - 0x00007ff96135b000 	C:\WINDOWS\System32\profapi.dll
0x0000000069620000 - 0x00000000697b8000 	C:\Program Files\Java\jre1.8.0_111\bin\awt.dll
0x00007ff962c20000 - 0x00007ff962ce5000 	C:\WINDOWS\System32\OLEAUT32.dll
0x00007ff95f7f0000 - 0x00007ff95f878000 	C:\WINDOWS\SYSTEM32\apphelp.dll
0x00007ff95fbe0000 - 0x00007ff95fc0a000 	C:\WINDOWS\system32\DWMAPI.DLL
0x00007ff95f970000 - 0x00007ff95fa05000 	C:\WINDOWS\system32\uxtheme.dll
0x00007ff964900000 - 0x00007ff964a67000 	C:\WINDOWS\System32\MSCTF.dll
0x00007ff964de0000 - 0x00007ff964f29000 	C:\WINDOWS\System32\ole32.dll
0x00000000695d0000 - 0x0000000069617000 	C:\Program Files\Java\jre1.8.0_111\bin\fontmanager.dll
0x00007ff953910000 - 0x00007ff9539a5000 	C:\WINDOWS\system32\RICHED20.DLL
0x00007ff95ba00000 - 0x00007ff95ba19000 	C:\WINDOWS\SYSTEM32\USP10.dll
0x00007ff958340000 - 0x00007ff958378000 	C:\WINDOWS\SYSTEM32\msls31.dll
0x00007ff964a80000 - 0x00007ff964b1e000 	C:\WINDOWS\System32\clbcatq.dll
0x00007ff960ea0000 - 0x00007ff960ec5000 	C:\WINDOWS\system32\bcrypt.dll
0x00007ff959830000 - 0x00007ff9598c8000 	C:\WINDOWS\System32\TextInputFramework.dll
0x00007ff95bf10000 - 0x00007ff95c1fe000 	C:\WINDOWS\System32\CoreUIComponents.dll
0x00007ff95d420000 - 0x00007ff95d4fc000 	C:\WINDOWS\System32\CoreMessaging.dll
0x00007ff960470000 - 0x00007ff9604a1000 	C:\WINDOWS\SYSTEM32\ntmarta.dll
0x00007ff95db70000 - 0x00007ff95dca6000 	C:\WINDOWS\SYSTEM32\wintypes.dll
0x00007ff960d90000 - 0x00007ff960da7000 	C:\WINDOWS\SYSTEM32\CRYPTSP.dll
0x00007ff960770000 - 0x00007ff9607a3000 	C:\WINDOWS\system32\rsaenh.dll
0x00007ff961270000 - 0x00007ff961299000 	C:\WINDOWS\SYSTEM32\USERENV.dll
0x00007ff960db0000 - 0x00007ff960dbb000 	C:\WINDOWS\SYSTEM32\CRYPTBASE.dll
0x0000000068830000 - 0x000000006884a000 	C:\Program Files\Java\jre1.8.0_111\bin\net.dll
0x00007ff960b70000 - 0x00007ff960bd6000 	C:\WINDOWS\system32\mswsock.dll
0x00007ff960900000 - 0x00007ff960939000 	C:\WINDOWS\SYSTEM32\IPHLPAPI.DLL
0x00007ff964a70000 - 0x00007ff964a78000 	C:\WINDOWS\System32\NSI.dll
0x00007ff9599d0000 - 0x00007ff9599e6000 	C:\WINDOWS\SYSTEM32\dhcpcsvc6.DLL
0x00007ff959e20000 - 0x00007ff959e3a000 	C:\WINDOWS\SYSTEM32\dhcpcsvc.DLL
0x00007ff960940000 - 0x00007ff9609f6000 	C:\WINDOWS\SYSTEM32\DNSAPI.dll
0x00007ff953450000 - 0x00007ff95345a000 	C:\Windows\System32\rasadhlp.dll
0x0000000068810000 - 0x0000000068821000 	C:\Program Files\Java\jre1.8.0_111\bin\nio.dll
0x00007ff953490000 - 0x00007ff953500000 	C:\WINDOWS\System32\fwpuclnt.dll
0x0000000069590000 - 0x00000000695c1000 	C:\Program Files\Java\jre1.8.0_111\bin\jpeg.dll
0x00007ff94ecb0000 - 0x00007ff94ee78000 	C:\WINDOWS\SYSTEM32\dbghelp.dll

VM Arguments:
jvm_args: -Dfile.encoding=Cp1252 
java_command: totalcross.Launcher /r 544353541A8E8B2A28D5B8E0 com.app.app
java_class_path (initial): C:\Program Files\Java\jre1.8.0_111\lib\resources.jar;C:\Program Files\Java\jre1.8.0_111\lib\rt.jar;C:\Program Files\Java\jre1.8.0_111\lib\jsse.jar;C:\Program Files\Java\jre1.8.0_111\lib\jce.jar;C:\Program Files\Java\jre1.8.0_111\lib\charsets.jar;C:\Program Files\Java\jre1.8.0_111\lib\jfr.jar;C:\Program Files\Java\jre1.8.0_111\lib\ext\access-bridge-64.jar;C:\Program Files\Java\jre1.8.0_111\lib\ext\cldrdata.jar;C:\Program Files\Java\jre1.8.0_111\lib\ext\dnsns.jar;C:\Program Files\Java\jre1.8.0_111\lib\ext\jaccess.jar;C:\Program Files\Java\jre1.8.0_111\lib\ext\jfxrt.jar;C:\Program Files\Java\jre1.8.0_111\lib\ext\localedata.jar;C:\Program Files\Java\jre1.8.0_111\lib\ext\nashorn.jar;C:\Program Files\Java\jre1.8.0_111\lib\ext\sunec.jar;C:\Program Files\Java\jre1.8.0_111\lib\ext\sunjce_provider.jar;C:\Program Files\Java\jre1.8.0_111\lib\ext\sunmscapi.jar;C:\Program Files\Java\jre1.8.0_111\lib\ext\sunpkcs11.jar;C:\Program Files\Java\jre1.8.0_111\lib\ext\zipfs.jar;C:\Users\marci\eclipse-workspace\app\target\classes;C:\Users\marci\.m2\repository\com\totalcross\utils\tc-utilities\0.0.1-SNAPSHOT\tc-utilities-0.0.1-SNAPSHOT.jar;C:\Users\marci\.m2\repository\com\totalcross\utils\magical-utils\0.0.1-SNAPSHOT\magical-utils-0.0.1-SNAPSHOT.jar;C:\Users\marci\.m2\repository\com\totalcross\totalcross-sdk\4.1.0\totalcross-sdk-4.1.0.jar;C:\Users\marci\.m2\repository\org\vafer\jdeb\0.7\jdeb-0.7.jar;C:\Users\marci\.m2\repository\org\apache\maven\maven-plugin-api\2.0.5\maven-plugin-api-2.0.5.jar;C:\Users\marci\.m2\repository\org\apache\maven\maven-project\2.0.5\maven-project-2.0.5.jar;C:\Users\marci\.m2\repository\org\apache\maven\maven-settings\2.0.5\maven-settings-2.0.5.jar;C:\Users\marci\.m2\repository\org\apache\maven\maven-profile\2.0.5\maven-profile-2.0.5.jar;C:\Users\marci\.m2\repository\org\apache\maven\maven-model\2.0.5\maven-model-2.0.5.jar;C:\Users\marci\.m2\repository\org\apache\maven\maven-artifact-manager\2.0.5\maven-artifact-manager-2.0.5.jar;C:\U
Launcher Type: SUN_STANDARD

Environment Variables:
JAVA_HOME=C:\Program Files\Java\jdk1.8.0_111
PATH=C:/Program Files/Java/jre1.8.0_111/bin/server;C:/Program Files/Java/jre1.8.0_111/bin;C:/Program Files/Java/jre1.8.0_111/lib/amd64;C:\ProgramData\Oracle\Java\javapath;C:\Program Files (x86)\Intel\TXE Components\TCS\;C:\Program Files\Intel\TXE Components\TCS\;C:\WINDOWS\system32;C:\WINDOWS;C:\WINDOWS\System32\Wbem;C:\WINDOWS\System32\WindowsPowerShell\v1.0\;C:\Program Files\Intel\TXE Components\DAL\;C:\Program Files (x86)\Intel\TXE Components\DAL\;C:\Program Files\Intel\TXE Components\IPT\;C:\Program Files (x86)\Intel\TXE Components\IPT\;C:\Program Files\Java\jdk1.8.0_111\bin;C:\TotalCross3\dist\vm\win32;C:\Users\marci\AppData\Local\Microsoft\WindowsApps;c:\TotalCross3\dist\vm\win32;C:\Program Files\Java\jdk1.8.0_111\bin;;C:\Users\marci\Desktop;
USERNAME=marci
OS=Windows_NT
PROCESSOR_IDENTIFIER=Intel64 Family 6 Model 76 Stepping 4, GenuineIntel



---------------  S Y S T E M  ---------------

OS: Windows 10.0 , 64 bit Build 16299 (10.0.16299.431)

CPU:total 2 (2 cores per cpu, 1 threads per core) family 6 model 76 stepping 4, cmov, cx8, fxsr, mmx, sse, sse2, sse3, ssse3, sse4.1, sse4.2, popcnt, aes, clmul, erms, 3dnowpref, tsc, tscinvbit

Memory: 4k page, physical 1946148k(465612k free), swap 3387940k(896740k free)

vm_info: Java HotSpot(TM) 64-Bit Server VM (25.111-b14) for windows-amd64 JRE (1.8.0_111-b14), built on Sep 22 2016 19:24:05 by "java_re" with MS VC++ 10.0 (VS2010)

time: Fri Jun 01 00:44:35 2018
elapsed time: 151 seconds (0d 0h 2m 31s)

