#
# A fatal error has been detected by the Java Runtime Environment:
#
#  EXCEPTION_ACCESS_VIOLATION (0xc0000005) at pc=0x000000006be42be0, pid=5672, tid=0x000000000000013c
#
# JRE version: Java(TM) SE Runtime Environment (8.0_111-b14) (build 1.8.0_111-b14)
# Java VM: Java HotSpot(TM) 64-Bit Server VM (25.111-b14 mixed mode windows-amd64 compressed oops)
# Problematic frame:
# C  0x000000006be42be0
#
# Failed to write core dump. Minidumps are not enabled by default on client versions of Windows
#
# If you would like to submit a bug report, please visit:
#   http://bugreport.java.com/bugreport/crash.jsp
# The crash happened outside the Java Virtual Machine in native code.
# See problematic frame for where to report the bug.
#

---------------  T H R E A D  ---------------

Current thread (0x0000000017ae5000):  JavaThread "Secondary finalizer" [_thread_in_native, id=316, stack(0x000000001b550000,0x000000001b650000)]

siginfo: ExceptionCode=0xc0000005, ExceptionInformation=0x0000000000000008 0x000000006be42be0

Registers:
RAX=0x000000006be42be0, RBX=0x00000000190da890, RCX=0x0000000017ae51f8, RDX=0x000000001b64ee18
RSP=0x000000001b64ed78, RBP=0x000000001b64edf8, RSI=0x0000000000000108, RDI=0x0000000000000704
R8 =0x0000000000000005, R9 =0x00000000e2e98fb8, R10=0x0000000004a0848b, R11=0x0000000052d7b580
R12=0x0000000000000000, R13=0x00000000190da890, R14=0x000000001b64ee18, R15=0x0000000017ae5000
RIP=0x000000006be42be0, EFLAGS=0x0000000000010206

Top of Stack: (sp=0x000000001b64ed78)
0x000000001b64ed78:   0000000004a084b7 00000000049f56d0
0x000000001b64ed88:   0000000000000000 000000001b64ef58
0x000000001b64ed98:   000000001b64ef10 000000001b64ee80
0x000000001b64eda8:   0000000000000000 00000000e2e98fb8
0x000000001b64edb8:   000000001b64eda8 0000000000000000
0x000000001b64edc8:   000000001b64ee18 0000000019115e70
0x000000001b64edd8:   0000000000000000 00000000190da890
0x000000001b64ede8:   0000000000000000 000000001b64ee18
0x000000001b64edf8:   000000001b64ee80 00000000049f835d
0x000000001b64ee08:   0000000000000000 0000000004a019d8
0x000000001b64ee18:   00000000e2e98fb8 00000000e2e98ff0
0x000000001b64ee28:   0000000000000000 0000000000000001
0x000000001b64ee38:   00000000e2e98fb8 000000001b64ee20
0x000000001b64ee48:   00000000190d566e 000000001b64eeb8
0x000000001b64ee58:   0000000019115680 0000000000000000
0x000000001b64ee68:   00000000190d5708 000000001b64ee18 

Instructions: (pc=0x000000006be42be0)
0x000000006be42bc0:   
[error occurred during error reporting (printing registers, top of stack, instructions near pc), id 0xc0000005]

Register to memory mapping:

RAX=0x000000006be42be0 is an unknown value
RBX={method} {0x00000000190da898} 'free_functions' '()V' in 'org/sqlite/core/NativeDB'
RCX=0x0000000017ae51f8 is an unknown value
RDX=0x000000001b64ee18 is pointing into the stack for thread: 0x0000000017ae5000
RSP=0x000000001b64ed78 is pointing into the stack for thread: 0x0000000017ae5000
RBP=0x000000001b64edf8 is pointing into the stack for thread: 0x0000000017ae5000
RSI=0x0000000000000108 is an unknown value
RDI=0x0000000000000704 is an unknown value
R8 =0x0000000000000005 is an unknown value
R9 =0x00000000e2e98fb8 is an oop
org.sqlite.core.NativeDB 
 - klass: 'org/sqlite/core/NativeDB'
R10=0x0000000004a0848b is at code_begin+1227 in an Interpreter codelet
method entry point (kind = native_synchronized)  [0x0000000004a07fc0, 0x0000000004a08aa0]  2784 bytes
R11=0x0000000052d7b580 is an unknown value
R12=0x0000000000000000 is an unknown value
R13={method} {0x00000000190da898} 'free_functions' '()V' in 'org/sqlite/core/NativeDB'
R14=0x000000001b64ee18 is pointing into the stack for thread: 0x0000000017ae5000
R15=0x0000000017ae5000 is a thread


Stack: [0x000000001b550000,0x000000001b650000],  sp=0x000000001b64ed78,  free space=1019k
Native frames: (J=compiled Java code, j=interpreted, Vv=VM code, C=native code)
C  0x000000006be42be0

Java frames: (J=compiled Java code, j=interpreted, Vv=VM code)
j  org.sqlite.core.NativeDB.free_functions()V+0
j  org.sqlite.core.DB.close()V+102
j  org.sqlite.core.CoreConnection.close()V+26
j  org.sqlite.core.CoreConnection.finalize()V+1
J 1304 C1 java.lang.ref.Finalizer.runFinalizer(Lsun/misc/JavaLangAccess;)V (62 bytes) @ 0x0000000004e9e25c [0x0000000004e9dcc0+0x59c]
J 1303 C1 java.lang.ref.Finalizer.access$100(Ljava/lang/ref/Finalizer;Lsun/misc/JavaLangAccess;)V (6 bytes) @ 0x0000000004e9e99c [0x0000000004e9e940+0x5c]
j  java.lang.ref.Finalizer$3.run()V+58
j  java.lang.Thread.run()V+11
v  ~StubRoutines::call_stub

---------------  P R O C E S S  ---------------

Java Threads: ( => current thread )
=>0x0000000017ae5000 JavaThread "Secondary finalizer" [_thread_in_native, id=316, stack(0x000000001b550000,0x000000001b650000)]
  0x0000000019634000 JavaThread "TC Event Thread" daemon [_thread_blocked, id=2772, stack(0x000000001ad50000,0x000000001ae50000)]
  0x00000000048f2800 JavaThread "DestroyJavaVM" [_thread_blocked, id=5792, stack(0x0000000004710000,0x0000000004810000)]
  0x00000000179d9000 JavaThread "AWT-EventQueue-0" [_thread_blocked, id=3064, stack(0x00000000182e0000,0x00000000183e0000)]
  0x00000000179b4800 JavaThread "AWT-Shutdown" [_thread_blocked, id=5964, stack(0x0000000018000000,0x0000000018100000)]
  0x00000000179f2000 JavaThread "Java2D Disposer" daemon [_thread_blocked, id=4884, stack(0x0000000017f00000,0x0000000018000000)]
  0x0000000015a57000 JavaThread "Service Thread" daemon [_thread_blocked, id=6456, stack(0x0000000016d00000,0x0000000016e00000)]
  0x00000000159e9800 JavaThread "C1 CompilerThread1" daemon [_thread_blocked, id=2820, stack(0x0000000016c00000,0x0000000016d00000)]
  0x00000000159ce000 JavaThread "C2 CompilerThread0" daemon [_thread_blocked, id=5944, stack(0x0000000016b00000,0x0000000016c00000)]
  0x00000000159cc800 JavaThread "Attach Listener" daemon [_thread_blocked, id=6020, stack(0x0000000016a00000,0x0000000016b00000)]
  0x00000000049ee800 JavaThread "Signal Dispatcher" daemon [_thread_blocked, id=5088, stack(0x0000000016900000,0x0000000016a00000)]
  0x00000000159b8800 JavaThread "Finalizer" daemon [_thread_blocked, id=892, stack(0x0000000016600000,0x0000000016700000)]
  0x00000000049df800 JavaThread "Reference Handler" daemon [_thread_blocked, id=2600, stack(0x0000000016500000,0x0000000016600000)]

Other Threads:
  0x0000000015995800 VMThread [stack: 0x0000000016400000,0x0000000016500000] [id=2744]
  0x0000000015a65000 WatcherThread [stack: 0x0000000017200000,0x0000000017300000] [id=6664]

VM state:not at safepoint (normal execution)

VM Mutex/Monitor currently owned by a thread: None

Heap:
 PSYoungGen      total 17408K, used 12782K [0x00000000f6180000, 0x00000000f8f80000, 0x0000000100000000)
  eden space 16384K, 71% used [0x00000000f6180000,0x00000000f6cfcf10,0x00000000f7180000)
  from space 1024K, 99% used [0x00000000f7180000,0x00000000f727ea68,0x00000000f7280000)
  to   space 7168K, 0% used [0x00000000f8880000,0x00000000f8880000,0x00000000f8f80000)
 ParOldGen       total 20480K, used 12281K [0x00000000e2400000, 0x00000000e3800000, 0x00000000f6180000)
  object space 20480K, 59% used [0x00000000e2400000,0x00000000e2ffe400,0x00000000e3800000)
 Metaspace       used 12538K, capacity 12836K, committed 13056K, reserved 1060864K
  class space    used 1398K, capacity 1477K, committed 1536K, reserved 1048576K

Card table byte_map: [0x0000000013db0000,0x0000000013ea0000] byte_map_base: 0x000000001369e000

Marking Bits: (ParMarkBitMap*) 0x000000005336a6c0
 Begin Bits: [0x00000000140a0000, 0x0000000014810000)
 End Bits:   [0x0000000014810000, 0x0000000014f80000)

Polling page: 0x0000000002c20000

CodeCache: size=245760Kb used=4789Kb max_used=4797Kb free=240970Kb
 bounds [0x00000000049f0000, 0x0000000004eb0000, 0x00000000139f0000]
 total_blobs=1677 nmethods=1188 adapters=402
 compilation: enabled

Compilation events (10 events):
Event: 319.956 Thread 0x00000000159ce000 1300       4       java.io.WinNTFileSystem::normalize (143 bytes)
Event: 319.969 Thread 0x00000000159ce000 nmethod 1300 0x0000000004ea01d0 code [0x0000000004ea0340, 0x0000000004ea0708]
Event: 319.969 Thread 0x00000000159ce000 1301       4       java.io.File::<init> (47 bytes)
Event: 319.991 Thread 0x00000000159ce000 nmethod 1301 0x0000000004ea3d50 code [0x0000000004ea3ee0, 0x0000000004ea4608]
Event: 320.497 Thread 0x00000000159e9800 1302       3       java.lang.ref.Reference::clear (6 bytes)
Event: 320.498 Thread 0x00000000159e9800 nmethod 1302 0x0000000004e9eb50 code [0x0000000004e9eca0, 0x0000000004e9ee10]
Event: 320.499 Thread 0x00000000159e9800 1303       3       java.lang.ref.Finalizer::access$100 (6 bytes)
Event: 320.499 Thread 0x00000000159e9800 nmethod 1303 0x0000000004e9e7d0 code [0x0000000004e9e940, 0x0000000004e9eaa8]
Event: 320.499 Thread 0x00000000159e9800 1304   !   3       java.lang.ref.Finalizer::runFinalizer (62 bytes)
Event: 320.501 Thread 0x00000000159e9800 nmethod 1304 0x0000000004e9db10 code [0x0000000004e9dcc0, 0x0000000004e9e538]

GC Heap History (10 events):
Event: 0.947 GC heap before
{Heap before GC invocations=1 (full 0):
 PSYoungGen      total 9216K, used 8192K [0x00000000f6180000, 0x00000000f6b80000, 0x0000000100000000)
  eden space 8192K, 100% used [0x00000000f6180000,0x00000000f6980000,0x00000000f6980000)
  from space 1024K, 0% used [0x00000000f6a80000,0x00000000f6a80000,0x00000000f6b80000)
  to   space 1024K, 0% used [0x00000000f6980000,0x00000000f6980000,0x00000000f6a80000)
 ParOldGen       total 20480K, used 0K [0x00000000e2400000, 0x00000000e3800000, 0x00000000f6180000)
  object space 20480K, 0% used [0x00000000e2400000,0x00000000e2400000,0x00000000e3800000)
 Metaspace       used 5491K, capacity 5578K, committed 5760K, reserved 1056768K
  class space    used 585K, capacity 622K, committed 640K, reserved 1048576K
Event: 0.954 GC heap after
Heap after GC invocations=1 (full 0):
 PSYoungGen      total 9216K, used 1008K [0x00000000f6180000, 0x00000000f6b80000, 0x0000000100000000)
  eden space 8192K, 0% used [0x00000000f6180000,0x00000000f6180000,0x00000000f6980000)
  from space 1024K, 98% used [0x00000000f6980000,0x00000000f6a7c010,0x00000000f6a80000)
  to   space 1024K, 0% used [0x00000000f6a80000,0x00000000f6a80000,0x00000000f6b80000)
 ParOldGen       total 20480K, used 972K [0x00000000e2400000, 0x00000000e3800000, 0x00000000f6180000)
  object space 20480K, 4% used [0x00000000e2400000,0x00000000e24f3238,0x00000000e3800000)
 Metaspace       used 5491K, capacity 5578K, committed 5760K, reserved 1056768K
  class space    used 585K, capacity 622K, committed 640K, reserved 1048576K
}
Event: 2.323 GC heap before
{Heap before GC invocations=2 (full 0):
 PSYoungGen      total 9216K, used 9200K [0x00000000f6180000, 0x00000000f6b80000, 0x0000000100000000)
  eden space 8192K, 100% used [0x00000000f6180000,0x00000000f6980000,0x00000000f6980000)
  from space 1024K, 98% used [0x00000000f6980000,0x00000000f6a7c010,0x00000000f6a80000)
  to   space 1024K, 0% used [0x00000000f6a80000,0x00000000f6a80000,0x00000000f6b80000)
 ParOldGen       total 20480K, used 972K [0x00000000e2400000, 0x00000000e3800000, 0x00000000f6180000)
  object space 20480K, 4% used [0x00000000e2400000,0x00000000e24f3238,0x00000000e3800000)
 Metaspace       used 9411K, capacity 9666K, committed 9856K, reserved 1058816K
  class space    used 1089K, capacity 1152K, committed 1152K, reserved 1048576K
Event: 2.353 GC heap after
Heap after GC invocations=2 (full 0):
 PSYoungGen      total 9216K, used 1008K [0x00000000f6180000, 0x00000000f7380000, 0x0000000100000000)
  eden space 8192K, 0% used [0x00000000f6180000,0x00000000f6180000,0x00000000f6980000)
  from space 1024K, 98% used [0x00000000f6a80000,0x00000000f6b7c010,0x00000000f6b80000)
  to   space 1024K, 0% used [0x00000000f6980000,0x00000000f6980000,0x00000000f6a80000)
 ParOldGen       total 20480K, used 3931K [0x00000000e2400000, 0x00000000e3800000, 0x00000000f6180000)
  object space 20480K, 19% used [0x00000000e2400000,0x00000000e27d6e78,0x00000000e3800000)
 Metaspace       used 9411K, capacity 9666K, committed 9856K, reserved 1058816K
  class space    used 1089K, capacity 1152K, committed 1152K, reserved 1048576K
}
Event: 2.991 GC heap before
{Heap before GC invocations=3 (full 0):
 PSYoungGen      total 9216K, used 9200K [0x00000000f6180000, 0x00000000f7380000, 0x0000000100000000)
  eden space 8192K, 100% used [0x00000000f6180000,0x00000000f6980000,0x00000000f6980000)
  from space 1024K, 98% used [0x00000000f6a80000,0x00000000f6b7c010,0x00000000f6b80000)
  to   space 1024K, 0% used [0x00000000f6980000,0x00000000f6980000,0x00000000f6a80000)
 ParOldGen       total 20480K, used 3931K [0x00000000e2400000, 0x00000000e3800000, 0x00000000f6180000)
  object space 20480K, 19% used [0x00000000e2400000,0x00000000e27d6e78,0x00000000e3800000)
 Metaspace       used 9682K, capacity 9890K, committed 10240K, reserved 1058816K
  class space    used 1114K, capacity 1184K, committed 1280K, reserved 1048576K
Event: 3.001 GC heap after
Heap after GC invocations=3 (full 0):
 PSYoungGen      total 9216K, used 1018K [0x00000000f6180000, 0x00000000f7380000, 0x0000000100000000)
  eden space 8192K, 0% used [0x00000000f6180000,0x00000000f6180000,0x00000000f6980000)
  from space 1024K, 99% used [0x00000000f6980000,0x00000000f6a7ea68,0x00000000f6a80000)
  to   space 1024K, 0% used [0x00000000f7280000,0x00000000f7280000,0x00000000f7380000)
 ParOldGen       total 20480K, used 8277K [0x00000000e2400000, 0x00000000e3800000, 0x00000000f6180000)
  object space 20480K, 40% used [0x00000000e2400000,0x00000000e2c15638,0x00000000e3800000)
 Metaspace       used 9682K, capacity 9890K, committed 10240K, reserved 1058816K
  class space    used 1114K, capacity 1184K, committed 1280K, reserved 1048576K
}
Event: 4.802 GC heap before
{Heap before GC invocations=4 (full 0):
 PSYoungGen      total 9216K, used 9210K [0x00000000f6180000, 0x00000000f7380000, 0x0000000100000000)
  eden space 8192K, 100% used [0x00000000f6180000,0x00000000f6980000,0x00000000f6980000)
  from space 1024K, 99% used [0x00000000f6980000,0x00000000f6a7ea68,0x00000000f6a80000)
  to   space 1024K, 0% used [0x00000000f7280000,0x00000000f7280000,0x00000000f7380000)
 ParOldGen       total 20480K, used 8277K [0x00000000e2400000, 0x00000000e3800000, 0x00000000f6180000)
  object space 20480K, 40% used [0x00000000e2400000,0x00000000e2c15638,0x00000000e3800000)
 Metaspace       used 9943K, capacity 10178K, committed 10496K, reserved 1058816K
  class space    used 1142K, capacity 1216K, committed 1280K, reserved 1048576K
Event: 4.811 GC heap after
Heap after GC invocations=4 (full 0):
 PSYoungGen      total 17408K, used 1018K [0x00000000f6180000, 0x00000000f7380000, 0x0000000100000000)
  eden space 16384K, 0% used [0x00000000f6180000,0x00000000f6180000,0x00000000f7180000)
  from space 1024K, 99% used [0x00000000f7280000,0x00000000f737ea68,0x00000000f7380000)
  to   space 1024K, 0% used [0x00000000f7180000,0x00000000f7180000,0x00000000f7280000)
 ParOldGen       total 20480K, used 8454K [0x00000000e2400000, 0x00000000e3800000, 0x00000000f6180000)
  object space 20480K, 41% used [0x00000000e2400000,0x00000000e2c41aa0,0x00000000e3800000)
 Metaspace       used 9943K, capacity 10178K, committed 10496K, reserved 1058816K
  class space    used 1142K, capacity 1216K, committed 1280K, reserved 1048576K
}
Event: 6.698 GC heap before
{Heap before GC invocations=5 (full 0):
 PSYoungGen      total 17408K, used 17111K [0x00000000f6180000, 0x00000000f7380000, 0x0000000100000000)
  eden space 16384K, 98% used [0x00000000f6180000,0x00000000f71371d0,0x00000000f7180000)
  from space 1024K, 99% used [0x00000000f7280000,0x00000000f737ea68,0x00000000f7380000)
  to   space 1024K, 0% used [0x00000000f7180000,0x00000000f7180000,0x00000000f7280000)
 ParOldGen       total 20480K, used 8454K [0x00000000e2400000, 0x00000000e3800000, 0x00000000f6180000)
  object space 20480K, 41% used [0x00000000e2400000,0x00000000e2c41aa0,0x00000000e3800000)
 Metaspace       used 11654K, capacity 11914K, committed 12288K, reserved 1060864K
  class space    used 1333K, capacity 1410K, committed 1536K, reserved 1048576K
Event: 6.710 GC heap after
Heap after GC invocations=5 (full 0):
 PSYoungGen      total 17408K, used 1018K [0x00000000f6180000, 0x00000000f8f80000, 0x0000000100000000)
  eden space 16384K, 0% used [0x00000000f6180000,0x00000000f6180000,0x00000000f7180000)
  from space 1024K, 99% used [0x00000000f7180000,0x00000000f727ea68,0x00000000f7280000)
  to   space 7168K, 0% used [0x00000000f8880000,0x00000000f8880000,0x00000000f8f80000)
 ParOldGen       total 20480K, used 12281K [0x00000000e2400000, 0x00000000e3800000, 0x00000000f6180000)
  object space 20480K, 59% used [0x00000000e2400000,0x00000000e2ffe400,0x00000000e3800000)
 Metaspace       used 11654K, capacity 11914K, committed 12288K, reserved 1060864K
  class space    used 1333K, capacity 1410K, committed 1536K, reserved 1048576K
}

Deoptimization events (10 events):
Event: 5.609 Thread 0x0000000019634000 Uncommon trap: reason=unstable_if action=reinterpret pc=0x0000000004c86e24 method=java.io.WinNTFileSystem.normalize(Ljava/lang/String;)Ljava/lang/String; @ 128
Event: 6.407 Thread 0x0000000019634000 Uncommon trap: reason=unstable_if action=reinterpret pc=0x0000000004d765c4 method=org.sqlite.SQLiteJDBCLoader.contentsEquals(Ljava/io/InputStream;Ljava/io/InputStream;)Z @ 39
Event: 9.065 Thread 0x0000000017ef6800 Uncommon trap: reason=unstable_if action=reinterpret pc=0x0000000004d87f8c method=sun.awt.image.ImageRepresentation.getOpaqueRGBImage()Ljava/awt/image/BufferedImage; @ 57
Event: 9.071 Thread 0x0000000019634000 Uncommon trap: reason=unstable_if action=reinterpret pc=0x0000000004b530a4 method=totalcross.ui.image.Image.getSmoothScaledInstance(II)Ltotalcross/ui/image/Image; @ 1208
Event: 9.145 Thread 0x0000000017e24000 Uncommon trap: reason=unstable_if action=reinterpret pc=0x0000000004b21c48 method=sun.awt.image.ImageRepresentation.getOpaqueRGBImage()Ljava/awt/image/BufferedImage; @ 71
Event: 9.209 Thread 0x0000000019634000 Uncommon trap: reason=unstable_if action=reinterpret pc=0x0000000004b04a50 method=totalcross.ui.gfx.Graphics.drawSurface([ILjava/lang/Object;IIIIIIZIIII)V @ 558
Event: 35.681 Thread 0x0000000019634000 Uncommon trap: reason=unstable_if action=reinterpret pc=0x0000000004e00084 method=totalcross.ui.gfx.Graphics.translateAndClip(IIII)Z @ 29
Event: 35.682 Thread 0x0000000019634000 Uncommon trap: reason=unstable_if action=reinterpret pc=0x0000000004c3f370 method=totalcross.ui.gfx.Graphics.translateAndClip(IIII)Z @ 29
Event: 319.947 Thread 0x00000000179d9000 Uncommon trap: reason=unstable_if action=reinterpret pc=0x0000000004e9d604 method=totalcross.TCEventThread.invokeInEventThread(ZLjava/lang/Runnable;)V @ 1
Event: 319.948 Thread 0x0000000019634000 Uncommon trap: reason=class_check action=maybe_recompile pc=0x0000000004e9c784 method=totalcross.TCEventThread.privatePumpEvents()V @ 52

Internal exceptions (10 events):
Event: 35.712 Thread 0x0000000017aff800 Exception <a 'java/lang/InterruptedException': sleep interrupted> (0x00000000f696a860) thrown at [C:\re\workspace\8-2-build-windows-amd64-cygwin\jdk8u111\7883\hotspot\src\share\vm\prims\jvm.cpp, line 3224]
Event: 35.723 Thread 0x0000000017aff800 Exception <a 'java/lang/InterruptedException': sleep interrupted> (0x00000000f696ab10) thrown at [C:\re\workspace\8-2-build-windows-amd64-cygwin\jdk8u111\7883\hotspot\src\share\vm\prims\jvm.cpp, line 3224]
Event: 35.734 Thread 0x0000000017aff800 Exception <a 'java/lang/InterruptedException': sleep interrupted> (0x00000000f696adc0) thrown at [C:\re\workspace\8-2-build-windows-amd64-cygwin\jdk8u111\7883\hotspot\src\share\vm\prims\jvm.cpp, line 3176]
Event: 35.745 Thread 0x0000000017aff800 Exception <a 'java/lang/InterruptedException': sleep interrupted> (0x00000000f696b070) thrown at [C:\re\workspace\8-2-build-windows-amd64-cygwin\jdk8u111\7883\hotspot\src\share\vm\prims\jvm.cpp, line 3224]
Event: 35.755 Thread 0x0000000017aff800 Exception <a 'java/lang/InterruptedException': sleep interrupted> (0x00000000f696b320) thrown at [C:\re\workspace\8-2-build-windows-amd64-cygwin\jdk8u111\7883\hotspot\src\share\vm\prims\jvm.cpp, line 3224]
Event: 35.901 Thread 0x0000000017aff800 Exception <a 'java/lang/InterruptedException': sleep interrupted> (0x00000000f696b9f0) thrown at [C:\re\workspace\8-2-build-windows-amd64-cygwin\jdk8u111\7883\hotspot\src\share\vm\prims\jvm.cpp, line 3224]
Event: 319.954 Thread 0x0000000019634000 Exception <a 'java/io/FileNotFoundException'> (0x00000000f6a0d080) thrown at [C:\re\workspace\8-2-build-windows-amd64-cygwin\jdk8u111\7883\hotspot\src\share\vm\prims\jni.cpp, line 709]
Event: 319.954 Thread 0x0000000019634000 Exception <a 'java/io/FileNotFoundException'> (0x00000000f6a0db28) thrown at [C:\re\workspace\8-2-build-windows-amd64-cygwin\jdk8u111\7883\hotspot\src\share\vm\prims\jni.cpp, line 709]
Event: 319.954 Thread 0x0000000019634000 Exception <a 'java/io/FileNotFoundException'> (0x00000000f6a0e918) thrown at [C:\re\workspace\8-2-build-windows-amd64-cygwin\jdk8u111\7883\hotspot\src\share\vm\prims\jni.cpp, line 709]
Event: 320.159 Thread 0x0000000017aff800 Exception <a 'java/lang/InterruptedException': sleep interrupted> (0x00000000f6c596b8) thrown at [C:\re\workspace\8-2-build-windows-amd64-cygwin\jdk8u111\7883\hotspot\src\share\vm\prims\jvm.cpp, line 3224]

Events (10 events):
Event: 320.534 Executing VM operation: RevokeBias
Event: 320.534 Executing VM operation: RevokeBias done
Event: 320.535 Executing VM operation: RevokeBias
Event: 320.535 Executing VM operation: RevokeBias done
Event: 320.535 Executing VM operation: RevokeBias
Event: 320.535 Executing VM operation: RevokeBias done
Event: 320.535 Executing VM operation: RevokeBias
Event: 320.535 Executing VM operation: RevokeBias done
Event: 320.535 Executing VM operation: RevokeBias
Event: 320.535 Executing VM operation: RevokeBias done


Dynamic libraries:
0x00007ff6f1500000 - 0x00007ff6f1537000 	C:\Program Files\Java\jre1.8.0_111\bin\javaw.exe
0x00007ffdb3860000 - 0x00007ffdb3a40000 	C:\WINDOWS\SYSTEM32\ntdll.dll
0x00007ffdb30f0000 - 0x00007ffdb319e000 	C:\WINDOWS\System32\KERNEL32.DLL
0x00007ffdb0ac0000 - 0x00007ffdb0d26000 	C:\WINDOWS\System32\KERNELBASE.dll
0x00007ffdb1000000 - 0x00007ffdb10a1000 	C:\WINDOWS\System32\ADVAPI32.dll
0x00007ffdb3560000 - 0x00007ffdb35fd000 	C:\WINDOWS\System32\msvcrt.dll
0x00007ffdb31a0000 - 0x00007ffdb31fb000 	C:\WINDOWS\System32\sechost.dll
0x00007ffdb1240000 - 0x00007ffdb135f000 	C:\WINDOWS\System32\RPCRT4.dll
0x00007ffdb0d90000 - 0x00007ffdb0f1f000 	C:\WINDOWS\System32\USER32.dll
0x00007ffdb0110000 - 0x00007ffdb0130000 	C:\WINDOWS\System32\win32u.dll
0x00007ffdb3730000 - 0x00007ffdb3758000 	C:\WINDOWS\System32\GDI32.dll
0x00007ffdb0920000 - 0x00007ffdb0ab3000 	C:\WINDOWS\System32\gdi32full.dll
0x00007ffdb0130000 - 0x00007ffdb01cb000 	C:\WINDOWS\System32\msvcp_win.dll
0x00007ffdafc60000 - 0x00007ffdafd56000 	C:\WINDOWS\System32\ucrtbase.dll
0x00007ffd9f5d0000 - 0x00007ffd9f839000 	C:\WINDOWS\WinSxS\amd64_microsoft.windows.common-controls_6595b64144ccf1df_6.0.16299.431_none_15c7d3ee93659e73\COMCTL32.dll
0x00007ffdb1920000 - 0x00007ffdb1c28000 	C:\WINDOWS\System32\combase.dll
0x00007ffdaff80000 - 0x00007ffdafff2000 	C:\WINDOWS\System32\bcryptPrimitives.dll
0x00007ffdb1160000 - 0x00007ffdb118d000 	C:\WINDOWS\System32\IMM32.DLL
0x00000000539d0000 - 0x0000000053aa2000 	C:\Program Files\Java\jre1.8.0_111\bin\msvcr100.dll
0x0000000052b50000 - 0x00000000533ea000 	C:\Program Files\Java\jre1.8.0_111\bin\server\jvm.dll
0x00007ffdb30e0000 - 0x00007ffdb30e8000 	C:\WINDOWS\System32\PSAPI.DLL
0x00007ffdab9f0000 - 0x00007ffdab9f9000 	C:\WINDOWS\SYSTEM32\WSOCK32.dll
0x00007ffdb3070000 - 0x00007ffdb30dc000 	C:\WINDOWS\System32\WS2_32.dll
0x00007ffdadf40000 - 0x00007ffdadf63000 	C:\WINDOWS\SYSTEM32\WINMM.dll
0x00007ffda15e0000 - 0x00007ffda15ea000 	C:\WINDOWS\SYSTEM32\VERSION.dll
0x00007ffdadee0000 - 0x00007ffdadf0a000 	C:\WINDOWS\SYSTEM32\WINMMBASE.dll
0x00007ffdafd60000 - 0x00007ffdafdaa000 	C:\WINDOWS\System32\cfgmgr32.dll
0x0000000052a60000 - 0x0000000052a6f000 	C:\Program Files\Java\jre1.8.0_111\bin\verify.dll
0x0000000052a30000 - 0x0000000052a59000 	C:\Program Files\Java\jre1.8.0_111\bin\java.dll
0x0000000052a10000 - 0x0000000052a26000 	C:\Program Files\Java\jre1.8.0_111\bin\zip.dll
0x00007ffdb1c30000 - 0x00007ffdb3068000 	C:\WINDOWS\System32\SHELL32.dll
0x00007ffdb1190000 - 0x00007ffdb1236000 	C:\WINDOWS\System32\shcore.dll
0x00007ffdb01d0000 - 0x00007ffdb0917000 	C:\WINDOWS\System32\windows.storage.dll
0x00007ffdb0fa0000 - 0x00007ffdb0ff1000 	C:\WINDOWS\System32\shlwapi.dll
0x00007ffdafc20000 - 0x00007ffdafc31000 	C:\WINDOWS\System32\kernel.appcore.dll
0x00007ffdafbb0000 - 0x00007ffdafbfc000 	C:\WINDOWS\System32\powrprof.dll
0x00007ffdafc40000 - 0x00007ffdafc5b000 	C:\WINDOWS\System32\profapi.dll
0x0000000053830000 - 0x00000000539c8000 	C:\Program Files\Java\jre1.8.0_111\bin\awt.dll
0x00007ffdb3760000 - 0x00007ffdb3825000 	C:\WINDOWS\System32\OLEAUT32.dll
0x00007ffdae060000 - 0x00007ffdae0e8000 	C:\WINDOWS\SYSTEM32\apphelp.dll
0x00007ffdae450000 - 0x00007ffdae47a000 	C:\WINDOWS\system32\DWMAPI.DLL
0x00007ffdae1e0000 - 0x00007ffdae275000 	C:\WINDOWS\system32\uxtheme.dll
0x00007ffdb17b0000 - 0x00007ffdb1917000 	C:\WINDOWS\System32\MSCTF.dll
0x00007ffdb3200000 - 0x00007ffdb3349000 	C:\WINDOWS\System32\ole32.dll
0x00000000537e0000 - 0x0000000053827000 	C:\Program Files\Java\jre1.8.0_111\bin\fontmanager.dll
0x00007ffd9afc0000 - 0x00007ffd9b055000 	C:\WINDOWS\system32\RICHED20.DLL
0x00007ffd87ea0000 - 0x00007ffd87eb9000 	C:\WINDOWS\SYSTEM32\USP10.dll
0x00007ffd9af80000 - 0x00007ffd9afb8000 	C:\WINDOWS\SYSTEM32\msls31.dll
0x00007ffdb10b0000 - 0x00007ffdb114e000 	C:\WINDOWS\System32\clbcatq.dll
0x00007ffdaf6b0000 - 0x00007ffdaf6d5000 	C:\WINDOWS\system32\bcrypt.dll
0x00007ffda4f20000 - 0x00007ffda4fb8000 	C:\WINDOWS\System32\TextInputFramework.dll
0x00007ffdad0d0000 - 0x00007ffdad1ac000 	C:\WINDOWS\System32\CoreMessaging.dll
0x00007ffdaa720000 - 0x00007ffdaaa0e000 	C:\WINDOWS\System32\CoreUIComponents.dll
0x00007ffdaece0000 - 0x00007ffdaed11000 	C:\WINDOWS\SYSTEM32\ntmarta.dll
0x00007ffdac050000 - 0x00007ffdac186000 	C:\WINDOWS\SYSTEM32\wintypes.dll
0x00000000529f0000 - 0x0000000052a0a000 	C:\Program Files\Java\jre1.8.0_111\bin\net.dll
0x00007ffdaf3e0000 - 0x00007ffdaf446000 	C:\WINDOWS\system32\mswsock.dll
0x00007ffdaf1b0000 - 0x00007ffdaf266000 	C:\WINDOWS\SYSTEM32\DNSAPI.dll
0x00007ffdb3350000 - 0x00007ffdb3358000 	C:\WINDOWS\System32\NSI.dll
0x00007ffdaf170000 - 0x00007ffdaf1a9000 	C:\WINDOWS\SYSTEM32\IPHLPAPI.DLL
0x00007ffda4840000 - 0x00007ffda484a000 	C:\Windows\System32\rasadhlp.dll
0x00007ffdaf5a0000 - 0x00007ffdaf5b7000 	C:\WINDOWS\SYSTEM32\CRYPTSP.dll
0x00007ffdaefe0000 - 0x00007ffdaf013000 	C:\WINDOWS\system32\rsaenh.dll
0x00007ffdafab0000 - 0x00007ffdafad9000 	C:\WINDOWS\SYSTEM32\USERENV.dll
0x00007ffdaf5c0000 - 0x00007ffdaf5cb000 	C:\WINDOWS\SYSTEM32\CRYPTBASE.dll
0x00007ffdaa480000 - 0x00007ffdaa496000 	C:\WINDOWS\SYSTEM32\dhcpcsvc6.DLL
0x00007ffdaa4e0000 - 0x00007ffdaa4fa000 	C:\WINDOWS\SYSTEM32\dhcpcsvc.DLL
0x00007ffda7050000 - 0x00007ffda70c0000 	C:\WINDOWS\System32\fwpuclnt.dll
0x00000000529d0000 - 0x00000000529e1000 	C:\Program Files\Java\jre1.8.0_111\bin\nio.dll
0x00007ffda09b0000 - 0x00007ffda0b78000 	C:\WINDOWS\SYSTEM32\dbghelp.dll

VM Arguments:
jvm_args: -Dfile.encoding=Cp1252 
java_command: totalcross.Launcher /r 544353541A8E8B2A28D5B8E0 com.app.app
java_class_path (initial): C:\Program Files\Java\jre1.8.0_111\lib\resources.jar;C:\Program Files\Java\jre1.8.0_111\lib\rt.jar;C:\Program Files\Java\jre1.8.0_111\lib\jsse.jar;C:\Program Files\Java\jre1.8.0_111\lib\jce.jar;C:\Program Files\Java\jre1.8.0_111\lib\charsets.jar;C:\Program Files\Java\jre1.8.0_111\lib\jfr.jar;C:\Program Files\Java\jre1.8.0_111\lib\ext\access-bridge-64.jar;C:\Program Files\Java\jre1.8.0_111\lib\ext\cldrdata.jar;C:\Program Files\Java\jre1.8.0_111\lib\ext\dnsns.jar;C:\Program Files\Java\jre1.8.0_111\lib\ext\jaccess.jar;C:\Program Files\Java\jre1.8.0_111\lib\ext\jfxrt.jar;C:\Program Files\Java\jre1.8.0_111\lib\ext\localedata.jar;C:\Program Files\Java\jre1.8.0_111\lib\ext\nashorn.jar;C:\Program Files\Java\jre1.8.0_111\lib\ext\sunec.jar;C:\Program Files\Java\jre1.8.0_111\lib\ext\sunjce_provider.jar;C:\Program Files\Java\jre1.8.0_111\lib\ext\sunmscapi.jar;C:\Program Files\Java\jre1.8.0_111\lib\ext\sunpkcs11.jar;C:\Program Files\Java\jre1.8.0_111\lib\ext\zipfs.jar;C:\Users\marci\eclipse-workspace\app\target\classes;C:\Users\marci\.m2\repository\com\totalcross\utils\tc-utilities\0.0.1-SNAPSHOT\tc-utilities-0.0.1-SNAPSHOT.jar;C:\Users\marci\.m2\repository\com\totalcross\utils\magical-utils\0.0.1-SNAPSHOT\magical-utils-0.0.1-SNAPSHOT.jar;C:\Users\marci\.m2\repository\com\totalcross\totalcross-sdk\4.1.0\totalcross-sdk-4.1.0.jar;C:\Users\marci\.m2\repository\org\vafer\jdeb\0.7\jdeb-0.7.jar;C:\Users\marci\.m2\repository\org\apache\maven\maven-plugin-api\2.0.5\maven-plugin-api-2.0.5.jar;C:\Users\marci\.m2\repository\org\apache\maven\maven-project\2.0.5\maven-project-2.0.5.jar;C:\Users\marci\.m2\repository\org\apache\maven\maven-settings\2.0.5\maven-settings-2.0.5.jar;C:\Users\marci\.m2\repository\org\apache\maven\maven-profile\2.0.5\maven-profile-2.0.5.jar;C:\Users\marci\.m2\repository\org\apache\maven\maven-model\2.0.5\maven-model-2.0.5.jar;C:\Users\marci\.m2\repository\org\apache\maven\maven-artifact-manager\2.0.5\maven-artifact-manager-2.0.5.jar;C:\U
Launcher Type: SUN_STANDARD

Environment Variables:
JAVA_HOME=C:\Program Files\Java\jdk1.8.0_111
PATH=C:/Program Files/Java/jre1.8.0_111/bin/server;C:/Program Files/Java/jre1.8.0_111/bin;C:/Program Files/Java/jre1.8.0_111/lib/amd64;C:\ProgramData\Oracle\Java\javapath;C:\Program Files (x86)\Intel\TXE Components\TCS\;C:\Program Files\Intel\TXE Components\TCS\;C:\WINDOWS\system32;C:\WINDOWS;C:\WINDOWS\System32\Wbem;C:\WINDOWS\System32\WindowsPowerShell\v1.0\;C:\Program Files\Intel\TXE Components\DAL\;C:\Program Files (x86)\Intel\TXE Components\DAL\;C:\Program Files\Intel\TXE Components\IPT\;C:\Program Files (x86)\Intel\TXE Components\IPT\;C:\Program Files\Java\jdk1.8.0_111\bin;C:\TotalCross3\dist\vm\win32;C:\Users\marci\AppData\Local\Microsoft\WindowsApps;c:\TotalCross3\dist\vm\win32;C:\Program Files\Java\jdk1.8.0_111\bin;;C:\Users\marci\Desktop;
USERNAME=marci
OS=Windows_NT
PROCESSOR_IDENTIFIER=Intel64 Family 6 Model 76 Stepping 4, GenuineIntel



---------------  S Y S T E M  ---------------

OS: Windows 10.0 , 64 bit Build 16299 (10.0.16299.431)

CPU:total 2 (2 cores per cpu, 1 threads per core) family 6 model 76 stepping 4, cmov, cx8, fxsr, mmx, sse, sse2, sse3, ssse3, sse4.1, sse4.2, popcnt, aes, clmul, erms, 3dnowpref, tsc, tscinvbit

Memory: 4k page, physical 1946148k(371740k free), swap 4118320k(801744k free)

vm_info: Java HotSpot(TM) 64-Bit Server VM (25.111-b14) for windows-amd64 JRE (1.8.0_111-b14), built on Sep 22 2016 19:24:05 by "java_re" with MS VC++ 10.0 (VS2010)

time: Fri Jun 01 18:07:31 2018
elapsed time: 321 seconds (0d 0h 5m 21s)

