#
# A fatal error has been detected by the Java Runtime Environment:
#
#  EXCEPTION_ACCESS_VIOLATION (0xc0000005) at pc=0x000000006be42be0, pid=6692, tid=0x0000000000001730
#
# JRE version: Java(TM) SE Runtime Environment (8.0_111-b14) (build 1.8.0_111-b14)
# Java VM: Java HotSpot(TM) 64-Bit Server VM (25.111-b14 mixed mode windows-amd64 compressed oops)
# Problematic frame:
# C  0x000000006be42be0
#
# Failed to write core dump. Minidumps are not enabled by default on client versions of Windows
#
# If you would like to submit a bug report, please visit:
#   http://bugreport.java.com/bugreport/crash.jsp
# The crash happened outside the Java Virtual Machine in native code.
# See problematic frame for where to report the bug.
#

---------------  T H R E A D  ---------------

Current thread (0x0000000018282800):  JavaThread "Secondary finalizer" [_thread_in_native, id=5936, stack(0x000000001cf60000,0x000000001d060000)]

siginfo: ExceptionCode=0xc0000005, ExceptionInformation=0x0000000000000008 0x000000006be42be0

Registers:
RAX=0x000000006be42be0, RBX=0x00000000195590e0, RCX=0x00000000182829f8, RDX=0x000000001d05eda8
RSP=0x000000001d05ed08, RBP=0x000000001d05ed88, RSI=0x0000000000000108, RDI=0x000000000000003d
R8 =0x0000000000000005, R9 =0x00000000f6d0aca0, R10=0x0000000004d6848b, R11=0x0000000052d7b580
R12=0x0000000000000000, R13=0x00000000195590e0, R14=0x000000001d05eda8, R15=0x0000000018282800
RIP=0x000000006be42be0, EFLAGS=0x0000000000010206

Top of Stack: (sp=0x000000001d05ed08)
0x000000001d05ed08:   0000000004d684b7 000000001d05ee48
0x000000001d05ed18:   0000000004d676e2 000000001d05ed20
0x000000001d05ed28:   000000001566e3f0 000000001d05ee10
0x000000001d05ed38:   0000000000000000 00000000f6d0aca0
0x000000001d05ed48:   000000001d05ed38 0000000000000000
0x000000001d05ed58:   000000001d05eda8 0000000019584710
0x000000001d05ed68:   0000000000000000 00000000195590e0
0x000000001d05ed78:   0000000000000000 000000001d05eda8
0x000000001d05ed88:   000000001d05ee10 0000000004d5835d
0x000000001d05ed98:   0000000000000000 0000000004d619d8
0x000000001d05eda8:   00000000f6d0aca0 00000000f6d0acd8
0x000000001d05edb8:   0000000000000000 0000000000000011
0x000000001d05edc8:   00000000f6d0aca0 000000001d05edb0
0x000000001d05edd8:   0000000019553ebe 000000001d05ee48
0x000000001d05ede8:   0000000019583f20 0000000000000000
0x000000001d05edf8:   0000000019553f58 000000001d05eda8 

Instructions: (pc=0x000000006be42be0)
0x000000006be42bc0:   
[error occurred during error reporting (printing registers, top of stack, instructions near pc), id 0xc0000005]

Register to memory mapping:

RAX=0x000000006be42be0 is an unknown value
RBX={method} {0x00000000195590e8} 'free_functions' '()V' in 'org/sqlite/core/NativeDB'
RCX=0x00000000182829f8 is an unknown value
RDX=0x000000001d05eda8 is pointing into the stack for thread: 0x0000000018282800
RSP=0x000000001d05ed08 is pointing into the stack for thread: 0x0000000018282800
RBP=0x000000001d05ed88 is pointing into the stack for thread: 0x0000000018282800
RSI=0x0000000000000108 is an unknown value
RDI=0x000000000000003d is an unknown value
R8 =0x0000000000000005 is an unknown value
R9 =0x00000000f6d0aca0 is an oop
org.sqlite.core.NativeDB 
 - klass: 'org/sqlite/core/NativeDB'
R10=0x0000000004d6848b is at code_begin+1227 in an Interpreter codelet
method entry point (kind = native_synchronized)  [0x0000000004d67fc0, 0x0000000004d68aa0]  2784 bytes
R11=0x0000000052d7b580 is an unknown value
R12=0x0000000000000000 is an unknown value
R13={method} {0x00000000195590e8} 'free_functions' '()V' in 'org/sqlite/core/NativeDB'
R14=0x000000001d05eda8 is pointing into the stack for thread: 0x0000000018282800
R15=0x0000000018282800 is a thread


Stack: [0x000000001cf60000,0x000000001d060000],  sp=0x000000001d05ed08,  free space=1019k
Native frames: (J=compiled Java code, j=interpreted, Vv=VM code, C=native code)
C  0x000000006be42be0

Java frames: (J=compiled Java code, j=interpreted, Vv=VM code)
j  org.sqlite.core.NativeDB.free_functions()V+0
j  org.sqlite.core.DB.close()V+102
j  org.sqlite.core.CoreConnection.close()V+26
j  org.sqlite.core.CoreConnection.finalize()V+1
J 840 C1 java.lang.ref.Finalizer.runFinalizer(Lsun/misc/JavaLangAccess;)V (62 bytes) @ 0x0000000004facf8c [0x0000000004faca00+0x58c]
J 729 C1 java.lang.ref.Finalizer.access$100(Ljava/lang/ref/Finalizer;Lsun/misc/JavaLangAccess;)V (6 bytes) @ 0x0000000004e5e29c [0x0000000004e5e240+0x5c]
j  java.lang.ref.Finalizer$3.run()V+58
j  java.lang.Thread.run()V+11
v  ~StubRoutines::call_stub

---------------  P R O C E S S  ---------------

Java Threads: ( => current thread )
=>0x0000000018282800 JavaThread "Secondary finalizer" [_thread_in_native, id=5936, stack(0x000000001cf60000,0x000000001d060000)]
  0x0000000018283000 JavaThread "Image Fetcher 2" daemon [_thread_blocked, id=6596, stack(0x000000001cb60000,0x000000001cc60000)]
  0x0000000018286800 JavaThread "Image Fetcher 1" daemon [_thread_blocked, id=6844, stack(0x000000001ca60000,0x000000001cb60000)]
  0x0000000018281000 JavaThread "Image Fetcher 0" daemon [_thread_blocked, id=6036, stack(0x000000001c960000,0x000000001ca60000)]
  0x000000001791e800 JavaThread "TC Event Thread" daemon [_thread_blocked, id=5056, stack(0x000000001b190000,0x000000001b290000)]
  0x0000000004c52800 JavaThread "DestroyJavaVM" [_thread_blocked, id=5668, stack(0x0000000004b50000,0x0000000004c50000)]
  0x0000000017c91000 JavaThread "AWT-EventQueue-0" [_thread_blocked, id=4128, stack(0x0000000018770000,0x0000000018870000)]
  0x0000000017c53800 JavaThread "AWT-Shutdown" [_thread_blocked, id=5436, stack(0x00000000184b0000,0x00000000185b0000)]
  0x000000001785e000 JavaThread "Java2D Disposer" daemon [_thread_blocked, id=4184, stack(0x0000000018310000,0x0000000018410000)]
  0x0000000015e58000 JavaThread "Service Thread" daemon [_thread_blocked, id=5976, stack(0x0000000017110000,0x0000000017210000)]
  0x0000000015df3800 JavaThread "C1 CompilerThread1" daemon [_thread_blocked, id=4504, stack(0x0000000017010000,0x0000000017110000)]
  0x0000000015dcf800 JavaThread "C2 CompilerThread0" daemon [_thread_blocked, id=1052, stack(0x0000000016f10000,0x0000000017010000)]
  0x0000000015dce000 JavaThread "Attach Listener" daemon [_thread_blocked, id=2708, stack(0x0000000016e10000,0x0000000016f10000)]
  0x0000000015dc9000 JavaThread "Signal Dispatcher" daemon [_thread_blocked, id=4664, stack(0x0000000016d10000,0x0000000016e10000)]
  0x0000000015db8800 JavaThread "Finalizer" daemon [_thread_blocked, id=6336, stack(0x0000000016a10000,0x0000000016b10000)]
  0x0000000004d3f800 JavaThread "Reference Handler" daemon [_thread_blocked, id=7088, stack(0x0000000016910000,0x0000000016a10000)]

Other Threads:
  0x0000000015d95000 VMThread [stack: 0x0000000016810000,0x0000000016910000] [id=5404]
  0x0000000015e5d000 WatcherThread [stack: 0x0000000017610000,0x0000000017710000] [id=3380]

VM state:not at safepoint (normal execution)

VM Mutex/Monitor currently owned by a thread: None

Heap:
 PSYoungGen      total 14336K, used 9567K [0x00000000f6180000, 0x00000000f7580000, 0x0000000100000000)
  eden space 8192K, 70% used [0x00000000f6180000,0x00000000f671d268,0x00000000f6980000)
  from space 6144K, 62% used [0x00000000f6980000,0x00000000f6d3aa08,0x00000000f6f80000)
  to   space 6144K, 0% used [0x00000000f6f80000,0x00000000f6f80000,0x00000000f7580000)
 ParOldGen       total 20480K, used 10092K [0x00000000e2400000, 0x00000000e3800000, 0x00000000f6180000)
  object space 20480K, 49% used [0x00000000e2400000,0x00000000e2ddb3a8,0x00000000e3800000)
 Metaspace       used 12976K, capacity 13212K, committed 13440K, reserved 1060864K
  class space    used 1471K, capacity 1539K, committed 1664K, reserved 1048576K

Card table byte_map: [0x0000000014110000,0x0000000014200000] byte_map_base: 0x00000000139fe000

Marking Bits: (ParMarkBitMap*) 0x000000005336a6c0
 Begin Bits: [0x00000000144a0000, 0x0000000014c10000)
 End Bits:   [0x0000000014c10000, 0x0000000015380000)

Polling page: 0x0000000000bb0000

CodeCache: size=245760Kb used=5119Kb max_used=5119Kb free=240640Kb
 bounds [0x0000000004d50000, 0x0000000005260000, 0x0000000013d50000]
 total_blobs=1791 nmethods=1302 adapters=402
 compilation: enabled

Compilation events (10 events):
Event: 80.361 Thread 0x0000000015dcf800 nmethod 1468 0x0000000004ececd0 code [0x0000000004ecee20, 0x0000000004eceea8]
Event: 80.371 Thread 0x0000000015df3800 nmethod 1467 0x000000000522de90 code [0x000000000522f980, 0x0000000005247568]
Event: 80.710 Thread 0x0000000015df3800 1469       1       java.lang.ref.Finalizer::access$400 (5 bytes)
Event: 80.710 Thread 0x0000000015df3800 nmethod 1469 0x000000000521eb10 code [0x000000000521ec60, 0x000000000521ed50]
Event: 80.711 Thread 0x0000000015df3800 1470       3       java.util.zip.ZStreamRef::clear (6 bytes)
Event: 80.711 Thread 0x0000000015df3800 nmethod 1470 0x000000000522db50 code [0x000000000522dca0, 0x000000000522de10]
Event: 80.714 Thread 0x0000000015df3800 1471       3       java.util.ArrayDeque::poll (5 bytes)
Event: 80.714 Thread 0x0000000015df3800 nmethod 1471 0x000000000522d790 code [0x000000000522d900, 0x000000000522daa8]
Event: 80.714 Thread 0x0000000015df3800 1472       3       java.util.ArrayDeque::pollFirst (42 bytes)
Event: 80.715 Thread 0x0000000015df3800 nmethod 1472 0x000000000522d190 code [0x000000000522d300, 0x000000000522d630]

GC Heap History (10 events):
Event: 16.282 GC heap before
{Heap before GC invocations=3 (full 0):
 PSYoungGen      total 9216K, used 9200K [0x00000000f6180000, 0x00000000f6b80000, 0x0000000100000000)
  eden space 8192K, 100% used [0x00000000f6180000,0x00000000f6980000,0x00000000f6980000)
  from space 1024K, 98% used [0x00000000f6a80000,0x00000000f6b7c010,0x00000000f6b80000)
  to   space 1024K, 0% used [0x00000000f6980000,0x00000000f6980000,0x00000000f6a80000)
 ParOldGen       total 20480K, used 3956K [0x00000000e2400000, 0x00000000e3800000, 0x00000000f6180000)
  object space 20480K, 19% used [0x00000000e2400000,0x00000000e27dd050,0x00000000e3800000)
 Metaspace       used 9679K, capacity 9890K, committed 10240K, reserved 1058816K
  class space    used 1114K, capacity 1184K, committed 1280K, reserved 1048576K
Event: 16.292 GC heap after
Heap after GC invocations=3 (full 0):
 PSYoungGen      total 9216K, used 1023K [0x00000000f6180000, 0x00000000f6b80000, 0x0000000100000000)
  eden space 8192K, 0% used [0x00000000f6180000,0x00000000f6180000,0x00000000f6980000)
  from space 1024K, 99% used [0x00000000f6980000,0x00000000f6a7fc50,0x00000000f6a80000)
  to   space 1024K, 0% used [0x00000000f6a80000,0x00000000f6a80000,0x00000000f6b80000)
 ParOldGen       total 20480K, used 8306K [0x00000000e2400000, 0x00000000e3800000, 0x00000000f6180000)
  object space 20480K, 40% used [0x00000000e2400000,0x00000000e2c1ca88,0x00000000e3800000)
 Metaspace       used 9679K, capacity 9890K, committed 10240K, reserved 1058816K
  class space    used 1114K, capacity 1184K, committed 1280K, reserved 1048576K
}
Event: 18.671 GC heap before
{Heap before GC invocations=4 (full 0):
 PSYoungGen      total 9216K, used 9159K [0x00000000f6180000, 0x00000000f6b80000, 0x0000000100000000)
  eden space 8192K, 99% used [0x00000000f6180000,0x00000000f6972370,0x00000000f6980000)
  from space 1024K, 99% used [0x00000000f6980000,0x00000000f6a7fc50,0x00000000f6a80000)
  to   space 1024K, 0% used [0x00000000f6a80000,0x00000000f6a80000,0x00000000f6b80000)
 ParOldGen       total 20480K, used 8306K [0x00000000e2400000, 0x00000000e3800000, 0x00000000f6180000)
  object space 20480K, 40% used [0x00000000e2400000,0x00000000e2c1ca88,0x00000000e3800000)
 Metaspace       used 9942K, capacity 10178K, committed 10496K, reserved 1058816K
  class space    used 1142K, capacity 1216K, committed 1280K, reserved 1048576K
Event: 18.678 GC heap after
Heap after GC invocations=4 (full 0):
 PSYoungGen      total 9216K, used 1023K [0x00000000f6180000, 0x00000000f6b80000, 0x0000000100000000)
  eden space 8192K, 0% used [0x00000000f6180000,0x00000000f6180000,0x00000000f6980000)
  from space 1024K, 99% used [0x00000000f6a80000,0x00000000f6b7fc50,0x00000000f6b80000)
  to   space 1024K, 0% used [0x00000000f6980000,0x00000000f6980000,0x00000000f6a80000)
 ParOldGen       total 20480K, used 8411K [0x00000000e2400000, 0x00000000e3800000, 0x00000000f6180000)
  object space 20480K, 41% used [0x00000000e2400000,0x00000000e2c36e90,0x00000000e3800000)
 Metaspace       used 9942K, capacity 10178K, committed 10496K, reserved 1058816K
  class space    used 1142K, capacity 1216K, committed 1280K, reserved 1048576K
}
Event: 20.667 GC heap before
{Heap before GC invocations=5 (full 0):
 PSYoungGen      total 9216K, used 9215K [0x00000000f6180000, 0x00000000f6b80000, 0x0000000100000000)
  eden space 8192K, 100% used [0x00000000f6180000,0x00000000f6980000,0x00000000f6980000)
  from space 1024K, 99% used [0x00000000f6a80000,0x00000000f6b7fc50,0x00000000f6b80000)
  to   space 1024K, 0% used [0x00000000f6980000,0x00000000f6980000,0x00000000f6a80000)
 ParOldGen       total 20480K, used 8411K [0x00000000e2400000, 0x00000000e3800000, 0x00000000f6180000)
  object space 20480K, 41% used [0x00000000e2400000,0x00000000e2c36e90,0x00000000e3800000)
 Metaspace       used 11333K, capacity 11530K, committed 11648K, reserved 1058816K
  class space    used 1293K, capacity 1346K, committed 1408K, reserved 1048576K
Event: 20.677 GC heap after
Heap after GC invocations=5 (full 0):
 PSYoungGen      total 9216K, used 1007K [0x00000000f6180000, 0x00000000f7580000, 0x0000000100000000)
  eden space 8192K, 0% used [0x00000000f6180000,0x00000000f6180000,0x00000000f6980000)
  from space 1024K, 98% used [0x00000000f6980000,0x00000000f6a7bc60,0x00000000f6a80000)
  to   space 6144K, 0% used [0x00000000f6f80000,0x00000000f6f80000,0x00000000f7580000)
 ParOldGen       total 20480K, used 9564K [0x00000000e2400000, 0x00000000e3800000, 0x00000000f6180000)
  object space 20480K, 46% used [0x00000000e2400000,0x00000000e2d57378,0x00000000e3800000)
 Metaspace       used 11333K, capacity 11530K, committed 11648K, reserved 1058816K
  class space    used 1293K, capacity 1346K, committed 1408K, reserved 1048576K
}
Event: 54.630 GC heap before
{Heap before GC invocations=6 (full 0):
 PSYoungGen      total 9216K, used 9199K [0x00000000f6180000, 0x00000000f7580000, 0x0000000100000000)
  eden space 8192K, 100% used [0x00000000f6180000,0x00000000f6980000,0x00000000f6980000)
  from space 1024K, 98% used [0x00000000f6980000,0x00000000f6a7bc60,0x00000000f6a80000)
  to   space 6144K, 0% used [0x00000000f6f80000,0x00000000f6f80000,0x00000000f7580000)
 ParOldGen       total 20480K, used 9564K [0x00000000e2400000, 0x00000000e3800000, 0x00000000f6180000)
  object space 20480K, 46% used [0x00000000e2400000,0x00000000e2d57378,0x00000000e3800000)
 Metaspace       used 12492K, capacity 12756K, committed 13184K, reserved 1060864K
  class space    used 1459K, capacity 1539K, committed 1664K, reserved 1048576K
Event: 54.640 GC heap after
Heap after GC invocations=6 (full 0):
 PSYoungGen      total 14336K, used 3851K [0x00000000f6180000, 0x00000000f7580000, 0x0000000100000000)
  eden space 8192K, 0% used [0x00000000f6180000,0x00000000f6180000,0x00000000f6980000)
  from space 6144K, 62% used [0x00000000f6f80000,0x00000000f7342c68,0x00000000f7580000)
  to   space 6144K, 0% used [0x00000000f6980000,0x00000000f6980000,0x00000000f6f80000)
 ParOldGen       total 20480K, used 9564K [0x00000000e2400000, 0x00000000e3800000, 0x00000000f6180000)
  object space 20480K, 46% used [0x00000000e2400000,0x00000000e2d57378,0x00000000e3800000)
 Metaspace       used 12492K, capacity 12756K, committed 13184K, reserved 1060864K
  class space    used 1459K, capacity 1539K, committed 1664K, reserved 1048576K
}
Event: 71.824 GC heap before
{Heap before GC invocations=7 (full 0):
 PSYoungGen      total 14336K, used 12043K [0x00000000f6180000, 0x00000000f7580000, 0x0000000100000000)
  eden space 8192K, 100% used [0x00000000f6180000,0x00000000f6980000,0x00000000f6980000)
  from space 6144K, 62% used [0x00000000f6f80000,0x00000000f7342c68,0x00000000f7580000)
  to   space 6144K, 0% used [0x00000000f6980000,0x00000000f6980000,0x00000000f6f80000)
 ParOldGen       total 20480K, used 9564K [0x00000000e2400000, 0x00000000e3800000, 0x00000000f6180000)
  object space 20480K, 46% used [0x00000000e2400000,0x00000000e2d57378,0x00000000e3800000)
 Metaspace       used 12878K, capacity 13084K, committed 13440K, reserved 1060864K
  class space    used 1467K, capacity 1539K, committed 1664K, reserved 1048576K
Event: 71.834 GC heap after
Heap after GC invocations=7 (full 0):
 PSYoungGen      total 14336K, used 3818K [0x00000000f6180000, 0x00000000f7580000, 0x0000000100000000)
  eden space 8192K, 0% used [0x00000000f6180000,0x00000000f6180000,0x00000000f6980000)
  from space 6144K, 62% used [0x00000000f6980000,0x00000000f6d3aa08,0x00000000f6f80000)
  to   space 6144K, 0% used [0x00000000f6f80000,0x00000000f6f80000,0x00000000f7580000)
 ParOldGen       total 20480K, used 10092K [0x00000000e2400000, 0x00000000e3800000, 0x00000000f6180000)
  object space 20480K, 49% used [0x00000000e2400000,0x00000000e2ddb3a8,0x00000000e3800000)
 Metaspace       used 12878K, capacity 13084K, committed 13440K, reserved 1060864K
  class space    used 1467K, capacity 1539K, committed 1664K, reserved 1048576K
}

Deoptimization events (10 events):
Event: 29.472 Thread 0x000000001791e800 Uncommon trap: reason=unstable_if action=reinterpret pc=0x0000000004fb8dbc method=totalcross.ui.gfx.Graphics.addError([IIIIIIIIII)V @ 9
Event: 29.722 Thread 0x000000001791e800 Uncommon trap: reason=unstable_if action=reinterpret pc=0x0000000004fba2d4 method=totalcross.Launcher.updateScreen()V @ 216
Event: 54.513 Thread 0x0000000018281800 Uncommon trap: reason=unstable_if action=reinterpret pc=0x000000000506e008 method=totalcross.ui.image.Image$ImageLoader.setPixels(IIIILjava/awt/image/ColorModel;[III)V @ 34
Event: 54.513 Thread 0x0000000018281800 Uncommon trap: reason=unstable_if action=reinterpret pc=0x000000000503cc28 method=java.awt.image.DirectColorModel.getAlpha(I)I @ 4
Event: 54.513 Thread 0x0000000018281800 Uncommon trap: reason=unstable_if action=reinterpret pc=0x000000000502b3a8 method=java.awt.image.DirectColorModel.getAlpha(I)I @ 4
Event: 54.850 Thread 0x000000001791e800 Uncommon trap: reason=unstable_if action=reinterpret pc=0x000000000510de68 method=totalcross.ui.gfx.Graphics.fillRect(IIII)V @ 9
Event: 54.858 Thread 0x000000001791e800 Uncommon trap: reason=unstable_if action=reinterpret pc=0x00000000050e8df0 method=totalcross.ui.gfx.Graphics.drawText(Ljava/lang/String;III)V @ 254
Event: 59.648 Thread 0x000000001791e800 Uncommon trap: reason=unstable_if action=reinterpret pc=0x00000000051b70a8 method=totalcross.ui.gfx.Graphics.drawText(Ljava/lang/String;III)V @ 211
Event: 59.648 Thread 0x000000001791e800 Uncommon trap: reason=unstable_if action=reinterpret pc=0x00000000050d8e50 method=totalcross.ui.gfx.Graphics.drawText(Ljava/lang/String;III)V @ 1109
Event: 59.703 Thread 0x000000001791e800 Uncommon trap: reason=unstable_if action=reinterpret pc=0x000000000510ce5c method=totalcross.ui.gfx.Graphics.translateAndClip(IIII)Z @ 164

Internal exceptions (10 events):
Event: 77.575 Thread 0x0000000017b70000 Exception <a 'java/lang/InterruptedException': sleep interrupted> (0x00000000f65ebb38) thrown at [C:\re\workspace\8-2-build-windows-amd64-cygwin\jdk8u111\7883\hotspot\src\share\vm\prims\jvm.cpp, line 3224]
Event: 78.075 Thread 0x0000000017b70000 Exception <a 'java/lang/InterruptedException': sleep interrupted> (0x00000000f65ebde8) thrown at [C:\re\workspace\8-2-build-windows-amd64-cygwin\jdk8u111\7883\hotspot\src\share\vm\prims\jvm.cpp, line 3224]
Event: 78.575 Thread 0x0000000017b70000 Exception <a 'java/lang/InterruptedException': sleep interrupted> (0x00000000f667a980) thrown at [C:\re\workspace\8-2-build-windows-amd64-cygwin\jdk8u111\7883\hotspot\src\share\vm\prims\jvm.cpp, line 3224]
Event: 79.075 Thread 0x0000000017b70000 Exception <a 'java/lang/InterruptedException': sleep interrupted> (0x00000000f667ac30) thrown at [C:\re\workspace\8-2-build-windows-amd64-cygwin\jdk8u111\7883\hotspot\src\share\vm\prims\jvm.cpp, line 3224]
Event: 79.576 Thread 0x0000000017b70000 Exception <a 'java/lang/InterruptedException': sleep interrupted> (0x00000000f667aee0) thrown at [C:\re\workspace\8-2-build-windows-amd64-cygwin\jdk8u111\7883\hotspot\src\share\vm\prims\jvm.cpp, line 3224]
Event: 80.076 Thread 0x0000000017b70000 Exception <a 'java/lang/InterruptedException': sleep interrupted> (0x00000000f667b190) thrown at [C:\re\workspace\8-2-build-windows-amd64-cygwin\jdk8u111\7883\hotspot\src\share\vm\prims\jvm.cpp, line 3224]
Event: 80.248 Thread 0x000000001791e800 Exception <a 'java/io/FileNotFoundException'> (0x00000000f6664e00) thrown at [C:\re\workspace\8-2-build-windows-amd64-cygwin\jdk8u111\7883\hotspot\src\share\vm\prims\jni.cpp, line 709]
Event: 80.248 Thread 0x000000001791e800 Exception <a 'java/io/FileNotFoundException'> (0x00000000f6681be0) thrown at [C:\re\workspace\8-2-build-windows-amd64-cygwin\jdk8u111\7883\hotspot\src\share\vm\prims\jni.cpp, line 709]
Event: 80.249 Thread 0x000000001791e800 Exception <a 'java/io/FileNotFoundException'> (0x00000000f66829d0) thrown at [C:\re\workspace\8-2-build-windows-amd64-cygwin\jdk8u111\7883\hotspot\src\share\vm\prims\jni.cpp, line 709]
Event: 80.398 Thread 0x0000000017b70000 Exception <a 'java/lang/InterruptedException': sleep interrupted> (0x00000000f667b3e8) thrown at [C:\re\workspace\8-2-build-windows-amd64-cygwin\jdk8u111\7883\hotspot\src\share\vm\prims\jvm.cpp, line 3224]

Events (10 events):
Event: 80.705 loading class java/lang/ref/Finalizer$3
Event: 80.705 loading class java/lang/ref/Finalizer$3 done
Event: 80.706 Thread 0x0000000018282800 Thread added: 0x0000000018282800
Event: 80.706 Thread 0x0000000018281800 Thread exited: 0x0000000018281800
Event: 80.711 Executing VM operation: RevokeBias
Event: 80.711 Executing VM operation: RevokeBias done
Event: 80.712 Executing VM operation: RevokeBias
Event: 80.713 Executing VM operation: RevokeBias done
Event: 80.713 Executing VM operation: RevokeBias
Event: 80.713 Executing VM operation: RevokeBias done


Dynamic libraries:
0x00007ff73d0c0000 - 0x00007ff73d0f7000 	C:\Program Files\Java\jre1.8.0_111\bin\javaw.exe
0x00007ffdb3860000 - 0x00007ffdb3a40000 	C:\WINDOWS\SYSTEM32\ntdll.dll
0x00007ffdb30f0000 - 0x00007ffdb319e000 	C:\WINDOWS\System32\KERNEL32.DLL
0x00007ffdb0ac0000 - 0x00007ffdb0d26000 	C:\WINDOWS\System32\KERNELBASE.dll
0x00007ffdb1000000 - 0x00007ffdb10a1000 	C:\WINDOWS\System32\ADVAPI32.dll
0x00007ffdb3560000 - 0x00007ffdb35fd000 	C:\WINDOWS\System32\msvcrt.dll
0x00007ffdb31a0000 - 0x00007ffdb31fb000 	C:\WINDOWS\System32\sechost.dll
0x00007ffdb1240000 - 0x00007ffdb135f000 	C:\WINDOWS\System32\RPCRT4.dll
0x00007ffdb0d90000 - 0x00007ffdb0f1f000 	C:\WINDOWS\System32\USER32.dll
0x00007ffdb0110000 - 0x00007ffdb0130000 	C:\WINDOWS\System32\win32u.dll
0x00007ffdb3730000 - 0x00007ffdb3758000 	C:\WINDOWS\System32\GDI32.dll
0x00007ffdb0920000 - 0x00007ffdb0ab3000 	C:\WINDOWS\System32\gdi32full.dll
0x00007ffdb0130000 - 0x00007ffdb01cb000 	C:\WINDOWS\System32\msvcp_win.dll
0x00007ffdafc60000 - 0x00007ffdafd56000 	C:\WINDOWS\System32\ucrtbase.dll
0x00007ffd9f5d0000 - 0x00007ffd9f839000 	C:\WINDOWS\WinSxS\amd64_microsoft.windows.common-controls_6595b64144ccf1df_6.0.16299.431_none_15c7d3ee93659e73\COMCTL32.dll
0x00007ffdb1920000 - 0x00007ffdb1c28000 	C:\WINDOWS\System32\combase.dll
0x00007ffdaff80000 - 0x00007ffdafff2000 	C:\WINDOWS\System32\bcryptPrimitives.dll
0x00007ffdb1160000 - 0x00007ffdb118d000 	C:\WINDOWS\System32\IMM32.DLL
0x00000000528b0000 - 0x0000000052982000 	C:\Program Files\Java\jre1.8.0_111\bin\msvcr100.dll
0x0000000052b50000 - 0x00000000533ea000 	C:\Program Files\Java\jre1.8.0_111\bin\server\jvm.dll
0x00007ffdb30e0000 - 0x00007ffdb30e8000 	C:\WINDOWS\System32\PSAPI.DLL
0x00007ffdab9f0000 - 0x00007ffdab9f9000 	C:\WINDOWS\SYSTEM32\WSOCK32.dll
0x00007ffdb3070000 - 0x00007ffdb30dc000 	C:\WINDOWS\System32\WS2_32.dll
0x00007ffdadf40000 - 0x00007ffdadf63000 	C:\WINDOWS\SYSTEM32\WINMM.dll
0x00007ffda15e0000 - 0x00007ffda15ea000 	C:\WINDOWS\SYSTEM32\VERSION.dll
0x00007ffdadee0000 - 0x00007ffdadf0a000 	C:\WINDOWS\SYSTEM32\winmmbase.dll
0x00007ffdafd60000 - 0x00007ffdafdaa000 	C:\WINDOWS\System32\cfgmgr32.dll
0x0000000052a60000 - 0x0000000052a6f000 	C:\Program Files\Java\jre1.8.0_111\bin\verify.dll
0x0000000052a30000 - 0x0000000052a59000 	C:\Program Files\Java\jre1.8.0_111\bin\java.dll
0x0000000052a10000 - 0x0000000052a26000 	C:\Program Files\Java\jre1.8.0_111\bin\zip.dll
0x00007ffdb1c30000 - 0x00007ffdb3068000 	C:\WINDOWS\System32\SHELL32.dll
0x00007ffdb1190000 - 0x00007ffdb1236000 	C:\WINDOWS\System32\shcore.dll
0x00007ffdb01d0000 - 0x00007ffdb0917000 	C:\WINDOWS\System32\windows.storage.dll
0x00007ffdb0fa0000 - 0x00007ffdb0ff1000 	C:\WINDOWS\System32\shlwapi.dll
0x00007ffdafc20000 - 0x00007ffdafc31000 	C:\WINDOWS\System32\kernel.appcore.dll
0x00007ffdafbb0000 - 0x00007ffdafbfc000 	C:\WINDOWS\System32\powrprof.dll
0x00007ffdafc40000 - 0x00007ffdafc5b000 	C:\WINDOWS\System32\profapi.dll
0x0000000052710000 - 0x00000000528a8000 	C:\Program Files\Java\jre1.8.0_111\bin\awt.dll
0x00007ffdb3760000 - 0x00007ffdb3825000 	C:\WINDOWS\System32\OLEAUT32.dll
0x00007ffdae060000 - 0x00007ffdae0e8000 	C:\WINDOWS\SYSTEM32\apphelp.dll
0x00007ffdae450000 - 0x00007ffdae47a000 	C:\WINDOWS\system32\DWMAPI.DLL
0x00007ffdae1e0000 - 0x00007ffdae275000 	C:\WINDOWS\system32\uxtheme.dll
0x00007ffdb17b0000 - 0x00007ffdb1917000 	C:\WINDOWS\System32\MSCTF.dll
0x00007ffd99800000 - 0x00007ffd9987f000 	C:\Program Files (x86)\TeamViewer\tv_x64.dll
0x00007ffdb3200000 - 0x00007ffdb3349000 	C:\WINDOWS\System32\ole32.dll
0x00000000526c0000 - 0x0000000052707000 	C:\Program Files\Java\jre1.8.0_111\bin\fontmanager.dll
0x00007ffd99d20000 - 0x00007ffd99db5000 	C:\WINDOWS\system32\RICHED20.DLL
0x00007ffd87ea0000 - 0x00007ffd87eb9000 	C:\WINDOWS\SYSTEM32\USP10.dll
0x00007ffdab910000 - 0x00007ffdab948000 	C:\WINDOWS\SYSTEM32\msls31.dll
0x00007ffdb10b0000 - 0x00007ffdb114e000 	C:\WINDOWS\System32\clbcatq.dll
0x00007ffdaf6b0000 - 0x00007ffdaf6d5000 	C:\WINDOWS\system32\bcrypt.dll
0x00007ffda4f20000 - 0x00007ffda4fb8000 	C:\WINDOWS\System32\TextInputFramework.dll
0x00007ffdaa720000 - 0x00007ffdaaa0e000 	C:\WINDOWS\System32\CoreUIComponents.dll
0x00007ffdad0d0000 - 0x00007ffdad1ac000 	C:\WINDOWS\System32\CoreMessaging.dll
0x00007ffdaece0000 - 0x00007ffdaed11000 	C:\WINDOWS\SYSTEM32\ntmarta.dll
0x00007ffdac050000 - 0x00007ffdac186000 	C:\WINDOWS\SYSTEM32\wintypes.dll
0x00000000529f0000 - 0x0000000052a0a000 	C:\Program Files\Java\jre1.8.0_111\bin\net.dll
0x00007ffdaf3e0000 - 0x00007ffdaf446000 	C:\WINDOWS\system32\mswsock.dll
0x00007ffdaf1b0000 - 0x00007ffdaf266000 	C:\WINDOWS\SYSTEM32\DNSAPI.dll
0x00007ffdb3350000 - 0x00007ffdb3358000 	C:\WINDOWS\System32\NSI.dll
0x00007ffdaf170000 - 0x00007ffdaf1a9000 	C:\WINDOWS\SYSTEM32\IPHLPAPI.DLL
0x00007ffda4840000 - 0x00007ffda484a000 	C:\Windows\System32\rasadhlp.dll
0x00007ffdaf5a0000 - 0x00007ffdaf5b7000 	C:\WINDOWS\SYSTEM32\CRYPTSP.dll
0x00007ffdaefe0000 - 0x00007ffdaf013000 	C:\WINDOWS\system32\rsaenh.dll
0x00007ffdafab0000 - 0x00007ffdafad9000 	C:\WINDOWS\SYSTEM32\USERENV.dll
0x00007ffdaf5c0000 - 0x00007ffdaf5cb000 	C:\WINDOWS\SYSTEM32\CRYPTBASE.dll
0x00007ffdaa480000 - 0x00007ffdaa496000 	C:\WINDOWS\SYSTEM32\dhcpcsvc6.DLL
0x00007ffdaa4e0000 - 0x00007ffdaa4fa000 	C:\WINDOWS\SYSTEM32\dhcpcsvc.DLL
0x00007ffda7050000 - 0x00007ffda70c0000 	C:\WINDOWS\System32\fwpuclnt.dll
0x00000000529d0000 - 0x00000000529e1000 	C:\Program Files\Java\jre1.8.0_111\bin\nio.dll
0x0000000052680000 - 0x00000000526b1000 	C:\Program Files\Java\jre1.8.0_111\bin\jpeg.dll
0x00007ffda09b0000 - 0x00007ffda0b78000 	C:\WINDOWS\SYSTEM32\dbghelp.dll

VM Arguments:
jvm_args: -Dfile.encoding=Cp1252 
java_command: totalcross.Launcher /r 544353541A8E8B2A28D5B8E0 com.app.app
java_class_path (initial): C:\Program Files\Java\jre1.8.0_111\lib\resources.jar;C:\Program Files\Java\jre1.8.0_111\lib\rt.jar;C:\Program Files\Java\jre1.8.0_111\lib\jsse.jar;C:\Program Files\Java\jre1.8.0_111\lib\jce.jar;C:\Program Files\Java\jre1.8.0_111\lib\charsets.jar;C:\Program Files\Java\jre1.8.0_111\lib\jfr.jar;C:\Program Files\Java\jre1.8.0_111\lib\ext\access-bridge-64.jar;C:\Program Files\Java\jre1.8.0_111\lib\ext\cldrdata.jar;C:\Program Files\Java\jre1.8.0_111\lib\ext\dnsns.jar;C:\Program Files\Java\jre1.8.0_111\lib\ext\jaccess.jar;C:\Program Files\Java\jre1.8.0_111\lib\ext\jfxrt.jar;C:\Program Files\Java\jre1.8.0_111\lib\ext\localedata.jar;C:\Program Files\Java\jre1.8.0_111\lib\ext\nashorn.jar;C:\Program Files\Java\jre1.8.0_111\lib\ext\sunec.jar;C:\Program Files\Java\jre1.8.0_111\lib\ext\sunjce_provider.jar;C:\Program Files\Java\jre1.8.0_111\lib\ext\sunmscapi.jar;C:\Program Files\Java\jre1.8.0_111\lib\ext\sunpkcs11.jar;C:\Program Files\Java\jre1.8.0_111\lib\ext\zipfs.jar;C:\Users\marci\eclipse-workspace\app\target\classes;C:\Users\marci\.m2\repository\com\totalcross\utils\tc-utilities\0.0.1-SNAPSHOT\tc-utilities-0.0.1-SNAPSHOT.jar;C:\Users\marci\.m2\repository\com\totalcross\utils\magical-utils\0.0.1-SNAPSHOT\magical-utils-0.0.1-SNAPSHOT.jar;C:\Users\marci\.m2\repository\com\totalcross\totalcross-sdk\4.1.0\totalcross-sdk-4.1.0.jar;C:\Users\marci\.m2\repository\org\vafer\jdeb\0.7\jdeb-0.7.jar;C:\Users\marci\.m2\repository\org\apache\maven\maven-plugin-api\2.0.5\maven-plugin-api-2.0.5.jar;C:\Users\marci\.m2\repository\org\apache\maven\maven-project\2.0.5\maven-project-2.0.5.jar;C:\Users\marci\.m2\repository\org\apache\maven\maven-settings\2.0.5\maven-settings-2.0.5.jar;C:\Users\marci\.m2\repository\org\apache\maven\maven-profile\2.0.5\maven-profile-2.0.5.jar;C:\Users\marci\.m2\repository\org\apache\maven\maven-model\2.0.5\maven-model-2.0.5.jar;C:\Users\marci\.m2\repository\org\apache\maven\maven-artifact-manager\2.0.5\maven-artifact-manager-2.0.5.jar;C:\U
Launcher Type: SUN_STANDARD

Environment Variables:
JAVA_HOME=C:\Program Files\Java\jdk1.8.0_111
PATH=C:/Program Files/Java/jre1.8.0_111/bin/server;C:/Program Files/Java/jre1.8.0_111/bin;C:/Program Files/Java/jre1.8.0_111/lib/amd64;C:\ProgramData\Oracle\Java\javapath;C:\Program Files (x86)\Intel\TXE Components\TCS\;C:\Program Files\Intel\TXE Components\TCS\;C:\WINDOWS\system32;C:\WINDOWS;C:\WINDOWS\System32\Wbem;C:\WINDOWS\System32\WindowsPowerShell\v1.0\;C:\Program Files\Intel\TXE Components\DAL\;C:\Program Files (x86)\Intel\TXE Components\DAL\;C:\Program Files\Intel\TXE Components\IPT\;C:\Program Files (x86)\Intel\TXE Components\IPT\;C:\Program Files\Java\jdk1.8.0_111\bin;C:\TotalCross3\dist\vm\win32;C:\Users\marci\AppData\Local\Microsoft\WindowsApps;c:\TotalCross3\dist\vm\win32;C:\Program Files\Java\jdk1.8.0_111\bin;;C:\Users\marci\Desktop;
USERNAME=marci
OS=Windows_NT
PROCESSOR_IDENTIFIER=Intel64 Family 6 Model 76 Stepping 4, GenuineIntel



---------------  S Y S T E M  ---------------

OS: Windows 10.0 , 64 bit Build 16299 (10.0.16299.431)

CPU:total 2 (2 cores per cpu, 1 threads per core) family 6 model 76 stepping 4, cmov, cx8, fxsr, mmx, sse, sse2, sse3, ssse3, sse4.1, sse4.2, popcnt, aes, clmul, erms, 3dnowpref, tsc, tscinvbit

Memory: 4k page, physical 1946148k(295320k free), swap 3742340k(551812k free)

vm_info: Java HotSpot(TM) 64-Bit Server VM (25.111-b14) for windows-amd64 JRE (1.8.0_111-b14), built on Sep 22 2016 19:24:05 by "java_re" with MS VC++ 10.0 (VS2010)

time: Fri Jun 01 10:58:41 2018
elapsed time: 80 seconds (0d 0h 1m 20s)

