#
# A fatal error has been detected by the Java Runtime Environment:
#
#  EXCEPTION_ACCESS_VIOLATION (0xc0000005) at pc=0x000000006be42be0, pid=6808, tid=0x00000000000005c4
#
# JRE version: Java(TM) SE Runtime Environment (8.0_111-b14) (build 1.8.0_111-b14)
# Java VM: Java HotSpot(TM) 64-Bit Server VM (25.111-b14 mixed mode windows-amd64 compressed oops)
# Problematic frame:
# C  0x000000006be42be0
#
# Failed to write core dump. Minidumps are not enabled by default on client versions of Windows
#
# If you would like to submit a bug report, please visit:
#   http://bugreport.java.com/bugreport/crash.jsp
# The crash happened outside the Java Virtual Machine in native code.
# See problematic frame for where to report the bug.
#

---------------  T H R E A D  ---------------

Current thread (0x0000000017bb0000):  JavaThread "Secondary finalizer" [_thread_in_native, id=1476, stack(0x000000001dae0000,0x000000001dbe0000)]

siginfo: ExceptionCode=0xc0000005, ExceptionInformation=0x0000000000000008 0x000000006be42be0

Registers:
RAX=0x000000006be42be0, RBX=0x00000000193890e0, RCX=0x0000000017bb01f8, RDX=0x000000001dbdf1c8
RSP=0x000000001dbdf128, RBP=0x000000001dbdf1a8, RSI=0x0000000000000108, RDI=0x0000000000000719
R8 =0x0000000000000005, R9 =0x00000000e2f42908, R10=0x0000000004c0848b, R11=0x0000000068bbb580
R12=0x0000000000000000, R13=0x00000000193890e0, R14=0x000000001dbdf1c8, R15=0x0000000017bb0000
RIP=0x000000006be42be0, EFLAGS=0x0000000000010206

Top of Stack: (sp=0x000000001dbdf128)
0x000000001dbdf128:   0000000004c084b7 000000001dbdf1c9
0x000000001dbdf138:   0000000068a4a598 000000001999c2d0
0x000000001dbdf148:   0000000017bb0000 000000001dbdf230
0x000000001dbdf158:   0000000000000000 00000000e2f42908
0x000000001dbdf168:   000000001dbdf158 0000000000000000
0x000000001dbdf178:   000000001dbdf1c8 00000000193b4710
0x000000001dbdf188:   0000000000000000 00000000193890e0
0x000000001dbdf198:   0000000000000000 000000001dbdf1c8
0x000000001dbdf1a8:   000000001dbdf230 0000000004bf835d
0x000000001dbdf1b8:   0000000000000000 0000000004c019d8
0x000000001dbdf1c8:   00000000e2f42908 00000000e2f42940
0x000000001dbdf1d8:   0000000000000000 0000000000000001
0x000000001dbdf1e8:   00000000e2f42908 000000001dbdf1d0
0x000000001dbdf1f8:   0000000019383ebe 000000001dbdf268
0x000000001dbdf208:   00000000193b3f20 0000000000000000
0x000000001dbdf218:   0000000019383f58 000000001dbdf1c8 

Instructions: (pc=0x000000006be42be0)
0x000000006be42bc0:   
[error occurred during error reporting (printing registers, top of stack, instructions near pc), id 0xc0000005]

Register to memory mapping:

RAX=0x000000006be42be0 is an unknown value
RBX={method} {0x00000000193890e8} 'free_functions' '()V' in 'org/sqlite/core/NativeDB'
RCX=0x0000000017bb01f8 is an unknown value
RDX=0x000000001dbdf1c8 is pointing into the stack for thread: 0x0000000017bb0000
RSP=0x000000001dbdf128 is pointing into the stack for thread: 0x0000000017bb0000
RBP=0x000000001dbdf1a8 is pointing into the stack for thread: 0x0000000017bb0000
RSI=0x0000000000000108 is an unknown value
RDI=0x0000000000000719 is an unknown value
R8 =0x0000000000000005 is an unknown value
R9 =0x00000000e2f42908 is an oop
org.sqlite.core.NativeDB 
 - klass: 'org/sqlite/core/NativeDB'
R10=0x0000000004c0848b is at code_begin+1227 in an Interpreter codelet
method entry point (kind = native_synchronized)  [0x0000000004c07fc0, 0x0000000004c08aa0]  2784 bytes
R11=0x0000000068bbb580 is an unknown value
R12=0x0000000000000000 is an unknown value
R13={method} {0x00000000193890e8} 'free_functions' '()V' in 'org/sqlite/core/NativeDB'
R14=0x000000001dbdf1c8 is pointing into the stack for thread: 0x0000000017bb0000
R15=0x0000000017bb0000 is a thread


Stack: [0x000000001dae0000,0x000000001dbe0000],  sp=0x000000001dbdf128,  free space=1020k
Native frames: (J=compiled Java code, j=interpreted, Vv=VM code, C=native code)
C  0x000000006be42be0

Java frames: (J=compiled Java code, j=interpreted, Vv=VM code)
j  org.sqlite.core.NativeDB.free_functions()V+0
j  org.sqlite.core.DB.close()V+102
j  org.sqlite.core.CoreConnection.close()V+26
j  org.sqlite.core.CoreConnection.finalize()V+1
J 1553 C1 java.lang.ref.Finalizer.runFinalizer(Lsun/misc/JavaLangAccess;)V (62 bytes) @ 0x0000000004f0bc9c [0x0000000004f0b700+0x59c]
J 1552 C1 java.lang.ref.Finalizer.access$100(Ljava/lang/ref/Finalizer;Lsun/misc/JavaLangAccess;)V (6 bytes) @ 0x0000000005158f5c [0x0000000005158f00+0x5c]
j  java.lang.ref.Finalizer$3.run()V+58
j  java.lang.Thread.run()V+11
v  ~StubRoutines::call_stub

---------------  P R O C E S S  ---------------

Java Threads: ( => current thread )
=>0x0000000017bb0000 JavaThread "Secondary finalizer" [_thread_in_native, id=1476, stack(0x000000001dae0000,0x000000001dbe0000)]
  0x0000000017feb000 JavaThread "TC Event Thread" daemon [_thread_blocked, id=2236, stack(0x000000001b010000,0x000000001b110000)]
  0x0000000004a42800 JavaThread "DestroyJavaVM" [_thread_blocked, id=6524, stack(0x0000000003160000,0x0000000003260000)]
  0x0000000017cbf800 JavaThread "AWT-EventQueue-0" [_thread_blocked, id=2092, stack(0x00000000185f0000,0x00000000186f0000)]
  0x0000000017c7b000 JavaThread "AWT-Shutdown" [_thread_blocked, id=4380, stack(0x0000000018330000,0x0000000018430000)]
  0x0000000017c7a800 JavaThread "Java2D Disposer" daemon [_thread_blocked, id=5836, stack(0x00000000181a0000,0x00000000182a0000)]
  0x0000000015cd7000 JavaThread "Service Thread" daemon [_thread_blocked, id=3044, stack(0x0000000016fa0000,0x00000000170a0000)]
  0x0000000015c7b800 JavaThread "C1 CompilerThread1" daemon [_thread_blocked, id=2628, stack(0x0000000016ea0000,0x0000000016fa0000)]
  0x0000000015c6d800 JavaThread "C2 CompilerThread0" daemon [_thread_blocked, id=6468, stack(0x0000000016da0000,0x0000000016ea0000)]
  0x0000000015c6c000 JavaThread "Attach Listener" daemon [_thread_blocked, id=1764, stack(0x0000000016ca0000,0x0000000016da0000)]
  0x0000000004b3e800 JavaThread "Signal Dispatcher" daemon [_thread_blocked, id=1272, stack(0x0000000016ba0000,0x0000000016ca0000)]
  0x0000000015c58800 JavaThread "Finalizer" daemon [_thread_blocked, id=6580, stack(0x00000000168a0000,0x00000000169a0000)]
  0x0000000004b2f800 JavaThread "Reference Handler" daemon [_thread_blocked, id=6512, stack(0x00000000167a0000,0x00000000168a0000)]

Other Threads:
  0x0000000015c36000 VMThread [stack: 0x00000000166a0000,0x00000000167a0000] [id=5912]
  0x0000000015cfd800 WatcherThread [stack: 0x00000000174a0000,0x00000000175a0000] [id=2284]

VM state:not at safepoint (normal execution)

VM Mutex/Monitor currently owned by a thread: None

Heap:
 PSYoungGen      total 16896K, used 13512K [0x00000000f6180000, 0x00000000f8900000, 0x0000000100000000)
  eden space 15360K, 80% used [0x00000000f6180000,0x00000000f6d83c38,0x00000000f7080000)
  from space 1536K, 78% used [0x00000000f7c80000,0x00000000f7dae670,0x00000000f7e00000)
  to   space 7168K, 0% used [0x00000000f8200000,0x00000000f8200000,0x00000000f8900000)
 ParOldGen       total 20480K, used 12568K [0x00000000e2400000, 0x00000000e3800000, 0x00000000f6180000)
  object space 20480K, 61% used [0x00000000e2400000,0x00000000e3046130,0x00000000e3800000)
 Metaspace       used 13139K, capacity 13358K, committed 13696K, reserved 1060864K
  class space    used 1476K, capacity 1544K, committed 1664K, reserved 1048576K

Card table byte_map: [0x0000000013fb0000,0x00000000140a0000] byte_map_base: 0x000000001389e000

Marking Bits: (ParMarkBitMap*) 0x00000000691aa6c0
 Begin Bits: [0x0000000014340000, 0x0000000014ab0000)
 End Bits:   [0x0000000014ab0000, 0x0000000015220000)

Polling page: 0x0000000002d30000

CodeCache: size=245760Kb used=6044Kb max_used=6061Kb free=239715Kb
 bounds [0x0000000004bf0000, 0x00000000051f0000, 0x0000000013bf0000]
 total_blobs=1986 nmethods=1497 adapters=402
 compilation: enabled

Compilation events (10 events):
Event: 1914.580 Thread 0x0000000015c7b800 1686   !   3       java.util.zip.Inflater::end (50 bytes)
Event: 1914.582 Thread 0x0000000015c7b800 nmethod 1686 0x00000000051e2d10 code [0x00000000051e2ea0, 0x00000000051e3328]
Event: 1914.582 Thread 0x0000000015c7b800 1687       3       java.util.zip.Inflater::finalize (5 bytes)
Event: 1914.583 Thread 0x0000000015c7b800 nmethod 1687 0x00000000051e2950 code [0x00000000051e2ac0, 0x00000000051e2c68]
Event: 1914.663 Thread 0x0000000015c7b800 1688       3       java.lang.ref.Finalizer::access$200 (4 bytes)
Event: 1914.664 Thread 0x0000000015c7b800 nmethod 1688 0x0000000004d8da50 code [0x0000000004d8dba0, 0x0000000004d8dcd0]
Event: 1914.664 Thread 0x0000000015c7b800 1689       3       java.lang.ref.Finalizer::access$300 (4 bytes)
Event: 1914.665 Thread 0x0000000015c7b800 nmethod 1689 0x0000000004d8d6d0 code [0x0000000004d8d820, 0x0000000004d8d950]
Event: 1914.666 Thread 0x0000000015c7b800 1690       3       java.lang.ref.Finalizer::access$302 (6 bytes)
Event: 1914.667 Thread 0x0000000015c7b800 nmethod 1690 0x00000000051e2650 code [0x00000000051e27a0, 0x00000000051e28f0]

GC Heap History (10 events):
Event: 2.622 GC heap before
{Heap before GC invocations=3 (full 0):
 PSYoungGen      total 9216K, used 9184K [0x00000000f6180000, 0x00000000f7380000, 0x0000000100000000)
  eden space 8192K, 100% used [0x00000000f6180000,0x00000000f6980000,0x00000000f6980000)
  from space 1024K, 96% used [0x00000000f6a80000,0x00000000f6b78020,0x00000000f6b80000)
  to   space 1024K, 0% used [0x00000000f6980000,0x00000000f6980000,0x00000000f6a80000)
 ParOldGen       total 20480K, used 3964K [0x00000000e2400000, 0x00000000e3800000, 0x00000000f6180000)
  object space 20480K, 19% used [0x00000000e2400000,0x00000000e27df040,0x00000000e3800000)
 Metaspace       used 9678K, capacity 9890K, committed 10240K, reserved 1058816K
  class space    used 1114K, capacity 1184K, committed 1280K, reserved 1048576K
Event: 2.631 GC heap after
Heap after GC invocations=3 (full 0):
 PSYoungGen      total 9216K, used 1021K [0x00000000f6180000, 0x00000000f7380000, 0x0000000100000000)
  eden space 8192K, 0% used [0x00000000f6180000,0x00000000f6180000,0x00000000f6980000)
  from space 1024K, 99% used [0x00000000f6980000,0x00000000f6a7f5f8,0x00000000f6a80000)
  to   space 1024K, 0% used [0x00000000f7280000,0x00000000f7280000,0x00000000f7380000)
 ParOldGen       total 20480K, used 8283K [0x00000000e2400000, 0x00000000e3800000, 0x00000000f6180000)
  object space 20480K, 40% used [0x00000000e2400000,0x00000000e2c16c60,0x00000000e3800000)
 Metaspace       used 9678K, capacity 9890K, committed 10240K, reserved 1058816K
  class space    used 1114K, capacity 1184K, committed 1280K, reserved 1048576K
}
Event: 4.326 GC heap before
{Heap before GC invocations=4 (full 0):
 PSYoungGen      total 9216K, used 9213K [0x00000000f6180000, 0x00000000f7380000, 0x0000000100000000)
  eden space 8192K, 100% used [0x00000000f6180000,0x00000000f6980000,0x00000000f6980000)
  from space 1024K, 99% used [0x00000000f6980000,0x00000000f6a7f5f8,0x00000000f6a80000)
  to   space 1024K, 0% used [0x00000000f7280000,0x00000000f7280000,0x00000000f7380000)
 ParOldGen       total 20480K, used 8283K [0x00000000e2400000, 0x00000000e3800000, 0x00000000f6180000)
  object space 20480K, 40% used [0x00000000e2400000,0x00000000e2c16c60,0x00000000e3800000)
 Metaspace       used 9939K, capacity 10178K, committed 10496K, reserved 1058816K
  class space    used 1142K, capacity 1216K, committed 1280K, reserved 1048576K
Event: 4.331 GC heap after
Heap after GC invocations=4 (full 0):
 PSYoungGen      total 17408K, used 1021K [0x00000000f6180000, 0x00000000f7380000, 0x0000000100000000)
  eden space 16384K, 0% used [0x00000000f6180000,0x00000000f6180000,0x00000000f7180000)
  from space 1024K, 99% used [0x00000000f7280000,0x00000000f737f5f8,0x00000000f7380000)
  to   space 1024K, 0% used [0x00000000f7180000,0x00000000f7180000,0x00000000f7280000)
 ParOldGen       total 20480K, used 8455K [0x00000000e2400000, 0x00000000e3800000, 0x00000000f6180000)
  object space 20480K, 41% used [0x00000000e2400000,0x00000000e2c41c78,0x00000000e3800000)
 Metaspace       used 9939K, capacity 10178K, committed 10496K, reserved 1058816K
  class space    used 1142K, capacity 1216K, committed 1280K, reserved 1048576K
}
Event: 14.607 GC heap before
{Heap before GC invocations=5 (full 0):
 PSYoungGen      total 17408K, used 17325K [0x00000000f6180000, 0x00000000f7380000, 0x0000000100000000)
  eden space 16384K, 99% used [0x00000000f6180000,0x00000000f716c1f8,0x00000000f7180000)
  from space 1024K, 99% used [0x00000000f7280000,0x00000000f737f5f8,0x00000000f7380000)
  to   space 1024K, 0% used [0x00000000f7180000,0x00000000f7180000,0x00000000f7280000)
 ParOldGen       total 20480K, used 8455K [0x00000000e2400000, 0x00000000e3800000, 0x00000000f6180000)
  object space 20480K, 41% used [0x00000000e2400000,0x00000000e2c41c78,0x00000000e3800000)
 Metaspace       used 12520K, capacity 12774K, committed 13184K, reserved 1060864K
  class space    used 1458K, capacity 1544K, committed 1664K, reserved 1048576K
Event: 14.627 GC heap after
Heap after GC invocations=5 (full 0):
 PSYoungGen      total 17408K, used 1016K [0x00000000f6180000, 0x00000000f8f80000, 0x0000000100000000)
  eden space 16384K, 0% used [0x00000000f6180000,0x00000000f6180000,0x00000000f7180000)
  from space 1024K, 99% used [0x00000000f7180000,0x00000000f727e010,0x00000000f7280000)
  to   space 7168K, 0% used [0x00000000f8880000,0x00000000f8880000,0x00000000f8f80000)
 ParOldGen       total 20480K, used 12256K [0x00000000e2400000, 0x00000000e3800000, 0x00000000f6180000)
  object space 20480K, 59% used [0x00000000e2400000,0x00000000e2ff8120,0x00000000e3800000)
 Metaspace       used 12520K, capacity 12774K, committed 13184K, reserved 1060864K
  class space    used 1458K, capacity 1544K, committed 1664K, reserved 1048576K
}
Event: 358.814 GC heap before
{Heap before GC invocations=6 (full 0):
 PSYoungGen      total 17408K, used 17400K [0x00000000f6180000, 0x00000000f8f80000, 0x0000000100000000)
  eden space 16384K, 100% used [0x00000000f6180000,0x00000000f7180000,0x00000000f7180000)
  from space 1024K, 99% used [0x00000000f7180000,0x00000000f727e010,0x00000000f7280000)
  to   space 7168K, 0% used [0x00000000f8880000,0x00000000f8880000,0x00000000f8f80000)
 ParOldGen       total 20480K, used 12256K [0x00000000e2400000, 0x00000000e3800000, 0x00000000f6180000)
  object space 20480K, 59% used [0x00000000e2400000,0x00000000e2ff8120,0x00000000e3800000)
 Metaspace       used 13048K, capacity 13294K, committed 13696K, reserved 1060864K
  class space    used 1471K, capacity 1544K, committed 1664K, reserved 1048576K
Event: 358.822 GC heap after
Heap after GC invocations=6 (full 0):
 PSYoungGen      total 17920K, used 1579K [0x00000000f6180000, 0x00000000f8a80000, 0x0000000100000000)
  eden space 15872K, 0% used [0x00000000f6180000,0x00000000f6180000,0x00000000f7100000)
  from space 2048K, 77% used [0x00000000f8880000,0x00000000f8a0ae00,0x00000000f8a80000)
  to   space 7168K, 0% used [0x00000000f7c80000,0x00000000f7c80000,0x00000000f8380000)
 ParOldGen       total 20480K, used 12256K [0x00000000e2400000, 0x00000000e3800000, 0x00000000f6180000)
  object space 20480K, 59% used [0x00000000e2400000,0x00000000e2ff8120,0x00000000e3800000)
 Metaspace       used 13048K, capacity 13294K, committed 13696K, reserved 1060864K
  class space    used 1471K, capacity 1544K, committed 1664K, reserved 1048576K
}
Event: 1544.878 GC heap before
{Heap before GC invocations=7 (full 0):
 PSYoungGen      total 17920K, used 17451K [0x00000000f6180000, 0x00000000f8a80000, 0x0000000100000000)
  eden space 15872K, 100% used [0x00000000f6180000,0x00000000f7100000,0x00000000f7100000)
  from space 2048K, 77% used [0x00000000f8880000,0x00000000f8a0ae00,0x00000000f8a80000)
  to   space 7168K, 0% used [0x00000000f7c80000,0x00000000f7c80000,0x00000000f8380000)
 ParOldGen       total 20480K, used 12256K [0x00000000e2400000, 0x00000000e3800000, 0x00000000f6180000)
  object space 20480K, 59% used [0x00000000e2400000,0x00000000e2ff8120,0x00000000e3800000)
 Metaspace       used 13096K, capacity 13358K, committed 13696K, reserved 1060864K
  class space    used 1472K, capacity 1544K, committed 1664K, reserved 1048576K
Event: 1544.928 GC heap after
Heap after GC invocations=7 (full 0):
 PSYoungGen      total 16896K, used 1209K [0x00000000f6180000, 0x00000000f8900000, 0x0000000100000000)
  eden space 15360K, 0% used [0x00000000f6180000,0x00000000f6180000,0x00000000f7080000)
  from space 1536K, 78% used [0x00000000f7c80000,0x00000000f7dae670,0x00000000f7e00000)
  to   space 7168K, 0% used [0x00000000f8200000,0x00000000f8200000,0x00000000f8900000)
 ParOldGen       total 20480K, used 12568K [0x00000000e2400000, 0x00000000e3800000, 0x00000000f6180000)
  object space 20480K, 61% used [0x00000000e2400000,0x00000000e3046130,0x00000000e3800000)
 Metaspace       used 13096K, capacity 13358K, committed 13696K, reserved 1060864K
  class space    used 1472K, capacity 1544K, committed 1664K, reserved 1048576K
}

Deoptimization events (10 events):
Event: 37.728 Thread 0x0000000017feb000 Uncommon trap: reason=unstable_if action=reinterpret pc=0x000000000501fc1c method=totalcross.ui.gfx.Graphics.translateAndClip(IIII)Z @ 164
Event: 99.337 Thread 0x0000000017feb000 Uncommon trap: reason=class_check action=maybe_recompile pc=0x0000000004ed3168 method=totalcross.TCEventThread.privatePumpEvents()V @ 52
Event: 128.990 Thread 0x0000000017feb000 Uncommon trap: reason=unstable_if action=reinterpret pc=0x0000000004fb84c8 method=totalcross.ui.Window._postEvent(IIIIII)V @ 37
Event: 128.990 Thread 0x0000000017feb000 Uncommon trap: reason=unstable_if action=reinterpret pc=0x0000000004fc0018 method=totalcross.ui.Control.callEventListeners(Ltotalcross/ui/event/Event;)V @ 69
Event: 282.936 Thread 0x0000000017feb000 Uncommon trap: reason=class_check action=maybe_recompile pc=0x0000000004ed3168 method=totalcross.TCEventThread.privatePumpEvents()V @ 52
Event: 1105.492 Thread 0x0000000017feb000 Uncommon trap: reason=class_check action=maybe_recompile pc=0x0000000004ed3168 method=totalcross.TCEventThread.privatePumpEvents()V @ 52
Event: 1463.806 Thread 0x0000000017feb000 Uncommon trap: reason=class_check action=maybe_recompile pc=0x0000000004ed3168 method=totalcross.TCEventThread.privatePumpEvents()V @ 52
Event: 1465.530 Thread 0x0000000017d79800 Uncommon trap: reason=unstable_if action=reinterpret pc=0x0000000005059880 method=totalcross.Launcher$WinTimer.run()V @ 57
Event: 1913.398 Thread 0x0000000017cbf800 Uncommon trap: reason=unstable_if action=reinterpret pc=0x0000000004faf484 method=totalcross.TCEventThread.invokeInEventThread(ZLjava/lang/Runnable;)V @ 1
Event: 1913.831 Thread 0x0000000017feb000 Uncommon trap: reason=unstable_if action=reinterpret pc=0x000000000517a930 method=totalcross.TCEventThread.privatePumpEvents()V @ 61

Internal exceptions (10 events):
Event: 1910.494 Thread 0x0000000017d79800 Exception <a 'java/lang/InterruptedException': sleep interrupted> (0x00000000f6ca63d0) thrown at [C:\re\workspace\8-2-build-windows-amd64-cygwin\jdk8u111\7883\hotspot\src\share\vm\prims\jvm.cpp, line 3224]
Event: 1910.506 Thread 0x0000000017d79800 Exception <a 'java/lang/InterruptedException': sleep interrupted> (0x00000000f6ca6680) thrown at [C:\re\workspace\8-2-build-windows-amd64-cygwin\jdk8u111\7883\hotspot\src\share\vm\prims\jvm.cpp, line 3224]
Event: 1910.517 Thread 0x0000000017d79800 Exception <a 'java/lang/InterruptedException': sleep interrupted> (0x00000000f6ca6930) thrown at [C:\re\workspace\8-2-build-windows-amd64-cygwin\jdk8u111\7883\hotspot\src\share\vm\prims\jvm.cpp, line 3224]
Event: 1911.989 Thread 0x0000000017d79800 Exception <a 'java/lang/InterruptedException': sleep interrupted> (0x00000000f6ca9c00) thrown at [C:\re\workspace\8-2-build-windows-amd64-cygwin\jdk8u111\7883\hotspot\src\share\vm\prims\jvm.cpp, line 3224]
Event: 1912.001 Thread 0x0000000017d79800 Exception <a 'java/lang/InterruptedException': sleep interrupted> (0x00000000f6ca9eb0) thrown at [C:\re\workspace\8-2-build-windows-amd64-cygwin\jdk8u111\7883\hotspot\src\share\vm\prims\jvm.cpp, line 3176]
Event: 1912.012 Thread 0x0000000017d79800 Exception <a 'java/lang/InterruptedException': sleep interrupted> (0x00000000f6caa160) thrown at [C:\re\workspace\8-2-build-windows-amd64-cygwin\jdk8u111\7883\hotspot\src\share\vm\prims\jvm.cpp, line 3224]
Event: 1913.461 Thread 0x0000000017feb000 Exception <a 'java/io/FileNotFoundException'> (0x00000000f6b6d220) thrown at [C:\re\workspace\8-2-build-windows-amd64-cygwin\jdk8u111\7883\hotspot\src\share\vm\prims\jni.cpp, line 709]
Event: 1913.462 Thread 0x0000000017feb000 Exception <a 'java/io/FileNotFoundException'> (0x00000000f6b6dcc8) thrown at [C:\re\workspace\8-2-build-windows-amd64-cygwin\jdk8u111\7883\hotspot\src\share\vm\prims\jni.cpp, line 709]
Event: 1913.462 Thread 0x0000000017feb000 Exception <a 'java/io/FileNotFoundException'> (0x00000000f6b6eab8) thrown at [C:\re\workspace\8-2-build-windows-amd64-cygwin\jdk8u111\7883\hotspot\src\share\vm\prims\jni.cpp, line 709]
Event: 1913.831 Thread 0x0000000017d79800 Exception <a 'java/lang/InterruptedException': sleep interrupted> (0x00000000f6cade80) thrown at [C:\re\workspace\8-2-build-windows-amd64-cygwin\jdk8u111\7883\hotspot\src\share\vm\prims\jvm.cpp, line 3224]

Events (10 events):
Event: 1914.579 Thread 0x0000000015c7b800 flushing nmethod 0x0000000004d48810
Event: 1914.584 Thread 0x0000000015c7b800 flushing nmethod 0x0000000004d8d6d0
Event: 1914.665 Executing VM operation: RevokeBias
Event: 1914.665 Executing VM operation: RevokeBias done
Event: 1914.707 Executing VM operation: RevokeBias
Event: 1914.707 Executing VM operation: RevokeBias done
Event: 1914.712 Executing VM operation: RevokeBias
Event: 1914.713 Executing VM operation: RevokeBias done
Event: 1914.713 Executing VM operation: RevokeBias
Event: 1914.713 Executing VM operation: RevokeBias done


Dynamic libraries:
0x00007ff72aa60000 - 0x00007ff72aa97000 	C:\Program Files\Java\jre1.8.0_111\bin\javaw.exe
0x00007ff964ff0000 - 0x00007ff9651d0000 	C:\WINDOWS\SYSTEM32\ntdll.dll
0x00007ff964c80000 - 0x00007ff964d2e000 	C:\WINDOWS\System32\KERNEL32.DLL
0x00007ff961780000 - 0x00007ff9619e6000 	C:\WINDOWS\System32\KERNELBASE.dll
0x00007ff9646b0000 - 0x00007ff964751000 	C:\WINDOWS\System32\ADVAPI32.dll
0x00007ff962d50000 - 0x00007ff962ded000 	C:\WINDOWS\System32\msvcrt.dll
0x00007ff962cf0000 - 0x00007ff962d4b000 	C:\WINDOWS\System32\sechost.dll
0x00007ff964590000 - 0x00007ff9646af000 	C:\WINDOWS\System32\RPCRT4.dll
0x00007ff964760000 - 0x00007ff9648ef000 	C:\WINDOWS\System32\USER32.dll
0x00007ff961760000 - 0x00007ff961780000 	C:\WINDOWS\System32\win32u.dll
0x00007ff964c50000 - 0x00007ff964c78000 	C:\WINDOWS\System32\GDI32.dll
0x00007ff9615c0000 - 0x00007ff961753000 	C:\WINDOWS\System32\gdi32full.dll
0x00007ff962250000 - 0x00007ff9622eb000 	C:\WINDOWS\System32\msvcp_win.dll
0x00007ff9622f0000 - 0x00007ff9623e6000 	C:\WINDOWS\System32\ucrtbase.dll
0x00007ff9528e0000 - 0x00007ff952b49000 	C:\WINDOWS\WinSxS\amd64_microsoft.windows.common-controls_6595b64144ccf1df_6.0.16299.431_none_15c7d3ee93659e73\COMCTL32.dll
0x00007ff9624c0000 - 0x00007ff9627c8000 	C:\WINDOWS\System32\combase.dll
0x00007ff962440000 - 0x00007ff9624b2000 	C:\WINDOWS\System32\bcryptPrimitives.dll
0x00007ff964f90000 - 0x00007ff964fbd000 	C:\WINDOWS\System32\IMM32.DLL
0x00000000697c0000 - 0x0000000069892000 	C:\Program Files\Java\jre1.8.0_111\bin\msvcr100.dll
0x0000000068990000 - 0x000000006922a000 	C:\Program Files\Java\jre1.8.0_111\bin\server\jvm.dll
0x00007ff964d30000 - 0x00007ff964d38000 	C:\WINDOWS\System32\PSAPI.DLL
0x00007ff95b800000 - 0x00007ff95b809000 	C:\WINDOWS\SYSTEM32\WSOCK32.dll
0x00007ff964b80000 - 0x00007ff964bec000 	C:\WINDOWS\System32\WS2_32.dll
0x00007ff95f6d0000 - 0x00007ff95f6f3000 	C:\WINDOWS\SYSTEM32\WINMM.dll
0x00007ff950da0000 - 0x00007ff950daa000 	C:\WINDOWS\SYSTEM32\VERSION.dll
0x00007ff95f6a0000 - 0x00007ff95f6ca000 	C:\WINDOWS\SYSTEM32\WINMMBASE.dll
0x00007ff9623f0000 - 0x00007ff96243a000 	C:\WINDOWS\System32\cfgmgr32.dll
0x00000000688a0000 - 0x00000000688af000 	C:\Program Files\Java\jre1.8.0_111\bin\verify.dll
0x0000000068870000 - 0x0000000068899000 	C:\Program Files\Java\jre1.8.0_111\bin\java.dll
0x0000000068850000 - 0x0000000068866000 	C:\Program Files\Java\jre1.8.0_111\bin\zip.dll
0x00007ff962f90000 - 0x00007ff9643c8000 	C:\WINDOWS\System32\SHELL32.dll
0x00007ff9643d0000 - 0x00007ff964476000 	C:\WINDOWS\System32\shcore.dll
0x00007ff961aa0000 - 0x00007ff9621e7000 	C:\WINDOWS\System32\windows.storage.dll
0x00007ff964bf0000 - 0x00007ff964c41000 	C:\WINDOWS\System32\shlwapi.dll
0x00007ff9613d0000 - 0x00007ff9613e1000 	C:\WINDOWS\System32\kernel.appcore.dll
0x00007ff961380000 - 0x00007ff9613cc000 	C:\WINDOWS\System32\powrprof.dll
0x00007ff961340000 - 0x00007ff96135b000 	C:\WINDOWS\System32\profapi.dll
0x0000000069620000 - 0x00000000697b8000 	C:\Program Files\Java\jre1.8.0_111\bin\awt.dll
0x00007ff962c20000 - 0x00007ff962ce5000 	C:\WINDOWS\System32\OLEAUT32.dll
0x00007ff95f7f0000 - 0x00007ff95f878000 	C:\WINDOWS\SYSTEM32\apphelp.dll
0x00007ff95fbe0000 - 0x00007ff95fc0a000 	C:\WINDOWS\system32\DWMAPI.DLL
0x00007ff95f970000 - 0x00007ff95fa05000 	C:\WINDOWS\system32\uxtheme.dll
0x00007ff964900000 - 0x00007ff964a67000 	C:\WINDOWS\System32\MSCTF.dll
0x00007ff964de0000 - 0x00007ff964f29000 	C:\WINDOWS\System32\ole32.dll
0x00000000695d0000 - 0x0000000069617000 	C:\Program Files\Java\jre1.8.0_111\bin\fontmanager.dll
0x00007ff953910000 - 0x00007ff9539a5000 	C:\WINDOWS\system32\RICHED20.DLL
0x00007ff95ba00000 - 0x00007ff95ba19000 	C:\WINDOWS\SYSTEM32\USP10.dll
0x00007ff958340000 - 0x00007ff958378000 	C:\WINDOWS\SYSTEM32\msls31.dll
0x00007ff964a80000 - 0x00007ff964b1e000 	C:\WINDOWS\System32\clbcatq.dll
0x00007ff960ea0000 - 0x00007ff960ec5000 	C:\WINDOWS\system32\bcrypt.dll
0x00007ff959830000 - 0x00007ff9598c8000 	C:\WINDOWS\System32\TextInputFramework.dll
0x00007ff95bf10000 - 0x00007ff95c1fe000 	C:\WINDOWS\System32\CoreUIComponents.dll
0x00007ff95d420000 - 0x00007ff95d4fc000 	C:\WINDOWS\System32\CoreMessaging.dll
0x00007ff960470000 - 0x00007ff9604a1000 	C:\WINDOWS\SYSTEM32\ntmarta.dll
0x00007ff95db70000 - 0x00007ff95dca6000 	C:\WINDOWS\SYSTEM32\wintypes.dll
0x00007ff960d90000 - 0x00007ff960da7000 	C:\WINDOWS\SYSTEM32\CRYPTSP.dll
0x00007ff960770000 - 0x00007ff9607a3000 	C:\WINDOWS\system32\rsaenh.dll
0x00007ff961270000 - 0x00007ff961299000 	C:\WINDOWS\SYSTEM32\USERENV.dll
0x00007ff960db0000 - 0x00007ff960dbb000 	C:\WINDOWS\SYSTEM32\CRYPTBASE.dll
0x0000000068830000 - 0x000000006884a000 	C:\Program Files\Java\jre1.8.0_111\bin\net.dll
0x00007ff960b70000 - 0x00007ff960bd6000 	C:\WINDOWS\system32\mswsock.dll
0x00007ff960900000 - 0x00007ff960939000 	C:\WINDOWS\SYSTEM32\IPHLPAPI.DLL
0x00007ff964a70000 - 0x00007ff964a78000 	C:\WINDOWS\System32\NSI.dll
0x00007ff9599d0000 - 0x00007ff9599e6000 	C:\WINDOWS\SYSTEM32\dhcpcsvc6.DLL
0x00007ff960940000 - 0x00007ff9609f6000 	C:\WINDOWS\SYSTEM32\DNSAPI.dll
0x00007ff959e20000 - 0x00007ff959e3a000 	C:\WINDOWS\SYSTEM32\dhcpcsvc.DLL
0x00007ff953450000 - 0x00007ff95345a000 	C:\Windows\System32\rasadhlp.dll
0x00007ff953490000 - 0x00007ff953500000 	C:\WINDOWS\System32\fwpuclnt.dll
0x0000000068810000 - 0x0000000068821000 	C:\Program Files\Java\jre1.8.0_111\bin\nio.dll
0x0000000069590000 - 0x00000000695c1000 	C:\Program Files\Java\jre1.8.0_111\bin\jpeg.dll
0x00007ff94ecb0000 - 0x00007ff94ee78000 	C:\WINDOWS\SYSTEM32\dbghelp.dll

VM Arguments:
jvm_args: -Dfile.encoding=Cp1252 
java_command: totalcross.Launcher /r 544353541A8E8B2A28D5B8E0 com.app.app
java_class_path (initial): C:\Program Files\Java\jre1.8.0_111\lib\resources.jar;C:\Program Files\Java\jre1.8.0_111\lib\rt.jar;C:\Program Files\Java\jre1.8.0_111\lib\jsse.jar;C:\Program Files\Java\jre1.8.0_111\lib\jce.jar;C:\Program Files\Java\jre1.8.0_111\lib\charsets.jar;C:\Program Files\Java\jre1.8.0_111\lib\jfr.jar;C:\Program Files\Java\jre1.8.0_111\lib\ext\access-bridge-64.jar;C:\Program Files\Java\jre1.8.0_111\lib\ext\cldrdata.jar;C:\Program Files\Java\jre1.8.0_111\lib\ext\dnsns.jar;C:\Program Files\Java\jre1.8.0_111\lib\ext\jaccess.jar;C:\Program Files\Java\jre1.8.0_111\lib\ext\jfxrt.jar;C:\Program Files\Java\jre1.8.0_111\lib\ext\localedata.jar;C:\Program Files\Java\jre1.8.0_111\lib\ext\nashorn.jar;C:\Program Files\Java\jre1.8.0_111\lib\ext\sunec.jar;C:\Program Files\Java\jre1.8.0_111\lib\ext\sunjce_provider.jar;C:\Program Files\Java\jre1.8.0_111\lib\ext\sunmscapi.jar;C:\Program Files\Java\jre1.8.0_111\lib\ext\sunpkcs11.jar;C:\Program Files\Java\jre1.8.0_111\lib\ext\zipfs.jar;C:\Users\marci\eclipse-workspace\app\target\classes;C:\Users\marci\.m2\repository\com\totalcross\utils\tc-utilities\0.0.1-SNAPSHOT\tc-utilities-0.0.1-SNAPSHOT.jar;C:\Users\marci\.m2\repository\com\totalcross\utils\magical-utils\0.0.1-SNAPSHOT\magical-utils-0.0.1-SNAPSHOT.jar;C:\Users\marci\.m2\repository\com\totalcross\totalcross-sdk\4.1.0\totalcross-sdk-4.1.0.jar;C:\Users\marci\.m2\repository\org\vafer\jdeb\0.7\jdeb-0.7.jar;C:\Users\marci\.m2\repository\org\apache\maven\maven-plugin-api\2.0.5\maven-plugin-api-2.0.5.jar;C:\Users\marci\.m2\repository\org\apache\maven\maven-project\2.0.5\maven-project-2.0.5.jar;C:\Users\marci\.m2\repository\org\apache\maven\maven-settings\2.0.5\maven-settings-2.0.5.jar;C:\Users\marci\.m2\repository\org\apache\maven\maven-profile\2.0.5\maven-profile-2.0.5.jar;C:\Users\marci\.m2\repository\org\apache\maven\maven-model\2.0.5\maven-model-2.0.5.jar;C:\Users\marci\.m2\repository\org\apache\maven\maven-artifact-manager\2.0.5\maven-artifact-manager-2.0.5.jar;C:\U
Launcher Type: SUN_STANDARD

Environment Variables:
JAVA_HOME=C:\Program Files\Java\jdk1.8.0_111
PATH=C:/Program Files/Java/jre1.8.0_111/bin/server;C:/Program Files/Java/jre1.8.0_111/bin;C:/Program Files/Java/jre1.8.0_111/lib/amd64;C:\ProgramData\Oracle\Java\javapath;C:\Program Files (x86)\Intel\TXE Components\TCS\;C:\Program Files\Intel\TXE Components\TCS\;C:\WINDOWS\system32;C:\WINDOWS;C:\WINDOWS\System32\Wbem;C:\WINDOWS\System32\WindowsPowerShell\v1.0\;C:\Program Files\Intel\TXE Components\DAL\;C:\Program Files (x86)\Intel\TXE Components\DAL\;C:\Program Files\Intel\TXE Components\IPT\;C:\Program Files (x86)\Intel\TXE Components\IPT\;C:\Program Files\Java\jdk1.8.0_111\bin;C:\TotalCross3\dist\vm\win32;C:\Users\marci\AppData\Local\Microsoft\WindowsApps;c:\TotalCross3\dist\vm\win32;C:\Program Files\Java\jdk1.8.0_111\bin;;C:\Users\marci\Desktop;
USERNAME=marci
OS=Windows_NT
PROCESSOR_IDENTIFIER=Intel64 Family 6 Model 76 Stepping 4, GenuineIntel



---------------  S Y S T E M  ---------------

OS: Windows 10.0 , 64 bit Build 16299 (10.0.16299.431)

CPU:total 2 (2 cores per cpu, 1 threads per core) family 6 model 76 stepping 4, cmov, cx8, fxsr, mmx, sse, sse2, sse3, ssse3, sse4.1, sse4.2, popcnt, aes, clmul, erms, 3dnowpref, tsc, tscinvbit

Memory: 4k page, physical 1946148k(322284k free), swap 3387940k(880804k free)

vm_info: Java HotSpot(TM) 64-Bit Server VM (25.111-b14) for windows-amd64 JRE (1.8.0_111-b14), built on Sep 22 2016 19:24:05 by "java_re" with MS VC++ 10.0 (VS2010)

time: Fri Jun 01 01:21:16 2018
elapsed time: 1915 seconds (0d 0h 31m 55s)

