#
# A fatal error has been detected by the Java Runtime Environment:
#
#  EXCEPTION_ACCESS_VIOLATION (0xc0000005) at pc=0x000000006be42be0, pid=1596, tid=0x0000000000001ad0
#
# JRE version: Java(TM) SE Runtime Environment (8.0_111-b14) (build 1.8.0_111-b14)
# Java VM: Java HotSpot(TM) 64-Bit Server VM (25.111-b14 mixed mode windows-amd64 compressed oops)
# Problematic frame:
# C  0x000000006be42be0
#
# Failed to write core dump. Minidumps are not enabled by default on client versions of Windows
#
# If you would like to submit a bug report, please visit:
#   http://bugreport.java.com/bugreport/crash.jsp
# The crash happened outside the Java Virtual Machine in native code.
# See problematic frame for where to report the bug.
#

---------------  T H R E A D  ---------------

Current thread (0x000000001801d000):  JavaThread "Secondary finalizer" [_thread_in_native, id=6864, stack(0x000000001b800000,0x000000001b900000)]

siginfo: ExceptionCode=0xc0000005, ExceptionInformation=0x0000000000000008 0x000000006be42be0

Registers:
RAX=0x000000006be42be0, RBX=0x000000001936c750, RCX=0x000000001801d1f8, RDX=0x000000001b8ff0b8
RSP=0x000000001b8ff018, RBP=0x000000001b8ff098, RSI=0x0000000000000108, RDI=0x0000000000000703
R8 =0x0000000000000005, R9 =0x00000000f6bb4a68, R10=0x000000000501848b, R11=0x0000000052d7b580
R12=0x0000000000000000, R13=0x000000001936c750, R14=0x000000001b8ff0b8, R15=0x000000001801d000
RIP=0x000000006be42be0, EFLAGS=0x0000000000010206

Top of Stack: (sp=0x000000001b8ff018)
0x000000001b8ff018:   00000000050184b7 000000001b8ff158
0x000000001b8ff028:   00000000050176e2 000000001b8ff030
0x000000001b8ff038:   000000001591e3f0 000000001b8ff120
0x000000001b8ff048:   0000000000000000 00000000f6bb4a68
0x000000001b8ff058:   000000001b8ff048 0000000000000000
0x000000001b8ff068:   000000001b8ff0b8 0000000019398930
0x000000001b8ff078:   0000000000000000 000000001936c750
0x000000001b8ff088:   0000000000000000 000000001b8ff0b8
0x000000001b8ff098:   000000001b8ff120 000000000500835d
0x000000001b8ff0a8:   0000000000000000 00000000050119d8
0x000000001b8ff0b8:   00000000f6bb4a68 00000000f6bb4aa0
0x000000001b8ff0c8:   0000000000000000 0000000000000011
0x000000001b8ff0d8:   00000000f6bb4a68 000000001b8ff0c0
0x000000001b8ff0e8:   000000001936752e 000000001b8ff158
0x000000001b8ff0f8:   0000000019398140 0000000000000000
0x000000001b8ff108:   00000000193675c8 000000001b8ff0b8 

Instructions: (pc=0x000000006be42be0)
0x000000006be42bc0:   
[error occurred during error reporting (printing registers, top of stack, instructions near pc), id 0xc0000005]

Register to memory mapping:

RAX=0x000000006be42be0 is an unknown value
RBX={method} {0x000000001936c758} 'free_functions' '()V' in 'org/sqlite/core/NativeDB'
RCX=0x000000001801d1f8 is an unknown value
RDX=0x000000001b8ff0b8 is pointing into the stack for thread: 0x000000001801d000
RSP=0x000000001b8ff018 is pointing into the stack for thread: 0x000000001801d000
RBP=0x000000001b8ff098 is pointing into the stack for thread: 0x000000001801d000
RSI=0x0000000000000108 is an unknown value
RDI=0x0000000000000703 is an unknown value
R8 =0x0000000000000005 is an unknown value
R9 =0x00000000f6bb4a68 is an oop
org.sqlite.core.NativeDB 
 - klass: 'org/sqlite/core/NativeDB'
R10=0x000000000501848b is at code_begin+1227 in an Interpreter codelet
method entry point (kind = native_synchronized)  [0x0000000005017fc0, 0x0000000005018aa0]  2784 bytes
R11=0x0000000052d7b580 is an unknown value
R12=0x0000000000000000 is an unknown value
R13={method} {0x000000001936c758} 'free_functions' '()V' in 'org/sqlite/core/NativeDB'
R14=0x000000001b8ff0b8 is pointing into the stack for thread: 0x000000001801d000
R15=0x000000001801d000 is a thread


Stack: [0x000000001b800000,0x000000001b900000],  sp=0x000000001b8ff018,  free space=1020k
Native frames: (J=compiled Java code, j=interpreted, Vv=VM code, C=native code)
C  0x000000006be42be0

Java frames: (J=compiled Java code, j=interpreted, Vv=VM code)
j  org.sqlite.core.NativeDB.free_functions()V+0
j  org.sqlite.core.DB.close()V+102
j  org.sqlite.core.CoreConnection.close()V+26
j  org.sqlite.core.CoreConnection.finalize()V+1
J 892 C1 java.lang.ref.Finalizer.runFinalizer(Lsun/misc/JavaLangAccess;)V (62 bytes) @ 0x00000000051647cc [0x0000000005164240+0x58c]
J 886 C1 java.lang.ref.Finalizer.access$100(Ljava/lang/ref/Finalizer;Lsun/misc/JavaLangAccess;)V (6 bytes) @ 0x0000000005156d5c [0x0000000005156d00+0x5c]
j  java.lang.ref.Finalizer$3.run()V+58
j  java.lang.Thread.run()V+11
v  ~StubRoutines::call_stub

---------------  P R O C E S S  ---------------

Java Threads: ( => current thread )
=>0x000000001801d000 JavaThread "Secondary finalizer" [_thread_in_native, id=6864, stack(0x000000001b800000,0x000000001b900000)]
  0x000000001954f000 JavaThread "TC Event Thread" daemon [_thread_blocked, id=580, stack(0x000000001b000000,0x000000001b100000)]
  0x0000000004f02800 JavaThread "DestroyJavaVM" [_thread_blocked, id=184, stack(0x0000000004d60000,0x0000000004e60000)]
  0x00000000180db800 JavaThread "AWT-EventQueue-0" [_thread_blocked, id=6128, stack(0x00000000189e0000,0x0000000018ae0000)]
  0x000000001807e000 JavaThread "AWT-Shutdown" [_thread_blocked, id=1784, stack(0x0000000018720000,0x0000000018820000)]
  0x000000001806f800 JavaThread "Java2D Disposer" daemon [_thread_blocked, id=4532, stack(0x0000000018620000,0x0000000018720000)]
  0x00000000160ef000 JavaThread "Service Thread" daemon [_thread_blocked, id=6140, stack(0x00000000173b0000,0x00000000174b0000)]
  0x00000000160ce000 JavaThread "C1 CompilerThread1" daemon [_thread_blocked, id=3756, stack(0x00000000172b0000,0x00000000173b0000)]
  0x000000001607c000 JavaThread "C2 CompilerThread0" daemon [_thread_blocked, id=4464, stack(0x00000000171b0000,0x00000000172b0000)]
  0x000000001607b000 JavaThread "Attach Listener" daemon [_thread_blocked, id=5312, stack(0x00000000170b0000,0x00000000171b0000)]
  0x0000000016077800 JavaThread "Signal Dispatcher" daemon [_thread_blocked, id=5028, stack(0x0000000016fb0000,0x00000000170b0000)]
  0x0000000016068800 JavaThread "Finalizer" daemon [_thread_blocked, id=3252, stack(0x0000000016cb0000,0x0000000016db0000)]
  0x0000000004fef800 JavaThread "Reference Handler" daemon [_thread_blocked, id=5640, stack(0x0000000016bb0000,0x0000000016cb0000)]

Other Threads:
  0x0000000016045800 VMThread [stack: 0x0000000016ab0000,0x0000000016bb0000] [id=3632]
  0x0000000016105000 WatcherThread [stack: 0x00000000178b0000,0x00000000179b0000] [id=976]

VM state:not at safepoint (normal execution)

VM Mutex/Monitor currently owned by a thread: None

Heap:
 PSYoungGen      total 14336K, used 6503K [0x00000000f6180000, 0x00000000f7c80000, 0x0000000100000000)
  eden space 7168K, 41% used [0x00000000f6180000,0x00000000f646f9b8,0x00000000f6880000)
  from space 7168K, 48% used [0x00000000f6880000,0x00000000f6bea478,0x00000000f6f80000)
  to   space 6656K, 0% used [0x00000000f7600000,0x00000000f7600000,0x00000000f7c80000)
 ParOldGen       total 20480K, used 10210K [0x00000000e2400000, 0x00000000e3800000, 0x00000000f6180000)
  object space 20480K, 49% used [0x00000000e2400000,0x00000000e2df8b68,0x00000000e3800000)
 Metaspace       used 12658K, capacity 12910K, committed 13056K, reserved 1060864K
  class space    used 1394K, capacity 1480K, committed 1536K, reserved 1048576K

Card table byte_map: [0x00000000143c0000,0x00000000144b0000] byte_map_base: 0x0000000013cae000

Marking Bits: (ParMarkBitMap*) 0x000000005336a6c0
 Begin Bits: [0x0000000014750000, 0x0000000014ec0000)
 End Bits:   [0x0000000014ec0000, 0x0000000015630000)

Polling page: 0x0000000004e60000

CodeCache: size=245760Kb used=4903Kb max_used=4945Kb free=240856Kb
 bounds [0x0000000005000000, 0x00000000054e0000, 0x0000000014000000]
 total_blobs=1771 nmethods=1282 adapters=402
 compilation: enabled

Compilation events (10 events):
Event: 219.472 Thread 0x000000001607c000 1425       4       totalcross.ui.gfx.Graphics::drawText (90 bytes)
Event: 219.476 Thread 0x000000001607c000 nmethod 1425 0x000000000518a090 code [0x000000000518a1e0, 0x000000000518a288]
Event: 225.964 Thread 0x000000001607c000 1426       4       totalcross.ui.Edit::charPos2x (366 bytes)
Event: 226.039 Thread 0x000000001607c000 nmethod 1426 0x0000000005399c50 code [0x0000000005399e20, 0x000000000539b2a8]
Event: 242.277 Thread 0x000000001607c000 1427  s    4       java.awt.KeyboardFocusManager::getCurrentKeyboardFocusManager (32 bytes)
Event: 242.280 Thread 0x000000001607c000 nmethod 1427 0x0000000005383550 code [0x00000000053836c0, 0x0000000005383a28]
Event: 302.908 Thread 0x00000000160ce000 1428       3       java.io.FileInputStream::read (8 bytes)
Event: 302.909 Thread 0x00000000160ce000 nmethod 1428 0x0000000005189d10 code [0x0000000005189e80, 0x000000000518a008]
Event: 303.024 Thread 0x000000001607c000 1429       4       java.io.FileInputStream::read (8 bytes)
Event: 303.025 Thread 0x000000001607c000 nmethod 1429 0x00000000052a0d10 code [0x00000000052a0e60, 0x00000000052a0ee8]

GC Heap History (10 events):
Event: 4.568 GC heap before
{Heap before GC invocations=3 (full 0):
 PSYoungGen      total 9216K, used 9216K [0x00000000f6180000, 0x00000000f6b80000, 0x0000000100000000)
  eden space 8192K, 100% used [0x00000000f6180000,0x00000000f6980000,0x00000000f6980000)
  from space 1024K, 100% used [0x00000000f6a80000,0x00000000f6b80000,0x00000000f6b80000)
  to   space 1024K, 0% used [0x00000000f6980000,0x00000000f6980000,0x00000000f6a80000)
 ParOldGen       total 20480K, used 3920K [0x00000000e2400000, 0x00000000e3800000, 0x00000000f6180000)
  object space 20480K, 19% used [0x00000000e2400000,0x00000000e27d41d8,0x00000000e3800000)
 Metaspace       used 9692K, capacity 9890K, committed 10240K, reserved 1058816K
  class space    used 1114K, capacity 1184K, committed 1280K, reserved 1048576K
Event: 4.580 GC heap after
Heap after GC invocations=3 (full 0):
 PSYoungGen      total 9216K, used 1023K [0x00000000f6180000, 0x00000000f6b80000, 0x0000000100000000)
  eden space 8192K, 0% used [0x00000000f6180000,0x00000000f6180000,0x00000000f6980000)
  from space 1024K, 99% used [0x00000000f6980000,0x00000000f6a7ff88,0x00000000f6a80000)
  to   space 1024K, 0% used [0x00000000f6a80000,0x00000000f6a80000,0x00000000f6b80000)
 ParOldGen       total 20480K, used 8272K [0x00000000e2400000, 0x00000000e3800000, 0x00000000f6180000)
  object space 20480K, 40% used [0x00000000e2400000,0x00000000e2c141d8,0x00000000e3800000)
 Metaspace       used 9692K, capacity 9890K, committed 10240K, reserved 1058816K
  class space    used 1114K, capacity 1184K, committed 1280K, reserved 1048576K
}
Event: 6.876 GC heap before
{Heap before GC invocations=4 (full 0):
 PSYoungGen      total 9216K, used 9215K [0x00000000f6180000, 0x00000000f6b80000, 0x0000000100000000)
  eden space 8192K, 100% used [0x00000000f6180000,0x00000000f6980000,0x00000000f6980000)
  from space 1024K, 99% used [0x00000000f6980000,0x00000000f6a7ff88,0x00000000f6a80000)
  to   space 1024K, 0% used [0x00000000f6a80000,0x00000000f6a80000,0x00000000f6b80000)
 ParOldGen       total 20480K, used 8272K [0x00000000e2400000, 0x00000000e3800000, 0x00000000f6180000)
  object space 20480K, 40% used [0x00000000e2400000,0x00000000e2c141d8,0x00000000e3800000)
 Metaspace       used 9954K, capacity 10178K, committed 10496K, reserved 1058816K
  class space    used 1142K, capacity 1216K, committed 1280K, reserved 1048576K
Event: 6.883 GC heap after
Heap after GC invocations=4 (full 0):
 PSYoungGen      total 9216K, used 1023K [0x00000000f6180000, 0x00000000f6b80000, 0x0000000100000000)
  eden space 8192K, 0% used [0x00000000f6180000,0x00000000f6180000,0x00000000f6980000)
  from space 1024K, 99% used [0x00000000f6a80000,0x00000000f6b7ff88,0x00000000f6b80000)
  to   space 1024K, 0% used [0x00000000f6980000,0x00000000f6980000,0x00000000f6a80000)
 ParOldGen       total 20480K, used 8440K [0x00000000e2400000, 0x00000000e3800000, 0x00000000f6180000)
  object space 20480K, 41% used [0x00000000e2400000,0x00000000e2c3e1e0,0x00000000e3800000)
 Metaspace       used 9954K, capacity 10178K, committed 10496K, reserved 1058816K
  class space    used 1142K, capacity 1216K, committed 1280K, reserved 1048576K
}
Event: 8.756 GC heap before
{Heap before GC invocations=5 (full 0):
 PSYoungGen      total 9216K, used 9215K [0x00000000f6180000, 0x00000000f6b80000, 0x0000000100000000)
  eden space 8192K, 100% used [0x00000000f6180000,0x00000000f6980000,0x00000000f6980000)
  from space 1024K, 99% used [0x00000000f6a80000,0x00000000f6b7ff88,0x00000000f6b80000)
  to   space 1024K, 0% used [0x00000000f6980000,0x00000000f6980000,0x00000000f6a80000)
 ParOldGen       total 20480K, used 8440K [0x00000000e2400000, 0x00000000e3800000, 0x00000000f6180000)
  object space 20480K, 41% used [0x00000000e2400000,0x00000000e2c3e1e0,0x00000000e3800000)
 Metaspace       used 11389K, capacity 11626K, committed 11904K, reserved 1060864K
  class space    used 1307K, capacity 1378K, committed 1408K, reserved 1048576K
Event: 8.766 GC heap after
Heap after GC invocations=5 (full 0):
 PSYoungGen      total 9216K, used 1023K [0x00000000f6180000, 0x00000000f7580000, 0x0000000100000000)
  eden space 8192K, 0% used [0x00000000f6180000,0x00000000f6180000,0x00000000f6980000)
  from space 1024K, 99% used [0x00000000f6980000,0x00000000f6a7ff88,0x00000000f6a80000)
  to   space 6144K, 0% used [0x00000000f6f80000,0x00000000f6f80000,0x00000000f7580000)
 ParOldGen       total 20480K, used 9594K [0x00000000e2400000, 0x00000000e3800000, 0x00000000f6180000)
  object space 20480K, 46% used [0x00000000e2400000,0x00000000e2d5e8e8,0x00000000e3800000)
 Metaspace       used 11389K, capacity 11626K, committed 11904K, reserved 1060864K
  class space    used 1307K, capacity 1378K, committed 1408K, reserved 1048576K
}
Event: 9.176 GC heap before
{Heap before GC invocations=6 (full 0):
 PSYoungGen      total 9216K, used 8357K [0x00000000f6180000, 0x00000000f7580000, 0x0000000100000000)
  eden space 8192K, 89% used [0x00000000f6180000,0x00000000f68a95c8,0x00000000f6980000)
  from space 1024K, 99% used [0x00000000f6980000,0x00000000f6a7ff88,0x00000000f6a80000)
  to   space 6144K, 0% used [0x00000000f6f80000,0x00000000f6f80000,0x00000000f7580000)
 ParOldGen       total 20480K, used 9594K [0x00000000e2400000, 0x00000000e3800000, 0x00000000f6180000)
  object space 20480K, 46% used [0x00000000e2400000,0x00000000e2d5e8e8,0x00000000e3800000)
 Metaspace       used 11687K, capacity 11914K, committed 12288K, reserved 1060864K
  class space    used 1334K, capacity 1410K, committed 1536K, reserved 1048576K
Event: 9.190 GC heap after
Heap after GC invocations=6 (full 0):
 PSYoungGen      total 13312K, used 5621K [0x00000000f6180000, 0x00000000f7f80000, 0x0000000100000000)
  eden space 7168K, 0% used [0x00000000f6180000,0x00000000f6180000,0x00000000f6880000)
  from space 6144K, 91% used [0x00000000f6f80000,0x00000000f74fd588,0x00000000f7580000)
  to   space 7168K, 0% used [0x00000000f6880000,0x00000000f6880000,0x00000000f6f80000)
 ParOldGen       total 20480K, used 9594K [0x00000000e2400000, 0x00000000e3800000, 0x00000000f6180000)
  object space 20480K, 46% used [0x00000000e2400000,0x00000000e2d5e8e8,0x00000000e3800000)
 Metaspace       used 11687K, capacity 11914K, committed 12288K, reserved 1060864K
  class space    used 1334K, capacity 1410K, committed 1536K, reserved 1048576K
}
Event: 59.814 GC heap before
{Heap before GC invocations=7 (full 0):
 PSYoungGen      total 13312K, used 12789K [0x00000000f6180000, 0x00000000f7f80000, 0x0000000100000000)
  eden space 7168K, 100% used [0x00000000f6180000,0x00000000f6880000,0x00000000f6880000)
  from space 6144K, 91% used [0x00000000f6f80000,0x00000000f74fd588,0x00000000f7580000)
  to   space 7168K, 0% used [0x00000000f6880000,0x00000000f6880000,0x00000000f6f80000)
 ParOldGen       total 20480K, used 9594K [0x00000000e2400000, 0x00000000e3800000, 0x00000000f6180000)
  object space 20480K, 46% used [0x00000000e2400000,0x00000000e2d5e8e8,0x00000000e3800000)
 Metaspace       used 12597K, capacity 12846K, committed 13056K, reserved 1060864K
  class space    used 1390K, capacity 1480K, committed 1536K, reserved 1048576K
Event: 59.824 GC heap after
Heap after GC invocations=7 (full 0):
 PSYoungGen      total 14336K, used 3497K [0x00000000f6180000, 0x00000000f7c80000, 0x0000000100000000)
  eden space 7168K, 0% used [0x00000000f6180000,0x00000000f6180000,0x00000000f6880000)
  from space 7168K, 48% used [0x00000000f6880000,0x00000000f6bea478,0x00000000f6f80000)
  to   space 6656K, 0% used [0x00000000f7600000,0x00000000f7600000,0x00000000f7c80000)
 ParOldGen       total 20480K, used 10210K [0x00000000e2400000, 0x00000000e3800000, 0x00000000f6180000)
  object space 20480K, 49% used [0x00000000e2400000,0x00000000e2df8b68,0x00000000e3800000)
 Metaspace       used 12597K, capacity 12846K, committed 13056K, reserved 1060864K
  class space    used 1390K, capacity 1480K, committed 1536K, reserved 1048576K
}

Deoptimization events (10 events):
Event: 8.070 Thread 0x000000001954f000 Uncommon trap: reason=unstable_if action=reinterpret pc=0x00000000052a8130 method=java.io.WinNTFileSystem.normalize(Ljava/lang/String;)Ljava/lang/String; @ 128
Event: 8.087 Thread 0x00000000182b2000 Uncommon trap: reason=unstable_if action=reinterpret pc=0x0000000005319b9c method=java.io.BufferedInputStream.read1([BII)I @ 22
Event: 9.051 Thread 0x000000001954f000 Uncommon trap: reason=unstable_if action=reinterpret pc=0x0000000005165c44 method=org.sqlite.SQLiteJDBCLoader.contentsEquals(Ljava/io/InputStream;Ljava/io/InputStream;)Z @ 39
Event: 11.414 Thread 0x0000000018557000 Uncommon trap: reason=unstable_if action=reinterpret pc=0x00000000051336cc method=sun.awt.image.ImageRepresentation.getOpaqueRGBImage()Ljava/awt/image/BufferedImage; @ 57
Event: 11.492 Thread 0x00000000183c0800 Uncommon trap: reason=unstable_if action=reinterpret pc=0x00000000051317e4 method=sun.awt.image.ImageRepresentation.getOpaqueRGBImage()Ljava/awt/image/BufferedImage; @ 71
Event: 11.635 Thread 0x000000001954f000 Uncommon trap: reason=null_assert action=make_not_entrant pc=0x000000000516718c method=totalcross.Launcher.updateScreen()V @ 247
Event: 16.367 Thread 0x000000001954f000 Uncommon trap: reason=unstable_if action=reinterpret pc=0x00000000053ba988 method=totalcross.ui.gfx.Graphics.translateAndClip(IIII)Z @ 29
Event: 16.597 Thread 0x000000001954f000 Uncommon trap: reason=unstable_if action=reinterpret pc=0x0000000005285418 method=totalcross.ui.image.Image.getSmoothScaledInstance(II)Ltotalcross/ui/image/Image; @ 702
Event: 16.598 Thread 0x000000001954f000 Uncommon trap: reason=unstable_if action=reinterpret pc=0x0000000005392b6c method=totalcross.ui.image.Image.getSmoothScaledInstance(II)Ltotalcross/ui/image/Image; @ 702
Event: 16.680 Thread 0x000000001954f000 Uncommon trap: reason=unstable_if action=reinterpret pc=0x00000000053c0510 method=totalcross.ui.gfx.Graphics.drawText(Ljava/lang/String;III)V @ 17

Internal exceptions (10 events):
Event: 299.925 Thread 0x000000001859d000 Exception <a 'java/lang/InterruptedException': sleep interrupted> (0x00000000f63d5628) thrown at [C:\re\workspace\8-2-build-windows-amd64-cygwin\jdk8u111\7883\hotspot\src\share\vm\prims\jvm.cpp, line 3224]
Event: 300.276 Thread 0x000000001859d000 Exception <a 'java/lang/InterruptedException': sleep interrupted> (0x00000000f63d58d8) thrown at [C:\re\workspace\8-2-build-windows-amd64-cygwin\jdk8u111\7883\hotspot\src\share\vm\prims\jvm.cpp, line 3224]
Event: 300.628 Thread 0x000000001859d000 Exception <a 'java/lang/InterruptedException': sleep interrupted> (0x00000000f63d5b88) thrown at [C:\re\workspace\8-2-build-windows-amd64-cygwin\jdk8u111\7883\hotspot\src\share\vm\prims\jvm.cpp, line 3176]
Event: 300.982 Thread 0x000000001859d000 Exception <a 'java/lang/InterruptedException': sleep interrupted> (0x00000000f63d5e38) thrown at [C:\re\workspace\8-2-build-windows-amd64-cygwin\jdk8u111\7883\hotspot\src\share\vm\prims\jvm.cpp, line 3176]
Event: 301.333 Thread 0x000000001859d000 Exception <a 'java/lang/InterruptedException': sleep interrupted> (0x00000000f63d60e8) thrown at [C:\re\workspace\8-2-build-windows-amd64-cygwin\jdk8u111\7883\hotspot\src\share\vm\prims\jvm.cpp, line 3224]
Event: 301.683 Thread 0x000000001859d000 Exception <a 'java/lang/InterruptedException': sleep interrupted> (0x00000000f63d6398) thrown at [C:\re\workspace\8-2-build-windows-amd64-cygwin\jdk8u111\7883\hotspot\src\share\vm\prims\jvm.cpp, line 3224]
Event: 302.046 Thread 0x000000001954f000 Exception <a 'java/io/FileNotFoundException'> (0x00000000f63cb960) thrown at [C:\re\workspace\8-2-build-windows-amd64-cygwin\jdk8u111\7883\hotspot\src\share\vm\prims\jni.cpp, line 709]
Event: 302.046 Thread 0x000000001954f000 Exception <a 'java/io/FileNotFoundException'> (0x00000000f63cc408) thrown at [C:\re\workspace\8-2-build-windows-amd64-cygwin\jdk8u111\7883\hotspot\src\share\vm\prims\jni.cpp, line 709]
Event: 302.046 Thread 0x000000001954f000 Exception <a 'java/io/FileNotFoundException'> (0x00000000f63cd1f8) thrown at [C:\re\workspace\8-2-build-windows-amd64-cygwin\jdk8u111\7883\hotspot\src\share\vm\prims\jni.cpp, line 709]
Event: 303.037 Thread 0x000000001859d000 Exception <a 'java/lang/InterruptedException': sleep interrupted> (0x00000000f63d66f8) thrown at [C:\re\workspace\8-2-build-windows-amd64-cygwin\jdk8u111\7883\hotspot\src\share\vm\prims\jvm.cpp, line 3224]

Events (10 events):
Event: 304.011 Executing VM operation: RevokeBias
Event: 304.011 Executing VM operation: RevokeBias done
Event: 304.012 Executing VM operation: RevokeBias
Event: 304.012 Executing VM operation: RevokeBias done
Event: 304.070 Executing VM operation: RevokeBias
Event: 304.070 Executing VM operation: RevokeBias done
Event: 304.076 Executing VM operation: RevokeBias
Event: 304.077 Executing VM operation: RevokeBias done
Event: 304.077 Executing VM operation: RevokeBias
Event: 304.077 Executing VM operation: RevokeBias done


Dynamic libraries:
0x00007ff6bf740000 - 0x00007ff6bf777000 	C:\Program Files\Java\jre1.8.0_111\bin\javaw.exe
0x00007ffdb3860000 - 0x00007ffdb3a40000 	C:\WINDOWS\SYSTEM32\ntdll.dll
0x00007ffdb30f0000 - 0x00007ffdb319e000 	C:\WINDOWS\System32\KERNEL32.DLL
0x00007ffdb0ac0000 - 0x00007ffdb0d26000 	C:\WINDOWS\System32\KERNELBASE.dll
0x00007ffdb1000000 - 0x00007ffdb10a1000 	C:\WINDOWS\System32\ADVAPI32.dll
0x00007ffdb3560000 - 0x00007ffdb35fd000 	C:\WINDOWS\System32\msvcrt.dll
0x00007ffdb31a0000 - 0x00007ffdb31fb000 	C:\WINDOWS\System32\sechost.dll
0x00007ffdb1240000 - 0x00007ffdb135f000 	C:\WINDOWS\System32\RPCRT4.dll
0x00007ffdb0d90000 - 0x00007ffdb0f1f000 	C:\WINDOWS\System32\USER32.dll
0x00007ffdb0110000 - 0x00007ffdb0130000 	C:\WINDOWS\System32\win32u.dll
0x00007ffdb3730000 - 0x00007ffdb3758000 	C:\WINDOWS\System32\GDI32.dll
0x00007ffdb0920000 - 0x00007ffdb0ab3000 	C:\WINDOWS\System32\gdi32full.dll
0x00007ffdb0130000 - 0x00007ffdb01cb000 	C:\WINDOWS\System32\msvcp_win.dll
0x00007ffdafc60000 - 0x00007ffdafd56000 	C:\WINDOWS\System32\ucrtbase.dll
0x00007ffd9f5d0000 - 0x00007ffd9f839000 	C:\WINDOWS\WinSxS\amd64_microsoft.windows.common-controls_6595b64144ccf1df_6.0.16299.431_none_15c7d3ee93659e73\COMCTL32.dll
0x00007ffdb1920000 - 0x00007ffdb1c28000 	C:\WINDOWS\System32\combase.dll
0x00007ffdaff80000 - 0x00007ffdafff2000 	C:\WINDOWS\System32\bcryptPrimitives.dll
0x00007ffdb1160000 - 0x00007ffdb118d000 	C:\WINDOWS\System32\IMM32.DLL
0x00000000528b0000 - 0x0000000052982000 	C:\Program Files\Java\jre1.8.0_111\bin\msvcr100.dll
0x0000000052b50000 - 0x00000000533ea000 	C:\Program Files\Java\jre1.8.0_111\bin\server\jvm.dll
0x00007ffdb30e0000 - 0x00007ffdb30e8000 	C:\WINDOWS\System32\PSAPI.DLL
0x00007ffdab9f0000 - 0x00007ffdab9f9000 	C:\WINDOWS\SYSTEM32\WSOCK32.dll
0x00007ffdb3070000 - 0x00007ffdb30dc000 	C:\WINDOWS\System32\WS2_32.dll
0x00007ffdadf40000 - 0x00007ffdadf63000 	C:\WINDOWS\SYSTEM32\WINMM.dll
0x00007ffda15e0000 - 0x00007ffda15ea000 	C:\WINDOWS\SYSTEM32\VERSION.dll
0x00007ffdadee0000 - 0x00007ffdadf0a000 	C:\WINDOWS\SYSTEM32\WINMMBASE.dll
0x00007ffdafd60000 - 0x00007ffdafdaa000 	C:\WINDOWS\System32\cfgmgr32.dll
0x0000000052a60000 - 0x0000000052a6f000 	C:\Program Files\Java\jre1.8.0_111\bin\verify.dll
0x0000000052a30000 - 0x0000000052a59000 	C:\Program Files\Java\jre1.8.0_111\bin\java.dll
0x0000000052a10000 - 0x0000000052a26000 	C:\Program Files\Java\jre1.8.0_111\bin\zip.dll
0x00007ffdb1c30000 - 0x00007ffdb3068000 	C:\WINDOWS\System32\SHELL32.dll
0x00007ffdb1190000 - 0x00007ffdb1236000 	C:\WINDOWS\System32\shcore.dll
0x00007ffdb01d0000 - 0x00007ffdb0917000 	C:\WINDOWS\System32\windows.storage.dll
0x00007ffdb0fa0000 - 0x00007ffdb0ff1000 	C:\WINDOWS\System32\shlwapi.dll
0x00007ffdafc20000 - 0x00007ffdafc31000 	C:\WINDOWS\System32\kernel.appcore.dll
0x00007ffdafbb0000 - 0x00007ffdafbfc000 	C:\WINDOWS\System32\powrprof.dll
0x00007ffdafc40000 - 0x00007ffdafc5b000 	C:\WINDOWS\System32\profapi.dll
0x0000000052710000 - 0x00000000528a8000 	C:\Program Files\Java\jre1.8.0_111\bin\awt.dll
0x00007ffdb3760000 - 0x00007ffdb3825000 	C:\WINDOWS\System32\OLEAUT32.dll
0x00007ffdae060000 - 0x00007ffdae0e8000 	C:\WINDOWS\SYSTEM32\apphelp.dll
0x00007ffdae450000 - 0x00007ffdae47a000 	C:\WINDOWS\system32\DWMAPI.DLL
0x00007ffdae1e0000 - 0x00007ffdae275000 	C:\WINDOWS\system32\uxtheme.dll
0x00007ffdb17b0000 - 0x00007ffdb1917000 	C:\WINDOWS\System32\MSCTF.dll
0x00007ffd99800000 - 0x00007ffd9987f000 	C:\Program Files (x86)\TeamViewer\tv_x64.dll
0x00007ffdb3200000 - 0x00007ffdb3349000 	C:\WINDOWS\System32\ole32.dll
0x00000000526c0000 - 0x0000000052707000 	C:\Program Files\Java\jre1.8.0_111\bin\fontmanager.dll
0x00007ffd9afc0000 - 0x00007ffd9b055000 	C:\WINDOWS\system32\RICHED20.DLL
0x00007ffd87ea0000 - 0x00007ffd87eb9000 	C:\WINDOWS\SYSTEM32\USP10.dll
0x00007ffd9e240000 - 0x00007ffd9e278000 	C:\WINDOWS\SYSTEM32\msls31.dll
0x00007ffdb10b0000 - 0x00007ffdb114e000 	C:\WINDOWS\System32\clbcatq.dll
0x00007ffdaf6b0000 - 0x00007ffdaf6d5000 	C:\WINDOWS\system32\bcrypt.dll
0x00007ffda4f20000 - 0x00007ffda4fb8000 	C:\WINDOWS\System32\TextInputFramework.dll
0x00007ffdaa720000 - 0x00007ffdaaa0e000 	C:\WINDOWS\System32\CoreUIComponents.dll
0x00007ffdad0d0000 - 0x00007ffdad1ac000 	C:\WINDOWS\System32\CoreMessaging.dll
0x00007ffdaece0000 - 0x00007ffdaed11000 	C:\WINDOWS\SYSTEM32\ntmarta.dll
0x00007ffdac050000 - 0x00007ffdac186000 	C:\WINDOWS\SYSTEM32\wintypes.dll
0x00007ffdaf5a0000 - 0x00007ffdaf5b7000 	C:\WINDOWS\SYSTEM32\CRYPTSP.dll
0x00007ffdaefe0000 - 0x00007ffdaf013000 	C:\WINDOWS\system32\rsaenh.dll
0x00007ffdafab0000 - 0x00007ffdafad9000 	C:\WINDOWS\SYSTEM32\USERENV.dll
0x00007ffdaf5c0000 - 0x00007ffdaf5cb000 	C:\WINDOWS\SYSTEM32\CRYPTBASE.dll
0x00000000529f0000 - 0x0000000052a0a000 	C:\Program Files\Java\jre1.8.0_111\bin\net.dll
0x00007ffdaf3e0000 - 0x00007ffdaf446000 	C:\WINDOWS\system32\mswsock.dll
0x00007ffdaf170000 - 0x00007ffdaf1a9000 	C:\WINDOWS\SYSTEM32\IPHLPAPI.DLL
0x00007ffdb3350000 - 0x00007ffdb3358000 	C:\WINDOWS\System32\NSI.dll
0x00007ffdaa480000 - 0x00007ffdaa496000 	C:\WINDOWS\SYSTEM32\dhcpcsvc6.DLL
0x00007ffdaf1b0000 - 0x00007ffdaf266000 	C:\WINDOWS\SYSTEM32\DNSAPI.dll
0x00007ffda4840000 - 0x00007ffda484a000 	C:\Windows\System32\rasadhlp.dll
0x00007ffda7050000 - 0x00007ffda70c0000 	C:\WINDOWS\System32\fwpuclnt.dll
0x00007ffdaa4e0000 - 0x00007ffdaa4fa000 	C:\WINDOWS\SYSTEM32\dhcpcsvc.DLL
0x00000000529d0000 - 0x00000000529e1000 	C:\Program Files\Java\jre1.8.0_111\bin\nio.dll
0x00007ffda09b0000 - 0x00007ffda0b78000 	C:\WINDOWS\SYSTEM32\dbghelp.dll

VM Arguments:
jvm_args: -Dfile.encoding=Cp1252 
java_command: totalcross.Launcher /r 544353541A8E8B2A28D5B8E0 com.app.app
java_class_path (initial): C:\Program Files\Java\jre1.8.0_111\lib\resources.jar;C:\Program Files\Java\jre1.8.0_111\lib\rt.jar;C:\Program Files\Java\jre1.8.0_111\lib\jsse.jar;C:\Program Files\Java\jre1.8.0_111\lib\jce.jar;C:\Program Files\Java\jre1.8.0_111\lib\charsets.jar;C:\Program Files\Java\jre1.8.0_111\lib\jfr.jar;C:\Program Files\Java\jre1.8.0_111\lib\ext\access-bridge-64.jar;C:\Program Files\Java\jre1.8.0_111\lib\ext\cldrdata.jar;C:\Program Files\Java\jre1.8.0_111\lib\ext\dnsns.jar;C:\Program Files\Java\jre1.8.0_111\lib\ext\jaccess.jar;C:\Program Files\Java\jre1.8.0_111\lib\ext\jfxrt.jar;C:\Program Files\Java\jre1.8.0_111\lib\ext\localedata.jar;C:\Program Files\Java\jre1.8.0_111\lib\ext\nashorn.jar;C:\Program Files\Java\jre1.8.0_111\lib\ext\sunec.jar;C:\Program Files\Java\jre1.8.0_111\lib\ext\sunjce_provider.jar;C:\Program Files\Java\jre1.8.0_111\lib\ext\sunmscapi.jar;C:\Program Files\Java\jre1.8.0_111\lib\ext\sunpkcs11.jar;C:\Program Files\Java\jre1.8.0_111\lib\ext\zipfs.jar;C:\Users\marci\eclipse-workspace\app\target\classes;C:\Users\marci\.m2\repository\com\totalcross\utils\tc-utilities\0.0.1-SNAPSHOT\tc-utilities-0.0.1-SNAPSHOT.jar;C:\Users\marci\.m2\repository\com\totalcross\utils\magical-utils\0.0.1-SNAPSHOT\magical-utils-0.0.1-SNAPSHOT.jar;C:\Users\marci\.m2\repository\com\totalcross\totalcross-sdk\4.1.0\totalcross-sdk-4.1.0.jar;C:\Users\marci\.m2\repository\org\vafer\jdeb\0.7\jdeb-0.7.jar;C:\Users\marci\.m2\repository\org\apache\maven\maven-plugin-api\2.0.5\maven-plugin-api-2.0.5.jar;C:\Users\marci\.m2\repository\org\apache\maven\maven-project\2.0.5\maven-project-2.0.5.jar;C:\Users\marci\.m2\repository\org\apache\maven\maven-settings\2.0.5\maven-settings-2.0.5.jar;C:\Users\marci\.m2\repository\org\apache\maven\maven-profile\2.0.5\maven-profile-2.0.5.jar;C:\Users\marci\.m2\repository\org\apache\maven\maven-model\2.0.5\maven-model-2.0.5.jar;C:\Users\marci\.m2\repository\org\apache\maven\maven-artifact-manager\2.0.5\maven-artifact-manager-2.0.5.jar;C:\U
Launcher Type: SUN_STANDARD

Environment Variables:
JAVA_HOME=C:\Program Files\Java\jdk1.8.0_111
PATH=C:/Program Files/Java/jre1.8.0_111/bin/server;C:/Program Files/Java/jre1.8.0_111/bin;C:/Program Files/Java/jre1.8.0_111/lib/amd64;C:\ProgramData\Oracle\Java\javapath;C:\Program Files (x86)\Intel\TXE Components\TCS\;C:\Program Files\Intel\TXE Components\TCS\;C:\WINDOWS\system32;C:\WINDOWS;C:\WINDOWS\System32\Wbem;C:\WINDOWS\System32\WindowsPowerShell\v1.0\;C:\Program Files\Intel\TXE Components\DAL\;C:\Program Files (x86)\Intel\TXE Components\DAL\;C:\Program Files\Intel\TXE Components\IPT\;C:\Program Files (x86)\Intel\TXE Components\IPT\;C:\Program Files\Java\jdk1.8.0_111\bin;C:\TotalCross3\dist\vm\win32;C:\Users\marci\AppData\Local\Microsoft\WindowsApps;c:\TotalCross3\dist\vm\win32;C:\Program Files\Java\jdk1.8.0_111\bin;;C:\Users\marci\Desktop;
USERNAME=marci
OS=Windows_NT
PROCESSOR_IDENTIFIER=Intel64 Family 6 Model 76 Stepping 4, GenuineIntel



---------------  S Y S T E M  ---------------

OS: Windows 10.0 , 64 bit Build 16299 (10.0.16299.431)

CPU:total 2 (2 cores per cpu, 1 threads per core) family 6 model 76 stepping 4, cmov, cx8, fxsr, mmx, sse, sse2, sse3, ssse3, sse4.1, sse4.2, popcnt, aes, clmul, erms, 3dnowpref, tsc, tscinvbit

Memory: 4k page, physical 1946148k(274188k free), swap 5015584k(1037964k free)

vm_info: Java HotSpot(TM) 64-Bit Server VM (25.111-b14) for windows-amd64 JRE (1.8.0_111-b14), built on Sep 22 2016 19:24:05 by "java_re" with MS VC++ 10.0 (VS2010)

time: Fri Jun 01 21:56:29 2018
elapsed time: 304 seconds (0d 0h 5m 4s)

