#
# A fatal error has been detected by the Java Runtime Environment:
#
#  EXCEPTION_ACCESS_VIOLATION (0xc0000005) at pc=0x000000006be42be0, pid=2964, tid=0x0000000000001508
#
# JRE version: Java(TM) SE Runtime Environment (8.0_111-b14) (build 1.8.0_111-b14)
# Java VM: Java HotSpot(TM) 64-Bit Server VM (25.111-b14 mixed mode windows-amd64 compressed oops)
# Problematic frame:
# C  0x000000006be42be0
#
# Failed to write core dump. Minidumps are not enabled by default on client versions of Windows
#
# If you would like to submit a bug report, please visit:
#   http://bugreport.java.com/bugreport/crash.jsp
# The crash happened outside the Java Virtual Machine in native code.
# See problematic frame for where to report the bug.
#

---------------  T H R E A D  ---------------

Current thread (0x00000000180dc000):  JavaThread "Secondary finalizer" [_thread_in_native, id=5384, stack(0x000000001cad0000,0x000000001cbd0000)]

siginfo: ExceptionCode=0xc0000005, ExceptionInformation=0x0000000000000008 0x000000006be42be0

Registers:
RAX=0x000000006be42be0, RBX=0x00000000193790e0, RCX=0x00000000180dc1f8, RDX=0x000000001cbcef48
RSP=0x000000001cbceea8, RBP=0x000000001cbcef28, RSI=0x0000000000000108, RDI=0x0000000000000713
R8 =0x0000000000000005, R9 =0x00000000e2cb9580, R10=0x0000000004c0848b, R11=0x0000000052dcb580
R12=0x0000000000000000, R13=0x00000000193790e0, R14=0x000000001cbcef48, R15=0x00000000180dc000
RIP=0x000000006be42be0, EFLAGS=0x0000000000010206

Top of Stack: (sp=0x000000001cbceea8)
0x000000001cbceea8:   0000000004c084b7 000000001cbcef49
0x000000001cbceeb8:   0000000052c5a598 0000000019552d50
0x000000001cbceec8:   00000000180dc000 000000001cbcefb0
0x000000001cbceed8:   0000000000000000 00000000e2cb9580
0x000000001cbceee8:   000000001cbceed8 0000000000000000
0x000000001cbceef8:   000000001cbcef48 00000000193b4710
0x000000001cbcef08:   0000000000000000 00000000193790e0
0x000000001cbcef18:   0000000000000000 000000001cbcef48
0x000000001cbcef28:   000000001cbcefb0 0000000004bf835d
0x000000001cbcef38:   0000000000000000 0000000004c019d8
0x000000001cbcef48:   00000000e2cb9580 00000000e2cb95b8
0x000000001cbcef58:   0000000000000000 0000000000000001
0x000000001cbcef68:   00000000e2cb9580 000000001cbcef50
0x000000001cbcef78:   0000000019373ebe 000000001cbcefe8
0x000000001cbcef88:   00000000193b3f20 0000000000000000
0x000000001cbcef98:   0000000019373f58 000000001cbcef48 

Instructions: (pc=0x000000006be42be0)
0x000000006be42bc0:   
[error occurred during error reporting (printing registers, top of stack, instructions near pc), id 0xc0000005]

Register to memory mapping:

RAX=0x000000006be42be0 is an unknown value
RBX={method} {0x00000000193790e8} 'free_functions' '()V' in 'org/sqlite/core/NativeDB'
RCX=0x00000000180dc1f8 is an unknown value
RDX=0x000000001cbcef48 is pointing into the stack for thread: 0x00000000180dc000
RSP=0x000000001cbceea8 is pointing into the stack for thread: 0x00000000180dc000
RBP=0x000000001cbcef28 is pointing into the stack for thread: 0x00000000180dc000
RSI=0x0000000000000108 is an unknown value
RDI=0x0000000000000713 is an unknown value
R8 =0x0000000000000005 is an unknown value
R9 =0x00000000e2cb9580 is an oop
org.sqlite.core.NativeDB 
 - klass: 'org/sqlite/core/NativeDB'
R10=0x0000000004c0848b is at code_begin+1227 in an Interpreter codelet
method entry point (kind = native_synchronized)  [0x0000000004c07fc0, 0x0000000004c08aa0]  2784 bytes
R11=0x0000000052dcb580 is an unknown value
R12=0x0000000000000000 is an unknown value
R13={method} {0x00000000193790e8} 'free_functions' '()V' in 'org/sqlite/core/NativeDB'
R14=0x000000001cbcef48 is pointing into the stack for thread: 0x00000000180dc000
R15=0x00000000180dc000 is a thread


Stack: [0x000000001cad0000,0x000000001cbd0000],  sp=0x000000001cbceea8,  free space=1019k
Native frames: (J=compiled Java code, j=interpreted, Vv=VM code, C=native code)
C  0x000000006be42be0

Java frames: (J=compiled Java code, j=interpreted, Vv=VM code)
j  org.sqlite.core.NativeDB.free_functions()V+0
j  org.sqlite.core.DB.close()V+102
j  org.sqlite.core.CoreConnection.close()V+26
j  org.sqlite.core.CoreConnection.finalize()V+1
J 1303 C1 java.lang.System$2.invokeFinalize(Ljava/lang/Object;)V (5 bytes) @ 0x0000000004d5bb04 [0x0000000004d5ba00+0x104]
j  java.lang.ref.Finalizer.runFinalizer(Lsun/misc/JavaLangAccess;)V+46
J 1300 C1 java.lang.ref.Finalizer.access$100(Ljava/lang/ref/Finalizer;Lsun/misc/JavaLangAccess;)V (6 bytes) @ 0x0000000004e9e5dc [0x0000000004e9e580+0x5c]
j  java.lang.ref.Finalizer$3.run()V+58
j  java.lang.Thread.run()V+11
v  ~StubRoutines::call_stub

---------------  P R O C E S S  ---------------

Java Threads: ( => current thread )
=>0x00000000180dc000 JavaThread "Secondary finalizer" [_thread_in_native, id=5384, stack(0x000000001cad0000,0x000000001cbd0000)]
  0x0000000017e9d800 JavaThread "TC Event Thread" daemon [_thread_blocked, id=6424, stack(0x000000001b000000,0x000000001b100000)]
  0x0000000004af2800 JavaThread "DestroyJavaVM" [_thread_blocked, id=4604, stack(0x0000000004880000,0x0000000004980000)]
  0x0000000017c96000 JavaThread "AWT-EventQueue-0" [_thread_blocked, id=5420, stack(0x00000000185c0000,0x00000000186c0000)]
  0x0000000017c6a800 JavaThread "AWT-Shutdown" [_thread_blocked, id=1248, stack(0x0000000018300000,0x0000000018400000)]
  0x0000000017c68000 JavaThread "Java2D Disposer" daemon [_thread_blocked, id=7140, stack(0x00000000181a0000,0x00000000182a0000)]
  0x0000000015ccf000 JavaThread "Service Thread" daemon [_thread_blocked, id=6928, stack(0x0000000016fa0000,0x00000000170a0000)]
  0x0000000015cc8000 JavaThread "C1 CompilerThread1" daemon [_thread_blocked, id=6780, stack(0x0000000016ea0000,0x0000000016fa0000)]
  0x0000000015c6e000 JavaThread "C2 CompilerThread0" daemon [_thread_blocked, id=152, stack(0x0000000016da0000,0x0000000016ea0000)]
  0x0000000015c6d000 JavaThread "Attach Listener" daemon [_thread_blocked, id=5668, stack(0x0000000016ca0000,0x0000000016da0000)]
  0x0000000015c69800 JavaThread "Signal Dispatcher" daemon [_thread_blocked, id=4628, stack(0x0000000016ba0000,0x0000000016ca0000)]
  0x0000000015c58800 JavaThread "Finalizer" daemon [_thread_blocked, id=5500, stack(0x00000000168a0000,0x00000000169a0000)]
  0x0000000004be0800 JavaThread "Reference Handler" daemon [_thread_blocked, id=3536, stack(0x00000000167a0000,0x00000000168a0000)]

Other Threads:
  0x0000000015c35800 VMThread [stack: 0x00000000166a0000,0x00000000167a0000] [id=4592]
  0x0000000015cee800 WatcherThread [stack: 0x00000000174a0000,0x00000000175a0000] [id=3620]

VM state:not at safepoint (normal execution)

VM Mutex/Monitor currently owned by a thread: None

Heap:
 PSYoungGen      total 17408K, used 7288K [0x00000000f6180000, 0x00000000f8f80000, 0x0000000100000000)
  eden space 16384K, 38% used [0x00000000f6180000,0x00000000f679ea48,0x00000000f7180000)
  from space 1024K, 99% used [0x00000000f7180000,0x00000000f727f7e8,0x00000000f7280000)
  to   space 7168K, 0% used [0x00000000f8880000,0x00000000f8880000,0x00000000f8f80000)
 ParOldGen       total 20480K, used 12131K [0x00000000e2400000, 0x00000000e3800000, 0x00000000f6180000)
  object space 20480K, 59% used [0x00000000e2400000,0x00000000e2fd8c98,0x00000000e3800000)
 Metaspace       used 12789K, capacity 13084K, committed 13440K, reserved 1060864K
  class space    used 1470K, capacity 1539K, committed 1664K, reserved 1048576K

Card table byte_map: [0x0000000013fb0000,0x00000000140a0000] byte_map_base: 0x000000001389e000

Marking Bits: (ParMarkBitMap*) 0x00000000533ba6c0
 Begin Bits: [0x0000000014340000, 0x0000000014ab0000)
 End Bits:   [0x0000000014ab0000, 0x0000000015220000)

Polling page: 0x0000000004980000

CodeCache: size=245760Kb used=4738Kb max_used=4764Kb free=241021Kb
 bounds [0x0000000004bf0000, 0x00000000050a0000, 0x0000000013bf0000]
 total_blobs=1660 nmethods=1171 adapters=402
 compilation: enabled

Compilation events (10 events):
Event: 69.047 Thread 0x0000000015cc8000 nmethod 1300 0x0000000004e9e410 code [0x0000000004e9e580, 0x0000000004e9e6e8]
Event: 69.047 Thread 0x0000000015cc8000 1301       3       java.lang.ref.Finalizer::hasBeenFinalized (14 bytes)
Event: 69.047 Thread 0x0000000015cc8000 nmethod 1301 0x0000000004d2e050 code [0x0000000004d2e1a0, 0x0000000004d2e350]
Event: 69.047 Thread 0x0000000015cc8000 1302   !   3       java.lang.ref.Finalizer::remove (94 bytes)
Event: 69.048 Thread 0x0000000015cc8000 nmethod 1302 0x0000000004d6f7d0 code [0x0000000004d6f940, 0x0000000004d6fe10]
Event: 69.048 Thread 0x0000000015cc8000 1303       3       java.lang.System$2::invokeFinalize (5 bytes)
Event: 69.048 Thread 0x0000000015cc8000 nmethod 1303 0x0000000004d5b890 code [0x0000000004d5ba00, 0x0000000004d5bc28]
Event: 69.049 Thread 0x0000000015cc8000 1304   !   3       java.io.FileInputStream::close (62 bytes)
Event: 69.050 Thread 0x0000000015cc8000 nmethod 1304 0x0000000004d67c90 code [0x0000000004d67e20, 0x0000000004d68498]
Event: 69.050 Thread 0x0000000015cc8000 1306   !   3       java.lang.ref.Finalizer::runFinalizer (62 bytes)

GC Heap History (10 events):
Event: 1.277 GC heap before
{Heap before GC invocations=1 (full 0):
 PSYoungGen      total 9216K, used 8192K [0x00000000f6180000, 0x00000000f6b80000, 0x0000000100000000)
  eden space 8192K, 100% used [0x00000000f6180000,0x00000000f6980000,0x00000000f6980000)
  from space 1024K, 0% used [0x00000000f6a80000,0x00000000f6a80000,0x00000000f6b80000)
  to   space 1024K, 0% used [0x00000000f6980000,0x00000000f6980000,0x00000000f6a80000)
 ParOldGen       total 20480K, used 0K [0x00000000e2400000, 0x00000000e3800000, 0x00000000f6180000)
  object space 20480K, 0% used [0x00000000e2400000,0x00000000e2400000,0x00000000e3800000)
 Metaspace       used 5491K, capacity 5578K, committed 5760K, reserved 1056768K
  class space    used 585K, capacity 622K, committed 640K, reserved 1048576K
Event: 1.286 GC heap after
Heap after GC invocations=1 (full 0):
 PSYoungGen      total 9216K, used 1008K [0x00000000f6180000, 0x00000000f6b80000, 0x0000000100000000)
  eden space 8192K, 0% used [0x00000000f6180000,0x00000000f6180000,0x00000000f6980000)
  from space 1024K, 98% used [0x00000000f6980000,0x00000000f6a7c030,0x00000000f6a80000)
  to   space 1024K, 0% used [0x00000000f6a80000,0x00000000f6a80000,0x00000000f6b80000)
 ParOldGen       total 20480K, used 972K [0x00000000e2400000, 0x00000000e3800000, 0x00000000f6180000)
  object space 20480K, 4% used [0x00000000e2400000,0x00000000e24f3238,0x00000000e3800000)
 Metaspace       used 5491K, capacity 5578K, committed 5760K, reserved 1056768K
  class space    used 585K, capacity 622K, committed 640K, reserved 1048576K
}
Event: 2.238 GC heap before
{Heap before GC invocations=2 (full 0):
 PSYoungGen      total 9216K, used 9200K [0x00000000f6180000, 0x00000000f6b80000, 0x0000000100000000)
  eden space 8192K, 100% used [0x00000000f6180000,0x00000000f6980000,0x00000000f6980000)
  from space 1024K, 98% used [0x00000000f6980000,0x00000000f6a7c030,0x00000000f6a80000)
  to   space 1024K, 0% used [0x00000000f6a80000,0x00000000f6a80000,0x00000000f6b80000)
 ParOldGen       total 20480K, used 972K [0x00000000e2400000, 0x00000000e3800000, 0x00000000f6180000)
  object space 20480K, 4% used [0x00000000e2400000,0x00000000e24f3238,0x00000000e3800000)
 Metaspace       used 9409K, capacity 9666K, committed 9856K, reserved 1058816K
  class space    used 1089K, capacity 1152K, committed 1152K, reserved 1048576K
Event: 2.283 GC heap after
Heap after GC invocations=2 (full 0):
 PSYoungGen      total 9216K, used 1024K [0x00000000f6180000, 0x00000000f7380000, 0x0000000100000000)
  eden space 8192K, 0% used [0x00000000f6180000,0x00000000f6180000,0x00000000f6980000)
  from space 1024K, 100% used [0x00000000f6a80000,0x00000000f6b80000,0x00000000f6b80000)
  to   space 1024K, 0% used [0x00000000f6980000,0x00000000f6980000,0x00000000f6a80000)
 ParOldGen       total 20480K, used 3942K [0x00000000e2400000, 0x00000000e3800000, 0x00000000f6180000)
  object space 20480K, 19% used [0x00000000e2400000,0x00000000e27d9920,0x00000000e3800000)
 Metaspace       used 9409K, capacity 9666K, committed 9856K, reserved 1058816K
  class space    used 1089K, capacity 1152K, committed 1152K, reserved 1048576K
}
Event: 2.969 GC heap before
{Heap before GC invocations=3 (full 0):
 PSYoungGen      total 9216K, used 9216K [0x00000000f6180000, 0x00000000f7380000, 0x0000000100000000)
  eden space 8192K, 100% used [0x00000000f6180000,0x00000000f6980000,0x00000000f6980000)
  from space 1024K, 100% used [0x00000000f6a80000,0x00000000f6b80000,0x00000000f6b80000)
  to   space 1024K, 0% used [0x00000000f6980000,0x00000000f6980000,0x00000000f6a80000)
 ParOldGen       total 20480K, used 3942K [0x00000000e2400000, 0x00000000e3800000, 0x00000000f6180000)
  object space 20480K, 19% used [0x00000000e2400000,0x00000000e27d9920,0x00000000e3800000)
 Metaspace       used 9677K, capacity 9890K, committed 10240K, reserved 1058816K
  class space    used 1114K, capacity 1184K, committed 1280K, reserved 1048576K
Event: 2.978 GC heap after
Heap after GC invocations=3 (full 0):
 PSYoungGen      total 9216K, used 1021K [0x00000000f6180000, 0x00000000f7380000, 0x0000000100000000)
  eden space 8192K, 0% used [0x00000000f6180000,0x00000000f6180000,0x00000000f6980000)
  from space 1024K, 99% used [0x00000000f6980000,0x00000000f6a7f7e8,0x00000000f6a80000)
  to   space 1024K, 0% used [0x00000000f7280000,0x00000000f7280000,0x00000000f7380000)
 ParOldGen       total 20480K, used 8172K [0x00000000e2400000, 0x00000000e3800000, 0x00000000f6180000)
  object space 20480K, 39% used [0x00000000e2400000,0x00000000e2bfb340,0x00000000e3800000)
 Metaspace       used 9677K, capacity 9890K, committed 10240K, reserved 1058816K
  class space    used 1114K, capacity 1184K, committed 1280K, reserved 1048576K
}
Event: 4.904 GC heap before
{Heap before GC invocations=4 (full 0):
 PSYoungGen      total 9216K, used 9213K [0x00000000f6180000, 0x00000000f7380000, 0x0000000100000000)
  eden space 8192K, 100% used [0x00000000f6180000,0x00000000f6980000,0x00000000f6980000)
  from space 1024K, 99% used [0x00000000f6980000,0x00000000f6a7f7e8,0x00000000f6a80000)
  to   space 1024K, 0% used [0x00000000f7280000,0x00000000f7280000,0x00000000f7380000)
 ParOldGen       total 20480K, used 8172K [0x00000000e2400000, 0x00000000e3800000, 0x00000000f6180000)
  object space 20480K, 39% used [0x00000000e2400000,0x00000000e2bfb340,0x00000000e3800000)
 Metaspace       used 9938K, capacity 10178K, committed 10496K, reserved 1058816K
  class space    used 1142K, capacity 1216K, committed 1280K, reserved 1048576K
Event: 4.909 GC heap after
Heap after GC invocations=4 (full 0):
 PSYoungGen      total 17408K, used 1021K [0x00000000f6180000, 0x00000000f7380000, 0x0000000100000000)
  eden space 16384K, 0% used [0x00000000f6180000,0x00000000f6180000,0x00000000f7180000)
  from space 1024K, 99% used [0x00000000f7280000,0x00000000f737f7e8,0x00000000f7380000)
  to   space 1024K, 0% used [0x00000000f7180000,0x00000000f7180000,0x00000000f7280000)
 ParOldGen       total 20480K, used 8343K [0x00000000e2400000, 0x00000000e3800000, 0x00000000f6180000)
  object space 20480K, 40% used [0x00000000e2400000,0x00000000e2c25c60,0x00000000e3800000)
 Metaspace       used 9938K, capacity 10178K, committed 10496K, reserved 1058816K
  class space    used 1142K, capacity 1216K, committed 1280K, reserved 1048576K
}
Event: 14.807 GC heap before
{Heap before GC invocations=5 (full 0):
 PSYoungGen      total 17408K, used 17405K [0x00000000f6180000, 0x00000000f7380000, 0x0000000100000000)
  eden space 16384K, 100% used [0x00000000f6180000,0x00000000f7180000,0x00000000f7180000)
  from space 1024K, 99% used [0x00000000f7280000,0x00000000f737f7e8,0x00000000f7380000)
  to   space 1024K, 0% used [0x00000000f7180000,0x00000000f7180000,0x00000000f7280000)
 ParOldGen       total 20480K, used 8343K [0x00000000e2400000, 0x00000000e3800000, 0x00000000f6180000)
  object space 20480K, 40% used [0x00000000e2400000,0x00000000e2c25c60,0x00000000e3800000)
 Metaspace       used 12477K, capacity 12692K, committed 12928K, reserved 1060864K
  class space    used 1457K, capacity 1539K, committed 1664K, reserved 1048576K
Event: 14.820 GC heap after
Heap after GC invocations=5 (full 0):
 PSYoungGen      total 17408K, used 1021K [0x00000000f6180000, 0x00000000f8f80000, 0x0000000100000000)
  eden space 16384K, 0% used [0x00000000f6180000,0x00000000f6180000,0x00000000f7180000)
  from space 1024K, 99% used [0x00000000f7180000,0x00000000f727f7e8,0x00000000f7280000)
  to   space 7168K, 0% used [0x00000000f8880000,0x00000000f8880000,0x00000000f8f80000)
 ParOldGen       total 20480K, used 12131K [0x00000000e2400000, 0x00000000e3800000, 0x00000000f6180000)
  object space 20480K, 59% used [0x00000000e2400000,0x00000000e2fd8c98,0x00000000e3800000)
 Metaspace       used 12477K, capacity 12692K, committed 12928K, reserved 1060864K
  class space    used 1457K, capacity 1539K, committed 1664K, reserved 1048576K
}

Deoptimization events (10 events):
Event: 6.869 Thread 0x0000000017e9d800 Uncommon trap: reason=null_assert action=make_not_entrant pc=0x0000000004f7ec8c method=totalcross.Launcher.updateScreen()V @ 247
Event: 14.754 Thread 0x00000000180dd000 Uncommon trap: reason=unstable_if action=reinterpret pc=0x0000000004f1a908 method=totalcross.ui.image.Image$ImageLoader.setPixels(IIIILjava/awt/image/ColorModel;[III)V @ 34
Event: 14.754 Thread 0x00000000180dd000 Uncommon trap: reason=unstable_if action=reinterpret pc=0x0000000004ed03e8 method=java.awt.image.DirectColorModel.getAlpha(I)I @ 4
Event: 14.754 Thread 0x00000000180dd000 Uncommon trap: reason=unstable_if action=reinterpret pc=0x0000000004ed0b28 method=java.awt.image.DirectColorModel.getAlpha(I)I @ 4
Event: 14.942 Thread 0x0000000017e9d800 Uncommon trap: reason=unstable_if action=reinterpret pc=0x00000000050033a8 method=totalcross.ui.gfx.Graphics.fillRect(IIII)V @ 9
Event: 14.947 Thread 0x0000000017e9d800 Uncommon trap: reason=unstable_if action=reinterpret pc=0x0000000004fe8df0 method=totalcross.ui.gfx.Graphics.drawText(Ljava/lang/String;III)V @ 254
Event: 16.590 Thread 0x0000000017e9d800 Uncommon trap: reason=unstable_if action=reinterpret pc=0x000000000506b344 method=totalcross.ui.gfx.Graphics.drawText(Ljava/lang/String;III)V @ 211
Event: 16.590 Thread 0x0000000017e9d800 Uncommon trap: reason=unstable_if action=reinterpret pc=0x0000000004fd2b6c method=totalcross.ui.gfx.Graphics.drawText(Ljava/lang/String;III)V @ 1109
Event: 16.624 Thread 0x0000000017e9d800 Uncommon trap: reason=unstable_if action=reinterpret pc=0x000000000500401c method=totalcross.ui.gfx.Graphics.translateAndClip(IIII)Z @ 164
Event: 68.929 Thread 0x0000000017e9d800 Uncommon trap: reason=unstable_if action=reinterpret pc=0x000000000509d9d0 method=totalcross.TCEventThread.privatePumpEvents()V @ 61

Internal exceptions (10 events):
Event: 17.951 Thread 0x0000000017e9d800 Exception <a 'java/io/FileNotFoundException'> (0x00000000f65d8690) thrown at [C:\re\workspace\8-2-build-windows-amd64-cygwin\jdk8u111\7883\hotspot\src\share\vm\prims\jni.cpp, line 709]
Event: 17.967 Thread 0x0000000017e9d800 Exception <a 'java/io/FileNotFoundException'> (0x00000000f6600638) thrown at [C:\re\workspace\8-2-build-windows-amd64-cygwin\jdk8u111\7883\hotspot\src\share\vm\prims\jni.cpp, line 709]
Event: 17.967 Thread 0x0000000017e9d800 Exception <a 'java/io/FileNotFoundException'> (0x00000000f6601128) thrown at [C:\re\workspace\8-2-build-windows-amd64-cygwin\jdk8u111\7883\hotspot\src\share\vm\prims\jni.cpp, line 709]
Event: 17.968 Thread 0x0000000017e9d800 Exception <a 'java/io/FileNotFoundException'> (0x00000000f6601e78) thrown at [C:\re\workspace\8-2-build-windows-amd64-cygwin\jdk8u111\7883\hotspot\src\share\vm\prims\jni.cpp, line 709]
Event: 17.983 Thread 0x0000000017d2c000 Exception <a 'java/lang/InterruptedException': sleep interrupted> (0x00000000f61a09f8) thrown at [C:\re\workspace\8-2-build-windows-amd64-cygwin\jdk8u111\7883\hotspot\src\share\vm\prims\jvm.cpp, line 3224]
Event: 17.986 Thread 0x0000000017d2c000 Exception <a 'java/lang/InterruptedException': sleep interrupted> (0x00000000f61a0c50) thrown at [C:\re\workspace\8-2-build-windows-amd64-cygwin\jdk8u111\7883\hotspot\src\share\vm\prims\jvm.cpp, line 3224]
Event: 68.804 Thread 0x0000000017e9d800 Exception <a 'java/io/FileNotFoundException'> (0x00000000f6639970) thrown at [C:\re\workspace\8-2-build-windows-amd64-cygwin\jdk8u111\7883\hotspot\src\share\vm\prims\jni.cpp, line 709]
Event: 68.804 Thread 0x0000000017e9d800 Exception <a 'java/io/FileNotFoundException'> (0x00000000f663a418) thrown at [C:\re\workspace\8-2-build-windows-amd64-cygwin\jdk8u111\7883\hotspot\src\share\vm\prims\jni.cpp, line 709]
Event: 68.804 Thread 0x0000000017e9d800 Exception <a 'java/io/FileNotFoundException'> (0x00000000f663b208) thrown at [C:\re\workspace\8-2-build-windows-amd64-cygwin\jdk8u111\7883\hotspot\src\share\vm\prims\jni.cpp, line 709]
Event: 68.929 Thread 0x0000000017d2c000 Exception <a 'java/lang/InterruptedException': sleep interrupted> (0x00000000f66d2230) thrown at [C:\re\workspace\8-2-build-windows-amd64-cygwin\jdk8u111\7883\hotspot\src\share\vm\prims\jvm.cpp, line 3224]

Events (10 events):
Event: 69.047 Thread 0x0000000015cc8000 flushing nmethod 0x0000000004d6f490
Event: 69.047 Thread 0x0000000015cc8000 flushing nmethod 0x0000000004d721d0
Event: 69.048 Executing VM operation: RevokeBias
Event: 69.048 Executing VM operation: RevokeBias done
Event: 69.049 Executing VM operation: RevokeBias
Event: 69.049 Executing VM operation: RevokeBias done
Event: 69.049 Executing VM operation: RevokeBias
Event: 69.050 Executing VM operation: RevokeBias done
Event: 69.050 Executing VM operation: RevokeBias
Event: 69.050 Executing VM operation: RevokeBias done


Dynamic libraries:
0x00007ff605660000 - 0x00007ff605697000 	C:\Program Files\Java\jre1.8.0_111\bin\javaw.exe
0x00007ffdb3860000 - 0x00007ffdb3a40000 	C:\WINDOWS\SYSTEM32\ntdll.dll
0x00007ffdb30f0000 - 0x00007ffdb319e000 	C:\WINDOWS\System32\KERNEL32.DLL
0x00007ffdb0ac0000 - 0x00007ffdb0d26000 	C:\WINDOWS\System32\KERNELBASE.dll
0x00007ffdb1000000 - 0x00007ffdb10a1000 	C:\WINDOWS\System32\ADVAPI32.dll
0x00007ffdb3560000 - 0x00007ffdb35fd000 	C:\WINDOWS\System32\msvcrt.dll
0x00007ffdb31a0000 - 0x00007ffdb31fb000 	C:\WINDOWS\System32\sechost.dll
0x00007ffdb1240000 - 0x00007ffdb135f000 	C:\WINDOWS\System32\RPCRT4.dll
0x00007ffdb0d90000 - 0x00007ffdb0f1f000 	C:\WINDOWS\System32\USER32.dll
0x00007ffdb0110000 - 0x00007ffdb0130000 	C:\WINDOWS\System32\win32u.dll
0x00007ffdb3730000 - 0x00007ffdb3758000 	C:\WINDOWS\System32\GDI32.dll
0x00007ffdb0920000 - 0x00007ffdb0ab3000 	C:\WINDOWS\System32\gdi32full.dll
0x00007ffdb0130000 - 0x00007ffdb01cb000 	C:\WINDOWS\System32\msvcp_win.dll
0x00007ffdafc60000 - 0x00007ffdafd56000 	C:\WINDOWS\System32\ucrtbase.dll
0x00007ffd9aec0000 - 0x00007ffd9b129000 	C:\WINDOWS\WinSxS\amd64_microsoft.windows.common-controls_6595b64144ccf1df_6.0.16299.431_none_15c7d3ee93659e73\COMCTL32.dll
0x00007ffdb1920000 - 0x00007ffdb1c28000 	C:\WINDOWS\System32\combase.dll
0x00007ffdaff80000 - 0x00007ffdafff2000 	C:\WINDOWS\System32\bcryptPrimitives.dll
0x00007ffdb1160000 - 0x00007ffdb118d000 	C:\WINDOWS\System32\IMM32.DLL
0x00000000539c0000 - 0x0000000053a92000 	C:\Program Files\Java\jre1.8.0_111\bin\msvcr100.dll
0x0000000052ba0000 - 0x000000005343a000 	C:\Program Files\Java\jre1.8.0_111\bin\server\jvm.dll
0x00007ffdb30e0000 - 0x00007ffdb30e8000 	C:\WINDOWS\System32\PSAPI.DLL
0x00007ffd99930000 - 0x00007ffd99939000 	C:\WINDOWS\SYSTEM32\WSOCK32.dll
0x00007ffdb3070000 - 0x00007ffdb30dc000 	C:\WINDOWS\System32\WS2_32.dll
0x00007ffdadf40000 - 0x00007ffdadf63000 	C:\WINDOWS\SYSTEM32\WINMM.dll
0x00007ffda15e0000 - 0x00007ffda15ea000 	C:\WINDOWS\SYSTEM32\VERSION.dll
0x00007ffdadee0000 - 0x00007ffdadf0a000 	C:\WINDOWS\SYSTEM32\WINMMBASE.dll
0x00007ffdafd60000 - 0x00007ffdafdaa000 	C:\WINDOWS\System32\cfgmgr32.dll
0x0000000052ab0000 - 0x0000000052abf000 	C:\Program Files\Java\jre1.8.0_111\bin\verify.dll
0x0000000052a80000 - 0x0000000052aa9000 	C:\Program Files\Java\jre1.8.0_111\bin\java.dll
0x0000000052a60000 - 0x0000000052a76000 	C:\Program Files\Java\jre1.8.0_111\bin\zip.dll
0x00007ffdb1c30000 - 0x00007ffdb3068000 	C:\WINDOWS\System32\SHELL32.dll
0x00007ffdb1190000 - 0x00007ffdb1236000 	C:\WINDOWS\System32\shcore.dll
0x00007ffdb01d0000 - 0x00007ffdb0917000 	C:\WINDOWS\System32\windows.storage.dll
0x00007ffdb0fa0000 - 0x00007ffdb0ff1000 	C:\WINDOWS\System32\shlwapi.dll
0x00007ffdafc20000 - 0x00007ffdafc31000 	C:\WINDOWS\System32\kernel.appcore.dll
0x00007ffdafbb0000 - 0x00007ffdafbfc000 	C:\WINDOWS\System32\powrprof.dll
0x00007ffdafc40000 - 0x00007ffdafc5b000 	C:\WINDOWS\System32\profapi.dll
0x0000000053820000 - 0x00000000539b8000 	C:\Program Files\Java\jre1.8.0_111\bin\awt.dll
0x00007ffdb3760000 - 0x00007ffdb3825000 	C:\WINDOWS\System32\OLEAUT32.dll
0x00007ffdae060000 - 0x00007ffdae0e8000 	C:\WINDOWS\SYSTEM32\apphelp.dll
0x00007ffdae450000 - 0x00007ffdae47a000 	C:\WINDOWS\system32\DWMAPI.DLL
0x00007ffdae1e0000 - 0x00007ffdae275000 	C:\WINDOWS\system32\uxtheme.dll
0x00007ffdb17b0000 - 0x00007ffdb1917000 	C:\WINDOWS\System32\MSCTF.dll
0x00007ffdb3200000 - 0x00007ffdb3349000 	C:\WINDOWS\System32\ole32.dll
0x00000000537d0000 - 0x0000000053817000 	C:\Program Files\Java\jre1.8.0_111\bin\fontmanager.dll
0x00007ffda37d0000 - 0x00007ffda3865000 	C:\WINDOWS\system32\RICHED20.DLL
0x00007ffd9e620000 - 0x00007ffd9e639000 	C:\WINDOWS\SYSTEM32\USP10.dll
0x00007ffda3790000 - 0x00007ffda37c8000 	C:\WINDOWS\SYSTEM32\msls31.dll
0x00007ffdb10b0000 - 0x00007ffdb114e000 	C:\WINDOWS\System32\clbcatq.dll
0x00007ffdaf6b0000 - 0x00007ffdaf6d5000 	C:\WINDOWS\system32\bcrypt.dll
0x00007ffda4f20000 - 0x00007ffda4fb8000 	C:\WINDOWS\System32\TextInputFramework.dll
0x00007ffdaa720000 - 0x00007ffdaaa0e000 	C:\WINDOWS\System32\CoreUIComponents.dll
0x00007ffdad0d0000 - 0x00007ffdad1ac000 	C:\WINDOWS\System32\CoreMessaging.dll
0x00007ffdaece0000 - 0x00007ffdaed11000 	C:\WINDOWS\SYSTEM32\ntmarta.dll
0x00007ffdac050000 - 0x00007ffdac186000 	C:\WINDOWS\SYSTEM32\wintypes.dll
0x00007ffdaf5a0000 - 0x00007ffdaf5b7000 	C:\WINDOWS\SYSTEM32\CRYPTSP.dll
0x00007ffdaefe0000 - 0x00007ffdaf013000 	C:\WINDOWS\system32\rsaenh.dll
0x00007ffdafab0000 - 0x00007ffdafad9000 	C:\WINDOWS\SYSTEM32\USERENV.dll
0x00007ffdaf5c0000 - 0x00007ffdaf5cb000 	C:\WINDOWS\SYSTEM32\CRYPTBASE.dll
0x0000000052a40000 - 0x0000000052a5a000 	C:\Program Files\Java\jre1.8.0_111\bin\net.dll
0x00007ffdaf3e0000 - 0x00007ffdaf446000 	C:\WINDOWS\system32\mswsock.dll
0x00007ffdaf170000 - 0x00007ffdaf1a9000 	C:\WINDOWS\SYSTEM32\IPHLPAPI.DLL
0x00007ffdb3350000 - 0x00007ffdb3358000 	C:\WINDOWS\System32\NSI.dll
0x00007ffdaf1b0000 - 0x00007ffdaf266000 	C:\WINDOWS\SYSTEM32\DNSAPI.dll
0x00007ffda4840000 - 0x00007ffda484a000 	C:\Windows\System32\rasadhlp.dll
0x00007ffdaa480000 - 0x00007ffdaa496000 	C:\WINDOWS\SYSTEM32\dhcpcsvc6.DLL
0x00007ffdaa4e0000 - 0x00007ffdaa4fa000 	C:\WINDOWS\SYSTEM32\dhcpcsvc.DLL
0x0000000052a20000 - 0x0000000052a31000 	C:\Program Files\Java\jre1.8.0_111\bin\nio.dll
0x00007ffda7050000 - 0x00007ffda70c0000 	C:\WINDOWS\System32\fwpuclnt.dll
0x0000000053790000 - 0x00000000537c1000 	C:\Program Files\Java\jre1.8.0_111\bin\jpeg.dll
0x00007ffda09b0000 - 0x00007ffda0b78000 	C:\WINDOWS\SYSTEM32\dbghelp.dll

VM Arguments:
jvm_args: -Dfile.encoding=Cp1252 
java_command: totalcross.Launcher /r 544353541A8E8B2A28D5B8E0 com.app.app
java_class_path (initial): C:\Program Files\Java\jre1.8.0_111\lib\resources.jar;C:\Program Files\Java\jre1.8.0_111\lib\rt.jar;C:\Program Files\Java\jre1.8.0_111\lib\jsse.jar;C:\Program Files\Java\jre1.8.0_111\lib\jce.jar;C:\Program Files\Java\jre1.8.0_111\lib\charsets.jar;C:\Program Files\Java\jre1.8.0_111\lib\jfr.jar;C:\Program Files\Java\jre1.8.0_111\lib\ext\access-bridge-64.jar;C:\Program Files\Java\jre1.8.0_111\lib\ext\cldrdata.jar;C:\Program Files\Java\jre1.8.0_111\lib\ext\dnsns.jar;C:\Program Files\Java\jre1.8.0_111\lib\ext\jaccess.jar;C:\Program Files\Java\jre1.8.0_111\lib\ext\jfxrt.jar;C:\Program Files\Java\jre1.8.0_111\lib\ext\localedata.jar;C:\Program Files\Java\jre1.8.0_111\lib\ext\nashorn.jar;C:\Program Files\Java\jre1.8.0_111\lib\ext\sunec.jar;C:\Program Files\Java\jre1.8.0_111\lib\ext\sunjce_provider.jar;C:\Program Files\Java\jre1.8.0_111\lib\ext\sunmscapi.jar;C:\Program Files\Java\jre1.8.0_111\lib\ext\sunpkcs11.jar;C:\Program Files\Java\jre1.8.0_111\lib\ext\zipfs.jar;C:\Users\marci\eclipse-workspace\app\target\classes;C:\Users\marci\.m2\repository\com\totalcross\utils\tc-utilities\0.0.1-SNAPSHOT\tc-utilities-0.0.1-SNAPSHOT.jar;C:\Users\marci\.m2\repository\com\totalcross\utils\magical-utils\0.0.1-SNAPSHOT\magical-utils-0.0.1-SNAPSHOT.jar;C:\Users\marci\.m2\repository\com\totalcross\totalcross-sdk\4.1.0\totalcross-sdk-4.1.0.jar;C:\Users\marci\.m2\repository\org\vafer\jdeb\0.7\jdeb-0.7.jar;C:\Users\marci\.m2\repository\org\apache\maven\maven-plugin-api\2.0.5\maven-plugin-api-2.0.5.jar;C:\Users\marci\.m2\repository\org\apache\maven\maven-project\2.0.5\maven-project-2.0.5.jar;C:\Users\marci\.m2\repository\org\apache\maven\maven-settings\2.0.5\maven-settings-2.0.5.jar;C:\Users\marci\.m2\repository\org\apache\maven\maven-profile\2.0.5\maven-profile-2.0.5.jar;C:\Users\marci\.m2\repository\org\apache\maven\maven-model\2.0.5\maven-model-2.0.5.jar;C:\Users\marci\.m2\repository\org\apache\maven\maven-artifact-manager\2.0.5\maven-artifact-manager-2.0.5.jar;C:\U
Launcher Type: SUN_STANDARD

Environment Variables:
JAVA_HOME=C:\Program Files\Java\jdk1.8.0_111
PATH=C:/Program Files/Java/jre1.8.0_111/bin/server;C:/Program Files/Java/jre1.8.0_111/bin;C:/Program Files/Java/jre1.8.0_111/lib/amd64;C:\ProgramData\Oracle\Java\javapath;C:\Program Files (x86)\Intel\TXE Components\TCS\;C:\Program Files\Intel\TXE Components\TCS\;C:\WINDOWS\system32;C:\WINDOWS;C:\WINDOWS\System32\Wbem;C:\WINDOWS\System32\WindowsPowerShell\v1.0\;C:\Program Files\Intel\TXE Components\DAL\;C:\Program Files (x86)\Intel\TXE Components\DAL\;C:\Program Files\Intel\TXE Components\IPT\;C:\Program Files (x86)\Intel\TXE Components\IPT\;C:\Program Files\Java\jdk1.8.0_111\bin;C:\TotalCross3\dist\vm\win32;C:\Users\marci\AppData\Local\Microsoft\WindowsApps;c:\TotalCross3\dist\vm\win32;C:\Program Files\Java\jdk1.8.0_111\bin;;C:\Users\marci\Desktop;
USERNAME=marci
OS=Windows_NT
PROCESSOR_IDENTIFIER=Intel64 Family 6 Model 76 Stepping 4, GenuineIntel



---------------  S Y S T E M  ---------------

OS: Windows 10.0 , 64 bit Build 16299 (10.0.16299.431)

CPU:total 2 (2 cores per cpu, 1 threads per core) family 6 model 76 stepping 4, cmov, cx8, fxsr, mmx, sse, sse2, sse3, ssse3, sse4.1, sse4.2, popcnt, aes, clmul, erms, 3dnowpref, tsc, tscinvbit

Memory: 4k page, physical 1946148k(397804k free), swap 3387940k(1010260k free)

vm_info: Java HotSpot(TM) 64-Bit Server VM (25.111-b14) for windows-amd64 JRE (1.8.0_111-b14), built on Sep 22 2016 19:24:05 by "java_re" with MS VC++ 10.0 (VS2010)

time: Fri Jun 01 02:12:34 2018
elapsed time: 69 seconds (0d 0h 1m 9s)

