#
# A fatal error has been detected by the Java Runtime Environment:
#
#  EXCEPTION_ACCESS_VIOLATION (0xc0000005) at pc=0x000000006be42be0, pid=4200, tid=0x00000000000009e4
#
# JRE version: Java(TM) SE Runtime Environment (8.0_111-b14) (build 1.8.0_111-b14)
# Java VM: Java HotSpot(TM) 64-Bit Server VM (25.111-b14 mixed mode windows-amd64 compressed oops)
# Problematic frame:
# C  0x000000006be42be0
#
# Failed to write core dump. Minidumps are not enabled by default on client versions of Windows
#
# If you would like to submit a bug report, please visit:
#   http://bugreport.java.com/bugreport/crash.jsp
# The crash happened outside the Java Virtual Machine in native code.
# See problematic frame for where to report the bug.
#

---------------  T H R E A D  ---------------

Current thread (0x0000000019a89000):  JavaThread "Secondary finalizer" [_thread_in_native, id=2532, stack(0x000000001d6f0000,0x000000001d7f0000)]

siginfo: ExceptionCode=0xc0000005, ExceptionInformation=0x0000000000000008 0x000000006be42be0

Registers:
RAX=0x000000006be42be0, RBX=0x000000001927a8e8, RCX=0x0000000019a891f8, RDX=0x000000001d7eeec8
RSP=0x000000001d7eee28, RBP=0x000000001d7eeea8, RSI=0x0000000000000108, RDI=0x000000000000070e
R8 =0x0000000000000005, R9 =0x00000000e2acee60, R10=0x0000000004b5848b, R11=0x0000000052d7b580
R12=0x0000000000000000, R13=0x000000001927a8e8, R14=0x000000001d7eeec8, R15=0x0000000019a89000
RIP=0x000000006be42be0, EFLAGS=0x0000000000010206

Top of Stack: (sp=0x000000001d7eee28)
0x000000001d7eee28:   0000000004b584b7 0000000000000000
0x000000001d7eee38:   0000000000000000 0000000000000000
0x000000001d7eee48:   0000000000000000 000000001d7eef30
0x000000001d7eee58:   0000000000000000 00000000e2acee60
0x000000001d7eee68:   000000001d7eee58 0000000000000000
0x000000001d7eee78:   000000001d7eeec8 00000000192a6500
0x000000001d7eee88:   0000000000000000 000000001927a8e8
0x000000001d7eee98:   0000000000000000 000000001d7eeec8
0x000000001d7eeea8:   000000001d7eef30 0000000004b4835d
0x000000001d7eeeb8:   0000000000000000 0000000004b519d8
0x000000001d7eeec8:   00000000e2acee60 00000000e2acee98
0x000000001d7eeed8:   0000000000000000 0000000000000001
0x000000001d7eeee8:   00000000e2acee60 000000001d7eeed0
0x000000001d7eeef8:   00000000192756c6 000000001d7eef68
0x000000001d7eef08:   00000000192a5d10 0000000000000000
0x000000001d7eef18:   0000000019275760 000000001d7eeec8 

Instructions: (pc=0x000000006be42be0)
0x000000006be42bc0:   
[error occurred during error reporting (printing registers, top of stack, instructions near pc), id 0xc0000005]

Register to memory mapping:

RAX=0x000000006be42be0 is an unknown value
RBX={method} {0x000000001927a8f0} 'free_functions' '()V' in 'org/sqlite/core/NativeDB'
RCX=0x0000000019a891f8 is an unknown value
RDX=0x000000001d7eeec8 is pointing into the stack for thread: 0x0000000019a89000
RSP=0x000000001d7eee28 is pointing into the stack for thread: 0x0000000019a89000
RBP=0x000000001d7eeea8 is pointing into the stack for thread: 0x0000000019a89000
RSI=0x0000000000000108 is an unknown value
RDI=0x000000000000070e is an unknown value
R8 =0x0000000000000005 is an unknown value
R9 =0x00000000e2acee60 is an oop
org.sqlite.core.NativeDB 
 - klass: 'org/sqlite/core/NativeDB'
R10=0x0000000004b5848b is at code_begin+1227 in an Interpreter codelet
method entry point (kind = native_synchronized)  [0x0000000004b57fc0, 0x0000000004b58aa0]  2784 bytes
R11=0x0000000052d7b580 is an unknown value
R12=0x0000000000000000 is an unknown value
R13={method} {0x000000001927a8f0} 'free_functions' '()V' in 'org/sqlite/core/NativeDB'
R14=0x000000001d7eeec8 is pointing into the stack for thread: 0x0000000019a89000
R15=0x0000000019a89000 is a thread


Stack: [0x000000001d6f0000,0x000000001d7f0000],  sp=0x000000001d7eee28,  free space=1019k
Native frames: (J=compiled Java code, j=interpreted, Vv=VM code, C=native code)
C  0x000000006be42be0

Java frames: (J=compiled Java code, j=interpreted, Vv=VM code)
j  org.sqlite.core.NativeDB.free_functions()V+0
j  org.sqlite.core.DB.close()V+102
j  org.sqlite.core.CoreConnection.close()V+26
j  org.sqlite.core.CoreConnection.finalize()V+1
J 907 C1 java.lang.ref.Finalizer.runFinalizer(Lsun/misc/JavaLangAccess;)V (62 bytes) @ 0x0000000004ede91c [0x0000000004ede380+0x59c]
J 906 C1 java.lang.ref.Finalizer.access$100(Ljava/lang/ref/Finalizer;Lsun/misc/JavaLangAccess;)V (6 bytes) @ 0x0000000004c4de9c [0x0000000004c4de40+0x5c]
j  java.lang.ref.Finalizer$3.run()V+58
j  java.lang.Thread.run()V+11
v  ~StubRoutines::call_stub

---------------  P R O C E S S  ---------------

Java Threads: ( => current thread )
=>0x0000000019a89000 JavaThread "Secondary finalizer" [_thread_in_native, id=2532, stack(0x000000001d6f0000,0x000000001d7f0000)]
  0x000000001956c000 JavaThread "TC Event Thread" daemon [_thread_blocked, id=6988, stack(0x000000001b120000,0x000000001b220000)]
  0x0000000004a42800 JavaThread "DestroyJavaVM" [_thread_blocked, id=2832, stack(0x00000000047b0000,0x00000000048b0000)]
  0x0000000017bb1000 JavaThread "AWT-EventQueue-0" [_thread_blocked, id=6976, stack(0x00000000184e0000,0x00000000185e0000)]
  0x0000000017b84000 JavaThread "AWT-Shutdown" [_thread_blocked, id=2888, stack(0x00000000182e0000,0x00000000183e0000)]
  0x0000000017b81800 JavaThread "Java2D Disposer" daemon [_thread_blocked, id=7040, stack(0x00000000181e0000,0x00000000182e0000)]
  0x0000000015c45000 JavaThread "Service Thread" daemon [_thread_blocked, id=1188, stack(0x0000000016f00000,0x0000000017000000)]
  0x0000000015bd8000 JavaThread "C1 CompilerThread1" daemon [_thread_blocked, id=4772, stack(0x0000000016e00000,0x0000000016f00000)]
  0x0000000015bbc800 JavaThread "C2 CompilerThread0" daemon [_thread_blocked, id=1112, stack(0x0000000016d00000,0x0000000016e00000)]
  0x0000000015bbb000 JavaThread "Attach Listener" daemon [_thread_blocked, id=5688, stack(0x0000000016c00000,0x0000000016d00000)]
  0x0000000015bb8000 JavaThread "Signal Dispatcher" daemon [_thread_blocked, id=4628, stack(0x0000000016b00000,0x0000000016c00000)]
  0x0000000015ba8800 JavaThread "Finalizer" daemon [_thread_blocked, id=4672, stack(0x0000000016800000,0x0000000016900000)]
  0x0000000004b2f800 JavaThread "Reference Handler" daemon [_thread_blocked, id=6704, stack(0x0000000016700000,0x0000000016800000)]

Other Threads:
  0x0000000015b85800 VMThread [stack: 0x0000000016600000,0x0000000016700000] [id=4948]
  0x0000000015c4b800 WatcherThread [stack: 0x0000000017400000,0x0000000017500000] [id=5368]

VM state:not at safepoint (normal execution)

VM Mutex/Monitor currently owned by a thread: None

Heap:
 PSYoungGen      total 27648K, used 10335K [0x00000000f6180000, 0x00000000f8d00000, 0x0000000100000000)
  eden space 24064K, 28% used [0x00000000f6180000,0x00000000f6831f50,0x00000000f7900000)
  from space 3584K, 97% used [0x00000000f8980000,0x00000000f8ce5f98,0x00000000f8d00000)
  to   space 7680K, 0% used [0x00000000f7e00000,0x00000000f7e00000,0x00000000f8580000)
 ParOldGen       total 31232K, used 11641K [0x00000000e2400000, 0x00000000e4280000, 0x00000000f6180000)
  object space 31232K, 37% used [0x00000000e2400000,0x00000000e2f5e530,0x00000000e4280000)
 Metaspace       used 13054K, capacity 13322K, committed 13696K, reserved 1060864K
  class space    used 1484K, capacity 1574K, committed 1664K, reserved 1048576K

Card table byte_map: [0x0000000013f00000,0x0000000013ff0000] byte_map_base: 0x00000000137ee000

Marking Bits: (ParMarkBitMap*) 0x000000005336a6c0
 Begin Bits: [0x0000000014290000, 0x0000000014a00000)
 End Bits:   [0x0000000014a00000, 0x0000000015170000)

Polling page: 0x0000000002f60000

CodeCache: size=245760Kb used=5326Kb max_used=5326Kb free=240433Kb
 bounds [0x0000000004b40000, 0x00000000050a0000, 0x0000000013b40000]
 total_blobs=1808 nmethods=1319 adapters=402
 compilation: enabled

Compilation events (10 events):
Event: 1011.141 Thread 0x0000000015bbc800 nmethod 1528 0x0000000004de2350 code [0x0000000004de24a0, 0x0000000004de2528]
Event: 1011.217 Thread 0x0000000015bd8000 nmethod 1527 0x000000000506c6d0 code [0x000000000506e1c0, 0x0000000005085da8]
Event: 1011.777 Thread 0x0000000015bd8000 1529       1       java.lang.ref.Finalizer::access$400 (5 bytes)
Event: 1011.778 Thread 0x0000000015bd8000 nmethod 1529 0x0000000004e7ead0 code [0x0000000004e7ec20, 0x0000000004e7ed10]
Event: 1011.781 Thread 0x0000000015bd8000 1530       3       java.util.zip.ZStreamRef::clear (6 bytes)
Event: 1011.782 Thread 0x0000000015bd8000 nmethod 1530 0x0000000004e85750 code [0x0000000004e858a0, 0x0000000004e85a10]
Event: 1011.848 Thread 0x0000000015bd8000 1531       3       java.util.ArrayDeque::poll (5 bytes)
Event: 1011.861 Thread 0x0000000015bd8000 nmethod 1531 0x0000000004c68810 code [0x0000000004c68980, 0x0000000004c68b28]
Event: 1011.861 Thread 0x0000000015bd8000 1532       3       java.util.ArrayDeque::pollFirst (42 bytes)
Event: 1011.862 Thread 0x0000000015bd8000 nmethod 1532 0x0000000004c68210 code [0x0000000004c68380, 0x0000000004c686b0]

GC Heap History (10 events):
Event: 2.623 GC heap before
{Heap before GC invocations=3 (full 0):
 PSYoungGen      total 9216K, used 9184K [0x00000000f6180000, 0x00000000f7380000, 0x0000000100000000)
  eden space 8192K, 100% used [0x00000000f6180000,0x00000000f6980000,0x00000000f6980000)
  from space 1024K, 96% used [0x00000000f6a80000,0x00000000f6b78020,0x00000000f6b80000)
  to   space 1024K, 0% used [0x00000000f6980000,0x00000000f6980000,0x00000000f6a80000)
 ParOldGen       total 20480K, used 3958K [0x00000000e2400000, 0x00000000e3800000, 0x00000000f6180000)
  object space 20480K, 19% used [0x00000000e2400000,0x00000000e27dd8d8,0x00000000e3800000)
 Metaspace       used 9682K, capacity 9890K, committed 10240K, reserved 1058816K
  class space    used 1114K, capacity 1184K, committed 1280K, reserved 1048576K
Event: 2.640 GC heap after
Heap after GC invocations=3 (full 0):
 PSYoungGen      total 9216K, used 1015K [0x00000000f6180000, 0x00000000f7380000, 0x0000000100000000)
  eden space 8192K, 0% used [0x00000000f6180000,0x00000000f6180000,0x00000000f6980000)
  from space 1024K, 99% used [0x00000000f6980000,0x00000000f6a7dda0,0x00000000f6a80000)
  to   space 1024K, 0% used [0x00000000f7280000,0x00000000f7280000,0x00000000f7380000)
 ParOldGen       total 20480K, used 8275K [0x00000000e2400000, 0x00000000e3800000, 0x00000000f6180000)
  object space 20480K, 40% used [0x00000000e2400000,0x00000000e2c14d60,0x00000000e3800000)
 Metaspace       used 9682K, capacity 9890K, committed 10240K, reserved 1058816K
  class space    used 1114K, capacity 1184K, committed 1280K, reserved 1048576K
}
Event: 4.374 GC heap before
{Heap before GC invocations=4 (full 0):
 PSYoungGen      total 9216K, used 9207K [0x00000000f6180000, 0x00000000f7380000, 0x0000000100000000)
  eden space 8192K, 100% used [0x00000000f6180000,0x00000000f6980000,0x00000000f6980000)
  from space 1024K, 99% used [0x00000000f6980000,0x00000000f6a7dda0,0x00000000f6a80000)
  to   space 1024K, 0% used [0x00000000f7280000,0x00000000f7280000,0x00000000f7380000)
 ParOldGen       total 20480K, used 8275K [0x00000000e2400000, 0x00000000e3800000, 0x00000000f6180000)
  object space 20480K, 40% used [0x00000000e2400000,0x00000000e2c14d60,0x00000000e3800000)
 Metaspace       used 9944K, capacity 10178K, committed 10496K, reserved 1058816K
  class space    used 1142K, capacity 1216K, committed 1280K, reserved 1048576K
Event: 4.378 GC heap after
Heap after GC invocations=4 (full 0):
 PSYoungGen      total 17408K, used 1020K [0x00000000f6180000, 0x00000000f7380000, 0x0000000100000000)
  eden space 16384K, 0% used [0x00000000f6180000,0x00000000f6180000,0x00000000f7180000)
  from space 1024K, 99% used [0x00000000f7280000,0x00000000f737f3b8,0x00000000f7380000)
  to   space 1024K, 0% used [0x00000000f7180000,0x00000000f7180000,0x00000000f7280000)
 ParOldGen       total 20480K, used 8434K [0x00000000e2400000, 0x00000000e3800000, 0x00000000f6180000)
  object space 20480K, 41% used [0x00000000e2400000,0x00000000e2c3cb80,0x00000000e3800000)
 Metaspace       used 9944K, capacity 10178K, committed 10496K, reserved 1058816K
  class space    used 1142K, capacity 1216K, committed 1280K, reserved 1048576K
}
Event: 6.055 GC heap before
{Heap before GC invocations=5 (full 0):
 PSYoungGen      total 17408K, used 17214K [0x00000000f6180000, 0x00000000f7380000, 0x0000000100000000)
  eden space 16384K, 98% used [0x00000000f6180000,0x00000000f7150580,0x00000000f7180000)
  from space 1024K, 99% used [0x00000000f7280000,0x00000000f737f3b8,0x00000000f7380000)
  to   space 1024K, 0% used [0x00000000f7180000,0x00000000f7180000,0x00000000f7280000)
 ParOldGen       total 20480K, used 8434K [0x00000000e2400000, 0x00000000e3800000, 0x00000000f6180000)
  object space 20480K, 41% used [0x00000000e2400000,0x00000000e2c3cb80,0x00000000e3800000)
 Metaspace       used 11675K, capacity 11914K, committed 12288K, reserved 1060864K
  class space    used 1334K, capacity 1410K, committed 1536K, reserved 1048576K
Event: 6.066 GC heap after
Heap after GC invocations=5 (full 0):
 PSYoungGen      total 17408K, used 1020K [0x00000000f6180000, 0x00000000f9180000, 0x0000000100000000)
  eden space 16384K, 0% used [0x00000000f6180000,0x00000000f6180000,0x00000000f7180000)
  from space 1024K, 99% used [0x00000000f7180000,0x00000000f727f3b8,0x00000000f7280000)
  to   space 8192K, 0% used [0x00000000f8980000,0x00000000f8980000,0x00000000f9180000)
 ParOldGen       total 20480K, used 13842K [0x00000000e2400000, 0x00000000e3800000, 0x00000000f6180000)
  object space 20480K, 67% used [0x00000000e2400000,0x00000000e3184948,0x00000000e3800000)
 Metaspace       used 11675K, capacity 11914K, committed 12288K, reserved 1060864K
  class space    used 1334K, capacity 1410K, committed 1536K, reserved 1048576K
}
Event: 6.066 GC heap before
{Heap before GC invocations=6 (full 1):
 PSYoungGen      total 17408K, used 1020K [0x00000000f6180000, 0x00000000f9180000, 0x0000000100000000)
  eden space 16384K, 0% used [0x00000000f6180000,0x00000000f6180000,0x00000000f7180000)
  from space 1024K, 99% used [0x00000000f7180000,0x00000000f727f3b8,0x00000000f7280000)
  to   space 8192K, 0% used [0x00000000f8980000,0x00000000f8980000,0x00000000f9180000)
 ParOldGen       total 20480K, used 13842K [0x00000000e2400000, 0x00000000e3800000, 0x00000000f6180000)
  object space 20480K, 67% used [0x00000000e2400000,0x00000000e3184948,0x00000000e3800000)
 Metaspace       used 11675K, capacity 11914K, committed 12288K, reserved 1060864K
  class space    used 1334K, capacity 1410K, committed 1536K, reserved 1048576K
Event: 6.147 GC heap after
Heap after GC invocations=6 (full 1):
 PSYoungGen      total 17408K, used 0K [0x00000000f6180000, 0x00000000f9180000, 0x0000000100000000)
  eden space 16384K, 0% used [0x00000000f6180000,0x00000000f6180000,0x00000000f7180000)
  from space 1024K, 0% used [0x00000000f7180000,0x00000000f7180000,0x00000000f7280000)
  to   space 8192K, 0% used [0x00000000f8980000,0x00000000f8980000,0x00000000f9180000)
 ParOldGen       total 31232K, used 11633K [0x00000000e2400000, 0x00000000e4280000, 0x00000000f6180000)
  object space 31232K, 37% used [0x00000000e2400000,0x00000000e2f5c530,0x00000000e4280000)
 Metaspace       used 11675K, capacity 11914K, committed 12288K, reserved 1060864K
  class space    used 1334K, capacity 1410K, committed 1536K, reserved 1048576K
}
Event: 93.017 GC heap before
{Heap before GC invocations=7 (full 1):
 PSYoungGen      total 17408K, used 16384K [0x00000000f6180000, 0x00000000f9180000, 0x0000000100000000)
  eden space 16384K, 100% used [0x00000000f6180000,0x00000000f7180000,0x00000000f7180000)
  from space 1024K, 0% used [0x00000000f7180000,0x00000000f7180000,0x00000000f7280000)
  to   space 8192K, 0% used [0x00000000f8980000,0x00000000f8980000,0x00000000f9180000)
 ParOldGen       total 31232K, used 11633K [0x00000000e2400000, 0x00000000e4280000, 0x00000000f6180000)
  object space 31232K, 37% used [0x00000000e2400000,0x00000000e2f5c530,0x00000000e4280000)
 Metaspace       used 12903K, capacity 13130K, committed 13440K, reserved 1060864K
  class space    used 1473K, capacity 1574K, committed 1664K, reserved 1048576K
Event: 93.024 GC heap after
Heap after GC invocations=7 (full 1):
 PSYoungGen      total 27648K, used 3479K [0x00000000f6180000, 0x00000000f8d00000, 0x0000000100000000)
  eden space 24064K, 0% used [0x00000000f6180000,0x00000000f6180000,0x00000000f7900000)
  from space 3584K, 97% used [0x00000000f8980000,0x00000000f8ce5f98,0x00000000f8d00000)
  to   space 7680K, 0% used [0x00000000f7e00000,0x00000000f7e00000,0x00000000f8580000)
 ParOldGen       total 31232K, used 11641K [0x00000000e2400000, 0x00000000e4280000, 0x00000000f6180000)
  object space 31232K, 37% used [0x00000000e2400000,0x00000000e2f5e530,0x00000000e4280000)
 Metaspace       used 12903K, capacity 13130K, committed 13440K, reserved 1060864K
  class space    used 1473K, capacity 1574K, committed 1664K, reserved 1048576K
}

Deoptimization events (10 events):
Event: 22.962 Thread 0x0000000019a84800 Uncommon trap: reason=unstable_if action=reinterpret pc=0x0000000004e7aa90 method=totalcross.ui.image.Image$ImageLoader.setPixels(IIIILjava/awt/image/ColorModel;[III)V @ 34
Event: 22.962 Thread 0x0000000019a84800 Uncommon trap: reason=unstable_if action=reinterpret pc=0x0000000004e19568 method=java.awt.image.DirectColorModel.getAlpha(I)I @ 4
Event: 22.962 Thread 0x0000000019a84800 Uncommon trap: reason=unstable_if action=reinterpret pc=0x0000000004e18fe8 method=java.awt.image.DirectColorModel.getAlpha(I)I @ 4
Event: 23.105 Thread 0x000000001956c000 Uncommon trap: reason=unstable_if action=reinterpret pc=0x0000000004f9b570 method=totalcross.ui.gfx.Graphics.fillRect(IIII)V @ 9
Event: 23.111 Thread 0x000000001956c000 Uncommon trap: reason=unstable_if action=reinterpret pc=0x0000000004ffd164 method=totalcross.ui.gfx.Graphics.drawText(Ljava/lang/String;III)V @ 254
Event: 75.713 Thread 0x000000001956c000 Uncommon trap: reason=unstable_if action=reinterpret pc=0x000000000503d6c4 method=totalcross.ui.gfx.Graphics.drawText(Ljava/lang/String;III)V @ 211
Event: 75.714 Thread 0x000000001956c000 Uncommon trap: reason=unstable_if action=reinterpret pc=0x0000000004f6a950 method=totalcross.ui.gfx.Graphics.drawText(Ljava/lang/String;III)V @ 1109
Event: 92.579 Thread 0x000000001956c000 Uncommon trap: reason=unstable_if action=reinterpret pc=0x0000000004e24d84 method=totalcross.ui.gfx.Graphics.translateAndClip(IIII)Z @ 69
Event: 980.833 Thread 0x000000001956c000 Uncommon trap: reason=class_check action=maybe_recompile pc=0x0000000004e821fc method=totalcross.TCEventThread.privatePumpEvents()V @ 52
Event: 1010.837 Thread 0x000000001956c000 Uncommon trap: reason=class_check action=maybe_recompile pc=0x0000000004e821fc method=totalcross.TCEventThread.privatePumpEvents()V @ 52

Internal exceptions (10 events):
Event: 1008.200 Thread 0x0000000017c04800 Exception <a 'java/lang/InterruptedException': sleep interrupted> (0x00000000f664a4e8) thrown at [C:\re\workspace\8-2-build-windows-amd64-cygwin\jdk8u111\7883\hotspot\src\share\vm\prims\jvm.cpp, line 3224]
Event: 1008.700 Thread 0x0000000017c04800 Exception <a 'java/lang/InterruptedException': sleep interrupted> (0x00000000f664a798) thrown at [C:\re\workspace\8-2-build-windows-amd64-cygwin\jdk8u111\7883\hotspot\src\share\vm\prims\jvm.cpp, line 3176]
Event: 1009.226 Thread 0x0000000017c04800 Exception <a 'java/lang/InterruptedException': sleep interrupted> (0x00000000f664aa48) thrown at [C:\re\workspace\8-2-build-windows-amd64-cygwin\jdk8u111\7883\hotspot\src\share\vm\prims\jvm.cpp, line 3176]
Event: 1009.728 Thread 0x0000000017c04800 Exception <a 'java/lang/InterruptedException': sleep interrupted> (0x00000000f6765e38) thrown at [C:\re\workspace\8-2-build-windows-amd64-cygwin\jdk8u111\7883\hotspot\src\share\vm\prims\jvm.cpp, line 3224]
Event: 1010.227 Thread 0x0000000017c04800 Exception <a 'java/lang/InterruptedException': sleep interrupted> (0x00000000f67660e8) thrown at [C:\re\workspace\8-2-build-windows-amd64-cygwin\jdk8u111\7883\hotspot\src\share\vm\prims\jvm.cpp, line 3176]
Event: 1010.727 Thread 0x0000000017c04800 Exception <a 'java/lang/InterruptedException': sleep interrupted> (0x00000000f6766398) thrown at [C:\re\workspace\8-2-build-windows-amd64-cygwin\jdk8u111\7883\hotspot\src\share\vm\prims\jvm.cpp, line 3224]
Event: 1010.930 Thread 0x000000001956c000 Exception <a 'java/io/FileNotFoundException'> (0x00000000f674d5a0) thrown at [C:\re\workspace\8-2-build-windows-amd64-cygwin\jdk8u111\7883\hotspot\src\share\vm\prims\jni.cpp, line 709]
Event: 1010.930 Thread 0x000000001956c000 Exception <a 'java/io/FileNotFoundException'> (0x00000000f674e048) thrown at [C:\re\workspace\8-2-build-windows-amd64-cygwin\jdk8u111\7883\hotspot\src\share\vm\prims\jni.cpp, line 709]
Event: 1010.930 Thread 0x000000001956c000 Exception <a 'java/io/FileNotFoundException'> (0x00000000f674ee38) thrown at [C:\re\workspace\8-2-build-windows-amd64-cygwin\jdk8u111\7883\hotspot\src\share\vm\prims\jni.cpp, line 709]
Event: 1011.188 Thread 0x0000000017c04800 Exception <a 'java/lang/InterruptedException': sleep interrupted> (0x00000000f67665f0) thrown at [C:\re\workspace\8-2-build-windows-amd64-cygwin\jdk8u111\7883\hotspot\src\share\vm\prims\jvm.cpp, line 3224]

Events (10 events):
Event: 1011.721 Executing VM operation: RevokeBias done
Event: 1011.722 Executing VM operation: RevokeBias
Event: 1011.722 Executing VM operation: RevokeBias done
Event: 1011.776 Executing VM operation: BulkRevokeBias
Event: 1011.776 Executing VM operation: BulkRevokeBias done
Event: 1011.778 Thread 0x0000000015bd8000 flushing nmethod 0x0000000004c67d90
Event: 1011.797 Executing VM operation: RevokeBias
Event: 1011.797 Executing VM operation: RevokeBias done
Event: 1011.824 Executing VM operation: RevokeBias
Event: 1011.825 Executing VM operation: RevokeBias done


Dynamic libraries:
0x00007ff6603b0000 - 0x00007ff6603e7000 	C:\Program Files\Java\jre1.8.0_111\bin\javaw.exe
0x00007ffdb3860000 - 0x00007ffdb3a40000 	C:\WINDOWS\SYSTEM32\ntdll.dll
0x00007ffdb30f0000 - 0x00007ffdb319e000 	C:\WINDOWS\System32\KERNEL32.DLL
0x00007ffdb0ac0000 - 0x00007ffdb0d26000 	C:\WINDOWS\System32\KERNELBASE.dll
0x00007ffdb1000000 - 0x00007ffdb10a1000 	C:\WINDOWS\System32\ADVAPI32.dll
0x00007ffdb3560000 - 0x00007ffdb35fd000 	C:\WINDOWS\System32\msvcrt.dll
0x00007ffdb31a0000 - 0x00007ffdb31fb000 	C:\WINDOWS\System32\sechost.dll
0x00007ffdb1240000 - 0x00007ffdb135f000 	C:\WINDOWS\System32\RPCRT4.dll
0x00007ffdb0d90000 - 0x00007ffdb0f1f000 	C:\WINDOWS\System32\USER32.dll
0x00007ffdb0110000 - 0x00007ffdb0130000 	C:\WINDOWS\System32\win32u.dll
0x00007ffdb3730000 - 0x00007ffdb3758000 	C:\WINDOWS\System32\GDI32.dll
0x00007ffdb0920000 - 0x00007ffdb0ab3000 	C:\WINDOWS\System32\gdi32full.dll
0x00007ffdb0130000 - 0x00007ffdb01cb000 	C:\WINDOWS\System32\msvcp_win.dll
0x00007ffdafc60000 - 0x00007ffdafd56000 	C:\WINDOWS\System32\ucrtbase.dll
0x00007ffd9f5d0000 - 0x00007ffd9f839000 	C:\WINDOWS\WinSxS\amd64_microsoft.windows.common-controls_6595b64144ccf1df_6.0.16299.431_none_15c7d3ee93659e73\COMCTL32.dll
0x00007ffdb1920000 - 0x00007ffdb1c28000 	C:\WINDOWS\System32\combase.dll
0x00007ffdaff80000 - 0x00007ffdafff2000 	C:\WINDOWS\System32\bcryptPrimitives.dll
0x00007ffdb1160000 - 0x00007ffdb118d000 	C:\WINDOWS\System32\IMM32.DLL
0x00000000539d0000 - 0x0000000053aa2000 	C:\Program Files\Java\jre1.8.0_111\bin\msvcr100.dll
0x0000000052b50000 - 0x00000000533ea000 	C:\Program Files\Java\jre1.8.0_111\bin\server\jvm.dll
0x00007ffdb30e0000 - 0x00007ffdb30e8000 	C:\WINDOWS\System32\PSAPI.DLL
0x00007ffdab9f0000 - 0x00007ffdab9f9000 	C:\WINDOWS\SYSTEM32\WSOCK32.dll
0x00007ffdb3070000 - 0x00007ffdb30dc000 	C:\WINDOWS\System32\WS2_32.dll
0x00007ffdadf40000 - 0x00007ffdadf63000 	C:\WINDOWS\SYSTEM32\WINMM.dll
0x00007ffda15e0000 - 0x00007ffda15ea000 	C:\WINDOWS\SYSTEM32\VERSION.dll
0x00007ffdadee0000 - 0x00007ffdadf0a000 	C:\WINDOWS\SYSTEM32\WINMMBASE.dll
0x00007ffdafd60000 - 0x00007ffdafdaa000 	C:\WINDOWS\System32\cfgmgr32.dll
0x0000000052a60000 - 0x0000000052a6f000 	C:\Program Files\Java\jre1.8.0_111\bin\verify.dll
0x0000000052a30000 - 0x0000000052a59000 	C:\Program Files\Java\jre1.8.0_111\bin\java.dll
0x0000000052a10000 - 0x0000000052a26000 	C:\Program Files\Java\jre1.8.0_111\bin\zip.dll
0x00007ffdb1c30000 - 0x00007ffdb3068000 	C:\WINDOWS\System32\SHELL32.dll
0x00007ffdb1190000 - 0x00007ffdb1236000 	C:\WINDOWS\System32\shcore.dll
0x00007ffdb01d0000 - 0x00007ffdb0917000 	C:\WINDOWS\System32\windows.storage.dll
0x00007ffdb0fa0000 - 0x00007ffdb0ff1000 	C:\WINDOWS\System32\shlwapi.dll
0x00007ffdafc20000 - 0x00007ffdafc31000 	C:\WINDOWS\System32\kernel.appcore.dll
0x00007ffdafbb0000 - 0x00007ffdafbfc000 	C:\WINDOWS\System32\powrprof.dll
0x00007ffdafc40000 - 0x00007ffdafc5b000 	C:\WINDOWS\System32\profapi.dll
0x0000000053830000 - 0x00000000539c8000 	C:\Program Files\Java\jre1.8.0_111\bin\awt.dll
0x00007ffdb3760000 - 0x00007ffdb3825000 	C:\WINDOWS\System32\OLEAUT32.dll
0x00007ffdae060000 - 0x00007ffdae0e8000 	C:\WINDOWS\SYSTEM32\apphelp.dll
0x00007ffdae450000 - 0x00007ffdae47a000 	C:\WINDOWS\system32\DWMAPI.DLL
0x00007ffdae1e0000 - 0x00007ffdae275000 	C:\WINDOWS\system32\uxtheme.dll
0x00007ffdb17b0000 - 0x00007ffdb1917000 	C:\WINDOWS\System32\MSCTF.dll
0x00007ffdb3200000 - 0x00007ffdb3349000 	C:\WINDOWS\System32\ole32.dll
0x00000000537e0000 - 0x0000000053827000 	C:\Program Files\Java\jre1.8.0_111\bin\fontmanager.dll
0x00007ffd9afc0000 - 0x00007ffd9b055000 	C:\WINDOWS\system32\RICHED20.DLL
0x00007ffd87ea0000 - 0x00007ffd87eb9000 	C:\WINDOWS\SYSTEM32\USP10.dll
0x00007ffd9e240000 - 0x00007ffd9e278000 	C:\WINDOWS\SYSTEM32\msls31.dll
0x00007ffdb10b0000 - 0x00007ffdb114e000 	C:\WINDOWS\System32\clbcatq.dll
0x00007ffdaf6b0000 - 0x00007ffdaf6d5000 	C:\WINDOWS\system32\bcrypt.dll
0x00007ffda4f20000 - 0x00007ffda4fb8000 	C:\WINDOWS\System32\TextInputFramework.dll
0x00007ffdaa720000 - 0x00007ffdaaa0e000 	C:\WINDOWS\System32\CoreUIComponents.dll
0x00007ffdad0d0000 - 0x00007ffdad1ac000 	C:\WINDOWS\System32\CoreMessaging.dll
0x00007ffdaece0000 - 0x00007ffdaed11000 	C:\WINDOWS\SYSTEM32\ntmarta.dll
0x00007ffdac050000 - 0x00007ffdac186000 	C:\WINDOWS\SYSTEM32\wintypes.dll
0x00000000529f0000 - 0x0000000052a0a000 	C:\Program Files\Java\jre1.8.0_111\bin\net.dll
0x00007ffdaf3e0000 - 0x00007ffdaf446000 	C:\WINDOWS\system32\mswsock.dll
0x00007ffdaf5a0000 - 0x00007ffdaf5b7000 	C:\WINDOWS\SYSTEM32\CRYPTSP.dll
0x00007ffdaefe0000 - 0x00007ffdaf013000 	C:\WINDOWS\system32\rsaenh.dll
0x00007ffdafab0000 - 0x00007ffdafad9000 	C:\WINDOWS\SYSTEM32\USERENV.dll
0x00007ffdaf5c0000 - 0x00007ffdaf5cb000 	C:\WINDOWS\SYSTEM32\CRYPTBASE.dll
0x00007ffdaf1b0000 - 0x00007ffdaf266000 	C:\WINDOWS\SYSTEM32\DNSAPI.dll
0x00007ffdb3350000 - 0x00007ffdb3358000 	C:\WINDOWS\System32\NSI.dll
0x00007ffdaf170000 - 0x00007ffdaf1a9000 	C:\WINDOWS\SYSTEM32\IPHLPAPI.DLL
0x00007ffda4840000 - 0x00007ffda484a000 	C:\Windows\System32\rasadhlp.dll
0x00007ffdaa480000 - 0x00007ffdaa496000 	C:\WINDOWS\SYSTEM32\dhcpcsvc6.DLL
0x00007ffdaa4e0000 - 0x00007ffdaa4fa000 	C:\WINDOWS\SYSTEM32\dhcpcsvc.DLL
0x00007ffda7050000 - 0x00007ffda70c0000 	C:\WINDOWS\System32\fwpuclnt.dll
0x00000000529d0000 - 0x00000000529e1000 	C:\Program Files\Java\jre1.8.0_111\bin\nio.dll
0x00000000537a0000 - 0x00000000537d1000 	C:\Program Files\Java\jre1.8.0_111\bin\jpeg.dll
0x00007ffda09b0000 - 0x00007ffda0b78000 	C:\WINDOWS\SYSTEM32\dbghelp.dll

VM Arguments:
jvm_args: -Dfile.encoding=Cp1252 
java_command: totalcross.Launcher /r 544353541A8E8B2A28D5B8E0 com.app.app
java_class_path (initial): C:\Program Files\Java\jre1.8.0_111\lib\resources.jar;C:\Program Files\Java\jre1.8.0_111\lib\rt.jar;C:\Program Files\Java\jre1.8.0_111\lib\jsse.jar;C:\Program Files\Java\jre1.8.0_111\lib\jce.jar;C:\Program Files\Java\jre1.8.0_111\lib\charsets.jar;C:\Program Files\Java\jre1.8.0_111\lib\jfr.jar;C:\Program Files\Java\jre1.8.0_111\lib\ext\access-bridge-64.jar;C:\Program Files\Java\jre1.8.0_111\lib\ext\cldrdata.jar;C:\Program Files\Java\jre1.8.0_111\lib\ext\dnsns.jar;C:\Program Files\Java\jre1.8.0_111\lib\ext\jaccess.jar;C:\Program Files\Java\jre1.8.0_111\lib\ext\jfxrt.jar;C:\Program Files\Java\jre1.8.0_111\lib\ext\localedata.jar;C:\Program Files\Java\jre1.8.0_111\lib\ext\nashorn.jar;C:\Program Files\Java\jre1.8.0_111\lib\ext\sunec.jar;C:\Program Files\Java\jre1.8.0_111\lib\ext\sunjce_provider.jar;C:\Program Files\Java\jre1.8.0_111\lib\ext\sunmscapi.jar;C:\Program Files\Java\jre1.8.0_111\lib\ext\sunpkcs11.jar;C:\Program Files\Java\jre1.8.0_111\lib\ext\zipfs.jar;C:\Users\marci\eclipse-workspace\app\target\classes;C:\Users\marci\.m2\repository\com\totalcross\utils\tc-utilities\0.0.1-SNAPSHOT\tc-utilities-0.0.1-SNAPSHOT.jar;C:\Users\marci\.m2\repository\com\totalcross\utils\magical-utils\0.0.1-SNAPSHOT\magical-utils-0.0.1-SNAPSHOT.jar;C:\Users\marci\.m2\repository\com\totalcross\totalcross-sdk\4.1.0\totalcross-sdk-4.1.0.jar;C:\Users\marci\.m2\repository\org\vafer\jdeb\0.7\jdeb-0.7.jar;C:\Users\marci\.m2\repository\org\apache\maven\maven-plugin-api\2.0.5\maven-plugin-api-2.0.5.jar;C:\Users\marci\.m2\repository\org\apache\maven\maven-project\2.0.5\maven-project-2.0.5.jar;C:\Users\marci\.m2\repository\org\apache\maven\maven-settings\2.0.5\maven-settings-2.0.5.jar;C:\Users\marci\.m2\repository\org\apache\maven\maven-profile\2.0.5\maven-profile-2.0.5.jar;C:\Users\marci\.m2\repository\org\apache\maven\maven-model\2.0.5\maven-model-2.0.5.jar;C:\Users\marci\.m2\repository\org\apache\maven\maven-artifact-manager\2.0.5\maven-artifact-manager-2.0.5.jar;C:\U
Launcher Type: SUN_STANDARD

Environment Variables:
JAVA_HOME=C:\Program Files\Java\jdk1.8.0_111
PATH=C:/Program Files/Java/jre1.8.0_111/bin/server;C:/Program Files/Java/jre1.8.0_111/bin;C:/Program Files/Java/jre1.8.0_111/lib/amd64;C:\ProgramData\Oracle\Java\javapath;C:\Program Files (x86)\Intel\TXE Components\TCS\;C:\Program Files\Intel\TXE Components\TCS\;C:\WINDOWS\system32;C:\WINDOWS;C:\WINDOWS\System32\Wbem;C:\WINDOWS\System32\WindowsPowerShell\v1.0\;C:\Program Files\Intel\TXE Components\DAL\;C:\Program Files (x86)\Intel\TXE Components\DAL\;C:\Program Files\Intel\TXE Components\IPT\;C:\Program Files (x86)\Intel\TXE Components\IPT\;C:\Program Files\Java\jdk1.8.0_111\bin;C:\TotalCross3\dist\vm\win32;C:\Users\marci\AppData\Local\Microsoft\WindowsApps;c:\TotalCross3\dist\vm\win32;C:\Program Files\Java\jdk1.8.0_111\bin;;C:\Users\marci\Desktop;
USERNAME=marci
OS=Windows_NT
PROCESSOR_IDENTIFIER=Intel64 Family 6 Model 76 Stepping 4, GenuineIntel



---------------  S Y S T E M  ---------------

OS: Windows 10.0 , 64 bit Build 16299 (10.0.16299.431)

CPU:total 2 (2 cores per cpu, 1 threads per core) family 6 model 76 stepping 4, cmov, cx8, fxsr, mmx, sse, sse2, sse3, ssse3, sse4.1, sse4.2, popcnt, aes, clmul, erms, 3dnowpref, tsc, tscinvbit

Memory: 4k page, physical 1946148k(412320k free), swap 4118320k(648572k free)

vm_info: Java HotSpot(TM) 64-Bit Server VM (25.111-b14) for windows-amd64 JRE (1.8.0_111-b14), built on Sep 22 2016 19:24:05 by "java_re" with MS VC++ 10.0 (VS2010)

time: Fri Jun 01 19:34:37 2018
elapsed time: 1012 seconds (0d 0h 16m 52s)

