#
# A fatal error has been detected by the Java Runtime Environment:
#
#  EXCEPTION_ACCESS_VIOLATION (0xc0000005) at pc=0x000000006be42be0, pid=4704, tid=0x0000000000001418
#
# JRE version: Java(TM) SE Runtime Environment (8.0_111-b14) (build 1.8.0_111-b14)
# Java VM: Java HotSpot(TM) 64-Bit Server VM (25.111-b14 mixed mode windows-amd64 compressed oops)
# Problematic frame:
# C  0x000000006be42be0
#
# Failed to write core dump. Minidumps are not enabled by default on client versions of Windows
#
# If you would like to submit a bug report, please visit:
#   http://bugreport.java.com/bugreport/crash.jsp
# The crash happened outside the Java Virtual Machine in native code.
# See problematic frame for where to report the bug.
#

---------------  T H R E A D  ---------------

Current thread (0x000000001934a000):  JavaThread "Secondary finalizer" [_thread_in_native, id=5144, stack(0x000000001c9b0000,0x000000001cab0000)]

siginfo: ExceptionCode=0xc0000005, ExceptionInformation=0x0000000000000008 0x000000006be42be0

Registers:
RAX=0x000000006be42be0, RBX=0x00000000191590e0, RCX=0x000000001934a1f8, RDX=0x000000001caaedd8
RSP=0x000000001caaed38, RBP=0x000000001caaedb8, RSI=0x0000000000000108, RDI=0x0000000000000712
R8 =0x0000000000000005, R9 =0x00000000e2dca990, R10=0x0000000004a5848b, R11=0x0000000052dcb580
R12=0x0000000000000000, R13=0x00000000191590e0, R14=0x000000001caaedd8, R15=0x000000001934a000
RIP=0x000000006be42be0, EFLAGS=0x0000000000010206

Top of Stack: (sp=0x000000001caaed38)
0x000000001caaed38:   0000000004a584b7 000000001caaedd9
0x000000001caaed48:   0000000052c5a598 0000000017f6bcd0
0x000000001caaed58:   000000001934a000 000000001caaee40
0x000000001caaed68:   0000000000000000 00000000e2dca990
0x000000001caaed78:   000000001caaed68 0000000000000000
0x000000001caaed88:   000000001caaedd8 0000000019194710
0x000000001caaed98:   0000000000000000 00000000191590e0
0x000000001caaeda8:   0000000000000000 000000001caaedd8
0x000000001caaedb8:   000000001caaee40 0000000004a4835d
0x000000001caaedc8:   0000000000000000 0000000004a519d8
0x000000001caaedd8:   00000000e2dca990 00000000e2dca9c8
0x000000001caaede8:   0000000000000000 0000000000000001
0x000000001caaedf8:   00000000e2dca990 000000001caaede0
0x000000001caaee08:   0000000019153ebe 000000001caaee78
0x000000001caaee18:   0000000019193f20 0000000000000000
0x000000001caaee28:   0000000019153f58 000000001caaedd8 

Instructions: (pc=0x000000006be42be0)
0x000000006be42bc0:   
[error occurred during error reporting (printing registers, top of stack, instructions near pc), id 0xc0000005]

Register to memory mapping:

RAX=0x000000006be42be0 is an unknown value
RBX={method} {0x00000000191590e8} 'free_functions' '()V' in 'org/sqlite/core/NativeDB'
RCX=0x000000001934a1f8 is an unknown value
RDX=0x000000001caaedd8 is pointing into the stack for thread: 0x000000001934a000
RSP=0x000000001caaed38 is pointing into the stack for thread: 0x000000001934a000
RBP=0x000000001caaedb8 is pointing into the stack for thread: 0x000000001934a000
RSI=0x0000000000000108 is an unknown value
RDI=0x0000000000000712 is an unknown value
R8 =0x0000000000000005 is an unknown value
R9 =0x00000000e2dca990 is an oop
org.sqlite.core.NativeDB 
 - klass: 'org/sqlite/core/NativeDB'
R10=0x0000000004a5848b is at code_begin+1227 in an Interpreter codelet
method entry point (kind = native_synchronized)  [0x0000000004a57fc0, 0x0000000004a58aa0]  2784 bytes
R11=0x0000000052dcb580 is an unknown value
R12=0x0000000000000000 is an unknown value
R13={method} {0x00000000191590e8} 'free_functions' '()V' in 'org/sqlite/core/NativeDB'
R14=0x000000001caaedd8 is pointing into the stack for thread: 0x000000001934a000
R15=0x000000001934a000 is a thread


Stack: [0x000000001c9b0000,0x000000001cab0000],  sp=0x000000001caaed38,  free space=1019k
Native frames: (J=compiled Java code, j=interpreted, Vv=VM code, C=native code)
C  0x000000006be42be0

Java frames: (J=compiled Java code, j=interpreted, Vv=VM code)
j  org.sqlite.core.NativeDB.free_functions()V+0
j  org.sqlite.core.DB.close()V+102
j  org.sqlite.core.CoreConnection.close()V+26
j  org.sqlite.core.CoreConnection.finalize()V+1
J 1294 C1 java.lang.ref.Finalizer.runFinalizer(Lsun/misc/JavaLangAccess;)V (62 bytes) @ 0x0000000004e0a58c [0x0000000004e0a000+0x58c]
J 1293 C1 java.lang.ref.Finalizer.access$100(Ljava/lang/ref/Finalizer;Lsun/misc/JavaLangAccess;)V (6 bytes) @ 0x0000000004cd6a1c [0x0000000004cd69c0+0x5c]
j  java.lang.ref.Finalizer$3.run()V+58
j  java.lang.Thread.run()V+11
v  ~StubRoutines::call_stub

---------------  P R O C E S S  ---------------

Java Threads: ( => current thread )
=>0x000000001934a000 JavaThread "Secondary finalizer" [_thread_in_native, id=5144, stack(0x000000001c9b0000,0x000000001cab0000)]
  0x000000001934d000 JavaThread "Image Fetcher 2" daemon [_thread_blocked, id=5048, stack(0x000000001b5e0000,0x000000001b6e0000)]
  0x000000001934c800 JavaThread "Image Fetcher 1" daemon [_thread_blocked, id=4624, stack(0x000000001b4e0000,0x000000001b5e0000)]
  0x0000000019349800 JavaThread "Image Fetcher 0" daemon [_thread_blocked, id=4564, stack(0x000000001b3e0000,0x000000001b4e0000)]
  0x00000000192f2800 JavaThread "TC Event Thread" daemon [_thread_blocked, id=4828, stack(0x000000001aee0000,0x000000001afe0000)]
  0x0000000004942800 JavaThread "DestroyJavaVM" [_thread_blocked, id=204, stack(0x0000000004840000,0x0000000004940000)]
  0x0000000017a45800 JavaThread "AWT-EventQueue-0" [_thread_blocked, id=6624, stack(0x00000000183a0000,0x00000000184a0000)]
  0x0000000017a17800 JavaThread "AWT-Shutdown" [_thread_blocked, id=6968, stack(0x00000000180e0000,0x00000000181e0000)]
  0x0000000017a14800 JavaThread "Java2D Disposer" daemon [_thread_blocked, id=5904, stack(0x0000000017fe0000,0x00000000180e0000)]
  0x0000000015a99800 JavaThread "Service Thread" daemon [_thread_blocked, id=5968, stack(0x0000000016d70000,0x0000000016e70000)]
  0x0000000015a2c800 JavaThread "C1 CompilerThread1" daemon [_thread_blocked, id=6944, stack(0x0000000016c70000,0x0000000016d70000)]
  0x0000000015a1e800 JavaThread "C2 CompilerThread0" daemon [_thread_blocked, id=4952, stack(0x0000000016b70000,0x0000000016c70000)]
  0x0000000015a1d000 JavaThread "Attach Listener" daemon [_thread_blocked, id=5228, stack(0x0000000016a70000,0x0000000016b70000)]
  0x0000000015a19800 JavaThread "Signal Dispatcher" daemon [_thread_blocked, id=3952, stack(0x0000000016970000,0x0000000016a70000)]
  0x0000000015a08800 JavaThread "Finalizer" daemon [_thread_blocked, id=3332, stack(0x0000000016660000,0x0000000016760000)]
  0x0000000004a30800 JavaThread "Reference Handler" daemon [_thread_blocked, id=7116, stack(0x0000000016560000,0x0000000016660000)]

Other Threads:
  0x00000000159e5800 VMThread [stack: 0x0000000016460000,0x0000000016560000] [id=5224]
  0x0000000015ab7000 WatcherThread [stack: 0x0000000017270000,0x0000000017370000] [id=4556]

VM state:not at safepoint (normal execution)

VM Mutex/Monitor currently owned by a thread: None

Heap:
 PSYoungGen      total 16896K, used 5971K [0x00000000f6180000, 0x00000000f7f00000, 0x0000000100000000)
  eden space 15872K, 31% used [0x00000000f6180000,0x00000000f6655448,0x00000000f7100000)
  from space 1024K, 99% used [0x00000000f7180000,0x00000000f727fae0,0x00000000f7280000)
  to   space 7168K, 0% used [0x00000000f7800000,0x00000000f7800000,0x00000000f7f00000)
 ParOldGen       total 20480K, used 12134K [0x00000000e2400000, 0x00000000e3800000, 0x00000000f6180000)
  object space 20480K, 59% used [0x00000000e2400000,0x00000000e2fd9848,0x00000000e3800000)
 Metaspace       used 12760K, capacity 12956K, committed 13184K, reserved 1060864K
  class space    used 1470K, capacity 1539K, committed 1664K, reserved 1048576K

Card table byte_map: [0x0000000013e00000,0x0000000013ef0000] byte_map_base: 0x00000000136ee000

Marking Bits: (ParMarkBitMap*) 0x00000000533ba6c0
 Begin Bits: [0x00000000140f0000, 0x0000000014860000)
 End Bits:   [0x0000000014860000, 0x0000000014fd0000)

Polling page: 0x0000000004750000

CodeCache: size=245760Kb used=4520Kb max_used=4630Kb free=241239Kb
 bounds [0x0000000004a40000, 0x0000000004ef0000, 0x0000000013a40000]
 total_blobs=1630 nmethods=1141 adapters=402
 compilation: enabled

Compilation events (10 events):
Event: 21.760 Thread 0x0000000015a2c800 1291       3       java.lang.ref.Reference::clear (6 bytes)
Event: 21.761 Thread 0x0000000015a2c800 nmethod 1291 0x0000000004dac310 code [0x0000000004dac460, 0x0000000004dac5d0]
Event: 21.761 Thread 0x0000000015a2c800 1292       1       java.lang.ref.Finalizer::access$400 (5 bytes)
Event: 21.761 Thread 0x0000000015a2c800 nmethod 1292 0x0000000004d720d0 code [0x0000000004d72220, 0x0000000004d72310]
Event: 21.761 Thread 0x0000000015a2c800 1293       3       java.lang.ref.Finalizer::access$100 (6 bytes)
Event: 21.762 Thread 0x0000000015a2c800 nmethod 1293 0x0000000004cd6850 code [0x0000000004cd69c0, 0x0000000004cd6b28]
Event: 21.762 Thread 0x0000000015a2c800 1294   !   3       java.lang.ref.Finalizer::runFinalizer (62 bytes)
Event: 21.763 Thread 0x0000000015a2c800 nmethod 1294 0x0000000004e09e50 code [0x0000000004e0a000, 0x0000000004e0a878]
Event: 21.764 Thread 0x0000000015a2c800 1295       3       java.lang.ref.Finalizer::access$200 (4 bytes)
Event: 21.764 Thread 0x0000000015a2c800 nmethod 1295 0x0000000004e09b50 code [0x0000000004e09ca0, 0x0000000004e09dd0]

GC Heap History (10 events):
Event: 1.094 GC heap before
{Heap before GC invocations=1 (full 0):
 PSYoungGen      total 9216K, used 8192K [0x00000000f6180000, 0x00000000f6b80000, 0x0000000100000000)
  eden space 8192K, 100% used [0x00000000f6180000,0x00000000f6980000,0x00000000f6980000)
  from space 1024K, 0% used [0x00000000f6a80000,0x00000000f6a80000,0x00000000f6b80000)
  to   space 1024K, 0% used [0x00000000f6980000,0x00000000f6980000,0x00000000f6a80000)
 ParOldGen       total 20480K, used 0K [0x00000000e2400000, 0x00000000e3800000, 0x00000000f6180000)
  object space 20480K, 0% used [0x00000000e2400000,0x00000000e2400000,0x00000000e3800000)
 Metaspace       used 5491K, capacity 5578K, committed 5760K, reserved 1056768K
  class space    used 585K, capacity 622K, committed 640K, reserved 1048576K
Event: 1.101 GC heap after
Heap after GC invocations=1 (full 0):
 PSYoungGen      total 9216K, used 1008K [0x00000000f6180000, 0x00000000f6b80000, 0x0000000100000000)
  eden space 8192K, 0% used [0x00000000f6180000,0x00000000f6180000,0x00000000f6980000)
  from space 1024K, 98% used [0x00000000f6980000,0x00000000f6a7c030,0x00000000f6a80000)
  to   space 1024K, 0% used [0x00000000f6a80000,0x00000000f6a80000,0x00000000f6b80000)
 ParOldGen       total 20480K, used 980K [0x00000000e2400000, 0x00000000e3800000, 0x00000000f6180000)
  object space 20480K, 4% used [0x00000000e2400000,0x00000000e24f5238,0x00000000e3800000)
 Metaspace       used 5491K, capacity 5578K, committed 5760K, reserved 1056768K
  class space    used 585K, capacity 622K, committed 640K, reserved 1048576K
}
Event: 2.166 GC heap before
{Heap before GC invocations=2 (full 0):
 PSYoungGen      total 9216K, used 9200K [0x00000000f6180000, 0x00000000f6b80000, 0x0000000100000000)
  eden space 8192K, 100% used [0x00000000f6180000,0x00000000f6980000,0x00000000f6980000)
  from space 1024K, 98% used [0x00000000f6980000,0x00000000f6a7c030,0x00000000f6a80000)
  to   space 1024K, 0% used [0x00000000f6a80000,0x00000000f6a80000,0x00000000f6b80000)
 ParOldGen       total 20480K, used 980K [0x00000000e2400000, 0x00000000e3800000, 0x00000000f6180000)
  object space 20480K, 4% used [0x00000000e2400000,0x00000000e24f5238,0x00000000e3800000)
 Metaspace       used 9409K, capacity 9666K, committed 9856K, reserved 1058816K
  class space    used 1089K, capacity 1152K, committed 1152K, reserved 1048576K
Event: 2.187 GC heap after
Heap after GC invocations=2 (full 0):
 PSYoungGen      total 9216K, used 992K [0x00000000f6180000, 0x00000000f7380000, 0x0000000100000000)
  eden space 8192K, 0% used [0x00000000f6180000,0x00000000f6180000,0x00000000f6980000)
  from space 1024K, 96% used [0x00000000f6a80000,0x00000000f6b78020,0x00000000f6b80000)
  to   space 1024K, 0% used [0x00000000f6980000,0x00000000f6980000,0x00000000f6a80000)
 ParOldGen       total 20480K, used 3910K [0x00000000e2400000, 0x00000000e3800000, 0x00000000f6180000)
  object space 20480K, 19% used [0x00000000e2400000,0x00000000e27d1930,0x00000000e3800000)
 Metaspace       used 9409K, capacity 9666K, committed 9856K, reserved 1058816K
  class space    used 1089K, capacity 1152K, committed 1152K, reserved 1048576K
}
Event: 3.001 GC heap before
{Heap before GC invocations=3 (full 0):
 PSYoungGen      total 9216K, used 9184K [0x00000000f6180000, 0x00000000f7380000, 0x0000000100000000)
  eden space 8192K, 100% used [0x00000000f6180000,0x00000000f6980000,0x00000000f6980000)
  from space 1024K, 96% used [0x00000000f6a80000,0x00000000f6b78020,0x00000000f6b80000)
  to   space 1024K, 0% used [0x00000000f6980000,0x00000000f6980000,0x00000000f6a80000)
 ParOldGen       total 20480K, used 3910K [0x00000000e2400000, 0x00000000e3800000, 0x00000000f6180000)
  object space 20480K, 19% used [0x00000000e2400000,0x00000000e27d1930,0x00000000e3800000)
 Metaspace       used 9677K, capacity 9890K, committed 10240K, reserved 1058816K
  class space    used 1114K, capacity 1184K, committed 1280K, reserved 1048576K
Event: 3.011 GC heap after
Heap after GC invocations=3 (full 0):
 PSYoungGen      total 9216K, used 1022K [0x00000000f6180000, 0x00000000f7380000, 0x0000000100000000)
  eden space 8192K, 0% used [0x00000000f6180000,0x00000000f6180000,0x00000000f6980000)
  from space 1024K, 99% used [0x00000000f6980000,0x00000000f6a7fae0,0x00000000f6a80000)
  to   space 1024K, 0% used [0x00000000f7280000,0x00000000f7280000,0x00000000f7380000)
 ParOldGen       total 20480K, used 8280K [0x00000000e2400000, 0x00000000e3800000, 0x00000000f6180000)
  object space 20480K, 40% used [0x00000000e2400000,0x00000000e2c16190,0x00000000e3800000)
 Metaspace       used 9677K, capacity 9890K, committed 10240K, reserved 1058816K
  class space    used 1114K, capacity 1184K, committed 1280K, reserved 1048576K
}
Event: 4.801 GC heap before
{Heap before GC invocations=4 (full 0):
 PSYoungGen      total 9216K, used 9214K [0x00000000f6180000, 0x00000000f7380000, 0x0000000100000000)
  eden space 8192K, 100% used [0x00000000f6180000,0x00000000f6980000,0x00000000f6980000)
  from space 1024K, 99% used [0x00000000f6980000,0x00000000f6a7fae0,0x00000000f6a80000)
  to   space 1024K, 0% used [0x00000000f7280000,0x00000000f7280000,0x00000000f7380000)
 ParOldGen       total 20480K, used 8280K [0x00000000e2400000, 0x00000000e3800000, 0x00000000f6180000)
  object space 20480K, 40% used [0x00000000e2400000,0x00000000e2c16190,0x00000000e3800000)
 Metaspace       used 9938K, capacity 10178K, committed 10496K, reserved 1058816K
  class space    used 1142K, capacity 1216K, committed 1280K, reserved 1048576K
Event: 4.810 GC heap after
Heap after GC invocations=4 (full 0):
 PSYoungGen      total 17408K, used 1022K [0x00000000f6180000, 0x00000000f7380000, 0x0000000100000000)
  eden space 16384K, 0% used [0x00000000f6180000,0x00000000f6180000,0x00000000f7180000)
  from space 1024K, 99% used [0x00000000f7280000,0x00000000f737fae0,0x00000000f7380000)
  to   space 1024K, 0% used [0x00000000f7180000,0x00000000f7180000,0x00000000f7280000)
 ParOldGen       total 20480K, used 8437K [0x00000000e2400000, 0x00000000e3800000, 0x00000000f6180000)
  object space 20480K, 41% used [0x00000000e2400000,0x00000000e2c3d5c8,0x00000000e3800000)
 Metaspace       used 9938K, capacity 10178K, committed 10496K, reserved 1058816K
  class space    used 1142K, capacity 1216K, committed 1280K, reserved 1048576K
}
Event: 16.509 GC heap before
{Heap before GC invocations=5 (full 0):
 PSYoungGen      total 17408K, used 17351K [0x00000000f6180000, 0x00000000f7380000, 0x0000000100000000)
  eden space 16384K, 99% used [0x00000000f6180000,0x00000000f71721c8,0x00000000f7180000)
  from space 1024K, 99% used [0x00000000f7280000,0x00000000f737fae0,0x00000000f7380000)
  to   space 1024K, 0% used [0x00000000f7180000,0x00000000f7180000,0x00000000f7280000)
 ParOldGen       total 20480K, used 8437K [0x00000000e2400000, 0x00000000e3800000, 0x00000000f6180000)
  object space 20480K, 41% used [0x00000000e2400000,0x00000000e2c3d5c8,0x00000000e3800000)
 Metaspace       used 12575K, capacity 12820K, committed 13184K, reserved 1060864K
  class space    used 1457K, capacity 1539K, committed 1664K, reserved 1048576K
Event: 16.524 GC heap after
Heap after GC invocations=5 (full 0):
 PSYoungGen      total 16896K, used 1022K [0x00000000f6180000, 0x00000000f7f00000, 0x0000000100000000)
  eden space 15872K, 0% used [0x00000000f6180000,0x00000000f6180000,0x00000000f7100000)
  from space 1024K, 99% used [0x00000000f7180000,0x00000000f727fae0,0x00000000f7280000)
  to   space 7168K, 0% used [0x00000000f7800000,0x00000000f7800000,0x00000000f7f00000)
 ParOldGen       total 20480K, used 12134K [0x00000000e2400000, 0x00000000e3800000, 0x00000000f6180000)
  object space 20480K, 59% used [0x00000000e2400000,0x00000000e2fd9848,0x00000000e3800000)
 Metaspace       used 12575K, capacity 12820K, committed 13184K, reserved 1060864K
  class space    used 1457K, capacity 1539K, committed 1664K, reserved 1048576K
}

Deoptimization events (10 events):
Event: 6.436 Thread 0x00000000192f2800 Uncommon trap: reason=unstable_if action=reinterpret pc=0x0000000004dd063c method=totalcross.ui.gfx.Graphics.addError([IIIIIIIIII)V @ 9
Event: 6.472 Thread 0x00000000192f2800 Uncommon trap: reason=unstable_if action=reinterpret pc=0x0000000004dcde94 method=totalcross.Launcher.updateScreen()V @ 216
Event: 16.466 Thread 0x000000001934c800 Uncommon trap: reason=unstable_if action=reinterpret pc=0x0000000004d51a48 method=totalcross.ui.image.Image$ImageLoader.setPixels(IIIILjava/awt/image/ColorModel;[III)V @ 34
Event: 16.466 Thread 0x000000001934c800 Uncommon trap: reason=unstable_if action=reinterpret pc=0x0000000004d1c228 method=java.awt.image.DirectColorModel.getAlpha(I)I @ 4
Event: 16.466 Thread 0x000000001934c800 Uncommon trap: reason=unstable_if action=reinterpret pc=0x0000000004d1d428 method=java.awt.image.DirectColorModel.getAlpha(I)I @ 4
Event: 16.635 Thread 0x00000000192f2800 Uncommon trap: reason=unstable_if action=reinterpret pc=0x0000000004e5dd6c method=totalcross.ui.gfx.Graphics.fillRect(IIII)V @ 9
Event: 16.640 Thread 0x00000000192f2800 Uncommon trap: reason=unstable_if action=reinterpret pc=0x0000000004e3c430 method=totalcross.ui.gfx.Graphics.drawText(Ljava/lang/String;III)V @ 254
Event: 18.524 Thread 0x00000000192f2800 Uncommon trap: reason=unstable_if action=reinterpret pc=0x0000000004ca557c method=totalcross.ui.gfx.Graphics.drawText(Ljava/lang/String;III)V @ 211
Event: 18.524 Thread 0x00000000192f2800 Uncommon trap: reason=unstable_if action=reinterpret pc=0x0000000004e23c88 method=totalcross.ui.gfx.Graphics.drawText(Ljava/lang/String;III)V @ 1109
Event: 18.525 Thread 0x00000000192f2800 Uncommon trap: reason=unstable_if action=reinterpret pc=0x0000000004b721dc method=totalcross.ui.gfx.Graphics.translateAndClip(IIII)Z @ 164

Internal exceptions (10 events):
Event: 20.138 Thread 0x0000000017c16800 Exception <a 'java/lang/InterruptedException': sleep interrupted> (0x00000000f619db88) thrown at [C:\re\workspace\8-2-build-windows-amd64-cygwin\jdk8u111\7883\hotspot\src\share\vm\prims\jvm.cpp, line 3224]
Event: 20.154 Thread 0x0000000017c16800 Exception <a 'java/lang/InterruptedException': sleep interrupted> (0x00000000f619de38) thrown at [C:\re\workspace\8-2-build-windows-amd64-cygwin\jdk8u111\7883\hotspot\src\share\vm\prims\jvm.cpp, line 3176]
Event: 20.165 Thread 0x0000000017c16800 Exception <a 'java/lang/InterruptedException': sleep interrupted> (0x00000000f619e0e8) thrown at [C:\re\workspace\8-2-build-windows-amd64-cygwin\jdk8u111\7883\hotspot\src\share\vm\prims\jvm.cpp, line 3176]
Event: 20.330 Thread 0x0000000017c16800 Exception <a 'java/lang/InterruptedException': sleep interrupted> (0x00000000f619e810) thrown at [C:\re\workspace\8-2-build-windows-amd64-cygwin\jdk8u111\7883\hotspot\src\share\vm\prims\jvm.cpp, line 3224]
Event: 20.345 Thread 0x0000000017c16800 Exception <a 'java/lang/InterruptedException': sleep interrupted> (0x00000000f619eac0) thrown at [C:\re\workspace\8-2-build-windows-amd64-cygwin\jdk8u111\7883\hotspot\src\share\vm\prims\jvm.cpp, line 3176]
Event: 20.356 Thread 0x0000000017c16800 Exception <a 'java/lang/InterruptedException': sleep interrupted> (0x00000000f619ed70) thrown at [C:\re\workspace\8-2-build-windows-amd64-cygwin\jdk8u111\7883\hotspot\src\share\vm\prims\jvm.cpp, line 3176]
Event: 21.371 Thread 0x00000000192f2800 Exception <a 'java/io/FileNotFoundException'> (0x00000000f657f160) thrown at [C:\re\workspace\8-2-build-windows-amd64-cygwin\jdk8u111\7883\hotspot\src\share\vm\prims\jni.cpp, line 709]
Event: 21.371 Thread 0x00000000192f2800 Exception <a 'java/io/FileNotFoundException'> (0x00000000f657fc08) thrown at [C:\re\workspace\8-2-build-windows-amd64-cygwin\jdk8u111\7883\hotspot\src\share\vm\prims\jni.cpp, line 709]
Event: 21.371 Thread 0x00000000192f2800 Exception <a 'java/io/FileNotFoundException'> (0x00000000f65809f8) thrown at [C:\re\workspace\8-2-build-windows-amd64-cygwin\jdk8u111\7883\hotspot\src\share\vm\prims\jni.cpp, line 709]
Event: 21.507 Thread 0x0000000017c16800 Exception <a 'java/lang/InterruptedException': sleep interrupted> (0x00000000f61a1540) thrown at [C:\re\workspace\8-2-build-windows-amd64-cygwin\jdk8u111\7883\hotspot\src\share\vm\prims\jvm.cpp, line 3224]

Events (10 events):
Event: 21.760 Executing VM operation: BulkRevokeBias
Event: 21.760 Executing VM operation: BulkRevokeBias done
Event: 21.761 Executing VM operation: RevokeBias
Event: 21.761 Executing VM operation: RevokeBias done
Event: 21.762 Executing VM operation: RevokeBias
Event: 21.762 Executing VM operation: RevokeBias done
Event: 21.763 Executing VM operation: RevokeBias
Event: 21.763 Executing VM operation: RevokeBias done
Event: 21.763 Executing VM operation: RevokeBias
Event: 21.763 Executing VM operation: RevokeBias done


Dynamic libraries:
0x00007ff605660000 - 0x00007ff605697000 	C:\Program Files\Java\jre1.8.0_111\bin\javaw.exe
0x00007ffdb3860000 - 0x00007ffdb3a40000 	C:\WINDOWS\SYSTEM32\ntdll.dll
0x00007ffdb30f0000 - 0x00007ffdb319e000 	C:\WINDOWS\System32\KERNEL32.DLL
0x00007ffdb0ac0000 - 0x00007ffdb0d26000 	C:\WINDOWS\System32\KERNELBASE.dll
0x00007ffdb1000000 - 0x00007ffdb10a1000 	C:\WINDOWS\System32\ADVAPI32.dll
0x00007ffdb3560000 - 0x00007ffdb35fd000 	C:\WINDOWS\System32\msvcrt.dll
0x00007ffdb31a0000 - 0x00007ffdb31fb000 	C:\WINDOWS\System32\sechost.dll
0x00007ffdb1240000 - 0x00007ffdb135f000 	C:\WINDOWS\System32\RPCRT4.dll
0x00007ffdb0d90000 - 0x00007ffdb0f1f000 	C:\WINDOWS\System32\USER32.dll
0x00007ffdb0110000 - 0x00007ffdb0130000 	C:\WINDOWS\System32\win32u.dll
0x00007ffdb3730000 - 0x00007ffdb3758000 	C:\WINDOWS\System32\GDI32.dll
0x00007ffdb0920000 - 0x00007ffdb0ab3000 	C:\WINDOWS\System32\gdi32full.dll
0x00007ffdb0130000 - 0x00007ffdb01cb000 	C:\WINDOWS\System32\msvcp_win.dll
0x00007ffdafc60000 - 0x00007ffdafd56000 	C:\WINDOWS\System32\ucrtbase.dll
0x00007ffd9aec0000 - 0x00007ffd9b129000 	C:\WINDOWS\WinSxS\amd64_microsoft.windows.common-controls_6595b64144ccf1df_6.0.16299.431_none_15c7d3ee93659e73\COMCTL32.dll
0x00007ffdb1920000 - 0x00007ffdb1c28000 	C:\WINDOWS\System32\combase.dll
0x00007ffdaff80000 - 0x00007ffdafff2000 	C:\WINDOWS\System32\bcryptPrimitives.dll
0x00007ffdb1160000 - 0x00007ffdb118d000 	C:\WINDOWS\System32\IMM32.DLL
0x00000000539c0000 - 0x0000000053a92000 	C:\Program Files\Java\jre1.8.0_111\bin\msvcr100.dll
0x0000000052ba0000 - 0x000000005343a000 	C:\Program Files\Java\jre1.8.0_111\bin\server\jvm.dll
0x00007ffdb30e0000 - 0x00007ffdb30e8000 	C:\WINDOWS\System32\PSAPI.DLL
0x00007ffd99930000 - 0x00007ffd99939000 	C:\WINDOWS\SYSTEM32\WSOCK32.dll
0x00007ffdadf40000 - 0x00007ffdadf63000 	C:\WINDOWS\SYSTEM32\WINMM.dll
0x00007ffdb3070000 - 0x00007ffdb30dc000 	C:\WINDOWS\System32\WS2_32.dll
0x00007ffda15e0000 - 0x00007ffda15ea000 	C:\WINDOWS\SYSTEM32\VERSION.dll
0x00007ffdadee0000 - 0x00007ffdadf0a000 	C:\WINDOWS\SYSTEM32\WINMMBASE.dll
0x00007ffdafd60000 - 0x00007ffdafdaa000 	C:\WINDOWS\System32\cfgmgr32.dll
0x0000000052ab0000 - 0x0000000052abf000 	C:\Program Files\Java\jre1.8.0_111\bin\verify.dll
0x0000000052a80000 - 0x0000000052aa9000 	C:\Program Files\Java\jre1.8.0_111\bin\java.dll
0x0000000052a60000 - 0x0000000052a76000 	C:\Program Files\Java\jre1.8.0_111\bin\zip.dll
0x00007ffdb1c30000 - 0x00007ffdb3068000 	C:\WINDOWS\System32\SHELL32.dll
0x00007ffdb1190000 - 0x00007ffdb1236000 	C:\WINDOWS\System32\shcore.dll
0x00007ffdb01d0000 - 0x00007ffdb0917000 	C:\WINDOWS\System32\windows.storage.dll
0x00007ffdb0fa0000 - 0x00007ffdb0ff1000 	C:\WINDOWS\System32\shlwapi.dll
0x00007ffdafc20000 - 0x00007ffdafc31000 	C:\WINDOWS\System32\kernel.appcore.dll
0x00007ffdafbb0000 - 0x00007ffdafbfc000 	C:\WINDOWS\System32\powrprof.dll
0x00007ffdafc40000 - 0x00007ffdafc5b000 	C:\WINDOWS\System32\profapi.dll
0x0000000053820000 - 0x00000000539b8000 	C:\Program Files\Java\jre1.8.0_111\bin\awt.dll
0x00007ffdb3760000 - 0x00007ffdb3825000 	C:\WINDOWS\System32\OLEAUT32.dll
0x00007ffdae060000 - 0x00007ffdae0e8000 	C:\WINDOWS\SYSTEM32\apphelp.dll
0x00007ffdae450000 - 0x00007ffdae47a000 	C:\WINDOWS\system32\DWMAPI.DLL
0x00007ffdae1e0000 - 0x00007ffdae275000 	C:\WINDOWS\system32\uxtheme.dll
0x00007ffdb17b0000 - 0x00007ffdb1917000 	C:\WINDOWS\System32\MSCTF.dll
0x00007ffdb3200000 - 0x00007ffdb3349000 	C:\WINDOWS\System32\ole32.dll
0x00000000537d0000 - 0x0000000053817000 	C:\Program Files\Java\jre1.8.0_111\bin\fontmanager.dll
0x00007ffda3840000 - 0x00007ffda38d5000 	C:\WINDOWS\system32\RICHED20.DLL
0x00007ffd9e620000 - 0x00007ffd9e639000 	C:\WINDOWS\SYSTEM32\USP10.dll
0x00007ffda3800000 - 0x00007ffda3838000 	C:\WINDOWS\SYSTEM32\msls31.dll
0x00007ffdb10b0000 - 0x00007ffdb114e000 	C:\WINDOWS\System32\clbcatq.dll
0x00007ffdaf6b0000 - 0x00007ffdaf6d5000 	C:\WINDOWS\system32\bcrypt.dll
0x00007ffda4f20000 - 0x00007ffda4fb8000 	C:\WINDOWS\System32\TextInputFramework.dll
0x00007ffdaa720000 - 0x00007ffdaaa0e000 	C:\WINDOWS\System32\CoreUIComponents.dll
0x00007ffdad0d0000 - 0x00007ffdad1ac000 	C:\WINDOWS\System32\CoreMessaging.dll
0x00007ffdaece0000 - 0x00007ffdaed11000 	C:\WINDOWS\SYSTEM32\ntmarta.dll
0x00007ffdac050000 - 0x00007ffdac186000 	C:\WINDOWS\SYSTEM32\wintypes.dll
0x00007ffdaf5a0000 - 0x00007ffdaf5b7000 	C:\WINDOWS\SYSTEM32\CRYPTSP.dll
0x00007ffdaefe0000 - 0x00007ffdaf013000 	C:\WINDOWS\system32\rsaenh.dll
0x00007ffdafab0000 - 0x00007ffdafad9000 	C:\WINDOWS\SYSTEM32\USERENV.dll
0x00007ffdaf5c0000 - 0x00007ffdaf5cb000 	C:\WINDOWS\SYSTEM32\CRYPTBASE.dll
0x0000000052a40000 - 0x0000000052a5a000 	C:\Program Files\Java\jre1.8.0_111\bin\net.dll
0x00007ffdaf3e0000 - 0x00007ffdaf446000 	C:\WINDOWS\system32\mswsock.dll
0x00007ffdaf1b0000 - 0x00007ffdaf266000 	C:\WINDOWS\SYSTEM32\DNSAPI.dll
0x00007ffdb3350000 - 0x00007ffdb3358000 	C:\WINDOWS\System32\NSI.dll
0x00007ffdaf170000 - 0x00007ffdaf1a9000 	C:\WINDOWS\SYSTEM32\IPHLPAPI.DLL
0x00007ffda4840000 - 0x00007ffda484a000 	C:\Windows\System32\rasadhlp.dll
0x00007ffda7050000 - 0x00007ffda70c0000 	C:\WINDOWS\System32\fwpuclnt.dll
0x00007ffdaa480000 - 0x00007ffdaa496000 	C:\WINDOWS\SYSTEM32\dhcpcsvc6.DLL
0x00007ffdaa4e0000 - 0x00007ffdaa4fa000 	C:\WINDOWS\SYSTEM32\dhcpcsvc.DLL
0x0000000052a20000 - 0x0000000052a31000 	C:\Program Files\Java\jre1.8.0_111\bin\nio.dll
0x0000000053790000 - 0x00000000537c1000 	C:\Program Files\Java\jre1.8.0_111\bin\jpeg.dll
0x00007ffda09b0000 - 0x00007ffda0b78000 	C:\WINDOWS\SYSTEM32\dbghelp.dll

VM Arguments:
jvm_args: -Dfile.encoding=Cp1252 
java_command: totalcross.Launcher /r 544353541A8E8B2A28D5B8E0 com.app.app
java_class_path (initial): C:\Program Files\Java\jre1.8.0_111\lib\resources.jar;C:\Program Files\Java\jre1.8.0_111\lib\rt.jar;C:\Program Files\Java\jre1.8.0_111\lib\jsse.jar;C:\Program Files\Java\jre1.8.0_111\lib\jce.jar;C:\Program Files\Java\jre1.8.0_111\lib\charsets.jar;C:\Program Files\Java\jre1.8.0_111\lib\jfr.jar;C:\Program Files\Java\jre1.8.0_111\lib\ext\access-bridge-64.jar;C:\Program Files\Java\jre1.8.0_111\lib\ext\cldrdata.jar;C:\Program Files\Java\jre1.8.0_111\lib\ext\dnsns.jar;C:\Program Files\Java\jre1.8.0_111\lib\ext\jaccess.jar;C:\Program Files\Java\jre1.8.0_111\lib\ext\jfxrt.jar;C:\Program Files\Java\jre1.8.0_111\lib\ext\localedata.jar;C:\Program Files\Java\jre1.8.0_111\lib\ext\nashorn.jar;C:\Program Files\Java\jre1.8.0_111\lib\ext\sunec.jar;C:\Program Files\Java\jre1.8.0_111\lib\ext\sunjce_provider.jar;C:\Program Files\Java\jre1.8.0_111\lib\ext\sunmscapi.jar;C:\Program Files\Java\jre1.8.0_111\lib\ext\sunpkcs11.jar;C:\Program Files\Java\jre1.8.0_111\lib\ext\zipfs.jar;C:\Users\marci\eclipse-workspace\app\target\classes;C:\Users\marci\.m2\repository\com\totalcross\utils\tc-utilities\0.0.1-SNAPSHOT\tc-utilities-0.0.1-SNAPSHOT.jar;C:\Users\marci\.m2\repository\com\totalcross\utils\magical-utils\0.0.1-SNAPSHOT\magical-utils-0.0.1-SNAPSHOT.jar;C:\Users\marci\.m2\repository\com\totalcross\totalcross-sdk\4.1.0\totalcross-sdk-4.1.0.jar;C:\Users\marci\.m2\repository\org\vafer\jdeb\0.7\jdeb-0.7.jar;C:\Users\marci\.m2\repository\org\apache\maven\maven-plugin-api\2.0.5\maven-plugin-api-2.0.5.jar;C:\Users\marci\.m2\repository\org\apache\maven\maven-project\2.0.5\maven-project-2.0.5.jar;C:\Users\marci\.m2\repository\org\apache\maven\maven-settings\2.0.5\maven-settings-2.0.5.jar;C:\Users\marci\.m2\repository\org\apache\maven\maven-profile\2.0.5\maven-profile-2.0.5.jar;C:\Users\marci\.m2\repository\org\apache\maven\maven-model\2.0.5\maven-model-2.0.5.jar;C:\Users\marci\.m2\repository\org\apache\maven\maven-artifact-manager\2.0.5\maven-artifact-manager-2.0.5.jar;C:\U
Launcher Type: SUN_STANDARD

Environment Variables:
JAVA_HOME=C:\Program Files\Java\jdk1.8.0_111
PATH=C:/Program Files/Java/jre1.8.0_111/bin/server;C:/Program Files/Java/jre1.8.0_111/bin;C:/Program Files/Java/jre1.8.0_111/lib/amd64;C:\ProgramData\Oracle\Java\javapath;C:\Program Files (x86)\Intel\TXE Components\TCS\;C:\Program Files\Intel\TXE Components\TCS\;C:\WINDOWS\system32;C:\WINDOWS;C:\WINDOWS\System32\Wbem;C:\WINDOWS\System32\WindowsPowerShell\v1.0\;C:\Program Files\Intel\TXE Components\DAL\;C:\Program Files (x86)\Intel\TXE Components\DAL\;C:\Program Files\Intel\TXE Components\IPT\;C:\Program Files (x86)\Intel\TXE Components\IPT\;C:\Program Files\Java\jdk1.8.0_111\bin;C:\TotalCross3\dist\vm\win32;C:\Users\marci\AppData\Local\Microsoft\WindowsApps;c:\TotalCross3\dist\vm\win32;C:\Program Files\Java\jdk1.8.0_111\bin;;C:\Users\marci\Desktop;
USERNAME=marci
OS=Windows_NT
PROCESSOR_IDENTIFIER=Intel64 Family 6 Model 76 Stepping 4, GenuineIntel



---------------  S Y S T E M  ---------------

OS: Windows 10.0 , 64 bit Build 16299 (10.0.16299.431)

CPU:total 2 (2 cores per cpu, 1 threads per core) family 6 model 76 stepping 4, cmov, cx8, fxsr, mmx, sse, sse2, sse3, ssse3, sse4.1, sse4.2, popcnt, aes, clmul, erms, 3dnowpref, tsc, tscinvbit

Memory: 4k page, physical 1946148k(330412k free), swap 3387940k(999600k free)

vm_info: Java HotSpot(TM) 64-Bit Server VM (25.111-b14) for windows-amd64 JRE (1.8.0_111-b14), built on Sep 22 2016 19:24:05 by "java_re" with MS VC++ 10.0 (VS2010)

time: Fri Jun 01 02:21:33 2018
elapsed time: 21 seconds (0d 0h 0m 21s)

